Log file open, 11/19/18 00:53:43
LogWindows: Failed to load 'aqProf.dll' (GetLastError=126)
LogWindows: File 'aqProf.dll' does not exist
LogWindows: Failed to load 'VSPerf140.dll' (GetLastError=126)
LogWindows: File 'VSPerf140.dll' does not exist
LogWindows: Failed to load 'VtuneApi.dll' (GetLastError=126)
LogWindows: File 'VtuneApi.dll' does not exist
LogWindows: Failed to load 'VtuneApi32e.dll' (GetLastError=126)
LogWindows: File 'VtuneApi32e.dll' does not exist
LogInit: Display: Running engine for game: TGP_Project
LogPlatformFile: Not using cached read wrapper
LogTaskGraph: Started task graph with 5 named threads and 14 total threads with 3 sets of task threads.
LogStats: Stats thread started at 0.180331
LogD3D11RHI: Loaded GFSDK_Aftermath_Lib.x64.dll
LogICUInternationalization: Display: ICU TimeZone Detection - Raw Offset: +0:00, Platform Override: ''
LogPluginManager: Mounting plugin Paper2D
LogPluginManager: Mounting plugin AISupport
LogPluginManager: Mounting plugin LightPropagationVolume
LogPluginManager: Mounting plugin CLionSourceCodeAccess
LogPluginManager: Mounting plugin CodeLiteSourceCodeAccess
LogPluginManager: Mounting plugin GitSourceControl
LogPluginManager: Mounting plugin KDevelopSourceCodeAccess
LogPluginManager: Mounting plugin NullSourceCodeAccess
LogPluginManager: Mounting plugin PerforceSourceControl
LogPluginManager: Mounting plugin SubversionSourceControl
LogPluginManager: Mounting plugin UObjectPlugin
LogPluginManager: Mounting plugin VisualStudioCodeSourceCodeAccess
LogPluginManager: Mounting plugin VisualStudioSourceCodeAccess
LogPluginManager: Mounting plugin XCodeSourceCodeAccess
LogPluginManager: Mounting plugin AssetManagerEditor
LogPluginManager: Mounting plugin CryptoKeys
LogPluginManager: Mounting plugin DataValidation
LogPluginManager: Mounting plugin FacialAnimation
LogPluginManager: Mounting plugin GameplayTagsEditor
LogPluginManager: Mounting plugin MacGraphicsSwitching
LogPluginManager: Mounting plugin MeshEditor
LogPluginManager: Mounting plugin MobileLauncherProfileWizard
LogPluginManager: Mounting plugin PluginBrowser
LogPluginManager: Mounting plugin SpeedTreeImporter
LogPluginManager: Mounting plugin DatasmithContent
LogPluginManager: Mounting plugin AlembicImporter
LogPluginManager: Mounting plugin AppleImageUtils
LogPluginManager: Mounting plugin AppleVision
LogPluginManager: Mounting plugin BackChannel
LogPluginManager: Mounting plugin CharacterAI
LogPluginManager: Mounting plugin GeometryCache
LogPluginManager: Mounting plugin HTML5Networking
LogPluginManager: Mounting plugin ProxyLODPlugin
LogPluginManager: Mounting plugin MagicLeap
LogPluginManager: Mounting plugin MagicLeapEmulator
LogPluginManager: Mounting plugin MagicLeapMedia
LogPluginManager: Mounting plugin AndroidMedia
LogPluginManager: Mounting plugin AvfMedia
LogPluginManager: Mounting plugin ImgMedia
LogPluginManager: Mounting plugin LinearTimecode
LogPluginManager: Mounting plugin MediaCompositing
LogPluginManager: Mounting plugin MediaPlayerEditor
LogPluginManager: Mounting plugin WmfMedia
LogPluginManager: Mounting plugin TcpMessaging
LogPluginManager: Mounting plugin UdpMessaging
LogPluginManager: Mounting plugin ActorSequence
LogPluginManager: Mounting plugin LevelSequenceEditor
LogPluginManager: Mounting plugin MatineeToLevelSequence
LogPluginManager: Mounting plugin NetcodeUnitTest
LogPluginManager: Mounting plugin NUTUnrealEngine4
LogPluginManager: Mounting plugin OnlineSubsystemGooglePlay
LogPluginManager: Mounting plugin OnlineSubsystemIOS
LogPluginManager: Mounting plugin OnlineSubsystem
LogPluginManager: Mounting plugin OnlineSubsystemNull
LogPluginManager: Mounting plugin OnlineSubsystemUtils
LogPluginManager: Mounting plugin LauncherChunkInstaller
LogPluginManager: Mounting plugin AndroidDeviceProfileSelector
LogPluginManager: Mounting plugin AndroidMoviePlayer
LogPluginManager: Mounting plugin AndroidPermission
LogPluginManager: Mounting plugin AppleMoviePlayer
LogPluginManager: Mounting plugin ArchVisCharacter
LogPluginManager: Mounting plugin AudioCapture
LogPluginManager: Mounting plugin CableComponent
LogPluginManager: Mounting plugin CustomMeshComponent
LogPluginManager: Mounting plugin EditableMesh
LogPluginManager: Mounting plugin ExampleDeviceProfileSelector
LogPluginManager: Mounting plugin GoogleCloudMessaging
LogPluginManager: Mounting plugin ImmediatePhysics
LogPluginManager: Mounting plugin IOSDeviceProfileSelector
LogPluginManager: Mounting plugin LinuxDeviceProfileSelector
LogPluginManager: Mounting plugin LocationServicesBPLibrary
LogPluginManager: Mounting plugin MobilePatchingUtils
LogPluginManager: Mounting plugin OculusVR
LogPluginManager: Plugin shader directory ../../../Engine/Plugins/Runtime/Oculus/OculusVR/Shaders found
LogPluginManager: Mapping shader source directory ../../../Engine/Plugins/Runtime/Oculus/OculusVR/Shaders to virtual directory /Plugin/OculusVR
LogPluginManager: Mounting plugin PhysXVehicles
LogPluginManager: Mounting plugin ProceduralMeshComponent
LogPluginManager: Mounting plugin RuntimePhysXCooking
LogPluginManager: Mounting plugin SteamVR
LogPluginManager: Mounting plugin WindowsMoviePlayer
LogStreaming: Display: Took  0.097s to configure plugins.
LogInit: Using libcurl 7.55.1-DEV
LogInit:  - built for x86_64-pc-win32
LogInit:  - supports SSL with OpenSSL/1.0.2h
LogInit:  - supports HTTP deflate (compression) using libz 1.2.8
LogInit:  - other features:
LogInit:      CURL_VERSION_SSL
LogInit:      CURL_VERSION_LIBZ
LogInit:      CURL_VERSION_IPV6
LogInit:      CURL_VERSION_ASYNCHDNS
LogInit:      CURL_VERSION_LARGEFILE
LogInit:      CURL_VERSION_IDN
LogInit:  CurlRequestOptions (configurable via config and command line):
LogInit:  - bVerifyPeer = false  - Libcurl will NOT verify peer certificate
LogInit:  - bUseHttpProxy = false  - Libcurl will NOT use HTTP proxy
LogInit:  - bDontReuseConnections = false  - Libcurl will reuse connections
LogInit:  - CertBundlePath = nullptr  - Libcurl will use whatever was configured at build time.
LogInit:  - MaxHostConnections = 16  - Libcurl will limit the number of connections to a host
LogInit:  - LocalHostAddr = Default
LogInit:  - BufferSize = 65536
LogInit: WinSock: version 1.1 (2.2), MaxSocks=32767, MaxUdp=65467
LogInit: Build: ++UE4+Release-4.20-CL-4369336
LogInit: Engine Version: 4.20.3-4369336+++UE4+Release-4.20
LogInit: Compatible Engine Version: 4.20.0-4212847+++UE4+Release-4.20
LogInit: Net CL: 4212847
LogInit: OS: Windows 10 (), CPU: Intel(R) Core(TM) i5-4590 CPU @ 3.30GHz, GPU: NVIDIA GeForce GTX 1060 6GB
LogInit: Compiled (64-bit): Sep 17 2018 12:26:19
LogInit: Compiled with Visual C++: 19.13.26129.00
LogInit: Build Configuration: Development
LogInit: Branch Name: ++UE4+Release-4.20
LogInit: Command Line:  
LogInit: Base Directory: C:/Program Files/Epic Games/UE_4.20/Engine/Binaries/Win64/
LogInit: Installed Engine Build: 1
LogDevObjectVersion: Number of dev versions registered: 20
LogDevObjectVersion:   Dev-Blueprints (B0D832E4-1F89-4F0D-ACCF-7EB736FD4AA2): 10
LogDevObjectVersion:   Dev-Build (E1C64328-A22C-4D53-A36C-8E866417BD8C): 0
LogDevObjectVersion:   Dev-Core (375EC13C-06E4-48FB-B500-84F0262A717E): 2
LogDevObjectVersion:   Dev-Editor (E4B068ED-F494-42E9-A231-DA0B2E46BB41): 24
LogDevObjectVersion:   Dev-Framework (CFFC743F-43B0-4480-9391-14DF171D2073): 34
LogDevObjectVersion:   Dev-Mobile (B02B49B5-BB20-44E9-A304-32B752E40360): 2
LogDevObjectVersion:   Dev-Networking (A4E4105C-59A1-49B5-A7C5-40C4547EDFEE): 0
LogDevObjectVersion:   Dev-Online (39C831C9-5AE6-47DC-9A44-9C173E1C8E7C): 0
LogDevObjectVersion:   Dev-Physics (78F01B33-EBEA-4F98-B9B4-84EACCB95AA2): 0
LogDevObjectVersion:   Dev-Platform (6631380F-2D4D-43E0-8009-CF276956A95A): 0
LogDevObjectVersion:   Dev-Rendering (12F88B9F-8875-4AFC-A67C-D90C383ABD29): 26
LogDevObjectVersion:   Dev-Sequencer (7B5AE74C-D270-4C10-A958-57980B212A5A): 9
LogDevObjectVersion:   Dev-VR (D7296918-1DD6-4BDD-9DE2-64A83CC13884): 2
LogDevObjectVersion:   Dev-LoadTimes (C2A15278-BFE7-4AFE-6C17-90FF531DF755): 1
LogDevObjectVersion:   Private-Geometry (6EACA3D4-40EC-4CC1-B786-8BED09428FC5): 3
LogDevObjectVersion:   Dev-AnimPhys (29E575DD-E0A3-4627-9D10-D276232CDCEA): 17
LogDevObjectVersion:   Dev-ReflectionCapture (6B266CEC-1EC7-4B8F-A30B-E4D90942FC07): 1
LogDevObjectVersion:   Dev-Automation (0DF73D61-A23F-47EA-B727-89E90C41499A): 1
LogDevObjectVersion:   FortniteMain (601D1886-AC64-4F84-AA16-D3DE0DEAC7D6): 12
LogDevObjectVersion:   Dev-Enterprise (9DFFBCD6-494F-0158-E221-12823C92A888): 1
LogStreaming: Display: Took  0.000s to delete old logs.
LogInit: Presizing for max 8388607 objects, including 0 objects not considered by GC, pre-allocating 0 bytes for permanent pool.
LogInit: Object subsystem initialized
[2018.11.19-00.53.43:408][  0]LogInit: Selected Device Profile: [Windows]
[2018.11.19-00.53.43:408][  0]LogInit: Applying CVar settings loaded from the selected device profile: [Windows]
[2018.11.19-00.53.43:434][  0]LogHAL: Display: Platform has ~ 16 GB [17009229824 / 17179869184 / 16], which maps to Larger [LargestMinGB=32, LargerMinGB=12, DefaultMinGB=8, SmallerMinGB=6, SmallestMinGB=0)
[2018.11.19-00.53.43:434][  0]LogInit: Setting Device Profile CVar: [[r.Vulkan.UseRealUBs:1]]
[2018.11.19-00.53.43:434][  0]LogInit: Going up to parent DeviceProfile []
[2018.11.19-00.53.43:435][  0]LogInit: Computer: GROUNDZERO
[2018.11.19-00.53.43:435][  0]LogInit: User: TDSSK
[2018.11.19-00.53.43:435][  0]LogInit: CPU Page size=4096, Cores=4
[2018.11.19-00.53.43:435][  0]LogInit: High frequency timer resolution =3.222660 MHz
[2018.11.19-00.53.43:436][  0]LogMemory: Memory total: Physical=15.8GB (16GB approx)
[2018.11.19-00.53.43:436][  0]LogMemory: Platform Memory Stats for Windows
[2018.11.19-00.53.43:436][  0]LogMemory: Process Physical Memory: 100.56 MB used, 100.56 MB peak
[2018.11.19-00.53.43:436][  0]LogMemory: Process Virtual Memory: 84.52 MB used, 84.52 MB peak
[2018.11.19-00.53.43:436][  0]LogMemory: Physical Memory: 7607.76 MB used,  8613.51 MB free, 16221.27 MB total
[2018.11.19-00.53.43:436][  0]LogMemory: Virtual Memory: 524.16 MB used,  8613.51 MB free, 134217728.00 MB total
[2018.11.19-00.53.43:481][  0]LogInit: Using OS detected language (en-GB).
[2018.11.19-00.53.43:481][  0]LogInit: Using OS detected locale (en-GB).
[2018.11.19-00.53.43:483][  0]LogTextLocalizationManager: No specific localization for 'en-GB' exists, so the 'en' localization will be used.
[2018.11.19-00.53.43:884][  0]LogStreaming: Display: Took  0.403s to InitEngineTextLocalization.
[2018.11.19-00.53.43:884][  0]LogInit: Setting process to per monitor DPI aware
[2018.11.19-00.53.43:909][  0]LogSlate: New Slate User Created.  User Index 0, Is Virtual User: 0
[2018.11.19-00.53.43:909][  0]LogSlate: Slate User Registered.  User Index 0, Is Virtual User: 0
[2018.11.19-00.53.44:133][  0]LogHMD: Failed to initialize OpenVR with code 110
[2018.11.19-00.53.44:133][  0]LogD3D11RHI: D3D11 adapters:
[2018.11.19-00.53.44:194][  0]LogD3D11RHI:    0. 'NVIDIA GeForce GTX 1060 6GB' (Feature Level 11_0)
[2018.11.19-00.53.44:194][  0]LogD3D11RHI:       6052/0/8110 MB DedicatedVideo/DedicatedSystem/SharedSystem, Outputs:1, VendorId:0x10de
[2018.11.19-00.53.44:200][  0]LogD3D11RHI:    1. 'Intel(R) HD Graphics 4600' (Feature Level 11_0)
[2018.11.19-00.53.44:200][  0]LogD3D11RHI:       112/0/2048 MB DedicatedVideo/DedicatedSystem/SharedSystem, Outputs:0, VendorId:0x8086
[2018.11.19-00.53.44:202][  0]LogD3D11RHI:    2. 'Microsoft Basic Render Driver' (Feature Level 11_0)
[2018.11.19-00.53.44:202][  0]LogD3D11RHI:       0/0/8110 MB DedicatedVideo/DedicatedSystem/SharedSystem, Outputs:0, VendorId:0x1414
[2018.11.19-00.53.44:202][  0]LogD3D11RHI: Chosen D3D11 Adapter: 0
[2018.11.19-00.53.44:208][  0]LogD3D11RHI: Creating new Direct3DDevice
[2018.11.19-00.53.44:208][  0]LogD3D11RHI:     GPU DeviceId: 0x1c03 (for the marketing name, search the web for "GPU Device Id")
[2018.11.19-00.53.44:208][  0]LogWindows: EnumDisplayDevices:
[2018.11.19-00.53.44:208][  0]LogWindows:    0. 'NVIDIA GeForce GTX 1060 6GB' (P:1 D:1)
[2018.11.19-00.53.44:208][  0]LogWindows:    1. 'NVIDIA GeForce GTX 1060 6GB' (P:0 D:0)
[2018.11.19-00.53.44:208][  0]LogWindows:    2. 'NVIDIA GeForce GTX 1060 6GB' (P:0 D:0)
[2018.11.19-00.53.44:209][  0]LogWindows:    3. 'NVIDIA GeForce GTX 1060 6GB' (P:0 D:0)
[2018.11.19-00.53.44:209][  0]LogWindows:    4. 'Intel(R) HD Graphics 4600' (P:0 D:0)
[2018.11.19-00.53.44:209][  0]LogWindows:    5. 'Intel(R) HD Graphics 4600' (P:0 D:0)
[2018.11.19-00.53.44:209][  0]LogWindows:    6. 'Intel(R) HD Graphics 4600' (P:0 D:0)
[2018.11.19-00.53.44:209][  0]LogWindows: DebugString: PrimaryIsNotTheChoosenAdapter PrimaryIsNotTheChoosenAdapter PrimaryIsNotTheChoosenAdapter FoundDriverCount:4 
[2018.11.19-00.53.44:209][  0]LogD3D11RHI:     Adapter Name: NVIDIA GeForce GTX 1060 6GB
[2018.11.19-00.53.44:210][  0]LogD3D11RHI:   Driver Version: 397.64 (internal:24.21.13.9764, unified:397.64)
[2018.11.19-00.53.44:210][  0]LogD3D11RHI:      Driver Date: 5-7-2018
[2018.11.19-00.53.44:210][  0]LogRHI: Texture pool is 4236 MB (70% of 6052 MB)
[2018.11.19-00.53.44:249][  0]LogD3D11RHI: Async texture creation enabled
[2018.11.19-00.53.44:298][  0]LogD3D11RHI: GPU Timing Frequency: 1000.000000 (Debug: 2 2)
[2018.11.19-00.53.44:300][  0]LogShaderCompilers: Guid format shader working directory is -2 characters bigger than the processId version (D:/Documents/GitHub/TGP_PairProject/TGP_Project/Intermediate/Shaders/WorkingDirectory/10104/).
[2018.11.19-00.53.44:300][  0]LogShaderCompilers: Cleaned the shader compiler working directory 'C:/Users/TDSSK/AppData/Local/Temp/UnrealShaderWorkingDir/E1BE656B4E7814CD73AC078FE0E336D2/'.
[2018.11.19-00.53.44:566][  0]LogTemp: Display: Loaded TP AllDesktopTargetPlatform
[2018.11.19-00.53.44:579][  0]LogTemp: Display: Loaded TP MacClientTargetPlatform
[2018.11.19-00.53.44:592][  0]LogTemp: Display: Loaded TP MacNoEditorTargetPlatform
[2018.11.19-00.53.44:606][  0]LogTemp: Display: Loaded TP MacServerTargetPlatform
[2018.11.19-00.53.44:620][  0]LogTemp: Display: Loaded TP MacTargetPlatform
[2018.11.19-00.53.44:633][  0]LogTemp: Display: Loaded TP WindowsClientTargetPlatform
[2018.11.19-00.53.44:647][  0]LogTemp: Display: Loaded TP WindowsNoEditorTargetPlatform
[2018.11.19-00.53.44:661][  0]LogTemp: Display: Loaded TP WindowsServerTargetPlatform
[2018.11.19-00.53.44:667][  0]LogTemp: Display: Loaded TP WindowsTargetPlatform
[2018.11.19-00.53.44:744][  0]LogTemp: Display: Loaded TP AndroidTargetPlatform
[2018.11.19-00.53.44:744][  0]LogTemp: Display: Loaded TP AndroidTargetPlatform
[2018.11.19-00.53.44:744][  0]LogTemp: Display: Loaded TP AndroidTargetPlatform
[2018.11.19-00.53.44:744][  0]LogTemp: Display: Loaded TP AndroidTargetPlatform
[2018.11.19-00.53.44:744][  0]LogTemp: Display: Loaded TP AndroidTargetPlatform
[2018.11.19-00.53.44:744][  0]LogTemp: Display: Loaded TP AndroidTargetPlatform
[2018.11.19-00.53.44:744][  0]LogTemp: Display: Loaded TP AndroidTargetPlatform
[2018.11.19-00.53.44:744][  0]LogTemp: Display: Loaded TP AndroidTargetPlatform
[2018.11.19-00.53.44:744][  0]LogTemp: Display: Loaded TP AndroidTargetPlatform
[2018.11.19-00.53.44:744][  0]LogTemp: Display: Loaded TP AndroidTargetPlatform
[2018.11.19-00.53.44:744][  0]LogTemp: Display: Loaded TP AndroidTargetPlatform
[2018.11.19-00.53.44:744][  0]LogTemp: Display: Loaded TP AndroidTargetPlatform
[2018.11.19-00.53.44:744][  0]LogTemp: Display: Loaded TP AndroidTargetPlatform
[2018.11.19-00.53.44:744][  0]LogTemp: Display: Loaded TP AndroidTargetPlatform
[2018.11.19-00.53.44:744][  0]LogTemp: Display: Loaded TP AndroidTargetPlatform
[2018.11.19-00.53.44:744][  0]LogTemp: Display: Loaded TP AndroidTargetPlatform
[2018.11.19-00.53.44:744][  0]LogTemp: Display: Loaded TP AndroidTargetPlatform
[2018.11.19-00.53.44:744][  0]LogTemp: Display: Loaded TP AndroidTargetPlatform
[2018.11.19-00.53.44:745][  0]LogTemp: Display: Loaded TP HTML5TargetPlatform
[2018.11.19-00.53.44:804][  0]LogTemp: Display: Loaded TP IOSTargetPlatform
[2018.11.19-00.53.44:804][  0]LogTemp: Display: Loaded TP IOSTargetPlatform
[2018.11.19-00.53.44:827][  0]LogTemp: Display: Loaded TP TVOSTargetPlatform
[2018.11.19-00.53.44:827][  0]LogTemp: Display: Loaded TP TVOSTargetPlatform
[2018.11.19-00.53.44:839][  0]LogTemp: Display: Loaded TP LinuxClientTargetPlatform
[2018.11.19-00.53.44:852][  0]LogTemp: Display: Loaded TP LinuxNoEditorTargetPlatform
[2018.11.19-00.53.44:864][  0]LogTemp: Display: Loaded TP LinuxServerTargetPlatform
[2018.11.19-00.53.44:877][  0]LogTemp: Display: Loaded TP LinuxTargetPlatform
[2018.11.19-00.53.44:886][  0]LogTemp: Display: Loaded TP LuminTargetPlatform
[2018.11.19-00.53.44:886][  0]LogTargetPlatformManager: Display: Building Assets For Windows
[2018.11.19-00.53.44:943][  0]LogXGEController: Cleaning working directory: C:/Users/TDSSK/AppData/Local/Temp/UnrealXGEWorkingDir/
[2018.11.19-00.53.44:943][  0]LogXGEController: Cannot use XGE Controller as Incredibuild is not installed on this machine.
[2018.11.19-00.53.44:943][  0]LogShaderCompilers: Cannot use XGE Shader Compiler as Incredibuild is not installed on this machine.
[2018.11.19-00.53.44:943][  0]LogShaderCompilers: Display: Using Local Shader Compiler.
[2018.11.19-00.53.45:763][  0]LogDerivedDataCache: Display: Max Cache Size: 512 MB
[2018.11.19-00.53.46:069][  0]LogDerivedDataCache: Loaded boot cache 0.31s 71MB C:/Users/TDSSK/AppData/Local/UnrealEngine/4.20/DerivedDataCache/Boot.ddc.
[2018.11.19-00.53.46:069][  0]LogDerivedDataCache: Display: Loaded Boot cache: C:/Users/TDSSK/AppData/Local/UnrealEngine/4.20/DerivedDataCache/Boot.ddc
[2018.11.19-00.53.46:069][  0]LogDerivedDataCache: FDerivedDataBackendGraph:  Pak pak cache file D:/Documents/GitHub/TGP_PairProject/TGP_Project/DerivedDataCache/DDC.ddp not found, will not use a pak cache.
[2018.11.19-00.53.46:069][  0]LogDerivedDataCache: Unable to find inner node Pak for hierarchical cache Hierarchy.
[2018.11.19-00.53.46:069][  0]LogDerivedDataCache: FDerivedDataBackendGraph:  CompressedPak pak cache file D:/Documents/GitHub/TGP_PairProject/TGP_Project/DerivedDataCache/Compressed.ddp not found, will not use a pak cache.
[2018.11.19-00.53.46:069][  0]LogDerivedDataCache: Unable to find inner node CompressedPak for hierarchical cache Hierarchy.
[2018.11.19-00.53.46:083][  0]LogDerivedDataCache: Display: Pak cache opened for reading ../../../Engine/DerivedDataCache/Compressed.ddp.
[2018.11.19-00.53.46:095][  0]LogDerivedDataCache: Using Local data cache path C:/Users/TDSSK/AppData/Local/UnrealEngine/Common/DerivedDataCache: Writable
[2018.11.19-00.53.46:095][  0]LogDerivedDataCache: Shared data cache path not found in *engine.ini, will not use an Shared cache.
[2018.11.19-00.53.46:095][  0]LogDerivedDataCache: Unable to find inner node Shared for hierarchical cache Hierarchy.
[2018.11.19-00.53.46:113][  0]LogMaterial: Verifying Global Shaders for PCD3D_SM5
[2018.11.19-00.53.46:114][  0]LogSlate: Using FreeType 2.6.0
[2018.11.19-00.53.46:128][  0]LogSlate: SlateFontServices - WITH_FREETYPE: 1, WITH_HARFBUZZ: 1
[2018.11.19-00.53.47:246][  0]LogAssetRegistry: FAssetRegistry took 0.0314 seconds to start up
[2018.11.19-00.53.47:550][  0]LogInit: Selected Device Profile: [Windows]
[2018.11.19-00.53.47:676][  0]LogSimplygon: Simplygon DLL not present - disabling.
[2018.11.19-00.53.47:680][  0]LogMeshReduction: Using SimplygonSwarm for distributed automatic mesh merging
[2018.11.19-00.53.47:680][  0]LogMeshReduction: Using ProxyLODMeshReduction for automatic mesh merging
[2018.11.19-00.53.47:680][  0]LogMeshReduction: Using QuadricMeshReduction for automatic static mesh reduction
[2018.11.19-00.53.47:680][  0]LogMeshReduction: No automatic skeletal mesh reduction module available
[2018.11.19-00.53.47:694][  0]LogNetVersion: TGP_Project 1.0.0, NetCL: 4212847, EngineNetVer: 5, GameNetVer: 0 (Checksum: 95638710)
[2018.11.19-00.53.48:183][  0]LogPackageLocalizationCache: Processed 11 localized package path(s) for 2 prioritized culture(s) in 0.079418 seconds
[2018.11.19-00.53.48:189][  0]LogUObjectArray: 38425 objects as part of root set at end of initial load.
[2018.11.19-00.53.48:189][  0]LogUObjectAllocator: 6690872 out of 0 bytes used by permanent object pool.
[2018.11.19-00.53.48:189][  0]LogUObjectArray: CloseDisregardForGC: 0/0 objects in disregard for GC pool
[2018.11.19-00.54.05:425][  0]LogTcpMessaging: Initializing TcpMessaging bridge
[2018.11.19-00.54.05:439][  0]LogUdpMessaging: Initializing bridge on interface 0.0.0.0:0 to multicast group 230.0.0.1:6666.
[2018.11.19-00.54.05:947][  0]SourceControl: Source control is disabled
[2018.11.19-00.54.05:947][  0]SourceControl: Source control is disabled
[2018.11.19-00.54.05:950][  0]SourceControl: Source control is disabled
[2018.11.19-00.54.05:952][  0]SourceControl: Source control is disabled
[2018.11.19-00.54.06:305][  0]LogAndroidPermission: UAndroidPermissionCallbackProxy::GetInstance
[2018.11.19-00.54.06:407][  0]LogOcInput: OculusInput pre-init called
[2018.11.19-00.54.06:490][  0]LogEngine: Initializing Engine...
[2018.11.19-00.54.06:491][  0]LogHMD: Failed to initialize OpenVR with code 110
[2018.11.19-00.54.06:492][  0]LogStats: UGameplayTagsManager::ConstructGameplayTagTree: ImportINI prefixes -  0.000 s
[2018.11.19-00.54.06:492][  0]LogStats: UGameplayTagsManager::ConstructGameplayTagTree: Construct from data asset -  0.000 s
[2018.11.19-00.54.06:492][  0]LogStats: UGameplayTagsManager::ConstructGameplayTagTree: ImportINI -  0.000 s
[2018.11.19-00.54.06:492][  0]LogStats: UGameplayTagsManager::ConstructGameplayTagTree: GameplayTagTreeChangedEvent.Broadcast -  0.000 s
[2018.11.19-00.54.06:681][  0]LogInit: Initializing FReadOnlyCVARCache
[2018.11.19-00.54.06:692][  0]LogAIModule: Creating AISystem for world Untitled
[2018.11.19-00.54.06:748][  0]LogInit: XAudio2 using 'Headphones (4- SteelSeries Arctis 7 Game)' : 2 channels at 48 kHz using 16 bits per sample (channel mask 0x3)
[2018.11.19-00.54.06:771][  0]LogInit: FAudioDevice initialized.
[2018.11.19-00.54.06:772][  0]LogNetVersion: Set ProjectVersion to 1.0.0.0. Version Checksum will be recalculated on next use.
[2018.11.19-00.54.06:960][  0]LogDerivedDataCache: Saved boot cache 0.19s 71MB C:/Users/TDSSK/AppData/Local/UnrealEngine/4.20/DerivedDataCache/Boot.ddc.
[2018.11.19-00.54.06:977][  0]LogInit: Texture streaming: Enabled
[2018.11.19-00.54.07:016][  0]LogEngineSessionManager: EngineSessionManager initialized
[2018.11.19-00.54.07:040][  0]LogInit: Transaction tracking system initialized
[2018.11.19-00.54.07:084][  0]BlueprintLog: New page: Editor Load
[2018.11.19-00.54.07:228][  0]LocalizationService: Localization service is disabled
[2018.11.19-00.54.07:627][  0]LogCook: Display: Max memory allowance for cook 16384mb min free memory 0mb
[2018.11.19-00.54.07:627][  0]LogCook: Display: Mobile HDR setting 1
[2018.11.19-00.54.07:627][  0]LogGameplayTags: Display: UGameplayTagsManager::DoneAddingNativeTags. DelegateIsBound: 0
[2018.11.19-00.54.07:627][  0]LogFileCache: Scanning file cache for directory 'D:/Documents/GitHub/TGP_PairProject/TGP_Project/Content/' took 0.01s
[2018.11.19-00.54.07:627][  0]LogStats: UGameplayTagsManager::ConstructGameplayTagTree: ImportINI prefixes -  0.000 s
[2018.11.19-00.54.07:627][  0]LogStats: UGameplayTagsManager::ConstructGameplayTagTree: Construct from data asset -  0.000 s
[2018.11.19-00.54.07:627][  0]LogStats: UGameplayTagsManager::ConstructGameplayTagTree: ImportINI -  0.000 s
[2018.11.19-00.54.07:627][  0]LogStats: UGameplayTagsManager::ConstructGameplayTagTree: GameplayTagTreeChangedEvent.Broadcast -  0.000 s
[2018.11.19-00.54.07:729][  0]SourceControl: Source control is disabled
[2018.11.19-00.54.07:729][  0]Cmd: MAP LOAD FILE="../../../Engine/Content/Maps/Templates/Template_Default.umap" TEMPLATE=1 SHOWPROGRESS=1 FEATURELEVEL=3
[2018.11.19-00.54.07:729][  0]LightingResults: New page: Lighting Build
[2018.11.19-00.54.07:731][  0]MapCheck: New page: Map Check
[2018.11.19-00.54.07:731][  0]LightingResults: New page: Lighting Build
[2018.11.19-00.54.07:916][  0]LogAIModule: Creating AISystem for world Untitled_1
[2018.11.19-00.54.07:924][  0]LogEditorServer: Finished looking for orphan Actors (0.000 secs)
[2018.11.19-00.54.07:945][  0]Cmd: MAP CHECKDEP NOCLEARLOG
[2018.11.19-00.54.08:012][  0]MapCheck: Map check complete: 0 Error(s), 0 Warning(s), took 66.581ms to complete.
[2018.11.19-00.54.08:012][  0]LogFileHelpers: Loading map 'Template_Default' took 0.283
[2018.11.19-00.54.08:216][  0]LogSlate: Updating window title bar state: overlay mode, drag disabled, window buttons hidden, title bar hidden
[2018.11.19-00.54.08:233][  0]LogSlate: Updating window title bar state: overlay mode, drag disabled, window buttons hidden, title bar hidden
[2018.11.19-00.54.08:250][  0]LogSlate: Updating window title bar state: overlay mode, drag disabled, window buttons hidden, title bar hidden
[2018.11.19-00.54.08:266][  0]LogSlate: Updating window title bar state: overlay mode, drag disabled, window buttons hidden, title bar hidden
[2018.11.19-00.54.08:279][  0]LogCollectionManager: Loaded 0 collections in 0.003016 seconds
[2018.11.19-00.54.08:335][  0]LogFileCache: Scanning file cache for directory 'D:/Documents/GitHub/TGP_PairProject/TGP_Project/Saved/Collections/' took 0.01s
[2018.11.19-00.54.08:335][  0]LogFileCache: Scanning file cache for directory 'D:/Documents/GitHub/TGP_PairProject/TGP_Project/Content/Developers/TDSSK/Collections/' took 0.01s
[2018.11.19-00.54.08:335][  0]LogFileCache: Scanning file cache for directory 'D:/Documents/GitHub/TGP_PairProject/TGP_Project/Content/Collections/' took 0.01s
[2018.11.19-00.54.08:335][  0]LogCollectionManager: Rebuilt the GUID cache for 0 collections in 0.000001 seconds
[2018.11.19-00.54.08:375][  0]LogContentBrowser: Native class hierarchy populated in 0.0390 seconds. Added 2575 classes and 606 folders.
[2018.11.19-00.54.08:387][  0]LogContentBrowser: Native class hierarchy updated for 'WidgetCarousel' in 0.0006 seconds. Added 0 classes and 0 folders.
[2018.11.19-00.54.09:054][  0]LogContentBrowser: Native class hierarchy updated for 'AddContentDialog' in 0.0012 seconds. Added 0 classes and 0 folders.
[2018.11.19-00.54.09:067][  0]LogContentBrowser: Native class hierarchy updated for 'SceneOutliner' in 0.0008 seconds. Added 1 classes and 2 folders.
[2018.11.19-00.54.09:111][  0]LogSlate: Took 0.013030 seconds to synchronously load lazily loaded font '../../../Engine/Content/Slate/Fonts/Roboto-Regular.ttf' (155K)
[2018.11.19-00.54.09:122][  0]LogSlate: Took 0.009007 seconds to synchronously load lazily loaded font '../../../Engine/Content/Slate/Fonts/Roboto-Bold.ttf' (160K)
[2018.11.19-00.54.09:156][  0]LogSlate: Took 0.028339 seconds to synchronously load lazily loaded font '../../../Engine/Content/Editor/Slate/Fonts/FontAwesome.ttf' (139K)
[2018.11.19-00.54.09:325][  0]LogRenderer: Reallocating scene render targets to support 1208x580 Format 10 NumSamples 1 (Frame:1).
[2018.11.19-00.54.09:465][  0]LogContentBrowser: Native class hierarchy updated for 'HierarchicalLODOutliner' in 0.0003 seconds. Added 0 classes and 0 folders.
[2018.11.19-00.54.09:465][  0]LogLoad: (Engine Initialization) Total time: 27.52 seconds
[2018.11.19-00.54.09:466][  0]LogLoad: (Engine Initialization) Total Blueprint compile time: 0.00 seconds
[2018.11.19-00.54.09:500][  0]LogContentStreaming: Texture pool size now 1000 MB
[2018.11.19-00.54.09:534][  0]LogSlate: Took 0.000255 seconds to synchronously load lazily loaded font '../../../Engine/Content/Slate/Fonts/Roboto-Light.ttf' (167K)
[2018.11.19-00.54.09:555][  1]LogAssetRegistry: Asset discovery search completed in 22.3304 seconds
[2018.11.19-00.54.09:556][  1]LogCollectionManager: Rebuilt the object cache for 0 collections in 0.000000 seconds (found 0 objects)
[2018.11.19-00.54.09:556][  1]LogCollectionManager: Fixed up redirectors for 0 collections in 0.000035 seconds (updated 0 objects)
[2018.11.19-00.54.10:614][  5]LogSlate: FSceneViewport::OnFocusLost() reason 0
[2018.11.19-00.54.10:665][  5]LogSlate: Took 0.043915 seconds to synchronously load lazily loaded font '../../../Engine/Content/Slate/Fonts/Roboto-Light.ttf' (167K)
[2018.11.19-00.54.26:203][825]Cmd: DELETE
[2018.11.19-00.54.26:203][825]Cmd: ACTOR DELETE
[2018.11.19-00.54.26:244][825]LogEditorActor: Deleted Actor: PlayerCharacter_C
[2018.11.19-00.54.26:314][825]LogEditorActor: Deleted 1 Actors (0.071 secs)
[2018.11.19-00.54.27:831][  7]LogSlate: FSceneViewport::OnFocusLost() reason 0
[2018.11.19-00.54.27:875][  8]Candidate modules for hot reload:
[2018.11.19-00.54.27:875][  8]  TGP_Project
[2018.11.19-00.54.27:875][  8]Launching UnrealBuildTool... [C:/Program Files/Epic Games/UE_4.20/Engine/Binaries/DotNET/UnrealBuildTool.exe  -ModuleWithSuffix=TGP_Project,6936 Win64 Development -TargetType=Editor -Project="D:/Documents/GitHub/TGP_PairProject/TGP_Project/TGP_Project.uproject" -canskiplink "D:/Documents/GitHub/TGP_PairProject/TGP_Project/TGP_Project.uproject" ]
[2018.11.19-00.54.27:891][  8]Warning: Starting HotReload took  0.1s.
[2018.11.19-00.54.48:104][145]CompilerResultsLog: New page: Compilation - 19 Nov 2018 00:54:48
[2018.11.19-00.54.48:104][145]CompilerResultsLog: Using 'git status' to determine working set for adaptive non-unity build.
[2018.11.19-00.54.48:104][145]CompilerResultsLog: Creating makefile for hot reloading TGP_ProjectEditor (changes to module files)
[2018.11.19-00.54.48:104][145]CompilerResultsLog: Compiling game modules for hot reload
[2018.11.19-00.54.48:104][145]CompilerResultsLog: Using Visual Studio 2017 14.14.26428 toolchain (C:\Program Files (x86)\Microsoft Visual Studio\2017\Community\VC\Tools\MSVC\14.14.26428) and Windows 10.0.17134.0 SDK (C:\Program Files (x86)\Windows Kits\10).
[2018.11.19-00.54.48:104][145]CompilerResultsLog: Parsing headers for TGP_ProjectEditor
[2018.11.19-00.54.48:105][145]CompilerResultsLog:   Running UnrealHeaderTool "D:\Documents\GitHub\TGP_PairProject\TGP_Project\TGP_Project.uproject" "D:\Documents\GitHub\TGP_PairProject\TGP_Project\Intermediate\Build\Win64\TGP_ProjectEditor\Development\TGP_ProjectEditor.uhtmanifest" -LogCmds="loginit warning, logexit warning, logdatabase error" -Unattended -WarningsAsErrors -installed
[2018.11.19-00.54.48:105][145]CompilerResultsLog: Reflection code generated for TGP_ProjectEditor in 10.764506 seconds
[2018.11.19-00.54.48:105][145]CompilerResultsLog: Building 6 actions with 4 processes...
[2018.11.19-00.54.48:105][145]CompilerResultsLog:   [1/6] BasePlayer.cpp
[2018.11.19-00.54.48:105][145]CompilerResultsLog:    D:\Documents\GitHub\TGP_PairProject\TGP_Project\Source\TGP_Project\Private\BasePlayer.cpp(14) : error C2664: 'void USceneComponent::SetupAttachment(USceneComponent *,FName)': cannot convert argument 1 from 'UPaperFlipbookComponent *' to 'USceneComponent *'
[2018.11.19-00.54.48:105][145]CompilerResultsLog:   D:\Documents\GitHub\TGP_PairProject\TGP_Project\Source\TGP_Project\Private\BasePlayer.cpp(14): note: Types pointed to are unrelated; conversion requires reinterpret_cast, C-style cast or function-style cast
[2018.11.19-00.54.48:105][145]CompilerResultsLog:   [2/6] BasePlayer.gen.cpp
[2018.11.19-00.54.48:105][145]CompilerResultsLog:   [3/6] BaseCharacter.gen.cpp
[2018.11.19-00.54.48:105][145]CompilerResultsLog:   [4/6] BaseCharacter.cpp
[2018.11.19-00.54.48:105][145]CompilerResultsLog: ERROR: UBT ERROR: Failed to produce item: D:\Documents\GitHub\TGP_PairProject\TGP_Project\Binaries\Win64\UE4Editor-TGP_Project-6936.dll
[2018.11.19-00.54.48:105][145]CompilerResultsLog:        (see ../Programs/UnrealBuildTool/Log.txt for full exception trace)
[2018.11.19-00.54.48:105][145]CompilerResultsLog: Total build time: 19.93 seconds (Parallel executor: 0.00 seconds)
[2018.11.19-00.54.48:105][145]LogMainFrame: MainFrame: Module compiling took 20.233 seconds
[2018.11.19-00.54.48:105][145]Warning: HotReload failed, recompile failed
[2018.11.19-00.54.49:645][325]LogSlate: FSceneViewport::OnFocusLost() reason 0
[2018.11.19-00.55.01:117][676]LogVSAccessor: Warning: Couldn't goto line number '14' in 'D:\Documents\GitHub\TGP_PairProject\TGP_Project\Source\TGP_Project\Private\BasePlayer.cpp'
[2018.11.19-01.01.13:689][670]Candidate modules for hot reload:
[2018.11.19-01.01.13:689][670]  TGP_Project
[2018.11.19-01.01.13:689][670]Launching UnrealBuildTool... [C:/Program Files/Epic Games/UE_4.20/Engine/Binaries/DotNET/UnrealBuildTool.exe  -ModuleWithSuffix=TGP_Project,1019 Win64 Development -TargetType=Editor -Project="D:/Documents/GitHub/TGP_PairProject/TGP_Project/TGP_Project.uproject" -canskiplink "D:/Documents/GitHub/TGP_PairProject/TGP_Project/TGP_Project.uproject" ]
[2018.11.19-01.01.13:691][670]Warning: Starting HotReload took  0.0s.
[2018.11.19-01.01.17:404][114]CompilerResultsLog: New page: Compilation - 19 Nov 2018 01:01:17
[2018.11.19-01.01.17:405][114]CompilerResultsLog: Using 'git status' to determine working set for adaptive non-unity build.
[2018.11.19-01.01.17:405][114]CompilerResultsLog: Compiling game modules for hot reload
[2018.11.19-01.01.17:405][114]CompilerResultsLog: Building 4 actions with 4 processes...
[2018.11.19-01.01.17:405][114]CompilerResultsLog:   [1/4] BaseCharacter.cpp
[2018.11.19-01.01.17:405][114]CompilerResultsLog:   [2/4] BasePlayer.cpp
[2018.11.19-01.01.17:405][114]CompilerResultsLog:   [3/4] UE4Editor-TGP_Project-1019.lib
[2018.11.19-01.01.17:405][114]CompilerResultsLog:      Creating library D:\Documents\GitHub\TGP_PairProject\TGP_Project\Intermediate\Build\Win64\UE4Editor\Development\TGP_Project\UE4Editor-TGP_Project-1019.lib and object D:\Documents\GitHub\TGP_PairProject\TGP_Project\Intermediate\Build\Win64\UE4Editor\Development\TGP_Project\UE4Editor-TGP_Project-1019.exp
[2018.11.19-01.01.17:405][114]CompilerResultsLog:   [4/4] UE4Editor-TGP_Project-1019.dll
[2018.11.19-01.01.17:405][114]CompilerResultsLog:      Creating library D:\Documents\GitHub\TGP_PairProject\TGP_Project\Intermediate\Build\Win64\UE4Editor\Development\TGP_Project\UE4Editor-TGP_Project-1019.suppressed.lib and object D:\Documents\GitHub\TGP_PairProject\TGP_Project\Intermediate\Build\Win64\UE4Editor\Development\TGP_Project\UE4Editor-TGP_Project-1019.suppressed.exp
[2018.11.19-01.01.17:405][114]CompilerResultsLog: Total build time: 3.34 seconds (Parallel executor: 1.71 seconds)
[2018.11.19-01.01.17:405][114]LogMainFrame: MainFrame: Module compiling took 3.720 seconds
[2018.11.19-01.01.17:428][114]LogClass: Could not find existing class BaseCharacter in package /Script/TGP_Project for HotReload, assuming new class
[2018.11.19-01.01.17:428][114]LogClass: Could not find existing class BasePlayer in package /Script/TGP_Project for HotReload, assuming new class
[2018.11.19-01.01.17:431][114]LogHotReload: Re-instancing BaseCharacter after hot-reload.
[2018.11.19-01.01.17:477][114]LogHotReload: Re-instancing BasePlayer after hot-reload.
[2018.11.19-01.01.17:525][114]LogContentBrowser: Native class hierarchy updated for 'TGP_Project' in 0.0004 seconds. Added 3 classes and 3 folders.
[2018.11.19-01.01.17:526][114]Display: HotReload successful (0 functions remapped  0 scriptstructs remapped)
[2018.11.19-01.01.17:645][114]LogContentBrowser: Native class hierarchy populated in 0.0089 seconds. Added 2576 classes and 608 folders.
[2018.11.19-01.01.17:645][114]Display: HotReload took  4.0s.
[2018.11.19-01.01.20:564][464]LogSlate: Window 'Message Log' being destroyed
[2018.11.19-01.01.20:567][464]LogSlate: Window 'Message Log' being destroyed
[2018.11.19-01.02.01:241][771]LogSlate: FSceneViewport::OnFocusLost() reason 0
[2018.11.19-01.02.01:316][779]Candidate modules for hot reload:
[2018.11.19-01.02.01:316][779]  TGP_Project
[2018.11.19-01.02.01:316][779]Launching UnrealBuildTool... [C:/Program Files/Epic Games/UE_4.20/Engine/Binaries/DotNET/UnrealBuildTool.exe  -ModuleWithSuffix=TGP_Project,6490 Win64 Development -TargetType=Editor -Project="D:/Documents/GitHub/TGP_PairProject/TGP_Project/TGP_Project.uproject" -canskiplink "D:/Documents/GitHub/TGP_PairProject/TGP_Project/TGP_Project.uproject" ]
[2018.11.19-01.02.01:318][779]Warning: Starting HotReload took  0.0s.
[2018.11.19-01.02.04:628][169]CompilerResultsLog: New page: Compilation - 19 Nov 2018 01:02:04
[2018.11.19-01.02.04:628][169]CompilerResultsLog: Using 'git status' to determine working set for adaptive non-unity build.
[2018.11.19-01.02.04:628][169]CompilerResultsLog: Compiling game modules for hot reload
[2018.11.19-01.02.04:628][169]CompilerResultsLog: Building 3 actions with 4 processes...
[2018.11.19-01.02.04:628][169]CompilerResultsLog:   [1/3] BasePlayer.cpp
[2018.11.19-01.02.04:628][169]CompilerResultsLog:   [2/3] UE4Editor-TGP_Project-6490.lib
[2018.11.19-01.02.04:628][169]CompilerResultsLog:      Creating library D:\Documents\GitHub\TGP_PairProject\TGP_Project\Intermediate\Build\Win64\UE4Editor\Development\TGP_Project\UE4Editor-TGP_Project-6490.lib and object D:\Documents\GitHub\TGP_PairProject\TGP_Project\Intermediate\Build\Win64\UE4Editor\Development\TGP_Project\UE4Editor-TGP_Project-6490.exp
[2018.11.19-01.02.04:628][169]CompilerResultsLog:   [3/3] UE4Editor-TGP_Project-6490.dll
[2018.11.19-01.02.04:628][169]CompilerResultsLog:      Creating library D:\Documents\GitHub\TGP_PairProject\TGP_Project\Intermediate\Build\Win64\UE4Editor\Development\TGP_Project\UE4Editor-TGP_Project-6490.suppressed.lib and object D:\Documents\GitHub\TGP_PairProject\TGP_Project\Intermediate\Build\Win64\UE4Editor\Development\TGP_Project\UE4Editor-TGP_Project-6490.suppressed.exp
[2018.11.19-01.02.04:628][169]CompilerResultsLog: Total build time: 3.03 seconds (Parallel executor: 1.38 seconds)
[2018.11.19-01.02.04:628][169]LogMainFrame: MainFrame: Module compiling took 3.315 seconds
[2018.11.19-01.02.04:652][169]LogContentBrowser: Native class hierarchy updated for 'TGP_Project' in 0.0004 seconds. Added 3 classes and 3 folders.
[2018.11.19-01.02.04:654][169]Display: HotReload successful (0 functions remapped  0 scriptstructs remapped)
[2018.11.19-01.02.04:705][169]LogContentBrowser: Native class hierarchy populated in 0.0087 seconds. Added 2576 classes and 608 folders.
[2018.11.19-01.02.04:705][169]Display: HotReload took  3.4s.
[2018.11.19-01.02.06:222][344]LogSlate: FSceneViewport::OnFocusLost() reason 0
[2018.11.19-01.02.14:615][284]Cmd: DELETE
[2018.11.19-01.02.14:615][284]Cmd: ACTOR DELETE
[2018.11.19-01.02.14:617][284]LogEditorActor: Deleted Actor: PlayerCharacter_C
[2018.11.19-01.02.14:694][284]LogEditorActor: Deleted 1 Actors (0.078 secs)
[2018.11.19-01.02.15:086][326]LogEditorViewport: Clicking on Actor (LMB): PlayerCharacter_C (PlayerCharacter)
[2018.11.19-01.02.15:182][330]Cmd: DELETE
[2018.11.19-01.02.15:182][330]Cmd: ACTOR DELETE
[2018.11.19-01.02.15:184][330]LogEditorActor: Deleted Actor: PlayerCharacter_C
[2018.11.19-01.02.15:252][330]LogEditorActor: Deleted 1 Actors (0.070 secs)
[2018.11.19-01.02.15:816][397]LogSlate: FSceneViewport::OnFocusLost() reason 0
[2018.11.19-01.02.17:725][615]LogSlate: FSceneViewport::OnFocusLost() reason 0
[2018.11.19-01.02.18:597][719]Cmd: DELETE
[2018.11.19-01.02.18:597][719]Cmd: ACTOR DELETE
[2018.11.19-01.02.18:598][719]LogEditorActor: Deleted Actor: PlayerCharacter_C
[2018.11.19-01.02.18:645][719]LogEditorActor: Deleted 1 Actors (0.049 secs)
[2018.11.19-01.02.25:528][911]Candidate modules for hot reload:
[2018.11.19-01.02.25:528][911]  TGP_Project
[2018.11.19-01.02.25:528][911]Launching UnrealBuildTool... [C:/Program Files/Epic Games/UE_4.20/Engine/Binaries/DotNET/UnrealBuildTool.exe  -ModuleWithSuffix=TGP_Project,311 Win64 Development -TargetType=Editor -Project="D:/Documents/GitHub/TGP_PairProject/TGP_Project/TGP_Project.uproject" -canskiplink "D:/Documents/GitHub/TGP_PairProject/TGP_Project/TGP_Project.uproject" ]
[2018.11.19-01.02.25:530][911]Warning: Starting HotReload took  0.0s.
[2018.11.19-01.02.27:366][132]CompilerResultsLog: New page: Compilation - 19 Nov 2018 01:02:27
[2018.11.19-01.02.27:366][132]CompilerResultsLog: Using 'git status' to determine working set for adaptive non-unity build.
[2018.11.19-01.02.27:366][132]CompilerResultsLog: Compiling game modules for hot reload
[2018.11.19-01.02.27:366][132]CompilerResultsLog: Target is up to date
[2018.11.19-01.02.27:366][132]CompilerResultsLog: Total build time: 1.58 seconds (NoActionsToExecute executor: 0.00 seconds)
[2018.11.19-01.02.27:366][132]LogMainFrame: MainFrame: Module compiling took 1.842 seconds
[2018.11.19-01.02.27:399][132]LogContentBrowser: Native class hierarchy populated in 0.0089 seconds. Added 2576 classes and 608 folders.
[2018.11.19-01.02.27:399][132]Display: HotReload took  1.9s.
[2018.11.19-01.02.33:118][794]LogEditorViewport: Clicking on Actor (LMB): PlayerCharacter_C (PlayerCharacter)
[2018.11.19-01.02.33:126][794]LogEditorViewport: Clicking on Component (LMB): CameraComponent (GameCamera)
[2018.11.19-01.02.33:781][860]LogEditorViewport: Clicking on Component (LMB): CameraComponent (GameCamera)
[2018.11.19-01.02.33:788][860]LogEditorViewport: Clicking on Actor (double click): PlayerCharacter_C (PlayerCharacter)
[2018.11.19-01.02.34:330][922]LogEditorViewport: Clicking on Actor (LMB): PlayerCharacter_C (PlayerCharacter)
[2018.11.19-01.02.34:827][980]LogEditorViewport: Clicking on Actor (LMB): PlayerCharacter_C (PlayerCharacter)
[2018.11.19-01.02.35:389][ 46]LogEditorViewport: Clicking on Actor (LMB): PlayerCharacter_C (PlayerCharacter)
[2018.11.19-01.02.35:762][ 89]LogEditorViewport: Clicking on Actor (LMB): BP_Sky_Sphere_C (Sky Sphere)
[2018.11.19-01.02.36:087][121]LogEditorViewport: Clicking on Actor (LMB): PlayerCharacter_C (PlayerCharacter)
[2018.11.19-01.02.36:100][121]LogEditorViewport: Clicking on Component (LMB): CameraComponent (GameCamera)
[2018.11.19-01.02.59:811][362]LogEditorViewport: Clicking on Actor (LMB): StaticMeshActor (Floor)
[2018.11.19-01.03.00:725][462]LogEditorViewport: Clicking on Actor (LMB): PlayerCharacter_C (PlayerCharacter)
[2018.11.19-01.03.01:072][497]Cmd: DELETE
[2018.11.19-01.03.01:072][497]Cmd: ACTOR DELETE
[2018.11.19-01.03.01:073][497]LogEditorActor: Deleted Actor: PlayerCharacter_C
[2018.11.19-01.03.01:121][497]LogEditorActor: Deleted 1 Actors (0.049 secs)
[2018.11.19-01.03.01:611][556]LogSlate: FSceneViewport::OnFocusLost() reason 0
[2018.11.19-01.03.01:678][563]Candidate modules for hot reload:
[2018.11.19-01.03.01:678][563]  TGP_Project
[2018.11.19-01.03.01:678][563]Launching UnrealBuildTool... [C:/Program Files/Epic Games/UE_4.20/Engine/Binaries/DotNET/UnrealBuildTool.exe  -ModuleWithSuffix=TGP_Project,7126 Win64 Development -TargetType=Editor -Project="D:/Documents/GitHub/TGP_PairProject/TGP_Project/TGP_Project.uproject" -canskiplink "D:/Documents/GitHub/TGP_PairProject/TGP_Project/TGP_Project.uproject" ]
[2018.11.19-01.03.01:680][563]Warning: Starting HotReload took  0.0s.
[2018.11.19-01.03.04:817][939]CompilerResultsLog: New page: Compilation - 19 Nov 2018 01:03:04
[2018.11.19-01.03.04:817][939]CompilerResultsLog: Using 'git status' to determine working set for adaptive non-unity build.
[2018.11.19-01.03.04:817][939]CompilerResultsLog: Compiling game modules for hot reload
[2018.11.19-01.03.04:817][939]CompilerResultsLog: Building 3 actions with 4 processes...
[2018.11.19-01.03.04:817][939]CompilerResultsLog:   [1/3] BasePlayer.cpp
[2018.11.19-01.03.04:817][939]CompilerResultsLog:   [2/3] UE4Editor-TGP_Project-7126.lib
[2018.11.19-01.03.04:817][939]CompilerResultsLog:      Creating library D:\Documents\GitHub\TGP_PairProject\TGP_Project\Intermediate\Build\Win64\UE4Editor\Development\TGP_Project\UE4Editor-TGP_Project-7126.lib and object D:\Documents\GitHub\TGP_PairProject\TGP_Project\Intermediate\Build\Win64\UE4Editor\Development\TGP_Project\UE4Editor-TGP_Project-7126.exp
[2018.11.19-01.03.04:817][939]CompilerResultsLog:   [3/3] UE4Editor-TGP_Project-7126.dll
[2018.11.19-01.03.04:817][939]CompilerResultsLog:      Creating library D:\Documents\GitHub\TGP_PairProject\TGP_Project\Intermediate\Build\Win64\UE4Editor\Development\TGP_Project\UE4Editor-TGP_Project-7126.suppressed.lib and object D:\Documents\GitHub\TGP_PairProject\TGP_Project\Intermediate\Build\Win64\UE4Editor\Development\TGP_Project\UE4Editor-TGP_Project-7126.suppressed.exp
[2018.11.19-01.03.04:817][939]CompilerResultsLog: Total build time: 2.87 seconds (Parallel executor: 1.26 seconds)
[2018.11.19-01.03.04:817][939]LogMainFrame: MainFrame: Module compiling took 3.142 seconds
[2018.11.19-01.03.04:841][939]LogContentBrowser: Native class hierarchy updated for 'TGP_Project' in 0.0004 seconds. Added 3 classes and 3 folders.
[2018.11.19-01.03.04:843][939]Display: HotReload successful (0 functions remapped  0 scriptstructs remapped)
[2018.11.19-01.03.04:895][939]LogContentBrowser: Native class hierarchy populated in 0.0089 seconds. Added 2576 classes and 608 folders.
[2018.11.19-01.03.04:895][939]Display: HotReload took  3.2s.
[2018.11.19-01.03.09:052][428]LogEditorViewport: Clicking on Actor (LMB): PlayerCharacter_C (PlayerCharacter)
[2018.11.19-01.03.09:060][428]LogEditorViewport: Clicking on Component (LMB): CameraComponent (GameCamera)
[2018.11.19-01.03.09:270][447]LogEditorViewport: Clicking on Component (LMB): CameraComponent (GameCamera)
[2018.11.19-01.03.11:451][707]LogSlate: FSceneViewport::OnFocusLost() reason 0
[2018.11.19-01.03.13:330][931]LogAssetEditorManager: Opening Asset editor for Blueprint /Game/PlayerCharacter.PlayerCharacter
[2018.11.19-01.03.13:767][931]LogContentBrowser: Native class hierarchy updated for 'BlueprintGraph' in 0.0007 seconds. Added 116 classes and 0 folders.
[2018.11.19-01.03.17:105][228]LogSlate: Window 'PlayerCharacter' being destroyed
[2018.11.19-01.03.17:165][228]LogAssetEditorManager: Opening Asset editor for Blueprint /Game/PlayerCharacter.PlayerCharacter
[2018.11.19-01.03.17:436][228]LogSlate: Took 0.000230 seconds to synchronously load lazily loaded font '../../../Engine/Content/Slate/Fonts/Roboto-BoldCondensed.ttf' (158K)
[2018.11.19-01.03.18:145][298]LogSlate: Took 0.000382 seconds to synchronously load lazily loaded font '../../../Engine/Content/Slate/Fonts/Roboto-Italic.ttf' (157K)
[2018.11.19-01.03.18:883][369]LogRenderer: Reallocating scene render targets to support 1208x720 Format 10 NumSamples 1 (Frame:1).
[2018.11.19-01.03.33:647][936]LogSlate: FSceneViewport::OnFocusLost() reason 0
[2018.11.19-01.03.54:575][ 64]LogSlate: Window 'PlayerCharacter*' being destroyed
[2018.11.19-01.04.04:847][258]Candidate modules for hot reload:
[2018.11.19-01.04.04:847][258]  TGP_Project
[2018.11.19-01.04.04:847][258]Launching UnrealBuildTool... [C:/Program Files/Epic Games/UE_4.20/Engine/Binaries/DotNET/UnrealBuildTool.exe  -ModuleWithSuffix=TGP_Project,8708 Win64 Development -TargetType=Editor -Project="D:/Documents/GitHub/TGP_PairProject/TGP_Project/TGP_Project.uproject" -canskiplink "D:/Documents/GitHub/TGP_PairProject/TGP_Project/TGP_Project.uproject" ]
[2018.11.19-01.04.04:849][258]Warning: Starting HotReload took  0.0s.
[2018.11.19-01.04.08:482][685]CompilerResultsLog: New page: Compilation - 19 Nov 2018 01:04:08
[2018.11.19-01.04.08:482][685]CompilerResultsLog: Using 'git status' to determine working set for adaptive non-unity build.
[2018.11.19-01.04.08:482][685]CompilerResultsLog: Compiling game modules for hot reload
[2018.11.19-01.04.08:482][685]CompilerResultsLog: Building 3 actions with 4 processes...
[2018.11.19-01.04.08:482][685]CompilerResultsLog:   [1/3] BasePlayer.cpp
[2018.11.19-01.04.08:482][685]CompilerResultsLog:   [2/3] UE4Editor-TGP_Project-8708.lib
[2018.11.19-01.04.08:482][685]CompilerResultsLog:      Creating library D:\Documents\GitHub\TGP_PairProject\TGP_Project\Intermediate\Build\Win64\UE4Editor\Development\TGP_Project\UE4Editor-TGP_Project-8708.lib and object D:\Documents\GitHub\TGP_PairProject\TGP_Project\Intermediate\Build\Win64\UE4Editor\Development\TGP_Project\UE4Editor-TGP_Project-8708.exp
[2018.11.19-01.04.08:482][685]CompilerResultsLog:   [3/3] UE4Editor-TGP_Project-8708.dll
[2018.11.19-01.04.08:482][685]CompilerResultsLog:      Creating library D:\Documents\GitHub\TGP_PairProject\TGP_Project\Intermediate\Build\Win64\UE4Editor\Development\TGP_Project\UE4Editor-TGP_Project-8708.suppressed.lib and object D:\Documents\GitHub\TGP_PairProject\TGP_Project\Intermediate\Build\Win64\UE4Editor\Development\TGP_Project\UE4Editor-TGP_Project-8708.suppressed.exp
[2018.11.19-01.04.08:482][685]CompilerResultsLog: Total build time: 3.36 seconds (Parallel executor: 1.73 seconds)
[2018.11.19-01.04.08:482][685]LogMainFrame: MainFrame: Module compiling took 3.639 seconds
[2018.11.19-01.04.08:518][685]LogContentBrowser: Native class hierarchy updated for 'TGP_Project' in 0.0004 seconds. Added 3 classes and 3 folders.
[2018.11.19-01.04.08:521][685]Display: HotReload successful (0 functions remapped  0 scriptstructs remapped)
[2018.11.19-01.04.08:830][685]LogContentBrowser: Native class hierarchy populated in 0.0090 seconds. Added 2576 classes and 608 folders.
[2018.11.19-01.04.08:830][685]Display: HotReload took  4.0s.
[2018.11.19-01.04.10:528][881]LogEditorViewport: Clicking on Component (LMB): CameraComponent (GameCamera)
[2018.11.19-01.04.11:056][943]LogEditorViewport: Clicking on Actor (LMB): BP_Sky_Sphere_C (Sky Sphere)
[2018.11.19-01.04.11:676][ 10]LogEditorViewport: Clicking on Actor (LMB): PlayerCharacter_C (PlayerCharacter)
[2018.11.19-01.04.12:033][ 46]Cmd: DELETE
[2018.11.19-01.04.12:034][ 46]Cmd: ACTOR DELETE
[2018.11.19-01.04.12:035][ 46]LogEditorActor: Deleted Actor: PlayerCharacter_C
[2018.11.19-01.04.12:133][ 46]LogEditorActor: Deleted 1 Actors (0.099 secs)
[2018.11.19-01.04.12:771][122]LogSlate: FSceneViewport::OnFocusLost() reason 0
[2018.11.19-01.04.16:271][525]LogSlate: FSceneViewport::OnFocusLost() reason 0
[2018.11.19-01.04.16:426][543]LogAssetEditorManager: Opening Asset editor for Blueprint /Game/PlayerCharacter.PlayerCharacter
[2018.11.19-01.04.19:993][887]LogSlate: FSceneViewport::OnFocusLost() reason 0
[2018.11.19-01.04.20:069][896]LogSlate: Window 'PlayerCharacter*' being destroyed
[2018.11.19-01.04.46:053][101]Cmd: OBJ SAVEPACKAGE PACKAGE="/Temp/Untitled_1" FILE="D:/Documents/GitHub/TGP_PairProject/TGP_Project/Saved/Autosaves/Temp/Untitled_1_Auto1.umap" SILENT=true AUTOSAVING=true KEEPDIRTY=false
[2018.11.19-01.04.46:073][101]LogSavePackage: Moving 'D:/Documents/GitHub/TGP_PairProject/TGP_Project/Saved/Untitled_1_Auto18667DC24432755C79101F6B5677F18DA.tmp' to 'D:/Documents/GitHub/TGP_PairProject/TGP_Project/Saved/Autosaves/Temp/Untitled_1_Auto1.umap'
[2018.11.19-01.04.46:076][101]LogFileHelpers: Editor autosave (incl. sublevels) for '/Temp/Untitled_1' took 0.071
[2018.11.19-01.04.46:076][101]LogFileHelpers: Editor autosave (incl. sublevels) for all levels took 0.071
[2018.11.19-01.04.46:078][101]OBJ SavePackage: Generating thumbnails for [0] asset(s) in package [/Game/PlayerCharacter] ([1] browsable assets)...
[2018.11.19-01.04.46:078][101]OBJ SavePackage: Finished generating thumbnails for package [/Game/PlayerCharacter]
[2018.11.19-01.04.46:078][101]Cmd: OBJ SAVEPACKAGE PACKAGE="/Game/PlayerCharacter" FILE="D:/Documents/GitHub/TGP_PairProject/TGP_Project/Saved/Autosaves/Game/PlayerCharacter_Auto1.uasset" SILENT=false AUTOSAVING=true
[2018.11.19-01.04.46:120][101]LogSavePackage: Moving 'D:/Documents/GitHub/TGP_PairProject/TGP_Project/Saved/PlayerCharacter_Auto192432CD74C6A840E228D668B39791249.tmp' to 'D:/Documents/GitHub/TGP_PairProject/TGP_Project/Saved/Autosaves/Game/PlayerCharacter_Auto1.uasset'
[2018.11.19-01.04.46:121][101]LogFileHelpers: Auto-saving content packages took 0.044
[2018.11.19-01.05.46:097][601]LogSlate: Window 'Save Content' being destroyed
[2018.11.19-01.05.46:110][601]Cmd: OBJ SAVEPACKAGE PACKAGE="/Game/PlayerCharacter" FILE="D:/Documents/GitHub/TGP_PairProject/TGP_Project/Content/PlayerCharacter.uasset" SILENT=true
[2018.11.19-01.05.46:117][601]LogSavePackage: Moving 'D:/Documents/GitHub/TGP_PairProject/TGP_Project/Saved/PlayerCharacterF268F0474D105010BF7B928BD59567B9.tmp' to 'D:/Documents/GitHub/TGP_PairProject/TGP_Project/Content/PlayerCharacter.uasset'
[2018.11.19-01.05.49:348][601]LogSlate: Window 'Save Level As' being destroyed
[2018.11.19-01.05.52:883][839]LogSlate: Window 'Save Content' being destroyed
[2018.11.19-01.05.52:930][839]LogSlate: Window 'TGP_Project - Unreal Editor' being destroyed
[2018.11.19-01.05.53:117][840]Cmd: QUIT_EDITOR
[2018.11.19-01.05.53:148][840]LogWindowsTextInputMethodSystem: Display: IME system now deactivated.
[2018.11.19-01.05.53:167][840]LogExit: Preparing to exit.
[2018.11.19-01.05.53:794][840]LogExit: Editor shut down
[2018.11.19-01.05.53:794][840]LogExit: Transaction tracking system shut down
[2018.11.19-01.05.54:368][840]LogExit: Object subsystem successfully closed.
[2018.11.19-01.05.54:378][840]LogShaderCompilers: Display: Shaders left to compile 0
[2018.11.19-01.05.54:381][840]LogD3D11RHI: Shutdown
[2018.11.19-01.05.54:381][840]LogD3D11RHI: CleanupD3DDevice
[2018.11.19-01.05.54:384][840]LogD3D11RHI: ~FD3D11DynamicRHI
[2018.11.19-01.05.54:402][840]LogModuleManager: Shutting down and abandoning module TGP_Project (620)
[2018.11.19-01.05.54:402][840]LogModuleManager: Shutting down and abandoning module BlueprintGraph (619)
[2018.11.19-01.05.54:402][840]LogModuleManager: Shutting down and abandoning module HierarchicalLODOutliner (614)
[2018.11.19-01.05.54:402][840]LogModuleManager: Shutting down and abandoning module SceneOutliner (612)
[2018.11.19-01.05.54:402][840]LogModuleManager: Shutting down and abandoning module AddContentDialog (610)
[2018.11.19-01.05.54:403][840]LogModuleManager: Shutting down and abandoning module WidgetCarousel (609)
[2018.11.19-01.05.54:403][840]LogModuleManager: Shutting down and abandoning module EditorWidgets (606)
[2018.11.19-01.05.54:403][840]LogModuleManager: Shutting down and abandoning module CollectionManager (604)
[2018.11.19-01.05.54:403][840]LogModuleManager: Shutting down and abandoning module HierarchicalLODUtilities (602)
[2018.11.19-01.05.54:403][840]LogModuleManager: Shutting down and abandoning module StatsViewer (600)
[2018.11.19-01.05.54:403][840]LogModuleManager: Shutting down and abandoning module FoliageEdit (598)
[2018.11.19-01.05.54:403][840]LogModuleManager: Shutting down and abandoning module LandscapeEditor (596)
[2018.11.19-01.05.54:403][840]LogModuleManager: Shutting down and abandoning module MeshPaintMode (594)
[2018.11.19-01.05.54:403][840]LogModuleManager: Shutting down and abandoning module SceneDepthPickerMode (592)
[2018.11.19-01.05.54:403][840]LogModuleManager: Shutting down and abandoning module ActorPickerMode (590)
[2018.11.19-01.05.54:403][840]LogModuleManager: Shutting down and abandoning module GeometryMode (588)
[2018.11.19-01.05.54:403][840]LogModuleManager: Shutting down and abandoning module TextureAlignMode (586)
[2018.11.19-01.05.54:403][840]LogModuleManager: Shutting down and abandoning module BspMode (584)
[2018.11.19-01.05.54:403][840]LogModuleManager: Shutting down and abandoning module PIEPreviewDeviceProfileSelector (582)
[2018.11.19-01.05.54:403][840]LogModuleManager: Shutting down and abandoning module SequenceRecorderSections (580)
[2018.11.19-01.05.54:403][840]LogModuleManager: Shutting down and abandoning module AutomationWorker (578)
[2018.11.19-01.05.54:403][840]LogModuleManager: Shutting down and abandoning module AudioCaptureEditor (576)
[2018.11.19-01.05.54:403][840]LogModuleManager: Shutting down and abandoning module SequenceRecorder (575)
[2018.11.19-01.05.54:404][840]LogModuleManager: Shutting down and abandoning module MatineeToLevelSequence (572)
[2018.11.19-01.05.54:404][840]LogModuleManager: Shutting down and abandoning module LevelSequenceEditor (570)
[2018.11.19-01.05.54:404][840]LogModuleManager: Shutting down and abandoning module PlacementMode (569)
[2018.11.19-01.05.54:404][840]LogModuleManager: Shutting down and abandoning module MaterialEditor (568)
[2018.11.19-01.05.54:404][840]LogModuleManager: Shutting down and abandoning module WmfMediaFactory (564)
[2018.11.19-01.05.54:404][840]LogModuleManager: Shutting down and abandoning module WmfMediaEditor (562)
[2018.11.19-01.05.54:404][840]LogModuleManager: Shutting down and abandoning module MediaPlayerEditor (560)
[2018.11.19-01.05.54:404][840]LogModuleManager: Shutting down and abandoning module OpenExrWrapper (558)
[2018.11.19-01.05.54:404][840]LogModuleManager: Shutting down and abandoning module ImgMediaFactory (556)
[2018.11.19-01.05.54:404][840]LogModuleManager: Shutting down and abandoning module ImgMediaEditor (554)
[2018.11.19-01.05.54:404][840]LogModuleManager: Shutting down and abandoning module AvfMediaFactory (552)
[2018.11.19-01.05.54:404][840]LogModuleManager: Shutting down and abandoning module AvfMediaEditor (550)
[2018.11.19-01.05.54:404][840]LogModuleManager: Shutting down and abandoning module AndroidMediaFactory (548)
[2018.11.19-01.05.54:404][840]LogModuleManager: Shutting down and abandoning module AndroidMediaEditor (546)
[2018.11.19-01.05.54:404][840]LogModuleManager: Shutting down and abandoning module MagicLeapCameraPreviewFactory (544)
[2018.11.19-01.05.54:404][840]LogModuleManager: Shutting down and abandoning module MagicLeapMediaFactory (542)
[2018.11.19-01.05.54:404][840]LogModuleManager: Shutting down and abandoning module MagicLeapMediaEditor (540)
[2018.11.19-01.05.54:404][840]LogModuleManager: Shutting down and abandoning module CharacterAI (538)
[2018.11.19-01.05.54:404][840]LogModuleManager: Shutting down and abandoning module SmartSnapping (536)
[2018.11.19-01.05.54:404][840]LogModuleManager: Shutting down and abandoning module SessionServices (534)
[2018.11.19-01.05.54:404][840]LogModuleManager: Shutting down and abandoning module ViewportSnapping (532)
[2018.11.19-01.05.54:404][840]LogModuleManager: Shutting down and abandoning module ViewportInteraction (530)
[2018.11.19-01.05.54:404][840]LogModuleManager: Shutting down and abandoning module ClothPainter (528)
[2018.11.19-01.05.54:404][840]LogModuleManager: Shutting down and abandoning module SkeletalMeshEditor (527)
[2018.11.19-01.05.54:404][840]LogModuleManager: Shutting down and abandoning module LogVisualizer (524)
[2018.11.19-01.05.54:404][840]LogModuleManager: Shutting down and abandoning module IntroTutorials (522)
[2018.11.19-01.05.54:404][840]LogModuleManager: Shutting down and abandoning module GameProjectGeneration (521)
[2018.11.19-01.05.54:404][840]LogModuleManager: Shutting down and abandoning module LuminPlatformEditor (518)
[2018.11.19-01.05.54:404][840]LogModuleManager: Shutting down and abandoning module IOSPlatformEditor (516)
[2018.11.19-01.05.54:405][840]LogModuleManager: Shutting down and abandoning module HTML5PlatformEditor (514)
[2018.11.19-01.05.54:405][840]LogModuleManager: Shutting down and abandoning module AndroidPlatformEditor (512)
[2018.11.19-01.05.54:405][840]LogModuleManager: Shutting down and abandoning module AndroidDeviceDetection (511)
[2018.11.19-01.05.54:575][840]LogModuleManager: Shutting down and abandoning module WindowsPlatformEditor (508)
[2018.11.19-01.05.54:575][840]LogModuleManager: Shutting down and abandoning module LuminRuntimeSettings (506)
[2018.11.19-01.05.54:575][840]LogModuleManager: Shutting down and abandoning module IOSRuntimeSettings (504)
[2018.11.19-01.05.54:575][840]LogModuleManager: Shutting down and abandoning module AndroidRuntimeSettings (502)
[2018.11.19-01.05.54:575][840]LogModuleManager: Shutting down and abandoning module InputBindingEditor (500)
[2018.11.19-01.05.54:575][840]LogModuleManager: Shutting down and abandoning module MergeActors (498)
[2018.11.19-01.05.54:575][840]LogModuleManager: Shutting down and abandoning module LocalizationDashboard (496)
[2018.11.19-01.05.54:575][840]LogModuleManager: Shutting down and abandoning module LocalizationService (495)
[2018.11.19-01.05.54:576][840]LogModuleManager: Shutting down and abandoning module HardwareTargeting (492)
[2018.11.19-01.05.54:576][840]LogModuleManager: Shutting down and abandoning module DeviceProfileEditor (490)
[2018.11.19-01.05.54:576][840]LogModuleManager: Shutting down and abandoning module UndoHistory (488)
[2018.11.19-01.05.54:576][840]LogModuleManager: Shutting down and abandoning module XmlParser (486)
[2018.11.19-01.05.54:576][840]LogModuleManager: Shutting down and abandoning module Blutility (484)
[2018.11.19-01.05.54:576][840]LogModuleManager: Shutting down and abandoning module ProjectSettingsViewer (482)
[2018.11.19-01.05.54:576][840]LogModuleManager: Shutting down and abandoning module ProjectTargetPlatformEditor (481)
[2018.11.19-01.05.54:576][840]LogModuleManager: Shutting down and abandoning module EditorSettingsViewer (478)
[2018.11.19-01.05.54:576][840]LogModuleManager: Shutting down and abandoning module SettingsEditor (476)
[2018.11.19-01.05.54:577][840]LogModuleManager: Shutting down and abandoning module ProjectLauncher (474)
[2018.11.19-01.05.54:577][840]LogModuleManager: Shutting down and abandoning module SessionFrontend (472)
[2018.11.19-01.05.54:577][840]LogModuleManager: Shutting down and abandoning module ProfilerClient (470)
[2018.11.19-01.05.54:577][840]LogModuleManager: Shutting down and abandoning module DeviceManager (468)
[2018.11.19-01.05.54:577][840]LogModuleManager: Shutting down and abandoning module TargetDeviceServices (467)
[2018.11.19-01.05.54:639][840]LogModuleManager: Shutting down and abandoning module AutomationController (464)
[2018.11.19-01.05.54:639][840]LogModuleManager: Shutting down and abandoning module AutomationWindow (462)
[2018.11.19-01.05.54:639][840]LogModuleManager: Shutting down and abandoning module Layers (460)
[2018.11.19-01.05.54:640][840]LogModuleManager: Shutting down and abandoning module ComponentVisualizers (458)
[2018.11.19-01.05.54:640][840]LogModuleManager: Shutting down and abandoning module DetailCustomizations (456)
[2018.11.19-01.05.54:640][840]LogModuleManager: Shutting down and abandoning module PackagesDialog (454)
[2018.11.19-01.05.54:641][840]LogModuleManager: Shutting down and abandoning module Persona (452)
[2018.11.19-01.05.54:641][840]LogModuleManager: Shutting down and abandoning module AdvancedPreviewScene (451)
[2018.11.19-01.05.54:641][840]LogModuleManager: Shutting down and abandoning module AnimGraph (449)
[2018.11.19-01.05.54:641][840]LogModuleManager: Shutting down and abandoning module Kismet (446)
[2018.11.19-01.05.54:655][840]LogModuleManager: Shutting down and abandoning module GraphEditor (444)
[2018.11.19-01.05.54:655][840]LogModuleManager: Shutting down and abandoning module ClassViewer (442)
[2018.11.19-01.05.54:655][840]LogModuleManager: Shutting down and abandoning module Toolbox (440)
[2018.11.19-01.05.54:655][840]LogModuleManager: Shutting down and abandoning module DesktopPlatform (439)
[2018.11.19-01.05.54:655][840]LogModuleManager: Shutting down and abandoning module ModuleUI (436)
[2018.11.19-01.05.54:655][840]LogModuleManager: Shutting down and abandoning module MovieSceneTools (434)
[2018.11.19-01.05.54:656][840]LogModuleManager: Shutting down and abandoning module OutputLog (432)
[2018.11.19-01.05.54:656][840]LogModuleManager: Shutting down and abandoning module GammaUI (430)
[2018.11.19-01.05.54:656][840]LogModuleManager: Shutting down and abandoning module Documentation (428)
[2018.11.19-01.05.54:656][840]LogModuleManager: Shutting down and abandoning module MovieSceneTracks (426)
[2018.11.19-01.05.54:656][840]LogModuleManager: Shutting down and abandoning module MovieScene (424)
[2018.11.19-01.05.54:656][840]LogModuleManager: Shutting down and abandoning module StreamingPauseRendering (422)
[2018.11.19-01.05.54:656][840]LogModuleManager: Shutting down and abandoning module LauncherPlatform (420)
[2018.11.19-01.05.54:656][840]LogModuleManager: Shutting down and abandoning module AnalyticsET (418)
[2018.11.19-01.05.54:656][840]LogModuleManager: Shutting down and abandoning module PortalServices (416)
[2018.11.19-01.05.54:656][840]LogModuleManager: Shutting down and abandoning module PortalRpc (414)
[2018.11.19-01.05.54:656][840]LogModuleManager: Shutting down and abandoning module MessagingRpc (412)
[2018.11.19-01.05.54:656][840]LogModuleManager: Shutting down and abandoning module AIModule (410)
[2018.11.19-01.05.54:656][840]LogModuleManager: Shutting down and abandoning module GameplayDebugger (409)
[2018.11.19-01.05.54:657][840]LogModuleManager: Shutting down and abandoning module AITestSuite (407)
[2018.11.19-01.05.54:657][840]LogModuleManager: Shutting down and abandoning module NavigationSystem (405)
[2018.11.19-01.05.54:657][840]LogModuleManager: Shutting down and abandoning module ProfilerService (402)
[2018.11.19-01.05.54:777][840]LogModuleManager: Shutting down and abandoning module TaskGraph (400)
[2018.11.19-01.05.54:777][840]LogModuleManager: Shutting down and abandoning module SteamVRController (398)
[2018.11.19-01.05.54:777][840]LogModuleManager: Shutting down and abandoning module ProceduralMeshComponentEditor (396)
[2018.11.19-01.05.54:777][840]LogModuleManager: Shutting down and abandoning module ProceduralMeshComponent (394)
[2018.11.19-01.05.54:777][840]LogModuleManager: Shutting down and abandoning module OculusInput (392)
[2018.11.19-01.05.54:777][840]LogModuleManager: Shutting down and abandoning module MobilePatchingUtils (390)
[2018.11.19-01.05.54:777][840]LogModuleManager: Shutting down and abandoning module EditableMesh (388)
[2018.11.19-01.05.54:778][840]LogModuleManager: Shutting down and abandoning module CustomMeshComponent (386)
[2018.11.19-01.05.54:778][840]LogModuleManager: Shutting down and abandoning module CableComponent (384)
[2018.11.19-01.05.54:778][840]LogModuleManager: Shutting down and abandoning module AudioCapture (382)
[2018.11.19-01.05.54:778][840]LogModuleManager: Shutting down and abandoning module ArchVisCharacter (380)
[2018.11.19-01.05.54:778][840]LogModuleManager: Shutting down and abandoning module AndroidPermission (378)
[2018.11.19-01.05.54:778][840]LogModuleManager: Shutting down and abandoning module NUTUnrealEngine4 (376)
[2018.11.19-01.05.54:778][840]LogModuleManager: Shutting down and abandoning module NetcodeUnitTest (374)
[2018.11.19-01.05.54:778][840]LogModuleManager: Shutting down and abandoning module MediaCompositingEditor (372)
[2018.11.19-01.05.54:778][840]LogModuleManager: Shutting down and abandoning module MediaCompositing (370)
[2018.11.19-01.05.54:778][840]LogModuleManager: Shutting down and abandoning module LinearTimecode (368)
[2018.11.19-01.05.54:778][840]LogModuleManager: Shutting down and abandoning module ImgMedia (366)
[2018.11.19-01.05.54:787][840]LogModuleManager: Shutting down and abandoning module HTML5Networking (364)
[2018.11.19-01.05.54:787][840]LogModuleManager: Shutting down and abandoning module GeometryCacheTracks (362)
[2018.11.19-01.05.54:787][840]LogModuleManager: Shutting down and abandoning module GeometryCacheSequencer (360)
[2018.11.19-01.05.54:787][840]LogModuleManager: Shutting down and abandoning module BackChannel (358)
[2018.11.19-01.05.54:788][840]LogModuleManager: Shutting down and abandoning module AppleVision (356)
[2018.11.19-01.05.54:788][840]LogModuleManager: Shutting down and abandoning module AppleImageUtils (354)
[2018.11.19-01.05.54:788][840]LogModuleManager: Shutting down and abandoning module AlembicImporter (352)
[2018.11.19-01.05.54:788][840]LogModuleManager: Shutting down and abandoning module AlembicLibrary (351)
[2018.11.19-01.05.54:788][840]LogModuleManager: Shutting down and abandoning module GeometryCache (350)
[2018.11.19-01.05.54:788][840]LogModuleManager: Shutting down and abandoning module GeometryCacheEd (349)
[2018.11.19-01.05.54:788][840]LogModuleManager: Shutting down and abandoning module DatasmithContentEditor (344)
[2018.11.19-01.05.54:788][840]LogModuleManager: Shutting down and abandoning module DatasmithContent (342)
[2018.11.19-01.05.54:789][840]LogModuleManager: Shutting down and abandoning module SpeedTreeImporter (340)
[2018.11.19-01.05.54:789][840]LogModuleManager: Shutting down and abandoning module PluginBrowser (338)
[2018.11.19-01.05.54:789][840]LogModuleManager: Shutting down and abandoning module MobileLauncherProfileWizard (336)
[2018.11.19-01.05.54:790][840]LogModuleManager: Shutting down and abandoning module PolygonModeling (334)
[2018.11.19-01.05.54:790][840]LogModuleManager: Shutting down and abandoning module MeshEditor (332)
[2018.11.19-01.05.54:790][840]LogModuleManager: Shutting down and abandoning module CryptoKeysOpenSSL (330)
[2018.11.19-01.05.54:790][840]LogModuleManager: Shutting down and abandoning module CryptoKeys (328)
[2018.11.19-01.05.54:790][840]LogModuleManager: Shutting down and abandoning module VisualStudioSourceCodeAccess (326)
[2018.11.19-01.05.54:790][840]LogModuleManager: Shutting down and abandoning module VisualStudioCodeSourceCodeAccess (324)
[2018.11.19-01.05.54:790][840]LogModuleManager: Shutting down and abandoning module UObjectPlugin (322)
[2018.11.19-01.05.54:790][840]LogModuleManager: Shutting down and abandoning module SubversionSourceControl (320)
[2018.11.19-01.05.54:790][840]LogModuleManager: Shutting down and abandoning module PerforceSourceControl (318)
[2018.11.19-01.05.54:790][840]LogModuleManager: Shutting down and abandoning module GitSourceControl (316)
[2018.11.19-01.05.54:790][840]LogModuleManager: Shutting down and abandoning module SourceControl (315)
[2018.11.19-01.05.54:791][840]LogModuleManager: Shutting down and abandoning module CLionSourceCodeAccess (312)
[2018.11.19-01.05.54:791][840]LogModuleManager: Shutting down and abandoning module LightPropagationVolumeEditor (310)
[2018.11.19-01.05.54:791][840]LogModuleManager: Shutting down and abandoning module PaperTiledImporter (308)
[2018.11.19-01.05.54:791][840]LogModuleManager: Shutting down and abandoning module PaperSpriteSheetImporter (306)
[2018.11.19-01.05.54:791][840]LogModuleManager: Shutting down and abandoning module Paper2DEditor (304)
[2018.11.19-01.05.54:791][840]LogModuleManager: Shutting down and abandoning module MeshPaint (303)
[2018.11.19-01.05.54:791][840]LogModuleManager: Shutting down and abandoning module RuntimePhysXCooking (298)
[2018.11.19-01.05.54:791][840]LogModuleManager: Shutting down and abandoning module PhysXVehiclesEditor (296)
[2018.11.19-01.05.54:791][840]LogModuleManager: Shutting down and abandoning module PhysXVehicles (294)
[2018.11.19-01.05.54:791][840]LogModuleManager: Shutting down and abandoning module OculusEditor (292)
[2018.11.19-01.05.54:792][840]LogModuleManager: Shutting down and abandoning module LocationServicesBPLibrary (290)
[2018.11.19-01.05.54:792][840]LogModuleManager: Shutting down and abandoning module ImmediatePhysicsEditor (288)
[2018.11.19-01.05.54:792][840]LogModuleManager: Shutting down and abandoning module ImmediatePhysics (286)
[2018.11.19-01.05.54:792][840]LogModuleManager: Shutting down and abandoning module ActorSequence (284)
[2018.11.19-01.05.54:792][840]LogModuleManager: Shutting down and abandoning module UdpMessaging (282)
[2018.11.19-01.05.54:892][840]LogModuleManager: Shutting down and abandoning module TcpMessaging (280)
[2018.11.19-01.05.54:993][840]LogModuleManager: Shutting down and abandoning module MagicLeapAudio (278)
[2018.11.19-01.05.54:993][840]LogModuleManager: Shutting down and abandoning module GameplayTagsEditor (276)
[2018.11.19-01.05.54:993][840]LogModuleManager: Shutting down and abandoning module FacialAnimationEditor (274)
[2018.11.19-01.05.54:993][840]LogModuleManager: Shutting down and abandoning module FacialAnimation (272)
[2018.11.19-01.05.54:993][840]LogModuleManager: Shutting down and abandoning module DataValidation (270)
[2018.11.19-01.05.54:993][840]LogModuleManager: Shutting down and abandoning module AssetManagerEditor (268)
[2018.11.19-01.05.54:993][840]LogModuleManager: Shutting down and abandoning module LevelEditor (267)
[2018.11.19-01.05.54:994][840]LogModuleManager: Shutting down and abandoning module PixelInspectorModule (266)
[2018.11.19-01.05.54:994][840]LogModuleManager: Shutting down and abandoning module CommonMenuExtensions (264)
[2018.11.19-01.05.54:994][840]LogModuleManager: Shutting down and abandoning module MainFrame (262)
[2018.11.19-01.05.54:994][840]LogModuleManager: Shutting down and abandoning module HotReload (261)
[2018.11.19-01.05.54:995][840]LogModuleManager: Shutting down and abandoning module ContentBrowser (257)
[2018.11.19-01.05.54:997][840]LogModuleManager: Shutting down and abandoning module TreeMap (255)
[2018.11.19-01.05.54:997][840]LogModuleManager: Shutting down and abandoning module LightPropagationVolumeRuntime (252)
[2018.11.19-01.05.54:997][840]LogModuleManager: Shutting down and abandoning module AISupportModule (250)
[2018.11.19-01.05.54:997][840]LogModuleManager: Shutting down and abandoning module Paper2D (248)
[2018.11.19-01.05.54:997][840]LogModuleManager: Shutting down and abandoning module WindowsMoviePlayer (246)
[2018.11.19-01.05.54:997][840]LogModuleManager: Shutting down and abandoning module WmfMedia (244)
[2018.11.19-01.05.54:998][840]LogModuleManager: Shutting down and abandoning module Media (243)
[2018.11.19-01.05.55:004][840]LogModuleManager: Shutting down and abandoning module PacketHandler (240)
[2018.11.19-01.05.55:004][840]LogModuleManager: Shutting down and abandoning module ClothingSystemEditor (238)
[2018.11.19-01.05.55:004][840]LogModuleManager: Shutting down and abandoning module ClothingSystemRuntime (236)
[2018.11.19-01.05.55:004][840]LogModuleManager: Shutting down and abandoning module MediaAssets (234)
[2018.11.19-01.05.55:004][840]LogModuleManager: Shutting down and abandoning module Overlay (232)
[2018.11.19-01.05.55:004][840]LogModuleManager: Shutting down and abandoning module OverlayEditor (231)
[2018.11.19-01.05.55:004][840]LogModuleManager: Shutting down and abandoning module VREditor (228)
[2018.11.19-01.05.55:004][840]LogModuleManager: Shutting down and abandoning module StringTableEditor (226)
[2018.11.19-01.05.55:004][840]LogModuleManager: Shutting down and abandoning module GameplayTasksEditor (224)
[2018.11.19-01.05.55:004][840]LogModuleManager: Shutting down and abandoning module BehaviorTreeEditor (222)
[2018.11.19-01.05.55:004][840]LogModuleManager: Shutting down and abandoning module FunctionalTesting (220)
[2018.11.19-01.05.55:004][840]LogModuleManager: Shutting down and abandoning module CollisionAnalyzer (218)
[2018.11.19-01.05.55:005][840]LogModuleManager: Shutting down and abandoning module WorkspaceMenuStructure (217)
[2018.11.19-01.05.55:005][840]LogModuleManager: Shutting down and abandoning module UMG (214)
[2018.11.19-01.05.55:005][840]LogModuleManager: Shutting down and abandoning module UMGEditor (213)
[2018.11.19-01.05.55:005][840]LogModuleManager: Shutting down and abandoning module Sequencer (212)
[2018.11.19-01.05.55:005][840]LogModuleManager: Shutting down and abandoning module MessageLog (209)
[2018.11.19-01.05.55:005][840]LogModuleManager: Shutting down and abandoning module SlateReflector (204)
[2018.11.19-01.05.55:005][840]LogModuleManager: Shutting down and abandoning module Slate (202)
[2018.11.19-01.05.55:005][840]LogModuleManager: Shutting down and abandoning module EditorStyle (200)
[2018.11.19-01.05.55:008][840]LogModuleManager: Shutting down and abandoning module MRMesh (198)
[2018.11.19-01.05.55:008][840]LogModuleManager: Shutting down and abandoning module SourceCodeAccess (196)
[2018.11.19-01.05.55:008][840]LogModuleManager: Shutting down and abandoning module HeadMountedDisplay (194)
[2018.11.19-01.05.55:008][840]LogModuleManager: Shutting down and abandoning module XAudio2 (192)
[2018.11.19-01.05.55:008][840]LogModuleManager: Shutting down and abandoning module Networking (190)
[2018.11.19-01.05.55:008][840]LogModuleManager: Shutting down and abandoning module Core (188)
[2018.11.19-01.05.55:008][840]LogModuleManager: Shutting down and abandoning module LevelSequence (186)
[2018.11.19-01.05.55:008][840]LogModuleManager: Shutting down and abandoning module KismetCompiler (184)
[2018.11.19-01.05.55:008][840]LogModuleManager: Shutting down and abandoning module MeshUtilities (182)
[2018.11.19-01.05.55:008][840]LogModuleManager: Shutting down and abandoning module MeshMergeUtilities (181)
[2018.11.19-01.05.55:008][840]LogModuleManager: Shutting down and abandoning module MeshReductionInterface (180)
[2018.11.19-01.05.55:008][840]LogModuleManager: Shutting down and abandoning module SimplygonSwarm (179)
[2018.11.19-01.05.55:008][840]LogModuleManager: Shutting down and abandoning module ProxyLODMeshReduction (177)
[2018.11.19-01.05.55:008][840]LogModuleManager: Shutting down and abandoning module SimplygonMeshReduction (175)
[2018.11.19-01.05.55:008][840]LogModuleManager: Shutting down and abandoning module QuadricMeshReduction (173)
[2018.11.19-01.05.55:008][840]LogModuleManager: Shutting down and abandoning module MaterialBaking (169)
[2018.11.19-01.05.55:008][840]LogModuleManager: Shutting down and abandoning module DirectoryWatcher (165)
[2018.11.19-01.05.55:008][840]LogModuleManager: Shutting down and abandoning module DerivedDataCache (162)
[2018.11.19-01.05.55:039][840]LogDerivedDataCache: Shutdown
[2018.11.19-01.05.55:039][840]LogModuleManager: Shutting down and abandoning module XGEController (160)
[2018.11.19-01.05.55:039][840]LogXGEController: Cleaning working directory: C:/Users/TDSSK/AppData/Local/Temp/UnrealXGEWorkingDir/
[2018.11.19-01.05.55:039][840]LogModuleManager: Shutting down and abandoning module TargetPlatform (158)
[2018.11.19-01.05.55:039][840]LogModuleManager: Shutting down and abandoning module VulkanShaderFormat (157)
[2018.11.19-01.05.55:039][840]LogModuleManager: Shutting down and abandoning module ShaderFormatVectorVM (155)
[2018.11.19-01.05.55:039][840]LogModuleManager: Shutting down and abandoning module ShaderFormatOpenGL (153)
[2018.11.19-01.05.55:039][840]LogModuleManager: Shutting down and abandoning module ShaderFormatD3D (151)
[2018.11.19-01.05.55:039][840]LogModuleManager: Shutting down and abandoning module MetalShaderFormat (149)
[2018.11.19-01.05.55:039][840]LogModuleManager: Shutting down and abandoning module TextureFormatUncompressed (147)
[2018.11.19-01.05.55:039][840]LogModuleManager: Shutting down and abandoning module TextureFormatPVR (145)
[2018.11.19-01.05.55:039][840]LogModuleManager: Shutting down and abandoning module TextureFormatDXT (143)
[2018.11.19-01.05.55:040][840]LogModuleManager: Shutting down and abandoning module TextureFormatIntelISPCTexComp (141)
[2018.11.19-01.05.55:040][840]LogModuleManager: Shutting down and abandoning module TextureFormatASTC (139)
[2018.11.19-01.05.55:040][840]LogModuleManager: Shutting down and abandoning module ImageWrapper (138)
[2018.11.19-01.05.55:040][840]LogModuleManager: Shutting down and abandoning module TextureFormatAndroid (135)
[2018.11.19-01.05.55:040][840]LogModuleManager: Shutting down and abandoning module AudioFormatOpus (133)
[2018.11.19-01.05.55:040][840]LogModuleManager: Shutting down and abandoning module AudioFormatOgg (131)
[2018.11.19-01.05.55:040][840]LogModuleManager: Shutting down and abandoning module AudioFormatADPCM (129)
[2018.11.19-01.05.55:040][840]LogModuleManager: Shutting down and abandoning module LuminTargetPlatform (127)
[2018.11.19-01.05.55:040][840]LogModuleManager: Shutting down and abandoning module LinuxTargetPlatform (125)
[2018.11.19-01.05.55:040][840]LogModuleManager: Shutting down and abandoning module LinuxServerTargetPlatform (123)
[2018.11.19-01.05.55:040][840]LogModuleManager: Shutting down and abandoning module LinuxNoEditorTargetPlatform (121)
[2018.11.19-01.05.55:040][840]LogModuleManager: Shutting down and abandoning module LinuxClientTargetPlatform (119)
[2018.11.19-01.05.55:040][840]LogModuleManager: Shutting down and abandoning module TVOSTargetPlatform (117)
[2018.11.19-01.05.55:041][840]LogModuleManager: Shutting down and abandoning module Messaging (115)
[2018.11.19-01.05.55:041][840]LogModuleManager: Shutting down and abandoning module IOSTargetPlatform (113)
[2018.11.19-01.05.55:042][840]LogModuleManager: Shutting down and abandoning module HTML5TargetPlatform (111)
[2018.11.19-01.05.55:042][840]LogModuleManager: Shutting down and abandoning module AndroidTargetPlatform (109)
[2018.11.19-01.05.55:053][840]LogModuleManager: Shutting down and abandoning module WindowsTargetPlatform (107)
[2018.11.19-01.05.55:053][840]LogModuleManager: Shutting down and abandoning module WindowsServerTargetPlatform (105)
[2018.11.19-01.05.55:053][840]LogModuleManager: Shutting down and abandoning module WindowsNoEditorTargetPlatform (103)
[2018.11.19-01.05.55:053][840]LogModuleManager: Shutting down and abandoning module WindowsClientTargetPlatform (101)
[2018.11.19-01.05.55:053][840]LogModuleManager: Shutting down and abandoning module MacTargetPlatform (99)
[2018.11.19-01.05.55:053][840]LogModuleManager: Shutting down and abandoning module MacServerTargetPlatform (97)
[2018.11.19-01.05.55:053][840]LogModuleManager: Shutting down and abandoning module MacNoEditorTargetPlatform (95)
[2018.11.19-01.05.55:053][840]LogModuleManager: Shutting down and abandoning module MacClientTargetPlatform (93)
[2018.11.19-01.05.55:053][840]LogModuleManager: Shutting down and abandoning module AllDesktopTargetPlatform (91)
[2018.11.19-01.05.55:053][840]LogModuleManager: Shutting down and abandoning module InputCore (88)
[2018.11.19-01.05.55:053][840]LogModuleManager: Shutting down and abandoning module Settings (86)
[2018.11.19-01.05.55:053][840]LogModuleManager: Shutting down and abandoning module PhysXCooking (84)
[2018.11.19-01.05.55:053][840]LogModuleManager: Shutting down and abandoning module SteamVR (82)
[2018.11.19-01.05.55:053][840]LogModuleManager: Shutting down and abandoning module OculusHMD (80)
[2018.11.19-01.05.55:053][840]LogModuleManager: Shutting down and abandoning module ExampleDeviceProfileSelector (78)
[2018.11.19-01.05.55:053][840]LogModuleManager: Shutting down and abandoning module LauncherChunkInstaller (76)
[2018.11.19-01.05.55:053][840]LogModuleManager: Shutting down and abandoning module OnlineBlueprintSupport (74)
[2018.11.19-01.05.55:054][840]LogModuleManager: Shutting down and abandoning module OnlineSubsystem (70)
[2018.11.19-01.05.55:054][840]LogModuleManager: Shutting down and abandoning module XMPP (65)
[2018.11.19-01.05.55:055][840]LogModuleManager: Shutting down and abandoning module WebSockets (64)
[2018.11.19-01.05.55:065][840]LogModuleManager: Shutting down and abandoning module HTTP (61)
[2018.11.19-01.05.55:065][840]LogHttp: Display: Http module shutting down, but needs to wait on 1 outstanding Http requests:
[2018.11.19-01.05.55:065][840]LogHttp: Display: 	verb=[POST] url=[https://datarouter.ol.epicgames.com/datarouter/api/v1/public/data?SessionID=%7BF23F1C31-41EA-A524-2C02-C1BBCA4313A9%7D&AppID=UEEditor.Rocket.Release&AppVersion=4.20.3-4369336%2B%2B%2BUE4%2BRelease-4.20&UserID=732877064c2d1d64b94795bb113caa3e%7Cb15aaf259a234981ac58d9a2d8097391%7C8c7a9a19-8aa6-48f6-bf7f-342c0723fb9e&AppEnvironment=datacollector-binary&UploadType=eteventstream] status=Processing
[2018.11.19-01.05.55:080][840]LogModuleManager: Shutting down and abandoning module SSL (60)
[2018.11.19-01.05.55:082][840]LogModuleManager: Shutting down and abandoning module MagicLeapEmulator (56)
[2018.11.19-01.05.55:082][840]LogModuleManager: Shutting down and abandoning module MagicLeapPrivileges (54)
[2018.11.19-01.05.55:082][840]LogModuleManager: Shutting down and abandoning module MagicLeapIdentity (52)
[2018.11.19-01.05.55:082][840]LogModuleManager: Shutting down and abandoning module MagicLeapHelperVulkan (50)
[2018.11.19-01.05.55:082][840]LogModuleManager: Shutting down and abandoning module MagicLeapHelperOpenGL (48)
[2018.11.19-01.05.55:082][840]LogModuleManager: Shutting down and abandoning module MagicLeapSecureStorage (46)
[2018.11.19-01.05.55:082][840]LogModuleManager: Shutting down and abandoning module MagicLeapGestures (44)
[2018.11.19-01.05.55:082][840]LogModuleManager: Shutting down and abandoning module MagicLeapEyeTracker (42)
[2018.11.19-01.05.55:082][840]LogModuleManager: Shutting down and abandoning module MagicLeapController (40)
[2018.11.19-01.05.55:083][840]LogSlate: Slate User Destroyed.  User Index 0, Is Virtual User: 0
[2018.11.19-01.05.55:083][840]LogModuleManager: Shutting down and abandoning module MagicLeap (38)
[2018.11.19-01.05.55:083][840]LogModuleManager: Shutting down and abandoning module AnimationModifiers (36)
[2018.11.19-01.05.55:083][840]LogModuleManager: Shutting down and abandoning module PropertyEditor (35)
[2018.11.19-01.05.55:083][840]LogModuleManager: Shutting down and abandoning module AudioEditor (32)
[2018.11.19-01.05.55:083][840]LogModuleManager: Shutting down and abandoning module TextureCompressor (30)
[2018.11.19-01.05.55:083][840]LogModuleManager: Shutting down and abandoning module ShaderCore (28)
[2018.11.19-01.05.55:083][840]LogModuleManager: Shutting down and abandoning module Landscape (26)
[2018.11.19-01.05.55:083][840]LogModuleManager: Shutting down and abandoning module SlateRHIRenderer (24)
[2018.11.19-01.05.55:084][840]LogModuleManager: Shutting down and abandoning module OpenGLDrv (22)
[2018.11.19-01.05.55:084][840]LogModuleManager: Shutting down and abandoning module D3D11RHI (20)
[2018.11.19-01.05.55:084][840]LogModuleManager: Shutting down and abandoning module AnimGraphRuntime (18)
[2018.11.19-01.05.55:084][840]LogModuleManager: Shutting down and abandoning module Renderer (16)
[2018.11.19-01.05.55:084][840]LogModuleManager: Shutting down and abandoning module Engine (14)
[2018.11.19-01.05.55:084][840]LogModuleManager: Shutting down and abandoning module CoreUObject (12)
[2018.11.19-01.05.55:084][840]LogModuleManager: Shutting down and abandoning module NetworkFile (10)
[2018.11.19-01.05.55:084][840]LogModuleManager: Shutting down and abandoning module CookedIterativeFile (8)
[2018.11.19-01.05.55:084][840]LogModuleManager: Shutting down and abandoning module StreamingFile (6)
[2018.11.19-01.05.55:084][840]LogModuleManager: Shutting down and abandoning module SandboxFile (4)
[2018.11.19-01.05.55:084][840]LogModuleManager: Shutting down and abandoning module PakFile (2)
[2018.11.19-01.05.55:089][840]LogExit: Exiting.
[2018.11.19-01.05.55:095][840]Log file closed, 11/19/18 01:05:55
