Log file open, 01/04/19 21:54:58
LogWindows: Failed to load 'aqProf.dll' (GetLastError=126)
LogWindows: File 'aqProf.dll' does not exist
LogWindows: Failed to load 'VSPerf140.dll' (GetLastError=126)
LogWindows: File 'VSPerf140.dll' does not exist
LogWindows: Failed to load 'VtuneApi.dll' (GetLastError=126)
LogWindows: File 'VtuneApi.dll' does not exist
LogWindows: Failed to load 'VtuneApi32e.dll' (GetLastError=126)
LogWindows: File 'VtuneApi32e.dll' does not exist
LogInit: Display: Running engine for game: TGP_Project
LogPlatformFile: Not using cached read wrapper
LogTaskGraph: Started task graph with 5 named threads and 14 total threads with 3 sets of task threads.
LogStats: Stats thread started at 0.243664
LogD3D11RHI: Loaded GFSDK_Aftermath_Lib.x64.dll
LogICUInternationalization: Display: ICU TimeZone Detection - Raw Offset: +0:00, Platform Override: ''
LogPluginManager: Mounting plugin Paper2D
LogPluginManager: Mounting plugin AISupport
LogPluginManager: Mounting plugin LightPropagationVolume
LogPluginManager: Mounting plugin CLionSourceCodeAccess
LogPluginManager: Mounting plugin CodeLiteSourceCodeAccess
LogPluginManager: Mounting plugin GitSourceControl
LogPluginManager: Mounting plugin KDevelopSourceCodeAccess
LogPluginManager: Mounting plugin NullSourceCodeAccess
LogPluginManager: Mounting plugin PerforceSourceControl
LogPluginManager: Mounting plugin SubversionSourceControl
LogPluginManager: Mounting plugin UObjectPlugin
LogPluginManager: Mounting plugin VisualStudioCodeSourceCodeAccess
LogPluginManager: Mounting plugin VisualStudioSourceCodeAccess
LogPluginManager: Mounting plugin XCodeSourceCodeAccess
LogPluginManager: Mounting plugin AssetManagerEditor
LogPluginManager: Mounting plugin CryptoKeys
LogPluginManager: Mounting plugin DataValidation
LogPluginManager: Mounting plugin FacialAnimation
LogPluginManager: Mounting plugin GameplayTagsEditor
LogPluginManager: Mounting plugin MacGraphicsSwitching
LogPluginManager: Mounting plugin MeshEditor
LogPluginManager: Mounting plugin MobileLauncherProfileWizard
LogPluginManager: Mounting plugin PluginBrowser
LogPluginManager: Mounting plugin SpeedTreeImporter
LogPluginManager: Mounting plugin DatasmithContent
LogPluginManager: Mounting plugin AlembicImporter
LogPluginManager: Mounting plugin AppleImageUtils
LogPluginManager: Mounting plugin AppleVision
LogPluginManager: Mounting plugin BackChannel
LogPluginManager: Mounting plugin CharacterAI
LogPluginManager: Mounting plugin GeometryCache
LogPluginManager: Mounting plugin HTML5Networking
LogPluginManager: Mounting plugin ProxyLODPlugin
LogPluginManager: Mounting plugin MagicLeap
LogPluginManager: Mounting plugin MagicLeapEmulator
LogPluginManager: Mounting plugin MagicLeapMedia
LogPluginManager: Mounting plugin AndroidMedia
LogPluginManager: Mounting plugin AvfMedia
LogPluginManager: Mounting plugin ImgMedia
LogPluginManager: Mounting plugin LinearTimecode
LogPluginManager: Mounting plugin MediaCompositing
LogPluginManager: Mounting plugin MediaPlayerEditor
LogPluginManager: Mounting plugin WmfMedia
LogPluginManager: Mounting plugin TcpMessaging
LogPluginManager: Mounting plugin UdpMessaging
LogPluginManager: Mounting plugin ActorSequence
LogPluginManager: Mounting plugin LevelSequenceEditor
LogPluginManager: Mounting plugin MatineeToLevelSequence
LogPluginManager: Mounting plugin NetcodeUnitTest
LogPluginManager: Mounting plugin NUTUnrealEngine4
LogPluginManager: Mounting plugin OnlineSubsystemGooglePlay
LogPluginManager: Mounting plugin OnlineSubsystemIOS
LogPluginManager: Mounting plugin OnlineSubsystem
LogPluginManager: Mounting plugin OnlineSubsystemNull
LogPluginManager: Mounting plugin OnlineSubsystemUtils
LogPluginManager: Mounting plugin LauncherChunkInstaller
LogPluginManager: Mounting plugin AndroidDeviceProfileSelector
LogPluginManager: Mounting plugin AndroidMoviePlayer
LogPluginManager: Mounting plugin AndroidPermission
LogPluginManager: Mounting plugin AppleMoviePlayer
LogPluginManager: Mounting plugin ArchVisCharacter
LogPluginManager: Mounting plugin AudioCapture
LogPluginManager: Mounting plugin CableComponent
LogPluginManager: Mounting plugin CustomMeshComponent
LogPluginManager: Mounting plugin EditableMesh
LogPluginManager: Mounting plugin ExampleDeviceProfileSelector
LogPluginManager: Mounting plugin GoogleCloudMessaging
LogPluginManager: Mounting plugin ImmediatePhysics
LogPluginManager: Mounting plugin IOSDeviceProfileSelector
LogPluginManager: Mounting plugin LinuxDeviceProfileSelector
LogPluginManager: Mounting plugin LocationServicesBPLibrary
LogPluginManager: Mounting plugin MobilePatchingUtils
LogPluginManager: Mounting plugin OculusVR
LogPluginManager: Plugin shader directory ../../../Engine/Plugins/Runtime/Oculus/OculusVR/Shaders found
LogPluginManager: Mapping shader source directory ../../../Engine/Plugins/Runtime/Oculus/OculusVR/Shaders to virtual directory /Plugin/OculusVR
LogPluginManager: Mounting plugin PhysXVehicles
LogPluginManager: Mounting plugin ProceduralMeshComponent
LogPluginManager: Mounting plugin RuntimePhysXCooking
LogPluginManager: Mounting plugin SteamVR
LogPluginManager: Mounting plugin WindowsMoviePlayer
LogStreaming: Display: Took  0.132s to configure plugins.
LogInit: Using libcurl 7.55.1-DEV
LogInit:  - built for x86_64-pc-win32
LogInit:  - supports SSL with OpenSSL/1.0.2h
LogInit:  - supports HTTP deflate (compression) using libz 1.2.8
LogInit:  - other features:
LogInit:      CURL_VERSION_SSL
LogInit:      CURL_VERSION_LIBZ
LogInit:      CURL_VERSION_IPV6
LogInit:      CURL_VERSION_ASYNCHDNS
LogInit:      CURL_VERSION_LARGEFILE
LogInit:      CURL_VERSION_IDN
LogInit:  CurlRequestOptions (configurable via config and command line):
LogInit:  - bVerifyPeer = false  - Libcurl will NOT verify peer certificate
LogInit:  - bUseHttpProxy = false  - Libcurl will NOT use HTTP proxy
LogInit:  - bDontReuseConnections = false  - Libcurl will reuse connections
LogInit:  - CertBundlePath = nullptr  - Libcurl will use whatever was configured at build time.
LogInit:  - MaxHostConnections = 16  - Libcurl will limit the number of connections to a host
LogInit:  - LocalHostAddr = Default
LogInit:  - BufferSize = 65536
LogInit: WinSock: version 1.1 (2.2), MaxSocks=32767, MaxUdp=65467
LogInit: Build: ++UE4+Release-4.20-CL-4369336
LogInit: Engine Version: 4.20.3-4369336+++UE4+Release-4.20
LogInit: Compatible Engine Version: 4.20.0-4212847+++UE4+Release-4.20
LogInit: Net CL: 4212847
LogInit: OS: Windows 10 (), CPU: Intel(R) Core(TM) i5-4590 CPU @ 3.30GHz, GPU: NVIDIA GeForce GTX 1060 6GB
LogInit: Compiled (64-bit): Sep 17 2018 12:26:19
LogInit: Compiled with Visual C++: 19.13.26129.00
LogInit: Build Configuration: Development
LogInit: Branch Name: ++UE4+Release-4.20
LogInit: Command Line:  
LogInit: Base Directory: C:/Program Files/Epic Games/UE_4.20/Engine/Binaries/Win64/
LogInit: Installed Engine Build: 1
LogDevObjectVersion: Number of dev versions registered: 20
LogDevObjectVersion:   Dev-Blueprints (B0D832E4-1F89-4F0D-ACCF-7EB736FD4AA2): 10
LogDevObjectVersion:   Dev-Build (E1C64328-A22C-4D53-A36C-8E866417BD8C): 0
LogDevObjectVersion:   Dev-Core (375EC13C-06E4-48FB-B500-84F0262A717E): 2
LogDevObjectVersion:   Dev-Editor (E4B068ED-F494-42E9-A231-DA0B2E46BB41): 24
LogDevObjectVersion:   Dev-Framework (CFFC743F-43B0-4480-9391-14DF171D2073): 34
LogDevObjectVersion:   Dev-Mobile (B02B49B5-BB20-44E9-A304-32B752E40360): 2
LogDevObjectVersion:   Dev-Networking (A4E4105C-59A1-49B5-A7C5-40C4547EDFEE): 0
LogDevObjectVersion:   Dev-Online (39C831C9-5AE6-47DC-9A44-9C173E1C8E7C): 0
LogDevObjectVersion:   Dev-Physics (78F01B33-EBEA-4F98-B9B4-84EACCB95AA2): 0
LogDevObjectVersion:   Dev-Platform (6631380F-2D4D-43E0-8009-CF276956A95A): 0
LogDevObjectVersion:   Dev-Rendering (12F88B9F-8875-4AFC-A67C-D90C383ABD29): 26
LogDevObjectVersion:   Dev-Sequencer (7B5AE74C-D270-4C10-A958-57980B212A5A): 9
LogDevObjectVersion:   Dev-VR (D7296918-1DD6-4BDD-9DE2-64A83CC13884): 2
LogDevObjectVersion:   Dev-LoadTimes (C2A15278-BFE7-4AFE-6C17-90FF531DF755): 1
LogDevObjectVersion:   Private-Geometry (6EACA3D4-40EC-4CC1-B786-8BED09428FC5): 3
LogDevObjectVersion:   Dev-AnimPhys (29E575DD-E0A3-4627-9D10-D276232CDCEA): 17
LogDevObjectVersion:   Dev-ReflectionCapture (6B266CEC-1EC7-4B8F-A30B-E4D90942FC07): 1
LogDevObjectVersion:   Dev-Automation (0DF73D61-A23F-47EA-B727-89E90C41499A): 1
LogDevObjectVersion:   FortniteMain (601D1886-AC64-4F84-AA16-D3DE0DEAC7D6): 12
LogDevObjectVersion:   Dev-Enterprise (9DFFBCD6-494F-0158-E221-12823C92A888): 1
LogStreaming: Display: Took  0.002s to delete old logs.
LogInit: Presizing for max 8388607 objects, including 0 objects not considered by GC, pre-allocating 0 bytes for permanent pool.
LogInit: Object subsystem initialized
[2019.01.04-21.54.58:598][  0]LogInit: Selected Device Profile: [Windows]
[2019.01.04-21.54.58:598][  0]LogInit: Applying CVar settings loaded from the selected device profile: [Windows]
[2019.01.04-21.54.58:608][  0]LogHAL: Display: Platform has ~ 16 GB [17009229824 / 17179869184 / 16], which maps to Larger [LargestMinGB=32, LargerMinGB=12, DefaultMinGB=8, SmallerMinGB=6, SmallestMinGB=0)
[2019.01.04-21.54.58:608][  0]LogInit: Setting Device Profile CVar: [[r.Vulkan.UseRealUBs:1]]
[2019.01.04-21.54.58:608][  0]LogInit: Going up to parent DeviceProfile []
[2019.01.04-21.54.58:609][  0]LogInit: Computer: GROUNDZERO
[2019.01.04-21.54.58:609][  0]LogInit: User: TDSSK
[2019.01.04-21.54.58:609][  0]LogInit: CPU Page size=4096, Cores=4
[2019.01.04-21.54.58:609][  0]LogInit: High frequency timer resolution =3.222657 MHz
[2019.01.04-21.54.58:609][  0]LogMemory: Memory total: Physical=15.8GB (16GB approx)
[2019.01.04-21.54.58:609][  0]LogMemory: Platform Memory Stats for Windows
[2019.01.04-21.54.58:609][  0]LogMemory: Process Physical Memory: 102.17 MB used, 102.17 MB peak
[2019.01.04-21.54.58:609][  0]LogMemory: Process Virtual Memory: 96.22 MB used, 96.22 MB peak
[2019.01.04-21.54.58:609][  0]LogMemory: Physical Memory: 9510.68 MB used,  6710.58 MB free, 16221.27 MB total
[2019.01.04-21.54.58:609][  0]LogMemory: Virtual Memory: 536.43 MB used,  6710.58 MB free, 134217728.00 MB total
[2019.01.04-21.54.58:638][  0]LogInit: Using OS detected language (en-GB).
[2019.01.04-21.54.58:638][  0]LogInit: Using OS detected locale (en-GB).
[2019.01.04-21.54.58:639][  0]LogTextLocalizationManager: No specific localization for 'en-GB' exists, so the 'en' localization will be used.
[2019.01.04-21.54.59:035][  0]LogStreaming: Display: Took  0.397s to InitEngineTextLocalization.
[2019.01.04-21.54.59:035][  0]LogInit: Setting process to per monitor DPI aware
[2019.01.04-21.54.59:065][  0]LogSlate: New Slate User Created.  User Index 0, Is Virtual User: 0
[2019.01.04-21.54.59:065][  0]LogSlate: Slate User Registered.  User Index 0, Is Virtual User: 0
[2019.01.04-21.54.59:303][  0]LogHMD: Failed to initialize OpenVR with code 110
[2019.01.04-21.54.59:303][  0]LogD3D11RHI: D3D11 adapters:
[2019.01.04-21.54.59:411][  0]LogD3D11RHI:    0. 'NVIDIA GeForce GTX 1060 6GB' (Feature Level 11_0)
[2019.01.04-21.54.59:411][  0]LogD3D11RHI:       6052/0/8110 MB DedicatedVideo/DedicatedSystem/SharedSystem, Outputs:1, VendorId:0x10de
[2019.01.04-21.54.59:418][  0]LogD3D11RHI:    1. 'Intel(R) HD Graphics 4600' (Feature Level 11_0)
[2019.01.04-21.54.59:418][  0]LogD3D11RHI:       112/0/2048 MB DedicatedVideo/DedicatedSystem/SharedSystem, Outputs:0, VendorId:0x8086
[2019.01.04-21.54.59:421][  0]LogD3D11RHI:    2. 'Microsoft Basic Render Driver' (Feature Level 11_0)
[2019.01.04-21.54.59:421][  0]LogD3D11RHI:       0/0/8110 MB DedicatedVideo/DedicatedSystem/SharedSystem, Outputs:0, VendorId:0x1414
[2019.01.04-21.54.59:421][  0]LogD3D11RHI: Chosen D3D11 Adapter: 0
[2019.01.04-21.54.59:436][  0]LogD3D11RHI: Creating new Direct3DDevice
[2019.01.04-21.54.59:436][  0]LogD3D11RHI:     GPU DeviceId: 0x1c03 (for the marketing name, search the web for "GPU Device Id")
[2019.01.04-21.54.59:436][  0]LogWindows: EnumDisplayDevices:
[2019.01.04-21.54.59:436][  0]LogWindows:    0. 'NVIDIA GeForce GTX 1060 6GB' (P:1 D:1)
[2019.01.04-21.54.59:436][  0]LogWindows:    1. 'NVIDIA GeForce GTX 1060 6GB' (P:0 D:0)
[2019.01.04-21.54.59:437][  0]LogWindows:    2. 'NVIDIA GeForce GTX 1060 6GB' (P:0 D:0)
[2019.01.04-21.54.59:437][  0]LogWindows:    3. 'NVIDIA GeForce GTX 1060 6GB' (P:0 D:0)
[2019.01.04-21.54.59:438][  0]LogWindows:    4. 'Intel(R) HD Graphics 4600' (P:0 D:0)
[2019.01.04-21.54.59:438][  0]LogWindows:    5. 'Intel(R) HD Graphics 4600' (P:0 D:0)
[2019.01.04-21.54.59:439][  0]LogWindows:    6. 'Intel(R) HD Graphics 4600' (P:0 D:0)
[2019.01.04-21.54.59:439][  0]LogWindows: DebugString: PrimaryIsNotTheChoosenAdapter PrimaryIsNotTheChoosenAdapter PrimaryIsNotTheChoosenAdapter FoundDriverCount:4 
[2019.01.04-21.54.59:439][  0]LogD3D11RHI:     Adapter Name: NVIDIA GeForce GTX 1060 6GB
[2019.01.04-21.54.59:439][  0]LogD3D11RHI:   Driver Version: 397.64 (internal:24.21.13.9764, unified:397.64)
[2019.01.04-21.54.59:439][  0]LogD3D11RHI:      Driver Date: 5-7-2018
[2019.01.04-21.54.59:439][  0]LogRHI: Texture pool is 4236 MB (70% of 6052 MB)
[2019.01.04-21.54.59:499][  0]LogD3D11RHI: Async texture creation enabled
[2019.01.04-21.54.59:622][  0]LogD3D11RHI: GPU Timing Frequency: 1000.000000 (Debug: 2 2)
[2019.01.04-21.54.59:625][  0]LogShaderCompilers: Guid format shader working directory is -2 characters bigger than the processId version (D:/Documents/GitHub/TGP_PairProject/TGP_Project/Intermediate/Shaders/WorkingDirectory/11244/).
[2019.01.04-21.54.59:625][  0]LogShaderCompilers: Cleaned the shader compiler working directory 'C:/Users/TDSSK/AppData/Local/Temp/UnrealShaderWorkingDir/7FD485424666013512B3BEB2AC269265/'.
[2019.01.04-21.55.00:038][  0]LogTemp: Display: Loaded TP AllDesktopTargetPlatform
[2019.01.04-21.55.00:053][  0]LogTemp: Display: Loaded TP MacClientTargetPlatform
[2019.01.04-21.55.00:069][  0]LogTemp: Display: Loaded TP MacNoEditorTargetPlatform
[2019.01.04-21.55.00:084][  0]LogTemp: Display: Loaded TP MacServerTargetPlatform
[2019.01.04-21.55.00:100][  0]LogTemp: Display: Loaded TP MacTargetPlatform
[2019.01.04-21.55.00:115][  0]LogTemp: Display: Loaded TP WindowsClientTargetPlatform
[2019.01.04-21.55.00:130][  0]LogTemp: Display: Loaded TP WindowsNoEditorTargetPlatform
[2019.01.04-21.55.00:146][  0]LogTemp: Display: Loaded TP WindowsServerTargetPlatform
[2019.01.04-21.55.00:154][  0]LogTemp: Display: Loaded TP WindowsTargetPlatform
[2019.01.04-21.55.00:237][  0]LogTemp: Display: Loaded TP AndroidTargetPlatform
[2019.01.04-21.55.00:237][  0]LogTemp: Display: Loaded TP AndroidTargetPlatform
[2019.01.04-21.55.00:238][  0]LogTemp: Display: Loaded TP AndroidTargetPlatform
[2019.01.04-21.55.00:238][  0]LogTemp: Display: Loaded TP AndroidTargetPlatform
[2019.01.04-21.55.00:238][  0]LogTemp: Display: Loaded TP AndroidTargetPlatform
[2019.01.04-21.55.00:238][  0]LogTemp: Display: Loaded TP AndroidTargetPlatform
[2019.01.04-21.55.00:238][  0]LogTemp: Display: Loaded TP AndroidTargetPlatform
[2019.01.04-21.55.00:238][  0]LogTemp: Display: Loaded TP AndroidTargetPlatform
[2019.01.04-21.55.00:238][  0]LogTemp: Display: Loaded TP AndroidTargetPlatform
[2019.01.04-21.55.00:238][  0]LogTemp: Display: Loaded TP AndroidTargetPlatform
[2019.01.04-21.55.00:238][  0]LogTemp: Display: Loaded TP AndroidTargetPlatform
[2019.01.04-21.55.00:238][  0]LogTemp: Display: Loaded TP AndroidTargetPlatform
[2019.01.04-21.55.00:238][  0]LogTemp: Display: Loaded TP AndroidTargetPlatform
[2019.01.04-21.55.00:238][  0]LogTemp: Display: Loaded TP AndroidTargetPlatform
[2019.01.04-21.55.00:238][  0]LogTemp: Display: Loaded TP AndroidTargetPlatform
[2019.01.04-21.55.00:238][  0]LogTemp: Display: Loaded TP AndroidTargetPlatform
[2019.01.04-21.55.00:238][  0]LogTemp: Display: Loaded TP AndroidTargetPlatform
[2019.01.04-21.55.00:238][  0]LogTemp: Display: Loaded TP AndroidTargetPlatform
[2019.01.04-21.55.00:239][  0]LogTemp: Display: Loaded TP HTML5TargetPlatform
[2019.01.04-21.55.00:303][  0]LogTemp: Display: Loaded TP IOSTargetPlatform
[2019.01.04-21.55.00:303][  0]LogTemp: Display: Loaded TP IOSTargetPlatform
[2019.01.04-21.55.00:328][  0]LogTemp: Display: Loaded TP TVOSTargetPlatform
[2019.01.04-21.55.00:328][  0]LogTemp: Display: Loaded TP TVOSTargetPlatform
[2019.01.04-21.55.00:342][  0]LogTemp: Display: Loaded TP LinuxClientTargetPlatform
[2019.01.04-21.55.00:356][  0]LogTemp: Display: Loaded TP LinuxNoEditorTargetPlatform
[2019.01.04-21.55.00:371][  0]LogTemp: Display: Loaded TP LinuxServerTargetPlatform
[2019.01.04-21.55.00:386][  0]LogTemp: Display: Loaded TP LinuxTargetPlatform
[2019.01.04-21.55.00:396][  0]LogTemp: Display: Loaded TP LuminTargetPlatform
[2019.01.04-21.55.00:396][  0]LogTargetPlatformManager: Display: Building Assets For Windows
[2019.01.04-21.55.00:490][  0]LogXGEController: Cleaning working directory: C:/Users/TDSSK/AppData/Local/Temp/UnrealXGEWorkingDir/
[2019.01.04-21.55.00:491][  0]LogXGEController: Cannot use XGE Controller as Incredibuild is not installed on this machine.
[2019.01.04-21.55.00:491][  0]LogShaderCompilers: Cannot use XGE Shader Compiler as Incredibuild is not installed on this machine.
[2019.01.04-21.55.00:491][  0]LogShaderCompilers: Display: Using Local Shader Compiler.
[2019.01.04-21.55.01:388][  0]LogDerivedDataCache: Display: Max Cache Size: 512 MB
[2019.01.04-21.55.01:478][  0]LogDerivedDataCache: Loaded boot cache 0.09s 71MB C:/Users/TDSSK/AppData/Local/UnrealEngine/4.20/DerivedDataCache/Boot.ddc.
[2019.01.04-21.55.01:479][  0]LogDerivedDataCache: Display: Loaded Boot cache: C:/Users/TDSSK/AppData/Local/UnrealEngine/4.20/DerivedDataCache/Boot.ddc
[2019.01.04-21.55.01:479][  0]LogDerivedDataCache: FDerivedDataBackendGraph:  Pak pak cache file D:/Documents/GitHub/TGP_PairProject/TGP_Project/DerivedDataCache/DDC.ddp not found, will not use a pak cache.
[2019.01.04-21.55.01:479][  0]LogDerivedDataCache: Unable to find inner node Pak for hierarchical cache Hierarchy.
[2019.01.04-21.55.01:479][  0]LogDerivedDataCache: FDerivedDataBackendGraph:  CompressedPak pak cache file D:/Documents/GitHub/TGP_PairProject/TGP_Project/DerivedDataCache/Compressed.ddp not found, will not use a pak cache.
[2019.01.04-21.55.01:479][  0]LogDerivedDataCache: Unable to find inner node CompressedPak for hierarchical cache Hierarchy.
[2019.01.04-21.55.01:492][  0]LogDerivedDataCache: Display: Pak cache opened for reading ../../../Engine/DerivedDataCache/Compressed.ddp.
[2019.01.04-21.55.01:505][  0]LogDerivedDataCache: Using Local data cache path C:/Users/TDSSK/AppData/Local/UnrealEngine/Common/DerivedDataCache: Writable
[2019.01.04-21.55.01:505][  0]LogDerivedDataCache: Shared data cache path not found in *engine.ini, will not use an Shared cache.
[2019.01.04-21.55.01:505][  0]LogDerivedDataCache: Unable to find inner node Shared for hierarchical cache Hierarchy.
[2019.01.04-21.55.01:524][  0]LogMaterial: Verifying Global Shaders for PCD3D_SM5
[2019.01.04-21.55.01:525][  0]LogSlate: Using FreeType 2.6.0
[2019.01.04-21.55.01:526][  0]LogSlate: SlateFontServices - WITH_FREETYPE: 1, WITH_HARFBUZZ: 1
[2019.01.04-21.55.01:626][  0]LogAssetRegistry: FAssetRegistry took 0.0260 seconds to start up
[2019.01.04-21.55.01:961][  0]LogInit: Selected Device Profile: [Windows]
[2019.01.04-21.55.02:114][  0]LogSimplygon: Simplygon DLL not present - disabling.
[2019.01.04-21.55.02:120][  0]LogMeshReduction: Using SimplygonSwarm for distributed automatic mesh merging
[2019.01.04-21.55.02:120][  0]LogMeshReduction: Using ProxyLODMeshReduction for automatic mesh merging
[2019.01.04-21.55.02:120][  0]LogMeshReduction: Using QuadricMeshReduction for automatic static mesh reduction
[2019.01.04-21.55.02:120][  0]LogMeshReduction: No automatic skeletal mesh reduction module available
[2019.01.04-21.55.02:140][  0]LogNetVersion: TGP_Project 1.0.0, NetCL: 4212847, EngineNetVer: 5, GameNetVer: 0 (Checksum: 95638710)
[2019.01.04-21.55.02:783][  0]LogPackageLocalizationCache: Processed 11 localized package path(s) for 2 prioritized culture(s) in 0.096986 seconds
[2019.01.04-21.55.02:790][  0]LogUObjectArray: 38425 objects as part of root set at end of initial load.
[2019.01.04-21.55.02:790][  0]LogUObjectAllocator: 6690872 out of 0 bytes used by permanent object pool.
[2019.01.04-21.55.02:790][  0]LogUObjectArray: CloseDisregardForGC: 0/0 objects in disregard for GC pool
[2019.01.04-21.55.04:326][  0]LogTcpMessaging: Initializing TcpMessaging bridge
[2019.01.04-21.55.04:340][  0]LogUdpMessaging: Initializing bridge on interface 0.0.0.0:0 to multicast group 230.0.0.1:6666.
[2019.01.04-21.55.04:504][  0]SourceControl: Source control is disabled
[2019.01.04-21.55.04:504][  0]SourceControl: Source control is disabled
[2019.01.04-21.55.04:509][  0]SourceControl: Source control is disabled
[2019.01.04-21.55.04:511][  0]SourceControl: Source control is disabled
[2019.01.04-21.55.04:685][  0]LogAndroidPermission: UAndroidPermissionCallbackProxy::GetInstance
[2019.01.04-21.55.04:875][  0]LogOcInput: OculusInput pre-init called
[2019.01.04-21.55.04:940][  0]LogEngine: Initializing Engine...
[2019.01.04-21.55.04:941][  0]LogHMD: Failed to initialize OpenVR with code 110
[2019.01.04-21.55.04:943][  0]LogStats: UGameplayTagsManager::ConstructGameplayTagTree: ImportINI prefixes -  0.000 s
[2019.01.04-21.55.04:943][  0]LogStats: UGameplayTagsManager::ConstructGameplayTagTree: Construct from data asset -  0.000 s
[2019.01.04-21.55.04:943][  0]LogStats: UGameplayTagsManager::ConstructGameplayTagTree: ImportINI -  0.000 s
[2019.01.04-21.55.04:943][  0]LogStats: UGameplayTagsManager::ConstructGameplayTagTree: GameplayTagTreeChangedEvent.Broadcast -  0.000 s
[2019.01.04-21.55.05:171][  0]LogInit: Initializing FReadOnlyCVARCache
[2019.01.04-21.55.05:190][  0]LogAIModule: Creating AISystem for world Untitled
[2019.01.04-21.55.05:300][  0]LogInit: XAudio2 using 'Speakers (Realtek High Definition Audio)' : 2 channels at 48 kHz using 32 bits per sample (channel mask 0x3)
[2019.01.04-21.55.05:363][  0]LogInit: FAudioDevice initialized.
[2019.01.04-21.55.05:363][  0]LogNetVersion: Set ProjectVersion to 1.0.0.0. Version Checksum will be recalculated on next use.
[2019.01.04-21.55.05:547][  0]LogDerivedDataCache: Saved boot cache 0.18s 71MB C:/Users/TDSSK/AppData/Local/UnrealEngine/4.20/DerivedDataCache/Boot.ddc.
[2019.01.04-21.55.05:549][  0]LogInit: Texture streaming: Enabled
[2019.01.04-21.55.05:574][  0]LogEngineSessionManager: EngineSessionManager initialized
[2019.01.04-21.55.05:601][  0]LogInit: Transaction tracking system initialized
[2019.01.04-21.55.05:640][  0]BlueprintLog: New page: Editor Load
[2019.01.04-21.55.05:755][  0]LocalizationService: Localization service is disabled
[2019.01.04-21.55.06:062][  0]LogCook: Display: Max memory allowance for cook 16384mb min free memory 0mb
[2019.01.04-21.55.06:062][  0]LogCook: Display: Mobile HDR setting 1
[2019.01.04-21.55.06:062][  0]LogGameplayTags: Display: UGameplayTagsManager::DoneAddingNativeTags. DelegateIsBound: 0
[2019.01.04-21.55.06:062][  0]LogStats: UGameplayTagsManager::ConstructGameplayTagTree: ImportINI prefixes -  0.000 s
[2019.01.04-21.55.06:062][  0]LogStats: UGameplayTagsManager::ConstructGameplayTagTree: Construct from data asset -  0.000 s
[2019.01.04-21.55.06:063][  0]LogStats: UGameplayTagsManager::ConstructGameplayTagTree: ImportINI -  0.000 s
[2019.01.04-21.55.06:063][  0]LogStats: UGameplayTagsManager::ConstructGameplayTagTree: GameplayTagTreeChangedEvent.Broadcast -  0.000 s
[2019.01.04-21.55.06:228][  0]LogFileCache: Scanning file cache for directory 'D:/Documents/GitHub/TGP_PairProject/TGP_Project/Content/' took 0.02s
[2019.01.04-21.55.06:228][  0]SourceControl: Source control is disabled
[2019.01.04-21.55.06:228][  0]Cmd: MAP LOAD FILE="D:/Documents/GitHub/TGP_PairProject/TGP_Project/Content/Levels/BaseLevel.umap" TEMPLATE=0 SHOWPROGRESS=1 FEATURELEVEL=3
[2019.01.04-21.55.06:229][  0]LightingResults: New page: Lighting Build
[2019.01.04-21.55.06:233][  0]MapCheck: New page: Map Check
[2019.01.04-21.55.06:233][  0]LightingResults: New page: Lighting Build
[2019.01.04-21.55.06:435][  0]LogAIModule: Creating AISystem for world BaseLevel
[2019.01.04-21.55.06:443][  0]LogEditorServer: Finished looking for orphan Actors (0.000 secs)
[2019.01.04-21.55.06:464][  0]Cmd: MAP CHECKDEP NOCLEARLOG
[2019.01.04-21.55.06:624][  0]MapCheck: Map check complete: 0 Error(s), 0 Warning(s), took 159.186ms to complete.
[2019.01.04-21.55.06:624][  0]LogFileHelpers: Loading map 'BaseLevel' took 0.396
[2019.01.04-21.55.06:731][  0]LogSlate: Updating window title bar state: overlay mode, drag disabled, window buttons hidden, title bar hidden
[2019.01.04-21.55.06:743][  0]LogSlate: Updating window title bar state: overlay mode, drag disabled, window buttons hidden, title bar hidden
[2019.01.04-21.55.06:753][  0]LogSlate: Updating window title bar state: overlay mode, drag disabled, window buttons hidden, title bar hidden
[2019.01.04-21.55.06:761][  0]LogSlate: Updating window title bar state: overlay mode, drag disabled, window buttons hidden, title bar hidden
[2019.01.04-21.55.06:770][  0]LogCollectionManager: Loaded 0 collections in 0.002824 seconds
[2019.01.04-21.55.06:812][  0]LogFileCache: Scanning file cache for directory 'D:/Documents/GitHub/TGP_PairProject/TGP_Project/Saved/Collections/' took 0.01s
[2019.01.04-21.55.06:812][  0]LogFileCache: Scanning file cache for directory 'D:/Documents/GitHub/TGP_PairProject/TGP_Project/Content/Developers/TDSSK/Collections/' took 0.01s
[2019.01.04-21.55.06:812][  0]LogFileCache: Scanning file cache for directory 'D:/Documents/GitHub/TGP_PairProject/TGP_Project/Content/Collections/' took 0.01s
[2019.01.04-21.55.06:812][  0]LogCollectionManager: Rebuilt the GUID cache for 0 collections in 0.000000 seconds
[2019.01.04-21.55.06:821][  0]LogContentBrowser: Native class hierarchy populated in 0.0095 seconds. Added 2586 classes and 606 folders.
[2019.01.04-21.55.06:831][  0]LogContentBrowser: Native class hierarchy updated for 'WidgetCarousel' in 0.0004 seconds. Added 0 classes and 0 folders.
[2019.01.04-21.55.06:916][  0]LogContentBrowser: Native class hierarchy updated for 'AddContentDialog' in 0.0003 seconds. Added 0 classes and 0 folders.
[2019.01.04-21.55.06:922][  0]LogContentBrowser: Native class hierarchy updated for 'SceneOutliner' in 0.0003 seconds. Added 1 classes and 2 folders.
[2019.01.04-21.55.06:938][  0]LogSlate: Took 0.001033 seconds to synchronously load lazily loaded font '../../../Engine/Content/Slate/Fonts/Roboto-Regular.ttf' (155K)
[2019.01.04-21.55.06:941][  0]LogSlate: Took 0.000872 seconds to synchronously load lazily loaded font '../../../Engine/Content/Slate/Fonts/Roboto-Bold.ttf' (160K)
[2019.01.04-21.55.06:947][  0]LogSlate: Took 0.000898 seconds to synchronously load lazily loaded font '../../../Engine/Content/Editor/Slate/Fonts/FontAwesome.ttf' (139K)
[2019.01.04-21.55.07:031][  0]LogRenderer: Reallocating scene render targets to support 1208x600 Format 10 NumSamples 1 (Frame:1).
[2019.01.04-21.55.07:079][  0]LogSlate: Took 0.001103 seconds to synchronously load lazily loaded font '../../../Engine/Content/Slate/Fonts/Roboto-Light.ttf' (167K)
[2019.01.04-21.55.07:231][  0]LogContentBrowser: Native class hierarchy updated for 'HierarchicalLODOutliner' in 0.0003 seconds. Added 0 classes and 0 folders.
[2019.01.04-21.55.07:231][  0]LogLoad: (Engine Initialization) Total time: 10.87 seconds
[2019.01.04-21.55.07:231][  0]LogLoad: (Engine Initialization) Total Blueprint compile time: 0.00 seconds
[2019.01.04-21.55.07:286][  0]LogContentStreaming: Texture pool size now 1000 MB
[2019.01.04-21.55.07:325][  1]LogFileCache: Retrieving MD5 hashes for directory 'D:/Documents/GitHub/TGP_PairProject/TGP_Project/Content/' took 0.07s
[2019.01.04-21.55.07:339][  1]LogAssetRegistry: Asset discovery search completed in 5.7344 seconds
[2019.01.04-21.55.07:341][  1]LogCollectionManager: Rebuilt the object cache for 0 collections in 0.000000 seconds (found 0 objects)
[2019.01.04-21.55.07:341][  1]LogCollectionManager: Fixed up redirectors for 0 collections in 0.000053 seconds (updated 0 objects)
[2019.01.04-21.55.08:671][  5]LogSlate: Took 0.000535 seconds to synchronously load lazily loaded font '../../../Engine/Content/Slate/Fonts/Roboto-Light.ttf' (167K)
[2019.01.04-21.57.13:309][622]LogSlate: FSceneViewport::OnFocusLost() reason 0
[2019.01.04-21.57.13:374][628]Candidate modules for hot reload:
[2019.01.04-21.57.13:374][628]  TGP_Project
[2019.01.04-21.57.13:374][628]Launching UnrealBuildTool... [C:/Program Files/Epic Games/UE_4.20/Engine/Binaries/DotNET/UnrealBuildTool.exe  -ModuleWithSuffix=TGP_Project,7186 Win64 Development -TargetType=Editor -Project="D:/Documents/GitHub/TGP_PairProject/TGP_Project/TGP_Project.uproject" -canskiplink "D:/Documents/GitHub/TGP_PairProject/TGP_Project/TGP_Project.uproject" ]
[2019.01.04-21.57.13:376][628]Warning: Starting HotReload took  0.0s.
[2019.01.04-21.58.52:621][274]CompilerResultsLog: New page: Compilation - 4 Jan 2019 21:58:52
[2019.01.04-21.58.52:621][274]CompilerResultsLog: Using 'git status' to determine working set for adaptive non-unity build.
[2019.01.04-21.58.52:621][274]CompilerResultsLog: Creating makefile for hot reloading TGP_ProjectEditor (game project files are newer)
[2019.01.04-21.58.52:621][274]CompilerResultsLog: Compiling game modules for hot reload
[2019.01.04-21.58.52:621][274]CompilerResultsLog: Performing full C++ include scan (no include cache file)
[2019.01.04-21.58.52:621][274]CompilerResultsLog: Using Visual Studio 2017 14.16.27023 toolchain (C:\Program Files (x86)\Microsoft Visual Studio\2017\Community\VC\Tools\MSVC\14.16.27023) and Windows 10.0.17763.0 SDK (C:\Program Files (x86)\Windows Kits\10).
[2019.01.04-21.58.52:621][274]CompilerResultsLog: Parsing headers for TGP_ProjectEditor
[2019.01.04-21.58.52:621][274]CompilerResultsLog:   Running UnrealHeaderTool "D:\Documents\GitHub\TGP_PairProject\TGP_Project\TGP_Project.uproject" "D:\Documents\GitHub\TGP_PairProject\TGP_Project\Intermediate\Build\Win64\TGP_ProjectEditor\Development\TGP_ProjectEditor.uhtmanifest" -LogCmds="loginit warning, logexit warning, logdatabase error" -Unattended -WarningsAsErrors -installed
[2019.01.04-21.58.52:621][274]CompilerResultsLog: Reflection code generated for TGP_ProjectEditor in 10.3567 seconds
[2019.01.04-21.58.52:621][274]CompilerResultsLog: Building 35 actions with 4 processes...
[2019.01.04-21.58.52:621][274]CompilerResultsLog:   [1/35] PCLaunch.rc
[2019.01.04-21.58.52:621][274]CompilerResultsLog:   [2/35] SharedPCH.Engine.cpp
[2019.01.04-21.58.52:621][274]CompilerResultsLog:   [3/35] TGP_Project.init.gen.cpp
[2019.01.04-21.58.52:621][274]CompilerResultsLog:   [4/35] TGP_PlayerController.gen.cpp
[2019.01.04-21.58.52:621][274]CompilerResultsLog:   [5/35] RestrictedEntrance.gen.cpp
[2019.01.04-21.58.52:621][274]CompilerResultsLog:   [6/35] TGP_ProjectGameModeBase.gen.cpp
[2019.01.04-21.58.52:621][274]CompilerResultsLog:   [7/35] ProjectileBase.gen.cpp
[2019.01.04-21.58.52:621][274]CompilerResultsLog:   [8/35] gm_TGPGAME.gen.cpp
[2019.01.04-21.58.52:621][274]CompilerResultsLog:   [9/35] CivilianAI.gen.cpp
[2019.01.04-21.58.52:621][274]CompilerResultsLog:   [10/35] CharacterBase.gen.cpp
[2019.01.04-21.58.52:622][274]CompilerResultsLog:   [11/35] BodyGuardAI.gen.cpp
[2019.01.04-21.58.52:622][274]CompilerResultsLog:   [12/35] BasePlayer.gen.cpp
[2019.01.04-21.58.52:622][274]CompilerResultsLog:   [13/35] BaseCharacter.gen.cpp
[2019.01.04-21.58.52:622][274]CompilerResultsLog:   [14/35] BaseAI.gen.cpp
[2019.01.04-21.58.52:622][274]CompilerResultsLog:   [15/35] AreaTriggers.gen.cpp
[2019.01.04-21.58.52:622][274]CompilerResultsLog:   [16/35] Areas.gen.cpp
[2019.01.04-21.58.52:622][274]CompilerResultsLog:   [17/35] RestrictedEntrance.cpp
[2019.01.04-21.58.52:622][274]CompilerResultsLog:   [18/35] ProjectileBase.cpp
[2019.01.04-21.58.52:622][274]CompilerResultsLog:   [19/35] Enums.cpp
[2019.01.04-21.58.52:622][274]CompilerResultsLog:   [20/35] CivilianAI.cpp
[2019.01.04-21.58.52:622][274]CompilerResultsLog:   [21/35] BodyGuardAI.cpp
[2019.01.04-21.58.52:622][274]CompilerResultsLog:   [22/35] BaseCharacter.cpp
[2019.01.04-21.58.52:622][274]CompilerResultsLog:   [23/35] WeaponBase.cpp
[2019.01.04-21.58.52:622][274]CompilerResultsLog:   [24/35] TGP_PlayerController.cpp
[2019.01.04-21.58.52:622][274]CompilerResultsLog:   [25/35] AreaTriggers.cpp
[2019.01.04-21.58.52:622][274]CompilerResultsLog:   [26/35] gm_TGPGAME.cpp
[2019.01.04-21.58.52:622][274]CompilerResultsLog:   [27/35] BaseAI.cpp
[2019.01.04-21.58.52:622][274]CompilerResultsLog:   [28/35] TGP_Project.cpp
[2019.01.04-21.58.52:622][274]CompilerResultsLog:   [29/35] TGP_ProjectGameModeBase.cpp
[2019.01.04-21.58.52:622][274]CompilerResultsLog:   [30/35] CharacterBase.cpp
[2019.01.04-21.58.52:622][274]CompilerResultsLog:   [31/35] WeaponBase.gen.cpp
[2019.01.04-21.58.52:622][274]CompilerResultsLog:   [32/35] BasePlayer.cpp
[2019.01.04-21.58.52:622][274]CompilerResultsLog:   [33/35] Areas.cpp
[2019.01.04-21.58.52:622][274]CompilerResultsLog:   [34/35] UE4Editor-TGP_Project-7186.lib
[2019.01.04-21.58.52:622][274]CompilerResultsLog:      Creating library D:\Documents\GitHub\TGP_PairProject\TGP_Project\Intermediate\Build\Win64\UE4Editor\Development\TGP_Project\UE4Editor-TGP_Project-7186.lib and object D:\Documents\GitHub\TGP_PairProject\TGP_Project\Intermediate\Build\Win64\UE4Editor\Development\TGP_Project\UE4Editor-TGP_Project-7186.exp
[2019.01.04-21.58.52:622][274]CompilerResultsLog:   [35/35] UE4Editor-TGP_Project-7186.dll
[2019.01.04-21.58.52:622][274]CompilerResultsLog:      Creating library D:\Documents\GitHub\TGP_PairProject\TGP_Project\Intermediate\Build\Win64\UE4Editor\Development\TGP_Project\UE4Editor-TGP_Project-7186.suppressed.lib and object D:\Documents\GitHub\TGP_PairProject\TGP_Project\Intermediate\Build\Win64\UE4Editor\Development\TGP_Project\UE4Editor-TGP_Project-7186.suppressed.exp
[2019.01.04-21.58.52:622][274]CompilerResultsLog: Total build time: 98.55 seconds (Parallel executor: 66.51 seconds)
[2019.01.04-21.58.52:622][274]LogMainFrame: MainFrame: Module compiling took 99.253 seconds
[2019.01.04-21.58.52:653][274]LogClass: Could not find existing class BaseAI in package /Script/TGP_Project for HotReload, assuming new class
[2019.01.04-21.58.52:653][274]LogClass: Could not find existing class BaseCharacter in package /Script/TGP_Project for HotReload, assuming new class
[2019.01.04-21.58.52:653][274]LogClass: Function Collision is new.
[2019.01.04-21.58.52:653][274]LogClass: Function FlipFlipbook is new.
[2019.01.04-21.58.52:653][274]LogClass: Function GetCurrentWeapon is new.
[2019.01.04-21.58.52:653][274]LogClass: Function GetIsPlayerInRestrictedArea is new.
[2019.01.04-21.58.52:653][274]LogClass: Function GetIsWeaponDrawn is new.
[2019.01.04-21.58.52:653][274]LogClass: Function IsCharacterAlive is new.
[2019.01.04-21.58.52:654][274]LogClass: Function SetIsPlayerInRestrictedArea is new.
[2019.01.04-21.58.52:654][274]LogClass: Function SetIsWeaponDrawn is new.
[2019.01.04-21.58.52:654][274]LogClass: Function SwitchFlipbook is new.
[2019.01.04-21.58.52:654][274]LogClass: Function OnNoiseHeard is new.
[2019.01.04-21.58.52:654][274]LogClass: Function OnPawnSeen is new.
[2019.01.04-21.58.52:654][274]LogClass: Function ResetOrientation is new.
[2019.01.04-21.58.52:654][274]LogClass: Could not find existing class BasePlayer in package /Script/TGP_Project for HotReload, assuming new class
[2019.01.04-21.58.52:654][274]LogClass: Could not find existing class BodyGuardAI in package /Script/TGP_Project for HotReload, assuming new class
[2019.01.04-21.58.52:654][274]LogClass: Could not find existing class CivilianAI in package /Script/TGP_Project for HotReload, assuming new class
[2019.01.04-21.58.52:660][274]LogClass: EAREAS HotReload.
[2019.01.04-21.58.52:660][274]LogClass: AI_STATE HotReload.
[2019.01.04-21.58.52:678][274]LogHotReload: Re-instancing BaseAI after hot-reload.
[2019.01.04-21.58.52:736][274]LogHotReload: Re-instancing BaseCharacter after hot-reload.
[2019.01.04-21.58.52:785][274]LogHotReload: Re-instancing BasePlayer after hot-reload.
[2019.01.04-21.58.52:846][274]LogHotReload: Re-instancing BodyGuardAI after hot-reload.
[2019.01.04-21.58.52:950][274]LogHotReload: Re-instancing CivilianAI after hot-reload.
[2019.01.04-21.58.53:053][274]LogContentBrowser: Native class hierarchy updated for 'TGP_Project' in 0.0004 seconds. Added 14 classes and 3 folders.
[2019.01.04-21.58.53:055][274]Display: HotReload successful (9 functions remapped  0 scriptstructs remapped)
[2019.01.04-21.58.53:143][274]LogContentBrowser: Native class hierarchy populated in 0.0101 seconds. Added 2587 classes and 608 folders.
[2019.01.04-21.58.53:143][274]Display: HotReload took 99.8s.
[2019.01.04-21.59.47:165][774]LogTemp: Repeating last play command: Selected Viewport
[2019.01.04-21.59.47:184][774]LogPlayLevel: PlayLevel: No blueprints needed recompiling
[2019.01.04-21.59.47:196][774]PIE: New page: PIE session: BaseLevel (4 Jan 2019 21:59:47)
[2019.01.04-21.59.47:196][774]LogPlayLevel: Creating play world package: /Game/Levels/UEDPIE_0_BaseLevel
[2019.01.04-21.59.47:199][774]LogPlayLevel: PIE: StaticDuplicateObject took: (0.003326s)
[2019.01.04-21.59.47:200][774]LogAIModule: Creating AISystem for world BaseLevel
[2019.01.04-21.59.47:200][774]LogPlayLevel: PIE: World Init took: (0.000668s)
[2019.01.04-21.59.47:200][774]LogPlayLevel: PIE: Created PIE world by copying editor world from /Game/Levels/BaseLevel.BaseLevel to /Game/Levels/UEDPIE_0_BaseLevel.BaseLevel (0.004135s)
[2019.01.04-21.59.47:250][774]LogInit: XAudio2 using 'Speakers (Realtek High Definition Audio)' : 2 channels at 48 kHz using 32 bits per sample (channel mask 0x3)
[2019.01.04-21.59.47:272][774]LogInit: FAudioDevice initialized.
[2019.01.04-21.59.47:313][774]LogLoad: Game class is 'GM_GAME_C'
[2019.01.04-21.59.47:315][774]LogWorld: Bringing World /Game/Levels/UEDPIE_0_BaseLevel.BaseLevel up for play (max tick rate 0) at 2019.01.04-21.59.47
[2019.01.04-21.59.47:316][774]LogWorld: Bringing up level for play took: 0.002115
[2019.01.04-21.59.47:363][774]LogContentBrowser: Native class hierarchy updated for 'MovieSceneCapture' in 0.0005 seconds. Added 10 classes and 0 folders.
[2019.01.04-21.59.47:366][774]PIE: Play in editor start time for /Game/Levels/UEDPIE_0_BaseLevel 0.019
[2019.01.04-21.59.52:894][433]LogSlate: FSceneViewport::OnFocusLost() reason 0
[2019.01.04-21.59.52:953][440]LogSlate: Updating window title bar state: overlay mode, drag disabled, window buttons hidden, title bar hidden
[2019.01.04-21.59.52:982][440]LogPlayLevel: Display: Shutting down PIE online subsystems
[2019.01.04-21.59.53:003][440]LogSlate: Updating window title bar state: overlay mode, drag disabled, window buttons hidden, title bar hidden
[2019.01.04-21.59.53:056][446]LogPlayLevel: Display: Destroying online subsystem :Context_2
[2019.01.04-21.59.54:788][652]LogAssetEditorManager: Opening Asset editor for Blueprint /Game/Blueprints/PlayerCharacter.PlayerCharacter
[2019.01.04-21.59.55:259][652]LogContentBrowser: Native class hierarchy updated for 'BlueprintGraph' in 0.0007 seconds. Added 116 classes and 0 folders.
[2019.01.04-21.59.56:020][652]LogSlate: Took 0.000235 seconds to synchronously load lazily loaded font '../../../Engine/Content/Slate/Fonts/Roboto-BoldCondensed.ttf' (158K)
[2019.01.04-21.59.56:115][653]LogSlate: Took 0.000257 seconds to synchronously load lazily loaded font '../../../Engine/Content/Slate/Fonts/Roboto-Italic.ttf' (157K)
[2019.01.04-22.00.25:268][127]LogRenderer: Reallocating scene render targets to support 1208x744 Format 10 NumSamples 1 (Frame:1).
[2019.01.04-22.00.28:106][458]LogSlate: FSceneViewport::OnFocusLost() reason 0
[2019.01.04-22.00.39:345][797]LogEditorViewport: Clicking on Actor (LMB): PaperSpriteActor (BasicLevel_Sprite)
[2019.01.04-22.00.40:035][856]LogEditorViewport: Clicking on Actor (LMB): PaperSpriteActor (BasicLevel_Sprite)
[2019.01.04-22.00.40:530][914]LogEditorViewport: Clicking on Actor (LMB): BP_Civilian_C (BP_Civilian3)
[2019.01.04-22.00.43:263][229]LogEditorViewport: Clicking on Actor (LMB): BP_Bodyguard_C (BP_Bodyguard)
[2019.01.04-22.00.46:728][624]LogSlate: FSceneViewport::OnFocusLost() reason 0
[2019.01.04-22.00.46:786][631]LogTemp: Repeating last play command: Selected Viewport
[2019.01.04-22.00.46:808][631]LogPlayLevel: PlayLevel: No blueprints needed recompiling
[2019.01.04-22.00.46:808][631]PIE: New page: PIE session: BaseLevel (4 Jan 2019 22:00:46)
[2019.01.04-22.00.46:808][631]LogPlayLevel: Creating play world package: /Game/Levels/UEDPIE_0_BaseLevel
[2019.01.04-22.00.46:811][631]LogPlayLevel: PIE: StaticDuplicateObject took: (0.003136s)
[2019.01.04-22.00.46:811][631]LogAIModule: Creating AISystem for world BaseLevel
[2019.01.04-22.00.46:812][631]LogPlayLevel: PIE: World Init took: (0.000642s)
[2019.01.04-22.00.46:812][631]LogPlayLevel: PIE: Created PIE world by copying editor world from /Game/Levels/BaseLevel.BaseLevel to /Game/Levels/UEDPIE_0_BaseLevel.BaseLevel (0.003902s)
[2019.01.04-22.00.46:894][631]LogInit: XAudio2 using 'Speakers (Realtek High Definition Audio)' : 2 channels at 48 kHz using 32 bits per sample (channel mask 0x3)
[2019.01.04-22.00.46:916][631]LogInit: FAudioDevice initialized.
[2019.01.04-22.00.46:948][631]LogLoad: Game class is 'GM_GAME_C'
[2019.01.04-22.00.46:950][631]LogWorld: Bringing World /Game/Levels/UEDPIE_0_BaseLevel.BaseLevel up for play (max tick rate 0) at 2019.01.04-22.00.46
[2019.01.04-22.00.46:951][631]LogWorld: Bringing up level for play took: 0.001560
[2019.01.04-22.00.46:965][631]PIE: Play in editor start time for /Game/Levels/UEDPIE_0_BaseLevel -0.382
[2019.01.04-22.00.51:987][231]LogBlueprintUserMessages: [EntranceToRestictedArea_2] yeet
[2019.01.04-22.00.52:253][263]LogSlate: FSceneViewport::OnFocusLost() reason 0
[2019.01.04-22.00.52:313][270]LogSlate: Updating window title bar state: overlay mode, drag disabled, window buttons hidden, title bar hidden
[2019.01.04-22.00.52:344][270]LogPlayLevel: Display: Shutting down PIE online subsystems
[2019.01.04-22.00.52:372][270]LogSlate: Updating window title bar state: overlay mode, drag disabled, window buttons hidden, title bar hidden
[2019.01.04-22.00.52:412][274]LogPlayLevel: Display: Destroying online subsystem :Context_5
[2019.01.04-22.00.55:653][662]LogSlate: FSceneViewport::OnFocusLost() reason 0
[2019.01.04-22.01.39:339][444]LogSlate: FSceneViewport::OnFocusLost() reason 0
[2019.01.04-22.02.16:835][860]LogTemp: Repeating last play command: Selected Viewport
[2019.01.04-22.02.16:858][860]BlueprintLog: New page: Pre-Play auto-recompile
[2019.01.04-22.02.16:866][860]LogPlayLevel: [PlayLevel] Compiling PlayerCharacter before play...
[2019.01.04-22.02.17:021][860]LogPlayLevel: PlayLevel: Blueprint regeneration took 162 ms (1 blueprints)
[2019.01.04-22.02.17:021][860]PIE: New page: PIE session: BaseLevel (4 Jan 2019 22:02:17)
[2019.01.04-22.02.17:021][860]LogPlayLevel: Creating play world package: /Game/Levels/UEDPIE_0_BaseLevel
[2019.01.04-22.02.17:024][860]LogPlayLevel: PIE: StaticDuplicateObject took: (0.003181s)
[2019.01.04-22.02.17:025][860]LogAIModule: Creating AISystem for world BaseLevel
[2019.01.04-22.02.17:025][860]LogPlayLevel: PIE: World Init took: (0.000675s)
[2019.01.04-22.02.17:025][860]LogPlayLevel: PIE: Created PIE world by copying editor world from /Game/Levels/BaseLevel.BaseLevel to /Game/Levels/UEDPIE_0_BaseLevel.BaseLevel (0.003961s)
[2019.01.04-22.02.17:079][860]LogInit: XAudio2 using 'Speakers (Realtek High Definition Audio)' : 2 channels at 48 kHz using 32 bits per sample (channel mask 0x3)
[2019.01.04-22.02.17:102][860]LogInit: FAudioDevice initialized.
[2019.01.04-22.02.17:111][860]LogSlate: Updating window title bar state: overlay mode, drag disabled, window buttons hidden, title bar hidden
[2019.01.04-22.02.17:144][860]LogLoad: Game class is 'GM_GAME_C'
[2019.01.04-22.02.17:145][860]LogWorld: Bringing World /Game/Levels/UEDPIE_0_BaseLevel.BaseLevel up for play (max tick rate 0) at 2019.01.04-22.02.17
[2019.01.04-22.02.17:146][860]LogWorld: Bringing up level for play took: 0.001397
[2019.01.04-22.02.17:161][860]PIE: Play in editor start time for /Game/Levels/UEDPIE_0_BaseLevel -0.186
[2019.01.04-22.02.17:183][860]LogRenderer: Reallocating scene render targets to support 1292x756 Format 10 NumSamples 1 (Frame:1).
[2019.01.04-22.02.18:384][  0]LogSlate: Updating window title bar state: overlay mode, drag disabled, window buttons hidden, title bar hidden
[2019.01.04-22.02.18:403][  0]LogSlate: Window 'TGP_Project Game Preview Standalone (64-bit/PCD3D_SM5)' being destroyed
[2019.01.04-22.02.18:430][  0]LogPlayLevel: Display: Shutting down PIE online subsystems
[2019.01.04-22.02.18:491][  4]LogPlayLevel: Display: Destroying online subsystem :Context_6
[2019.01.04-22.02.24:895][762]LogSlate: FSceneViewport::OnFocusLost() reason 0
[2019.01.04-22.02.26:289][925]LogTemp: Repeating last play command: Selected Viewport
[2019.01.04-22.02.26:311][925]BlueprintLog: New page: Pre-Play auto-recompile
[2019.01.04-22.02.26:316][925]LogPlayLevel: [PlayLevel] Compiling PlayerCharacter before play...
[2019.01.04-22.02.26:467][925]LogPlayLevel: PlayLevel: Blueprint regeneration took 156 ms (1 blueprints)
[2019.01.04-22.02.26:467][925]PIE: New page: PIE session: BaseLevel (4 Jan 2019 22:02:26)
[2019.01.04-22.02.26:468][925]LogPlayLevel: Creating play world package: /Game/Levels/UEDPIE_0_BaseLevel
[2019.01.04-22.02.26:471][925]LogPlayLevel: PIE: StaticDuplicateObject took: (0.003110s)
[2019.01.04-22.02.26:471][925]LogAIModule: Creating AISystem for world BaseLevel
[2019.01.04-22.02.26:471][925]LogPlayLevel: PIE: World Init took: (0.000601s)
[2019.01.04-22.02.26:471][925]LogPlayLevel: PIE: Created PIE world by copying editor world from /Game/Levels/BaseLevel.BaseLevel to /Game/Levels/UEDPIE_0_BaseLevel.BaseLevel (0.003816s)
[2019.01.04-22.02.26:521][925]LogInit: XAudio2 using 'Speakers (Realtek High Definition Audio)' : 2 channels at 48 kHz using 32 bits per sample (channel mask 0x3)
[2019.01.04-22.02.26:542][925]LogInit: FAudioDevice initialized.
[2019.01.04-22.02.26:551][925]LogSlate: Updating window title bar state: overlay mode, drag disabled, window buttons hidden, title bar hidden
[2019.01.04-22.02.26:585][925]LogLoad: Game class is 'GM_GAME_C'
[2019.01.04-22.02.26:586][925]LogWorld: Bringing World /Game/Levels/UEDPIE_0_BaseLevel.BaseLevel up for play (max tick rate 0) at 2019.01.04-22.02.26
[2019.01.04-22.02.26:587][925]LogWorld: Bringing up level for play took: 0.001763
[2019.01.04-22.02.26:602][925]PIE: Play in editor start time for /Game/Levels/UEDPIE_0_BaseLevel 1.255
[2019.01.04-22.02.32:248][597]LogSlate: FSceneViewport::OnFocusLost() reason 0
[2019.01.04-22.02.32:290][602]LogSlate: Updating window title bar state: overlay mode, drag disabled, window buttons hidden, title bar hidden
[2019.01.04-22.02.32:308][602]LogSlate: Window 'TGP_Project Game Preview Standalone (64-bit/PCD3D_SM5)' being destroyed
[2019.01.04-22.02.32:339][602]LogPlayLevel: Display: Shutting down PIE online subsystems
[2019.01.04-22.02.32:391][604]LogPlayLevel: Display: Destroying online subsystem :Context_7
[2019.01.04-22.03.33:906][101]LogSlate: Window 'Save Content' being destroyed
[2019.01.04-22.03.33:936][101]Cmd: OBJ SAVEPACKAGE PACKAGE="/Game/Blueprints/PlayerCharacter" FILE="D:/Documents/GitHub/TGP_PairProject/TGP_Project/Content/Blueprints/PlayerCharacter.uasset" SILENT=true
[2019.01.04-22.03.33:965][101]LogSavePackage: Moving 'D:/Documents/GitHub/TGP_PairProject/TGP_Project/Saved/PlayerCharacterAF894A26424ABB26599388AAE647DB09.tmp' to 'D:/Documents/GitHub/TGP_PairProject/TGP_Project/Content/Blueprints/PlayerCharacter.uasset'
[2019.01.04-22.03.34:087][101]Cmd: OBJ SAVEPACKAGE PACKAGE="/Game/Levels/BaseLevel" FILE="D:/Documents/GitHub/TGP_PairProject/TGP_Project/Content/Levels/BaseLevel.umap" SILENT=true AUTOSAVING=false KEEPDIRTY=false
[2019.01.04-22.03.34:182][101]LogSavePackage: Moving 'D:/Documents/GitHub/TGP_PairProject/TGP_Project/Saved/BaseLevel3F5D37774A5208C30CED04A9D0986D88.tmp' to 'D:/Documents/GitHub/TGP_PairProject/TGP_Project/Content/Levels/BaseLevel.umap'
[2019.01.04-22.03.34:218][101]LogFileHelpers: Saving map 'BaseLevel' took 0.247
[2019.01.04-22.03.35:120][186]LogSlate: Window 'TGP_Project - Unreal Editor' being destroyed
[2019.01.04-22.03.35:289][187]Cmd: QUIT_EDITOR
[2019.01.04-22.03.35:377][187]LogWindowsTextInputMethodSystem: Display: IME system now deactivated.
[2019.01.04-22.03.35:389][187]LogExit: Preparing to exit.
[2019.01.04-22.03.35:635][187]LogExit: Editor shut down
[2019.01.04-22.03.35:635][187]LogExit: Transaction tracking system shut down
[2019.01.04-22.03.35:996][187]LogExit: Object subsystem successfully closed.
[2019.01.04-22.03.36:015][187]LogShaderCompilers: Display: Shaders left to compile 0
[2019.01.04-22.03.36:023][187]LogD3D11RHI: Shutdown
[2019.01.04-22.03.36:023][187]LogD3D11RHI: CleanupD3DDevice
[2019.01.04-22.03.36:024][187]LogD3D11RHI: ~FD3D11DynamicRHI
[2019.01.04-22.03.36:055][187]LogModuleManager: Shutting down and abandoning module BlueprintGraph (619)
[2019.01.04-22.03.36:055][187]LogModuleManager: Shutting down and abandoning module MovieSceneCapture (617)
[2019.01.04-22.03.36:055][187]LogModuleManager: Shutting down and abandoning module Voice (615)
[2019.01.04-22.03.36:055][187]LogModuleManager: Shutting down and abandoning module TGP_Project (613)
[2019.01.04-22.03.36:055][187]LogModuleManager: Shutting down and abandoning module HierarchicalLODOutliner (612)
[2019.01.04-22.03.36:055][187]LogModuleManager: Shutting down and abandoning module SceneOutliner (610)
[2019.01.04-22.03.36:055][187]LogModuleManager: Shutting down and abandoning module AddContentDialog (608)
[2019.01.04-22.03.36:058][187]LogModuleManager: Shutting down and abandoning module WidgetCarousel (607)
[2019.01.04-22.03.36:058][187]LogModuleManager: Shutting down and abandoning module EditorWidgets (604)
[2019.01.04-22.03.36:058][187]LogModuleManager: Shutting down and abandoning module CollectionManager (602)
[2019.01.04-22.03.36:058][187]LogModuleManager: Shutting down and abandoning module StatsViewer (600)
[2019.01.04-22.03.36:058][187]LogModuleManager: Shutting down and abandoning module FoliageEdit (598)
[2019.01.04-22.03.36:058][187]LogModuleManager: Shutting down and abandoning module LandscapeEditor (596)
[2019.01.04-22.03.36:058][187]LogModuleManager: Shutting down and abandoning module MeshPaintMode (594)
[2019.01.04-22.03.36:058][187]LogModuleManager: Shutting down and abandoning module SceneDepthPickerMode (592)
[2019.01.04-22.03.36:058][187]LogModuleManager: Shutting down and abandoning module ActorPickerMode (590)
[2019.01.04-22.03.36:058][187]LogModuleManager: Shutting down and abandoning module GeometryMode (588)
[2019.01.04-22.03.36:058][187]LogModuleManager: Shutting down and abandoning module TextureAlignMode (586)
[2019.01.04-22.03.36:058][187]LogModuleManager: Shutting down and abandoning module BspMode (584)
[2019.01.04-22.03.36:058][187]LogModuleManager: Shutting down and abandoning module PIEPreviewDeviceProfileSelector (582)
[2019.01.04-22.03.36:058][187]LogModuleManager: Shutting down and abandoning module SequenceRecorderSections (580)
[2019.01.04-22.03.36:058][187]LogModuleManager: Shutting down and abandoning module AutomationWorker (578)
[2019.01.04-22.03.36:058][187]LogModuleManager: Shutting down and abandoning module AudioCaptureEditor (576)
[2019.01.04-22.03.36:058][187]LogModuleManager: Shutting down and abandoning module SequenceRecorder (575)
[2019.01.04-22.03.36:059][187]LogModuleManager: Shutting down and abandoning module MatineeToLevelSequence (572)
[2019.01.04-22.03.36:059][187]LogModuleManager: Shutting down and abandoning module LevelSequenceEditor (570)
[2019.01.04-22.03.36:059][187]LogModuleManager: Shutting down and abandoning module PlacementMode (569)
[2019.01.04-22.03.36:059][187]LogModuleManager: Shutting down and abandoning module MaterialEditor (568)
[2019.01.04-22.03.36:059][187]LogModuleManager: Shutting down and abandoning module WmfMediaFactory (564)
[2019.01.04-22.03.36:059][187]LogModuleManager: Shutting down and abandoning module WmfMediaEditor (562)
[2019.01.04-22.03.36:059][187]LogModuleManager: Shutting down and abandoning module MediaPlayerEditor (560)
[2019.01.04-22.03.36:059][187]LogModuleManager: Shutting down and abandoning module OpenExrWrapper (558)
[2019.01.04-22.03.36:059][187]LogModuleManager: Shutting down and abandoning module ImgMediaFactory (556)
[2019.01.04-22.03.36:059][187]LogModuleManager: Shutting down and abandoning module ImgMediaEditor (554)
[2019.01.04-22.03.36:059][187]LogModuleManager: Shutting down and abandoning module AvfMediaFactory (552)
[2019.01.04-22.03.36:059][187]LogModuleManager: Shutting down and abandoning module AvfMediaEditor (550)
[2019.01.04-22.03.36:059][187]LogModuleManager: Shutting down and abandoning module AndroidMediaFactory (548)
[2019.01.04-22.03.36:059][187]LogModuleManager: Shutting down and abandoning module AndroidMediaEditor (546)
[2019.01.04-22.03.36:059][187]LogModuleManager: Shutting down and abandoning module MagicLeapCameraPreviewFactory (544)
[2019.01.04-22.03.36:059][187]LogModuleManager: Shutting down and abandoning module MagicLeapMediaFactory (542)
[2019.01.04-22.03.36:059][187]LogModuleManager: Shutting down and abandoning module MagicLeapMediaEditor (540)
[2019.01.04-22.03.36:059][187]LogModuleManager: Shutting down and abandoning module CharacterAI (538)
[2019.01.04-22.03.36:059][187]LogModuleManager: Shutting down and abandoning module SmartSnapping (536)
[2019.01.04-22.03.36:059][187]LogModuleManager: Shutting down and abandoning module SessionServices (534)
[2019.01.04-22.03.36:059][187]LogModuleManager: Shutting down and abandoning module ViewportSnapping (532)
[2019.01.04-22.03.36:059][187]LogModuleManager: Shutting down and abandoning module ViewportInteraction (530)
[2019.01.04-22.03.36:059][187]LogModuleManager: Shutting down and abandoning module ClothPainter (528)
[2019.01.04-22.03.36:059][187]LogModuleManager: Shutting down and abandoning module SkeletalMeshEditor (527)
[2019.01.04-22.03.36:059][187]LogModuleManager: Shutting down and abandoning module LogVisualizer (524)
[2019.01.04-22.03.36:059][187]LogModuleManager: Shutting down and abandoning module IntroTutorials (522)
[2019.01.04-22.03.36:059][187]LogModuleManager: Shutting down and abandoning module GameProjectGeneration (521)
[2019.01.04-22.03.36:059][187]LogModuleManager: Shutting down and abandoning module LuminPlatformEditor (518)
[2019.01.04-22.03.36:059][187]LogModuleManager: Shutting down and abandoning module IOSPlatformEditor (516)
[2019.01.04-22.03.36:059][187]LogModuleManager: Shutting down and abandoning module HTML5PlatformEditor (514)
[2019.01.04-22.03.36:059][187]LogModuleManager: Shutting down and abandoning module AndroidPlatformEditor (512)
[2019.01.04-22.03.36:059][187]LogModuleManager: Shutting down and abandoning module AndroidDeviceDetection (511)
[2019.01.04-22.03.37:058][187]LogModuleManager: Shutting down and abandoning module WindowsPlatformEditor (508)
[2019.01.04-22.03.37:058][187]LogModuleManager: Shutting down and abandoning module LuminRuntimeSettings (506)
[2019.01.04-22.03.37:058][187]LogModuleManager: Shutting down and abandoning module IOSRuntimeSettings (504)
[2019.01.04-22.03.37:058][187]LogModuleManager: Shutting down and abandoning module AndroidRuntimeSettings (502)
[2019.01.04-22.03.37:058][187]LogModuleManager: Shutting down and abandoning module InputBindingEditor (500)
[2019.01.04-22.03.37:058][187]LogModuleManager: Shutting down and abandoning module MergeActors (498)
[2019.01.04-22.03.37:058][187]LogModuleManager: Shutting down and abandoning module LocalizationDashboard (496)
[2019.01.04-22.03.37:058][187]LogModuleManager: Shutting down and abandoning module LocalizationService (495)
[2019.01.04-22.03.37:058][187]LogModuleManager: Shutting down and abandoning module HardwareTargeting (492)
[2019.01.04-22.03.37:058][187]LogModuleManager: Shutting down and abandoning module DeviceProfileEditor (490)
[2019.01.04-22.03.37:058][187]LogModuleManager: Shutting down and abandoning module UndoHistory (488)
[2019.01.04-22.03.37:058][187]LogModuleManager: Shutting down and abandoning module XmlParser (486)
[2019.01.04-22.03.37:058][187]LogModuleManager: Shutting down and abandoning module Blutility (484)
[2019.01.04-22.03.37:058][187]LogModuleManager: Shutting down and abandoning module ProjectSettingsViewer (482)
[2019.01.04-22.03.37:058][187]LogModuleManager: Shutting down and abandoning module ProjectTargetPlatformEditor (481)
[2019.01.04-22.03.37:058][187]LogModuleManager: Shutting down and abandoning module EditorSettingsViewer (478)
[2019.01.04-22.03.37:058][187]LogModuleManager: Shutting down and abandoning module SettingsEditor (476)
[2019.01.04-22.03.37:058][187]LogModuleManager: Shutting down and abandoning module ProjectLauncher (474)
[2019.01.04-22.03.37:059][187]LogModuleManager: Shutting down and abandoning module SessionFrontend (472)
[2019.01.04-22.03.37:059][187]LogModuleManager: Shutting down and abandoning module ProfilerClient (470)
[2019.01.04-22.03.37:059][187]LogModuleManager: Shutting down and abandoning module DeviceManager (468)
[2019.01.04-22.03.37:059][187]LogModuleManager: Shutting down and abandoning module TargetDeviceServices (467)
[2019.01.04-22.03.37:124][187]LogModuleManager: Shutting down and abandoning module AutomationController (464)
[2019.01.04-22.03.37:124][187]LogModuleManager: Shutting down and abandoning module AutomationWindow (462)
[2019.01.04-22.03.37:124][187]LogModuleManager: Shutting down and abandoning module Layers (460)
[2019.01.04-22.03.37:124][187]LogModuleManager: Shutting down and abandoning module ComponentVisualizers (458)
[2019.01.04-22.03.37:124][187]LogModuleManager: Shutting down and abandoning module DetailCustomizations (456)
[2019.01.04-22.03.37:124][187]LogModuleManager: Shutting down and abandoning module PackagesDialog (454)
[2019.01.04-22.03.37:124][187]LogModuleManager: Shutting down and abandoning module Persona (452)
[2019.01.04-22.03.37:124][187]LogModuleManager: Shutting down and abandoning module AdvancedPreviewScene (451)
[2019.01.04-22.03.37:124][187]LogModuleManager: Shutting down and abandoning module AnimGraph (449)
[2019.01.04-22.03.37:124][187]LogModuleManager: Shutting down and abandoning module Kismet (446)
[2019.01.04-22.03.37:128][187]LogModuleManager: Shutting down and abandoning module GraphEditor (444)
[2019.01.04-22.03.37:128][187]LogModuleManager: Shutting down and abandoning module ClassViewer (442)
[2019.01.04-22.03.37:129][187]LogModuleManager: Shutting down and abandoning module Toolbox (440)
[2019.01.04-22.03.37:129][187]LogModuleManager: Shutting down and abandoning module DesktopPlatform (439)
[2019.01.04-22.03.37:129][187]LogModuleManager: Shutting down and abandoning module ModuleUI (436)
[2019.01.04-22.03.37:129][187]LogModuleManager: Shutting down and abandoning module MovieSceneTools (434)
[2019.01.04-22.03.37:129][187]LogModuleManager: Shutting down and abandoning module OutputLog (432)
[2019.01.04-22.03.37:129][187]LogModuleManager: Shutting down and abandoning module GammaUI (430)
[2019.01.04-22.03.37:129][187]LogModuleManager: Shutting down and abandoning module Documentation (428)
[2019.01.04-22.03.37:129][187]LogModuleManager: Shutting down and abandoning module MovieSceneTracks (426)
[2019.01.04-22.03.37:129][187]LogModuleManager: Shutting down and abandoning module MovieScene (424)
[2019.01.04-22.03.37:129][187]LogModuleManager: Shutting down and abandoning module StreamingPauseRendering (422)
[2019.01.04-22.03.37:129][187]LogModuleManager: Shutting down and abandoning module LauncherPlatform (420)
[2019.01.04-22.03.37:129][187]LogModuleManager: Shutting down and abandoning module AnalyticsET (418)
[2019.01.04-22.03.37:129][187]LogModuleManager: Shutting down and abandoning module PortalServices (416)
[2019.01.04-22.03.37:129][187]LogModuleManager: Shutting down and abandoning module PortalRpc (414)
[2019.01.04-22.03.37:129][187]LogModuleManager: Shutting down and abandoning module MessagingRpc (412)
[2019.01.04-22.03.37:129][187]LogModuleManager: Shutting down and abandoning module AIModule (410)
[2019.01.04-22.03.37:129][187]LogModuleManager: Shutting down and abandoning module GameplayDebugger (409)
[2019.01.04-22.03.37:129][187]LogModuleManager: Shutting down and abandoning module AITestSuite (407)
[2019.01.04-22.03.37:129][187]LogModuleManager: Shutting down and abandoning module NavigationSystem (405)
[2019.01.04-22.03.37:129][187]LogModuleManager: Shutting down and abandoning module ProfilerService (402)
[2019.01.04-22.03.37:353][187]LogModuleManager: Shutting down and abandoning module TaskGraph (400)
[2019.01.04-22.03.37:353][187]LogModuleManager: Shutting down and abandoning module SteamVRController (398)
[2019.01.04-22.03.37:353][187]LogModuleManager: Shutting down and abandoning module ProceduralMeshComponentEditor (396)
[2019.01.04-22.03.37:353][187]LogModuleManager: Shutting down and abandoning module ProceduralMeshComponent (394)
[2019.01.04-22.03.37:353][187]LogModuleManager: Shutting down and abandoning module OculusInput (392)
[2019.01.04-22.03.37:353][187]LogModuleManager: Shutting down and abandoning module MobilePatchingUtils (390)
[2019.01.04-22.03.37:353][187]LogModuleManager: Shutting down and abandoning module EditableMesh (388)
[2019.01.04-22.03.37:353][187]LogModuleManager: Shutting down and abandoning module CustomMeshComponent (386)
[2019.01.04-22.03.37:353][187]LogModuleManager: Shutting down and abandoning module CableComponent (384)
[2019.01.04-22.03.37:353][187]LogModuleManager: Shutting down and abandoning module AudioCapture (382)
[2019.01.04-22.03.37:353][187]LogModuleManager: Shutting down and abandoning module ArchVisCharacter (380)
[2019.01.04-22.03.37:353][187]LogModuleManager: Shutting down and abandoning module AndroidPermission (378)
[2019.01.04-22.03.37:353][187]LogModuleManager: Shutting down and abandoning module NUTUnrealEngine4 (376)
[2019.01.04-22.03.37:353][187]LogModuleManager: Shutting down and abandoning module NetcodeUnitTest (374)
[2019.01.04-22.03.37:354][187]LogModuleManager: Shutting down and abandoning module MediaCompositingEditor (372)
[2019.01.04-22.03.37:354][187]LogModuleManager: Shutting down and abandoning module MediaCompositing (370)
[2019.01.04-22.03.37:354][187]LogModuleManager: Shutting down and abandoning module LinearTimecode (368)
[2019.01.04-22.03.37:354][187]LogModuleManager: Shutting down and abandoning module ImgMedia (366)
[2019.01.04-22.03.37:356][187]LogModuleManager: Shutting down and abandoning module HTML5Networking (364)
[2019.01.04-22.03.37:356][187]LogModuleManager: Shutting down and abandoning module GeometryCacheTracks (362)
[2019.01.04-22.03.37:356][187]LogModuleManager: Shutting down and abandoning module GeometryCacheSequencer (360)
[2019.01.04-22.03.37:356][187]LogModuleManager: Shutting down and abandoning module BackChannel (358)
[2019.01.04-22.03.37:357][187]LogModuleManager: Shutting down and abandoning module AppleVision (356)
[2019.01.04-22.03.37:357][187]LogModuleManager: Shutting down and abandoning module AppleImageUtils (354)
[2019.01.04-22.03.37:357][187]LogModuleManager: Shutting down and abandoning module AlembicImporter (352)
[2019.01.04-22.03.37:357][187]LogModuleManager: Shutting down and abandoning module AlembicLibrary (351)
[2019.01.04-22.03.37:357][187]LogModuleManager: Shutting down and abandoning module GeometryCache (350)
[2019.01.04-22.03.37:357][187]LogModuleManager: Shutting down and abandoning module GeometryCacheEd (349)
[2019.01.04-22.03.37:357][187]LogModuleManager: Shutting down and abandoning module DatasmithContentEditor (344)
[2019.01.04-22.03.37:357][187]LogModuleManager: Shutting down and abandoning module DatasmithContent (342)
[2019.01.04-22.03.37:358][187]LogModuleManager: Shutting down and abandoning module SpeedTreeImporter (340)
[2019.01.04-22.03.37:358][187]LogModuleManager: Shutting down and abandoning module PluginBrowser (338)
[2019.01.04-22.03.37:358][187]LogModuleManager: Shutting down and abandoning module MobileLauncherProfileWizard (336)
[2019.01.04-22.03.37:358][187]LogModuleManager: Shutting down and abandoning module PolygonModeling (334)
[2019.01.04-22.03.37:358][187]LogModuleManager: Shutting down and abandoning module MeshEditor (332)
[2019.01.04-22.03.37:358][187]LogModuleManager: Shutting down and abandoning module CryptoKeysOpenSSL (330)
[2019.01.04-22.03.37:358][187]LogModuleManager: Shutting down and abandoning module CryptoKeys (328)
[2019.01.04-22.03.37:358][187]LogModuleManager: Shutting down and abandoning module VisualStudioSourceCodeAccess (326)
[2019.01.04-22.03.37:358][187]LogModuleManager: Shutting down and abandoning module VisualStudioCodeSourceCodeAccess (324)
[2019.01.04-22.03.37:358][187]LogModuleManager: Shutting down and abandoning module UObjectPlugin (322)
[2019.01.04-22.03.37:358][187]LogModuleManager: Shutting down and abandoning module SubversionSourceControl (320)
[2019.01.04-22.03.37:358][187]LogModuleManager: Shutting down and abandoning module PerforceSourceControl (318)
[2019.01.04-22.03.37:359][187]LogModuleManager: Shutting down and abandoning module GitSourceControl (316)
[2019.01.04-22.03.37:359][187]LogModuleManager: Shutting down and abandoning module SourceControl (315)
[2019.01.04-22.03.37:359][187]LogModuleManager: Shutting down and abandoning module CLionSourceCodeAccess (312)
[2019.01.04-22.03.37:359][187]LogModuleManager: Shutting down and abandoning module LightPropagationVolumeEditor (310)
[2019.01.04-22.03.37:359][187]LogModuleManager: Shutting down and abandoning module PaperTiledImporter (308)
[2019.01.04-22.03.37:359][187]LogModuleManager: Shutting down and abandoning module PaperSpriteSheetImporter (306)
[2019.01.04-22.03.37:359][187]LogModuleManager: Shutting down and abandoning module Paper2DEditor (304)
[2019.01.04-22.03.37:359][187]LogModuleManager: Shutting down and abandoning module MeshPaint (303)
[2019.01.04-22.03.37:359][187]LogModuleManager: Shutting down and abandoning module RuntimePhysXCooking (298)
[2019.01.04-22.03.37:359][187]LogModuleManager: Shutting down and abandoning module PhysXVehiclesEditor (296)
[2019.01.04-22.03.37:359][187]LogModuleManager: Shutting down and abandoning module PhysXVehicles (294)
[2019.01.04-22.03.37:359][187]LogModuleManager: Shutting down and abandoning module OculusEditor (292)
[2019.01.04-22.03.37:359][187]LogModuleManager: Shutting down and abandoning module LocationServicesBPLibrary (290)
[2019.01.04-22.03.37:359][187]LogModuleManager: Shutting down and abandoning module ImmediatePhysicsEditor (288)
[2019.01.04-22.03.37:359][187]LogModuleManager: Shutting down and abandoning module ImmediatePhysics (286)
[2019.01.04-22.03.37:359][187]LogModuleManager: Shutting down and abandoning module ActorSequence (284)
[2019.01.04-22.03.37:359][187]LogModuleManager: Shutting down and abandoning module UdpMessaging (282)
[2019.01.04-22.03.37:460][187]LogModuleManager: Shutting down and abandoning module TcpMessaging (280)
[2019.01.04-22.03.37:561][187]LogModuleManager: Shutting down and abandoning module MagicLeapAudio (278)
[2019.01.04-22.03.37:561][187]LogModuleManager: Shutting down and abandoning module GameplayTagsEditor (276)
[2019.01.04-22.03.37:561][187]LogModuleManager: Shutting down and abandoning module FacialAnimationEditor (274)
[2019.01.04-22.03.37:561][187]LogModuleManager: Shutting down and abandoning module FacialAnimation (272)
[2019.01.04-22.03.37:561][187]LogModuleManager: Shutting down and abandoning module DataValidation (270)
[2019.01.04-22.03.37:561][187]LogModuleManager: Shutting down and abandoning module AssetManagerEditor (268)
[2019.01.04-22.03.37:561][187]LogModuleManager: Shutting down and abandoning module LevelEditor (267)
[2019.01.04-22.03.37:561][187]LogModuleManager: Shutting down and abandoning module PixelInspectorModule (266)
[2019.01.04-22.03.37:561][187]LogModuleManager: Shutting down and abandoning module CommonMenuExtensions (264)
[2019.01.04-22.03.37:561][187]LogModuleManager: Shutting down and abandoning module MainFrame (262)
[2019.01.04-22.03.37:562][187]LogModuleManager: Shutting down and abandoning module HotReload (261)
[2019.01.04-22.03.37:562][187]LogModuleManager: Shutting down and abandoning module ContentBrowser (257)
[2019.01.04-22.03.37:563][187]LogModuleManager: Shutting down and abandoning module TreeMap (255)
[2019.01.04-22.03.37:563][187]LogModuleManager: Shutting down and abandoning module LightPropagationVolumeRuntime (252)
[2019.01.04-22.03.37:563][187]LogModuleManager: Shutting down and abandoning module AISupportModule (250)
[2019.01.04-22.03.37:563][187]LogModuleManager: Shutting down and abandoning module Paper2D (248)
[2019.01.04-22.03.37:563][187]LogModuleManager: Shutting down and abandoning module WindowsMoviePlayer (246)
[2019.01.04-22.03.37:563][187]LogModuleManager: Shutting down and abandoning module WmfMedia (244)
[2019.01.04-22.03.37:564][187]LogModuleManager: Shutting down and abandoning module Media (243)
[2019.01.04-22.03.37:570][187]LogModuleManager: Shutting down and abandoning module PacketHandler (240)
[2019.01.04-22.03.37:570][187]LogModuleManager: Shutting down and abandoning module ClothingSystemEditor (238)
[2019.01.04-22.03.37:570][187]LogModuleManager: Shutting down and abandoning module ClothingSystemRuntime (236)
[2019.01.04-22.03.37:570][187]LogModuleManager: Shutting down and abandoning module MediaAssets (234)
[2019.01.04-22.03.37:570][187]LogModuleManager: Shutting down and abandoning module Overlay (232)
[2019.01.04-22.03.37:570][187]LogModuleManager: Shutting down and abandoning module OverlayEditor (231)
[2019.01.04-22.03.37:570][187]LogModuleManager: Shutting down and abandoning module VREditor (228)
[2019.01.04-22.03.37:570][187]LogModuleManager: Shutting down and abandoning module StringTableEditor (226)
[2019.01.04-22.03.37:570][187]LogModuleManager: Shutting down and abandoning module GameplayTasksEditor (224)
[2019.01.04-22.03.37:570][187]LogModuleManager: Shutting down and abandoning module BehaviorTreeEditor (222)
[2019.01.04-22.03.37:570][187]LogModuleManager: Shutting down and abandoning module FunctionalTesting (220)
[2019.01.04-22.03.37:570][187]LogModuleManager: Shutting down and abandoning module CollisionAnalyzer (218)
[2019.01.04-22.03.37:570][187]LogModuleManager: Shutting down and abandoning module WorkspaceMenuStructure (217)
[2019.01.04-22.03.37:570][187]LogModuleManager: Shutting down and abandoning module UMG (214)
[2019.01.04-22.03.37:570][187]LogModuleManager: Shutting down and abandoning module UMGEditor (213)
[2019.01.04-22.03.37:570][187]LogModuleManager: Shutting down and abandoning module Sequencer (212)
[2019.01.04-22.03.37:570][187]LogModuleManager: Shutting down and abandoning module MessageLog (209)
[2019.01.04-22.03.37:570][187]LogModuleManager: Shutting down and abandoning module SlateReflector (204)
[2019.01.04-22.03.37:570][187]LogModuleManager: Shutting down and abandoning module Slate (202)
[2019.01.04-22.03.37:570][187]LogModuleManager: Shutting down and abandoning module EditorStyle (200)
[2019.01.04-22.03.37:572][187]LogModuleManager: Shutting down and abandoning module MRMesh (198)
[2019.01.04-22.03.37:572][187]LogModuleManager: Shutting down and abandoning module SourceCodeAccess (196)
[2019.01.04-22.03.37:572][187]LogModuleManager: Shutting down and abandoning module HeadMountedDisplay (194)
[2019.01.04-22.03.37:572][187]LogModuleManager: Shutting down and abandoning module XAudio2 (192)
[2019.01.04-22.03.37:572][187]LogModuleManager: Shutting down and abandoning module Networking (190)
[2019.01.04-22.03.37:572][187]LogModuleManager: Shutting down and abandoning module Core (188)
[2019.01.04-22.03.37:572][187]LogModuleManager: Shutting down and abandoning module LevelSequence (186)
[2019.01.04-22.03.37:572][187]LogModuleManager: Shutting down and abandoning module KismetCompiler (184)
[2019.01.04-22.03.37:572][187]LogModuleManager: Shutting down and abandoning module MeshUtilities (182)
[2019.01.04-22.03.37:572][187]LogModuleManager: Shutting down and abandoning module MeshMergeUtilities (181)
[2019.01.04-22.03.37:572][187]LogModuleManager: Shutting down and abandoning module MeshReductionInterface (180)
[2019.01.04-22.03.37:572][187]LogModuleManager: Shutting down and abandoning module SimplygonSwarm (179)
[2019.01.04-22.03.37:572][187]LogModuleManager: Shutting down and abandoning module ProxyLODMeshReduction (177)
[2019.01.04-22.03.37:572][187]LogModuleManager: Shutting down and abandoning module SimplygonMeshReduction (175)
[2019.01.04-22.03.37:572][187]LogModuleManager: Shutting down and abandoning module QuadricMeshReduction (173)
[2019.01.04-22.03.37:572][187]LogModuleManager: Shutting down and abandoning module MaterialBaking (169)
[2019.01.04-22.03.37:572][187]LogModuleManager: Shutting down and abandoning module DirectoryWatcher (165)
[2019.01.04-22.03.37:572][187]LogModuleManager: Shutting down and abandoning module DerivedDataCache (162)
[2019.01.04-22.03.37:616][187]LogDerivedDataCache: Shutdown
[2019.01.04-22.03.37:616][187]LogModuleManager: Shutting down and abandoning module XGEController (160)
[2019.01.04-22.03.37:616][187]LogXGEController: Cleaning working directory: C:/Users/TDSSK/AppData/Local/Temp/UnrealXGEWorkingDir/
[2019.01.04-22.03.37:616][187]LogModuleManager: Shutting down and abandoning module TargetPlatform (158)
[2019.01.04-22.03.37:616][187]LogModuleManager: Shutting down and abandoning module VulkanShaderFormat (157)
[2019.01.04-22.03.37:616][187]LogModuleManager: Shutting down and abandoning module ShaderFormatVectorVM (155)
[2019.01.04-22.03.37:616][187]LogModuleManager: Shutting down and abandoning module ShaderFormatOpenGL (153)
[2019.01.04-22.03.37:616][187]LogModuleManager: Shutting down and abandoning module ShaderFormatD3D (151)
[2019.01.04-22.03.37:616][187]LogModuleManager: Shutting down and abandoning module MetalShaderFormat (149)
[2019.01.04-22.03.37:616][187]LogModuleManager: Shutting down and abandoning module TextureFormatUncompressed (147)
[2019.01.04-22.03.37:616][187]LogModuleManager: Shutting down and abandoning module TextureFormatPVR (145)
[2019.01.04-22.03.37:616][187]LogModuleManager: Shutting down and abandoning module TextureFormatDXT (143)
[2019.01.04-22.03.37:617][187]LogModuleManager: Shutting down and abandoning module TextureFormatIntelISPCTexComp (141)
[2019.01.04-22.03.37:617][187]LogModuleManager: Shutting down and abandoning module TextureFormatASTC (139)
[2019.01.04-22.03.37:617][187]LogModuleManager: Shutting down and abandoning module ImageWrapper (138)
[2019.01.04-22.03.37:617][187]LogModuleManager: Shutting down and abandoning module TextureFormatAndroid (135)
[2019.01.04-22.03.37:617][187]LogModuleManager: Shutting down and abandoning module AudioFormatOpus (133)
[2019.01.04-22.03.37:617][187]LogModuleManager: Shutting down and abandoning module AudioFormatOgg (131)
[2019.01.04-22.03.37:617][187]LogModuleManager: Shutting down and abandoning module AudioFormatADPCM (129)
[2019.01.04-22.03.37:617][187]LogModuleManager: Shutting down and abandoning module LuminTargetPlatform (127)
[2019.01.04-22.03.37:617][187]LogModuleManager: Shutting down and abandoning module LinuxTargetPlatform (125)
[2019.01.04-22.03.37:617][187]LogModuleManager: Shutting down and abandoning module LinuxServerTargetPlatform (123)
[2019.01.04-22.03.37:617][187]LogModuleManager: Shutting down and abandoning module LinuxNoEditorTargetPlatform (121)
[2019.01.04-22.03.37:617][187]LogModuleManager: Shutting down and abandoning module LinuxClientTargetPlatform (119)
[2019.01.04-22.03.37:617][187]LogModuleManager: Shutting down and abandoning module TVOSTargetPlatform (117)
[2019.01.04-22.03.37:617][187]LogModuleManager: Shutting down and abandoning module Messaging (115)
[2019.01.04-22.03.37:617][187]LogModuleManager: Shutting down and abandoning module IOSTargetPlatform (113)
[2019.01.04-22.03.37:618][187]LogModuleManager: Shutting down and abandoning module HTML5TargetPlatform (111)
[2019.01.04-22.03.37:618][187]LogModuleManager: Shutting down and abandoning module AndroidTargetPlatform (109)
[2019.01.04-22.03.37:623][187]LogModuleManager: Shutting down and abandoning module WindowsTargetPlatform (107)
[2019.01.04-22.03.37:623][187]LogModuleManager: Shutting down and abandoning module WindowsServerTargetPlatform (105)
[2019.01.04-22.03.37:623][187]LogModuleManager: Shutting down and abandoning module WindowsNoEditorTargetPlatform (103)
[2019.01.04-22.03.37:623][187]LogModuleManager: Shutting down and abandoning module WindowsClientTargetPlatform (101)
[2019.01.04-22.03.37:623][187]LogModuleManager: Shutting down and abandoning module MacTargetPlatform (99)
[2019.01.04-22.03.37:623][187]LogModuleManager: Shutting down and abandoning module MacServerTargetPlatform (97)
[2019.01.04-22.03.37:623][187]LogModuleManager: Shutting down and abandoning module MacNoEditorTargetPlatform (95)
[2019.01.04-22.03.37:623][187]LogModuleManager: Shutting down and abandoning module MacClientTargetPlatform (93)
[2019.01.04-22.03.37:623][187]LogModuleManager: Shutting down and abandoning module AllDesktopTargetPlatform (91)
[2019.01.04-22.03.37:623][187]LogModuleManager: Shutting down and abandoning module InputCore (88)
[2019.01.04-22.03.37:623][187]LogModuleManager: Shutting down and abandoning module Settings (86)
[2019.01.04-22.03.37:623][187]LogModuleManager: Shutting down and abandoning module PhysXCooking (84)
[2019.01.04-22.03.37:623][187]LogModuleManager: Shutting down and abandoning module SteamVR (82)
[2019.01.04-22.03.37:623][187]LogModuleManager: Shutting down and abandoning module OculusHMD (80)
[2019.01.04-22.03.37:623][187]LogModuleManager: Shutting down and abandoning module ExampleDeviceProfileSelector (78)
[2019.01.04-22.03.37:623][187]LogModuleManager: Shutting down and abandoning module LauncherChunkInstaller (76)
[2019.01.04-22.03.37:623][187]LogModuleManager: Shutting down and abandoning module OnlineBlueprintSupport (74)
[2019.01.04-22.03.37:623][187]LogModuleManager: Shutting down and abandoning module OnlineSubsystem (70)
[2019.01.04-22.03.37:624][187]LogModuleManager: Shutting down and abandoning module XMPP (65)
[2019.01.04-22.03.37:624][187]LogModuleManager: Shutting down and abandoning module WebSockets (64)
[2019.01.04-22.03.37:640][187]LogModuleManager: Shutting down and abandoning module HTTP (61)
[2019.01.04-22.03.37:640][187]LogHttp: Display: Http module shutting down, but needs to wait on 1 outstanding Http requests:
[2019.01.04-22.03.37:640][187]LogHttp: Display: 	verb=[POST] url=[https://datarouter.ol.epicgames.com/datarouter/api/v1/public/data?SessionID=%7B604DBC02-4914-4967-1752-6EA25D59C457%7D&AppID=UEEditor.Rocket.Release&AppVersion=4.20.3-4369336%2B%2B%2BUE4%2BRelease-4.20&UserID=732877064c2d1d64b94795bb113caa3e%7Cb15aaf259a234981ac58d9a2d8097391%7C8c7a9a19-8aa6-48f6-bf7f-342c0723fb9e&AppEnvironment=datacollector-binary&UploadType=eteventstream] status=Processing
[2019.01.04-22.03.37:660][187]LogModuleManager: Shutting down and abandoning module SSL (60)
[2019.01.04-22.03.37:660][187]LogModuleManager: Shutting down and abandoning module MagicLeapEmulator (56)
[2019.01.04-22.03.37:660][187]LogModuleManager: Shutting down and abandoning module MagicLeapPrivileges (54)
[2019.01.04-22.03.37:660][187]LogModuleManager: Shutting down and abandoning module MagicLeapIdentity (52)
[2019.01.04-22.03.37:660][187]LogModuleManager: Shutting down and abandoning module MagicLeapHelperVulkan (50)
[2019.01.04-22.03.37:660][187]LogModuleManager: Shutting down and abandoning module MagicLeapHelperOpenGL (48)
[2019.01.04-22.03.37:660][187]LogModuleManager: Shutting down and abandoning module MagicLeapSecureStorage (46)
[2019.01.04-22.03.37:660][187]LogModuleManager: Shutting down and abandoning module MagicLeapGestures (44)
[2019.01.04-22.03.37:660][187]LogModuleManager: Shutting down and abandoning module MagicLeapEyeTracker (42)
[2019.01.04-22.03.37:661][187]LogModuleManager: Shutting down and abandoning module MagicLeapController (40)
[2019.01.04-22.03.37:661][187]LogSlate: Slate User Destroyed.  User Index 0, Is Virtual User: 0
[2019.01.04-22.03.37:661][187]LogModuleManager: Shutting down and abandoning module MagicLeap (38)
[2019.01.04-22.03.37:661][187]LogModuleManager: Shutting down and abandoning module AnimationModifiers (36)
[2019.01.04-22.03.37:661][187]LogModuleManager: Shutting down and abandoning module PropertyEditor (35)
[2019.01.04-22.03.37:661][187]LogModuleManager: Shutting down and abandoning module AudioEditor (32)
[2019.01.04-22.03.37:661][187]LogModuleManager: Shutting down and abandoning module TextureCompressor (30)
[2019.01.04-22.03.37:661][187]LogModuleManager: Shutting down and abandoning module ShaderCore (28)
[2019.01.04-22.03.37:661][187]LogModuleManager: Shutting down and abandoning module Landscape (26)
[2019.01.04-22.03.37:661][187]LogModuleManager: Shutting down and abandoning module SlateRHIRenderer (24)
[2019.01.04-22.03.37:661][187]LogModuleManager: Shutting down and abandoning module OpenGLDrv (22)
[2019.01.04-22.03.37:661][187]LogModuleManager: Shutting down and abandoning module D3D11RHI (20)
[2019.01.04-22.03.37:661][187]LogModuleManager: Shutting down and abandoning module AnimGraphRuntime (18)
[2019.01.04-22.03.37:661][187]LogModuleManager: Shutting down and abandoning module Renderer (16)
[2019.01.04-22.03.37:661][187]LogModuleManager: Shutting down and abandoning module Engine (14)
[2019.01.04-22.03.37:661][187]LogModuleManager: Shutting down and abandoning module CoreUObject (12)
[2019.01.04-22.03.37:662][187]LogModuleManager: Shutting down and abandoning module NetworkFile (10)
[2019.01.04-22.03.37:662][187]LogModuleManager: Shutting down and abandoning module CookedIterativeFile (8)
[2019.01.04-22.03.37:662][187]LogModuleManager: Shutting down and abandoning module StreamingFile (6)
[2019.01.04-22.03.37:662][187]LogModuleManager: Shutting down and abandoning module SandboxFile (4)
[2019.01.04-22.03.37:662][187]LogModuleManager: Shutting down and abandoning module PakFile (2)
[2019.01.04-22.03.37:664][187]LogExit: Exiting.
[2019.01.04-22.03.37:670][187]Log file closed, 01/04/19 22:03:37
