Log file open, 12/13/18 10:15:19
LogWindows: Failed to load 'aqProf.dll' (GetLastError=126)
LogWindows: File 'aqProf.dll' does not exist
LogWindows: Failed to load 'VSPerf140.dll' (GetLastError=126)
LogWindows: File 'VSPerf140.dll' does not exist
LogWindows: Failed to load 'VtuneApi.dll' (GetLastError=126)
LogWindows: File 'VtuneApi.dll' does not exist
LogWindows: Failed to load 'VtuneApi32e.dll' (GetLastError=126)
LogWindows: File 'VtuneApi32e.dll' does not exist
LogInit: Display: Running engine for game: TGP_Project
LogPlatformFile: Not using cached read wrapper
LogTaskGraph: Started task graph with 5 named threads and 23 total threads with 3 sets of task threads.
LogStats: Stats thread started at 0.377800
LogD3D11RHI: Loaded GFSDK_Aftermath_Lib.x64.dll
LogICUInternationalization: Display: ICU TimeZone Detection - Raw Offset: +0:00, Platform Override: ''
LogPluginManager: Mounting plugin Paper2D
LogPluginManager: Mounting plugin AISupport
LogPluginManager: Mounting plugin LightPropagationVolume
LogPluginManager: Mounting plugin CLionSourceCodeAccess
LogPluginManager: Mounting plugin CodeLiteSourceCodeAccess
LogPluginManager: Mounting plugin GitSourceControl
LogPluginManager: Mounting plugin KDevelopSourceCodeAccess
LogPluginManager: Mounting plugin NullSourceCodeAccess
LogPluginManager: Mounting plugin PerforceSourceControl
LogPluginManager: Mounting plugin SubversionSourceControl
LogPluginManager: Mounting plugin UObjectPlugin
LogPluginManager: Mounting plugin VisualStudioCodeSourceCodeAccess
LogPluginManager: Mounting plugin VisualStudioSourceCodeAccess
LogPluginManager: Mounting plugin XCodeSourceCodeAccess
LogPluginManager: Mounting plugin AssetManagerEditor
LogPluginManager: Mounting plugin CryptoKeys
LogPluginManager: Mounting plugin DataValidation
LogPluginManager: Mounting plugin FacialAnimation
LogPluginManager: Mounting plugin GameplayTagsEditor
LogPluginManager: Mounting plugin MacGraphicsSwitching
LogPluginManager: Mounting plugin MeshEditor
LogPluginManager: Mounting plugin MobileLauncherProfileWizard
LogPluginManager: Mounting plugin PluginBrowser
LogPluginManager: Mounting plugin SpeedTreeImporter
LogPluginManager: Mounting plugin DatasmithContent
LogPluginManager: Mounting plugin AlembicImporter
LogPluginManager: Mounting plugin AppleImageUtils
LogPluginManager: Mounting plugin AppleVision
LogPluginManager: Mounting plugin BackChannel
LogPluginManager: Mounting plugin CharacterAI
LogPluginManager: Mounting plugin GeometryCache
LogPluginManager: Mounting plugin HTML5Networking
LogPluginManager: Mounting plugin ProxyLODPlugin
LogPluginManager: Mounting plugin MagicLeap
LogPluginManager: Mounting plugin MagicLeapEmulator
LogPluginManager: Mounting plugin MagicLeapMedia
LogPluginManager: Mounting plugin AndroidMedia
LogPluginManager: Mounting plugin AvfMedia
LogPluginManager: Mounting plugin ImgMedia
LogPluginManager: Mounting plugin LinearTimecode
LogPluginManager: Mounting plugin MediaCompositing
LogPluginManager: Mounting plugin MediaPlayerEditor
LogPluginManager: Mounting plugin WmfMedia
LogPluginManager: Mounting plugin TcpMessaging
LogPluginManager: Mounting plugin UdpMessaging
LogPluginManager: Mounting plugin ActorSequence
LogPluginManager: Mounting plugin LevelSequenceEditor
LogPluginManager: Mounting plugin MatineeToLevelSequence
LogPluginManager: Mounting plugin NetcodeUnitTest
LogPluginManager: Mounting plugin NUTUnrealEngine4
LogPluginManager: Mounting plugin OnlineSubsystemGooglePlay
LogPluginManager: Mounting plugin OnlineSubsystemIOS
LogPluginManager: Mounting plugin OnlineSubsystem
LogPluginManager: Mounting plugin OnlineSubsystemNull
LogPluginManager: Mounting plugin OnlineSubsystemUtils
LogPluginManager: Mounting plugin LauncherChunkInstaller
LogPluginManager: Mounting plugin AndroidDeviceProfileSelector
LogPluginManager: Mounting plugin AndroidMoviePlayer
LogPluginManager: Mounting plugin AndroidPermission
LogPluginManager: Mounting plugin AppleMoviePlayer
LogPluginManager: Mounting plugin ArchVisCharacter
LogPluginManager: Mounting plugin AudioCapture
LogPluginManager: Mounting plugin CableComponent
LogPluginManager: Mounting plugin CustomMeshComponent
LogPluginManager: Mounting plugin EditableMesh
LogPluginManager: Mounting plugin ExampleDeviceProfileSelector
LogPluginManager: Mounting plugin GoogleCloudMessaging
LogPluginManager: Mounting plugin ImmediatePhysics
LogPluginManager: Mounting plugin IOSDeviceProfileSelector
LogPluginManager: Mounting plugin LinuxDeviceProfileSelector
LogPluginManager: Mounting plugin LocationServicesBPLibrary
LogPluginManager: Mounting plugin MobilePatchingUtils
LogPluginManager: Mounting plugin OculusVR
LogPluginManager: Plugin shader directory ../../../Engine/Plugins/Runtime/Oculus/OculusVR/Shaders found
LogPluginManager: Mapping shader source directory ../../../Engine/Plugins/Runtime/Oculus/OculusVR/Shaders to virtual directory /Plugin/OculusVR
LogPluginManager: Mounting plugin PhysXVehicles
LogPluginManager: Mounting plugin ProceduralMeshComponent
LogPluginManager: Mounting plugin RuntimePhysXCooking
LogPluginManager: Mounting plugin SteamVR
LogPluginManager: Mounting plugin WindowsMoviePlayer
LogStreaming: Display: Took  0.192s to configure plugins.
LogInit: Using libcurl 7.55.1-DEV
LogInit:  - built for x86_64-pc-win32
LogInit:  - supports SSL with OpenSSL/1.0.2h
LogInit:  - supports HTTP deflate (compression) using libz 1.2.8
LogInit:  - other features:
LogInit:      CURL_VERSION_SSL
LogInit:      CURL_VERSION_LIBZ
LogInit:      CURL_VERSION_IPV6
LogInit:      CURL_VERSION_ASYNCHDNS
LogInit:      CURL_VERSION_LARGEFILE
LogInit:      CURL_VERSION_IDN
LogInit:  CurlRequestOptions (configurable via config and command line):
LogInit:  - bVerifyPeer = false  - Libcurl will NOT verify peer certificate
LogInit:  - bUseHttpProxy = false  - Libcurl will NOT use HTTP proxy
LogInit:  - bDontReuseConnections = false  - Libcurl will reuse connections
LogInit:  - CertBundlePath = nullptr  - Libcurl will use whatever was configured at build time.
LogInit:  - MaxHostConnections = 16  - Libcurl will limit the number of connections to a host
LogInit:  - LocalHostAddr = Default
LogInit:  - BufferSize = 65536
LogInit: WinSock: version 1.1 (2.2), MaxSocks=32767, MaxUdp=65467
LogInit: Build: ++UE4+Release-4.20-CL-4369336
LogInit: Engine Version: 4.20.3-4369336+++UE4+Release-4.20
LogInit: Compatible Engine Version: 4.20.0-4212847+++UE4+Release-4.20
LogInit: Net CL: 4212847
LogInit: OS: Windows 10 (), CPU: Intel(R) Xeon(R) W-2123 CPU @ 3.60GHz, GPU: NVIDIA GeForce GTX 1070
LogInit: Compiled (64-bit): Sep 17 2018 12:26:19
LogInit: Compiled with Visual C++: 19.13.26129.00
LogInit: Build Configuration: Development
LogInit: Branch Name: ++UE4+Release-4.20
LogInit: Command Line:  -skipcompile
LogInit: Base Directory: C:/Epic/UE4/UE_4.20/Engine/Binaries/Win64/
LogInit: Installed Engine Build: 1
LogDevObjectVersion: Number of dev versions registered: 20
LogDevObjectVersion:   Dev-Blueprints (B0D832E4-1F89-4F0D-ACCF-7EB736FD4AA2): 10
LogDevObjectVersion:   Dev-Build (E1C64328-A22C-4D53-A36C-8E866417BD8C): 0
LogDevObjectVersion:   Dev-Core (375EC13C-06E4-48FB-B500-84F0262A717E): 2
LogDevObjectVersion:   Dev-Editor (E4B068ED-F494-42E9-A231-DA0B2E46BB41): 24
LogDevObjectVersion:   Dev-Framework (CFFC743F-43B0-4480-9391-14DF171D2073): 34
LogDevObjectVersion:   Dev-Mobile (B02B49B5-BB20-44E9-A304-32B752E40360): 2
LogDevObjectVersion:   Dev-Networking (A4E4105C-59A1-49B5-A7C5-40C4547EDFEE): 0
LogDevObjectVersion:   Dev-Online (39C831C9-5AE6-47DC-9A44-9C173E1C8E7C): 0
LogDevObjectVersion:   Dev-Physics (78F01B33-EBEA-4F98-B9B4-84EACCB95AA2): 0
LogDevObjectVersion:   Dev-Platform (6631380F-2D4D-43E0-8009-CF276956A95A): 0
LogDevObjectVersion:   Dev-Rendering (12F88B9F-8875-4AFC-A67C-D90C383ABD29): 26
LogDevObjectVersion:   Dev-Sequencer (7B5AE74C-D270-4C10-A958-57980B212A5A): 9
LogDevObjectVersion:   Dev-VR (D7296918-1DD6-4BDD-9DE2-64A83CC13884): 2
LogDevObjectVersion:   Dev-LoadTimes (C2A15278-BFE7-4AFE-6C17-90FF531DF755): 1
LogDevObjectVersion:   Private-Geometry (6EACA3D4-40EC-4CC1-B786-8BED09428FC5): 3
LogDevObjectVersion:   Dev-AnimPhys (29E575DD-E0A3-4627-9D10-D276232CDCEA): 17
LogDevObjectVersion:   Dev-ReflectionCapture (6B266CEC-1EC7-4B8F-A30B-E4D90942FC07): 1
LogDevObjectVersion:   Dev-Automation (0DF73D61-A23F-47EA-B727-89E90C41499A): 1
LogDevObjectVersion:   FortniteMain (601D1886-AC64-4F84-AA16-D3DE0DEAC7D6): 12
LogDevObjectVersion:   Dev-Enterprise (9DFFBCD6-494F-0158-E221-12823C92A888): 1
LogStreaming: Display: Took  0.004s to delete old logs.
LogInit: Presizing for max 8388607 objects, including 0 objects not considered by GC, pre-allocating 0 bytes for permanent pool.
LogInit: Object subsystem initialized
[2018.12.13-10.15.20:314][  0]LogInit: Selected Device Profile: [Windows]
[2018.12.13-10.15.20:314][  0]LogInit: Applying CVar settings loaded from the selected device profile: [Windows]
[2018.12.13-10.15.20:334][  0]LogHAL: Display: Platform has ~ 32 GB [34065870848 / 34359738368 / 32], which maps to Largest [LargestMinGB=32, LargerMinGB=12, DefaultMinGB=8, SmallerMinGB=6, SmallestMinGB=0)
[2018.12.13-10.15.20:334][  0]LogInit: Setting Device Profile CVar: [[r.Vulkan.UseRealUBs:1]]
[2018.12.13-10.15.20:334][  0]LogInit: Going up to parent DeviceProfile []
[2018.12.13-10.15.20:334][  0]LogInit: Computer: C117B-024
[2018.12.13-10.15.20:334][  0]LogInit: User: m013603g
[2018.12.13-10.15.20:335][  0]LogInit: CPU Page size=4096, Cores=4
[2018.12.13-10.15.20:335][  0]LogInit: High frequency timer resolution =3.515625 MHz
[2018.12.13-10.15.20:335][  0]LogMemory: Memory total: Physical=31.7GB (32GB approx)
[2018.12.13-10.15.20:335][  0]LogMemory: Platform Memory Stats for Windows
[2018.12.13-10.15.20:335][  0]LogMemory: Process Physical Memory: 102.30 MB used, 102.30 MB peak
[2018.12.13-10.15.20:335][  0]LogMemory: Process Virtual Memory: 93.00 MB used, 93.00 MB peak
[2018.12.13-10.15.20:335][  0]LogMemory: Physical Memory: 7963.79 MB used,  24523.96 MB free, 32487.75 MB total
[2018.12.13-10.15.20:335][  0]LogMemory: Virtual Memory: 4642.15 MB used,  24523.96 MB free, 134217728.00 MB total
[2018.12.13-10.15.20:442][  0]LogInit: Using OS detected language (en-US).
[2018.12.13-10.15.20:443][  0]LogInit: Using OS detected locale (en-GB).
[2018.12.13-10.15.20:444][  0]LogTextLocalizationManager: No specific localization for 'en-US' exists, so the 'en' localization will be used.
[2018.12.13-10.15.20:808][  0]LogStreaming: Display: Took  0.364s to InitEngineTextLocalization.
[2018.12.13-10.15.20:808][  0]LogInit: Setting process to per monitor DPI aware
[2018.12.13-10.15.20:861][  0]LogSlate: New Slate User Created.  User Index 0, Is Virtual User: 0
[2018.12.13-10.15.20:861][  0]LogSlate: Slate User Registered.  User Index 0, Is Virtual User: 0
[2018.12.13-10.15.21:107][  0]LogHMD: Failed to initialize OpenVR with code 110
[2018.12.13-10.15.21:107][  0]LogD3D11RHI: D3D11 adapters:
[2018.12.13-10.15.21:189][  0]LogD3D11RHI:    0. 'NVIDIA GeForce GTX 1070' (Feature Level 11_0)
[2018.12.13-10.15.21:189][  0]LogD3D11RHI:       8096/0/16243 MB DedicatedVideo/DedicatedSystem/SharedSystem, Outputs:2, VendorId:0x10de
[2018.12.13-10.15.21:195][  0]LogD3D11RHI:    1. 'Microsoft Basic Render Driver' (Feature Level 11_0)
[2018.12.13-10.15.21:195][  0]LogD3D11RHI:       0/0/16243 MB DedicatedVideo/DedicatedSystem/SharedSystem, Outputs:0, VendorId:0x1414
[2018.12.13-10.15.21:195][  0]LogD3D11RHI: Chosen D3D11 Adapter: 0
[2018.12.13-10.15.21:203][  0]LogD3D11RHI: Creating new Direct3DDevice
[2018.12.13-10.15.21:203][  0]LogD3D11RHI:     GPU DeviceId: 0x1b81 (for the marketing name, search the web for "GPU Device Id")
[2018.12.13-10.15.21:203][  0]LogWindows: EnumDisplayDevices:
[2018.12.13-10.15.21:203][  0]LogWindows:    0. 'NVIDIA GeForce GTX 1070' (P:1 D:1)
[2018.12.13-10.15.21:203][  0]LogWindows:    1. 'NVIDIA GeForce GTX 1070' (P:0 D:1)
[2018.12.13-10.15.21:204][  0]LogWindows:    2. 'NVIDIA GeForce GTX 1070' (P:0 D:0)
[2018.12.13-10.15.21:204][  0]LogWindows:    3. 'NVIDIA GeForce GTX 1070' (P:0 D:0)
[2018.12.13-10.15.21:204][  0]LogWindows: DebugString: FoundDriverCount:4 
[2018.12.13-10.15.21:204][  0]LogD3D11RHI:     Adapter Name: NVIDIA GeForce GTX 1070
[2018.12.13-10.15.21:204][  0]LogD3D11RHI:   Driver Version: 388.13 (internal:23.21.13.8813, unified:388.13)
[2018.12.13-10.15.21:204][  0]LogD3D11RHI:      Driver Date: 10-27-2017
[2018.12.13-10.15.21:204][  0]LogRHI: Texture pool is 5667 MB (70% of 8096 MB)
[2018.12.13-10.15.21:234][  0]LogD3D11RHI: Async texture creation enabled
[2018.12.13-10.15.21:244][  0]LogD3D11RHI: GPU Timing Frequency: 1000.000000 (Debug: 2 1)
[2018.12.13-10.15.21:246][  0]LogShaderCompilers: Guid format shader working directory is -29 characters bigger than the processId version (../../../../../../Users/m013603g/Documents/GitHub/TGP_PairProject/TGP_Project/Intermediate/Shaders/WorkingDirectory/15276/).
[2018.12.13-10.15.21:247][  0]LogShaderCompilers: Cleaned the shader compiler working directory 'C:/Users/m013603g/AppData/Local/Temp/UnrealShaderWorkingDir/BAC0800444C6831891C091A023CAADAB/'.
[2018.12.13-10.15.21:516][  0]LogTemp: Display: Loaded TP AllDesktopTargetPlatform
[2018.12.13-10.15.21:533][  0]LogTemp: Display: Loaded TP MacClientTargetPlatform
[2018.12.13-10.15.21:549][  0]LogTemp: Display: Loaded TP MacNoEditorTargetPlatform
[2018.12.13-10.15.21:566][  0]LogTemp: Display: Loaded TP MacServerTargetPlatform
[2018.12.13-10.15.21:585][  0]LogTemp: Display: Loaded TP MacTargetPlatform
[2018.12.13-10.15.21:602][  0]LogTemp: Display: Loaded TP WindowsClientTargetPlatform
[2018.12.13-10.15.21:621][  0]LogTemp: Display: Loaded TP WindowsNoEditorTargetPlatform
[2018.12.13-10.15.21:638][  0]LogTemp: Display: Loaded TP WindowsServerTargetPlatform
[2018.12.13-10.15.21:647][  0]LogTemp: Display: Loaded TP WindowsTargetPlatform
[2018.12.13-10.15.21:725][  0]LogTemp: Display: Loaded TP AndroidTargetPlatform
[2018.12.13-10.15.21:725][  0]LogTemp: Display: Loaded TP AndroidTargetPlatform
[2018.12.13-10.15.21:725][  0]LogTemp: Display: Loaded TP AndroidTargetPlatform
[2018.12.13-10.15.21:725][  0]LogTemp: Display: Loaded TP AndroidTargetPlatform
[2018.12.13-10.15.21:725][  0]LogTemp: Display: Loaded TP AndroidTargetPlatform
[2018.12.13-10.15.21:725][  0]LogTemp: Display: Loaded TP AndroidTargetPlatform
[2018.12.13-10.15.21:725][  0]LogTemp: Display: Loaded TP AndroidTargetPlatform
[2018.12.13-10.15.21:725][  0]LogTemp: Display: Loaded TP AndroidTargetPlatform
[2018.12.13-10.15.21:725][  0]LogTemp: Display: Loaded TP AndroidTargetPlatform
[2018.12.13-10.15.21:725][  0]LogTemp: Display: Loaded TP AndroidTargetPlatform
[2018.12.13-10.15.21:725][  0]LogTemp: Display: Loaded TP AndroidTargetPlatform
[2018.12.13-10.15.21:725][  0]LogTemp: Display: Loaded TP AndroidTargetPlatform
[2018.12.13-10.15.21:725][  0]LogTemp: Display: Loaded TP AndroidTargetPlatform
[2018.12.13-10.15.21:725][  0]LogTemp: Display: Loaded TP AndroidTargetPlatform
[2018.12.13-10.15.21:726][  0]LogTemp: Display: Loaded TP AndroidTargetPlatform
[2018.12.13-10.15.21:726][  0]LogTemp: Display: Loaded TP AndroidTargetPlatform
[2018.12.13-10.15.21:726][  0]LogTemp: Display: Loaded TP AndroidTargetPlatform
[2018.12.13-10.15.21:726][  0]LogTemp: Display: Loaded TP AndroidTargetPlatform
[2018.12.13-10.15.21:733][  0]LogTemp: Display: Loaded TP HTML5TargetPlatform
[2018.12.13-10.15.21:822][  0]LogTemp: Display: Loaded TP IOSTargetPlatform
[2018.12.13-10.15.21:822][  0]LogTemp: Display: Loaded TP IOSTargetPlatform
[2018.12.13-10.15.21:853][  0]LogTemp: Display: Loaded TP TVOSTargetPlatform
[2018.12.13-10.15.21:853][  0]LogTemp: Display: Loaded TP TVOSTargetPlatform
[2018.12.13-10.15.21:868][  0]LogTemp: Display: Loaded TP LinuxClientTargetPlatform
[2018.12.13-10.15.21:883][  0]LogTemp: Display: Loaded TP LinuxNoEditorTargetPlatform
[2018.12.13-10.15.21:897][  0]LogTemp: Display: Loaded TP LinuxServerTargetPlatform
[2018.12.13-10.15.21:919][  0]LogTemp: Display: Loaded TP LinuxTargetPlatform
[2018.12.13-10.15.21:929][  0]LogTemp: Display: Loaded TP LuminTargetPlatform
[2018.12.13-10.15.21:930][  0]LogTargetPlatformManager: Display: Building Assets For Windows
[2018.12.13-10.15.22:060][  0]LogXGEController: Cleaning working directory: C:/Users/m013603g/AppData/Local/Temp/UnrealXGEWorkingDir/
[2018.12.13-10.15.22:060][  0]LogXGEController: Cannot use XGE Controller as Incredibuild is not installed on this machine.
[2018.12.13-10.15.22:061][  0]LogShaderCompilers: Cannot use XGE Shader Compiler as Incredibuild is not installed on this machine.
[2018.12.13-10.15.22:061][  0]LogShaderCompilers: Display: Using Local Shader Compiler.
[2018.12.13-10.15.22:866][  0]LogDerivedDataCache: Display: Max Cache Size: 512 MB
[2018.12.13-10.15.22:929][  0]LogDerivedDataCache: Loaded boot cache 0.06s 71MB C:/Users/m013603g/AppData/Local/UnrealEngine/4.20/DerivedDataCache/Boot.ddc.
[2018.12.13-10.15.22:930][  0]LogDerivedDataCache: Display: Loaded Boot cache: C:/Users/m013603g/AppData/Local/UnrealEngine/4.20/DerivedDataCache/Boot.ddc
[2018.12.13-10.15.22:930][  0]LogDerivedDataCache: FDerivedDataBackendGraph:  Pak pak cache file ../../../../../../Users/m013603g/Documents/GitHub/TGP_PairProject/TGP_Project/DerivedDataCache/DDC.ddp not found, will not use a pak cache.
[2018.12.13-10.15.22:930][  0]LogDerivedDataCache: Unable to find inner node Pak for hierarchical cache Hierarchy.
[2018.12.13-10.15.22:930][  0]LogDerivedDataCache: FDerivedDataBackendGraph:  CompressedPak pak cache file ../../../../../../Users/m013603g/Documents/GitHub/TGP_PairProject/TGP_Project/DerivedDataCache/Compressed.ddp not found, will not use a pak cache.
[2018.12.13-10.15.22:930][  0]LogDerivedDataCache: Unable to find inner node CompressedPak for hierarchical cache Hierarchy.
[2018.12.13-10.15.22:942][  0]LogDerivedDataCache: Display: Pak cache opened for reading ../../../Engine/DerivedDataCache/Compressed.ddp.
[2018.12.13-10.15.22:956][  0]LogDerivedDataCache: Using Local data cache path C:/Users/m013603g/AppData/Local/UnrealEngine/Common/DerivedDataCache: Writable
[2018.12.13-10.15.22:956][  0]LogDerivedDataCache: Shared data cache path not found in *engine.ini, will not use an Shared cache.
[2018.12.13-10.15.22:957][  0]LogDerivedDataCache: Unable to find inner node Shared for hierarchical cache Hierarchy.
[2018.12.13-10.15.22:977][  0]LogMaterial: Verifying Global Shaders for PCD3D_SM5
[2018.12.13-10.15.22:978][  0]LogSlate: Using FreeType 2.6.0
[2018.12.13-10.15.22:980][  0]LogSlate: SlateFontServices - WITH_FREETYPE: 1, WITH_HARFBUZZ: 1
[2018.12.13-10.15.23:084][  0]LogAssetRegistry: FAssetRegistry took 0.0365 seconds to start up
[2018.12.13-10.15.23:433][  0]LogInit: Selected Device Profile: [Windows]
[2018.12.13-10.15.23:598][  0]LogSimplygon: Simplygon DLL not present - disabling.
[2018.12.13-10.15.23:607][  0]LogMeshReduction: Using SimplygonSwarm for distributed automatic mesh merging
[2018.12.13-10.15.23:607][  0]LogMeshReduction: Using ProxyLODMeshReduction for automatic mesh merging
[2018.12.13-10.15.23:607][  0]LogMeshReduction: Using QuadricMeshReduction for automatic static mesh reduction
[2018.12.13-10.15.23:607][  0]LogMeshReduction: No automatic skeletal mesh reduction module available
[2018.12.13-10.15.23:626][  0]LogNetVersion: TGP_Project 1.0.0, NetCL: 4212847, EngineNetVer: 5, GameNetVer: 0 (Checksum: 95638710)
[2018.12.13-10.15.24:171][  0]LogPackageLocalizationCache: Processed 11 localized package path(s) for 2 prioritized culture(s) in 0.121870 seconds
[2018.12.13-10.15.24:177][  0]LogUObjectArray: 38425 objects as part of root set at end of initial load.
[2018.12.13-10.15.24:178][  0]LogUObjectAllocator: 6690872 out of 0 bytes used by permanent object pool.
[2018.12.13-10.15.24:178][  0]LogUObjectArray: CloseDisregardForGC: 0/0 objects in disregard for GC pool
[2018.12.13-10.15.25:161][  0]LogTcpMessaging: Initializing TcpMessaging bridge
[2018.12.13-10.15.25:178][  0]LogUdpMessaging: Initializing bridge on interface 0.0.0.0:0 to multicast group 230.0.0.1:6666.
[2018.12.13-10.15.25:399][  0]SourceControl: Source control is disabled
[2018.12.13-10.15.25:400][  0]SourceControl: Source control is disabled
[2018.12.13-10.15.25:403][  0]SourceControl: Source control is disabled
[2018.12.13-10.15.25:409][  0]SourceControl: Source control is disabled
[2018.12.13-10.15.25:707][  0]LogAndroidPermission: UAndroidPermissionCallbackProxy::GetInstance
[2018.12.13-10.15.25:797][  0]LogOcInput: OculusInput pre-init called
[2018.12.13-10.15.25:875][  0]LogEngine: Initializing Engine...
[2018.12.13-10.15.25:876][  0]LogHMD: Failed to initialize OpenVR with code 110
[2018.12.13-10.15.25:877][  0]LogStats: UGameplayTagsManager::ConstructGameplayTagTree: ImportINI prefixes -  0.000 s
[2018.12.13-10.15.25:877][  0]LogStats: UGameplayTagsManager::ConstructGameplayTagTree: Construct from data asset -  0.000 s
[2018.12.13-10.15.25:878][  0]LogStats: UGameplayTagsManager::ConstructGameplayTagTree: ImportINI -  0.000 s
[2018.12.13-10.15.25:878][  0]LogStats: UGameplayTagsManager::ConstructGameplayTagTree: GameplayTagTreeChangedEvent.Broadcast -  0.000 s
[2018.12.13-10.15.26:076][  0]LogInit: Initializing FReadOnlyCVARCache
[2018.12.13-10.15.26:093][  0]LogAIModule: Creating AISystem for world Untitled
[2018.12.13-10.15.26:104][  0]LogInit: XAudio2 using 'Speakers (Realtek High Definition Audio)' : 2 channels at 48 kHz using 32 bits per sample (channel mask 0x3)
[2018.12.13-10.15.26:149][  0]LogInit: FAudioDevice initialized.
[2018.12.13-10.15.26:149][  0]LogNetVersion: Set ProjectVersion to 1.0.0.0. Version Checksum will be recalculated on next use.
[2018.12.13-10.15.26:193][  0]LogDerivedDataCache: Saved boot cache 0.04s 71MB C:/Users/m013603g/AppData/Local/UnrealEngine/4.20/DerivedDataCache/Boot.ddc.
[2018.12.13-10.15.26:209][  0]LogInit: Texture streaming: Enabled
[2018.12.13-10.15.26:241][  0]LogEngineSessionManager: EngineSessionManager initialized
[2018.12.13-10.15.26:254][  0]LogInit: Transaction tracking system initialized
[2018.12.13-10.15.26:295][  0]BlueprintLog: New page: Editor Load
[2018.12.13-10.15.26:433][  0]LocalizationService: Localization service is disabled
[2018.12.13-10.15.26:738][  0]LogCook: Display: Max memory allowance for cook 16384mb min free memory 0mb
[2018.12.13-10.15.26:738][  0]LogCook: Display: Mobile HDR setting 1
[2018.12.13-10.15.26:739][  0]LogGameplayTags: Display: UGameplayTagsManager::DoneAddingNativeTags. DelegateIsBound: 0
[2018.12.13-10.15.26:739][  0]LogStats: UGameplayTagsManager::ConstructGameplayTagTree: ImportINI prefixes -  0.000 s
[2018.12.13-10.15.26:739][  0]LogStats: UGameplayTagsManager::ConstructGameplayTagTree: Construct from data asset -  0.000 s
[2018.12.13-10.15.26:739][  0]LogStats: UGameplayTagsManager::ConstructGameplayTagTree: ImportINI -  0.000 s
[2018.12.13-10.15.26:739][  0]LogStats: UGameplayTagsManager::ConstructGameplayTagTree: GameplayTagTreeChangedEvent.Broadcast -  0.000 s
[2018.12.13-10.15.26:747][  0]LogFileCache: Scanning file cache for directory 'C:/Users/m013603g/Documents/GitHub/TGP_PairProject/TGP_Project/Content/' took 0.02s
[2018.12.13-10.15.26:960][  0]SourceControl: Source control is disabled
[2018.12.13-10.15.26:960][  0]Cmd: MAP LOAD FILE="../../../../../../Users/m013603g/Documents/GitHub/TGP_PairProject/TGP_Project/Content/Levels/BaseLevel.umap" TEMPLATE=0 SHOWPROGRESS=1 FEATURELEVEL=3
[2018.12.13-10.15.26:960][  0]LightingResults: New page: Lighting Build
[2018.12.13-10.15.26:964][  0]MapCheck: New page: Map Check
[2018.12.13-10.15.26:964][  0]LightingResults: New page: Lighting Build
[2018.12.13-10.15.27:062][  0]LogLinker: Warning: Can't find file '/Game/Levels/BaseLevel_BuiltData'
[2018.12.13-10.15.27:063][  0]LogLinker: Warning: Can't find file for asset '/Game/Levels/BaseLevel_BuiltData' while loading ../../../../../../Users/m013603g/Documents/GitHub/TGP_PairProject/TGP_Project/Content/Levels/BaseLevel.umap.
[2018.12.13-10.15.27:063][  0]LoadErrors: Error: /Game/Levels/BaseLevel : Can't find file for asset. /Game/Levels/BaseLevel_BuiltData
[2018.12.13-10.15.27:067][  0]LogLinker: Warning: Can't find file '/Game/Levels/BaseLevel_BuiltData'
[2018.12.13-10.15.27:068][  0]LogLinker: Warning: Can't find file for asset '/Game/Levels/BaseLevel_BuiltData' while loading ../../../../../../Users/m013603g/Documents/GitHub/TGP_PairProject/TGP_Project/Content/Levels/BaseLevel.umap.
[2018.12.13-10.15.27:068][  0]LoadErrors: Error: /Game/Levels/BaseLevel : Can't find file for asset. /Game/Levels/BaseLevel_BuiltData
[2018.12.13-10.15.27:080][  0]LogLinker: Warning: Can't find file '/Game/Levels/BaseLevel_BuiltData'
[2018.12.13-10.15.27:080][  0]LoadErrors: Failed to load /Game/Levels/BaseLevel_BuiltData.BaseLevel_BuiltData Referenced by PersistentLevel
[2018.12.13-10.15.27:081][  0]LogLinker: Warning: Can't find file for asset '/Game/Levels/BaseLevel_BuiltData' while loading NULL.
[2018.12.13-10.15.27:081][  0]LoadErrors: Failed to load /Game/Levels/BaseLevel_BuiltData.BaseLevel_BuiltData Referenced by PersistentLevel
[2018.12.13-10.15.27:106][  0]LogAIModule: Creating AISystem for world BaseLevel
[2018.12.13-10.15.27:115][  0]LogEditorServer: Finished looking for orphan Actors (0.000 secs)
[2018.12.13-10.15.27:144][  0]Cmd: MAP CHECKDEP NOCLEARLOG
[2018.12.13-10.15.27:261][  0]MapCheck: Map check complete: 0 Error(s), 0 Warning(s), took 117.726ms to complete.
[2018.12.13-10.15.27:262][  0]LogFileHelpers: Loading map 'BaseLevel' took 0.302
[2018.12.13-10.15.27:410][  0]LogSlate: Updating window title bar state: overlay mode, drag disabled, window buttons hidden, title bar hidden
[2018.12.13-10.15.27:420][  0]LogSlate: Updating window title bar state: overlay mode, drag disabled, window buttons hidden, title bar hidden
[2018.12.13-10.15.27:429][  0]LogSlate: Updating window title bar state: overlay mode, drag disabled, window buttons hidden, title bar hidden
[2018.12.13-10.15.27:436][  0]LogSlate: Updating window title bar state: overlay mode, drag disabled, window buttons hidden, title bar hidden
[2018.12.13-10.15.27:447][  0]LogCollectionManager: Loaded 0 collections in 0.003311 seconds
[2018.12.13-10.15.27:511][  0]LogFileCache: Scanning file cache for directory 'C:/Users/m013603g/Documents/GitHub/TGP_PairProject/TGP_Project/Saved/Collections/' took 0.01s
[2018.12.13-10.15.27:512][  0]LogFileCache: Scanning file cache for directory 'C:/Users/m013603g/Documents/GitHub/TGP_PairProject/TGP_Project/Content/Developers/m013603g/Collections/' took 0.01s
[2018.12.13-10.15.27:512][  0]LogFileCache: Scanning file cache for directory 'C:/Users/m013603g/Documents/GitHub/TGP_PairProject/TGP_Project/Content/Collections/' took 0.01s
[2018.12.13-10.15.27:512][  0]LogCollectionManager: Rebuilt the GUID cache for 0 collections in 0.000001 seconds
[2018.12.13-10.15.27:534][  0]LogContentBrowser: Native class hierarchy populated in 0.0218 seconds. Added 2585 classes and 606 folders.
[2018.12.13-10.15.27:545][  0]LogContentBrowser: Native class hierarchy updated for 'WidgetCarousel' in 0.0005 seconds. Added 0 classes and 0 folders.
[2018.12.13-10.15.27:601][  0]LogContentBrowser: Native class hierarchy updated for 'AddContentDialog' in 0.0004 seconds. Added 0 classes and 0 folders.
[2018.12.13-10.15.27:610][  0]LogContentBrowser: Native class hierarchy updated for 'SceneOutliner' in 0.0004 seconds. Added 1 classes and 2 folders.
[2018.12.13-10.15.27:669][  0]LogSlate: Took 0.000465 seconds to synchronously load lazily loaded font '../../../Engine/Content/Slate/Fonts/Roboto-Regular.ttf' (155K)
[2018.12.13-10.15.27:671][  0]LogSlate: Took 0.000179 seconds to synchronously load lazily loaded font '../../../Engine/Content/Slate/Fonts/Roboto-Bold.ttf' (160K)
[2018.12.13-10.15.27:677][  0]LogSlate: Took 0.000216 seconds to synchronously load lazily loaded font '../../../Engine/Content/Editor/Slate/Fonts/FontAwesome.ttf' (139K)
[2018.12.13-10.15.27:746][  0]LogRenderer: Reallocating scene render targets to support 1208x576 Format 10 NumSamples 1 (Frame:1).
[2018.12.13-10.15.27:799][  0]LogSlate: Took 0.000185 seconds to synchronously load lazily loaded font '../../../Engine/Content/Slate/Fonts/Roboto-Light.ttf' (167K)
[2018.12.13-10.15.27:867][  0]LogSlate: FSceneViewport::OnFocusLost() reason 2
[2018.12.13-10.15.27:883][  0]LogSlate: Window 'Tutorials' being destroyed
[2018.12.13-10.15.27:920][  0]LogContentBrowser: Native class hierarchy updated for 'HierarchicalLODOutliner' in 0.0005 seconds. Added 0 classes and 0 folders.
[2018.12.13-10.15.27:920][  0]LogLoad: (Engine Initialization) Total time: 10.04 seconds
[2018.12.13-10.15.27:920][  0]LogLoad: (Engine Initialization) Total Blueprint compile time: 0.00 seconds
[2018.12.13-10.15.27:938][  0]LogWindowsTextInputMethodSystem: Display: IME system now deactivated.
[2018.12.13-10.15.27:992][  0]LogContentStreaming: Texture pool size now 1000 MB
[2018.12.13-10.15.27:998][  0]LogSlate: FSceneViewport::OnFocusLost() reason 2
[2018.12.13-10.15.28:049][  1]LogFileCache: Retrieving MD5 hashes for directory 'C:/Users/m013603g/Documents/GitHub/TGP_PairProject/TGP_Project/Content/' took 0.10s
[2018.12.13-10.15.28:064][  1]LogAssetRegistry: Asset discovery search completed in 5.0039 seconds
[2018.12.13-10.15.28:066][  1]LogCollectionManager: Rebuilt the object cache for 0 collections in 0.000000 seconds (found 0 objects)
[2018.12.13-10.15.28:066][  1]LogCollectionManager: Fixed up redirectors for 0 collections in 0.000154 seconds (updated 0 objects)
[2018.12.13-10.15.29:465][158]LogSlate: Window 'Message Log' being destroyed
[2018.12.13-10.15.29:470][158]LogSlate: Window 'Message Log' being destroyed
[2018.12.13-10.15.32:005][451]LogSlate: FSceneViewport::OnFocusLost() reason 0
[2018.12.13-10.15.32:093][461]LogSlate: Took 0.000231 seconds to synchronously load lazily loaded font '../../../Engine/Content/Slate/Fonts/Roboto-Light.ttf' (167K)
[2018.12.13-10.15.32:100][461]LogAssetEditorManager: Opening Asset editor for Blueprint /Game/Blueprints/BP_Bodyguard.BP_Bodyguard
[2018.12.13-10.15.32:622][461]LogContentBrowser: Native class hierarchy updated for 'BlueprintGraph' in 0.0015 seconds. Added 116 classes and 0 folders.
[2018.12.13-10.15.48:027][780]BlueprintLog: New page: Compile BP_Bodyguard
[2018.12.13-10.15.49:295][865]Cmd: OBJ SAVEPACKAGE PACKAGE="/Game/Blueprints/BP_Bodyguard" FILE="../../../../../../Users/m013603g/Documents/GitHub/TGP_PairProject/TGP_Project/Content/Blueprints/BP_Bodyguard.uasset" SILENT=true
[2018.12.13-10.15.49:346][865]LogSavePackage: Moving '../../../../../../Users/m013603g/Documents/GitHub/TGP_PairProject/TGP_Project/Saved/BP_Bodyguard8895E6E846E1FD23DE468FAA770F8500.tmp' to '../../../../../../Users/m013603g/Documents/GitHub/TGP_PairProject/TGP_Project/Content/Blueprints/BP_Bodyguard.uasset'
[2018.12.13-10.15.50:158][942]LogSlate: Window 'BP_Bodyguard' being destroyed
[2018.12.13-10.15.51:686][110]LogSavePackage: Moving '../../../../../../Users/m013603g/Documents/GitHub/TGP_PairProject/TGP_Project/Saved/BaseLevel5BEF75534B6B3EA8D3C6BC959F796109.tmp' to '../../../../../../Users/m013603g/Documents/GitHub/TGP_PairProject/TGP_Project/Content/Levels/BaseLevel.umap'
[2018.12.13-10.15.52:212][163]LogTemp: Repeating last play command: Selected Viewport
[2018.12.13-10.15.52:237][163]LogPlayLevel: PlayLevel: No blueprints needed recompiling
[2018.12.13-10.15.52:251][163]PIE: New page: PIE session: BaseLevel (13 Dec 2018 10:15:52)
[2018.12.13-10.15.52:252][163]LogPlayLevel: Creating play world package: /Game/Levels/UEDPIE_0_BaseLevel
[2018.12.13-10.15.52:255][163]LogPlayLevel: PIE: StaticDuplicateObject took: (0.003169s)
[2018.12.13-10.15.52:256][163]LogAIModule: Creating AISystem for world BaseLevel
[2018.12.13-10.15.52:256][163]LogPlayLevel: PIE: World Init took: (0.000955s)
[2018.12.13-10.15.52:256][163]LogPlayLevel: PIE: Created PIE world by copying editor world from /Game/Levels/BaseLevel.BaseLevel to /Game/Levels/UEDPIE_0_BaseLevel.BaseLevel (0.004529s)
[2018.12.13-10.15.52:293][163]LogInit: XAudio2 using 'Speakers (Realtek High Definition Audio)' : 2 channels at 48 kHz using 32 bits per sample (channel mask 0x3)
[2018.12.13-10.15.52:308][163]LogInit: FAudioDevice initialized.
[2018.12.13-10.15.52:362][163]LogLoad: Game class is 'GM_GAME_C'
[2018.12.13-10.15.52:366][163]LogWorld: Bringing World /Game/Levels/UEDPIE_0_BaseLevel.BaseLevel up for play (max tick rate 0) at 2018.12.13-10.15.52
[2018.12.13-10.15.52:369][163]LogWorld: Bringing up level for play took: 0.004096
[2018.12.13-10.15.52:401][163]LogContentBrowser: Native class hierarchy updated for 'MovieSceneCapture' in 0.0010 seconds. Added 10 classes and 0 folders.
[2018.12.13-10.15.52:404][163]PIE: Play in editor start time for /Game/Levels/UEDPIE_0_BaseLevel -0.15
[2018.12.13-10.15.53:814][326]LogBlueprintUserMessages: [EntranceToRestictedArea_2] yeet
[2018.12.13-10.15.53:839][329]LogBlueprintUserMessages: [EntranceToRestictedArea_2] yeet
[2018.12.13-10.15.56:312][618]LogBlueprintUserMessages: [EntranceToRestictedArea_2] yeet
[2018.12.13-10.15.56:515][641]LogBlueprintUserMessages: [EntranceToRestictedArea_2] yeet
[2018.12.13-10.15.56:655][657]LogCharacterMovement: BP_Bodyguard_2 is stuck and failed to move! Velocity: X=-4.49 Y=-16.47 Z=0.00 Location: X=2018.33 Y=-975.60 Z=110.15 Normal: X=0.26 Y=0.97 Z=0.00 PenetrationDepth:27.917 Actor:ScatterBullet_C_25 Component:Sphere BoneName:None (0 other events since notify)
[2018.12.13-10.15.56:741][666]LogBlueprintUserMessages: [EntranceToRestictedArea_2] yeet
[2018.12.13-10.15.56:927][687]LogBlueprintUserMessages: [EntranceToRestictedArea_2] yeet
[2018.12.13-10.15.57:146][712]LogBlueprintUserMessages: [EntranceToRestictedArea_2] yeet
[2018.12.13-10.15.57:330][732]LogBlueprintUserMessages: [EntranceToRestictedArea_2] yeet
[2018.12.13-10.15.57:576][759]LogBlueprintUserMessages: [EntranceToRestictedArea_2] yeet
[2018.12.13-10.15.57:787][783]LogBlueprintUserMessages: [EntranceToRestictedArea_2] yeet
[2018.12.13-10.15.57:954][800]LogCharacterMovement: BP_Bodyguard_2 is stuck and failed to move! Velocity: X=-6.64 Y=-18.33 Z=0.00 Location: X=1939.88 Y=-990.37 Z=110.15 Normal: X=0.34 Y=0.94 Z=0.00 PenetrationDepth:28.984 Actor:ScatterBullet_C_31 Component:Sphere BoneName:None (17 other events since notify)
[2018.12.13-10.15.58:033][809]LogBlueprintUserMessages: [EntranceToRestictedArea_2] yeet
[2018.12.13-10.15.58:343][843]LogBlueprintUserMessages: [EntranceToRestictedArea_2] yeet
[2018.12.13-10.15.58:631][874]LogBlueprintUserMessages: [EntranceToRestictedArea_2] yeet
[2018.12.13-10.15.58:632][874]LogBlueprintUserMessages: [EntranceToRestictedArea_2] yeet
[2018.12.13-10.15.58:944][908]LogBlueprintUserMessages: [EntranceToRestictedArea_2] yeet
[2018.12.13-10.15.59:186][934]LogBlueprintUserMessages: [EntranceToRestictedArea_2] yeet
[2018.12.13-10.15.59:187][934]LogCharacterMovement: BP_Bodyguard_2 is stuck and failed to move! Velocity: X=-6.24 Y=-17.32 Z=0.00 Location: X=1852.17 Y=-1018.88 Z=110.15 Normal: X=0.33 Y=0.94 Z=0.00 PenetrationDepth:31.000 Actor:ScatterBullet_C_49 Component:Sphere BoneName:None (19 other events since notify)
[2018.12.13-10.15.59:195][935]LogBlueprintUserMessages: [EntranceToRestictedArea_2] yeet
[2018.12.13-10.15.59:209][936]LogBlueprintUserMessages: [EntranceToRestictedArea_2] yeet
[2018.12.13-10.15.59:219][937]LogBlueprintUserMessages: [EntranceToRestictedArea_2] yeet
[2018.12.13-10.15.59:228][938]LogBlueprintUserMessages: [EntranceToRestictedArea_2] yeet
[2018.12.13-10.15.59:229][938]LogBlueprintUserMessages: [EntranceToRestictedArea_2] yeet
[2018.12.13-10.15.59:239][939]LogBlueprintUserMessages: [EntranceToRestictedArea_2] yeet
[2018.12.13-10.15.59:239][939]LogBlueprintUserMessages: [EntranceToRestictedArea_2] yeet
[2018.12.13-10.15.59:248][940]LogBlueprintUserMessages: [EntranceToRestictedArea_2] yeet
[2018.12.13-10.15.59:249][940]LogBlueprintUserMessages: [EntranceToRestictedArea_2] yeet
[2018.12.13-10.15.59:258][941]LogBlueprintUserMessages: [EntranceToRestictedArea_2] yeet
[2018.12.13-10.15.59:268][942]LogBlueprintUserMessages: [EntranceToRestictedArea_2] yeet
[2018.12.13-10.15.59:278][943]LogBlueprintUserMessages: [EntranceToRestictedArea_2] yeet
[2018.12.13-10.15.59:472][963]LogBlueprintUserMessages: [EntranceToRestictedArea_2] yeet
[2018.12.13-10.15.59:685][984]LogBlueprintUserMessages: [EntranceToRestictedArea_2] yeet
[2018.12.13-10.15.59:857][  0]LogBlueprintUserMessages: [EntranceToRestictedArea_2] yeet
[2018.12.13-10.16.00:066][ 21]LogBlueprintUserMessages: [EntranceToRestictedArea_2] yeet
[2018.12.13-10.16.00:189][ 33]LogCharacterMovement: BP_Bodyguard_2 is stuck and failed to move! Velocity: X=-54.14 Y=-128.10 Z=0.00 Location: X=1790.51 Y=-1032.43 Z=110.15 Normal: X=0.37 Y=0.93 Z=0.00 PenetrationDepth:18.988 Actor:ScatterBullet_C_55 Component:Sphere BoneName:None (16 other events since notify)
[2018.12.13-10.16.00:368][ 51]LogBlueprintUserMessages: [EntranceToRestictedArea_2] yeet
[2018.12.13-10.16.00:710][ 85]LogBlueprintUserMessages: [EntranceToRestictedArea_2] yeet
[2018.12.13-10.16.01:069][118]LogBlueprintUserMessages: [EntranceToRestictedArea_2] yeet
[2018.12.13-10.16.01:198][130]LogCharacterMovement: BP_Bodyguard_2 is stuck and failed to move! Velocity: X=-33.42 Y=-78.58 Z=0.00 Location: X=1717.06 Y=-1034.68 Z=110.15 Normal: X=0.38 Y=0.93 Z=0.00 PenetrationDepth:13.052 Actor:ScatterBullet_C_70 Component:Sphere BoneName:None (29 other events since notify)
[2018.12.13-10.16.01:410][149]LogBlueprintUserMessages: [EntranceToRestictedArea_2] yeet
[2018.12.13-10.16.01:651][172]LogBlueprintUserMessages: [EntranceToRestictedArea_2] yeet
[2018.12.13-10.16.01:884][193]LogBlueprintUserMessages: [EntranceToRestictedArea_2] yeet
[2018.12.13-10.16.01:895][194]LogBlueprintUserMessages: [EntranceToRestictedArea_2] yeet
[2018.12.13-10.16.01:895][194]LogBlueprintUserMessages: [EntranceToRestictedArea_2] yeet
[2018.12.13-10.16.01:895][194]LogBlueprintUserMessages: [EntranceToRestictedArea_2] yeet
[2018.12.13-10.16.01:896][194]LogBlueprintUserMessages: [EntranceToRestictedArea_2] yeet
[2018.12.13-10.16.02:132][215]LogBlueprintUserMessages: [EntranceToRestictedArea_2] yeet
[2018.12.13-10.16.02:145][216]LogBlueprintUserMessages: [EntranceToRestictedArea_2] yeet
[2018.12.13-10.16.02:146][216]LogBlueprintUserMessages: [EntranceToRestictedArea_2] yeet
[2018.12.13-10.16.02:156][217]LogBlueprintUserMessages: [EntranceToRestictedArea_2] yeet
[2018.12.13-10.16.02:170][218]LogBlueprintUserMessages: [EntranceToRestictedArea_2] yeet
[2018.12.13-10.16.02:182][219]LogBlueprintUserMessages: [EntranceToRestictedArea_2] yeet
[2018.12.13-10.16.02:195][220]LogBlueprintUserMessages: [EntranceToRestictedArea_2] yeet
[2018.12.13-10.16.02:196][220]LogBlueprintUserMessages: [EntranceToRestictedArea_2] yeet
[2018.12.13-10.16.02:205][221]LogBlueprintUserMessages: [EntranceToRestictedArea_2] yeet
[2018.12.13-10.16.02:206][221]LogBlueprintUserMessages: [EntranceToRestictedArea_2] yeet
[2018.12.13-10.16.02:443][244]LogBlueprintUserMessages: [EntranceToRestictedArea_2] yeet
[2018.12.13-10.16.02:452][245]LogBlueprintUserMessages: [EntranceToRestictedArea_2] yeet
[2018.12.13-10.16.02:690][269]LogBlueprintUserMessages: [EntranceToRestictedArea_2] yeet
[2018.12.13-10.16.02:899][290]LogBlueprintUserMessages: [EntranceToRestictedArea_2] yeet
[2018.12.13-10.16.03:144][315]LogBlueprintUserMessages: [EntranceToRestictedArea_2] yeet
[2018.12.13-10.16.03:152][316]LogBlueprintUserMessages: [EntranceToRestictedArea_2] yeet
[2018.12.13-10.16.03:455][346]LogBlueprintUserMessages: [EntranceToRestictedArea_2] yeet
[2018.12.13-10.16.03:456][346]LogBlueprintUserMessages: [EntranceToRestictedArea_2] yeet
[2018.12.13-10.16.03:467][347]LogBlueprintUserMessages: [EntranceToRestictedArea_2] yeet
[2018.12.13-10.16.03:468][347]LogBlueprintUserMessages: [EntranceToRestictedArea_2] yeet
[2018.12.13-10.16.12:749][347]LogBlueprintUserMessages: [EntranceToRestictedArea_2] yeet
[2018.12.13-10.16.13:017][378]LogBlueprintUserMessages: [EntranceToRestictedArea_2] yeet
[2018.12.13-10.16.13:282][409]LogBlueprintUserMessages: [EntranceToRestictedArea_2] yeet
[2018.12.13-10.16.13:513][436]LogBlueprintUserMessages: [EntranceToRestictedArea_2] yeet
[2018.12.13-10.16.13:764][465]LogBlueprintUserMessages: [EntranceToRestictedArea_2] yeet
[2018.12.13-10.16.14:015][494]LogBlueprintUserMessages: [EntranceToRestictedArea_2] yeet
[2018.12.13-10.16.14:259][521]LogBlueprintUserMessages: [EntranceToRestictedArea_2] yeet
[2018.12.13-10.16.14:524][551]LogBlueprintUserMessages: [EntranceToRestictedArea_2] yeet
[2018.12.13-10.16.14:795][581]LogBlueprintUserMessages: [EntranceToRestictedArea_2] yeet
[2018.12.13-10.16.15:090][615]LogBlueprintUserMessages: [EntranceToRestictedArea_2] yeet
[2018.12.13-10.16.15:410][650]LogBlueprintUserMessages: [EntranceToRestictedArea_2] yeet
[2018.12.13-10.16.15:686][682]LogBlueprintUserMessages: [EntranceToRestictedArea_2] yeet
[2018.12.13-10.16.15:704][684]LogCharacterMovement: BP_Bodyguard_2 is stuck and failed to move! Velocity: X=16.63 Y=3.83 Z=0.00 Location: X=1981.24 Y=-1410.69 Z=110.15 Normal: X=-0.98 Y=-0.22 Z=0.00 PenetrationDepth:2.278 Actor:ScatterBullet_C_138 Component:Sphere BoneName:None (10 other events since notify)
[2018.12.13-10.16.16:003][715]LogBlueprintUserMessages: [EntranceToRestictedArea_2] yeet
[2018.12.13-10.16.16:279][744]LogBlueprintUserMessages: [EntranceToRestictedArea_2] yeet
[2018.12.13-10.16.16:591][778]LogBlueprintUserMessages: [EntranceToRestictedArea_2] yeet
[2018.12.13-10.16.16:858][807]LogBlueprintUserMessages: [EntranceToRestictedArea_2] yeet
[2018.12.13-10.16.16:867][808]LogCharacterMovement: BP_Bodyguard_2 is stuck and failed to move! Velocity: X=33.27 Y=12.47 Z=0.00 Location: X=2014.42 Y=-1347.75 Z=110.15 Normal: X=-0.94 Y=-0.34 Z=0.00 PenetrationDepth:14.194 Actor:ScatterBullet_C_143 Component:Sphere BoneName:None (12 other events since notify)
[2018.12.13-10.16.17:132][837]LogBlueprintUserMessages: [EntranceToRestictedArea_2] yeet
[2018.12.13-10.16.17:379][865]LogBlueprintUserMessages: [EntranceToRestictedArea_2] yeet
[2018.12.13-10.16.17:648][894]LogBlueprintUserMessages: [EntranceToRestictedArea_2] yeet
[2018.12.13-10.16.17:866][918]LogBlueprintUserMessages: [EntranceToRestictedArea_2] yeet
[2018.12.13-10.16.18:034][937]LogBlueprintUserMessages: [EntranceToRestictedArea_2] yeet
[2018.12.13-10.16.18:223][957]LogBlueprintUserMessages: [EntranceToRestictedArea_2] yeet
[2018.12.13-10.16.18:426][978]LogBlueprintUserMessages: [EntranceToRestictedArea_2] yeet
[2018.12.13-10.16.18:610][997]LogBlueprintUserMessages: [EntranceToRestictedArea_2] yeet
[2018.12.13-10.16.18:623][998]LogCharacterMovement: BP_Bodyguard_2 is stuck and failed to move! Velocity: X=21.92 Y=9.48 Z=0.00 Location: X=2045.15 Y=-1219.42 Z=110.15 Normal: X=-0.92 Y=-0.39 Z=0.00 PenetrationDepth:26.068 Actor:ScatterBullet_C_156 Component:Sphere BoneName:None (7 other events since notify)
[2018.12.13-10.16.18:834][ 19]LogBlueprintUserMessages: [EntranceToRestictedArea_2] yeet
[2018.12.13-10.16.18:974][ 35]LogBlueprintUserMessages: [EntranceToRestictedArea_2] yeet
[2018.12.13-10.16.19:022][ 40]LogSlate: Updating window title bar state: overlay mode, drag disabled, window buttons hidden, title bar hidden
[2018.12.13-10.16.19:065][ 40]LogPlayLevel: Display: Shutting down PIE online subsystems
[2018.12.13-10.16.19:108][ 40]LogSlate: Updating window title bar state: overlay mode, drag disabled, window buttons hidden, title bar hidden
[2018.12.13-10.16.19:129][ 41]LogPlayLevel: Display: Destroying online subsystem :Context_4
