Log file open, 12/20/18 01:50:16
LogWindows: Failed to load 'aqProf.dll' (GetLastError=126)
LogWindows: File 'aqProf.dll' does not exist
LogWindows: Failed to load 'VSPerf140.dll' (GetLastError=126)
LogWindows: File 'VSPerf140.dll' does not exist
LogWindows: Failed to load 'VtuneApi.dll' (GetLastError=126)
LogWindows: File 'VtuneApi.dll' does not exist
LogWindows: Failed to load 'VtuneApi32e.dll' (GetLastError=126)
LogWindows: File 'VtuneApi32e.dll' does not exist
LogInit: Display: Running engine for game: TGP_Project
LogPlatformFile: Not using cached read wrapper
LogTaskGraph: Started task graph with 5 named threads and 14 total threads with 3 sets of task threads.
LogStats: Stats thread started at 0.298219
LogD3D11RHI: Loaded GFSDK_Aftermath_Lib.x64.dll
LogICUInternationalization: Display: ICU TimeZone Detection - Raw Offset: +0:00, Platform Override: ''
LogPluginManager: Mounting plugin Paper2D
LogPluginManager: Mounting plugin AISupport
LogPluginManager: Mounting plugin LightPropagationVolume
LogPluginManager: Mounting plugin CLionSourceCodeAccess
LogPluginManager: Mounting plugin CodeLiteSourceCodeAccess
LogPluginManager: Mounting plugin GitSourceControl
LogPluginManager: Mounting plugin KDevelopSourceCodeAccess
LogPluginManager: Mounting plugin NullSourceCodeAccess
LogPluginManager: Mounting plugin PerforceSourceControl
LogPluginManager: Mounting plugin SubversionSourceControl
LogPluginManager: Mounting plugin UObjectPlugin
LogPluginManager: Mounting plugin VisualStudioCodeSourceCodeAccess
LogPluginManager: Mounting plugin VisualStudioSourceCodeAccess
LogPluginManager: Mounting plugin XCodeSourceCodeAccess
LogPluginManager: Mounting plugin AssetManagerEditor
LogPluginManager: Mounting plugin CryptoKeys
LogPluginManager: Mounting plugin DataValidation
LogPluginManager: Mounting plugin FacialAnimation
LogPluginManager: Mounting plugin GameplayTagsEditor
LogPluginManager: Mounting plugin MacGraphicsSwitching
LogPluginManager: Mounting plugin MeshEditor
LogPluginManager: Mounting plugin MobileLauncherProfileWizard
LogPluginManager: Mounting plugin PluginBrowser
LogPluginManager: Mounting plugin SpeedTreeImporter
LogPluginManager: Mounting plugin DatasmithContent
LogPluginManager: Mounting plugin AlembicImporter
LogPluginManager: Mounting plugin AppleImageUtils
LogPluginManager: Mounting plugin AppleVision
LogPluginManager: Mounting plugin BackChannel
LogPluginManager: Mounting plugin CharacterAI
LogPluginManager: Mounting plugin GeometryCache
LogPluginManager: Mounting plugin HTML5Networking
LogPluginManager: Mounting plugin ProxyLODPlugin
LogPluginManager: Mounting plugin MagicLeap
LogPluginManager: Mounting plugin MagicLeapEmulator
LogPluginManager: Mounting plugin MagicLeapMedia
LogPluginManager: Mounting plugin AndroidMedia
LogPluginManager: Mounting plugin AvfMedia
LogPluginManager: Mounting plugin ImgMedia
LogPluginManager: Mounting plugin LinearTimecode
LogPluginManager: Mounting plugin MediaCompositing
LogPluginManager: Mounting plugin MediaPlayerEditor
LogPluginManager: Mounting plugin WmfMedia
LogPluginManager: Mounting plugin TcpMessaging
LogPluginManager: Mounting plugin UdpMessaging
LogPluginManager: Mounting plugin ActorSequence
LogPluginManager: Mounting plugin LevelSequenceEditor
LogPluginManager: Mounting plugin MatineeToLevelSequence
LogPluginManager: Mounting plugin NetcodeUnitTest
LogPluginManager: Mounting plugin NUTUnrealEngine4
LogPluginManager: Mounting plugin OnlineSubsystemGooglePlay
LogPluginManager: Mounting plugin OnlineSubsystemIOS
LogPluginManager: Mounting plugin OnlineSubsystem
LogPluginManager: Mounting plugin OnlineSubsystemNull
LogPluginManager: Mounting plugin OnlineSubsystemUtils
LogPluginManager: Mounting plugin LauncherChunkInstaller
LogPluginManager: Mounting plugin AndroidDeviceProfileSelector
LogPluginManager: Mounting plugin AndroidMoviePlayer
LogPluginManager: Mounting plugin AndroidPermission
LogPluginManager: Mounting plugin AppleMoviePlayer
LogPluginManager: Mounting plugin ArchVisCharacter
LogPluginManager: Mounting plugin AudioCapture
LogPluginManager: Mounting plugin CableComponent
LogPluginManager: Mounting plugin CustomMeshComponent
LogPluginManager: Mounting plugin EditableMesh
LogPluginManager: Mounting plugin ExampleDeviceProfileSelector
LogPluginManager: Mounting plugin GoogleCloudMessaging
LogPluginManager: Mounting plugin ImmediatePhysics
LogPluginManager: Mounting plugin IOSDeviceProfileSelector
LogPluginManager: Mounting plugin LinuxDeviceProfileSelector
LogPluginManager: Mounting plugin LocationServicesBPLibrary
LogPluginManager: Mounting plugin MobilePatchingUtils
LogPluginManager: Mounting plugin OculusVR
LogPluginManager: Plugin shader directory ../../../Engine/Plugins/Runtime/Oculus/OculusVR/Shaders found
LogPluginManager: Mapping shader source directory ../../../Engine/Plugins/Runtime/Oculus/OculusVR/Shaders to virtual directory /Plugin/OculusVR
LogPluginManager: Mounting plugin PhysXVehicles
LogPluginManager: Mounting plugin ProceduralMeshComponent
LogPluginManager: Mounting plugin RuntimePhysXCooking
LogPluginManager: Mounting plugin SteamVR
LogPluginManager: Mounting plugin WindowsMoviePlayer
LogStreaming: Display: Took  0.135s to configure plugins.
LogInit: Using libcurl 7.55.1-DEV
LogInit:  - built for x86_64-pc-win32
LogInit:  - supports SSL with OpenSSL/1.0.2h
LogInit:  - supports HTTP deflate (compression) using libz 1.2.8
LogInit:  - other features:
LogInit:      CURL_VERSION_SSL
LogInit:      CURL_VERSION_LIBZ
LogInit:      CURL_VERSION_IPV6
LogInit:      CURL_VERSION_ASYNCHDNS
LogInit:      CURL_VERSION_LARGEFILE
LogInit:      CURL_VERSION_IDN
LogInit:  CurlRequestOptions (configurable via config and command line):
LogInit:  - bVerifyPeer = false  - Libcurl will NOT verify peer certificate
LogInit:  - bUseHttpProxy = false  - Libcurl will NOT use HTTP proxy
LogInit:  - bDontReuseConnections = false  - Libcurl will reuse connections
LogInit:  - CertBundlePath = nullptr  - Libcurl will use whatever was configured at build time.
LogInit:  - MaxHostConnections = 16  - Libcurl will limit the number of connections to a host
LogInit:  - LocalHostAddr = Default
LogInit:  - BufferSize = 65536
LogInit: WinSock: version 1.1 (2.2), MaxSocks=32767, MaxUdp=65467
LogInit: Build: ++UE4+Release-4.20-CL-4369336
LogInit: Engine Version: 4.20.3-4369336+++UE4+Release-4.20
LogInit: Compatible Engine Version: 4.20.0-4212847+++UE4+Release-4.20
LogInit: Net CL: 4212847
LogInit: OS: Windows 10 (), CPU: Intel(R) Core(TM) i5-4590 CPU @ 3.30GHz, GPU: NVIDIA GeForce GTX 1060 6GB
LogInit: Compiled (64-bit): Sep 17 2018 12:26:19
LogInit: Compiled with Visual C++: 19.13.26129.00
LogInit: Build Configuration: Development
LogInit: Branch Name: ++UE4+Release-4.20
LogInit: Command Line:  -skipcompile
LogInit: Base Directory: C:/Program Files/Epic Games/UE_4.20/Engine/Binaries/Win64/
LogInit: Installed Engine Build: 1
LogDevObjectVersion: Number of dev versions registered: 20
LogDevObjectVersion:   Dev-Blueprints (B0D832E4-1F89-4F0D-ACCF-7EB736FD4AA2): 10
LogDevObjectVersion:   Dev-Build (E1C64328-A22C-4D53-A36C-8E866417BD8C): 0
LogDevObjectVersion:   Dev-Core (375EC13C-06E4-48FB-B500-84F0262A717E): 2
LogDevObjectVersion:   Dev-Editor (E4B068ED-F494-42E9-A231-DA0B2E46BB41): 24
LogDevObjectVersion:   Dev-Framework (CFFC743F-43B0-4480-9391-14DF171D2073): 34
LogDevObjectVersion:   Dev-Mobile (B02B49B5-BB20-44E9-A304-32B752E40360): 2
LogDevObjectVersion:   Dev-Networking (A4E4105C-59A1-49B5-A7C5-40C4547EDFEE): 0
LogDevObjectVersion:   Dev-Online (39C831C9-5AE6-47DC-9A44-9C173E1C8E7C): 0
LogDevObjectVersion:   Dev-Physics (78F01B33-EBEA-4F98-B9B4-84EACCB95AA2): 0
LogDevObjectVersion:   Dev-Platform (6631380F-2D4D-43E0-8009-CF276956A95A): 0
LogDevObjectVersion:   Dev-Rendering (12F88B9F-8875-4AFC-A67C-D90C383ABD29): 26
LogDevObjectVersion:   Dev-Sequencer (7B5AE74C-D270-4C10-A958-57980B212A5A): 9
LogDevObjectVersion:   Dev-VR (D7296918-1DD6-4BDD-9DE2-64A83CC13884): 2
LogDevObjectVersion:   Dev-LoadTimes (C2A15278-BFE7-4AFE-6C17-90FF531DF755): 1
LogDevObjectVersion:   Private-Geometry (6EACA3D4-40EC-4CC1-B786-8BED09428FC5): 3
LogDevObjectVersion:   Dev-AnimPhys (29E575DD-E0A3-4627-9D10-D276232CDCEA): 17
LogDevObjectVersion:   Dev-ReflectionCapture (6B266CEC-1EC7-4B8F-A30B-E4D90942FC07): 1
LogDevObjectVersion:   Dev-Automation (0DF73D61-A23F-47EA-B727-89E90C41499A): 1
LogDevObjectVersion:   FortniteMain (601D1886-AC64-4F84-AA16-D3DE0DEAC7D6): 12
LogDevObjectVersion:   Dev-Enterprise (9DFFBCD6-494F-0158-E221-12823C92A888): 1
LogStreaming: Display: Took  0.013s to delete old logs.
LogInit: Presizing for max 8388607 objects, including 0 objects not considered by GC, pre-allocating 0 bytes for permanent pool.
LogInit: Object subsystem initialized
[2018.12.20-01.50.16:979][  0]LogInit: Selected Device Profile: [Windows]
[2018.12.20-01.50.16:979][  0]LogInit: Applying CVar settings loaded from the selected device profile: [Windows]
[2018.12.20-01.50.16:990][  0]LogHAL: Display: Platform has ~ 16 GB [17009229824 / 17179869184 / 16], which maps to Larger [LargestMinGB=32, LargerMinGB=12, DefaultMinGB=8, SmallerMinGB=6, SmallestMinGB=0)
[2018.12.20-01.50.16:991][  0]LogInit: Setting Device Profile CVar: [[r.Vulkan.UseRealUBs:1]]
[2018.12.20-01.50.16:991][  0]LogInit: Going up to parent DeviceProfile []
[2018.12.20-01.50.16:991][  0]LogInit: Computer: GROUNDZERO
[2018.12.20-01.50.16:992][  0]LogInit: User: TDSSK
[2018.12.20-01.50.16:992][  0]LogInit: CPU Page size=4096, Cores=4
[2018.12.20-01.50.16:992][  0]LogInit: High frequency timer resolution =3.222657 MHz
[2018.12.20-01.50.16:992][  0]LogMemory: Memory total: Physical=15.8GB (16GB approx)
[2018.12.20-01.50.16:992][  0]LogMemory: Platform Memory Stats for Windows
[2018.12.20-01.50.16:992][  0]LogMemory: Process Physical Memory: 102.61 MB used, 102.61 MB peak
[2018.12.20-01.50.16:992][  0]LogMemory: Process Virtual Memory: 96.38 MB used, 96.38 MB peak
[2018.12.20-01.50.16:992][  0]LogMemory: Physical Memory: 12622.50 MB used,  3598.77 MB free, 16221.27 MB total
[2018.12.20-01.50.16:992][  0]LogMemory: Virtual Memory: 536.47 MB used,  3598.77 MB free, 134217728.00 MB total
[2018.12.20-01.50.17:110][  0]LogInit: Using OS detected language (en-GB).
[2018.12.20-01.50.17:110][  0]LogInit: Using OS detected locale (en-GB).
[2018.12.20-01.50.17:111][  0]LogTextLocalizationManager: No specific localization for 'en-GB' exists, so the 'en' localization will be used.
[2018.12.20-01.50.17:493][  0]LogStreaming: Display: Took  0.383s to InitEngineTextLocalization.
[2018.12.20-01.50.17:494][  0]LogInit: Setting process to per monitor DPI aware
[2018.12.20-01.50.17:544][  0]LogSlate: New Slate User Created.  User Index 0, Is Virtual User: 0
[2018.12.20-01.50.17:544][  0]LogSlate: Slate User Registered.  User Index 0, Is Virtual User: 0
[2018.12.20-01.50.17:800][  0]LogHMD: Failed to initialize OpenVR with code 110
[2018.12.20-01.50.17:800][  0]LogD3D11RHI: D3D11 adapters:
[2018.12.20-01.50.17:935][  0]LogD3D11RHI:    0. 'NVIDIA GeForce GTX 1060 6GB' (Feature Level 11_0)
[2018.12.20-01.50.17:935][  0]LogD3D11RHI:       6052/0/8110 MB DedicatedVideo/DedicatedSystem/SharedSystem, Outputs:1, VendorId:0x10de
[2018.12.20-01.50.17:952][  0]LogD3D11RHI:    1. 'Intel(R) HD Graphics 4600' (Feature Level 11_0)
[2018.12.20-01.50.17:952][  0]LogD3D11RHI:       112/0/2048 MB DedicatedVideo/DedicatedSystem/SharedSystem, Outputs:0, VendorId:0x8086
[2018.12.20-01.50.17:960][  0]LogD3D11RHI:    2. 'Microsoft Basic Render Driver' (Feature Level 11_0)
[2018.12.20-01.50.17:960][  0]LogD3D11RHI:       0/0/8110 MB DedicatedVideo/DedicatedSystem/SharedSystem, Outputs:0, VendorId:0x1414
[2018.12.20-01.50.17:960][  0]LogD3D11RHI: Chosen D3D11 Adapter: 0
[2018.12.20-01.50.17:978][  0]LogD3D11RHI: Creating new Direct3DDevice
[2018.12.20-01.50.17:978][  0]LogD3D11RHI:     GPU DeviceId: 0x1c03 (for the marketing name, search the web for "GPU Device Id")
[2018.12.20-01.50.17:978][  0]LogWindows: EnumDisplayDevices:
[2018.12.20-01.50.17:978][  0]LogWindows:    0. 'NVIDIA GeForce GTX 1060 6GB' (P:1 D:1)
[2018.12.20-01.50.17:979][  0]LogWindows:    1. 'NVIDIA GeForce GTX 1060 6GB' (P:0 D:0)
[2018.12.20-01.50.17:979][  0]LogWindows:    2. 'NVIDIA GeForce GTX 1060 6GB' (P:0 D:0)
[2018.12.20-01.50.17:980][  0]LogWindows:    3. 'NVIDIA GeForce GTX 1060 6GB' (P:0 D:0)
[2018.12.20-01.50.17:980][  0]LogWindows:    4. 'Intel(R) HD Graphics 4600' (P:0 D:0)
[2018.12.20-01.50.17:981][  0]LogWindows:    5. 'Intel(R) HD Graphics 4600' (P:0 D:0)
[2018.12.20-01.50.17:981][  0]LogWindows:    6. 'Intel(R) HD Graphics 4600' (P:0 D:0)
[2018.12.20-01.50.17:982][  0]LogWindows: DebugString: PrimaryIsNotTheChoosenAdapter PrimaryIsNotTheChoosenAdapter PrimaryIsNotTheChoosenAdapter FoundDriverCount:4 
[2018.12.20-01.50.17:982][  0]LogD3D11RHI:     Adapter Name: NVIDIA GeForce GTX 1060 6GB
[2018.12.20-01.50.17:982][  0]LogD3D11RHI:   Driver Version: 397.64 (internal:24.21.13.9764, unified:397.64)
[2018.12.20-01.50.17:982][  0]LogD3D11RHI:      Driver Date: 5-7-2018
[2018.12.20-01.50.17:982][  0]LogRHI: Texture pool is 4236 MB (70% of 6052 MB)
[2018.12.20-01.50.18:043][  0]LogD3D11RHI: Async texture creation enabled
[2018.12.20-01.50.18:103][  0]LogD3D11RHI: GPU Timing Frequency: 1000.000000 (Debug: 2 2)
[2018.12.20-01.50.18:105][  0]LogShaderCompilers: Guid format shader working directory is -2 characters bigger than the processId version (D:/Documents/GitHub/TGP_PairProject/TGP_Project/Intermediate/Shaders/WorkingDirectory/11044/).
[2018.12.20-01.50.18:106][  0]LogShaderCompilers: Cleaned the shader compiler working directory 'C:/Users/TDSSK/AppData/Local/Temp/UnrealShaderWorkingDir/794A395646BEBC0F1F606D98A5B551A0/'.
[2018.12.20-01.50.18:409][  0]LogTemp: Display: Loaded TP AllDesktopTargetPlatform
[2018.12.20-01.50.18:427][  0]LogTemp: Display: Loaded TP MacClientTargetPlatform
[2018.12.20-01.50.18:443][  0]LogTemp: Display: Loaded TP MacNoEditorTargetPlatform
[2018.12.20-01.50.18:461][  0]LogTemp: Display: Loaded TP MacServerTargetPlatform
[2018.12.20-01.50.18:478][  0]LogTemp: Display: Loaded TP MacTargetPlatform
[2018.12.20-01.50.18:548][  0]LogTemp: Display: Loaded TP WindowsClientTargetPlatform
[2018.12.20-01.50.18:625][  0]LogTemp: Display: Loaded TP WindowsNoEditorTargetPlatform
[2018.12.20-01.50.18:743][  0]LogTemp: Display: Loaded TP WindowsServerTargetPlatform
[2018.12.20-01.50.18:791][  0]LogTemp: Display: Loaded TP WindowsTargetPlatform
[2018.12.20-01.50.18:943][  0]LogTemp: Display: Loaded TP AndroidTargetPlatform
[2018.12.20-01.50.18:943][  0]LogTemp: Display: Loaded TP AndroidTargetPlatform
[2018.12.20-01.50.18:943][  0]LogTemp: Display: Loaded TP AndroidTargetPlatform
[2018.12.20-01.50.18:945][  0]LogTemp: Display: Loaded TP AndroidTargetPlatform
[2018.12.20-01.50.18:945][  0]LogTemp: Display: Loaded TP AndroidTargetPlatform
[2018.12.20-01.50.18:948][  0]LogTemp: Display: Loaded TP AndroidTargetPlatform
[2018.12.20-01.50.18:948][  0]LogTemp: Display: Loaded TP AndroidTargetPlatform
[2018.12.20-01.50.18:948][  0]LogTemp: Display: Loaded TP AndroidTargetPlatform
[2018.12.20-01.50.18:948][  0]LogTemp: Display: Loaded TP AndroidTargetPlatform
[2018.12.20-01.50.18:948][  0]LogTemp: Display: Loaded TP AndroidTargetPlatform
[2018.12.20-01.50.18:951][  0]LogTemp: Display: Loaded TP AndroidTargetPlatform
[2018.12.20-01.50.18:951][  0]LogTemp: Display: Loaded TP AndroidTargetPlatform
[2018.12.20-01.50.18:951][  0]LogTemp: Display: Loaded TP AndroidTargetPlatform
[2018.12.20-01.50.18:951][  0]LogTemp: Display: Loaded TP AndroidTargetPlatform
[2018.12.20-01.50.18:951][  0]LogTemp: Display: Loaded TP AndroidTargetPlatform
[2018.12.20-01.50.18:951][  0]LogTemp: Display: Loaded TP AndroidTargetPlatform
[2018.12.20-01.50.18:951][  0]LogTemp: Display: Loaded TP AndroidTargetPlatform
[2018.12.20-01.50.18:951][  0]LogTemp: Display: Loaded TP AndroidTargetPlatform
[2018.12.20-01.50.18:962][  0]LogTemp: Display: Loaded TP HTML5TargetPlatform
[2018.12.20-01.50.19:099][  0]LogTemp: Display: Loaded TP IOSTargetPlatform
[2018.12.20-01.50.19:099][  0]LogTemp: Display: Loaded TP IOSTargetPlatform
[2018.12.20-01.50.19:128][  0]LogTemp: Display: Loaded TP TVOSTargetPlatform
[2018.12.20-01.50.19:128][  0]LogTemp: Display: Loaded TP TVOSTargetPlatform
[2018.12.20-01.50.19:144][  0]LogTemp: Display: Loaded TP LinuxClientTargetPlatform
[2018.12.20-01.50.19:161][  0]LogTemp: Display: Loaded TP LinuxNoEditorTargetPlatform
[2018.12.20-01.50.19:177][  0]LogTemp: Display: Loaded TP LinuxServerTargetPlatform
[2018.12.20-01.50.19:193][  0]LogTemp: Display: Loaded TP LinuxTargetPlatform
[2018.12.20-01.50.19:204][  0]LogTemp: Display: Loaded TP LuminTargetPlatform
[2018.12.20-01.50.19:204][  0]LogTargetPlatformManager: Display: Building Assets For Windows
[2018.12.20-01.50.19:329][  0]LogXGEController: Cleaning working directory: C:/Users/TDSSK/AppData/Local/Temp/UnrealXGEWorkingDir/
[2018.12.20-01.50.19:329][  0]LogXGEController: Cannot use XGE Controller as Incredibuild is not installed on this machine.
[2018.12.20-01.50.19:329][  0]LogShaderCompilers: Cannot use XGE Shader Compiler as Incredibuild is not installed on this machine.
[2018.12.20-01.50.19:329][  0]LogShaderCompilers: Display: Using Local Shader Compiler.
[2018.12.20-01.50.20:249][  0]LogDerivedDataCache: Display: Max Cache Size: 512 MB
[2018.12.20-01.50.20:336][  0]LogDerivedDataCache: Loaded boot cache 0.09s 71MB C:/Users/TDSSK/AppData/Local/UnrealEngine/4.20/DerivedDataCache/Boot.ddc.
[2018.12.20-01.50.20:336][  0]LogDerivedDataCache: Display: Loaded Boot cache: C:/Users/TDSSK/AppData/Local/UnrealEngine/4.20/DerivedDataCache/Boot.ddc
[2018.12.20-01.50.20:336][  0]LogDerivedDataCache: FDerivedDataBackendGraph:  Pak pak cache file D:/Documents/GitHub/TGP_PairProject/TGP_Project/DerivedDataCache/DDC.ddp not found, will not use a pak cache.
[2018.12.20-01.50.20:336][  0]LogDerivedDataCache: Unable to find inner node Pak for hierarchical cache Hierarchy.
[2018.12.20-01.50.20:337][  0]LogDerivedDataCache: FDerivedDataBackendGraph:  CompressedPak pak cache file D:/Documents/GitHub/TGP_PairProject/TGP_Project/DerivedDataCache/Compressed.ddp not found, will not use a pak cache.
[2018.12.20-01.50.20:337][  0]LogDerivedDataCache: Unable to find inner node CompressedPak for hierarchical cache Hierarchy.
[2018.12.20-01.50.20:350][  0]LogDerivedDataCache: Display: Pak cache opened for reading ../../../Engine/DerivedDataCache/Compressed.ddp.
[2018.12.20-01.50.20:364][  0]LogDerivedDataCache: Using Local data cache path C:/Users/TDSSK/AppData/Local/UnrealEngine/Common/DerivedDataCache: Writable
[2018.12.20-01.50.20:364][  0]LogDerivedDataCache: Shared data cache path not found in *engine.ini, will not use an Shared cache.
[2018.12.20-01.50.20:364][  0]LogDerivedDataCache: Unable to find inner node Shared for hierarchical cache Hierarchy.
[2018.12.20-01.50.20:384][  0]LogMaterial: Verifying Global Shaders for PCD3D_SM5
[2018.12.20-01.50.20:385][  0]LogSlate: Using FreeType 2.6.0
[2018.12.20-01.50.20:386][  0]LogSlate: SlateFontServices - WITH_FREETYPE: 1, WITH_HARFBUZZ: 1
[2018.12.20-01.50.20:484][  0]LogAssetRegistry: FAssetRegistry took 0.0282 seconds to start up
[2018.12.20-01.50.20:812][  0]LogInit: Selected Device Profile: [Windows]
[2018.12.20-01.50.20:979][  0]LogSimplygon: Simplygon DLL not present - disabling.
[2018.12.20-01.50.20:988][  0]LogMeshReduction: Using SimplygonSwarm for distributed automatic mesh merging
[2018.12.20-01.50.20:988][  0]LogMeshReduction: Using ProxyLODMeshReduction for automatic mesh merging
[2018.12.20-01.50.20:988][  0]LogMeshReduction: Using QuadricMeshReduction for automatic static mesh reduction
[2018.12.20-01.50.20:988][  0]LogMeshReduction: No automatic skeletal mesh reduction module available
[2018.12.20-01.50.21:010][  0]LogNetVersion: TGP_Project 1.0.0, NetCL: 4212847, EngineNetVer: 5, GameNetVer: 0 (Checksum: 95638710)
[2018.12.20-01.50.21:724][  0]LogPackageLocalizationCache: Processed 11 localized package path(s) for 2 prioritized culture(s) in 0.085443 seconds
[2018.12.20-01.50.21:730][  0]LogUObjectArray: 38425 objects as part of root set at end of initial load.
[2018.12.20-01.50.21:730][  0]LogUObjectAllocator: 6690864 out of 0 bytes used by permanent object pool.
[2018.12.20-01.50.21:730][  0]LogUObjectArray: CloseDisregardForGC: 0/0 objects in disregard for GC pool
[2018.12.20-01.50.23:758][  0]LogTcpMessaging: Initializing TcpMessaging bridge
[2018.12.20-01.50.23:774][  0]LogUdpMessaging: Initializing bridge on interface 0.0.0.0:0 to multicast group 230.0.0.1:6666.
[2018.12.20-01.50.23:995][  0]SourceControl: Source control is disabled
[2018.12.20-01.50.23:995][  0]SourceControl: Source control is disabled
[2018.12.20-01.50.23:999][  0]SourceControl: Source control is disabled
[2018.12.20-01.50.24:002][  0]SourceControl: Source control is disabled
[2018.12.20-01.50.24:247][  0]LogAndroidPermission: UAndroidPermissionCallbackProxy::GetInstance
[2018.12.20-01.50.24:469][  0]LogOcInput: OculusInput pre-init called
[2018.12.20-01.50.24:553][  0]LogEngine: Initializing Engine...
[2018.12.20-01.50.24:554][  0]LogHMD: Failed to initialize OpenVR with code 110
[2018.12.20-01.50.24:557][  0]LogStats: UGameplayTagsManager::ConstructGameplayTagTree: ImportINI prefixes -  0.000 s
[2018.12.20-01.50.24:557][  0]LogStats: UGameplayTagsManager::ConstructGameplayTagTree: Construct from data asset -  0.000 s
[2018.12.20-01.50.24:557][  0]LogStats: UGameplayTagsManager::ConstructGameplayTagTree: ImportINI -  0.000 s
[2018.12.20-01.50.24:558][  0]LogStats: UGameplayTagsManager::ConstructGameplayTagTree: GameplayTagTreeChangedEvent.Broadcast -  0.000 s
[2018.12.20-01.50.24:805][  0]LogInit: Initializing FReadOnlyCVARCache
[2018.12.20-01.50.24:824][  0]LogAIModule: Creating AISystem for world Untitled
[2018.12.20-01.50.25:051][  0]LogInit: XAudio2 using 'Speakers (Realtek High Definition Audio)' : 2 channels at 48 kHz using 32 bits per sample (channel mask 0x3)
[2018.12.20-01.50.25:099][  0]LogInit: FAudioDevice initialized.
[2018.12.20-01.50.25:099][  0]LogNetVersion: Set ProjectVersion to 1.0.0.0. Version Checksum will be recalculated on next use.
[2018.12.20-01.50.25:301][  0]LogDerivedDataCache: Saved boot cache 0.20s 71MB C:/Users/TDSSK/AppData/Local/UnrealEngine/4.20/DerivedDataCache/Boot.ddc.
[2018.12.20-01.50.25:313][  0]LogInit: Texture streaming: Enabled
[2018.12.20-01.50.25:345][  0]LogEngineSessionManager: EngineSessionManager initialized
[2018.12.20-01.50.25:364][  0]LogInit: Transaction tracking system initialized
[2018.12.20-01.50.25:413][  0]BlueprintLog: New page: Editor Load
[2018.12.20-01.50.25:569][  0]LocalizationService: Localization service is disabled
[2018.12.20-01.50.25:927][  0]LogCook: Display: Max memory allowance for cook 16384mb min free memory 0mb
[2018.12.20-01.50.25:927][  0]LogCook: Display: Mobile HDR setting 1
[2018.12.20-01.50.25:927][  0]LogGameplayTags: Display: UGameplayTagsManager::DoneAddingNativeTags. DelegateIsBound: 0
[2018.12.20-01.50.25:927][  0]LogStats: UGameplayTagsManager::ConstructGameplayTagTree: ImportINI prefixes -  0.000 s
[2018.12.20-01.50.25:927][  0]LogStats: UGameplayTagsManager::ConstructGameplayTagTree: Construct from data asset -  0.000 s
[2018.12.20-01.50.25:927][  0]LogStats: UGameplayTagsManager::ConstructGameplayTagTree: ImportINI -  0.000 s
[2018.12.20-01.50.25:927][  0]LogStats: UGameplayTagsManager::ConstructGameplayTagTree: GameplayTagTreeChangedEvent.Broadcast -  0.000 s
[2018.12.20-01.50.26:156][  0]LogFileCache: Scanning file cache for directory 'D:/Documents/GitHub/TGP_PairProject/TGP_Project/Content/' took 0.02s
[2018.12.20-01.50.26:156][  0]SourceControl: Source control is disabled
[2018.12.20-01.50.26:157][  0]Cmd: MAP LOAD FILE="D:/Documents/GitHub/TGP_PairProject/TGP_Project/Content/Levels/BaseLevel.umap" TEMPLATE=0 SHOWPROGRESS=1 FEATURELEVEL=3
[2018.12.20-01.50.26:158][  0]LightingResults: New page: Lighting Build
[2018.12.20-01.50.26:162][  0]MapCheck: New page: Map Check
[2018.12.20-01.50.26:163][  0]LightingResults: New page: Lighting Build
[2018.12.20-01.50.26:330][  0]LogAIModule: Creating AISystem for world BaseLevel
[2018.12.20-01.50.26:339][  0]LogEditorServer: Finished looking for orphan Actors (0.000 secs)
[2018.12.20-01.50.26:361][  0]Cmd: MAP CHECKDEP NOCLEARLOG
[2018.12.20-01.50.26:545][  0]MapCheck: Map check complete: 0 Error(s), 0 Warning(s), took 183.661ms to complete.
[2018.12.20-01.50.26:545][  0]LogFileHelpers: Loading map 'BaseLevel' took 0.388
[2018.12.20-01.50.26:684][  0]LogSlate: Updating window title bar state: overlay mode, drag disabled, window buttons hidden, title bar hidden
[2018.12.20-01.50.26:695][  0]LogSlate: Updating window title bar state: overlay mode, drag disabled, window buttons hidden, title bar hidden
[2018.12.20-01.50.26:704][  0]LogSlate: Updating window title bar state: overlay mode, drag disabled, window buttons hidden, title bar hidden
[2018.12.20-01.50.26:712][  0]LogSlate: Updating window title bar state: overlay mode, drag disabled, window buttons hidden, title bar hidden
[2018.12.20-01.50.26:723][  0]LogCollectionManager: Loaded 0 collections in 0.002889 seconds
[2018.12.20-01.50.26:769][  0]LogFileCache: Scanning file cache for directory 'D:/Documents/GitHub/TGP_PairProject/TGP_Project/Saved/Collections/' took 0.01s
[2018.12.20-01.50.26:769][  0]LogFileCache: Scanning file cache for directory 'D:/Documents/GitHub/TGP_PairProject/TGP_Project/Content/Developers/TDSSK/Collections/' took 0.01s
[2018.12.20-01.50.26:769][  0]LogFileCache: Scanning file cache for directory 'D:/Documents/GitHub/TGP_PairProject/TGP_Project/Content/Collections/' took 0.01s
[2018.12.20-01.50.26:769][  0]LogCollectionManager: Rebuilt the GUID cache for 0 collections in 0.000000 seconds
[2018.12.20-01.50.26:779][  0]LogContentBrowser: Native class hierarchy populated in 0.0093 seconds. Added 2585 classes and 606 folders.
[2018.12.20-01.50.26:788][  0]LogContentBrowser: Native class hierarchy updated for 'WidgetCarousel' in 0.0003 seconds. Added 0 classes and 0 folders.
[2018.12.20-01.50.26:870][  0]LogContentBrowser: Native class hierarchy updated for 'AddContentDialog' in 0.0003 seconds. Added 0 classes and 0 folders.
[2018.12.20-01.50.26:879][  0]LogContentBrowser: Native class hierarchy updated for 'SceneOutliner' in 0.0004 seconds. Added 1 classes and 2 folders.
[2018.12.20-01.50.26:942][  0]LogSlate: Took 0.000988 seconds to synchronously load lazily loaded font '../../../Engine/Content/Slate/Fonts/Roboto-Regular.ttf' (155K)
[2018.12.20-01.50.26:947][  0]LogSlate: Took 0.000928 seconds to synchronously load lazily loaded font '../../../Engine/Content/Slate/Fonts/Roboto-Bold.ttf' (160K)
[2018.12.20-01.50.26:954][  0]LogSlate: Took 0.000844 seconds to synchronously load lazily loaded font '../../../Engine/Content/Editor/Slate/Fonts/FontAwesome.ttf' (139K)
[2018.12.20-01.50.27:041][  0]LogRenderer: Reallocating scene render targets to support 1208x600 Format 10 NumSamples 1 (Frame:1).
[2018.12.20-01.50.27:078][  0]LogSlate: Took 0.000910 seconds to synchronously load lazily loaded font '../../../Engine/Content/Slate/Fonts/Roboto-Light.ttf' (167K)
[2018.12.20-01.50.27:338][  0]LogContentBrowser: Native class hierarchy updated for 'HierarchicalLODOutliner' in 0.0004 seconds. Added 0 classes and 0 folders.
[2018.12.20-01.50.27:338][  0]LogLoad: (Engine Initialization) Total time: 12.75 seconds
[2018.12.20-01.50.27:338][  0]LogLoad: (Engine Initialization) Total Blueprint compile time: 0.00 seconds
[2018.12.20-01.50.27:348][  0]LogWindowsTextInputMethodSystem: Display: IME system now deactivated.
[2018.12.20-01.50.27:403][  0]LogContentStreaming: Texture pool size now 1000 MB
[2018.12.20-01.50.27:438][  1]LogFileCache: Retrieving MD5 hashes for directory 'D:/Documents/GitHub/TGP_PairProject/TGP_Project/Content/' took 0.08s
[2018.12.20-01.50.27:449][  1]LogAssetRegistry: Asset discovery search completed in 6.9882 seconds
[2018.12.20-01.50.27:452][  1]LogCollectionManager: Rebuilt the object cache for 0 collections in 0.000000 seconds (found 0 objects)
[2018.12.20-01.50.27:453][  1]LogCollectionManager: Fixed up redirectors for 0 collections in 0.001156 seconds (updated 0 objects)
[2018.12.20-01.50.42:969][453]LogSlate: FSceneViewport::OnFocusLost() reason 0
[2018.12.20-01.50.51:550][430]LogSlate: FSceneViewport::OnFocusLost() reason 0
[2018.12.20-01.50.54:153][707]LogEditorActor: Deleted Actor: BP_Civilian_C
[2018.12.20-01.50.54:175][707]LogEditorActor: Deleted 1 Actors (0.023 secs)
[2018.12.20-01.50.54:870][782]LogEditorActor: Deleted Actor: BP_Civilian_C
[2018.12.20-01.50.54:891][782]LogEditorActor: Deleted 1 Actors (0.023 secs)
[2018.12.20-01.50.55:478][840]LogSlate: Took 0.000262 seconds to synchronously load lazily loaded font '../../../Engine/Content/Slate/Fonts/Roboto-Italic.ttf' (157K)
[2018.12.20-01.51.32:538][623]LogEditorViewport: Clicking on Actor (context menu): StaticMeshActor (Floor)
[2018.12.20-01.51.32:594][623]LogSlate: FSceneViewport::OnFocusLost() reason 2
[2018.12.20-01.51.33:271][702]LogEditorViewport: Clicking on Actor (LMB): StaticMeshActor (Floor)
[2018.12.20-01.51.34:272][820]LogEditorViewport: Clicking on Actor (LMB): BP_Civilian_C (BP_Civilian)
[2018.12.20-01.51.35:586][938]Cmd: EDIT COPY
[2018.12.20-01.51.35:811][954]Cmd: EDIT PASTE
[2018.12.20-01.51.36:241][981]Cmd: EDIT PASTE
[2018.12.20-01.51.36:634][  8]Cmd: EDIT PASTE
[2018.12.20-01.51.39:361][255]LogSlate: FSceneViewport::OnFocusLost() reason 0
[2018.12.20-01.51.39:428][262]LogTemp: Repeating last play command: Selected Viewport
[2018.12.20-01.51.39:444][262]LogPlayLevel: PlayLevel: No blueprints needed recompiling
[2018.12.20-01.51.39:458][262]PIE: New page: PIE session: BaseLevel (20 Dec 2018 01:51:39)
[2018.12.20-01.51.39:458][262]LogPlayLevel: Creating play world package: /Game/Levels/UEDPIE_0_BaseLevel
[2018.12.20-01.51.39:462][262]LogPlayLevel: PIE: StaticDuplicateObject took: (0.003180s)
[2018.12.20-01.51.39:462][262]LogAIModule: Creating AISystem for world BaseLevel
[2018.12.20-01.51.39:463][262]LogPlayLevel: PIE: World Init took: (0.000913s)
[2018.12.20-01.51.39:463][262]LogPlayLevel: PIE: Created PIE world by copying editor world from /Game/Levels/BaseLevel.BaseLevel to /Game/Levels/UEDPIE_0_BaseLevel.BaseLevel (0.004400s)
[2018.12.20-01.51.39:518][262]LogInit: XAudio2 using 'Speakers (Realtek High Definition Audio)' : 2 channels at 48 kHz using 32 bits per sample (channel mask 0x3)
[2018.12.20-01.51.39:544][262]LogInit: FAudioDevice initialized.
[2018.12.20-01.51.39:592][262]LogLoad: Game class is 'GM_GAME_C'
[2018.12.20-01.51.39:594][262]LogWorld: Bringing World /Game/Levels/UEDPIE_0_BaseLevel.BaseLevel up for play (max tick rate 0) at 2018.12.20-01.51.39
[2018.12.20-01.51.39:605][262]LogWorld: Bringing up level for play took: 0.011468
[2018.12.20-01.51.39:627][262]LogContentBrowser: Native class hierarchy updated for 'MovieSceneCapture' in 0.0005 seconds. Added 10 classes and 0 folders.
[2018.12.20-01.51.39:628][262]PIE: Play in editor start time for /Game/Levels/UEDPIE_0_BaseLevel 1.182
