Log file open, 11/23/18 16:57:53
LogWindows: Failed to load 'aqProf.dll' (GetLastError=126)
LogWindows: File 'aqProf.dll' does not exist
LogWindows: Failed to load 'VSPerf140.dll' (GetLastError=126)
LogWindows: File 'VSPerf140.dll' does not exist
LogWindows: Failed to load 'VtuneApi.dll' (GetLastError=126)
LogWindows: File 'VtuneApi.dll' does not exist
LogWindows: Failed to load 'VtuneApi32e.dll' (GetLastError=126)
LogWindows: File 'VtuneApi32e.dll' does not exist
LogInit: Display: Running engine for game: TGP_Project
LogPlatformFile: Not using cached read wrapper
LogTaskGraph: Started task graph with 5 named threads and 23 total threads with 3 sets of task threads.
LogStats: Stats thread started at 0.474390
LogD3D11RHI: Loaded GFSDK_Aftermath_Lib.x64.dll
LogICUInternationalization: Display: ICU TimeZone Detection - Raw Offset: +0:00, Platform Override: ''
LogPluginManager: Mounting plugin Paper2D
LogPluginManager: Mounting plugin AISupport
LogPluginManager: Mounting plugin LightPropagationVolume
LogPluginManager: Mounting plugin CLionSourceCodeAccess
LogPluginManager: Mounting plugin CodeLiteSourceCodeAccess
LogPluginManager: Mounting plugin GitSourceControl
LogPluginManager: Mounting plugin KDevelopSourceCodeAccess
LogPluginManager: Mounting plugin NullSourceCodeAccess
LogPluginManager: Mounting plugin PerforceSourceControl
LogPluginManager: Mounting plugin SubversionSourceControl
LogPluginManager: Mounting plugin UObjectPlugin
LogPluginManager: Mounting plugin VisualStudioCodeSourceCodeAccess
LogPluginManager: Mounting plugin VisualStudioSourceCodeAccess
LogPluginManager: Mounting plugin XCodeSourceCodeAccess
LogPluginManager: Mounting plugin AssetManagerEditor
LogPluginManager: Mounting plugin CryptoKeys
LogPluginManager: Mounting plugin DataValidation
LogPluginManager: Mounting plugin FacialAnimation
LogPluginManager: Mounting plugin GameplayTagsEditor
LogPluginManager: Mounting plugin MacGraphicsSwitching
LogPluginManager: Mounting plugin MeshEditor
LogPluginManager: Mounting plugin MobileLauncherProfileWizard
LogPluginManager: Mounting plugin PluginBrowser
LogPluginManager: Mounting plugin SpeedTreeImporter
LogPluginManager: Mounting plugin DatasmithContent
LogPluginManager: Mounting plugin AlembicImporter
LogPluginManager: Mounting plugin AppleImageUtils
LogPluginManager: Mounting plugin AppleVision
LogPluginManager: Mounting plugin BackChannel
LogPluginManager: Mounting plugin CharacterAI
LogPluginManager: Mounting plugin GeometryCache
LogPluginManager: Mounting plugin HTML5Networking
LogPluginManager: Mounting plugin ProxyLODPlugin
LogPluginManager: Mounting plugin MagicLeap
LogPluginManager: Mounting plugin MagicLeapEmulator
LogPluginManager: Mounting plugin MagicLeapMedia
LogPluginManager: Mounting plugin AndroidMedia
LogPluginManager: Mounting plugin AvfMedia
LogPluginManager: Mounting plugin ImgMedia
LogPluginManager: Mounting plugin LinearTimecode
LogPluginManager: Mounting plugin MediaCompositing
LogPluginManager: Mounting plugin MediaPlayerEditor
LogPluginManager: Mounting plugin WmfMedia
LogPluginManager: Mounting plugin TcpMessaging
LogPluginManager: Mounting plugin UdpMessaging
LogPluginManager: Mounting plugin ActorSequence
LogPluginManager: Mounting plugin LevelSequenceEditor
LogPluginManager: Mounting plugin MatineeToLevelSequence
LogPluginManager: Mounting plugin NetcodeUnitTest
LogPluginManager: Mounting plugin NUTUnrealEngine4
LogPluginManager: Mounting plugin OnlineSubsystemGooglePlay
LogPluginManager: Mounting plugin OnlineSubsystemIOS
LogPluginManager: Mounting plugin OnlineSubsystem
LogPluginManager: Mounting plugin OnlineSubsystemNull
LogPluginManager: Mounting plugin OnlineSubsystemUtils
LogPluginManager: Mounting plugin LauncherChunkInstaller
LogPluginManager: Mounting plugin AndroidDeviceProfileSelector
LogPluginManager: Mounting plugin AndroidMoviePlayer
LogPluginManager: Mounting plugin AndroidPermission
LogPluginManager: Mounting plugin AppleMoviePlayer
LogPluginManager: Mounting plugin ArchVisCharacter
LogPluginManager: Mounting plugin AudioCapture
LogPluginManager: Mounting plugin CableComponent
LogPluginManager: Mounting plugin CustomMeshComponent
LogPluginManager: Mounting plugin EditableMesh
LogPluginManager: Mounting plugin ExampleDeviceProfileSelector
LogPluginManager: Mounting plugin GoogleCloudMessaging
LogPluginManager: Mounting plugin ImmediatePhysics
LogPluginManager: Mounting plugin IOSDeviceProfileSelector
LogPluginManager: Mounting plugin LinuxDeviceProfileSelector
LogPluginManager: Mounting plugin LocationServicesBPLibrary
LogPluginManager: Mounting plugin MobilePatchingUtils
LogPluginManager: Mounting plugin OculusVR
LogPluginManager: Plugin shader directory ../../../Engine/Plugins/Runtime/Oculus/OculusVR/Shaders found
LogPluginManager: Mapping shader source directory ../../../Engine/Plugins/Runtime/Oculus/OculusVR/Shaders to virtual directory /Plugin/OculusVR
LogPluginManager: Mounting plugin PhysXVehicles
LogPluginManager: Mounting plugin ProceduralMeshComponent
LogPluginManager: Mounting plugin RuntimePhysXCooking
LogPluginManager: Mounting plugin SteamVR
LogPluginManager: Mounting plugin WindowsMoviePlayer
LogStreaming: Display: Took  0.144s to configure plugins.
LogInit: Using libcurl 7.55.1-DEV
LogInit:  - built for x86_64-pc-win32
LogInit:  - supports SSL with OpenSSL/1.0.2h
LogInit:  - supports HTTP deflate (compression) using libz 1.2.8
LogInit:  - other features:
LogInit:      CURL_VERSION_SSL
LogInit:      CURL_VERSION_LIBZ
LogInit:      CURL_VERSION_IPV6
LogInit:      CURL_VERSION_ASYNCHDNS
LogInit:      CURL_VERSION_LARGEFILE
LogInit:      CURL_VERSION_IDN
LogInit:  CurlRequestOptions (configurable via config and command line):
LogInit:  - bVerifyPeer = false  - Libcurl will NOT verify peer certificate
LogInit:  - bUseHttpProxy = false  - Libcurl will NOT use HTTP proxy
LogInit:  - bDontReuseConnections = false  - Libcurl will reuse connections
LogInit:  - CertBundlePath = nullptr  - Libcurl will use whatever was configured at build time.
LogInit:  - MaxHostConnections = 16  - Libcurl will limit the number of connections to a host
LogInit:  - LocalHostAddr = Default
LogInit:  - BufferSize = 65536
LogInit: WinSock: version 1.1 (2.2), MaxSocks=32767, MaxUdp=65467
LogInit: Build: ++UE4+Release-4.20-CL-4369336
LogInit: Engine Version: 4.20.3-4369336+++UE4+Release-4.20
LogInit: Compatible Engine Version: 4.20.0-4212847+++UE4+Release-4.20
LogInit: Net CL: 4212847
LogInit: OS: Windows 10 (), CPU: AMD FX(tm)-8320 Eight-Core Processor           , GPU: AMD Radeon (TM) R9 380 Series
LogInit: Compiled (64-bit): Sep 17 2018 12:26:19
LogInit: Compiled with Visual C++: 19.13.26129.00
LogInit: Build Configuration: Development
LogInit: Branch Name: ++UE4+Release-4.20
LogInit: Command Line:  -skipcompile
LogInit: Base Directory: C:/Users/blued/Documents/UE_4.20/Engine/Binaries/Win64/
LogInit: Installed Engine Build: 1
LogDevObjectVersion: Number of dev versions registered: 20
LogDevObjectVersion:   Dev-Blueprints (B0D832E4-1F89-4F0D-ACCF-7EB736FD4AA2): 10
LogDevObjectVersion:   Dev-Build (E1C64328-A22C-4D53-A36C-8E866417BD8C): 0
LogDevObjectVersion:   Dev-Core (375EC13C-06E4-48FB-B500-84F0262A717E): 2
LogDevObjectVersion:   Dev-Editor (E4B068ED-F494-42E9-A231-DA0B2E46BB41): 24
LogDevObjectVersion:   Dev-Framework (CFFC743F-43B0-4480-9391-14DF171D2073): 34
LogDevObjectVersion:   Dev-Mobile (B02B49B5-BB20-44E9-A304-32B752E40360): 2
LogDevObjectVersion:   Dev-Networking (A4E4105C-59A1-49B5-A7C5-40C4547EDFEE): 0
LogDevObjectVersion:   Dev-Online (39C831C9-5AE6-47DC-9A44-9C173E1C8E7C): 0
LogDevObjectVersion:   Dev-Physics (78F01B33-EBEA-4F98-B9B4-84EACCB95AA2): 0
LogDevObjectVersion:   Dev-Platform (6631380F-2D4D-43E0-8009-CF276956A95A): 0
LogDevObjectVersion:   Dev-Rendering (12F88B9F-8875-4AFC-A67C-D90C383ABD29): 26
LogDevObjectVersion:   Dev-Sequencer (7B5AE74C-D270-4C10-A958-57980B212A5A): 9
LogDevObjectVersion:   Dev-VR (D7296918-1DD6-4BDD-9DE2-64A83CC13884): 2
LogDevObjectVersion:   Dev-LoadTimes (C2A15278-BFE7-4AFE-6C17-90FF531DF755): 1
LogDevObjectVersion:   Private-Geometry (6EACA3D4-40EC-4CC1-B786-8BED09428FC5): 3
LogDevObjectVersion:   Dev-AnimPhys (29E575DD-E0A3-4627-9D10-D276232CDCEA): 17
LogDevObjectVersion:   Dev-ReflectionCapture (6B266CEC-1EC7-4B8F-A30B-E4D90942FC07): 1
LogDevObjectVersion:   Dev-Automation (0DF73D61-A23F-47EA-B727-89E90C41499A): 1
LogDevObjectVersion:   FortniteMain (601D1886-AC64-4F84-AA16-D3DE0DEAC7D6): 12
LogDevObjectVersion:   Dev-Enterprise (9DFFBCD6-494F-0158-E221-12823C92A888): 1
LogStreaming: Display: Took  0.003s to delete old logs.
LogInit: Presizing for max 8388607 objects, including 0 objects not considered by GC, pre-allocating 0 bytes for permanent pool.
LogInit: Object subsystem initialized
[2018.11.23-16.57.53:795][  0]LogInit: Selected Device Profile: [Windows]
[2018.11.23-16.57.53:795][  0]LogInit: Applying CVar settings loaded from the selected device profile: [Windows]
[2018.11.23-16.57.53:812][  0]LogHAL: Display: Platform has ~ 16 GB [17071263744 / 17179869184 / 16], which maps to Larger [LargestMinGB=32, LargerMinGB=12, DefaultMinGB=8, SmallerMinGB=6, SmallestMinGB=0)
[2018.11.23-16.57.53:812][  0]LogInit: Setting Device Profile CVar: [[r.Vulkan.UseRealUBs:1]]
[2018.11.23-16.57.53:812][  0]LogInit: Going up to parent DeviceProfile []
[2018.11.23-16.57.53:814][  0]LogInit: Computer: DESKTOP-JAN50R2
[2018.11.23-16.57.53:814][  0]LogInit: User: blued
[2018.11.23-16.57.53:814][  0]LogInit: CPU Page size=4096, Cores=4
[2018.11.23-16.57.53:814][  0]LogInit: High frequency timer resolution =3.429419 MHz
[2018.11.23-16.57.53:815][  0]LogMemory: Memory total: Physical=15.9GB (16GB approx)
[2018.11.23-16.57.53:815][  0]LogMemory: Platform Memory Stats for Windows
[2018.11.23-16.57.53:815][  0]LogMemory: Process Physical Memory: 102.02 MB used, 102.02 MB peak
[2018.11.23-16.57.53:815][  0]LogMemory: Process Virtual Memory: 89.43 MB used, 89.43 MB peak
[2018.11.23-16.57.53:815][  0]LogMemory: Physical Memory: 6904.52 MB used,  9375.91 MB free, 16280.43 MB total
[2018.11.23-16.57.53:815][  0]LogMemory: Virtual Memory: 4643.37 MB used,  9375.91 MB free, 134217728.00 MB total
[2018.11.23-16.57.54:002][  0]LogInit: Using OS detected language (en-US).
[2018.11.23-16.57.54:002][  0]LogInit: Using OS detected locale (en-GB).
[2018.11.23-16.57.54:003][  0]LogTextLocalizationManager: No specific localization for 'en-US' exists, so the 'en' localization will be used.
[2018.11.23-16.57.54:513][  0]LogStreaming: Display: Took  0.512s to InitEngineTextLocalization.
[2018.11.23-16.57.54:514][  0]LogInit: Setting process to per monitor DPI aware
[2018.11.23-16.57.54:654][  0]LogSlate: New Slate User Created.  User Index 0, Is Virtual User: 0
[2018.11.23-16.57.54:654][  0]LogSlate: Slate User Registered.  User Index 0, Is Virtual User: 0
[2018.11.23-16.57.55:731][  0]LogHMD: Failed to initialize OpenVR with code 110
[2018.11.23-16.57.55:731][  0]LogD3D11RHI: D3D11 adapters:
[2018.11.23-16.57.55:811][  0]LogD3D11RHI:    0. 'AMD Radeon (TM) R9 380 Series' (Feature Level 11_0)
[2018.11.23-16.57.55:811][  0]LogD3D11RHI:       4071/0/8140 MB DedicatedVideo/DedicatedSystem/SharedSystem, Outputs:2, VendorId:0x1002
[2018.11.23-16.57.55:820][  0]LogD3D11RHI:    1. 'Microsoft Basic Render Driver' (Feature Level 11_0)
[2018.11.23-16.57.55:820][  0]LogD3D11RHI:       0/0/8140 MB DedicatedVideo/DedicatedSystem/SharedSystem, Outputs:0, VendorId:0x1414
[2018.11.23-16.57.55:820][  0]LogD3D11RHI: Chosen D3D11 Adapter: 0
[2018.11.23-16.57.55:832][  0]LogD3D11RHI: Creating new Direct3DDevice
[2018.11.23-16.57.55:833][  0]LogD3D11RHI:     GPU DeviceId: 0x6938 (for the marketing name, search the web for "GPU Device Id")
[2018.11.23-16.57.55:833][  0]LogWindows: EnumDisplayDevices:
[2018.11.23-16.57.55:833][  0]LogWindows:    0. 'AMD Radeon (TM) R9 380 Series' (P:1 D:1)
[2018.11.23-16.57.55:834][  0]LogWindows:    1. 'AMD Radeon (TM) R9 380 Series' (P:0 D:1)
[2018.11.23-16.57.55:834][  0]LogWindows:    2. 'AMD Radeon (TM) R9 380 Series' (P:0 D:0)
[2018.11.23-16.57.55:835][  0]LogWindows:    3. 'AMD Radeon (TM) R9 380 Series' (P:0 D:0)
[2018.11.23-16.57.55:836][  0]LogWindows:    4. 'AMD Radeon (TM) R9 380 Series' (P:0 D:0)
[2018.11.23-16.57.55:837][  0]LogWindows:    5. 'AMD Radeon (TM) R9 380 Series' (P:0 D:0)
[2018.11.23-16.57.55:837][  0]LogWindows:    6. 'AMD Radeon (TM) R9 380 Series' (P:0 D:0)
[2018.11.23-16.57.55:838][  0]LogWindows:    7. 'AMD Radeon (TM) R9 380 Series' (P:0 D:0)
[2018.11.23-16.57.55:838][  0]LogWindows:    8. 'AMD Radeon (TM) R9 380 Series' (P:0 D:0)
[2018.11.23-16.57.55:839][  0]LogWindows:    9. 'AMD Radeon (TM) R9 380 Series' (P:0 D:0)
[2018.11.23-16.57.55:839][  0]LogWindows:    10. 'AMD Radeon (TM) R9 380 Series' (P:0 D:0)
[2018.11.23-16.57.55:840][  0]LogWindows:    11. 'AMD Radeon (TM) R9 380 Series' (P:0 D:0)
[2018.11.23-16.57.55:840][  0]LogWindows:    12. 'AMD Radeon (TM) R9 380 Series' (P:0 D:0)
[2018.11.23-16.57.55:841][  0]LogWindows:    13. 'AMD Radeon (TM) R9 380 Series' (P:0 D:0)
[2018.11.23-16.57.55:841][  0]LogWindows:    14. 'AMD Radeon (TM) R9 380 Series' (P:0 D:0)
[2018.11.23-16.57.55:842][  0]LogWindows:    15. 'AMD Radeon (TM) R9 380 Series' (P:0 D:0)
[2018.11.23-16.57.55:843][  0]LogWindows: DebugString: FoundDriverCount:16 
[2018.11.23-16.57.55:843][  0]LogD3D11RHI:     Adapter Name: AMD Radeon (TM) R9 380 Series
[2018.11.23-16.57.55:843][  0]LogD3D11RHI:   Driver Version: Adrenalin 18.10.2 (internal:25.20.14007.1000, unified:25.20.14007.1000)
[2018.11.23-16.57.55:843][  0]LogD3D11RHI:      Driver Date: 10-19-2018
[2018.11.23-16.57.55:843][  0]LogRHI: Texture pool is 2850 MB (70% of 4071 MB)
[2018.11.23-16.57.56:040][  0]LogD3D11RHI: Async texture creation enabled
[2018.11.23-16.57.56:053][  0]LogD3D11RHI: GPU Timing Frequency: 27.000000 (Debug: 2 1)
[2018.11.23-16.57.56:055][  0]LogShaderCompilers: Guid format shader working directory is 16 characters bigger than the processId version (D:/TGP_PairProject/TGP_Project/Intermediate/Shaders/WorkingDirectory/5236/).
[2018.11.23-16.57.56:055][  0]LogShaderCompilers: Cleaned the shader compiler working directory 'C:/Users/blued/AppData/Local/Temp/UnrealShaderWorkingDir/7869D8E948F7D8AF416E01B60446C24D/'.
[2018.11.23-16.57.56:451][  0]LogTemp: Display: Loaded TP AllDesktopTargetPlatform
[2018.11.23-16.57.56:477][  0]LogTemp: Display: Loaded TP MacClientTargetPlatform
[2018.11.23-16.57.56:504][  0]LogTemp: Display: Loaded TP MacNoEditorTargetPlatform
[2018.11.23-16.57.56:534][  0]LogTemp: Display: Loaded TP MacServerTargetPlatform
[2018.11.23-16.57.56:563][  0]LogTemp: Display: Loaded TP MacTargetPlatform
[2018.11.23-16.57.56:591][  0]LogTemp: Display: Loaded TP WindowsClientTargetPlatform
[2018.11.23-16.57.56:625][  0]LogTemp: Display: Loaded TP WindowsNoEditorTargetPlatform
[2018.11.23-16.57.56:659][  0]LogTemp: Display: Loaded TP WindowsServerTargetPlatform
[2018.11.23-16.57.56:674][  0]LogTemp: Display: Loaded TP WindowsTargetPlatform
[2018.11.23-16.57.56:821][  0]LogTemp: Display: Loaded TP AndroidTargetPlatform
[2018.11.23-16.57.56:821][  0]LogTemp: Display: Loaded TP AndroidTargetPlatform
[2018.11.23-16.57.56:821][  0]LogTemp: Display: Loaded TP AndroidTargetPlatform
[2018.11.23-16.57.56:821][  0]LogTemp: Display: Loaded TP AndroidTargetPlatform
[2018.11.23-16.57.56:821][  0]LogTemp: Display: Loaded TP AndroidTargetPlatform
[2018.11.23-16.57.56:821][  0]LogTemp: Display: Loaded TP AndroidTargetPlatform
[2018.11.23-16.57.56:821][  0]LogTemp: Display: Loaded TP AndroidTargetPlatform
[2018.11.23-16.57.56:821][  0]LogTemp: Display: Loaded TP AndroidTargetPlatform
[2018.11.23-16.57.56:822][  0]LogTemp: Display: Loaded TP AndroidTargetPlatform
[2018.11.23-16.57.56:822][  0]LogTemp: Display: Loaded TP AndroidTargetPlatform
[2018.11.23-16.57.56:822][  0]LogTemp: Display: Loaded TP AndroidTargetPlatform
[2018.11.23-16.57.56:822][  0]LogTemp: Display: Loaded TP AndroidTargetPlatform
[2018.11.23-16.57.56:822][  0]LogTemp: Display: Loaded TP AndroidTargetPlatform
[2018.11.23-16.57.56:822][  0]LogTemp: Display: Loaded TP AndroidTargetPlatform
[2018.11.23-16.57.56:822][  0]LogTemp: Display: Loaded TP AndroidTargetPlatform
[2018.11.23-16.57.56:822][  0]LogTemp: Display: Loaded TP AndroidTargetPlatform
[2018.11.23-16.57.56:822][  0]LogTemp: Display: Loaded TP AndroidTargetPlatform
[2018.11.23-16.57.56:823][  0]LogTemp: Display: Loaded TP AndroidTargetPlatform
[2018.11.23-16.57.56:829][  0]LogTemp: Display: Loaded TP HTML5TargetPlatform
[2018.11.23-16.57.56:924][  0]LogTemp: Display: Loaded TP IOSTargetPlatform
[2018.11.23-16.57.56:924][  0]LogTemp: Display: Loaded TP IOSTargetPlatform
[2018.11.23-16.57.56:968][  0]LogTemp: Display: Loaded TP TVOSTargetPlatform
[2018.11.23-16.57.56:968][  0]LogTemp: Display: Loaded TP TVOSTargetPlatform
[2018.11.23-16.57.56:993][  0]LogTemp: Display: Loaded TP LinuxClientTargetPlatform
[2018.11.23-16.57.57:018][  0]LogTemp: Display: Loaded TP LinuxNoEditorTargetPlatform
[2018.11.23-16.57.57:043][  0]LogTemp: Display: Loaded TP LinuxServerTargetPlatform
[2018.11.23-16.57.57:073][  0]LogTemp: Display: Loaded TP LinuxTargetPlatform
[2018.11.23-16.57.57:092][  0]LogTemp: Display: Loaded TP LuminTargetPlatform
[2018.11.23-16.57.57:092][  0]LogTargetPlatformManager: Display: Building Assets For Windows
[2018.11.23-16.57.57:287][  0]LogXGEController: Cleaning working directory: C:/Users/blued/AppData/Local/Temp/UnrealXGEWorkingDir/
[2018.11.23-16.57.57:287][  0]LogXGEController: Cannot use XGE Controller as Incredibuild is not installed on this machine.
[2018.11.23-16.57.57:287][  0]LogShaderCompilers: Cannot use XGE Shader Compiler as Incredibuild is not installed on this machine.
[2018.11.23-16.57.57:288][  0]LogShaderCompilers: Display: Using Local Shader Compiler.
[2018.11.23-16.57.58:744][  0]LogDerivedDataCache: Display: Max Cache Size: 512 MB
[2018.11.23-16.57.58:836][  0]LogDerivedDataCache: Loaded boot cache 0.09s 71MB C:/Users/blued/AppData/Local/UnrealEngine/4.20/DerivedDataCache/Boot.ddc.
[2018.11.23-16.57.58:837][  0]LogDerivedDataCache: Display: Loaded Boot cache: C:/Users/blued/AppData/Local/UnrealEngine/4.20/DerivedDataCache/Boot.ddc
[2018.11.23-16.57.58:838][  0]LogDerivedDataCache: FDerivedDataBackendGraph:  Pak pak cache file D:/TGP_PairProject/TGP_Project/DerivedDataCache/DDC.ddp not found, will not use a pak cache.
[2018.11.23-16.57.58:838][  0]LogDerivedDataCache: Unable to find inner node Pak for hierarchical cache Hierarchy.
[2018.11.23-16.57.58:838][  0]LogDerivedDataCache: FDerivedDataBackendGraph:  CompressedPak pak cache file D:/TGP_PairProject/TGP_Project/DerivedDataCache/Compressed.ddp not found, will not use a pak cache.
[2018.11.23-16.57.58:838][  0]LogDerivedDataCache: Unable to find inner node CompressedPak for hierarchical cache Hierarchy.
[2018.11.23-16.57.58:855][  0]LogDerivedDataCache: Display: Pak cache opened for reading ../../../Engine/DerivedDataCache/Compressed.ddp.
[2018.11.23-16.57.58:870][  0]LogDerivedDataCache: Using Local data cache path C:/Users/blued/AppData/Local/UnrealEngine/Common/DerivedDataCache: Writable
[2018.11.23-16.57.58:870][  0]LogDerivedDataCache: Shared data cache path not found in *engine.ini, will not use an Shared cache.
[2018.11.23-16.57.58:870][  0]LogDerivedDataCache: Unable to find inner node Shared for hierarchical cache Hierarchy.
[2018.11.23-16.57.58:903][  0]LogMaterial: Verifying Global Shaders for PCD3D_SM5
[2018.11.23-16.57.58:905][  0]LogSlate: Using FreeType 2.6.0
[2018.11.23-16.57.58:909][  0]LogSlate: SlateFontServices - WITH_FREETYPE: 1, WITH_HARFBUZZ: 1
[2018.11.23-16.57.59:112][  0]LogAssetRegistry: FAssetRegistry took 0.0335 seconds to start up
[2018.11.23-16.57.59:677][  0]LogInit: Selected Device Profile: [Windows]
[2018.11.23-16.57.59:906][  0]LogSimplygon: Simplygon DLL not present - disabling.
[2018.11.23-16.57.59:920][  0]LogMeshReduction: Using SimplygonSwarm for distributed automatic mesh merging
[2018.11.23-16.57.59:921][  0]LogMeshReduction: Using ProxyLODMeshReduction for automatic mesh merging
[2018.11.23-16.57.59:921][  0]LogMeshReduction: Using QuadricMeshReduction for automatic static mesh reduction
[2018.11.23-16.57.59:921][  0]LogMeshReduction: No automatic skeletal mesh reduction module available
[2018.11.23-16.57.59:993][  0]LogNetVersion: TGP_Project 1.0.0, NetCL: 4212847, EngineNetVer: 5, GameNetVer: 0 (Checksum: 95638710)
[2018.11.23-16.58.00:718][  0]LogPackageLocalizationCache: Processed 11 localized package path(s) for 2 prioritized culture(s) in 0.100032 seconds
[2018.11.23-16.58.00:726][  0]LogUObjectArray: 38425 objects as part of root set at end of initial load.
[2018.11.23-16.58.00:726][  0]LogUObjectAllocator: 6690872 out of 0 bytes used by permanent object pool.
[2018.11.23-16.58.00:727][  0]LogUObjectArray: CloseDisregardForGC: 0/0 objects in disregard for GC pool
[2018.11.23-16.58.03:322][  0]LogTcpMessaging: Initializing TcpMessaging bridge
[2018.11.23-16.58.03:341][  0]LogUdpMessaging: Initializing bridge on interface 0.0.0.0:0 to multicast group 230.0.0.1:6666.
[2018.11.23-16.58.03:622][  0]SourceControl: Source control is disabled
[2018.11.23-16.58.03:622][  0]SourceControl: Source control is disabled
[2018.11.23-16.58.03:629][  0]SourceControl: Source control is disabled
[2018.11.23-16.58.03:635][  0]SourceControl: Source control is disabled
[2018.11.23-16.58.03:976][  0]LogAndroidPermission: UAndroidPermissionCallbackProxy::GetInstance
[2018.11.23-16.58.04:146][  0]LogOcInput: OculusInput pre-init called
[2018.11.23-16.58.04:245][  0]LogEngine: Initializing Engine...
[2018.11.23-16.58.04:247][  0]LogHMD: Failed to initialize OpenVR with code 110
[2018.11.23-16.58.04:250][  0]LogStats: UGameplayTagsManager::ConstructGameplayTagTree: ImportINI prefixes -  0.000 s
[2018.11.23-16.58.04:250][  0]LogStats: UGameplayTagsManager::ConstructGameplayTagTree: Construct from data asset -  0.000 s
[2018.11.23-16.58.04:250][  0]LogStats: UGameplayTagsManager::ConstructGameplayTagTree: ImportINI -  0.000 s
[2018.11.23-16.58.04:250][  0]LogStats: UGameplayTagsManager::ConstructGameplayTagTree: GameplayTagTreeChangedEvent.Broadcast -  0.000 s
[2018.11.23-16.58.04:549][  0]LogInit: Initializing FReadOnlyCVARCache
[2018.11.23-16.58.04:568][  0]LogAIModule: Creating AISystem for world Untitled
[2018.11.23-16.58.04:611][  0]LogInit: XAudio2 using 'Headphones (4- Turtle Beach Recon 60P)' : 2 channels at 48 kHz using 16 bits per sample (channel mask 0x3)
[2018.11.23-16.58.04:641][  0]LogInit: FAudioDevice initialized.
[2018.11.23-16.58.04:641][  0]LogNetVersion: Set ProjectVersion to 1.0.0.0. Version Checksum will be recalculated on next use.
[2018.11.23-16.58.04:751][  0]LogDerivedDataCache: Saved boot cache 0.11s 71MB C:/Users/blued/AppData/Local/UnrealEngine/4.20/DerivedDataCache/Boot.ddc.
[2018.11.23-16.58.04:752][  0]LogInit: Texture streaming: Enabled
[2018.11.23-16.58.04:796][  0]LogEngineSessionManager: EngineSessionManager initialized
[2018.11.23-16.58.04:797][  0]LogEngineSessionManager: EngineSessionManager sent abnormal shutdown report. Type=Debugger, SessionId={7453C2C1-404C-08D9-4C21-179DA655B0D8}
[2018.11.23-16.58.04:797][  0]LogEngineSessionManager: EngineSessionManager sent abnormal shutdown report. Type=Debugger, SessionId={628504C3-4D05-7C53-490D-0381F17E0353}
[2018.11.23-16.58.04:815][  0]LogInit: Transaction tracking system initialized
[2018.11.23-16.58.04:868][  0]BlueprintLog: New page: Editor Load
[2018.11.23-16.58.05:057][  0]LocalizationService: Localization service is disabled
[2018.11.23-16.58.05:491][  0]LogCook: Display: Max memory allowance for cook 16384mb min free memory 0mb
[2018.11.23-16.58.05:492][  0]LogCook: Display: Mobile HDR setting 1
[2018.11.23-16.58.05:492][  0]LogGameplayTags: Display: UGameplayTagsManager::DoneAddingNativeTags. DelegateIsBound: 0
[2018.11.23-16.58.05:492][  0]LogStats: UGameplayTagsManager::ConstructGameplayTagTree: ImportINI prefixes -  0.000 s
[2018.11.23-16.58.05:492][  0]LogStats: UGameplayTagsManager::ConstructGameplayTagTree: Construct from data asset -  0.000 s
[2018.11.23-16.58.05:493][  0]LogStats: UGameplayTagsManager::ConstructGameplayTagTree: ImportINI -  0.000 s
[2018.11.23-16.58.05:493][  0]LogStats: UGameplayTagsManager::ConstructGameplayTagTree: GameplayTagTreeChangedEvent.Broadcast -  0.000 s
[2018.11.23-16.58.05:799][  0]LogFileCache: Scanning file cache for directory 'D:/TGP_PairProject/TGP_Project/Content/' took 0.02s
[2018.11.23-16.58.05:799][  0]SourceControl: Source control is disabled
[2018.11.23-16.58.05:799][  0]Cmd: MAP LOAD FILE="D:/TGP_PairProject/TGP_Project/Content/BaseLevel.umap" TEMPLATE=0 SHOWPROGRESS=1 FEATURELEVEL=3
[2018.11.23-16.58.05:799][  0]LogEditorServer: Warning: Can't find file 'D:/TGP_PairProject/TGP_Project/Content/BaseLevel.umap'
[2018.11.23-16.58.05:800][  0]Cmd: MAP CHECKDEP NOCLEARLOG
[2018.11.23-16.58.06:008][  0]MapCheck: Map check complete: 0 Error(s), 0 Warning(s), took 207.985ms to complete.
[2018.11.23-16.58.06:008][  0]LogFileHelpers: Loading map 'BaseLevel' took 0.209
[2018.11.23-16.58.06:289][  0]LogSlate: Updating window title bar state: overlay mode, drag disabled, window buttons hidden, title bar hidden
[2018.11.23-16.58.06:304][  0]LogSlate: Updating window title bar state: overlay mode, drag disabled, window buttons hidden, title bar hidden
[2018.11.23-16.58.06:320][  0]LogSlate: Updating window title bar state: overlay mode, drag disabled, window buttons hidden, title bar hidden
[2018.11.23-16.58.06:335][  0]LogSlate: Updating window title bar state: overlay mode, drag disabled, window buttons hidden, title bar hidden
[2018.11.23-16.58.06:348][  0]LogCollectionManager: Loaded 0 collections in 0.001595 seconds
[2018.11.23-16.58.06:450][  0]LogFileCache: Scanning file cache for directory 'D:/TGP_PairProject/TGP_Project/Saved/Collections/' took 0.02s
[2018.11.23-16.58.06:451][  0]LogFileCache: Scanning file cache for directory 'D:/TGP_PairProject/TGP_Project/Content/Developers/blued/Collections/' took 0.01s
[2018.11.23-16.58.06:451][  0]LogFileCache: Scanning file cache for directory 'D:/TGP_PairProject/TGP_Project/Content/Collections/' took 0.01s
[2018.11.23-16.58.06:451][  0]LogCollectionManager: Rebuilt the GUID cache for 0 collections in 0.000001 seconds
[2018.11.23-16.58.06:469][  0]LogContentBrowser: Native class hierarchy populated in 0.0183 seconds. Added 2580 classes and 606 folders.
[2018.11.23-16.58.06:480][  0]LogContentBrowser: Native class hierarchy updated for 'WidgetCarousel' in 0.0004 seconds. Added 0 classes and 0 folders.
[2018.11.23-16.58.06:601][  0]LogContentBrowser: Native class hierarchy updated for 'AddContentDialog' in 0.0004 seconds. Added 0 classes and 0 folders.
[2018.11.23-16.58.06:613][  0]LogContentBrowser: Native class hierarchy updated for 'SceneOutliner' in 0.0006 seconds. Added 1 classes and 2 folders.
[2018.11.23-16.58.06:699][  0]LogSlate: Took 0.001007 seconds to synchronously load lazily loaded font '../../../Engine/Content/Slate/Fonts/Roboto-Regular.ttf' (155K)
[2018.11.23-16.58.06:706][  0]LogSlate: Took 0.001868 seconds to synchronously load lazily loaded font '../../../Engine/Content/Slate/Fonts/Roboto-Bold.ttf' (160K)
[2018.11.23-16.58.06:719][  0]LogSlate: Took 0.001083 seconds to synchronously load lazily loaded font '../../../Engine/Content/Editor/Slate/Fonts/FontAwesome.ttf' (139K)
[2018.11.23-16.58.06:853][  0]LogRenderer: Reallocating scene render targets to support 1208x552 Format 10 NumSamples 1 (Frame:1).
[2018.11.23-16.58.06:938][  0]LogSlate: Took 0.001046 seconds to synchronously load lazily loaded font '../../../Engine/Content/Slate/Fonts/Roboto-Light.ttf' (167K)
[2018.11.23-16.58.07:059][  0]LogContentBrowser: Native class hierarchy updated for 'HierarchicalLODOutliner' in 0.0004 seconds. Added 0 classes and 0 folders.
[2018.11.23-16.58.07:059][  0]LogLoad: (Engine Initialization) Total time: 15.88 seconds
[2018.11.23-16.58.07:060][  0]LogLoad: (Engine Initialization) Total Blueprint compile time: 0.00 seconds
[2018.11.23-16.58.07:071][  0]LogWindowsTextInputMethodSystem: Display: IME system now deactivated.
[2018.11.23-16.58.07:094][  0]LogContentStreaming: Texture pool size now 1000 MB
[2018.11.23-16.58.07:164][  1]LogAssetRegistry: Asset discovery search completed in 8.0776 seconds
[2018.11.23-16.58.07:166][  1]LogCollectionManager: Rebuilt the object cache for 0 collections in 0.000001 seconds (found 0 objects)
[2018.11.23-16.58.07:167][  1]LogCollectionManager: Fixed up redirectors for 0 collections in 0.000239 seconds (updated 0 objects)
[2018.11.23-16.58.16:448][ 99]LogSlate: FSceneViewport::OnFocusLost() reason 0
[2018.11.23-16.58.20:205][541]LogSlate: Took 0.000451 seconds to synchronously load lazily loaded font '../../../Engine/Content/Slate/Fonts/Roboto-Light.ttf' (167K)
[2018.11.23-16.58.20:252][541]LogAIModule: Creating AISystem for world BaseLevel
[2018.11.23-16.58.20:265][541]LogAssetEditorManager: Opening Asset editor for World /Game/Levels/BaseLevel.BaseLevel
[2018.11.23-16.58.20:336][541]Cmd: MAP LOAD FILE="D:/TGP_PairProject/TGP_Project/Content/Levels/BaseLevel.umap" TEMPLATE=0 SHOWPROGRESS=1 FEATURELEVEL=3
[2018.11.23-16.58.20:336][541]LightingResults: New page: Lighting Build
[2018.11.23-16.58.20:339][541]LogContentBrowser: Native class hierarchy updated for 'StatsViewer' in 0.0004 seconds. Added 5 classes and 0 folders.
[2018.11.23-16.58.20:340][541]LoadErrors: New page: Loading map: BaseLevel.umap
[2018.11.23-16.58.20:341][541]MapCheck: New page: Map Check
[2018.11.23-16.58.20:341][541]LightingResults: New page: Lighting Build
[2018.11.23-16.58.20:566][541]LogEditorServer: Finished looking for orphan Actors (0.000 secs)
[2018.11.23-16.58.20:741][541]Cmd: MAP CHECKDEP NOCLEARLOG
[2018.11.23-16.58.20:897][541]MapCheck: Map check complete: 0 Error(s), 0 Warning(s), took 155.093ms to complete.
[2018.11.23-16.58.20:897][541]LogFileHelpers: Loading map 'BaseLevel' took 0.562
[2018.11.23-16.58.28:619][832]LogSlate: Window 'Pick Parent Class' being destroyed
[2018.11.23-16.58.35:430][634]LogAssetEditorManager: Opening Asset editor for Blueprint /Game/Blueprints/BP_Civilian.BP_Civilian
[2018.11.23-16.58.36:203][634]LogContentBrowser: Native class hierarchy updated for 'BlueprintGraph' in 0.0011 seconds. Added 116 classes and 0 folders.
[2018.11.23-16.58.37:543][635]LogRenderer: Reallocating scene render targets to support 1208x712 Format 10 NumSamples 1 (Frame:1).
[2018.11.23-16.58.39:033][808]BlueprintLog: New page: Compile BP_Civilian
[2018.11.23-16.58.45:036][457]LogEditorViewport: Clicking on Actor (LMB): StaticMeshActor (Cube)
[2018.11.23-16.58.49:258][907]LogSlate: FSceneViewport::OnFocusLost() reason 0
[2018.11.23-16.58.59:766][ 45]LogSlate: Took 0.001037 seconds to synchronously load lazily loaded font '../../../Engine/Content/Slate/Fonts/Roboto-Italic.ttf' (157K)
[2018.11.23-16.59.11:587][359]LogSlate: FSceneViewport::OnFocusLost() reason 2
[2018.11.23-16.59.19:458][247]LogSlate: FSceneViewport::OnFocusLost() reason 2
[2018.11.23-16.59.39:321][539]LogEditorViewport: Clicking on Actor (LMB): StaticMeshActor (Floor)
[2018.11.23-16.59.42:612][877]LogEditorViewport: Clicking on Actor (LMB): BP_Civilian_C (BP_Civilian)
[2018.11.23-16.59.51:654][898]LogSlate: FSceneViewport::OnFocusLost() reason 0
