Log file open, 11/20/18 19:44:51
LogWindows: Failed to load 'aqProf.dll' (GetLastError=126)
LogWindows: File 'aqProf.dll' does not exist
LogWindows: Failed to load 'VSPerf140.dll' (GetLastError=126)
LogWindows: File 'VSPerf140.dll' does not exist
LogWindows: Failed to load 'VtuneApi.dll' (GetLastError=126)
LogWindows: File 'VtuneApi.dll' does not exist
LogWindows: Failed to load 'VtuneApi32e.dll' (GetLastError=126)
LogWindows: File 'VtuneApi32e.dll' does not exist
LogInit: Display: Running engine for game: TGP_Project
LogPlatformFile: Not using cached read wrapper
LogTaskGraph: Started task graph with 5 named threads and 14 total threads with 3 sets of task threads.
LogStats: Stats thread started at 0.259067
LogD3D11RHI: Loaded GFSDK_Aftermath_Lib.x64.dll
LogICUInternationalization: Display: ICU TimeZone Detection - Raw Offset: +0:00, Platform Override: ''
LogPluginManager: Mounting plugin Paper2D
LogPluginManager: Mounting plugin AISupport
LogPluginManager: Mounting plugin LightPropagationVolume
LogPluginManager: Mounting plugin CLionSourceCodeAccess
LogPluginManager: Mounting plugin CodeLiteSourceCodeAccess
LogPluginManager: Mounting plugin GitSourceControl
LogPluginManager: Mounting plugin KDevelopSourceCodeAccess
LogPluginManager: Mounting plugin NullSourceCodeAccess
LogPluginManager: Mounting plugin PerforceSourceControl
LogPluginManager: Mounting plugin SubversionSourceControl
LogPluginManager: Mounting plugin UObjectPlugin
LogPluginManager: Mounting plugin VisualStudioCodeSourceCodeAccess
LogPluginManager: Mounting plugin VisualStudioSourceCodeAccess
LogPluginManager: Mounting plugin XCodeSourceCodeAccess
LogPluginManager: Mounting plugin AssetManagerEditor
LogPluginManager: Mounting plugin CryptoKeys
LogPluginManager: Mounting plugin DataValidation
LogPluginManager: Mounting plugin FacialAnimation
LogPluginManager: Mounting plugin GameplayTagsEditor
LogPluginManager: Mounting plugin MacGraphicsSwitching
LogPluginManager: Mounting plugin MeshEditor
LogPluginManager: Mounting plugin MobileLauncherProfileWizard
LogPluginManager: Mounting plugin PluginBrowser
LogPluginManager: Mounting plugin SpeedTreeImporter
LogPluginManager: Mounting plugin DatasmithContent
LogPluginManager: Mounting plugin AlembicImporter
LogPluginManager: Mounting plugin AppleImageUtils
LogPluginManager: Mounting plugin AppleVision
LogPluginManager: Mounting plugin BackChannel
LogPluginManager: Mounting plugin CharacterAI
LogPluginManager: Mounting plugin GeometryCache
LogPluginManager: Mounting plugin HTML5Networking
LogPluginManager: Mounting plugin ProxyLODPlugin
LogPluginManager: Mounting plugin MagicLeap
LogPluginManager: Mounting plugin MagicLeapEmulator
LogPluginManager: Mounting plugin MagicLeapMedia
LogPluginManager: Mounting plugin AndroidMedia
LogPluginManager: Mounting plugin AvfMedia
LogPluginManager: Mounting plugin ImgMedia
LogPluginManager: Mounting plugin LinearTimecode
LogPluginManager: Mounting plugin MediaCompositing
LogPluginManager: Mounting plugin MediaPlayerEditor
LogPluginManager: Mounting plugin WmfMedia
LogPluginManager: Mounting plugin TcpMessaging
LogPluginManager: Mounting plugin UdpMessaging
LogPluginManager: Mounting plugin ActorSequence
LogPluginManager: Mounting plugin LevelSequenceEditor
LogPluginManager: Mounting plugin MatineeToLevelSequence
LogPluginManager: Mounting plugin NetcodeUnitTest
LogPluginManager: Mounting plugin NUTUnrealEngine4
LogPluginManager: Mounting plugin OnlineSubsystemGooglePlay
LogPluginManager: Mounting plugin OnlineSubsystemIOS
LogPluginManager: Mounting plugin OnlineSubsystem
LogPluginManager: Mounting plugin OnlineSubsystemNull
LogPluginManager: Mounting plugin OnlineSubsystemUtils
LogPluginManager: Mounting plugin LauncherChunkInstaller
LogPluginManager: Mounting plugin AndroidDeviceProfileSelector
LogPluginManager: Mounting plugin AndroidMoviePlayer
LogPluginManager: Mounting plugin AndroidPermission
LogPluginManager: Mounting plugin AppleMoviePlayer
LogPluginManager: Mounting plugin ArchVisCharacter
LogPluginManager: Mounting plugin AudioCapture
LogPluginManager: Mounting plugin CableComponent
LogPluginManager: Mounting plugin CustomMeshComponent
LogPluginManager: Mounting plugin EditableMesh
LogPluginManager: Mounting plugin ExampleDeviceProfileSelector
LogPluginManager: Mounting plugin GoogleCloudMessaging
LogPluginManager: Mounting plugin ImmediatePhysics
LogPluginManager: Mounting plugin IOSDeviceProfileSelector
LogPluginManager: Mounting plugin LinuxDeviceProfileSelector
LogPluginManager: Mounting plugin LocationServicesBPLibrary
LogPluginManager: Mounting plugin MobilePatchingUtils
LogPluginManager: Mounting plugin OculusVR
LogPluginManager: Plugin shader directory ../../../Engine/Plugins/Runtime/Oculus/OculusVR/Shaders found
LogPluginManager: Mapping shader source directory ../../../Engine/Plugins/Runtime/Oculus/OculusVR/Shaders to virtual directory /Plugin/OculusVR
LogPluginManager: Mounting plugin PhysXVehicles
LogPluginManager: Mounting plugin ProceduralMeshComponent
LogPluginManager: Mounting plugin RuntimePhysXCooking
LogPluginManager: Mounting plugin SteamVR
LogPluginManager: Mounting plugin WindowsMoviePlayer
LogStreaming: Display: Took  0.102s to configure plugins.
LogInit: Using libcurl 7.55.1-DEV
LogInit:  - built for x86_64-pc-win32
LogInit:  - supports SSL with OpenSSL/1.0.2h
LogInit:  - supports HTTP deflate (compression) using libz 1.2.8
LogInit:  - other features:
LogInit:      CURL_VERSION_SSL
LogInit:      CURL_VERSION_LIBZ
LogInit:      CURL_VERSION_IPV6
LogInit:      CURL_VERSION_ASYNCHDNS
LogInit:      CURL_VERSION_LARGEFILE
LogInit:      CURL_VERSION_IDN
LogInit:  CurlRequestOptions (configurable via config and command line):
LogInit:  - bVerifyPeer = false  - Libcurl will NOT verify peer certificate
LogInit:  - bUseHttpProxy = false  - Libcurl will NOT use HTTP proxy
LogInit:  - bDontReuseConnections = false  - Libcurl will reuse connections
LogInit:  - CertBundlePath = nullptr  - Libcurl will use whatever was configured at build time.
LogInit:  - MaxHostConnections = 16  - Libcurl will limit the number of connections to a host
LogInit:  - LocalHostAddr = Default
LogInit:  - BufferSize = 65536
LogInit: WinSock: version 1.1 (2.2), MaxSocks=32767, MaxUdp=65467
LogInit: Build: ++UE4+Release-4.20-CL-4369336
LogInit: Engine Version: 4.20.3-4369336+++UE4+Release-4.20
LogInit: Compatible Engine Version: 4.20.0-4212847+++UE4+Release-4.20
LogInit: Net CL: 4212847
LogInit: OS: Windows 10 (), CPU: Intel(R) Core(TM) i5-4590 CPU @ 3.30GHz, GPU: NVIDIA GeForce GTX 1060 6GB
LogInit: Compiled (64-bit): Sep 17 2018 12:26:19
LogInit: Compiled with Visual C++: 19.13.26129.00
LogInit: Build Configuration: Development
LogInit: Branch Name: ++UE4+Release-4.20
LogInit: Command Line:  -skipcompile
LogInit: Base Directory: C:/Program Files/Epic Games/UE_4.20/Engine/Binaries/Win64/
LogInit: Installed Engine Build: 1
LogDevObjectVersion: Number of dev versions registered: 20
LogDevObjectVersion:   Dev-Blueprints (B0D832E4-1F89-4F0D-ACCF-7EB736FD4AA2): 10
LogDevObjectVersion:   Dev-Build (E1C64328-A22C-4D53-A36C-8E866417BD8C): 0
LogDevObjectVersion:   Dev-Core (375EC13C-06E4-48FB-B500-84F0262A717E): 2
LogDevObjectVersion:   Dev-Editor (E4B068ED-F494-42E9-A231-DA0B2E46BB41): 24
LogDevObjectVersion:   Dev-Framework (CFFC743F-43B0-4480-9391-14DF171D2073): 34
LogDevObjectVersion:   Dev-Mobile (B02B49B5-BB20-44E9-A304-32B752E40360): 2
LogDevObjectVersion:   Dev-Networking (A4E4105C-59A1-49B5-A7C5-40C4547EDFEE): 0
LogDevObjectVersion:   Dev-Online (39C831C9-5AE6-47DC-9A44-9C173E1C8E7C): 0
LogDevObjectVersion:   Dev-Physics (78F01B33-EBEA-4F98-B9B4-84EACCB95AA2): 0
LogDevObjectVersion:   Dev-Platform (6631380F-2D4D-43E0-8009-CF276956A95A): 0
LogDevObjectVersion:   Dev-Rendering (12F88B9F-8875-4AFC-A67C-D90C383ABD29): 26
LogDevObjectVersion:   Dev-Sequencer (7B5AE74C-D270-4C10-A958-57980B212A5A): 9
LogDevObjectVersion:   Dev-VR (D7296918-1DD6-4BDD-9DE2-64A83CC13884): 2
LogDevObjectVersion:   Dev-LoadTimes (C2A15278-BFE7-4AFE-6C17-90FF531DF755): 1
LogDevObjectVersion:   Private-Geometry (6EACA3D4-40EC-4CC1-B786-8BED09428FC5): 3
LogDevObjectVersion:   Dev-AnimPhys (29E575DD-E0A3-4627-9D10-D276232CDCEA): 17
LogDevObjectVersion:   Dev-ReflectionCapture (6B266CEC-1EC7-4B8F-A30B-E4D90942FC07): 1
LogDevObjectVersion:   Dev-Automation (0DF73D61-A23F-47EA-B727-89E90C41499A): 1
LogDevObjectVersion:   FortniteMain (601D1886-AC64-4F84-AA16-D3DE0DEAC7D6): 12
LogDevObjectVersion:   Dev-Enterprise (9DFFBCD6-494F-0158-E221-12823C92A888): 1
LogStreaming: Display: Took  0.001s to delete old logs.
LogInit: Presizing for max 8388607 objects, including 0 objects not considered by GC, pre-allocating 0 bytes for permanent pool.
LogInit: Object subsystem initialized
[2018.11.20-19.44.52:284][  0]LogInit: Selected Device Profile: [Windows]
[2018.11.20-19.44.52:285][  0]LogInit: Applying CVar settings loaded from the selected device profile: [Windows]
[2018.11.20-19.44.52:307][  0]LogHAL: Display: Platform has ~ 16 GB [17009229824 / 17179869184 / 16], which maps to Larger [LargestMinGB=32, LargerMinGB=12, DefaultMinGB=8, SmallerMinGB=6, SmallestMinGB=0)
[2018.11.20-19.44.52:307][  0]LogInit: Setting Device Profile CVar: [[r.Vulkan.UseRealUBs:1]]
[2018.11.20-19.44.52:307][  0]LogInit: Going up to parent DeviceProfile []
[2018.11.20-19.44.52:308][  0]LogInit: Computer: GROUNDZERO
[2018.11.20-19.44.52:308][  0]LogInit: User: TDSSK
[2018.11.20-19.44.52:308][  0]LogInit: CPU Page size=4096, Cores=4
[2018.11.20-19.44.52:309][  0]LogInit: High frequency timer resolution =3.222660 MHz
[2018.11.20-19.44.52:310][  0]LogMemory: Memory total: Physical=15.8GB (16GB approx)
[2018.11.20-19.44.52:310][  0]LogMemory: Platform Memory Stats for Windows
[2018.11.20-19.44.52:311][  0]LogMemory: Process Physical Memory: 101.76 MB used, 101.76 MB peak
[2018.11.20-19.44.52:311][  0]LogMemory: Process Virtual Memory: 84.30 MB used, 84.30 MB peak
[2018.11.20-19.44.52:311][  0]LogMemory: Physical Memory: 8142.44 MB used,  8078.83 MB free, 16221.27 MB total
[2018.11.20-19.44.52:311][  0]LogMemory: Virtual Memory: 524.16 MB used,  8078.83 MB free, 134217728.00 MB total
[2018.11.20-19.44.52:408][  0]LogInit: Using OS detected language (en-GB).
[2018.11.20-19.44.52:408][  0]LogInit: Using OS detected locale (en-GB).
[2018.11.20-19.44.52:408][  0]LogTextLocalizationManager: No specific localization for 'en-GB' exists, so the 'en' localization will be used.
[2018.11.20-19.44.52:765][  0]LogStreaming: Display: Took  0.357s to InitEngineTextLocalization.
[2018.11.20-19.44.52:765][  0]LogInit: Setting process to per monitor DPI aware
[2018.11.20-19.44.52:811][  0]LogSlate: New Slate User Created.  User Index 0, Is Virtual User: 0
[2018.11.20-19.44.52:811][  0]LogSlate: Slate User Registered.  User Index 0, Is Virtual User: 0
[2018.11.20-19.44.53:019][  0]LogHMD: Failed to initialize OpenVR with code 110
[2018.11.20-19.44.53:019][  0]LogD3D11RHI: D3D11 adapters:
[2018.11.20-19.44.53:100][  0]LogD3D11RHI:    0. 'NVIDIA GeForce GTX 1060 6GB' (Feature Level 11_0)
[2018.11.20-19.44.53:100][  0]LogD3D11RHI:       6052/0/8110 MB DedicatedVideo/DedicatedSystem/SharedSystem, Outputs:1, VendorId:0x10de
[2018.11.20-19.44.53:114][  0]LogD3D11RHI:    1. 'Intel(R) HD Graphics 4600' (Feature Level 11_0)
[2018.11.20-19.44.53:115][  0]LogD3D11RHI:       112/0/2048 MB DedicatedVideo/DedicatedSystem/SharedSystem, Outputs:0, VendorId:0x8086
[2018.11.20-19.44.53:121][  0]LogD3D11RHI:    2. 'Microsoft Basic Render Driver' (Feature Level 11_0)
[2018.11.20-19.44.53:121][  0]LogD3D11RHI:       0/0/8110 MB DedicatedVideo/DedicatedSystem/SharedSystem, Outputs:0, VendorId:0x1414
[2018.11.20-19.44.53:121][  0]LogD3D11RHI: Chosen D3D11 Adapter: 0
[2018.11.20-19.44.53:127][  0]LogD3D11RHI: Creating new Direct3DDevice
[2018.11.20-19.44.53:127][  0]LogD3D11RHI:     GPU DeviceId: 0x1c03 (for the marketing name, search the web for "GPU Device Id")
[2018.11.20-19.44.53:127][  0]LogWindows: EnumDisplayDevices:
[2018.11.20-19.44.53:127][  0]LogWindows:    0. 'NVIDIA GeForce GTX 1060 6GB' (P:1 D:1)
[2018.11.20-19.44.53:127][  0]LogWindows:    1. 'NVIDIA GeForce GTX 1060 6GB' (P:0 D:0)
[2018.11.20-19.44.53:128][  0]LogWindows:    2. 'NVIDIA GeForce GTX 1060 6GB' (P:0 D:0)
[2018.11.20-19.44.53:128][  0]LogWindows:    3. 'NVIDIA GeForce GTX 1060 6GB' (P:0 D:0)
[2018.11.20-19.44.53:128][  0]LogWindows:    4. 'Intel(R) HD Graphics 4600' (P:0 D:0)
[2018.11.20-19.44.53:128][  0]LogWindows:    5. 'Intel(R) HD Graphics 4600' (P:0 D:0)
[2018.11.20-19.44.53:129][  0]LogWindows:    6. 'Intel(R) HD Graphics 4600' (P:0 D:0)
[2018.11.20-19.44.53:129][  0]LogWindows: DebugString: PrimaryIsNotTheChoosenAdapter PrimaryIsNotTheChoosenAdapter PrimaryIsNotTheChoosenAdapter FoundDriverCount:4 
[2018.11.20-19.44.53:129][  0]LogD3D11RHI:     Adapter Name: NVIDIA GeForce GTX 1060 6GB
[2018.11.20-19.44.53:129][  0]LogD3D11RHI:   Driver Version: 397.64 (internal:24.21.13.9764, unified:397.64)
[2018.11.20-19.44.53:129][  0]LogD3D11RHI:      Driver Date: 5-7-2018
[2018.11.20-19.44.53:129][  0]LogRHI: Texture pool is 4236 MB (70% of 6052 MB)
[2018.11.20-19.44.53:171][  0]LogD3D11RHI: Async texture creation enabled
[2018.11.20-19.44.53:212][  0]LogD3D11RHI: GPU Timing Frequency: 1000.000000 (Debug: 2 2)
[2018.11.20-19.44.53:213][  0]LogShaderCompilers: Guid format shader working directory is -2 characters bigger than the processId version (D:/Documents/GitHub/TGP_PairProject/TGP_Project/Intermediate/Shaders/WorkingDirectory/19792/).
[2018.11.20-19.44.53:213][  0]LogShaderCompilers: Cleaned the shader compiler working directory 'C:/Users/TDSSK/AppData/Local/Temp/UnrealShaderWorkingDir/4D60CBB946611067ACDA3882D94CF2B2/'.
[2018.11.20-19.44.53:446][  0]LogTemp: Display: Loaded TP AllDesktopTargetPlatform
[2018.11.20-19.44.53:461][  0]LogTemp: Display: Loaded TP MacClientTargetPlatform
[2018.11.20-19.44.53:476][  0]LogTemp: Display: Loaded TP MacNoEditorTargetPlatform
[2018.11.20-19.44.53:491][  0]LogTemp: Display: Loaded TP MacServerTargetPlatform
[2018.11.20-19.44.53:507][  0]LogTemp: Display: Loaded TP MacTargetPlatform
[2018.11.20-19.44.53:522][  0]LogTemp: Display: Loaded TP WindowsClientTargetPlatform
[2018.11.20-19.44.53:538][  0]LogTemp: Display: Loaded TP WindowsNoEditorTargetPlatform
[2018.11.20-19.44.53:554][  0]LogTemp: Display: Loaded TP WindowsServerTargetPlatform
[2018.11.20-19.44.53:562][  0]LogTemp: Display: Loaded TP WindowsTargetPlatform
[2018.11.20-19.44.53:641][  0]LogTemp: Display: Loaded TP AndroidTargetPlatform
[2018.11.20-19.44.53:642][  0]LogTemp: Display: Loaded TP AndroidTargetPlatform
[2018.11.20-19.44.53:642][  0]LogTemp: Display: Loaded TP AndroidTargetPlatform
[2018.11.20-19.44.53:642][  0]LogTemp: Display: Loaded TP AndroidTargetPlatform
[2018.11.20-19.44.53:642][  0]LogTemp: Display: Loaded TP AndroidTargetPlatform
[2018.11.20-19.44.53:642][  0]LogTemp: Display: Loaded TP AndroidTargetPlatform
[2018.11.20-19.44.53:642][  0]LogTemp: Display: Loaded TP AndroidTargetPlatform
[2018.11.20-19.44.53:642][  0]LogTemp: Display: Loaded TP AndroidTargetPlatform
[2018.11.20-19.44.53:642][  0]LogTemp: Display: Loaded TP AndroidTargetPlatform
[2018.11.20-19.44.53:642][  0]LogTemp: Display: Loaded TP AndroidTargetPlatform
[2018.11.20-19.44.53:642][  0]LogTemp: Display: Loaded TP AndroidTargetPlatform
[2018.11.20-19.44.53:642][  0]LogTemp: Display: Loaded TP AndroidTargetPlatform
[2018.11.20-19.44.53:642][  0]LogTemp: Display: Loaded TP AndroidTargetPlatform
[2018.11.20-19.44.53:642][  0]LogTemp: Display: Loaded TP AndroidTargetPlatform
[2018.11.20-19.44.53:642][  0]LogTemp: Display: Loaded TP AndroidTargetPlatform
[2018.11.20-19.44.53:642][  0]LogTemp: Display: Loaded TP AndroidTargetPlatform
[2018.11.20-19.44.53:642][  0]LogTemp: Display: Loaded TP AndroidTargetPlatform
[2018.11.20-19.44.53:643][  0]LogTemp: Display: Loaded TP AndroidTargetPlatform
[2018.11.20-19.44.53:645][  0]LogTemp: Display: Loaded TP HTML5TargetPlatform
[2018.11.20-19.44.53:711][  0]LogTemp: Display: Loaded TP IOSTargetPlatform
[2018.11.20-19.44.53:711][  0]LogTemp: Display: Loaded TP IOSTargetPlatform
[2018.11.20-19.44.53:736][  0]LogTemp: Display: Loaded TP TVOSTargetPlatform
[2018.11.20-19.44.53:736][  0]LogTemp: Display: Loaded TP TVOSTargetPlatform
[2018.11.20-19.44.53:751][  0]LogTemp: Display: Loaded TP LinuxClientTargetPlatform
[2018.11.20-19.44.53:765][  0]LogTemp: Display: Loaded TP LinuxNoEditorTargetPlatform
[2018.11.20-19.44.53:780][  0]LogTemp: Display: Loaded TP LinuxServerTargetPlatform
[2018.11.20-19.44.53:795][  0]LogTemp: Display: Loaded TP LinuxTargetPlatform
[2018.11.20-19.44.53:805][  0]LogTemp: Display: Loaded TP LuminTargetPlatform
[2018.11.20-19.44.53:805][  0]LogTargetPlatformManager: Display: Building Assets For Windows
[2018.11.20-19.44.53:902][  0]LogXGEController: Cleaning working directory: C:/Users/TDSSK/AppData/Local/Temp/UnrealXGEWorkingDir/
[2018.11.20-19.44.53:903][  0]LogXGEController: Cannot use XGE Controller as Incredibuild is not installed on this machine.
[2018.11.20-19.44.53:903][  0]LogShaderCompilers: Cannot use XGE Shader Compiler as Incredibuild is not installed on this machine.
[2018.11.20-19.44.53:903][  0]LogShaderCompilers: Display: Using Local Shader Compiler.
[2018.11.20-19.44.54:644][  0]LogDerivedDataCache: Display: Max Cache Size: 512 MB
[2018.11.20-19.44.54:689][  0]LogDerivedDataCache: Loaded boot cache 0.05s 71MB C:/Users/TDSSK/AppData/Local/UnrealEngine/4.20/DerivedDataCache/Boot.ddc.
[2018.11.20-19.44.54:690][  0]LogDerivedDataCache: Display: Loaded Boot cache: C:/Users/TDSSK/AppData/Local/UnrealEngine/4.20/DerivedDataCache/Boot.ddc
[2018.11.20-19.44.54:690][  0]LogDerivedDataCache: FDerivedDataBackendGraph:  Pak pak cache file D:/Documents/GitHub/TGP_PairProject/TGP_Project/DerivedDataCache/DDC.ddp not found, will not use a pak cache.
[2018.11.20-19.44.54:690][  0]LogDerivedDataCache: Unable to find inner node Pak for hierarchical cache Hierarchy.
[2018.11.20-19.44.54:690][  0]LogDerivedDataCache: FDerivedDataBackendGraph:  CompressedPak pak cache file D:/Documents/GitHub/TGP_PairProject/TGP_Project/DerivedDataCache/Compressed.ddp not found, will not use a pak cache.
[2018.11.20-19.44.54:690][  0]LogDerivedDataCache: Unable to find inner node CompressedPak for hierarchical cache Hierarchy.
[2018.11.20-19.44.54:702][  0]LogDerivedDataCache: Display: Pak cache opened for reading ../../../Engine/DerivedDataCache/Compressed.ddp.
[2018.11.20-19.44.54:715][  0]LogDerivedDataCache: Using Local data cache path C:/Users/TDSSK/AppData/Local/UnrealEngine/Common/DerivedDataCache: Writable
[2018.11.20-19.44.54:715][  0]LogDerivedDataCache: Shared data cache path not found in *engine.ini, will not use an Shared cache.
[2018.11.20-19.44.54:715][  0]LogDerivedDataCache: Unable to find inner node Shared for hierarchical cache Hierarchy.
[2018.11.20-19.44.54:732][  0]LogMaterial: Verifying Global Shaders for PCD3D_SM5
[2018.11.20-19.44.54:734][  0]LogSlate: Using FreeType 2.6.0
[2018.11.20-19.44.54:735][  0]LogSlate: SlateFontServices - WITH_FREETYPE: 1, WITH_HARFBUZZ: 1
[2018.11.20-19.44.54:821][  0]LogAssetRegistry: FAssetRegistry took 0.0288 seconds to start up
[2018.11.20-19.44.55:114][  0]LogInit: Selected Device Profile: [Windows]
[2018.11.20-19.44.55:255][  0]LogSimplygon: Simplygon DLL not present - disabling.
[2018.11.20-19.44.55:263][  0]LogMeshReduction: Using SimplygonSwarm for distributed automatic mesh merging
[2018.11.20-19.44.55:263][  0]LogMeshReduction: Using ProxyLODMeshReduction for automatic mesh merging
[2018.11.20-19.44.55:263][  0]LogMeshReduction: Using QuadricMeshReduction for automatic static mesh reduction
[2018.11.20-19.44.55:263][  0]LogMeshReduction: No automatic skeletal mesh reduction module available
[2018.11.20-19.44.55:276][  0]LogNetVersion: TGP_Project 1.0.0, NetCL: 4212847, EngineNetVer: 5, GameNetVer: 0 (Checksum: 95638710)
[2018.11.20-19.44.55:752][  0]LogPackageLocalizationCache: Processed 11 localized package path(s) for 2 prioritized culture(s) in 0.074871 seconds
[2018.11.20-19.44.55:758][  0]LogUObjectArray: 38425 objects as part of root set at end of initial load.
[2018.11.20-19.44.55:758][  0]LogUObjectAllocator: 6690872 out of 0 bytes used by permanent object pool.
[2018.11.20-19.44.55:758][  0]LogUObjectArray: CloseDisregardForGC: 0/0 objects in disregard for GC pool
[2018.11.20-19.44.56:856][  0]LogTcpMessaging: Initializing TcpMessaging bridge
[2018.11.20-19.44.56:873][  0]LogUdpMessaging: Initializing bridge on interface 0.0.0.0:0 to multicast group 230.0.0.1:6666.
[2018.11.20-19.44.57:086][  0]SourceControl: Source control is disabled
[2018.11.20-19.44.57:086][  0]SourceControl: Source control is disabled
[2018.11.20-19.44.57:090][  0]SourceControl: Source control is disabled
[2018.11.20-19.44.57:093][  0]SourceControl: Source control is disabled
[2018.11.20-19.44.57:355][  0]LogAndroidPermission: UAndroidPermissionCallbackProxy::GetInstance
[2018.11.20-19.44.57:462][  0]LogOcInput: OculusInput pre-init called
[2018.11.20-19.44.57:527][  0]LogEngine: Initializing Engine...
[2018.11.20-19.44.57:528][  0]LogHMD: Failed to initialize OpenVR with code 110
[2018.11.20-19.44.57:530][  0]LogStats: UGameplayTagsManager::ConstructGameplayTagTree: ImportINI prefixes -  0.000 s
[2018.11.20-19.44.57:530][  0]LogStats: UGameplayTagsManager::ConstructGameplayTagTree: Construct from data asset -  0.000 s
[2018.11.20-19.44.57:530][  0]LogStats: UGameplayTagsManager::ConstructGameplayTagTree: ImportINI -  0.000 s
[2018.11.20-19.44.57:530][  0]LogStats: UGameplayTagsManager::ConstructGameplayTagTree: GameplayTagTreeChangedEvent.Broadcast -  0.000 s
[2018.11.20-19.44.57:726][  0]LogInit: Initializing FReadOnlyCVARCache
[2018.11.20-19.44.57:740][  0]LogAIModule: Creating AISystem for world Untitled
[2018.11.20-19.44.57:789][  0]LogInit: XAudio2 using 'Headphones (4- SteelSeries Arctis 7 Game)' : 2 channels at 48 kHz using 16 bits per sample (channel mask 0x3)
[2018.11.20-19.44.57:813][  0]LogInit: FAudioDevice initialized.
[2018.11.20-19.44.57:814][  0]LogNetVersion: Set ProjectVersion to 1.0.0.0. Version Checksum will be recalculated on next use.
[2018.11.20-19.44.57:986][  0]LogDerivedDataCache: Saved boot cache 0.17s 71MB C:/Users/TDSSK/AppData/Local/UnrealEngine/4.20/DerivedDataCache/Boot.ddc.
[2018.11.20-19.44.58:004][  0]LogInit: Texture streaming: Enabled
[2018.11.20-19.44.58:049][  0]LogEngineSessionManager: EngineSessionManager initialized
[2018.11.20-19.44.58:062][  0]LogInit: Transaction tracking system initialized
[2018.11.20-19.44.58:095][  0]BlueprintLog: New page: Editor Load
[2018.11.20-19.44.58:304][  0]LocalizationService: Localization service is disabled
[2018.11.20-19.44.58:575][  0]LogCook: Display: Max memory allowance for cook 16384mb min free memory 0mb
[2018.11.20-19.44.58:576][  0]LogCook: Display: Mobile HDR setting 1
[2018.11.20-19.44.58:576][  0]LogGameplayTags: Display: UGameplayTagsManager::DoneAddingNativeTags. DelegateIsBound: 0
[2018.11.20-19.44.58:576][  0]LogStats: UGameplayTagsManager::ConstructGameplayTagTree: ImportINI prefixes -  0.000 s
[2018.11.20-19.44.58:576][  0]LogStats: UGameplayTagsManager::ConstructGameplayTagTree: Construct from data asset -  0.000 s
[2018.11.20-19.44.58:576][  0]LogStats: UGameplayTagsManager::ConstructGameplayTagTree: ImportINI -  0.000 s
[2018.11.20-19.44.58:576][  0]LogFileCache: Scanning file cache for directory 'D:/Documents/GitHub/TGP_PairProject/TGP_Project/Content/' took 0.01s
[2018.11.20-19.44.58:576][  0]LogStats: UGameplayTagsManager::ConstructGameplayTagTree: GameplayTagTreeChangedEvent.Broadcast -  0.000 s
[2018.11.20-19.44.58:738][  0]SourceControl: Source control is disabled
[2018.11.20-19.44.58:738][  0]Cmd: MAP LOAD FILE="D:/Documents/GitHub/TGP_PairProject/TGP_Project/Content/BaseLevel.umap" TEMPLATE=0 SHOWPROGRESS=1 FEATURELEVEL=3
[2018.11.20-19.44.58:739][  0]LightingResults: New page: Lighting Build
[2018.11.20-19.44.58:741][  0]MapCheck: New page: Map Check
[2018.11.20-19.44.58:741][  0]LightingResults: New page: Lighting Build
[2018.11.20-19.44.58:783][  0]LogAIModule: Creating AISystem for world BaseLevel
[2018.11.20-19.44.58:789][  0]LogEditorServer: Finished looking for orphan Actors (0.000 secs)
[2018.11.20-19.44.58:809][  0]Cmd: MAP CHECKDEP NOCLEARLOG
[2018.11.20-19.44.58:897][  0]MapCheck: Map check complete: 0 Error(s), 0 Warning(s), took 87.827ms to complete.
[2018.11.20-19.44.58:897][  0]LogFileHelpers: Loading map 'BaseLevel' took 0.159
[2018.11.20-19.44.59:036][  0]LogSlate: Updating window title bar state: overlay mode, drag disabled, window buttons hidden, title bar hidden
[2018.11.20-19.44.59:043][  0]LogSlate: Updating window title bar state: overlay mode, drag disabled, window buttons hidden, title bar hidden
[2018.11.20-19.44.59:050][  0]LogSlate: Updating window title bar state: overlay mode, drag disabled, window buttons hidden, title bar hidden
[2018.11.20-19.44.59:057][  0]LogSlate: Updating window title bar state: overlay mode, drag disabled, window buttons hidden, title bar hidden
[2018.11.20-19.44.59:064][  0]LogCollectionManager: Loaded 0 collections in 0.001494 seconds
[2018.11.20-19.44.59:108][  0]LogFileCache: Scanning file cache for directory 'D:/Documents/GitHub/TGP_PairProject/TGP_Project/Saved/Collections/' took 0.01s
[2018.11.20-19.44.59:108][  0]LogFileCache: Scanning file cache for directory 'D:/Documents/GitHub/TGP_PairProject/TGP_Project/Content/Developers/TDSSK/Collections/' took 0.01s
[2018.11.20-19.44.59:108][  0]LogFileCache: Scanning file cache for directory 'D:/Documents/GitHub/TGP_PairProject/TGP_Project/Content/Collections/' took 0.01s
[2018.11.20-19.44.59:108][  0]LogCollectionManager: Rebuilt the GUID cache for 0 collections in 0.000000 seconds
[2018.11.20-19.44.59:117][  0]LogContentBrowser: Native class hierarchy populated in 0.0087 seconds. Added 2576 classes and 606 folders.
[2018.11.20-19.44.59:122][  0]LogContentBrowser: Native class hierarchy updated for 'WidgetCarousel' in 0.0003 seconds. Added 0 classes and 0 folders.
[2018.11.20-19.44.59:170][  0]LogContentBrowser: Native class hierarchy updated for 'AddContentDialog' in 0.0003 seconds. Added 0 classes and 0 folders.
[2018.11.20-19.44.59:176][  0]LogContentBrowser: Native class hierarchy updated for 'SceneOutliner' in 0.0003 seconds. Added 1 classes and 2 folders.
[2018.11.20-19.44.59:231][  0]LogSlate: Took 0.000561 seconds to synchronously load lazily loaded font '../../../Engine/Content/Slate/Fonts/Roboto-Regular.ttf' (155K)
[2018.11.20-19.44.59:233][  0]LogSlate: Took 0.000537 seconds to synchronously load lazily loaded font '../../../Engine/Content/Slate/Fonts/Roboto-Bold.ttf' (160K)
[2018.11.20-19.44.59:239][  0]LogSlate: Took 0.000631 seconds to synchronously load lazily loaded font '../../../Engine/Content/Editor/Slate/Fonts/FontAwesome.ttf' (139K)
[2018.11.20-19.44.59:316][  0]LogRenderer: Reallocating scene render targets to support 1208x600 Format 10 NumSamples 1 (Frame:1).
[2018.11.20-19.44.59:343][  0]LogSlate: Took 0.000581 seconds to synchronously load lazily loaded font '../../../Engine/Content/Slate/Fonts/Roboto-Light.ttf' (167K)
[2018.11.20-19.44.59:457][  0]LogContentBrowser: Native class hierarchy updated for 'HierarchicalLODOutliner' in 0.0003 seconds. Added 0 classes and 0 folders.
[2018.11.20-19.44.59:457][  0]LogLoad: (Engine Initialization) Total time: 8.71 seconds
[2018.11.20-19.44.59:457][  0]LogLoad: (Engine Initialization) Total Blueprint compile time: 0.00 seconds
[2018.11.20-19.44.59:467][  0]LogWindowsTextInputMethodSystem: Display: IME system now deactivated.
[2018.11.20-19.44.59:490][  0]LogContentStreaming: Texture pool size now 1000 MB
[2018.11.20-19.44.59:671][  1]LogAssetRegistry: Asset discovery search completed in 4.8740 seconds
[2018.11.20-19.44.59:672][  1]LogCollectionManager: Rebuilt the object cache for 0 collections in 0.000000 seconds (found 0 objects)
[2018.11.20-19.44.59:672][  1]LogCollectionManager: Fixed up redirectors for 0 collections in 0.000137 seconds (updated 0 objects)
[2018.11.20-19.45.01:149][167]LogSlate: FSceneViewport::OnFocusLost() reason 0
[2018.11.20-19.45.01:228][175]Candidate modules for hot reload:
[2018.11.20-19.45.01:229][175]  TGP_Project
[2018.11.20-19.45.01:229][175]Launching UnrealBuildTool... [C:/Program Files/Epic Games/UE_4.20/Engine/Binaries/DotNET/UnrealBuildTool.exe  -ModuleWithSuffix=TGP_Project,65 Win64 Development -TargetType=Editor -Project="D:/Documents/GitHub/TGP_PairProject/TGP_Project/TGP_Project.uproject" -canskiplink "D:/Documents/GitHub/TGP_PairProject/TGP_Project/TGP_Project.uproject" ]
[2018.11.20-19.45.01:231][175]Warning: Starting HotReload took  0.0s.
[2018.11.20-19.45.03:283][420]CompilerResultsLog: New page: Compilation - 20 Nov 2018 19:45:03
[2018.11.20-19.45.03:283][420]CompilerResultsLog: Using 'git status' to determine working set for adaptive non-unity build.
[2018.11.20-19.45.03:283][420]CompilerResultsLog: Compiling game modules for hot reload
[2018.11.20-19.45.03:283][420]CompilerResultsLog: Target is up to date
[2018.11.20-19.45.03:283][420]CompilerResultsLog: Total build time: 1.79 seconds (NoActionsToExecute executor: 0.00 seconds)
[2018.11.20-19.45.03:284][420]LogMainFrame: MainFrame: Module compiling took 2.059 seconds
[2018.11.20-19.45.03:315][420]LogContentBrowser: Native class hierarchy populated in 0.0089 seconds. Added 2577 classes and 608 folders.
[2018.11.20-19.45.03:315][420]Display: HotReload took  2.1s.
[2018.11.20-19.45.05:541][686]Candidate modules for hot reload:
[2018.11.20-19.45.05:541][686]  TGP_Project
[2018.11.20-19.45.05:541][686]Launching UnrealBuildTool... [C:/Program Files/Epic Games/UE_4.20/Engine/Binaries/DotNET/UnrealBuildTool.exe  -ModuleWithSuffix=TGP_Project,4860 Win64 Development -TargetType=Editor -Project="D:/Documents/GitHub/TGP_PairProject/TGP_Project/TGP_Project.uproject" -canskiplink "D:/Documents/GitHub/TGP_PairProject/TGP_Project/TGP_Project.uproject" ]
[2018.11.20-19.45.05:543][686]Warning: Starting HotReload took  0.0s.
[2018.11.20-19.45.07:579][930]CompilerResultsLog: New page: Compilation - 20 Nov 2018 19:45:07
[2018.11.20-19.45.07:579][930]CompilerResultsLog: Using 'git status' to determine working set for adaptive non-unity build.
[2018.11.20-19.45.07:580][930]CompilerResultsLog: Compiling game modules for hot reload
[2018.11.20-19.45.07:580][930]CompilerResultsLog: Target is up to date
[2018.11.20-19.45.07:580][930]CompilerResultsLog: Total build time: 1.78 seconds (NoActionsToExecute executor: 0.00 seconds)
[2018.11.20-19.45.07:580][930]LogMainFrame: MainFrame: Module compiling took 2.042 seconds
[2018.11.20-19.45.07:611][930]LogContentBrowser: Native class hierarchy populated in 0.0089 seconds. Added 2577 classes and 608 folders.
[2018.11.20-19.45.07:611][930]Display: HotReload took  2.1s.
[2018.11.20-19.45.08:670][ 57]LogEditorViewport: Clicking on Actor (LMB): PlayerCharacter_C (PlayerCharacter2)
[2018.11.20-19.45.11:001][320]LogSlate: FSceneViewport::OnFocusLost() reason 0
[2018.11.20-19.45.11:068][328]LogTemp: Repeating last play command: New Editor Window (PIE)
[2018.11.20-19.45.11:080][328]LogPlayLevel: PlayLevel: No blueprints needed recompiling
[2018.11.20-19.45.11:093][328]PIE: New page: PIE session: BaseLevel (20 Nov 2018 19:45:11)
[2018.11.20-19.45.11:093][328]LogPlayLevel: Creating play world package: /Game/UEDPIE_0_BaseLevel
[2018.11.20-19.45.11:095][328]LogPlayLevel: PIE: StaticDuplicateObject took: (0.001763s)
[2018.11.20-19.45.11:095][328]LogAIModule: Creating AISystem for world BaseLevel
[2018.11.20-19.45.11:095][328]LogPlayLevel: PIE: World Init took: (0.000731s)
[2018.11.20-19.45.11:096][328]LogPlayLevel: PIE: Created PIE world by copying editor world from /Game/BaseLevel.BaseLevel to /Game/UEDPIE_0_BaseLevel.BaseLevel (0.002820s)
[2018.11.20-19.45.11:158][328]LogInit: XAudio2 using 'Headphones (4- SteelSeries Arctis 7 Game)' : 2 channels at 48 kHz using 16 bits per sample (channel mask 0x3)
[2018.11.20-19.45.11:178][328]LogInit: FAudioDevice initialized.
[2018.11.20-19.45.11:185][328]LogSlate: Updating window title bar state: overlay mode, drag disabled, window buttons hidden, title bar hidden
[2018.11.20-19.45.11:244][328]LogLoad: Game class is 'GameModeTemp_C'
[2018.11.20-19.45.11:247][328]LogWorld: Bringing World /Game/UEDPIE_0_BaseLevel.BaseLevel up for play (max tick rate 0) at 2018.11.20-19.45.11
[2018.11.20-19.45.11:247][328]LogWorld: Bringing up level for play took: 0.001223
[2018.11.20-19.45.11:283][328]LogContentBrowser: Native class hierarchy updated for 'MovieSceneCapture' in 0.0003 seconds. Added 10 classes and 0 folders.
[2018.11.20-19.45.11:283][328]LogGameMode: Display: Match State Changed from EnteringMap to WaitingToStart
[2018.11.20-19.45.11:283][328]LogGameState: Match State Changed from EnteringMap to WaitingToStart
[2018.11.20-19.45.11:283][328]LogGameMode: Display: Match State Changed from WaitingToStart to InProgress
[2018.11.20-19.45.11:284][328]LogGameState: Match State Changed from WaitingToStart to InProgress
[2018.11.20-19.45.11:289][328]PIE: Play in editor start time for /Game/UEDPIE_0_BaseLevel -0.049
[2018.11.20-19.45.11:293][328]LogRenderer: Reallocating scene render targets to support 1292x756 Format 10 NumSamples 1 (Frame:1).
[2018.11.20-19.45.14:843][746]LogSlate: Updating window title bar state: overlay mode, drag disabled, window buttons hidden, title bar hidden
[2018.11.20-19.45.14:855][746]LogSlate: Window 'TGP_Project Game Preview Standalone (64-bit/PCD3D_SM5)' being destroyed
[2018.11.20-19.45.14:891][746]LogPlayLevel: Display: Shutting down PIE online subsystems
[2018.11.20-19.45.14:948][749]LogPlayLevel: Display: Destroying online subsystem :Context_1
[2018.11.20-19.45.16:573][944]LogEditorViewport: Clicking on Actor (LMB): PlayerCharacter_C (PlayerCharacter2)
[2018.11.20-19.45.18:871][187]LogSlate: FSceneViewport::OnFocusLost() reason 0
[2018.11.20-19.45.19:025][205]LogSlate: Took 0.000239 seconds to synchronously load lazily loaded font '../../../Engine/Content/Slate/Fonts/Roboto-Light.ttf' (167K)
[2018.11.20-19.45.19:030][205]LogAssetEditorManager: Opening Asset editor for Blueprint /Game/PlayerCharacter.PlayerCharacter
[2018.11.20-19.45.19:478][205]LogContentBrowser: Native class hierarchy updated for 'BlueprintGraph' in 0.0006 seconds. Added 116 classes and 0 folders.
[2018.11.20-19.46.05:248][584]LogTemp: Repeating last play command: New Editor Window (PIE)
[2018.11.20-19.46.05:260][584]LogPlayLevel: PlayLevel: No blueprints needed recompiling
[2018.11.20-19.46.05:260][584]PIE: New page: PIE session: BaseLevel (20 Nov 2018 19:46:05)
[2018.11.20-19.46.05:260][584]LogPlayLevel: Creating play world package: /Game/UEDPIE_0_BaseLevel
[2018.11.20-19.46.05:262][584]LogPlayLevel: PIE: StaticDuplicateObject took: (0.001856s)
[2018.11.20-19.46.05:263][584]LogAIModule: Creating AISystem for world BaseLevel
[2018.11.20-19.46.05:263][584]LogPlayLevel: PIE: World Init took: (0.000812s)
[2018.11.20-19.46.05:263][584]LogPlayLevel: PIE: Created PIE world by copying editor world from /Game/BaseLevel.BaseLevel to /Game/UEDPIE_0_BaseLevel.BaseLevel (0.002979s)
[2018.11.20-19.46.05:335][584]LogInit: XAudio2 using 'Headphones (4- SteelSeries Arctis 7 Game)' : 2 channels at 48 kHz using 16 bits per sample (channel mask 0x3)
[2018.11.20-19.46.05:356][584]LogInit: FAudioDevice initialized.
[2018.11.20-19.46.05:362][584]LogSlate: Updating window title bar state: overlay mode, drag disabled, window buttons hidden, title bar hidden
[2018.11.20-19.46.05:398][584]LogLoad: Game class is 'GameModeTemp_C'
[2018.11.20-19.46.05:399][584]LogWorld: Bringing World /Game/UEDPIE_0_BaseLevel.BaseLevel up for play (max tick rate 0) at 2018.11.20-19.46.05
[2018.11.20-19.46.05:400][584]LogWorld: Bringing up level for play took: 0.000806
[2018.11.20-19.46.05:413][584]LogGameMode: Display: Match State Changed from EnteringMap to WaitingToStart
[2018.11.20-19.46.05:413][584]LogGameState: Match State Changed from EnteringMap to WaitingToStart
[2018.11.20-19.46.05:413][584]LogGameMode: Display: Match State Changed from WaitingToStart to InProgress
[2018.11.20-19.46.05:414][584]LogGameState: Match State Changed from WaitingToStart to InProgress
[2018.11.20-19.46.05:417][584]PIE: Play in editor start time for /Game/UEDPIE_0_BaseLevel 0.08
[2018.11.20-19.46.06:245][677]LogSlate: Updating window title bar state: overlay mode, drag disabled, window buttons hidden, title bar hidden
[2018.11.20-19.46.06:258][677]LogSlate: Window 'TGP_Project Game Preview Standalone (64-bit/PCD3D_SM5)' being destroyed
[2018.11.20-19.46.06:291][677]LogPlayLevel: Display: Shutting down PIE online subsystems
[2018.11.20-19.46.06:347][679]LogPlayLevel: Display: Destroying online subsystem :Context_3
[2018.11.20-19.46.12:502][416]LogTemp: Repeating last play command: New Editor Window (PIE)
[2018.11.20-19.46.12:515][416]LogPlayLevel: PlayLevel: No blueprints needed recompiling
[2018.11.20-19.46.12:515][416]PIE: New page: PIE session: BaseLevel (20 Nov 2018 19:46:12)
[2018.11.20-19.46.12:515][416]LogPlayLevel: Creating play world package: /Game/UEDPIE_0_BaseLevel
[2018.11.20-19.46.12:518][416]LogPlayLevel: PIE: StaticDuplicateObject took: (0.001800s)
[2018.11.20-19.46.12:518][416]LogAIModule: Creating AISystem for world BaseLevel
[2018.11.20-19.46.12:519][416]LogPlayLevel: PIE: World Init took: (0.000934s)
[2018.11.20-19.46.12:519][416]LogPlayLevel: PIE: Created PIE world by copying editor world from /Game/BaseLevel.BaseLevel to /Game/UEDPIE_0_BaseLevel.BaseLevel (0.003524s)
[2018.11.20-19.46.12:557][416]LogInit: XAudio2 using 'Headphones (4- SteelSeries Arctis 7 Game)' : 2 channels at 48 kHz using 16 bits per sample (channel mask 0x3)
[2018.11.20-19.46.12:576][416]LogInit: FAudioDevice initialized.
[2018.11.20-19.46.12:582][416]LogSlate: Updating window title bar state: overlay mode, drag disabled, window buttons hidden, title bar hidden
[2018.11.20-19.46.12:618][416]LogLoad: Game class is 'GameModeTemp_C'
[2018.11.20-19.46.12:619][416]LogWorld: Bringing World /Game/UEDPIE_0_BaseLevel.BaseLevel up for play (max tick rate 0) at 2018.11.20-19.46.12
[2018.11.20-19.46.12:619][416]LogWorld: Bringing up level for play took: 0.000811
[2018.11.20-19.46.12:632][416]LogGameMode: Display: Match State Changed from EnteringMap to WaitingToStart
[2018.11.20-19.46.12:632][416]LogGameState: Match State Changed from EnteringMap to WaitingToStart
[2018.11.20-19.46.12:632][416]LogGameMode: Display: Match State Changed from WaitingToStart to InProgress
[2018.11.20-19.46.12:633][416]LogGameState: Match State Changed from WaitingToStart to InProgress
[2018.11.20-19.46.12:636][416]PIE: Play in editor start time for /Game/UEDPIE_0_BaseLevel -0.701
[2018.11.20-19.46.13:499][512]LogSlate: Updating window title bar state: overlay mode, drag disabled, window buttons hidden, title bar hidden
[2018.11.20-19.46.13:512][512]LogSlate: Window 'TGP_Project Game Preview Standalone (64-bit/PCD3D_SM5)' being destroyed
[2018.11.20-19.46.13:554][512]LogPlayLevel: Display: Shutting down PIE online subsystems
[2018.11.20-19.46.13:617][513]LogPlayLevel: Display: Destroying online subsystem :Context_4
[2018.11.20-19.46.19:400][204]LogTemp: Repeating last play command: New Editor Window (PIE)
[2018.11.20-19.46.19:411][204]LogPlayLevel: PlayLevel: No blueprints needed recompiling
[2018.11.20-19.46.19:412][204]PIE: New page: PIE session: BaseLevel (20 Nov 2018 19:46:19)
[2018.11.20-19.46.19:412][204]LogPlayLevel: Creating play world package: /Game/UEDPIE_0_BaseLevel
[2018.11.20-19.46.19:414][204]LogPlayLevel: PIE: StaticDuplicateObject took: (0.001790s)
[2018.11.20-19.46.19:415][204]LogAIModule: Creating AISystem for world BaseLevel
[2018.11.20-19.46.19:415][204]LogPlayLevel: PIE: World Init took: (0.000722s)
[2018.11.20-19.46.19:415][204]LogPlayLevel: PIE: Created PIE world by copying editor world from /Game/BaseLevel.BaseLevel to /Game/UEDPIE_0_BaseLevel.BaseLevel (0.002900s)
[2018.11.20-19.46.19:470][204]LogInit: XAudio2 using 'Headphones (4- SteelSeries Arctis 7 Game)' : 2 channels at 48 kHz using 16 bits per sample (channel mask 0x3)
[2018.11.20-19.46.19:490][204]LogInit: FAudioDevice initialized.
[2018.11.20-19.46.19:495][204]LogSlate: Updating window title bar state: overlay mode, drag disabled, window buttons hidden, title bar hidden
[2018.11.20-19.46.19:532][204]LogLoad: Game class is 'GameModeTemp_C'
[2018.11.20-19.46.19:533][204]LogWorld: Bringing World /Game/UEDPIE_0_BaseLevel.BaseLevel up for play (max tick rate 0) at 2018.11.20-19.46.19
[2018.11.20-19.46.19:534][204]LogWorld: Bringing up level for play took: 0.000843
[2018.11.20-19.46.19:546][204]LogGameMode: Display: Match State Changed from EnteringMap to WaitingToStart
[2018.11.20-19.46.19:546][204]LogGameState: Match State Changed from EnteringMap to WaitingToStart
[2018.11.20-19.46.19:546][204]LogGameMode: Display: Match State Changed from WaitingToStart to InProgress
[2018.11.20-19.46.19:547][204]LogGameState: Match State Changed from WaitingToStart to InProgress
[2018.11.20-19.46.19:550][204]PIE: Play in editor start time for /Game/UEDPIE_0_BaseLevel 0.213
[2018.11.20-19.46.22:185][514]LogSlate: Updating window title bar state: overlay mode, drag disabled, window buttons hidden, title bar hidden
[2018.11.20-19.46.22:198][514]LogSlate: Window 'TGP_Project Game Preview Standalone (64-bit/PCD3D_SM5)' being destroyed
[2018.11.20-19.46.22:233][514]LogPlayLevel: Display: Shutting down PIE online subsystems
[2018.11.20-19.46.22:287][516]LogPlayLevel: Display: Destroying online subsystem :Context_5
[2018.11.20-19.46.27:264][111]LogTemp: Repeating last play command: New Editor Window (PIE)
[2018.11.20-19.46.27:275][111]LogPlayLevel: PlayLevel: No blueprints needed recompiling
[2018.11.20-19.46.27:275][111]PIE: New page: PIE session: BaseLevel (20 Nov 2018 19:46:27)
[2018.11.20-19.46.27:276][111]LogPlayLevel: Creating play world package: /Game/UEDPIE_0_BaseLevel
[2018.11.20-19.46.27:277][111]LogPlayLevel: PIE: StaticDuplicateObject took: (0.001668s)
[2018.11.20-19.46.27:278][111]LogAIModule: Creating AISystem for world BaseLevel
[2018.11.20-19.46.27:278][111]LogPlayLevel: PIE: World Init took: (0.000595s)
[2018.11.20-19.46.27:278][111]LogPlayLevel: PIE: Created PIE world by copying editor world from /Game/BaseLevel.BaseLevel to /Game/UEDPIE_0_BaseLevel.BaseLevel (0.002502s)
[2018.11.20-19.46.27:314][111]LogInit: XAudio2 using 'Headphones (4- SteelSeries Arctis 7 Game)' : 2 channels at 48 kHz using 16 bits per sample (channel mask 0x3)
[2018.11.20-19.46.27:334][111]LogInit: FAudioDevice initialized.
[2018.11.20-19.46.27:339][111]LogSlate: Updating window title bar state: overlay mode, drag disabled, window buttons hidden, title bar hidden
[2018.11.20-19.46.27:377][111]LogLoad: Game class is 'GameModeTemp_C'
[2018.11.20-19.46.27:378][111]LogWorld: Bringing World /Game/UEDPIE_0_BaseLevel.BaseLevel up for play (max tick rate 0) at 2018.11.20-19.46.27
[2018.11.20-19.46.27:378][111]LogWorld: Bringing up level for play took: 0.000815
[2018.11.20-19.46.27:391][111]LogGameMode: Display: Match State Changed from EnteringMap to WaitingToStart
[2018.11.20-19.46.27:391][111]LogGameState: Match State Changed from EnteringMap to WaitingToStart
[2018.11.20-19.46.27:391][111]LogGameMode: Display: Match State Changed from WaitingToStart to InProgress
[2018.11.20-19.46.27:392][111]LogGameState: Match State Changed from WaitingToStart to InProgress
[2018.11.20-19.46.27:395][111]PIE: Play in editor start time for /Game/UEDPIE_0_BaseLevel 0.058
[2018.11.20-19.46.28:751][268]LogSlate: Updating window title bar state: overlay mode, drag disabled, window buttons hidden, title bar hidden
[2018.11.20-19.46.28:763][268]LogSlate: Window 'TGP_Project Game Preview Standalone (64-bit/PCD3D_SM5)' being destroyed
[2018.11.20-19.46.28:800][268]LogPlayLevel: Display: Shutting down PIE online subsystems
[2018.11.20-19.46.28:854][270]LogPlayLevel: Display: Destroying online subsystem :Context_6
[2018.11.20-19.46.33:472][823]LogTemp: Repeating last play command: New Editor Window (PIE)
[2018.11.20-19.46.33:484][823]LogPlayLevel: PlayLevel: No blueprints needed recompiling
[2018.11.20-19.46.33:484][823]PIE: New page: PIE session: BaseLevel (20 Nov 2018 19:46:33)
[2018.11.20-19.46.33:484][823]LogPlayLevel: Creating play world package: /Game/UEDPIE_0_BaseLevel
[2018.11.20-19.46.33:487][823]LogPlayLevel: PIE: StaticDuplicateObject took: (0.001953s)
[2018.11.20-19.46.33:487][823]LogAIModule: Creating AISystem for world BaseLevel
[2018.11.20-19.46.33:487][823]LogPlayLevel: PIE: World Init took: (0.000719s)
[2018.11.20-19.46.33:488][823]LogPlayLevel: PIE: Created PIE world by copying editor world from /Game/BaseLevel.BaseLevel to /Game/UEDPIE_0_BaseLevel.BaseLevel (0.003060s)
[2018.11.20-19.46.33:527][823]LogInit: XAudio2 using 'Headphones (4- SteelSeries Arctis 7 Game)' : 2 channels at 48 kHz using 16 bits per sample (channel mask 0x3)
[2018.11.20-19.46.33:552][823]LogInit: FAudioDevice initialized.
[2018.11.20-19.46.33:558][823]LogSlate: Updating window title bar state: overlay mode, drag disabled, window buttons hidden, title bar hidden
[2018.11.20-19.46.33:592][823]LogLoad: Game class is 'GameModeTemp_C'
[2018.11.20-19.46.33:593][823]LogWorld: Bringing World /Game/UEDPIE_0_BaseLevel.BaseLevel up for play (max tick rate 0) at 2018.11.20-19.46.33
[2018.11.20-19.46.33:593][823]LogWorld: Bringing up level for play took: 0.000830
[2018.11.20-19.46.33:606][823]LogGameMode: Display: Match State Changed from EnteringMap to WaitingToStart
[2018.11.20-19.46.33:606][823]LogGameState: Match State Changed from EnteringMap to WaitingToStart
[2018.11.20-19.46.33:606][823]LogGameMode: Display: Match State Changed from WaitingToStart to InProgress
[2018.11.20-19.46.33:607][823]LogGameState: Match State Changed from WaitingToStart to InProgress
[2018.11.20-19.46.33:611][823]PIE: Play in editor start time for /Game/UEDPIE_0_BaseLevel 0.273
[2018.11.20-19.46.34:370][908]LogSlate: Updating window title bar state: overlay mode, drag disabled, window buttons hidden, title bar hidden
[2018.11.20-19.46.34:383][908]LogSlate: Window 'TGP_Project Game Preview Standalone (64-bit/PCD3D_SM5)' being destroyed
[2018.11.20-19.46.34:416][908]LogPlayLevel: Display: Shutting down PIE online subsystems
[2018.11.20-19.46.34:477][911]LogPlayLevel: Display: Destroying online subsystem :Context_7
[2018.11.20-19.46.41:625][767]LogTemp: Repeating last play command: New Editor Window (PIE)
[2018.11.20-19.46.41:637][767]LogPlayLevel: PlayLevel: No blueprints needed recompiling
[2018.11.20-19.46.41:637][767]PIE: New page: PIE session: BaseLevel (20 Nov 2018 19:46:41)
[2018.11.20-19.46.41:637][767]LogPlayLevel: Creating play world package: /Game/UEDPIE_0_BaseLevel
[2018.11.20-19.46.41:639][767]LogPlayLevel: PIE: StaticDuplicateObject took: (0.001844s)
[2018.11.20-19.46.41:640][767]LogAIModule: Creating AISystem for world BaseLevel
[2018.11.20-19.46.41:640][767]LogPlayLevel: PIE: World Init took: (0.000773s)
[2018.11.20-19.46.41:640][767]LogPlayLevel: PIE: Created PIE world by copying editor world from /Game/BaseLevel.BaseLevel to /Game/UEDPIE_0_BaseLevel.BaseLevel (0.002926s)
[2018.11.20-19.46.41:680][767]LogInit: XAudio2 using 'Headphones (4- SteelSeries Arctis 7 Game)' : 2 channels at 48 kHz using 16 bits per sample (channel mask 0x3)
[2018.11.20-19.46.41:701][767]LogInit: FAudioDevice initialized.
[2018.11.20-19.46.41:707][767]LogSlate: Updating window title bar state: overlay mode, drag disabled, window buttons hidden, title bar hidden
[2018.11.20-19.46.41:744][767]LogLoad: Game class is 'GameModeTemp_C'
[2018.11.20-19.46.41:745][767]LogWorld: Bringing World /Game/UEDPIE_0_BaseLevel.BaseLevel up for play (max tick rate 0) at 2018.11.20-19.46.41
[2018.11.20-19.46.41:745][767]LogWorld: Bringing up level for play took: 0.000845
[2018.11.20-19.46.41:758][767]LogGameMode: Display: Match State Changed from EnteringMap to WaitingToStart
[2018.11.20-19.46.41:758][767]LogGameState: Match State Changed from EnteringMap to WaitingToStart
[2018.11.20-19.46.41:758][767]LogGameMode: Display: Match State Changed from WaitingToStart to InProgress
[2018.11.20-19.46.41:759][767]LogGameState: Match State Changed from WaitingToStart to InProgress
[2018.11.20-19.46.41:762][767]PIE: Play in editor start time for /Game/UEDPIE_0_BaseLevel 0.425
[2018.11.20-19.46.42:769][882]LogSlate: Updating window title bar state: overlay mode, drag disabled, window buttons hidden, title bar hidden
[2018.11.20-19.46.42:782][882]LogSlate: Window 'TGP_Project Game Preview Standalone (64-bit/PCD3D_SM5)' being destroyed
[2018.11.20-19.46.42:814][882]LogPlayLevel: Display: Shutting down PIE online subsystems
[2018.11.20-19.46.42:875][885]LogPlayLevel: Display: Destroying online subsystem :Context_8
[2018.11.20-19.46.53:275][131]LogTemp: Repeating last play command: New Editor Window (PIE)
[2018.11.20-19.46.53:287][131]LogPlayLevel: PlayLevel: No blueprints needed recompiling
[2018.11.20-19.46.53:287][131]PIE: New page: PIE session: BaseLevel (20 Nov 2018 19:46:53)
[2018.11.20-19.46.53:287][131]LogPlayLevel: Creating play world package: /Game/UEDPIE_0_BaseLevel
[2018.11.20-19.46.53:289][131]LogPlayLevel: PIE: StaticDuplicateObject took: (0.001753s)
[2018.11.20-19.46.53:290][131]LogAIModule: Creating AISystem for world BaseLevel
[2018.11.20-19.46.53:290][131]LogPlayLevel: PIE: World Init took: (0.000735s)
[2018.11.20-19.46.53:290][131]LogPlayLevel: PIE: Created PIE world by copying editor world from /Game/BaseLevel.BaseLevel to /Game/UEDPIE_0_BaseLevel.BaseLevel (0.002840s)
[2018.11.20-19.46.53:329][131]LogInit: XAudio2 using 'Headphones (4- SteelSeries Arctis 7 Game)' : 2 channels at 48 kHz using 16 bits per sample (channel mask 0x3)
[2018.11.20-19.46.53:349][131]LogInit: FAudioDevice initialized.
[2018.11.20-19.46.53:355][131]LogSlate: Updating window title bar state: overlay mode, drag disabled, window buttons hidden, title bar hidden
[2018.11.20-19.46.53:392][131]LogLoad: Game class is 'GameModeTemp_C'
[2018.11.20-19.46.53:394][131]LogWorld: Bringing World /Game/UEDPIE_0_BaseLevel.BaseLevel up for play (max tick rate 0) at 2018.11.20-19.46.53
[2018.11.20-19.46.53:394][131]LogWorld: Bringing up level for play took: 0.000927
[2018.11.20-19.46.53:407][131]LogGameMode: Display: Match State Changed from EnteringMap to WaitingToStart
[2018.11.20-19.46.53:407][131]LogGameState: Match State Changed from EnteringMap to WaitingToStart
[2018.11.20-19.46.53:407][131]LogGameMode: Display: Match State Changed from WaitingToStart to InProgress
[2018.11.20-19.46.53:408][131]LogGameState: Match State Changed from WaitingToStart to InProgress
[2018.11.20-19.46.53:411][131]PIE: Play in editor start time for /Game/UEDPIE_0_BaseLevel 0.074
[2018.11.20-19.46.54:608][268]LogSlate: Updating window title bar state: overlay mode, drag disabled, window buttons hidden, title bar hidden
[2018.11.20-19.46.54:620][268]LogSlate: Window 'TGP_Project Game Preview Standalone (64-bit/PCD3D_SM5)' being destroyed
[2018.11.20-19.46.54:657][268]LogPlayLevel: Display: Shutting down PIE online subsystems
[2018.11.20-19.46.54:709][270]LogPlayLevel: Display: Destroying online subsystem :Context_9
[2018.11.20-19.46.59:782][877]LogTemp: Repeating last play command: New Editor Window (PIE)
[2018.11.20-19.46.59:794][877]LogPlayLevel: PlayLevel: No blueprints needed recompiling
[2018.11.20-19.46.59:794][877]PIE: New page: PIE session: BaseLevel (20 Nov 2018 19:46:59)
[2018.11.20-19.46.59:795][877]LogPlayLevel: Creating play world package: /Game/UEDPIE_0_BaseLevel
[2018.11.20-19.46.59:796][877]LogPlayLevel: PIE: StaticDuplicateObject took: (0.001670s)
[2018.11.20-19.46.59:797][877]LogAIModule: Creating AISystem for world BaseLevel
[2018.11.20-19.46.59:797][877]LogPlayLevel: PIE: World Init took: (0.000694s)
[2018.11.20-19.46.59:797][877]LogPlayLevel: PIE: Created PIE world by copying editor world from /Game/BaseLevel.BaseLevel to /Game/UEDPIE_0_BaseLevel.BaseLevel (0.002671s)
[2018.11.20-19.46.59:835][877]LogInit: XAudio2 using 'Headphones (4- SteelSeries Arctis 7 Game)' : 2 channels at 48 kHz using 16 bits per sample (channel mask 0x3)
[2018.11.20-19.46.59:857][877]LogInit: FAudioDevice initialized.
[2018.11.20-19.46.59:862][877]LogSlate: Updating window title bar state: overlay mode, drag disabled, window buttons hidden, title bar hidden
[2018.11.20-19.46.59:899][877]LogLoad: Game class is 'GameModeTemp_C'
[2018.11.20-19.46.59:900][877]LogWorld: Bringing World /Game/UEDPIE_0_BaseLevel.BaseLevel up for play (max tick rate 0) at 2018.11.20-19.46.59
[2018.11.20-19.46.59:900][877]LogWorld: Bringing up level for play took: 0.000811
[2018.11.20-19.46.59:913][877]LogGameMode: Display: Match State Changed from EnteringMap to WaitingToStart
[2018.11.20-19.46.59:913][877]LogGameState: Match State Changed from EnteringMap to WaitingToStart
[2018.11.20-19.46.59:913][877]LogGameMode: Display: Match State Changed from WaitingToStart to InProgress
[2018.11.20-19.46.59:914][877]LogGameState: Match State Changed from WaitingToStart to InProgress
[2018.11.20-19.46.59:917][877]PIE: Play in editor start time for /Game/UEDPIE_0_BaseLevel 0.58
[2018.11.20-19.47.00:846][982]LogSlate: Updating window title bar state: overlay mode, drag disabled, window buttons hidden, title bar hidden
[2018.11.20-19.47.00:858][982]LogSlate: Window 'TGP_Project Game Preview Standalone (64-bit/PCD3D_SM5)' being destroyed
[2018.11.20-19.47.00:894][982]LogPlayLevel: Display: Shutting down PIE online subsystems
[2018.11.20-19.47.00:947][984]LogPlayLevel: Display: Destroying online subsystem :Context_10
[2018.11.20-19.47.07:744][799]BlueprintLog: New page: Compile PlayerCharacter
[2018.11.20-19.47.09:169][939]LogTemp: Repeating last play command: New Editor Window (PIE)
[2018.11.20-19.47.09:184][939]LogPlayLevel: PlayLevel: No blueprints needed recompiling
[2018.11.20-19.47.09:184][939]PIE: New page: PIE session: BaseLevel (20 Nov 2018 19:47:09)
[2018.11.20-19.47.09:185][939]LogPlayLevel: Creating play world package: /Game/UEDPIE_0_BaseLevel
[2018.11.20-19.47.09:186][939]LogPlayLevel: PIE: StaticDuplicateObject took: (0.001673s)
[2018.11.20-19.47.09:187][939]LogAIModule: Creating AISystem for world BaseLevel
[2018.11.20-19.47.09:187][939]LogPlayLevel: PIE: World Init took: (0.000723s)
[2018.11.20-19.47.09:187][939]LogPlayLevel: PIE: Created PIE world by copying editor world from /Game/BaseLevel.BaseLevel to /Game/UEDPIE_0_BaseLevel.BaseLevel (0.002954s)
[2018.11.20-19.47.09:225][939]LogInit: XAudio2 using 'Headphones (4- SteelSeries Arctis 7 Game)' : 2 channels at 48 kHz using 16 bits per sample (channel mask 0x3)
[2018.11.20-19.47.09:245][939]LogInit: FAudioDevice initialized.
[2018.11.20-19.47.09:250][939]LogSlate: Updating window title bar state: overlay mode, drag disabled, window buttons hidden, title bar hidden
[2018.11.20-19.47.09:286][939]LogLoad: Game class is 'GameModeTemp_C'
[2018.11.20-19.47.09:287][939]LogWorld: Bringing World /Game/UEDPIE_0_BaseLevel.BaseLevel up for play (max tick rate 0) at 2018.11.20-19.47.09
[2018.11.20-19.47.09:288][939]LogWorld: Bringing up level for play took: 0.000806
[2018.11.20-19.47.09:300][939]LogGameMode: Display: Match State Changed from EnteringMap to WaitingToStart
[2018.11.20-19.47.09:300][939]LogGameState: Match State Changed from EnteringMap to WaitingToStart
[2018.11.20-19.47.09:300][939]LogGameMode: Display: Match State Changed from WaitingToStart to InProgress
[2018.11.20-19.47.09:301][939]LogGameState: Match State Changed from WaitingToStart to InProgress
[2018.11.20-19.47.09:305][939]PIE: Play in editor start time for /Game/UEDPIE_0_BaseLevel -0.033
[2018.11.20-19.47.39:130][502]LogSlate: Updating window title bar state: overlay mode, drag disabled, window buttons hidden, title bar hidden
[2018.11.20-19.47.39:146][502]LogSlate: Window 'TGP_Project Game Preview Standalone (64-bit/PCD3D_SM5)' being destroyed
[2018.11.20-19.47.39:179][502]LogPlayLevel: Display: Shutting down PIE online subsystems
[2018.11.20-19.47.39:233][504]LogPlayLevel: Display: Destroying online subsystem :Context_11
[2018.11.20-19.47.44:446][129]BlueprintLog: New page: Compile PlayerCharacter
[2018.11.20-19.47.45:674][246]LogTemp: Repeating last play command: New Editor Window (PIE)
[2018.11.20-19.47.45:689][246]LogPlayLevel: PlayLevel: No blueprints needed recompiling
[2018.11.20-19.47.45:690][246]PIE: New page: PIE session: BaseLevel (20 Nov 2018 19:47:45)
[2018.11.20-19.47.45:690][246]LogPlayLevel: Creating play world package: /Game/UEDPIE_0_BaseLevel
[2018.11.20-19.47.45:692][246]LogPlayLevel: PIE: StaticDuplicateObject took: (0.001866s)
[2018.11.20-19.47.45:692][246]LogAIModule: Creating AISystem for world BaseLevel
[2018.11.20-19.47.45:693][246]LogPlayLevel: PIE: World Init took: (0.000735s)
[2018.11.20-19.47.45:693][246]LogPlayLevel: PIE: Created PIE world by copying editor world from /Game/BaseLevel.BaseLevel to /Game/UEDPIE_0_BaseLevel.BaseLevel (0.003022s)
[2018.11.20-19.47.45:732][246]LogInit: XAudio2 using 'Headphones (4- SteelSeries Arctis 7 Game)' : 2 channels at 48 kHz using 16 bits per sample (channel mask 0x3)
[2018.11.20-19.47.45:752][246]LogInit: FAudioDevice initialized.
[2018.11.20-19.47.45:758][246]LogSlate: Updating window title bar state: overlay mode, drag disabled, window buttons hidden, title bar hidden
[2018.11.20-19.47.45:799][246]LogLoad: Game class is 'GameModeTemp_C'
[2018.11.20-19.47.45:800][246]LogWorld: Bringing World /Game/UEDPIE_0_BaseLevel.BaseLevel up for play (max tick rate 0) at 2018.11.20-19.47.45
[2018.11.20-19.47.45:801][246]LogWorld: Bringing up level for play took: 0.000989
[2018.11.20-19.47.45:816][246]LogGameMode: Display: Match State Changed from EnteringMap to WaitingToStart
[2018.11.20-19.47.45:816][246]LogGameState: Match State Changed from EnteringMap to WaitingToStart
[2018.11.20-19.47.45:816][246]LogGameMode: Display: Match State Changed from WaitingToStart to InProgress
[2018.11.20-19.47.45:817][246]LogGameState: Match State Changed from WaitingToStart to InProgress
[2018.11.20-19.47.45:824][246]PIE: Play in editor start time for /Game/UEDPIE_0_BaseLevel 0.486
[2018.11.20-19.47.47:897][484]LogSlate: Updating window title bar state: overlay mode, drag disabled, window buttons hidden, title bar hidden
[2018.11.20-19.47.47:909][484]LogSlate: Window 'TGP_Project Game Preview Standalone (64-bit/PCD3D_SM5)' being destroyed
[2018.11.20-19.47.47:944][484]LogPlayLevel: Display: Shutting down PIE online subsystems
[2018.11.20-19.47.47:998][486]LogPlayLevel: Display: Destroying online subsystem :Context_12
[2018.11.20-19.48.35:317][112]LogTemp: Repeating last play command: New Editor Window (PIE)
[2018.11.20-19.48.35:329][112]LogPlayLevel: PlayLevel: No blueprints needed recompiling
[2018.11.20-19.48.35:330][112]PIE: New page: PIE session: BaseLevel (20 Nov 2018 19:48:35)
[2018.11.20-19.48.35:330][112]LogPlayLevel: Creating play world package: /Game/UEDPIE_0_BaseLevel
[2018.11.20-19.48.35:332][112]LogPlayLevel: PIE: StaticDuplicateObject took: (0.002011s)
[2018.11.20-19.48.35:333][112]LogAIModule: Creating AISystem for world BaseLevel
[2018.11.20-19.48.35:333][112]LogPlayLevel: PIE: World Init took: (0.000788s)
[2018.11.20-19.48.35:333][112]LogPlayLevel: PIE: Created PIE world by copying editor world from /Game/BaseLevel.BaseLevel to /Game/UEDPIE_0_BaseLevel.BaseLevel (0.003138s)
[2018.11.20-19.48.35:369][112]LogInit: XAudio2 using 'Headphones (4- SteelSeries Arctis 7 Game)' : 2 channels at 48 kHz using 16 bits per sample (channel mask 0x3)
[2018.11.20-19.48.35:390][112]LogInit: FAudioDevice initialized.
[2018.11.20-19.48.35:396][112]LogSlate: Updating window title bar state: overlay mode, drag disabled, window buttons hidden, title bar hidden
[2018.11.20-19.48.35:430][112]LogLoad: Game class is 'GameModeTemp_C'
[2018.11.20-19.48.35:431][112]LogWorld: Bringing World /Game/UEDPIE_0_BaseLevel.BaseLevel up for play (max tick rate 0) at 2018.11.20-19.48.35
[2018.11.20-19.48.35:431][112]LogWorld: Bringing up level for play took: 0.000994
[2018.11.20-19.48.35:446][112]LogGameMode: Display: Match State Changed from EnteringMap to WaitingToStart
[2018.11.20-19.48.35:446][112]LogGameState: Match State Changed from EnteringMap to WaitingToStart
[2018.11.20-19.48.35:446][112]LogGameMode: Display: Match State Changed from WaitingToStart to InProgress
[2018.11.20-19.48.35:447][112]LogGameState: Match State Changed from WaitingToStart to InProgress
[2018.11.20-19.48.35:450][112]PIE: Play in editor start time for /Game/UEDPIE_0_BaseLevel 0.113
[2018.11.20-19.48.37:201][313]LogSlate: Updating window title bar state: overlay mode, drag disabled, window buttons hidden, title bar hidden
[2018.11.20-19.48.37:214][313]LogSlate: Window 'TGP_Project Game Preview Standalone (64-bit/PCD3D_SM5)' being destroyed
[2018.11.20-19.48.37:248][313]LogPlayLevel: Display: Shutting down PIE online subsystems
[2018.11.20-19.48.37:305][315]LogPlayLevel: Display: Destroying online subsystem :Context_13
[2018.11.20-19.48.42:549][943]LogTemp: Repeating last play command: New Editor Window (PIE)
[2018.11.20-19.48.42:561][943]LogPlayLevel: PlayLevel: No blueprints needed recompiling
[2018.11.20-19.48.42:561][943]PIE: New page: PIE session: BaseLevel (20 Nov 2018 19:48:42)
[2018.11.20-19.48.42:561][943]LogPlayLevel: Creating play world package: /Game/UEDPIE_0_BaseLevel
[2018.11.20-19.48.42:563][943]LogPlayLevel: PIE: StaticDuplicateObject took: (0.001796s)
[2018.11.20-19.48.42:564][943]LogAIModule: Creating AISystem for world BaseLevel
[2018.11.20-19.48.42:564][943]LogPlayLevel: PIE: World Init took: (0.000711s)
[2018.11.20-19.48.42:564][943]LogPlayLevel: PIE: Created PIE world by copying editor world from /Game/BaseLevel.BaseLevel to /Game/UEDPIE_0_BaseLevel.BaseLevel (0.002986s)
[2018.11.20-19.48.42:603][943]LogInit: XAudio2 using 'Headphones (4- SteelSeries Arctis 7 Game)' : 2 channels at 48 kHz using 16 bits per sample (channel mask 0x3)
[2018.11.20-19.48.42:622][943]LogInit: FAudioDevice initialized.
[2018.11.20-19.48.42:627][943]LogSlate: Updating window title bar state: overlay mode, drag disabled, window buttons hidden, title bar hidden
[2018.11.20-19.48.42:663][943]LogLoad: Game class is 'GameModeTemp_C'
[2018.11.20-19.48.42:664][943]LogWorld: Bringing World /Game/UEDPIE_0_BaseLevel.BaseLevel up for play (max tick rate 0) at 2018.11.20-19.48.42
[2018.11.20-19.48.42:665][943]LogWorld: Bringing up level for play took: 0.000815
[2018.11.20-19.48.42:678][943]LogGameMode: Display: Match State Changed from EnteringMap to WaitingToStart
[2018.11.20-19.48.42:678][943]LogGameState: Match State Changed from EnteringMap to WaitingToStart
[2018.11.20-19.48.42:678][943]LogGameMode: Display: Match State Changed from WaitingToStart to InProgress
[2018.11.20-19.48.42:678][943]LogGameState: Match State Changed from WaitingToStart to InProgress
[2018.11.20-19.48.42:682][943]PIE: Play in editor start time for /Game/UEDPIE_0_BaseLevel -0.656
[2018.11.20-19.48.43:979][ 90]LogSlate: Updating window title bar state: overlay mode, drag disabled, window buttons hidden, title bar hidden
[2018.11.20-19.48.43:993][ 90]LogSlate: Window 'TGP_Project Game Preview Standalone (64-bit/PCD3D_SM5)' being destroyed
[2018.11.20-19.48.44:025][ 90]LogPlayLevel: Display: Shutting down PIE online subsystems
[2018.11.20-19.48.44:080][ 92]LogPlayLevel: Display: Destroying online subsystem :Context_14
