Log file open, 12/21/18 00:53:01
LogWindows: Failed to load 'aqProf.dll' (GetLastError=126)
LogWindows: File 'aqProf.dll' does not exist
LogWindows: Failed to load 'VSPerf140.dll' (GetLastError=126)
LogWindows: File 'VSPerf140.dll' does not exist
LogWindows: Failed to load 'VtuneApi.dll' (GetLastError=126)
LogWindows: File 'VtuneApi.dll' does not exist
LogWindows: Failed to load 'VtuneApi32e.dll' (GetLastError=126)
LogWindows: File 'VtuneApi32e.dll' does not exist
LogInit: Display: Running engine for game: TGP_Project
LogPlatformFile: Not using cached read wrapper
LogTaskGraph: Started task graph with 5 named threads and 14 total threads with 3 sets of task threads.
LogStats: Stats thread started at 0.297140
LogD3D11RHI: Loaded GFSDK_Aftermath_Lib.x64.dll
LogICUInternationalization: Display: ICU TimeZone Detection - Raw Offset: +0:00, Platform Override: ''
LogPluginManager: Mounting plugin Paper2D
LogPluginManager: Mounting plugin AISupport
LogPluginManager: Mounting plugin LightPropagationVolume
LogPluginManager: Mounting plugin CLionSourceCodeAccess
LogPluginManager: Mounting plugin CodeLiteSourceCodeAccess
LogPluginManager: Mounting plugin GitSourceControl
LogPluginManager: Mounting plugin KDevelopSourceCodeAccess
LogPluginManager: Mounting plugin NullSourceCodeAccess
LogPluginManager: Mounting plugin PerforceSourceControl
LogPluginManager: Mounting plugin SubversionSourceControl
LogPluginManager: Mounting plugin UObjectPlugin
LogPluginManager: Mounting plugin VisualStudioCodeSourceCodeAccess
LogPluginManager: Mounting plugin VisualStudioSourceCodeAccess
LogPluginManager: Mounting plugin XCodeSourceCodeAccess
LogPluginManager: Mounting plugin AssetManagerEditor
LogPluginManager: Mounting plugin CryptoKeys
LogPluginManager: Mounting plugin DataValidation
LogPluginManager: Mounting plugin FacialAnimation
LogPluginManager: Mounting plugin GameplayTagsEditor
LogPluginManager: Mounting plugin MacGraphicsSwitching
LogPluginManager: Mounting plugin MeshEditor
LogPluginManager: Mounting plugin MobileLauncherProfileWizard
LogPluginManager: Mounting plugin PluginBrowser
LogPluginManager: Mounting plugin SpeedTreeImporter
LogPluginManager: Mounting plugin DatasmithContent
LogPluginManager: Mounting plugin AlembicImporter
LogPluginManager: Mounting plugin AppleImageUtils
LogPluginManager: Mounting plugin AppleVision
LogPluginManager: Mounting plugin BackChannel
LogPluginManager: Mounting plugin CharacterAI
LogPluginManager: Mounting plugin GeometryCache
LogPluginManager: Mounting plugin HTML5Networking
LogPluginManager: Mounting plugin ProxyLODPlugin
LogPluginManager: Mounting plugin MagicLeap
LogPluginManager: Mounting plugin MagicLeapEmulator
LogPluginManager: Mounting plugin MagicLeapMedia
LogPluginManager: Mounting plugin AndroidMedia
LogPluginManager: Mounting plugin AvfMedia
LogPluginManager: Mounting plugin ImgMedia
LogPluginManager: Mounting plugin LinearTimecode
LogPluginManager: Mounting plugin MediaCompositing
LogPluginManager: Mounting plugin MediaPlayerEditor
LogPluginManager: Mounting plugin WmfMedia
LogPluginManager: Mounting plugin TcpMessaging
LogPluginManager: Mounting plugin UdpMessaging
LogPluginManager: Mounting plugin ActorSequence
LogPluginManager: Mounting plugin LevelSequenceEditor
LogPluginManager: Mounting plugin MatineeToLevelSequence
LogPluginManager: Mounting plugin NetcodeUnitTest
LogPluginManager: Mounting plugin NUTUnrealEngine4
LogPluginManager: Mounting plugin OnlineSubsystemGooglePlay
LogPluginManager: Mounting plugin OnlineSubsystemIOS
LogPluginManager: Mounting plugin OnlineSubsystem
LogPluginManager: Mounting plugin OnlineSubsystemNull
LogPluginManager: Mounting plugin OnlineSubsystemUtils
LogPluginManager: Mounting plugin LauncherChunkInstaller
LogPluginManager: Mounting plugin AndroidDeviceProfileSelector
LogPluginManager: Mounting plugin AndroidMoviePlayer
LogPluginManager: Mounting plugin AndroidPermission
LogPluginManager: Mounting plugin AppleMoviePlayer
LogPluginManager: Mounting plugin ArchVisCharacter
LogPluginManager: Mounting plugin AudioCapture
LogPluginManager: Mounting plugin CableComponent
LogPluginManager: Mounting plugin CustomMeshComponent
LogPluginManager: Mounting plugin EditableMesh
LogPluginManager: Mounting plugin ExampleDeviceProfileSelector
LogPluginManager: Mounting plugin GoogleCloudMessaging
LogPluginManager: Mounting plugin ImmediatePhysics
LogPluginManager: Mounting plugin IOSDeviceProfileSelector
LogPluginManager: Mounting plugin LinuxDeviceProfileSelector
LogPluginManager: Mounting plugin LocationServicesBPLibrary
LogPluginManager: Mounting plugin MobilePatchingUtils
LogPluginManager: Mounting plugin OculusVR
LogPluginManager: Plugin shader directory ../../../Engine/Plugins/Runtime/Oculus/OculusVR/Shaders found
LogPluginManager: Mapping shader source directory ../../../Engine/Plugins/Runtime/Oculus/OculusVR/Shaders to virtual directory /Plugin/OculusVR
LogPluginManager: Mounting plugin PhysXVehicles
LogPluginManager: Mounting plugin ProceduralMeshComponent
LogPluginManager: Mounting plugin RuntimePhysXCooking
LogPluginManager: Mounting plugin SteamVR
LogPluginManager: Mounting plugin WindowsMoviePlayer
LogStreaming: Display: Took  0.135s to configure plugins.
LogInit: Using libcurl 7.55.1-DEV
LogInit:  - built for x86_64-pc-win32
LogInit:  - supports SSL with OpenSSL/1.0.2h
LogInit:  - supports HTTP deflate (compression) using libz 1.2.8
LogInit:  - other features:
LogInit:      CURL_VERSION_SSL
LogInit:      CURL_VERSION_LIBZ
LogInit:      CURL_VERSION_IPV6
LogInit:      CURL_VERSION_ASYNCHDNS
LogInit:      CURL_VERSION_LARGEFILE
LogInit:      CURL_VERSION_IDN
LogInit:  CurlRequestOptions (configurable via config and command line):
LogInit:  - bVerifyPeer = false  - Libcurl will NOT verify peer certificate
LogInit:  - bUseHttpProxy = false  - Libcurl will NOT use HTTP proxy
LogInit:  - bDontReuseConnections = false  - Libcurl will reuse connections
LogInit:  - CertBundlePath = nullptr  - Libcurl will use whatever was configured at build time.
LogInit:  - MaxHostConnections = 16  - Libcurl will limit the number of connections to a host
LogInit:  - LocalHostAddr = Default
LogInit:  - BufferSize = 65536
LogInit: WinSock: version 1.1 (2.2), MaxSocks=32767, MaxUdp=65467
LogInit: Build: ++UE4+Release-4.20-CL-4369336
LogInit: Engine Version: 4.20.3-4369336+++UE4+Release-4.20
LogInit: Compatible Engine Version: 4.20.0-4212847+++UE4+Release-4.20
LogInit: Net CL: 4212847
LogInit: OS: Windows 10 (), CPU: Intel(R) Core(TM) i5-4590 CPU @ 3.30GHz, GPU: NVIDIA GeForce GTX 1060 6GB
LogInit: Compiled (64-bit): Sep 17 2018 12:26:19
LogInit: Compiled with Visual C++: 19.13.26129.00
LogInit: Build Configuration: Development
LogInit: Branch Name: ++UE4+Release-4.20
LogInit: Command Line:  -skipcompile
LogInit: Base Directory: C:/Program Files/Epic Games/UE_4.20/Engine/Binaries/Win64/
LogInit: Installed Engine Build: 1
LogDevObjectVersion: Number of dev versions registered: 20
LogDevObjectVersion:   Dev-Blueprints (B0D832E4-1F89-4F0D-ACCF-7EB736FD4AA2): 10
LogDevObjectVersion:   Dev-Build (E1C64328-A22C-4D53-A36C-8E866417BD8C): 0
LogDevObjectVersion:   Dev-Core (375EC13C-06E4-48FB-B500-84F0262A717E): 2
LogDevObjectVersion:   Dev-Editor (E4B068ED-F494-42E9-A231-DA0B2E46BB41): 24
LogDevObjectVersion:   Dev-Framework (CFFC743F-43B0-4480-9391-14DF171D2073): 34
LogDevObjectVersion:   Dev-Mobile (B02B49B5-BB20-44E9-A304-32B752E40360): 2
LogDevObjectVersion:   Dev-Networking (A4E4105C-59A1-49B5-A7C5-40C4547EDFEE): 0
LogDevObjectVersion:   Dev-Online (39C831C9-5AE6-47DC-9A44-9C173E1C8E7C): 0
LogDevObjectVersion:   Dev-Physics (78F01B33-EBEA-4F98-B9B4-84EACCB95AA2): 0
LogDevObjectVersion:   Dev-Platform (6631380F-2D4D-43E0-8009-CF276956A95A): 0
LogDevObjectVersion:   Dev-Rendering (12F88B9F-8875-4AFC-A67C-D90C383ABD29): 26
LogDevObjectVersion:   Dev-Sequencer (7B5AE74C-D270-4C10-A958-57980B212A5A): 9
LogDevObjectVersion:   Dev-VR (D7296918-1DD6-4BDD-9DE2-64A83CC13884): 2
LogDevObjectVersion:   Dev-LoadTimes (C2A15278-BFE7-4AFE-6C17-90FF531DF755): 1
LogDevObjectVersion:   Private-Geometry (6EACA3D4-40EC-4CC1-B786-8BED09428FC5): 3
LogDevObjectVersion:   Dev-AnimPhys (29E575DD-E0A3-4627-9D10-D276232CDCEA): 17
LogDevObjectVersion:   Dev-ReflectionCapture (6B266CEC-1EC7-4B8F-A30B-E4D90942FC07): 1
LogDevObjectVersion:   Dev-Automation (0DF73D61-A23F-47EA-B727-89E90C41499A): 1
LogDevObjectVersion:   FortniteMain (601D1886-AC64-4F84-AA16-D3DE0DEAC7D6): 12
LogDevObjectVersion:   Dev-Enterprise (9DFFBCD6-494F-0158-E221-12823C92A888): 1
LogStreaming: Display: Took  0.002s to delete old logs.
LogInit: Presizing for max 8388607 objects, including 0 objects not considered by GC, pre-allocating 0 bytes for permanent pool.
LogInit: Object subsystem initialized
[2018.12.21-00.53.02:378][  0]LogInit: Selected Device Profile: [Windows]
[2018.12.21-00.53.02:379][  0]LogInit: Applying CVar settings loaded from the selected device profile: [Windows]
[2018.12.21-00.53.02:389][  0]LogHAL: Display: Platform has ~ 16 GB [17009229824 / 17179869184 / 16], which maps to Larger [LargestMinGB=32, LargerMinGB=12, DefaultMinGB=8, SmallerMinGB=6, SmallestMinGB=0)
[2018.12.21-00.53.02:390][  0]LogInit: Setting Device Profile CVar: [[r.Vulkan.UseRealUBs:1]]
[2018.12.21-00.53.02:390][  0]LogInit: Going up to parent DeviceProfile []
[2018.12.21-00.53.02:390][  0]LogInit: Computer: GROUNDZERO
[2018.12.21-00.53.02:390][  0]LogInit: User: TDSSK
[2018.12.21-00.53.02:390][  0]LogInit: CPU Page size=4096, Cores=4
[2018.12.21-00.53.02:390][  0]LogInit: High frequency timer resolution =3.222648 MHz
[2018.12.21-00.53.02:391][  0]LogMemory: Memory total: Physical=15.8GB (16GB approx)
[2018.12.21-00.53.02:391][  0]LogMemory: Platform Memory Stats for Windows
[2018.12.21-00.53.02:391][  0]LogMemory: Process Physical Memory: 102.86 MB used, 102.86 MB peak
[2018.12.21-00.53.02:391][  0]LogMemory: Process Virtual Memory: 94.93 MB used, 94.93 MB peak
[2018.12.21-00.53.02:391][  0]LogMemory: Physical Memory: 8883.91 MB used,  7337.35 MB free, 16221.27 MB total
[2018.12.21-00.53.02:391][  0]LogMemory: Virtual Memory: 534.91 MB used,  7337.35 MB free, 134217728.00 MB total
[2018.12.21-00.53.02:512][  0]LogInit: Using OS detected language (en-GB).
[2018.12.21-00.53.02:513][  0]LogInit: Using OS detected locale (en-GB).
[2018.12.21-00.53.02:514][  0]LogTextLocalizationManager: No specific localization for 'en-GB' exists, so the 'en' localization will be used.
[2018.12.21-00.53.02:894][  0]LogStreaming: Display: Took  0.382s to InitEngineTextLocalization.
[2018.12.21-00.53.02:894][  0]LogInit: Setting process to per monitor DPI aware
[2018.12.21-00.53.02:942][  0]LogSlate: New Slate User Created.  User Index 0, Is Virtual User: 0
[2018.12.21-00.53.02:942][  0]LogSlate: Slate User Registered.  User Index 0, Is Virtual User: 0
[2018.12.21-00.53.03:193][  0]LogHMD: Failed to initialize OpenVR with code 110
[2018.12.21-00.53.03:193][  0]LogD3D11RHI: D3D11 adapters:
[2018.12.21-00.53.03:295][  0]LogD3D11RHI:    0. 'NVIDIA GeForce GTX 1060 6GB' (Feature Level 11_0)
[2018.12.21-00.53.03:296][  0]LogD3D11RHI:       6052/0/8110 MB DedicatedVideo/DedicatedSystem/SharedSystem, Outputs:1, VendorId:0x10de
[2018.12.21-00.53.03:312][  0]LogD3D11RHI:    1. 'Intel(R) HD Graphics 4600' (Feature Level 11_0)
[2018.12.21-00.53.03:312][  0]LogD3D11RHI:       112/0/2048 MB DedicatedVideo/DedicatedSystem/SharedSystem, Outputs:0, VendorId:0x8086
[2018.12.21-00.53.03:318][  0]LogD3D11RHI:    2. 'Microsoft Basic Render Driver' (Feature Level 11_0)
[2018.12.21-00.53.03:318][  0]LogD3D11RHI:       0/0/8110 MB DedicatedVideo/DedicatedSystem/SharedSystem, Outputs:0, VendorId:0x1414
[2018.12.21-00.53.03:318][  0]LogD3D11RHI: Chosen D3D11 Adapter: 0
[2018.12.21-00.53.03:328][  0]LogD3D11RHI: Creating new Direct3DDevice
[2018.12.21-00.53.03:328][  0]LogD3D11RHI:     GPU DeviceId: 0x1c03 (for the marketing name, search the web for "GPU Device Id")
[2018.12.21-00.53.03:329][  0]LogWindows: EnumDisplayDevices:
[2018.12.21-00.53.03:329][  0]LogWindows:    0. 'NVIDIA GeForce GTX 1060 6GB' (P:1 D:1)
[2018.12.21-00.53.03:329][  0]LogWindows:    1. 'NVIDIA GeForce GTX 1060 6GB' (P:0 D:0)
[2018.12.21-00.53.03:330][  0]LogWindows:    2. 'NVIDIA GeForce GTX 1060 6GB' (P:0 D:0)
[2018.12.21-00.53.03:330][  0]LogWindows:    3. 'NVIDIA GeForce GTX 1060 6GB' (P:0 D:0)
[2018.12.21-00.53.03:330][  0]LogWindows:    4. 'Intel(R) HD Graphics 4600' (P:0 D:0)
[2018.12.21-00.53.03:331][  0]LogWindows:    5. 'Intel(R) HD Graphics 4600' (P:0 D:0)
[2018.12.21-00.53.03:332][  0]LogWindows:    6. 'Intel(R) HD Graphics 4600' (P:0 D:0)
[2018.12.21-00.53.03:332][  0]LogWindows: DebugString: PrimaryIsNotTheChoosenAdapter PrimaryIsNotTheChoosenAdapter PrimaryIsNotTheChoosenAdapter FoundDriverCount:4 
[2018.12.21-00.53.03:332][  0]LogD3D11RHI:     Adapter Name: NVIDIA GeForce GTX 1060 6GB
[2018.12.21-00.53.03:332][  0]LogD3D11RHI:   Driver Version: 397.64 (internal:24.21.13.9764, unified:397.64)
[2018.12.21-00.53.03:332][  0]LogD3D11RHI:      Driver Date: 5-7-2018
[2018.12.21-00.53.03:332][  0]LogRHI: Texture pool is 4236 MB (70% of 6052 MB)
[2018.12.21-00.53.03:392][  0]LogD3D11RHI: Async texture creation enabled
[2018.12.21-00.53.03:471][  0]LogD3D11RHI: GPU Timing Frequency: 1000.000000 (Debug: 2 2)
[2018.12.21-00.53.03:474][  0]LogShaderCompilers: Guid format shader working directory is -1 characters bigger than the processId version (D:/Documents/GitHub/TGP_PairProject/TGP_Project/Intermediate/Shaders/WorkingDirectory/6236/).
[2018.12.21-00.53.03:474][  0]LogShaderCompilers: Cleaned the shader compiler working directory 'C:/Users/TDSSK/AppData/Local/Temp/UnrealShaderWorkingDir/202933614EF7CB9D67925494C0237D73/'.
[2018.12.21-00.53.03:787][  0]LogTemp: Display: Loaded TP AllDesktopTargetPlatform
[2018.12.21-00.53.03:806][  0]LogTemp: Display: Loaded TP MacClientTargetPlatform
[2018.12.21-00.53.03:824][  0]LogTemp: Display: Loaded TP MacNoEditorTargetPlatform
[2018.12.21-00.53.03:841][  0]LogTemp: Display: Loaded TP MacServerTargetPlatform
[2018.12.21-00.53.03:858][  0]LogTemp: Display: Loaded TP MacTargetPlatform
[2018.12.21-00.53.03:875][  0]LogTemp: Display: Loaded TP WindowsClientTargetPlatform
[2018.12.21-00.53.03:892][  0]LogTemp: Display: Loaded TP WindowsNoEditorTargetPlatform
[2018.12.21-00.53.03:909][  0]LogTemp: Display: Loaded TP WindowsServerTargetPlatform
[2018.12.21-00.53.03:922][  0]LogTemp: Display: Loaded TP WindowsTargetPlatform
[2018.12.21-00.53.04:004][  0]LogTemp: Display: Loaded TP AndroidTargetPlatform
[2018.12.21-00.53.04:004][  0]LogTemp: Display: Loaded TP AndroidTargetPlatform
[2018.12.21-00.53.04:004][  0]LogTemp: Display: Loaded TP AndroidTargetPlatform
[2018.12.21-00.53.04:004][  0]LogTemp: Display: Loaded TP AndroidTargetPlatform
[2018.12.21-00.53.04:004][  0]LogTemp: Display: Loaded TP AndroidTargetPlatform
[2018.12.21-00.53.04:004][  0]LogTemp: Display: Loaded TP AndroidTargetPlatform
[2018.12.21-00.53.04:004][  0]LogTemp: Display: Loaded TP AndroidTargetPlatform
[2018.12.21-00.53.04:004][  0]LogTemp: Display: Loaded TP AndroidTargetPlatform
[2018.12.21-00.53.04:004][  0]LogTemp: Display: Loaded TP AndroidTargetPlatform
[2018.12.21-00.53.04:004][  0]LogTemp: Display: Loaded TP AndroidTargetPlatform
[2018.12.21-00.53.04:004][  0]LogTemp: Display: Loaded TP AndroidTargetPlatform
[2018.12.21-00.53.04:004][  0]LogTemp: Display: Loaded TP AndroidTargetPlatform
[2018.12.21-00.53.04:004][  0]LogTemp: Display: Loaded TP AndroidTargetPlatform
[2018.12.21-00.53.04:005][  0]LogTemp: Display: Loaded TP AndroidTargetPlatform
[2018.12.21-00.53.04:005][  0]LogTemp: Display: Loaded TP AndroidTargetPlatform
[2018.12.21-00.53.04:005][  0]LogTemp: Display: Loaded TP AndroidTargetPlatform
[2018.12.21-00.53.04:005][  0]LogTemp: Display: Loaded TP AndroidTargetPlatform
[2018.12.21-00.53.04:005][  0]LogTemp: Display: Loaded TP AndroidTargetPlatform
[2018.12.21-00.53.04:008][  0]LogTemp: Display: Loaded TP HTML5TargetPlatform
[2018.12.21-00.53.04:115][  0]LogTemp: Display: Loaded TP IOSTargetPlatform
[2018.12.21-00.53.04:115][  0]LogTemp: Display: Loaded TP IOSTargetPlatform
[2018.12.21-00.53.04:143][  0]LogTemp: Display: Loaded TP TVOSTargetPlatform
[2018.12.21-00.53.04:144][  0]LogTemp: Display: Loaded TP TVOSTargetPlatform
[2018.12.21-00.53.04:160][  0]LogTemp: Display: Loaded TP LinuxClientTargetPlatform
[2018.12.21-00.53.04:176][  0]LogTemp: Display: Loaded TP LinuxNoEditorTargetPlatform
[2018.12.21-00.53.04:191][  0]LogTemp: Display: Loaded TP LinuxServerTargetPlatform
[2018.12.21-00.53.04:207][  0]LogTemp: Display: Loaded TP LinuxTargetPlatform
[2018.12.21-00.53.04:219][  0]LogTemp: Display: Loaded TP LuminTargetPlatform
[2018.12.21-00.53.04:219][  0]LogTargetPlatformManager: Display: Building Assets For Windows
[2018.12.21-00.53.04:358][  0]LogXGEController: Cleaning working directory: C:/Users/TDSSK/AppData/Local/Temp/UnrealXGEWorkingDir/
[2018.12.21-00.53.04:358][  0]LogXGEController: Cannot use XGE Controller as Incredibuild is not installed on this machine.
[2018.12.21-00.53.04:358][  0]LogShaderCompilers: Cannot use XGE Shader Compiler as Incredibuild is not installed on this machine.
[2018.12.21-00.53.04:358][  0]LogShaderCompilers: Display: Using Local Shader Compiler.
[2018.12.21-00.53.05:278][  0]LogDerivedDataCache: Display: Max Cache Size: 512 MB
[2018.12.21-00.53.05:375][  0]LogDerivedDataCache: Loaded boot cache 0.10s 71MB C:/Users/TDSSK/AppData/Local/UnrealEngine/4.20/DerivedDataCache/Boot.ddc.
[2018.12.21-00.53.05:376][  0]LogDerivedDataCache: Display: Loaded Boot cache: C:/Users/TDSSK/AppData/Local/UnrealEngine/4.20/DerivedDataCache/Boot.ddc
[2018.12.21-00.53.05:377][  0]LogDerivedDataCache: FDerivedDataBackendGraph:  Pak pak cache file D:/Documents/GitHub/TGP_PairProject/TGP_Project/DerivedDataCache/DDC.ddp not found, will not use a pak cache.
[2018.12.21-00.53.05:377][  0]LogDerivedDataCache: Unable to find inner node Pak for hierarchical cache Hierarchy.
[2018.12.21-00.53.05:377][  0]LogDerivedDataCache: FDerivedDataBackendGraph:  CompressedPak pak cache file D:/Documents/GitHub/TGP_PairProject/TGP_Project/DerivedDataCache/Compressed.ddp not found, will not use a pak cache.
[2018.12.21-00.53.05:377][  0]LogDerivedDataCache: Unable to find inner node CompressedPak for hierarchical cache Hierarchy.
[2018.12.21-00.53.05:392][  0]LogDerivedDataCache: Display: Pak cache opened for reading ../../../Engine/DerivedDataCache/Compressed.ddp.
[2018.12.21-00.53.05:405][  0]LogDerivedDataCache: Using Local data cache path C:/Users/TDSSK/AppData/Local/UnrealEngine/Common/DerivedDataCache: Writable
[2018.12.21-00.53.05:405][  0]LogDerivedDataCache: Shared data cache path not found in *engine.ini, will not use an Shared cache.
[2018.12.21-00.53.05:405][  0]LogDerivedDataCache: Unable to find inner node Shared for hierarchical cache Hierarchy.
[2018.12.21-00.53.05:425][  0]LogMaterial: Verifying Global Shaders for PCD3D_SM5
[2018.12.21-00.53.05:426][  0]LogSlate: Using FreeType 2.6.0
[2018.12.21-00.53.05:427][  0]LogSlate: SlateFontServices - WITH_FREETYPE: 1, WITH_HARFBUZZ: 1
[2018.12.21-00.53.05:536][  0]LogAssetRegistry: FAssetRegistry took 0.0287 seconds to start up
[2018.12.21-00.53.05:866][  0]LogInit: Selected Device Profile: [Windows]
[2018.12.21-00.53.06:036][  0]LogSimplygon: Simplygon DLL not present - disabling.
[2018.12.21-00.53.06:045][  0]LogMeshReduction: Using SimplygonSwarm for distributed automatic mesh merging
[2018.12.21-00.53.06:045][  0]LogMeshReduction: Using ProxyLODMeshReduction for automatic mesh merging
[2018.12.21-00.53.06:045][  0]LogMeshReduction: Using QuadricMeshReduction for automatic static mesh reduction
[2018.12.21-00.53.06:045][  0]LogMeshReduction: No automatic skeletal mesh reduction module available
[2018.12.21-00.53.06:063][  0]LogNetVersion: TGP_Project 1.0.0, NetCL: 4212847, EngineNetVer: 5, GameNetVer: 0 (Checksum: 95638710)
[2018.12.21-00.53.06:652][  0]LogPackageLocalizationCache: Processed 11 localized package path(s) for 2 prioritized culture(s) in 0.085981 seconds
[2018.12.21-00.53.06:658][  0]LogUObjectArray: 38425 objects as part of root set at end of initial load.
[2018.12.21-00.53.06:658][  0]LogUObjectAllocator: 6690864 out of 0 bytes used by permanent object pool.
[2018.12.21-00.53.06:658][  0]LogUObjectArray: CloseDisregardForGC: 0/0 objects in disregard for GC pool
[2018.12.21-00.53.08:412][  0]LogTcpMessaging: Initializing TcpMessaging bridge
[2018.12.21-00.53.08:429][  0]LogUdpMessaging: Initializing bridge on interface 0.0.0.0:0 to multicast group 230.0.0.1:6666.
[2018.12.21-00.53.08:664][  0]SourceControl: Source control is disabled
[2018.12.21-00.53.08:664][  0]SourceControl: Source control is disabled
[2018.12.21-00.53.08:668][  0]SourceControl: Source control is disabled
[2018.12.21-00.53.08:671][  0]SourceControl: Source control is disabled
[2018.12.21-00.53.08:914][  0]LogAndroidPermission: UAndroidPermissionCallbackProxy::GetInstance
[2018.12.21-00.53.09:149][  0]LogOcInput: OculusInput pre-init called
[2018.12.21-00.53.09:229][  0]LogEngine: Initializing Engine...
[2018.12.21-00.53.09:230][  0]LogHMD: Failed to initialize OpenVR with code 110
[2018.12.21-00.53.09:232][  0]LogStats: UGameplayTagsManager::ConstructGameplayTagTree: ImportINI prefixes -  0.000 s
[2018.12.21-00.53.09:232][  0]LogStats: UGameplayTagsManager::ConstructGameplayTagTree: Construct from data asset -  0.000 s
[2018.12.21-00.53.09:232][  0]LogStats: UGameplayTagsManager::ConstructGameplayTagTree: ImportINI -  0.000 s
[2018.12.21-00.53.09:232][  0]LogStats: UGameplayTagsManager::ConstructGameplayTagTree: GameplayTagTreeChangedEvent.Broadcast -  0.000 s
[2018.12.21-00.53.09:479][  0]LogInit: Initializing FReadOnlyCVARCache
[2018.12.21-00.53.09:500][  0]LogAIModule: Creating AISystem for world Untitled
[2018.12.21-00.53.09:601][  0]LogInit: XAudio2 using 'Headphones (3- SteelSeries Arctis 7 Game)' : 2 channels at 48 kHz using 16 bits per sample (channel mask 0x3)
[2018.12.21-00.53.09:682][  0]LogInit: FAudioDevice initialized.
[2018.12.21-00.53.09:682][  0]LogNetVersion: Set ProjectVersion to 1.0.0.0. Version Checksum will be recalculated on next use.
[2018.12.21-00.53.09:866][  0]LogDerivedDataCache: Saved boot cache 0.18s 71MB C:/Users/TDSSK/AppData/Local/UnrealEngine/4.20/DerivedDataCache/Boot.ddc.
[2018.12.21-00.53.09:874][  0]LogInit: Texture streaming: Enabled
[2018.12.21-00.53.09:911][  0]LogEngineSessionManager: EngineSessionManager initialized
[2018.12.21-00.53.09:911][  0]LogEngineSessionManager: EngineSessionManager sent abnormal shutdown report. Type=Debugger, SessionId={FE8EDA96-4C13-5798-132D-76A6B8CD55BC}
[2018.12.21-00.53.09:928][  0]LogInit: Transaction tracking system initialized
[2018.12.21-00.53.09:975][  0]BlueprintLog: New page: Editor Load
[2018.12.21-00.53.10:136][  0]LocalizationService: Localization service is disabled
[2018.12.21-00.53.10:490][  0]LogCook: Display: Max memory allowance for cook 16384mb min free memory 0mb
[2018.12.21-00.53.10:490][  0]LogCook: Display: Mobile HDR setting 1
[2018.12.21-00.53.10:490][  0]LogGameplayTags: Display: UGameplayTagsManager::DoneAddingNativeTags. DelegateIsBound: 0
[2018.12.21-00.53.10:490][  0]LogStats: UGameplayTagsManager::ConstructGameplayTagTree: ImportINI prefixes -  0.000 s
[2018.12.21-00.53.10:490][  0]LogStats: UGameplayTagsManager::ConstructGameplayTagTree: Construct from data asset -  0.000 s
[2018.12.21-00.53.10:490][  0]LogStats: UGameplayTagsManager::ConstructGameplayTagTree: ImportINI -  0.000 s
[2018.12.21-00.53.10:490][  0]LogStats: UGameplayTagsManager::ConstructGameplayTagTree: GameplayTagTreeChangedEvent.Broadcast -  0.000 s
[2018.12.21-00.53.10:718][  0]LogFileCache: Scanning file cache for directory 'D:/Documents/GitHub/TGP_PairProject/TGP_Project/Content/' took 0.01s
[2018.12.21-00.53.10:718][  0]SourceControl: Source control is disabled
[2018.12.21-00.53.10:719][  0]Cmd: MAP LOAD FILE="D:/Documents/GitHub/TGP_PairProject/TGP_Project/Content/Levels/BaseLevel.umap" TEMPLATE=0 SHOWPROGRESS=1 FEATURELEVEL=3
[2018.12.21-00.53.10:720][  0]LightingResults: New page: Lighting Build
[2018.12.21-00.53.10:724][  0]MapCheck: New page: Map Check
[2018.12.21-00.53.10:724][  0]LightingResults: New page: Lighting Build
[2018.12.21-00.53.10:898][  0]LogAIModule: Creating AISystem for world BaseLevel
[2018.12.21-00.53.10:905][  0]LogEditorServer: Finished looking for orphan Actors (0.000 secs)
[2018.12.21-00.53.10:927][  0]Cmd: MAP CHECKDEP NOCLEARLOG
[2018.12.21-00.53.11:109][  0]MapCheck: Map check complete: 0 Error(s), 0 Warning(s), took 180.871ms to complete.
[2018.12.21-00.53.11:109][  0]LogFileHelpers: Loading map 'BaseLevel' took 0.390
[2018.12.21-00.53.11:241][  0]LogSlate: Updating window title bar state: overlay mode, drag disabled, window buttons hidden, title bar hidden
[2018.12.21-00.53.11:253][  0]LogSlate: Updating window title bar state: overlay mode, drag disabled, window buttons hidden, title bar hidden
[2018.12.21-00.53.11:265][  0]LogSlate: Updating window title bar state: overlay mode, drag disabled, window buttons hidden, title bar hidden
[2018.12.21-00.53.11:274][  0]LogSlate: Updating window title bar state: overlay mode, drag disabled, window buttons hidden, title bar hidden
[2018.12.21-00.53.11:286][  0]LogCollectionManager: Loaded 0 collections in 0.003128 seconds
[2018.12.21-00.53.11:332][  0]LogFileCache: Scanning file cache for directory 'D:/Documents/GitHub/TGP_PairProject/TGP_Project/Saved/Collections/' took 0.01s
[2018.12.21-00.53.11:332][  0]LogFileCache: Scanning file cache for directory 'D:/Documents/GitHub/TGP_PairProject/TGP_Project/Content/Developers/TDSSK/Collections/' took 0.01s
[2018.12.21-00.53.11:332][  0]LogFileCache: Scanning file cache for directory 'D:/Documents/GitHub/TGP_PairProject/TGP_Project/Content/Collections/' took 0.01s
[2018.12.21-00.53.11:332][  0]LogCollectionManager: Rebuilt the GUID cache for 0 collections in 0.000000 seconds
[2018.12.21-00.53.11:341][  0]LogContentBrowser: Native class hierarchy populated in 0.0091 seconds. Added 2586 classes and 606 folders.
[2018.12.21-00.53.11:350][  0]LogContentBrowser: Native class hierarchy updated for 'WidgetCarousel' in 0.0003 seconds. Added 0 classes and 0 folders.
[2018.12.21-00.53.11:433][  0]LogContentBrowser: Native class hierarchy updated for 'AddContentDialog' in 0.0003 seconds. Added 0 classes and 0 folders.
[2018.12.21-00.53.11:442][  0]LogContentBrowser: Native class hierarchy updated for 'SceneOutliner' in 0.0003 seconds. Added 1 classes and 2 folders.
[2018.12.21-00.53.11:457][  0]LogSlate: Took 0.000904 seconds to synchronously load lazily loaded font '../../../Engine/Content/Slate/Fonts/Roboto-Regular.ttf' (155K)
[2018.12.21-00.53.11:460][  0]LogSlate: Took 0.000906 seconds to synchronously load lazily loaded font '../../../Engine/Content/Slate/Fonts/Roboto-Bold.ttf' (160K)
[2018.12.21-00.53.11:466][  0]LogSlate: Took 0.000831 seconds to synchronously load lazily loaded font '../../../Engine/Content/Editor/Slate/Fonts/FontAwesome.ttf' (139K)
[2018.12.21-00.53.11:561][  0]LogRenderer: Reallocating scene render targets to support 1208x600 Format 10 NumSamples 1 (Frame:1).
[2018.12.21-00.53.11:612][  0]LogSlate: Took 0.000949 seconds to synchronously load lazily loaded font '../../../Engine/Content/Slate/Fonts/Roboto-Light.ttf' (167K)
[2018.12.21-00.53.11:752][  0]LogContentBrowser: Native class hierarchy updated for 'HierarchicalLODOutliner' in 0.0003 seconds. Added 0 classes and 0 folders.
[2018.12.21-00.53.11:752][  0]LogLoad: (Engine Initialization) Total time: 11.76 seconds
[2018.12.21-00.53.11:752][  0]LogLoad: (Engine Initialization) Total Blueprint compile time: 0.00 seconds
[2018.12.21-00.53.11:762][  0]LogWindowsTextInputMethodSystem: Display: IME system now deactivated.
[2018.12.21-00.53.11:818][  0]LogContentStreaming: Texture pool size now 1000 MB
[2018.12.21-00.53.11:841][  1]LogFileCache: Retrieving MD5 hashes for directory 'D:/Documents/GitHub/TGP_PairProject/TGP_Project/Content/' took 0.07s
[2018.12.21-00.53.11:857][  1]LogAssetRegistry: Asset discovery search completed in 6.3449 seconds
[2018.12.21-00.53.11:859][  1]LogCollectionManager: Rebuilt the object cache for 0 collections in 0.000000 seconds (found 0 objects)
[2018.12.21-00.53.11:859][  1]LogCollectionManager: Fixed up redirectors for 0 collections in 0.000112 seconds (updated 0 objects)
[2018.12.21-00.56.32:410][ 23]LogEditorViewport: Clicking on Actor (context menu): BP_Civilian_C (BP_Civilian2)
[2018.12.21-00.56.32:657][ 23]LogSlate: FSceneViewport::OnFocusLost() reason 2
[2018.12.21-00.56.34:051][177]LogEditorViewport: Clicking Background
[2018.12.21-00.56.37:124][543]LogEditorViewport: Clicking on Actor (LMB): PaperSpriteActor (BasicLevel_Sprite)
[2018.12.21-00.56.37:726][609]LogEditorViewport: Clicking on Actor (LMB): PaperSpriteActor (BasicLevel_Sprite)
[2018.12.21-00.56.38:224][667]LogEditorViewport: Clicking on Actor (LMB): PaperSpriteActor (BasicLevel_Sprite)
[2018.12.21-00.56.38:608][711]LogEditorViewport: Clicking on Actor (double click): BP_Civilian_C (BP_Civilian3)
[2018.12.21-00.58.05:650][145]LogSlate: FSceneViewport::OnFocusLost() reason 0
[2018.12.21-00.59.16:105][253]LogSlate: FSceneViewport::OnFocusLost() reason 0
[2018.12.21-00.59.44:204][343]LogSlate: Took 0.000256 seconds to synchronously load lazily loaded font '../../../Engine/Content/Slate/Fonts/Roboto-Light.ttf' (167K)
[2018.12.21-00.59.44:225][343]LogAssetEditorManager: Opening Asset editor for WidgetBlueprint /Game/Widget_WeaponAmmo.Widget_WeaponAmmo
[2018.12.21-00.59.45:221][343]LogContentBrowser: Native class hierarchy updated for 'BlueprintGraph' in 0.0008 seconds. Added 116 classes and 0 folders.
[2018.12.21-00.59.46:684][343]LogSlate: Took 0.029259 seconds to synchronously load lazily loaded font '../../../Engine/Content/Slate/Fonts/Roboto-BoldCondensed.ttf' (158K)
[2018.12.21-01.00.35:015][347]LogSlate: Took 0.063027 seconds to synchronously load lazily loaded font '../../../Engine/Content/Slate/Fonts/DroidSansFallback.ttf' (3848K)
[2018.12.21-01.00.35:260][361]LogEditorTransaction: Undo Add Widget
[2018.12.21-01.00.40:150][662]LogUObjectHash: Warning: Ambiguous search, could be SizeBox /Game/Widget_WeaponAmmo.Widget_WeaponAmmo:WidgetTree.SizeBox_22 or SizeBox /Engine/Transient.World_4:Widget_WeaponAmmo_C_5.WidgetTree_0.SizeBox_22
[2018.12.21-01.00.40:151][662]LogUObjectHash: Warning: Ambiguous search, could be SizeBox /Game/Widget_WeaponAmmo.Widget_WeaponAmmo:WidgetTree.SizeBox_22 or SizeBox /Engine/Transient.World_4:Widget_WeaponAmmo_C_6.WidgetTree_0.SizeBox_22
[2018.12.21-01.00.40:151][662]LogUObjectHash: Warning: Ambiguous search, could be SizeBox /Game/Widget_WeaponAmmo.Widget_WeaponAmmo:WidgetTree.SizeBox_22 or SizeBox /Engine/Transient.World_4:Widget_WeaponAmmo_C_7.WidgetTree_0.SizeBox_22
[2018.12.21-01.00.40:151][662]LogUObjectHash: Warning: Ambiguous search, could be SizeBox /Game/Widget_WeaponAmmo.Widget_WeaponAmmo:WidgetTree.SizeBox_22 or SizeBox /Engine/Transient.World_4:Widget_WeaponAmmo_C_8.WidgetTree_0.SizeBox_22
[2018.12.21-01.00.40:151][662]LogUObjectHash: Warning: Ambiguous search, could be SizeBox /Game/Widget_WeaponAmmo.Widget_WeaponAmmo:WidgetTree.SizeBox_22 or SizeBox /Engine/Transient.World_4:Widget_WeaponAmmo_C_9.WidgetTree_0.SizeBox_22
[2018.12.21-01.00.40:151][662]LogUObjectHash: Warning: Ambiguous search, could be SizeBox /Game/Widget_WeaponAmmo.Widget_WeaponAmmo:WidgetTree.SizeBox_22 or SizeBox /Engine/Transient.World_4:Widget_WeaponAmmo_C_10.WidgetTree_0.SizeBox_22
[2018.12.21-01.00.40:151][662]LogUObjectHash: Warning: Ambiguous search, could be SizeBox /Game/Widget_WeaponAmmo.Widget_WeaponAmmo:WidgetTree.SizeBox_22 or SizeBox /Engine/Transient.World_4:Widget_WeaponAmmo_C_11.WidgetTree_0.SizeBox_22
[2018.12.21-01.00.40:151][662]LogProperty: Warning: Illegal TEXT reference to a private object in external package (SizeBoxSlot /Game/Widget_WeaponAmmo.Widget_WeaponAmmo:WidgetTree.SizeBox_22.SizeBoxSlot_0) from referencer (VerticalBox /Engine/UMG/Editor/Transient.VerticalBox_51).  Import failed...
[2018.12.21-01.00.40:151][662]LogProperty: Warning: ObjectProperty /Script/UMG.Widget:Slot: unresolved reference to 'SizeBoxSlot'"SizeBox_22.SizeBoxSlot_0"''
[2018.12.21-01.01.17:412][796]LogUObjectHash: Warning: Ambiguous search, could be HorizontalBox /Engine/Transient.HorizontalBox_24 or HorizontalBox /Engine/Transient.World_4:Widget_WeaponAmmo_C_11.WidgetTree_0.HorizontalBox_24
[2018.12.21-01.01.17:413][796]LogUObjectHash: Warning: Ambiguous search, could be HorizontalBox /Engine/Transient.HorizontalBox_24 or HorizontalBox /Engine/Transient.World_4:Widget_WeaponAmmo_C_12.WidgetTree_0.HorizontalBox_24
[2018.12.21-01.01.17:413][796]LogUObjectHash: Warning: Ambiguous search, could be HorizontalBox /Engine/Transient.HorizontalBox_24 or HorizontalBox /Engine/Transient.World_4:Widget_WeaponAmmo_C_13.WidgetTree_0.HorizontalBox_24
[2018.12.21-01.01.17:413][796]LogUObjectHash: Warning: Ambiguous search, could be HorizontalBox /Engine/Transient.HorizontalBox_24 or HorizontalBox /Engine/Transient.World_4:Widget_WeaponAmmo_C_14.WidgetTree_0.HorizontalBox_24
[2018.12.21-01.01.17:413][796]LogUObjectHash: Warning: Ambiguous search, could be HorizontalBox /Engine/Transient.HorizontalBox_24 or HorizontalBox /Engine/Transient.World_4:Widget_WeaponAmmo_C_15.WidgetTree_0.HorizontalBox_24
[2018.12.21-01.01.17:413][796]LogUObjectHash: Warning: Ambiguous search, could be HorizontalBox /Engine/Transient.HorizontalBox_24 or HorizontalBox /Engine/Transient.World_4:Widget_WeaponAmmo_C_16.WidgetTree_0.HorizontalBox_24
[2018.12.21-01.01.17:413][796]LogUObjectHash: Warning: Ambiguous search, could be HorizontalBox /Engine/Transient.HorizontalBox_24 or HorizontalBox /Engine/Transient.World_4:Widget_WeaponAmmo_C_17.WidgetTree_0.HorizontalBox_24
[2018.12.21-01.01.17:413][796]LogUObjectHash: Warning: Ambiguous search, could be HorizontalBox /Engine/Transient.HorizontalBox_24 or HorizontalBox /Engine/Transient.World_4:Widget_WeaponAmmo_C_18.WidgetTree_0.HorizontalBox_24
[2018.12.21-01.01.17:413][796]LogUObjectHash: Warning: Ambiguous search, could be HorizontalBox /Engine/Transient.HorizontalBox_24 or HorizontalBox /Engine/Transient.World_4:Widget_WeaponAmmo_C_19.WidgetTree_0.HorizontalBox_24
[2018.12.21-01.01.17:413][796]LogProperty: Warning: Illegal TEXT reference to a private object in external package (HorizontalBoxSlot /Engine/Transient.HorizontalBox_24:HorizontalBoxSlot_0) from referencer (VerticalBox /Engine/UMG/Editor/Transient.VerticalBox_51).  Import failed...
[2018.12.21-01.01.17:413][796]LogProperty: Warning: ObjectProperty /Script/UMG.Widget:Slot: unresolved reference to 'HorizontalBoxSlot'"HorizontalBox_24.HorizontalBoxSlot_0"''
[2018.12.21-01.01.42:657][263]LogUObjectHash: Warning: Ambiguous search, could be HorizontalBox /Game/Widget_WeaponAmmo.Widget_WeaponAmmo:WidgetTree.HorizontalBox_25 or HorizontalBox /Engine/Transient.World_4:Widget_WeaponAmmo_C_22.WidgetTree_0.HorizontalBox_25
[2018.12.21-01.01.42:657][263]LogUObjectHash: Warning: Ambiguous search, could be HorizontalBox /Game/Widget_WeaponAmmo.Widget_WeaponAmmo:WidgetTree.HorizontalBox_25 or HorizontalBox /Engine/Transient.World_4:Widget_WeaponAmmo_C_23.WidgetTree_0.HorizontalBox_25
[2018.12.21-01.01.42:657][263]LogUObjectHash: Warning: Ambiguous search, could be HorizontalBox /Game/Widget_WeaponAmmo.Widget_WeaponAmmo:WidgetTree.HorizontalBox_25 or HorizontalBox /Engine/Transient.World_4:Widget_WeaponAmmo_C_24.WidgetTree_0.HorizontalBox_25
[2018.12.21-01.01.42:657][263]LogProperty: Warning: Illegal TEXT reference to a private object in external package (HorizontalBoxSlot /Game/Widget_WeaponAmmo.Widget_WeaponAmmo:WidgetTree.HorizontalBox_25.HorizontalBoxSlot_0) from referencer (TextBlock /Engine/UMG/Editor/Transient.CurrentAmmo).  Import failed...
[2018.12.21-01.01.42:657][263]LogProperty: Warning: ObjectProperty /Script/UMG.Widget:Slot: unresolved reference to 'HorizontalBoxSlot'"HorizontalBox_25.HorizontalBoxSlot_0"''
[2018.12.21-01.01.42:996][280]LogUObjectHash: Warning: Ambiguous search, could be HorizontalBox /Game/Widget_WeaponAmmo.Widget_WeaponAmmo:WidgetTree.HorizontalBox_25 or HorizontalBox /Engine/Transient.World_4:Widget_WeaponAmmo_C_22.WidgetTree_0.HorizontalBox_25
[2018.12.21-01.01.42:996][280]LogUObjectHash: Warning: Ambiguous search, could be HorizontalBox /Game/Widget_WeaponAmmo.Widget_WeaponAmmo:WidgetTree.HorizontalBox_25 or HorizontalBox /Engine/Transient.World_4:Widget_WeaponAmmo_C_23.WidgetTree_0.HorizontalBox_25
[2018.12.21-01.01.42:996][280]LogUObjectHash: Warning: Ambiguous search, could be HorizontalBox /Game/Widget_WeaponAmmo.Widget_WeaponAmmo:WidgetTree.HorizontalBox_25 or HorizontalBox /Engine/Transient.World_4:Widget_WeaponAmmo_C_24.WidgetTree_0.HorizontalBox_25
[2018.12.21-01.01.42:996][280]LogUObjectHash: Warning: Ambiguous search, could be HorizontalBox /Game/Widget_WeaponAmmo.Widget_WeaponAmmo:WidgetTree.HorizontalBox_25 or HorizontalBox /Engine/Transient.World_4:Widget_WeaponAmmo_C_25.WidgetTree_0.HorizontalBox_25
[2018.12.21-01.01.42:996][280]LogProperty: Warning: Illegal TEXT reference to a private object in external package (HorizontalBoxSlot /Game/Widget_WeaponAmmo.Widget_WeaponAmmo:WidgetTree.HorizontalBox_25.HorizontalBoxSlot_0) from referencer (TextBlock /Engine/UMG/Editor/Transient.CurrentAmmo).  Import failed...
[2018.12.21-01.01.42:996][280]LogProperty: Warning: ObjectProperty /Script/UMG.Widget:Slot: unresolved reference to 'HorizontalBoxSlot'"HorizontalBox_25.HorizontalBoxSlot_0"''
[2018.12.21-01.03.34:513][629]LogEditorTransaction: Undo Edit Height Override
[2018.12.21-01.05.12:147][995]LogFileHelpers: Editor autosave (incl. sublevels) for '/Game/Levels/BaseLevel' took 0.230
[2018.12.21-01.05.12:198][995]OBJ SavePackage: Generating thumbnails for [0] asset(s) in package [/Game/HUD] ([1] browsable assets)...
[2018.12.21-01.05.12:199][995]OBJ SavePackage: Finished generating thumbnails for package [/Game/HUD]
[2018.12.21-01.05.12:199][995]Cmd: OBJ SAVEPACKAGE PACKAGE="/Game/HUD" FILE="D:/Documents/GitHub/TGP_PairProject/TGP_Project/Saved/Autosaves/Game/HUD_Auto1.uasset" SILENT=false AUTOSAVING=true
[2018.12.21-01.05.12:369][995]LogSavePackage: Moving 'D:/Documents/GitHub/TGP_PairProject/TGP_Project/Saved/HUD_Auto1E01736AF4E75EE58968607B07A0E1C40.tmp' to 'D:/Documents/GitHub/TGP_PairProject/TGP_Project/Saved/Autosaves/Game/HUD_Auto1.uasset'
[2018.12.21-01.05.12:408][995]OBJ SavePackage: Generating thumbnails for [0] asset(s) in package [/Game/Widget_WeaponAmmo] ([1] browsable assets)...
[2018.12.21-01.05.12:408][995]OBJ SavePackage: Finished generating thumbnails for package [/Game/Widget_WeaponAmmo]
[2018.12.21-01.05.12:408][995]Cmd: OBJ SAVEPACKAGE PACKAGE="/Game/Widget_WeaponAmmo" FILE="D:/Documents/GitHub/TGP_PairProject/TGP_Project/Saved/Autosaves/Game/Widget_WeaponAmmo_Auto1.uasset" SILENT=false AUTOSAVING=true
[2018.12.21-01.05.12:418][995]LogSavePackage: Moving 'D:/Documents/GitHub/TGP_PairProject/TGP_Project/Saved/Widget_WeaponAmmo_Auto1B912713F4781DBC55004838BCDBC0F0B.tmp' to 'D:/Documents/GitHub/TGP_PairProject/TGP_Project/Saved/Autosaves/Game/Widget_WeaponAmmo_Auto1.uasset'
[2018.12.21-01.05.12:419][995]LogFileHelpers: Auto-saving content packages took 0.271
[2018.12.21-01.33.10:161][958]LogWindows: LaunchURL http://docs.unrealengine.com/latest/INT/Engine/Blueprints/index.html?utm_source=editor&utm_medium=docs&utm_campaign=help_menu_asset
[2018.12.21-01.36.21:523][613]LogUObjectHash: Warning: Ambiguous search, could be SizeBox /Game/Widget_WeaponAmmo.Widget_WeaponAmmo:WidgetTree.SizeBox_22 or SizeBox /Engine/Transient.World_4:Widget_WeaponAmmo_C_37.WidgetTree_0.SizeBox_22
[2018.12.21-01.36.21:524][613]LogUObjectHash: Warning: Ambiguous search, could be SizeBox /Game/Widget_WeaponAmmo.Widget_WeaponAmmo:WidgetTree.SizeBox_22 or SizeBox /Engine/Transient.World_4:Widget_WeaponAmmo_C_36.WidgetTree_0.SizeBox_22
[2018.12.21-01.36.21:524][613]LogUObjectHash: Warning: Ambiguous search, could be SizeBox /Game/Widget_WeaponAmmo.Widget_WeaponAmmo:WidgetTree.SizeBox_22 or SizeBox /Engine/Transient.World_4:Widget_WeaponAmmo_C_7.WidgetTree_0.SizeBox_22
[2018.12.21-01.36.21:524][613]LogUObjectHash: Warning: Ambiguous search, could be SizeBox /Game/Widget_WeaponAmmo.Widget_WeaponAmmo:WidgetTree.SizeBox_22 or SizeBox /Engine/Transient.World_4:Widget_WeaponAmmo_C_35.WidgetTree_0.SizeBox_22
[2018.12.21-01.36.21:524][613]LogUObjectHash: Warning: Ambiguous search, could be SizeBox /Game/Widget_WeaponAmmo.Widget_WeaponAmmo:WidgetTree.SizeBox_22 or SizeBox /Engine/Transient.World_4:Widget_WeaponAmmo_C_34.WidgetTree_0.SizeBox_22
[2018.12.21-01.36.21:524][613]LogUObjectHash: Warning: Ambiguous search, could be SizeBox /Game/Widget_WeaponAmmo.Widget_WeaponAmmo:WidgetTree.SizeBox_22 or SizeBox /Engine/Transient.World_4:Widget_WeaponAmmo_C_10.WidgetTree_0.SizeBox_22
[2018.12.21-01.36.21:524][613]LogUObjectHash: Warning: Ambiguous search, could be SizeBox /Game/Widget_WeaponAmmo.Widget_WeaponAmmo:WidgetTree.SizeBox_22 or SizeBox /Engine/Transient.World_4:Widget_WeaponAmmo_C_33.WidgetTree_0.SizeBox_22
[2018.12.21-01.36.21:524][613]LogUObjectHash: Warning: Ambiguous search, could be SizeBox /Game/Widget_WeaponAmmo.Widget_WeaponAmmo:WidgetTree.SizeBox_22 or SizeBox /Engine/Transient.World_4:Widget_WeaponAmmo_C_12.WidgetTree_0.SizeBox_22
[2018.12.21-01.36.21:524][613]LogUObjectHash: Warning: Ambiguous search, could be SizeBox /Game/Widget_WeaponAmmo.Widget_WeaponAmmo:WidgetTree.SizeBox_22 or SizeBox /Engine/Transient.World_4:Widget_WeaponAmmo_C_13.WidgetTree_0.SizeBox_22
[2018.12.21-01.36.21:524][613]LogUObjectHash: Warning: Ambiguous search, could be SizeBox /Game/Widget_WeaponAmmo.Widget_WeaponAmmo:WidgetTree.SizeBox_22 or SizeBox /Engine/Transient.World_4:Widget_WeaponAmmo_C_14.WidgetTree_0.SizeBox_22
[2018.12.21-01.36.21:525][613]LogUObjectHash: Warning: Ambiguous search, could be SizeBox /Game/Widget_WeaponAmmo.Widget_WeaponAmmo:WidgetTree.SizeBox_22 or SizeBox /Engine/Transient.World_4:Widget_WeaponAmmo_C_15.WidgetTree_0.SizeBox_22
[2018.12.21-01.36.21:525][613]LogUObjectHash: Warning: Ambiguous search, could be SizeBox /Game/Widget_WeaponAmmo.Widget_WeaponAmmo:WidgetTree.SizeBox_22 or SizeBox /Engine/Transient.World_4:Widget_WeaponAmmo_C_16.WidgetTree_0.SizeBox_22
[2018.12.21-01.36.21:525][613]LogUObjectHash: Warning: Ambiguous search, could be SizeBox /Game/Widget_WeaponAmmo.Widget_WeaponAmmo:WidgetTree.SizeBox_22 or SizeBox /Engine/Transient.World_4:Widget_WeaponAmmo_C_17.WidgetTree_0.SizeBox_22
[2018.12.21-01.36.21:525][613]LogUObjectHash: Warning: Ambiguous search, could be SizeBox /Game/Widget_WeaponAmmo.Widget_WeaponAmmo:WidgetTree.SizeBox_22 or SizeBox /Engine/Transient.World_4:Widget_WeaponAmmo_C_18.WidgetTree_0.SizeBox_22
[2018.12.21-01.36.21:525][613]LogUObjectHash: Warning: Ambiguous search, could be SizeBox /Game/Widget_WeaponAmmo.Widget_WeaponAmmo:WidgetTree.SizeBox_22 or SizeBox /Engine/Transient.World_4:Widget_WeaponAmmo_C_19.WidgetTree_0.SizeBox_22
[2018.12.21-01.36.21:525][613]LogUObjectHash: Warning: Ambiguous search, could be SizeBox /Game/Widget_WeaponAmmo.Widget_WeaponAmmo:WidgetTree.SizeBox_22 or SizeBox /Engine/Transient.World_4:Widget_WeaponAmmo_C_20.WidgetTree_0.SizeBox_22
[2018.12.21-01.36.21:525][613]LogUObjectHash: Warning: Ambiguous search, could be SizeBox /Game/Widget_WeaponAmmo.Widget_WeaponAmmo:WidgetTree.SizeBox_22 or SizeBox /Engine/Transient.World_4:Widget_WeaponAmmo_C_21.WidgetTree_0.SizeBox_22
[2018.12.21-01.36.21:525][613]LogUObjectHash: Warning: Ambiguous search, could be SizeBox /Game/Widget_WeaponAmmo.Widget_WeaponAmmo:WidgetTree.SizeBox_22 or SizeBox /Engine/Transient.World_4:Widget_WeaponAmmo_C_22.WidgetTree_0.SizeBox_22
[2018.12.21-01.36.21:525][613]LogUObjectHash: Warning: Ambiguous search, could be SizeBox /Game/Widget_WeaponAmmo.Widget_WeaponAmmo:WidgetTree.SizeBox_22 or SizeBox /Engine/Transient.World_4:Widget_WeaponAmmo_C_23.WidgetTree_0.SizeBox_22
[2018.12.21-01.36.21:526][613]LogUObjectHash: Warning: Ambiguous search, could be SizeBox /Game/Widget_WeaponAmmo.Widget_WeaponAmmo:WidgetTree.SizeBox_22 or SizeBox /Engine/Transient.World_4:Widget_WeaponAmmo_C_24.WidgetTree_0.SizeBox_22
[2018.12.21-01.36.21:526][613]LogUObjectHash: Warning: Ambiguous search, could be SizeBox /Game/Widget_WeaponAmmo.Widget_WeaponAmmo:WidgetTree.SizeBox_22 or SizeBox /Engine/Transient.World_4:Widget_WeaponAmmo_C_25.WidgetTree_0.SizeBox_22
[2018.12.21-01.36.21:526][613]LogUObjectHash: Warning: Ambiguous search, could be SizeBox /Game/Widget_WeaponAmmo.Widget_WeaponAmmo:WidgetTree.SizeBox_22 or SizeBox /Engine/Transient.World_4:Widget_WeaponAmmo_C_26.WidgetTree_0.SizeBox_22
[2018.12.21-01.36.21:526][613]LogUObjectHash: Warning: Ambiguous search, could be SizeBox /Game/Widget_WeaponAmmo.Widget_WeaponAmmo:WidgetTree.SizeBox_22 or SizeBox /Engine/Transient.World_4:Widget_WeaponAmmo_C_27.WidgetTree_0.SizeBox_22
[2018.12.21-01.36.21:526][613]LogUObjectHash: Warning: Ambiguous search, could be SizeBox /Game/Widget_WeaponAmmo.Widget_WeaponAmmo:WidgetTree.SizeBox_22 or SizeBox /Engine/Transient.World_4:Widget_WeaponAmmo_C_28.WidgetTree_0.SizeBox_22
[2018.12.21-01.36.21:526][613]LogUObjectHash: Warning: Ambiguous search, could be SizeBox /Game/Widget_WeaponAmmo.Widget_WeaponAmmo:WidgetTree.SizeBox_22 or SizeBox /Engine/Transient.World_4:Widget_WeaponAmmo_C_29.WidgetTree_0.SizeBox_22
[2018.12.21-01.36.21:526][613]LogUObjectHash: Warning: Ambiguous search, could be SizeBox /Game/Widget_WeaponAmmo.Widget_WeaponAmmo:WidgetTree.SizeBox_22 or SizeBox /Engine/Transient.World_4:Widget_WeaponAmmo_C_30.WidgetTree_0.SizeBox_22
[2018.12.21-01.36.21:526][613]LogUObjectHash: Warning: Ambiguous search, could be SizeBox /Game/Widget_WeaponAmmo.Widget_WeaponAmmo:WidgetTree.SizeBox_22 or SizeBox /Engine/Transient.World_4:Widget_WeaponAmmo_C_31.WidgetTree_0.SizeBox_22
[2018.12.21-01.36.21:526][613]LogUObjectHash: Warning: Ambiguous search, could be SizeBox /Game/Widget_WeaponAmmo.Widget_WeaponAmmo:WidgetTree.SizeBox_22 or SizeBox /Engine/Transient.World_4:Widget_WeaponAmmo_C_32.WidgetTree_0.SizeBox_22
[2018.12.21-01.36.21:526][613]LogUObjectHash: Warning: Ambiguous search, could be SizeBox /Game/Widget_WeaponAmmo.Widget_WeaponAmmo:WidgetTree.SizeBox_22 or SizeBox /Engine/Transient.World_4:Widget_WeaponAmmo_C_38.WidgetTree_0.SizeBox_22
[2018.12.21-01.36.21:526][613]LogUObjectHash: Warning: Ambiguous search, could be SizeBox /Game/Widget_WeaponAmmo.Widget_WeaponAmmo:WidgetTree.SizeBox_22 or SizeBox /Engine/Transient.World_4:Widget_WeaponAmmo_C_39.WidgetTree_0.SizeBox_22
[2018.12.21-01.36.21:527][613]LogUObjectHash: Warning: Ambiguous search, could be SizeBox /Game/Widget_WeaponAmmo.Widget_WeaponAmmo:WidgetTree.SizeBox_22 or SizeBox /Engine/Transient.World_4:Widget_WeaponAmmo_C_40.WidgetTree_0.SizeBox_22
[2018.12.21-01.36.21:527][613]LogUObjectHash: Warning: Ambiguous search, could be SizeBox /Game/Widget_WeaponAmmo.Widget_WeaponAmmo:WidgetTree.SizeBox_22 or SizeBox /Engine/Transient.World_4:Widget_WeaponAmmo_C_41.WidgetTree_0.SizeBox_22
[2018.12.21-01.36.21:527][613]LogUObjectHash: Warning: Ambiguous search, could be SizeBox /Game/Widget_WeaponAmmo.Widget_WeaponAmmo:WidgetTree.SizeBox_22 or SizeBox /Engine/Transient.World_4:Widget_WeaponAmmo_C_42.WidgetTree_0.SizeBox_22
[2018.12.21-01.36.21:527][613]LogUObjectHash: Warning: Ambiguous search, could be SizeBox /Game/Widget_WeaponAmmo.Widget_WeaponAmmo:WidgetTree.SizeBox_22 or SizeBox /Engine/Transient.World_4:Widget_WeaponAmmo_C_43.WidgetTree_0.SizeBox_22
[2018.12.21-01.36.21:527][613]LogUObjectHash: Warning: Ambiguous search, could be SizeBox /Game/Widget_WeaponAmmo.Widget_WeaponAmmo:WidgetTree.SizeBox_22 or SizeBox /Engine/Transient.World_4:Widget_WeaponAmmo_C_44.WidgetTree_0.SizeBox_22
[2018.12.21-01.36.21:527][613]LogProperty: Warning: Illegal TEXT reference to a private object in external package (SizeBoxSlot /Game/Widget_WeaponAmmo.Widget_WeaponAmmo:WidgetTree.SizeBox_22.SizeBoxSlot_2) from referencer (VerticalBox /Engine/UMG/Editor/Transient.VerticalBox_51).  Import failed...
[2018.12.21-01.36.21:527][613]LogProperty: Warning: ObjectProperty /Script/UMG.Widget:Slot: unresolved reference to 'SizeBoxSlot'"SizeBox_22.SizeBoxSlot_2"''
[2018.12.21-01.38.08:840][406]BlueprintLog: New page: Compile Widget_WeaponAmmo
[2018.12.21-01.38.10:628][534]LogSlate: Window 'Widget_WeaponAmmo*' being destroyed
[2018.12.21-01.38.15:922][148]LogAssetEditorManager: Opening Asset editor for Blueprint /Game/RestrictedAreas.RestrictedAreas
[2018.12.21-01.38.21:827][577]LogAssetEditorManager: Opening Asset editor for WidgetBlueprint /Game/HUD.HUD
[2018.12.21-01.38.31:298][642]BlueprintLog: New page: Compile HUD
[2018.12.21-01.38.35:656][ 75]LogSlate: Prevented a slow task dialog from being summoned while a context menu was open
[2018.12.21-01.39.03:138][223]LogAssetEditorManager: Opening Asset editor for Blueprint /Game/Blueprints/PlayerController.PlayerController
[2018.12.21-01.39.17:443][850]LogAssetEditorManager: Opening Asset editor for Blueprint /Game/Blueprints/PlayerController.PlayerController
[2018.12.21-01.39.22:625][428]LogAssetEditorManager: Opening Asset editor for Blueprint /Game/Blueprints/PlayerCharacter.PlayerCharacter
[2018.12.21-01.39.38:418][176]LogSlate: Took 0.027877 seconds to synchronously load lazily loaded font '../../../Engine/Content/Slate/Fonts/Roboto-Italic.ttf' (157K)
[2018.12.21-01.39.43:884][828]BlueprintLog: New page: Compile PlayerCharacter
[2018.12.21-01.39.46:046][978]LogTemp: Repeating last play command: Selected Viewport
[2018.12.21-01.39.46:143][978]LogPlayLevel: PlayLevel: No blueprints needed recompiling
[2018.12.21-01.39.46:407][978]PIE: New page: PIE session: BaseLevel (21 Dec 2018 01:39:46)
[2018.12.21-01.39.46:419][978]LogPlayLevel: Creating play world package: /Game/Levels/UEDPIE_0_BaseLevel
[2018.12.21-01.39.46:524][978]LogPlayLevel: PIE: StaticDuplicateObject took: (0.105156s)
[2018.12.21-01.39.46:525][978]LogAIModule: Creating AISystem for world BaseLevel
[2018.12.21-01.39.46:544][978]LogPlayLevel: PIE: World Init took: (0.020264s)
[2018.12.21-01.39.46:557][978]LogPlayLevel: PIE: Created PIE world by copying editor world from /Game/Levels/BaseLevel.BaseLevel to /Game/Levels/UEDPIE_0_BaseLevel.BaseLevel (0.138356s)
[2018.12.21-01.39.46:677][978]LogInit: XAudio2 using 'Headphones (3- SteelSeries Arctis 7 Game)' : 2 channels at 48 kHz using 16 bits per sample (channel mask 0x3)
[2018.12.21-01.39.46:725][978]LogInit: FAudioDevice initialized.
[2018.12.21-01.39.46:817][978]LogLoad: Game class is 'GM_GAME_C'
[2018.12.21-01.39.46:849][978]LogWorld: Bringing World /Game/Levels/UEDPIE_0_BaseLevel.BaseLevel up for play (max tick rate 0) at 2018.12.21-01.39.46
[2018.12.21-01.39.47:104][978]LogWorld: Bringing up level for play took: 0.275963
[2018.12.21-01.39.47:346][978]LogContentBrowser: Native class hierarchy updated for 'MovieSceneCapture' in 0.0004 seconds. Added 10 classes and 0 folders.
[2018.12.21-01.39.47:539][978]PIE: Play in editor start time for /Game/Levels/UEDPIE_0_BaseLevel 2.335
[2018.12.21-01.39.48:956][ 73]LogBlueprintUserMessages: [EntranceToRestictedArea_2] yeet
[2018.12.21-01.39.49:010][ 79]LogBlueprintUserMessages: [EntranceToRestictedArea_2] yeet
[2018.12.21-01.39.49:585][148]LogBlueprintUserMessages: [EntranceToRestictedArea_2] yeet
[2018.12.21-01.39.49:626][153]LogBlueprintUserMessages: [EntranceToRestictedArea_2] yeet
[2018.12.21-01.39.49:688][158]LogBlueprintUserMessages: [EntranceToRestictedArea_2] yeet
[2018.12.21-01.39.50:865][298]LogBlueprintUserMessages: [EntranceToRestictedArea_2] yeet
[2018.12.21-01.39.52:860][536]LogBlueprintUserMessages: [EntranceToRestictedArea_2] yeet
[2018.12.21-01.39.52:910][542]LogBlueprintUserMessages: [EntranceToRestictedArea_2] yeet
[2018.12.21-01.39.54:385][719]LogBlueprintUserMessages: [EntranceToRestictedArea_2] yeet
[2018.12.21-01.39.54:410][722]LogBlueprintUserMessages: [EntranceToRestictedArea_2] yeet
[2018.12.21-01.39.54:452][727]LogBlueprintUserMessages: [EntranceToRestictedArea_2] yeet
[2018.12.21-01.39.54:519][735]LogBlueprintUserMessages: [EntranceToRestictedArea2] yeet
[2018.12.21-01.39.57:078][ 40]LogBlueprintUserMessages: [EntranceToRestictedArea_2] yeet
[2018.12.21-01.39.57:130][ 46]LogBlueprintUserMessages: [EntranceToRestictedArea_2] yeet
[2018.12.21-01.39.58:090][156]LogSlate: FSceneViewport::OnFocusLost() reason 0
[2018.12.21-01.39.58:218][165]LogSlate: Updating window title bar state: overlay mode, drag disabled, window buttons hidden, title bar hidden
[2018.12.21-01.39.58:389][165]LogPlayLevel: Display: Shutting down PIE online subsystems
[2018.12.21-01.39.58:542][165]LogSlate: Updating window title bar state: overlay mode, drag disabled, window buttons hidden, title bar hidden
[2018.12.21-01.39.58:717][166]LogPlayLevel: Display: Destroying online subsystem :Context_12
[2018.12.21-01.40.31:792][100]BlueprintLog: New page: Compile Widget_WeaponAmmo
[2018.12.21-01.40.33:125][225]LogTemp: Repeating last play command: Selected Viewport
[2018.12.21-01.40.33:149][225]LogPlayLevel: PlayLevel: No blueprints needed recompiling
[2018.12.21-01.40.33:150][225]PIE: New page: PIE session: BaseLevel (21 Dec 2018 01:40:33)
[2018.12.21-01.40.33:150][225]LogPlayLevel: Creating play world package: /Game/Levels/UEDPIE_0_BaseLevel
[2018.12.21-01.40.33:153][225]LogPlayLevel: PIE: StaticDuplicateObject took: (0.003069s)
[2018.12.21-01.40.33:153][225]LogAIModule: Creating AISystem for world BaseLevel
[2018.12.21-01.40.33:154][225]LogPlayLevel: PIE: World Init took: (0.000647s)
[2018.12.21-01.40.33:154][225]LogPlayLevel: PIE: Created PIE world by copying editor world from /Game/Levels/BaseLevel.BaseLevel to /Game/Levels/UEDPIE_0_BaseLevel.BaseLevel (0.004083s)
[2018.12.21-01.40.33:213][225]LogInit: XAudio2 using 'Headphones (3- SteelSeries Arctis 7 Game)' : 2 channels at 48 kHz using 16 bits per sample (channel mask 0x3)
[2018.12.21-01.40.33:263][225]LogInit: FAudioDevice initialized.
[2018.12.21-01.40.33:316][225]LogLoad: Game class is 'GM_GAME_C'
[2018.12.21-01.40.33:317][225]LogWorld: Bringing World /Game/Levels/UEDPIE_0_BaseLevel.BaseLevel up for play (max tick rate 0) at 2018.12.21-01.40.33
[2018.12.21-01.40.33:318][225]LogWorld: Bringing up level for play took: 0.001417
[2018.12.21-01.40.33:333][225]PIE: Play in editor start time for /Game/Levels/UEDPIE_0_BaseLevel 0.129
[2018.12.21-01.40.34:394][350]LogBlueprintUserMessages: [EntranceToRestictedArea_2] yeet
[2018.12.21-01.40.34:453][357]LogBlueprintUserMessages: [EntranceToRestictedArea_2] yeet
[2018.12.21-01.40.34:878][408]LogBlueprintUserMessages: [EntranceToRestictedArea_2] yeet
[2018.12.21-01.40.35:169][443]LogBlueprintUserMessages: [EntranceToRestictedArea_2] yeet
[2018.12.21-01.40.35:219][449]LogBlueprintUserMessages: [EntranceToRestictedArea2] yeet
[2018.12.21-01.40.35:236][451]LogBlueprintUserMessages: [EntranceToRestictedArea_2] yeet
[2018.12.21-01.40.35:820][521]LogBlueprintUserMessages: [EntranceToRestictedArea_2] yeet
[2018.12.21-01.40.35:886][529]LogBlueprintUserMessages: [EntranceToRestictedArea_2] yeet
[2018.12.21-01.40.35:953][537]LogBlueprintUserMessages: [EntranceToRestictedArea2] yeet
[2018.12.21-01.40.44:494][559]LogSlate: FSceneViewport::OnFocusLost() reason 0
[2018.12.21-01.40.44:570][568]LogSlate: Updating window title bar state: overlay mode, drag disabled, window buttons hidden, title bar hidden
[2018.12.21-01.40.44:608][568]LogPlayLevel: Display: Shutting down PIE online subsystems
[2018.12.21-01.40.44:638][568]LogSlate: Updating window title bar state: overlay mode, drag disabled, window buttons hidden, title bar hidden
[2018.12.21-01.40.44:693][570]LogPlayLevel: Display: Destroying online subsystem :Context_13
[2018.12.21-01.41.36:994][776]LogWindows: LaunchURL http://docs.unrealengine.com/latest/INT/Engine/Blueprints/index.html?utm_source=editor&utm_medium=docs&utm_campaign=help_menu_asset
[2018.12.21-01.42.09:410][277]BlueprintLog: New page: Compile Widget_WeaponAmmo
[2018.12.21-01.42.10:918][427]LogTemp: Repeating last play command: Selected Viewport
[2018.12.21-01.42.10:942][427]LogPlayLevel: PlayLevel: No blueprints needed recompiling
[2018.12.21-01.42.10:942][427]PIE: New page: PIE session: BaseLevel (21 Dec 2018 01:42:10)
[2018.12.21-01.42.10:942][427]LogPlayLevel: Creating play world package: /Game/Levels/UEDPIE_0_BaseLevel
[2018.12.21-01.42.10:946][427]LogPlayLevel: PIE: StaticDuplicateObject took: (0.003222s)
[2018.12.21-01.42.10:946][427]LogAIModule: Creating AISystem for world BaseLevel
[2018.12.21-01.42.10:947][427]LogPlayLevel: PIE: World Init took: (0.000820s)
[2018.12.21-01.42.10:947][427]LogPlayLevel: PIE: Created PIE world by copying editor world from /Game/Levels/BaseLevel.BaseLevel to /Game/Levels/UEDPIE_0_BaseLevel.BaseLevel (0.004363s)
[2018.12.21-01.42.11:006][427]LogInit: XAudio2 using 'Headphones (3- SteelSeries Arctis 7 Game)' : 2 channels at 48 kHz using 16 bits per sample (channel mask 0x3)
[2018.12.21-01.42.11:052][427]LogInit: FAudioDevice initialized.
[2018.12.21-01.42.11:086][427]LogLoad: Game class is 'GM_GAME_C'
[2018.12.21-01.42.11:087][427]LogWorld: Bringing World /Game/Levels/UEDPIE_0_BaseLevel.BaseLevel up for play (max tick rate 0) at 2018.12.21-01.42.11
[2018.12.21-01.42.11:088][427]LogWorld: Bringing up level for play took: 0.001716
[2018.12.21-01.42.11:103][427]PIE: Play in editor start time for /Game/Levels/UEDPIE_0_BaseLevel -0.101
[2018.12.21-01.42.12:164][552]LogBlueprintUserMessages: [EntranceToRestictedArea_2] yeet
[2018.12.21-01.42.12:223][559]LogBlueprintUserMessages: [EntranceToRestictedArea_2] yeet
[2018.12.21-01.42.12:647][610]LogBlueprintUserMessages: [EntranceToRestictedArea_2] yeet
[2018.12.21-01.42.12:939][645]LogBlueprintUserMessages: [EntranceToRestictedArea_2] yeet
[2018.12.21-01.42.12:989][651]LogBlueprintUserMessages: [EntranceToRestictedArea2] yeet
[2018.12.21-01.42.13:006][653]LogBlueprintUserMessages: [EntranceToRestictedArea_2] yeet
[2018.12.21-01.42.18:525][315]LogBlueprintUserMessages: [EntranceToRestictedArea_2] yeet
[2018.12.21-01.42.18:592][323]LogBlueprintUserMessages: [EntranceToRestictedArea_2] yeet
[2018.12.21-01.42.18:592][323]LogBlueprintUserMessages: [EntranceToRestictedArea2] yeet
[2018.12.21-01.42.20:000][492]LogSlate: FSceneViewport::OnFocusLost() reason 0
[2018.12.21-01.42.20:059][499]LogSlate: Updating window title bar state: overlay mode, drag disabled, window buttons hidden, title bar hidden
[2018.12.21-01.42.20:096][499]LogPlayLevel: Display: Shutting down PIE online subsystems
[2018.12.21-01.42.20:126][499]LogSlate: Updating window title bar state: overlay mode, drag disabled, window buttons hidden, title bar hidden
[2018.12.21-01.42.20:167][501]LogPlayLevel: Display: Destroying online subsystem :Context_14
[2018.12.21-01.42.39:813][813]LogUObjectHash: Warning: Ambiguous search, could be CanvasPanel /Engine/Transient.CanvasPanel_1 or CanvasPanel /Engine/Transient.World_4:Widget_WeaponAmmo_C_44.WidgetTree_0.CanvasPanel_1
[2018.12.21-01.42.39:813][813]LogUObjectHash: Warning: Ambiguous search, could be CanvasPanel /Engine/Transient.CanvasPanel_1 or CanvasPanel /Engine/Transient.World_4:Widget_WeaponAmmo_C_45.WidgetTree_0.CanvasPanel_1
[2018.12.21-01.42.39:814][813]LogUObjectHash: Warning: Ambiguous search, could be CanvasPanel /Engine/Transient.CanvasPanel_1 or CanvasPanel /Engine/Transient.World_4:Widget_WeaponAmmo_C_46.WidgetTree_0.CanvasPanel_1
[2018.12.21-01.42.39:814][813]LogUObjectHash: Warning: Ambiguous search, could be CanvasPanel /Engine/Transient.CanvasPanel_1 or CanvasPanel /Engine/Transient.World_4:Widget_WeaponAmmo_C_47.WidgetTree_0.CanvasPanel_1
[2018.12.21-01.42.39:814][813]LogUObjectHash: Warning: Ambiguous search, could be CanvasPanel /Engine/Transient.CanvasPanel_1 or CanvasPanel /Engine/Transient.World_4:Widget_WeaponAmmo_C_48.WidgetTree_0.CanvasPanel_1
[2018.12.21-01.42.39:814][813]LogUObjectHash: Warning: Ambiguous search, could be CanvasPanel /Engine/Transient.CanvasPanel_1 or CanvasPanel /Engine/Transient.World_4:Widget_WeaponAmmo_C_49.WidgetTree_0.CanvasPanel_1
[2018.12.21-01.42.39:814][813]LogUObjectHash: Warning: Ambiguous search, could be CanvasPanel /Engine/Transient.CanvasPanel_1 or CanvasPanel /Engine/Transient.World_4:Widget_WeaponAmmo_C_60.WidgetTree_0.CanvasPanel_1
[2018.12.21-01.42.39:814][813]LogUObjectHash: Warning: Ambiguous search, could be CanvasPanel /Engine/Transient.CanvasPanel_1 or CanvasPanel /Engine/Transient.World_4:Widget_WeaponAmmo_C_62.WidgetTree_0.CanvasPanel_1
[2018.12.21-01.42.39:814][813]LogUObjectHash: Warning: Ambiguous search, could be CanvasPanel /Engine/Transient.CanvasPanel_1 or CanvasPanel /Engine/Transient.World_4:Widget_WeaponAmmo_C_61.WidgetTree_0.CanvasPanel_1
[2018.12.21-01.42.39:814][813]LogUObjectHash: Warning: Ambiguous search, could be CanvasPanel /Engine/Transient.CanvasPanel_1 or CanvasPanel /Game/HUD.HUD:WidgetTree.Widget_WeaponAmmo.WidgetTree_0.CanvasPanel_1
[2018.12.21-01.42.39:814][813]LogUObjectHash: Warning: Ambiguous search, could be CanvasPanel /Engine/Transient.CanvasPanel_1 or CanvasPanel /Engine/Transient.World_4:Widget_WeaponAmmo_C_58.WidgetTree_0.CanvasPanel_1
[2018.12.21-01.42.39:814][813]LogUObjectHash: Warning: Ambiguous search, could be CanvasPanel /Engine/Transient.CanvasPanel_1 or CanvasPanel /Engine/Transient.World_7:HUD_C_16.WidgetTree_0.Widget_WeaponAmmo.WidgetTree_0.CanvasPanel_1
[2018.12.21-01.42.39:815][813]LogUObjectHash: Warning: Ambiguous search, could be CanvasPanel /Engine/Transient.CanvasPanel_1 or CanvasPanel /Game/Widget_WeaponAmmo.Widget_WeaponAmmo_C:WidgetTree.CanvasPanel_1
[2018.12.21-01.42.39:815][813]LogUObjectHash: Warning: Ambiguous search, could be CanvasPanel /Engine/Transient.CanvasPanel_1 or CanvasPanel /Engine/Transient.Widget_WeaponAmmo_C_1312:WidgetTree_0.CanvasPanel_1
[2018.12.21-01.42.39:815][813]LogUObjectHash: Warning: Ambiguous search, could be CanvasPanel /Engine/Transient.CanvasPanel_1 or CanvasPanel /Engine/Transient.REINST_Widget_WeaponAmmo_C_57:WidgetTree.CanvasPanel_1
[2018.12.21-01.42.39:815][813]LogUObjectHash: Warning: Ambiguous search, could be CanvasPanel /Engine/Transient.CanvasPanel_1 or CanvasPanel /Engine/Transient.REINST_Widget_WeaponAmmo_C_60:WidgetTree.CanvasPanel_1
[2018.12.21-01.42.39:815][813]LogUObjectHash: Warning: Ambiguous search, could be CanvasPanel /Engine/Transient.CanvasPanel_1 or CanvasPanel /Engine/Transient.World_4:Widget_WeaponAmmo_C_56.WidgetTree_0.CanvasPanel_1
[2018.12.21-01.42.39:815][813]LogProperty: Warning: Illegal TEXT reference to a private object in external package (CanvasPanelSlot /Engine/Transient.CanvasPanel_1:CanvasPanelSlot_0) from referencer (VerticalBox /Engine/UMG/Editor/Transient.VerticalBox_51).  Import failed...
[2018.12.21-01.42.39:815][813]LogProperty: Warning: ObjectProperty /Script/UMG.Widget:Slot: unresolved reference to 'CanvasPanelSlot'"CanvasPanel_1.CanvasPanelSlot_0"''
[2018.12.21-01.42.46:444][595]BlueprintLog: New page: Compile Widget_WeaponAmmo
[2018.12.21-01.42.53:692][433]BlueprintLog: New page: Compile Widget_WeaponAmmo
[2018.12.21-01.42.58:078][912]Cmd: OBJ SAVEPACKAGE PACKAGE="/Game/Widget_WeaponAmmo" FILE="D:/Documents/GitHub/TGP_PairProject/TGP_Project/Content/Widget_WeaponAmmo.uasset" SILENT=true
[2018.12.21-01.42.58:099][912]LogSavePackage: Moving 'D:/Documents/GitHub/TGP_PairProject/TGP_Project/Saved/Widget_WeaponAmmo3D6951DB4FA585CDEC83D2B095D3FCE0.tmp' to 'D:/Documents/GitHub/TGP_PairProject/TGP_Project/Content/Widget_WeaponAmmo.uasset'
[2018.12.21-01.43.00:250][167]BlueprintLog: New page: Compile HUD
[2018.12.21-01.43.13:988][773]Cmd: OBJ SAVEPACKAGE PACKAGE="/Game/Widget_WeaponAmmo" FILE="D:/Documents/GitHub/TGP_PairProject/TGP_Project/Content/Widget_WeaponAmmo.uasset" SILENT=true
[2018.12.21-01.43.14:033][773]LogSavePackage: Moving 'D:/Documents/GitHub/TGP_PairProject/TGP_Project/Saved/Widget_WeaponAmmo9441E72E42941EA0E6F333ACB28610ED.tmp' to 'D:/Documents/GitHub/TGP_PairProject/TGP_Project/Content/Widget_WeaponAmmo.uasset'
[2018.12.21-01.43.28:865][511]LogAssetEditorManager: Opening Asset editor for WidgetBlueprint /Game/Widget_Target.Widget_Target
[2018.12.21-01.44.08:254][167]LogFileHelpers: Editor autosave (incl. sublevels) for '/Game/Levels/BaseLevel' took 0.043
[2018.12.21-01.44.08:255][167]OBJ SavePackage: Generating thumbnails for [0] asset(s) in package [/Game/Blueprints/PlayerCharacter] ([1] browsable assets)...
[2018.12.21-01.44.08:256][167]OBJ SavePackage: Finished generating thumbnails for package [/Game/Blueprints/PlayerCharacter]
[2018.12.21-01.44.08:326][167]LogSavePackage: Moving 'D:/Documents/GitHub/TGP_PairProject/TGP_Project/Saved/PlayerCharacter_Auto2EBD4DB08456B63716CD737BC09D7586D.tmp' to 'D:/Documents/GitHub/TGP_PairProject/TGP_Project/Saved/Autosaves/Game/Blueprints/PlayerCharacter_Auto2.uasset'
[2018.12.21-01.44.08:867][167]OBJ SavePackage: Generating thumbnails for [0] asset(s) in package [/Game/HUD] ([1] browsable assets)...
[2018.12.21-01.44.08:867][167]OBJ SavePackage: Finished generating thumbnails for package [/Game/HUD]
[2018.12.21-01.44.08:868][167]Cmd: OBJ SAVEPACKAGE PACKAGE="/Game/HUD" FILE="D:/Documents/GitHub/TGP_PairProject/TGP_Project/Saved/Autosaves/Game/HUD_Auto2.uasset" SILENT=false AUTOSAVING=true
[2018.12.21-01.44.08:881][167]LogSavePackage: Moving 'D:/Documents/GitHub/TGP_PairProject/TGP_Project/Saved/HUD_Auto2C73088F84975884125EE02B3D03EACF3.tmp' to 'D:/Documents/GitHub/TGP_PairProject/TGP_Project/Saved/Autosaves/Game/HUD_Auto2.uasset'
[2018.12.21-01.44.08:884][167]OBJ SavePackage: Generating thumbnails for [0] asset(s) in package [/Game/Widget_Target] ([1] browsable assets)...
[2018.12.21-01.44.08:884][167]OBJ SavePackage: Finished generating thumbnails for package [/Game/Widget_Target]
[2018.12.21-01.44.08:884][167]Cmd: OBJ SAVEPACKAGE PACKAGE="/Game/Widget_Target" FILE="D:/Documents/GitHub/TGP_PairProject/TGP_Project/Saved/Autosaves/Game/Widget_Target_Auto2.uasset" SILENT=false AUTOSAVING=true
[2018.12.21-01.44.08:897][167]LogSavePackage: Moving 'D:/Documents/GitHub/TGP_PairProject/TGP_Project/Saved/Widget_Target_Auto218AFDA184FCE56DAD7418CA77D8021A5.tmp' to 'D:/Documents/GitHub/TGP_PairProject/TGP_Project/Saved/Autosaves/Game/Widget_Target_Auto2.uasset'
[2018.12.21-01.44.08:899][167]LogFileHelpers: Auto-saving content packages took 0.644
[2018.12.21-01.45.50:919][274]BlueprintLog: New page: Compile Widget_Target
[2018.12.21-01.46.19:829][671]LogUObjectHash: Warning: Ambiguous search, could be Overlay /Game/Widget_Target.Widget_Target:WidgetTree.Overlay_0 or Overlay /Engine/Transient.World_12:Widget_Target_C_13.WidgetTree_0.Overlay_0
[2018.12.21-01.46.19:829][671]LogUObjectHash: Warning: Ambiguous search, could be Overlay /Game/Widget_Target.Widget_Target:WidgetTree.Overlay_0 or Overlay /Engine/Transient.World_12:Widget_Target_C_14.WidgetTree_0.Overlay_0
[2018.12.21-01.46.19:829][671]LogUObjectHash: Warning: Ambiguous search, could be Overlay /Game/Widget_Target.Widget_Target:WidgetTree.Overlay_0 or Overlay /Engine/Transient.World_12:Widget_Target_C_15.WidgetTree_0.Overlay_0
[2018.12.21-01.46.19:830][671]LogUObjectHash: Warning: Ambiguous search, could be Overlay /Game/Widget_Target.Widget_Target:WidgetTree.Overlay_0 or Overlay /Engine/Transient.World_12:Widget_Target_C_16.WidgetTree_0.Overlay_0
[2018.12.21-01.46.19:830][671]LogProperty: Warning: Illegal TEXT reference to a private object in external package (OverlaySlot /Game/Widget_Target.Widget_Target:WidgetTree.Overlay_0.OverlaySlot_0) from referencer (Image /Engine/UMG/Editor/Transient.Target_Image).  Import failed...
[2018.12.21-01.46.19:830][671]LogProperty: Warning: ObjectProperty /Script/UMG.Widget:Slot: unresolved reference to 'OverlaySlot'"Overlay_0.OverlaySlot_0"''
[2018.12.21-01.46.41:638][217]LogSlate: Window 'Color Picker' being destroyed
[2018.12.21-01.46.52:925][541]LogSlate: Window 'Color Picker' being destroyed
[2018.12.21-01.47.00:400][425]LogUObjectHash: Warning: Ambiguous search, could be VerticalBox /Engine/Transient.World_12:Widget_Target_C_5.WidgetTree_0.VerticalBox_0 or VerticalBox /Engine/Transient.World_12:Widget_Target_C_13.WidgetTree_0.VerticalBox_0
[2018.12.21-01.47.00:400][425]LogUObjectHash: Warning: Ambiguous search, could be VerticalBox /Engine/Transient.World_12:Widget_Target_C_5.WidgetTree_0.VerticalBox_0 or VerticalBox /Game/Widget_Target.Widget_Target:WidgetTree.VerticalBox_0
[2018.12.21-01.47.00:400][425]LogUObjectHash: Warning: Ambiguous search, could be VerticalBox /Engine/Transient.World_12:Widget_Target_C_5.WidgetTree_0.VerticalBox_0 or VerticalBox /Engine/Transient.World_12:Widget_Target_C_4.WidgetTree_0.VerticalBox_0
[2018.12.21-01.47.00:400][425]LogUObjectHash: Warning: Ambiguous search, could be VerticalBox /Engine/Transient.World_12:Widget_Target_C_5.WidgetTree_0.VerticalBox_0 or VerticalBox /Engine/Transient.World_12:Widget_Target_C_15.WidgetTree_0.VerticalBox_0
[2018.12.21-01.47.00:400][425]LogUObjectHash: Warning: Ambiguous search, could be VerticalBox /Engine/Transient.World_12:Widget_Target_C_5.WidgetTree_0.VerticalBox_0 or VerticalBox /Engine/Transient.World_12:Widget_Target_C_14.WidgetTree_0.VerticalBox_0
[2018.12.21-01.47.00:400][425]LogUObjectHash: Warning: Ambiguous search, could be VerticalBox /Engine/Transient.World_12:Widget_Target_C_5.WidgetTree_0.VerticalBox_0 or VerticalBox /Game/Widget_Target.Widget_Target_C:WidgetTree.VerticalBox_0
[2018.12.21-01.47.00:400][425]LogUObjectHash: Warning: Ambiguous search, could be VerticalBox /Engine/Transient.World_12:Widget_Target_C_5.WidgetTree_0.VerticalBox_0 or VerticalBox /Engine/Transient.World_12:Widget_Target_C_10.WidgetTree_0.VerticalBox_0
[2018.12.21-01.47.00:400][425]LogUObjectHash: Warning: Ambiguous search, could be VerticalBox /Engine/Transient.World_12:Widget_Target_C_5.WidgetTree_0.VerticalBox_0 or VerticalBox /Engine/Transient.World_12:Widget_Target_C_9.WidgetTree_0.VerticalBox_0
[2018.12.21-01.47.00:401][425]LogUObjectHash: Warning: Ambiguous search, could be VerticalBox /Engine/Transient.World_12:Widget_Target_C_5.WidgetTree_0.VerticalBox_0 or VerticalBox /Engine/Transient.World_12:Widget_Target_C_18.WidgetTree_0.VerticalBox_0
[2018.12.21-01.47.00:401][425]LogUObjectHash: Warning: Ambiguous search, could be VerticalBox /Engine/Transient.World_12:Widget_Target_C_5.WidgetTree_0.VerticalBox_0 or VerticalBox /Engine/Transient.World_12:Widget_Target_C_17.WidgetTree_0.VerticalBox_0
[2018.12.21-01.47.00:401][425]LogUObjectHash: Warning: Ambiguous search, could be VerticalBox /Engine/Transient.World_12:Widget_Target_C_5.WidgetTree_0.VerticalBox_0 or VerticalBox /Engine/Transient.World_12:Widget_Target_C_12.WidgetTree_0.VerticalBox_0
[2018.12.21-01.47.00:401][425]LogUObjectHash: Warning: Ambiguous search, could be VerticalBox /Engine/Transient.World_12:Widget_Target_C_5.WidgetTree_0.VerticalBox_0 or VerticalBox /Engine/Transient.World_12:Widget_Target_C_7.WidgetTree_0.VerticalBox_0
[2018.12.21-01.47.00:401][425]LogUObjectHash: Warning: Ambiguous search, could be VerticalBox /Engine/Transient.World_12:Widget_Target_C_5.WidgetTree_0.VerticalBox_0 or VerticalBox /Engine/Transient.World_12:Widget_Target_C_6.WidgetTree_0.VerticalBox_0
[2018.12.21-01.47.00:401][425]LogUObjectHash: Warning: Ambiguous search, could be VerticalBox /Engine/Transient.World_12:Widget_Target_C_5.WidgetTree_0.VerticalBox_0 or VerticalBox /Engine/Transient.World_12:Widget_Target_C_16.WidgetTree_0.VerticalBox_0
[2018.12.21-01.47.00:401][425]LogUObjectHash: Warning: Ambiguous search, could be VerticalBox /Engine/Transient.World_12:Widget_Target_C_5.WidgetTree_0.VerticalBox_0 or VerticalBox /Engine/Transient.World_12:Widget_Target_C_11.WidgetTree_0.VerticalBox_0
[2018.12.21-01.47.00:401][425]LogUObjectHash: Warning: Ambiguous search, could be VerticalBoxSlot /Game/Widget_Target.Widget_Target:WidgetTree.VerticalBox_0.VerticalBoxSlot_5 or VerticalBoxSlot /Engine/Transient.World_12:Widget_Target_C_16.WidgetTree_0.VerticalBox_0.VerticalBoxSlot_5
[2018.12.21-01.47.00:401][425]LogUObjectHash: Warning: Ambiguous search, could be VerticalBoxSlot /Game/Widget_Target.Widget_Target:WidgetTree.VerticalBox_0.VerticalBoxSlot_5 or VerticalBoxSlot /Engine/Transient.World_12:Widget_Target_C_17.WidgetTree_0.VerticalBox_0.VerticalBoxSlot_5
[2018.12.21-01.47.00:402][425]LogUObjectHash: Warning: Ambiguous search, could be VerticalBoxSlot /Game/Widget_Target.Widget_Target:WidgetTree.VerticalBox_0.VerticalBoxSlot_5 or VerticalBoxSlot /Engine/Transient.World_12:Widget_Target_C_18.WidgetTree_0.VerticalBox_0.VerticalBoxSlot_5
[2018.12.21-01.47.00:402][425]LogProperty: Warning: Illegal TEXT reference to a private object in external package (VerticalBoxSlot /Game/Widget_Target.Widget_Target:WidgetTree.VerticalBox_0.VerticalBoxSlot_5) from referencer (Overlay /Engine/UMG/Editor/Transient.Overlay_0).  Import failed...
[2018.12.21-01.47.00:402][425]LogProperty: Warning: ObjectProperty /Script/UMG.Widget:Slot: unresolved reference to 'VerticalBoxSlot'"VerticalBox_0.VerticalBoxSlot_5"''
[2018.12.21-01.47.23:440][115]BlueprintLog: New page: Compile Widget_Target
[2018.12.21-01.47.23:850][155]Cmd: OBJ SAVEPACKAGE PACKAGE="/Game/Widget_Target" FILE="D:/Documents/GitHub/TGP_PairProject/TGP_Project/Content/Widget_Target.uasset" SILENT=true
[2018.12.21-01.47.23:862][155]LogSavePackage: Moving 'D:/Documents/GitHub/TGP_PairProject/TGP_Project/Saved/Widget_Target417884DF454783C07EEF089E507DF863.tmp' to 'D:/Documents/GitHub/TGP_PairProject/TGP_Project/Content/Widget_Target.uasset'
[2018.12.21-01.48.26:371][ 94]BlueprintLog: New page: Compile Widget_Target
[2018.12.21-01.48.30:309][552]BlueprintLog: New page: Compile HUD
[2018.12.21-01.48.32:705][822]Cmd: OBJ SAVEPACKAGE PACKAGE="/Game/HUD" FILE="D:/Documents/GitHub/TGP_PairProject/TGP_Project/Content/HUD.uasset" SILENT=true
[2018.12.21-01.48.32:713][822]LogSavePackage: Moving 'D:/Documents/GitHub/TGP_PairProject/TGP_Project/Saved/HUD614694CE4D33386FCD7B28A926D75E50.tmp' to 'D:/Documents/GitHub/TGP_PairProject/TGP_Project/Content/HUD.uasset'
[2018.12.21-01.48.34:247][  2]Cmd: OBJ SAVEPACKAGE PACKAGE="/Game/Widget_Target" FILE="D:/Documents/GitHub/TGP_PairProject/TGP_Project/Content/Widget_Target.uasset" SILENT=true
[2018.12.21-01.48.34:271][  2]LogSavePackage: Moving 'D:/Documents/GitHub/TGP_PairProject/TGP_Project/Saved/Widget_Target02EFC8AA40F294C7FC5E25A282D0CD3C.tmp' to 'D:/Documents/GitHub/TGP_PairProject/TGP_Project/Content/Widget_Target.uasset'
[2018.12.21-01.48.57:231][651]BlueprintLog: New page: Compile Widget_Target
[2018.12.21-01.48.57:574][656]Cmd: OBJ SAVEPACKAGE PACKAGE="/Game/Widget_Target" FILE="D:/Documents/GitHub/TGP_PairProject/TGP_Project/Content/Widget_Target.uasset" SILENT=true
[2018.12.21-01.48.57:598][656]LogSavePackage: Moving 'D:/Documents/GitHub/TGP_PairProject/TGP_Project/Saved/Widget_Target1AE9BFFA41E93719A14E24A1D2B80588.tmp' to 'D:/Documents/GitHub/TGP_PairProject/TGP_Project/Content/Widget_Target.uasset'
[2018.12.21-01.49.03:575][359]BlueprintLog: New page: Compile HUD
[2018.12.21-01.49.04:863][500]LogTemp: Repeating last play command: Selected Viewport
[2018.12.21-01.49.04:890][500]LogPlayLevel: PlayLevel: No blueprints needed recompiling
[2018.12.21-01.49.04:890][500]PIE: New page: PIE session: BaseLevel (21 Dec 2018 01:49:04)
[2018.12.21-01.49.04:891][500]LogPlayLevel: Creating play world package: /Game/Levels/UEDPIE_0_BaseLevel
[2018.12.21-01.49.04:894][500]LogPlayLevel: PIE: StaticDuplicateObject took: (0.003443s)
[2018.12.21-01.49.04:895][500]LogAIModule: Creating AISystem for world BaseLevel
[2018.12.21-01.49.04:895][500]LogPlayLevel: PIE: World Init took: (0.001025s)
[2018.12.21-01.49.04:896][500]LogPlayLevel: PIE: Created PIE world by copying editor world from /Game/Levels/BaseLevel.BaseLevel to /Game/Levels/UEDPIE_0_BaseLevel.BaseLevel (0.004927s)
[2018.12.21-01.49.04:954][500]LogInit: XAudio2 using 'Headphones (3- SteelSeries Arctis 7 Game)' : 2 channels at 48 kHz using 16 bits per sample (channel mask 0x3)
[2018.12.21-01.49.04:998][500]LogInit: FAudioDevice initialized.
[2018.12.21-01.49.05:030][500]LogLoad: Game class is 'GM_GAME_C'
[2018.12.21-01.49.05:031][500]LogWorld: Bringing World /Game/Levels/UEDPIE_0_BaseLevel.BaseLevel up for play (max tick rate 0) at 2018.12.21-01.49.05
[2018.12.21-01.49.05:032][500]LogWorld: Bringing up level for play took: 0.001455
[2018.12.21-01.49.05:047][500]PIE: Play in editor start time for /Game/Levels/UEDPIE_0_BaseLevel -0.157
[2018.12.21-01.49.06:222][638]LogBlueprintUserMessages: [EntranceToRestictedArea_2] yeet
[2018.12.21-01.49.06:289][646]LogBlueprintUserMessages: [EntranceToRestictedArea_2] yeet
[2018.12.21-01.49.06:565][679]LogBlueprintUserMessages: [EntranceToRestictedArea_2] yeet
[2018.12.21-01.49.06:581][681]LogBlueprintUserMessages: [EntranceToRestictedArea_2] yeet
[2018.12.21-01.49.06:632][687]LogBlueprintUserMessages: [EntranceToRestictedArea_2] yeet
[2018.12.21-01.49.06:648][689]LogBlueprintUserMessages: [EntranceToRestictedArea_2] yeet
[2018.12.21-01.49.07:957][846]LogBlueprintUserMessages: [EntranceToRestictedArea_2] yeet
[2018.12.21-01.49.08:023][854]LogBlueprintUserMessages: [EntranceToRestictedArea_2] yeet
[2018.12.21-01.49.08:240][880]LogBlueprintUserMessages: [EntranceToRestictedArea_2] yeet
[2018.12.21-01.49.08:307][888]LogBlueprintUserMessages: [EntranceToRestictedArea_2] yeet
[2018.12.21-01.49.08:324][890]LogBlueprintUserMessages: [EntranceToRestictedArea2] yeet
[2018.12.21-01.49.08:491][910]LogBlueprintUserMessages: [EntranceToRestictedArea_2] yeet
[2018.12.21-01.49.08:541][916]LogBlueprintUserMessages: [EntranceToRestictedArea_2] yeet
[2018.12.21-01.49.08:792][946]LogSlate: Updating window title bar state: overlay mode, drag disabled, window buttons hidden, title bar hidden
[2018.12.21-01.49.08:832][946]LogPlayLevel: Display: Shutting down PIE online subsystems
[2018.12.21-01.49.08:863][946]LogSlate: Updating window title bar state: overlay mode, drag disabled, window buttons hidden, title bar hidden
[2018.12.21-01.49.08:916][948]LogPlayLevel: Display: Destroying online subsystem :Context_17
[2018.12.21-01.49.10:589][144]LogSlate: FSceneViewport::OnFocusLost() reason 2
[2018.12.21-01.49.12:900][418]LogPlayLevel: PlayLevel: No blueprints needed recompiling
[2018.12.21-01.49.12:900][418]PIE: New page: PIE session: BaseLevel (21 Dec 2018 01:49:12)
[2018.12.21-01.49.12:900][418]LogPlayLevel: Creating play world package: /Game/Levels/UEDPIE_0_BaseLevel
[2018.12.21-01.49.12:904][418]LogPlayLevel: PIE: StaticDuplicateObject took: (0.003157s)
[2018.12.21-01.49.12:904][418]LogAIModule: Creating AISystem for world BaseLevel
[2018.12.21-01.49.12:905][418]LogPlayLevel: PIE: World Init took: (0.000942s)
[2018.12.21-01.49.12:905][418]LogPlayLevel: PIE: Created PIE world by copying editor world from /Game/Levels/BaseLevel.BaseLevel to /Game/Levels/UEDPIE_0_BaseLevel.BaseLevel (0.004432s)
[2018.12.21-01.49.12:967][418]LogInit: XAudio2 using 'Headphones (3- SteelSeries Arctis 7 Game)' : 2 channels at 48 kHz using 16 bits per sample (channel mask 0x3)
[2018.12.21-01.49.13:013][418]LogInit: FAudioDevice initialized.
[2018.12.21-01.49.13:017][418]LogSlate: FSceneViewport::OnFocusLost() reason 2
[2018.12.21-01.49.13:040][418]LogSlate: Updating window title bar state: overlay mode, drag disabled, window buttons hidden, title bar hidden
[2018.12.21-01.49.13:079][418]LogLoad: Game class is 'GM_GAME_C'
[2018.12.21-01.49.13:080][418]LogWorld: Bringing World /Game/Levels/UEDPIE_0_BaseLevel.BaseLevel up for play (max tick rate 0) at 2018.12.21-01.49.13
[2018.12.21-01.49.13:081][418]LogWorld: Bringing up level for play took: 0.001719
[2018.12.21-01.49.13:099][418]PIE: Play in editor start time for /Game/Levels/UEDPIE_0_BaseLevel -0.105
[2018.12.21-01.49.13:103][418]LogRenderer: Reallocating scene render targets to support 1292x756 Format 10 NumSamples 1 (Frame:1).
[2018.12.21-01.49.14:140][526]LogBlueprintUserMessages: [EntranceToRestictedArea_2] yeet
[2018.12.21-01.49.14:199][533]LogBlueprintUserMessages: [EntranceToRestictedArea_2] yeet
[2018.12.21-01.49.14:699][593]LogBlueprintUserMessages: [EntranceToRestictedArea_2] yeet
[2018.12.21-01.49.14:699][593]LogBlueprintUserMessages: [EntranceToRestictedArea_2] yeet
[2018.12.21-01.49.14:766][601]LogBlueprintUserMessages: [EntranceToRestictedArea_2] yeet
[2018.12.21-01.49.14:766][601]LogBlueprintUserMessages: [EntranceToRestictedArea_2] yeet
[2018.12.21-01.49.15:333][669]LogBlueprintUserMessages: [EntranceToRestictedArea_2] yeet
[2018.12.21-01.49.15:374][674]LogBlueprintUserMessages: [EntranceToRestictedArea_2] yeet
[2018.12.21-01.49.16:375][794]LogBlueprintUserMessages: [EntranceToRestictedArea_2] yeet
[2018.12.21-01.49.16:425][800]LogBlueprintUserMessages: [EntranceToRestictedArea_2] yeet
[2018.12.21-01.49.16:467][805]LogBlueprintUserMessages: [EntranceToRestictedArea2] yeet
[2018.12.21-01.49.17:009][870]LogBlueprintUserMessages: [EntranceToRestictedArea_2] yeet
[2018.12.21-01.49.17:075][878]LogBlueprintUserMessages: [EntranceToRestictedArea_2] yeet
[2018.12.21-01.49.17:076][878]LogBlueprintUserMessages: [EntranceToRestictedArea2] yeet
[2018.12.21-01.49.23:736][664]LogSlate: Updating window title bar state: overlay mode, drag disabled, window buttons hidden, title bar hidden
[2018.12.21-01.49.23:753][664]LogSlate: Window 'TGP_Project Game Preview Standalone (64-bit/PCD3D_SM5)' being destroyed
[2018.12.21-01.49.23:796][664]LogPlayLevel: Display: Shutting down PIE online subsystems
[2018.12.21-01.49.23:839][665]LogPlayLevel: Display: Destroying online subsystem :Context_18
[2018.12.21-01.49.46:190][  7]LogSlate: FSceneViewport::OnFocusLost() reason 0
[2018.12.21-01.50.11:811][ 35]LogAssetEditorManager: Opening Asset editor for WidgetBlueprint /Game/Widget_DetectionState.Widget_DetectionState
[2018.12.21-01.50.50:413][568]BlueprintLog: New page: Compile Widget_DetectionState
[2018.12.21-01.50.53:168][864]Cmd: OBJ SAVEPACKAGE PACKAGE="/Game/Widget_DetectionState" FILE="D:/Documents/GitHub/TGP_PairProject/TGP_Project/Content/Widget_DetectionState.uasset" SILENT=true
[2018.12.21-01.50.53:175][864]LogSavePackage: Moving 'D:/Documents/GitHub/TGP_PairProject/TGP_Project/Saved/Widget_DetectionState6F058A734EB62C250A8AFF93AA637D72.tmp' to 'D:/Documents/GitHub/TGP_PairProject/TGP_Project/Content/Widget_DetectionState.uasset'
[2018.12.21-01.51.09:729][759]BlueprintLog: New page: Compile HUD
[2018.12.21-01.51.22:189][217]Cmd: OBJ SAVEPACKAGE PACKAGE="/Game/HUD" FILE="D:/Documents/GitHub/TGP_PairProject/TGP_Project/Content/HUD.uasset" SILENT=true
[2018.12.21-01.51.22:211][217]LogSavePackage: Moving 'D:/Documents/GitHub/TGP_PairProject/TGP_Project/Saved/HUD201C4724460512A06490869099D688CE.tmp' to 'D:/Documents/GitHub/TGP_PairProject/TGP_Project/Content/HUD.uasset'
[2018.12.21-01.51.56:397][280]LogAssetEditorManager: Opening Asset editor for WidgetBlueprint /Game/Widget_Time.Widget_Time
[2018.12.21-01.52.21:968][261]BlueprintLog: New page: Compile Widget_Time
[2018.12.21-01.52.29:128][ 65]BlueprintLog: New page: Compile Widget_Time
[2018.12.21-01.52.35:206][763]BlueprintLog: New page: Compile Widget_Time
[2018.12.21-01.53.48:681][318]BlueprintLog: New page: Compile Widget_Time
[2018.12.21-01.54.00:133][618]BlueprintLog: New page: Compile HUD
[2018.12.21-01.54.01:916][812]LogTemp: Repeating last play command: New Editor Window (PIE)
[2018.12.21-01.54.01:947][812]LogPlayLevel: PlayLevel: No blueprints needed recompiling
[2018.12.21-01.54.01:947][812]PIE: New page: PIE session: BaseLevel (21 Dec 2018 01:54:01)
[2018.12.21-01.54.01:948][812]LogPlayLevel: Creating play world package: /Game/Levels/UEDPIE_0_BaseLevel
[2018.12.21-01.54.01:951][812]LogPlayLevel: PIE: StaticDuplicateObject took: (0.003290s)
[2018.12.21-01.54.01:952][812]LogAIModule: Creating AISystem for world BaseLevel
[2018.12.21-01.54.01:952][812]LogPlayLevel: PIE: World Init took: (0.000838s)
[2018.12.21-01.54.01:952][812]LogPlayLevel: PIE: Created PIE world by copying editor world from /Game/Levels/BaseLevel.BaseLevel to /Game/Levels/UEDPIE_0_BaseLevel.BaseLevel (0.004568s)
[2018.12.21-01.54.02:015][812]LogInit: XAudio2 using 'Headphones (3- SteelSeries Arctis 7 Game)' : 2 channels at 48 kHz using 16 bits per sample (channel mask 0x3)
[2018.12.21-01.54.02:057][812]LogInit: FAudioDevice initialized.
[2018.12.21-01.54.02:065][812]LogSlate: Updating window title bar state: overlay mode, drag disabled, window buttons hidden, title bar hidden
[2018.12.21-01.54.02:136][812]LogLoad: Game class is 'GM_GAME_C'
[2018.12.21-01.54.02:138][812]LogWorld: Bringing World /Game/Levels/UEDPIE_0_BaseLevel.BaseLevel up for play (max tick rate 0) at 2018.12.21-01.54.02
[2018.12.21-01.54.02:139][812]LogWorld: Bringing up level for play took: 0.001551
[2018.12.21-01.54.02:156][812]PIE: Play in editor start time for /Game/Levels/UEDPIE_0_BaseLevel 0.952
[2018.12.21-01.54.03:257][916]LogBlueprintUserMessages: [EntranceToRestictedArea_2] yeet
[2018.12.21-01.54.03:528][944]LogBlueprintUserMessages: [EntranceToRestictedArea_2] yeet
[2018.12.21-01.54.03:596][951]LogBlueprintUserMessages: [EntranceToRestictedArea2] yeet
[2018.12.21-01.54.03:606][952]LogBlueprintUserMessages: [EntranceToRestictedArea_2] yeet
[2018.12.21-01.54.03:704][962]LogBlueprintUserMessages: [EntranceToRestictedArea_2] yeet
[2018.12.21-01.54.03:715][963]LogBlueprintUserMessages: [EntranceToRestictedArea_2] yeet
[2018.12.21-01.54.03:763][968]LogBlueprintUserMessages: [EntranceToRestictedArea_2] yeet
[2018.12.21-01.54.03:773][969]LogBlueprintUserMessages: [EntranceToRestictedArea_2] yeet
[2018.12.21-01.54.04:691][ 63]LogSlate: Updating window title bar state: overlay mode, drag disabled, window buttons hidden, title bar hidden
[2018.12.21-01.54.04:709][ 63]LogSlate: Window 'TGP_Project Game Preview Standalone (64-bit/PCD3D_SM5)' being destroyed
[2018.12.21-01.54.04:745][ 63]LogPlayLevel: Display: Shutting down PIE online subsystems
[2018.12.21-01.54.04:795][ 64]LogPlayLevel: Display: Destroying online subsystem :Context_23
[2018.12.21-01.54.21:665][939]LogTemp: Repeating last play command: New Editor Window (PIE)
[2018.12.21-01.54.21:697][939]BlueprintLog: New page: Pre-Play auto-recompile
[2018.12.21-01.54.21:699][939]LogPlayLevel: [PlayLevel] Compiling HUD before play...
