Log file open, 12/17/18 23:21:14
LogWindows: Failed to load 'aqProf.dll' (GetLastError=126)
LogWindows: File 'aqProf.dll' does not exist
LogWindows: Failed to load 'VSPerf140.dll' (GetLastError=126)
LogWindows: File 'VSPerf140.dll' does not exist
LogWindows: Failed to load 'VtuneApi.dll' (GetLastError=126)
LogWindows: File 'VtuneApi.dll' does not exist
LogWindows: Failed to load 'VtuneApi32e.dll' (GetLastError=126)
LogWindows: File 'VtuneApi32e.dll' does not exist
LogInit: Display: Running engine for game: TGP_Project
LogPlatformFile: Not using cached read wrapper
LogTaskGraph: Started task graph with 5 named threads and 14 total threads with 3 sets of task threads.
LogStats: Stats thread started at 0.611441
LogD3D11RHI: Loaded GFSDK_Aftermath_Lib.x64.dll
LogICUInternationalization: Display: ICU TimeZone Detection - Raw Offset: +0:00, Platform Override: ''
LogPluginManager: Mounting plugin Paper2D
LogPluginManager: Mounting plugin AISupport
LogPluginManager: Mounting plugin LightPropagationVolume
LogPluginManager: Mounting plugin CLionSourceCodeAccess
LogPluginManager: Mounting plugin CodeLiteSourceCodeAccess
LogPluginManager: Mounting plugin GitSourceControl
LogPluginManager: Mounting plugin KDevelopSourceCodeAccess
LogPluginManager: Mounting plugin NullSourceCodeAccess
LogPluginManager: Mounting plugin PerforceSourceControl
LogPluginManager: Mounting plugin SubversionSourceControl
LogPluginManager: Mounting plugin UObjectPlugin
LogPluginManager: Mounting plugin VisualStudioCodeSourceCodeAccess
LogPluginManager: Mounting plugin VisualStudioSourceCodeAccess
LogPluginManager: Mounting plugin XCodeSourceCodeAccess
LogPluginManager: Mounting plugin AssetManagerEditor
LogPluginManager: Mounting plugin CryptoKeys
LogPluginManager: Mounting plugin DataValidation
LogPluginManager: Mounting plugin FacialAnimation
LogPluginManager: Mounting plugin GameplayTagsEditor
LogPluginManager: Mounting plugin MacGraphicsSwitching
LogPluginManager: Mounting plugin MeshEditor
LogPluginManager: Mounting plugin MobileLauncherProfileWizard
LogPluginManager: Mounting plugin PluginBrowser
LogPluginManager: Mounting plugin SpeedTreeImporter
LogPluginManager: Mounting plugin DatasmithContent
LogPluginManager: Mounting plugin AlembicImporter
LogPluginManager: Mounting plugin AppleImageUtils
LogPluginManager: Mounting plugin AppleVision
LogPluginManager: Mounting plugin BackChannel
LogPluginManager: Mounting plugin CharacterAI
LogPluginManager: Mounting plugin GeometryCache
LogPluginManager: Mounting plugin HTML5Networking
LogPluginManager: Mounting plugin ProxyLODPlugin
LogPluginManager: Mounting plugin MagicLeap
LogPluginManager: Mounting plugin MagicLeapEmulator
LogPluginManager: Mounting plugin MagicLeapMedia
LogPluginManager: Mounting plugin AndroidMedia
LogPluginManager: Mounting plugin AvfMedia
LogPluginManager: Mounting plugin ImgMedia
LogPluginManager: Mounting plugin LinearTimecode
LogPluginManager: Mounting plugin MediaCompositing
LogPluginManager: Mounting plugin MediaPlayerEditor
LogPluginManager: Mounting plugin WmfMedia
LogPluginManager: Mounting plugin TcpMessaging
LogPluginManager: Mounting plugin UdpMessaging
LogPluginManager: Mounting plugin ActorSequence
LogPluginManager: Mounting plugin LevelSequenceEditor
LogPluginManager: Mounting plugin MatineeToLevelSequence
LogPluginManager: Mounting plugin NetcodeUnitTest
LogPluginManager: Mounting plugin NUTUnrealEngine4
LogPluginManager: Mounting plugin OnlineSubsystemGooglePlay
LogPluginManager: Mounting plugin OnlineSubsystemIOS
LogPluginManager: Mounting plugin OnlineSubsystem
LogPluginManager: Mounting plugin OnlineSubsystemNull
LogPluginManager: Mounting plugin OnlineSubsystemUtils
LogPluginManager: Mounting plugin LauncherChunkInstaller
LogPluginManager: Mounting plugin AndroidDeviceProfileSelector
LogPluginManager: Mounting plugin AndroidMoviePlayer
LogPluginManager: Mounting plugin AndroidPermission
LogPluginManager: Mounting plugin AppleMoviePlayer
LogPluginManager: Mounting plugin ArchVisCharacter
LogPluginManager: Mounting plugin AudioCapture
LogPluginManager: Mounting plugin CableComponent
LogPluginManager: Mounting plugin CustomMeshComponent
LogPluginManager: Mounting plugin EditableMesh
LogPluginManager: Mounting plugin ExampleDeviceProfileSelector
LogPluginManager: Mounting plugin GoogleCloudMessaging
LogPluginManager: Mounting plugin ImmediatePhysics
LogPluginManager: Mounting plugin IOSDeviceProfileSelector
LogPluginManager: Mounting plugin LinuxDeviceProfileSelector
LogPluginManager: Mounting plugin LocationServicesBPLibrary
LogPluginManager: Mounting plugin MobilePatchingUtils
LogPluginManager: Mounting plugin OculusVR
LogPluginManager: Plugin shader directory ../../../Engine/Plugins/Runtime/Oculus/OculusVR/Shaders found
LogPluginManager: Mapping shader source directory ../../../Engine/Plugins/Runtime/Oculus/OculusVR/Shaders to virtual directory /Plugin/OculusVR
LogPluginManager: Mounting plugin PhysXVehicles
LogPluginManager: Mounting plugin ProceduralMeshComponent
LogPluginManager: Mounting plugin RuntimePhysXCooking
LogPluginManager: Mounting plugin SteamVR
LogPluginManager: Mounting plugin WindowsMoviePlayer
LogStreaming: Display: Took  0.148s to configure plugins.
LogInit: Using libcurl 7.55.1-DEV
LogInit:  - built for x86_64-pc-win32
LogInit:  - supports SSL with OpenSSL/1.0.2h
LogInit:  - supports HTTP deflate (compression) using libz 1.2.8
LogInit:  - other features:
LogInit:      CURL_VERSION_SSL
LogInit:      CURL_VERSION_LIBZ
LogInit:      CURL_VERSION_IPV6
LogInit:      CURL_VERSION_ASYNCHDNS
LogInit:      CURL_VERSION_LARGEFILE
LogInit:      CURL_VERSION_IDN
LogInit:  CurlRequestOptions (configurable via config and command line):
LogInit:  - bVerifyPeer = false  - Libcurl will NOT verify peer certificate
LogInit:  - bUseHttpProxy = false  - Libcurl will NOT use HTTP proxy
LogInit:  - bDontReuseConnections = false  - Libcurl will reuse connections
LogInit:  - CertBundlePath = nullptr  - Libcurl will use whatever was configured at build time.
LogInit:  - MaxHostConnections = 16  - Libcurl will limit the number of connections to a host
LogInit:  - LocalHostAddr = Default
LogInit:  - BufferSize = 65536
LogInit: WinSock: version 1.1 (2.2), MaxSocks=32767, MaxUdp=65467
LogInit: Build: ++UE4+Release-4.20-CL-4369336
LogInit: Engine Version: 4.20.3-4369336+++UE4+Release-4.20
LogInit: Compatible Engine Version: 4.20.0-4212847+++UE4+Release-4.20
LogInit: Net CL: 4212847
LogInit: OS: Windows 10 (), CPU: Intel(R) Core(TM) i5-4590 CPU @ 3.30GHz, GPU: NVIDIA GeForce GTX 1060 6GB
LogInit: Compiled (64-bit): Sep 17 2018 12:26:19
LogInit: Compiled with Visual C++: 19.13.26129.00
LogInit: Build Configuration: Development
LogInit: Branch Name: ++UE4+Release-4.20
LogInit: Command Line:  -skipcompile
LogInit: Base Directory: C:/Program Files/Epic Games/UE_4.20/Engine/Binaries/Win64/
LogInit: Installed Engine Build: 1
LogDevObjectVersion: Number of dev versions registered: 20
LogDevObjectVersion:   Dev-Blueprints (B0D832E4-1F89-4F0D-ACCF-7EB736FD4AA2): 10
LogDevObjectVersion:   Dev-Build (E1C64328-A22C-4D53-A36C-8E866417BD8C): 0
LogDevObjectVersion:   Dev-Core (375EC13C-06E4-48FB-B500-84F0262A717E): 2
LogDevObjectVersion:   Dev-Editor (E4B068ED-F494-42E9-A231-DA0B2E46BB41): 24
LogDevObjectVersion:   Dev-Framework (CFFC743F-43B0-4480-9391-14DF171D2073): 34
LogDevObjectVersion:   Dev-Mobile (B02B49B5-BB20-44E9-A304-32B752E40360): 2
LogDevObjectVersion:   Dev-Networking (A4E4105C-59A1-49B5-A7C5-40C4547EDFEE): 0
LogDevObjectVersion:   Dev-Online (39C831C9-5AE6-47DC-9A44-9C173E1C8E7C): 0
LogDevObjectVersion:   Dev-Physics (78F01B33-EBEA-4F98-B9B4-84EACCB95AA2): 0
LogDevObjectVersion:   Dev-Platform (6631380F-2D4D-43E0-8009-CF276956A95A): 0
LogDevObjectVersion:   Dev-Rendering (12F88B9F-8875-4AFC-A67C-D90C383ABD29): 26
LogDevObjectVersion:   Dev-Sequencer (7B5AE74C-D270-4C10-A958-57980B212A5A): 9
LogDevObjectVersion:   Dev-VR (D7296918-1DD6-4BDD-9DE2-64A83CC13884): 2
LogDevObjectVersion:   Dev-LoadTimes (C2A15278-BFE7-4AFE-6C17-90FF531DF755): 1
LogDevObjectVersion:   Private-Geometry (6EACA3D4-40EC-4CC1-B786-8BED09428FC5): 3
LogDevObjectVersion:   Dev-AnimPhys (29E575DD-E0A3-4627-9D10-D276232CDCEA): 17
LogDevObjectVersion:   Dev-ReflectionCapture (6B266CEC-1EC7-4B8F-A30B-E4D90942FC07): 1
LogDevObjectVersion:   Dev-Automation (0DF73D61-A23F-47EA-B727-89E90C41499A): 1
LogDevObjectVersion:   FortniteMain (601D1886-AC64-4F84-AA16-D3DE0DEAC7D6): 12
LogDevObjectVersion:   Dev-Enterprise (9DFFBCD6-494F-0158-E221-12823C92A888): 1
LogStreaming: Display: Took  0.002s to delete old logs.
LogInit: Presizing for max 8388607 objects, including 0 objects not considered by GC, pre-allocating 0 bytes for permanent pool.
LogInit: Object subsystem initialized
[2018.12.17-23.21.14:969][  0]LogInit: Selected Device Profile: [Windows]
[2018.12.17-23.21.14:970][  0]LogInit: Applying CVar settings loaded from the selected device profile: [Windows]
[2018.12.17-23.21.14:990][  0]LogHAL: Display: Platform has ~ 16 GB [17009229824 / 17179869184 / 16], which maps to Larger [LargestMinGB=32, LargerMinGB=12, DefaultMinGB=8, SmallerMinGB=6, SmallestMinGB=0)
[2018.12.17-23.21.14:991][  0]LogInit: Setting Device Profile CVar: [[r.Vulkan.UseRealUBs:1]]
[2018.12.17-23.21.14:991][  0]LogInit: Going up to parent DeviceProfile []
[2018.12.17-23.21.14:991][  0]LogInit: Computer: GROUNDZERO
[2018.12.17-23.21.14:991][  0]LogInit: User: TDSSK
[2018.12.17-23.21.14:991][  0]LogInit: CPU Page size=4096, Cores=4
[2018.12.17-23.21.14:992][  0]LogInit: High frequency timer resolution =3.222657 MHz
[2018.12.17-23.21.14:992][  0]LogMemory: Memory total: Physical=15.8GB (16GB approx)
[2018.12.17-23.21.14:992][  0]LogMemory: Platform Memory Stats for Windows
[2018.12.17-23.21.14:992][  0]LogMemory: Process Physical Memory: 102.73 MB used, 102.73 MB peak
[2018.12.17-23.21.14:992][  0]LogMemory: Process Virtual Memory: 96.33 MB used, 96.33 MB peak
[2018.12.17-23.21.14:992][  0]LogMemory: Physical Memory: 11657.77 MB used,  4563.49 MB free, 16221.27 MB total
[2018.12.17-23.21.14:992][  0]LogMemory: Virtual Memory: 536.47 MB used,  4563.49 MB free, 134217728.00 MB total
[2018.12.17-23.21.15:618][  0]LogInit: Using OS detected language (en-GB).
[2018.12.17-23.21.15:618][  0]LogInit: Using OS detected locale (en-GB).
[2018.12.17-23.21.15:619][  0]LogTextLocalizationManager: No specific localization for 'en-GB' exists, so the 'en' localization will be used.
[2018.12.17-23.21.16:011][  0]LogStreaming: Display: Took  0.393s to InitEngineTextLocalization.
[2018.12.17-23.21.16:012][  0]LogInit: Setting process to per monitor DPI aware
[2018.12.17-23.21.16:090][  0]LogSlate: New Slate User Created.  User Index 0, Is Virtual User: 0
[2018.12.17-23.21.16:090][  0]LogSlate: Slate User Registered.  User Index 0, Is Virtual User: 0
[2018.12.17-23.21.16:365][  0]LogHMD: Failed to initialize OpenVR with code 110
[2018.12.17-23.21.16:365][  0]LogD3D11RHI: D3D11 adapters:
[2018.12.17-23.21.16:511][  0]LogD3D11RHI:    0. 'NVIDIA GeForce GTX 1060 6GB' (Feature Level 11_0)
[2018.12.17-23.21.16:511][  0]LogD3D11RHI:       6052/0/8110 MB DedicatedVideo/DedicatedSystem/SharedSystem, Outputs:1, VendorId:0x10de
[2018.12.17-23.21.16:554][  0]LogD3D11RHI:    1. 'Intel(R) HD Graphics 4600' (Feature Level 11_0)
[2018.12.17-23.21.16:554][  0]LogD3D11RHI:       112/0/2048 MB DedicatedVideo/DedicatedSystem/SharedSystem, Outputs:0, VendorId:0x8086
[2018.12.17-23.21.16:646][  0]LogD3D11RHI:    2. 'Microsoft Basic Render Driver' (Feature Level 11_0)
[2018.12.17-23.21.16:646][  0]LogD3D11RHI:       0/0/8110 MB DedicatedVideo/DedicatedSystem/SharedSystem, Outputs:0, VendorId:0x1414
[2018.12.17-23.21.16:646][  0]LogD3D11RHI: Chosen D3D11 Adapter: 0
[2018.12.17-23.21.16:662][  0]LogD3D11RHI: Creating new Direct3DDevice
[2018.12.17-23.21.16:662][  0]LogD3D11RHI:     GPU DeviceId: 0x1c03 (for the marketing name, search the web for "GPU Device Id")
[2018.12.17-23.21.16:662][  0]LogWindows: EnumDisplayDevices:
[2018.12.17-23.21.16:663][  0]LogWindows:    0. 'NVIDIA GeForce GTX 1060 6GB' (P:1 D:1)
[2018.12.17-23.21.16:663][  0]LogWindows:    1. 'NVIDIA GeForce GTX 1060 6GB' (P:0 D:0)
[2018.12.17-23.21.16:664][  0]LogWindows:    2. 'NVIDIA GeForce GTX 1060 6GB' (P:0 D:0)
[2018.12.17-23.21.16:664][  0]LogWindows:    3. 'NVIDIA GeForce GTX 1060 6GB' (P:0 D:0)
[2018.12.17-23.21.16:665][  0]LogWindows:    4. 'Intel(R) HD Graphics 4600' (P:0 D:0)
[2018.12.17-23.21.16:666][  0]LogWindows:    5. 'Intel(R) HD Graphics 4600' (P:0 D:0)
[2018.12.17-23.21.16:666][  0]LogWindows:    6. 'Intel(R) HD Graphics 4600' (P:0 D:0)
[2018.12.17-23.21.16:667][  0]LogWindows: DebugString: PrimaryIsNotTheChoosenAdapter PrimaryIsNotTheChoosenAdapter PrimaryIsNotTheChoosenAdapter FoundDriverCount:4 
[2018.12.17-23.21.16:667][  0]LogD3D11RHI:     Adapter Name: NVIDIA GeForce GTX 1060 6GB
[2018.12.17-23.21.16:667][  0]LogD3D11RHI:   Driver Version: 397.64 (internal:24.21.13.9764, unified:397.64)
[2018.12.17-23.21.16:667][  0]LogD3D11RHI:      Driver Date: 5-7-2018
[2018.12.17-23.21.16:667][  0]LogRHI: Texture pool is 4236 MB (70% of 6052 MB)
[2018.12.17-23.21.16:731][  0]LogD3D11RHI: Async texture creation enabled
[2018.12.17-23.21.16:801][  0]LogD3D11RHI: GPU Timing Frequency: 1000.000000 (Debug: 2 2)
[2018.12.17-23.21.16:803][  0]LogShaderCompilers: Guid format shader working directory is -2 characters bigger than the processId version (D:/Documents/GitHub/TGP_PairProject/TGP_Project/Intermediate/Shaders/WorkingDirectory/23256/).
[2018.12.17-23.21.16:803][  0]LogShaderCompilers: Cleaned the shader compiler working directory 'C:/Users/TDSSK/AppData/Local/Temp/UnrealShaderWorkingDir/EDD6D0AD4CC03E930F12A4962A50921B/'.
[2018.12.17-23.21.17:147][  0]LogTemp: Display: Loaded TP AllDesktopTargetPlatform
[2018.12.17-23.21.17:171][  0]LogTemp: Display: Loaded TP MacClientTargetPlatform
[2018.12.17-23.21.17:192][  0]LogTemp: Display: Loaded TP MacNoEditorTargetPlatform
[2018.12.17-23.21.17:215][  0]LogTemp: Display: Loaded TP MacServerTargetPlatform
[2018.12.17-23.21.17:240][  0]LogTemp: Display: Loaded TP MacTargetPlatform
[2018.12.17-23.21.17:272][  0]LogTemp: Display: Loaded TP WindowsClientTargetPlatform
[2018.12.17-23.21.17:303][  0]LogTemp: Display: Loaded TP WindowsNoEditorTargetPlatform
[2018.12.17-23.21.17:327][  0]LogTemp: Display: Loaded TP WindowsServerTargetPlatform
[2018.12.17-23.21.17:346][  0]LogTemp: Display: Loaded TP WindowsTargetPlatform
[2018.12.17-23.21.17:441][  0]LogTemp: Display: Loaded TP AndroidTargetPlatform
[2018.12.17-23.21.17:441][  0]LogTemp: Display: Loaded TP AndroidTargetPlatform
[2018.12.17-23.21.17:441][  0]LogTemp: Display: Loaded TP AndroidTargetPlatform
[2018.12.17-23.21.17:441][  0]LogTemp: Display: Loaded TP AndroidTargetPlatform
[2018.12.17-23.21.17:441][  0]LogTemp: Display: Loaded TP AndroidTargetPlatform
[2018.12.17-23.21.17:441][  0]LogTemp: Display: Loaded TP AndroidTargetPlatform
[2018.12.17-23.21.17:441][  0]LogTemp: Display: Loaded TP AndroidTargetPlatform
[2018.12.17-23.21.17:441][  0]LogTemp: Display: Loaded TP AndroidTargetPlatform
[2018.12.17-23.21.17:441][  0]LogTemp: Display: Loaded TP AndroidTargetPlatform
[2018.12.17-23.21.17:441][  0]LogTemp: Display: Loaded TP AndroidTargetPlatform
[2018.12.17-23.21.17:441][  0]LogTemp: Display: Loaded TP AndroidTargetPlatform
[2018.12.17-23.21.17:441][  0]LogTemp: Display: Loaded TP AndroidTargetPlatform
[2018.12.17-23.21.17:441][  0]LogTemp: Display: Loaded TP AndroidTargetPlatform
[2018.12.17-23.21.17:442][  0]LogTemp: Display: Loaded TP AndroidTargetPlatform
[2018.12.17-23.21.17:442][  0]LogTemp: Display: Loaded TP AndroidTargetPlatform
[2018.12.17-23.21.17:442][  0]LogTemp: Display: Loaded TP AndroidTargetPlatform
[2018.12.17-23.21.17:442][  0]LogTemp: Display: Loaded TP AndroidTargetPlatform
[2018.12.17-23.21.17:442][  0]LogTemp: Display: Loaded TP AndroidTargetPlatform
[2018.12.17-23.21.17:457][  0]LogTemp: Display: Loaded TP HTML5TargetPlatform
[2018.12.17-23.21.17:564][  0]LogTemp: Display: Loaded TP IOSTargetPlatform
[2018.12.17-23.21.17:565][  0]LogTemp: Display: Loaded TP IOSTargetPlatform
[2018.12.17-23.21.17:610][  0]LogTemp: Display: Loaded TP TVOSTargetPlatform
[2018.12.17-23.21.17:610][  0]LogTemp: Display: Loaded TP TVOSTargetPlatform
[2018.12.17-23.21.17:632][  0]LogTemp: Display: Loaded TP LinuxClientTargetPlatform
[2018.12.17-23.21.17:665][  0]LogTemp: Display: Loaded TP LinuxNoEditorTargetPlatform
[2018.12.17-23.21.17:688][  0]LogTemp: Display: Loaded TP LinuxServerTargetPlatform
[2018.12.17-23.21.17:705][  0]LogTemp: Display: Loaded TP LinuxTargetPlatform
[2018.12.17-23.21.17:724][  0]LogTemp: Display: Loaded TP LuminTargetPlatform
[2018.12.17-23.21.17:725][  0]LogTargetPlatformManager: Display: Building Assets For Windows
[2018.12.17-23.21.18:080][  0]LogXGEController: Cleaning working directory: C:/Users/TDSSK/AppData/Local/Temp/UnrealXGEWorkingDir/
[2018.12.17-23.21.18:081][  0]LogXGEController: Cannot use XGE Controller as Incredibuild is not installed on this machine.
[2018.12.17-23.21.18:081][  0]LogShaderCompilers: Cannot use XGE Shader Compiler as Incredibuild is not installed on this machine.
[2018.12.17-23.21.18:081][  0]LogShaderCompilers: Display: Using Local Shader Compiler.
[2018.12.17-23.21.19:046][  0]LogDerivedDataCache: Display: Max Cache Size: 512 MB
[2018.12.17-23.21.19:132][  0]LogDerivedDataCache: Loaded boot cache 0.09s 71MB C:/Users/TDSSK/AppData/Local/UnrealEngine/4.20/DerivedDataCache/Boot.ddc.
[2018.12.17-23.21.19:133][  0]LogDerivedDataCache: Display: Loaded Boot cache: C:/Users/TDSSK/AppData/Local/UnrealEngine/4.20/DerivedDataCache/Boot.ddc
[2018.12.17-23.21.19:133][  0]LogDerivedDataCache: FDerivedDataBackendGraph:  Pak pak cache file D:/Documents/GitHub/TGP_PairProject/TGP_Project/DerivedDataCache/DDC.ddp not found, will not use a pak cache.
[2018.12.17-23.21.19:133][  0]LogDerivedDataCache: Unable to find inner node Pak for hierarchical cache Hierarchy.
[2018.12.17-23.21.19:133][  0]LogDerivedDataCache: FDerivedDataBackendGraph:  CompressedPak pak cache file D:/Documents/GitHub/TGP_PairProject/TGP_Project/DerivedDataCache/Compressed.ddp not found, will not use a pak cache.
[2018.12.17-23.21.19:133][  0]LogDerivedDataCache: Unable to find inner node CompressedPak for hierarchical cache Hierarchy.
[2018.12.17-23.21.19:147][  0]LogDerivedDataCache: Display: Pak cache opened for reading ../../../Engine/DerivedDataCache/Compressed.ddp.
[2018.12.17-23.21.19:161][  0]LogDerivedDataCache: Using Local data cache path C:/Users/TDSSK/AppData/Local/UnrealEngine/Common/DerivedDataCache: Writable
[2018.12.17-23.21.19:161][  0]LogDerivedDataCache: Shared data cache path not found in *engine.ini, will not use an Shared cache.
[2018.12.17-23.21.19:161][  0]LogDerivedDataCache: Unable to find inner node Shared for hierarchical cache Hierarchy.
[2018.12.17-23.21.19:184][  0]LogMaterial: Verifying Global Shaders for PCD3D_SM5
[2018.12.17-23.21.19:185][  0]LogSlate: Using FreeType 2.6.0
[2018.12.17-23.21.19:187][  0]LogSlate: SlateFontServices - WITH_FREETYPE: 1, WITH_HARFBUZZ: 1
[2018.12.17-23.21.19:282][  0]LogAssetRegistry: FAssetRegistry took 0.0288 seconds to start up
[2018.12.17-23.21.19:623][  0]LogInit: Selected Device Profile: [Windows]
[2018.12.17-23.21.19:874][  0]LogSimplygon: Simplygon DLL not present - disabling.
[2018.12.17-23.21.19:908][  0]LogMeshReduction: Using SimplygonSwarm for distributed automatic mesh merging
[2018.12.17-23.21.19:908][  0]LogMeshReduction: Using ProxyLODMeshReduction for automatic mesh merging
[2018.12.17-23.21.19:908][  0]LogMeshReduction: Using QuadricMeshReduction for automatic static mesh reduction
[2018.12.17-23.21.19:908][  0]LogMeshReduction: No automatic skeletal mesh reduction module available
[2018.12.17-23.21.19:925][  0]LogNetVersion: TGP_Project 1.0.0, NetCL: 4212847, EngineNetVer: 5, GameNetVer: 0 (Checksum: 95638710)
[2018.12.17-23.21.20:456][  0]LogPackageLocalizationCache: Processed 11 localized package path(s) for 2 prioritized culture(s) in 0.088780 seconds
[2018.12.17-23.21.20:463][  0]LogUObjectArray: 38425 objects as part of root set at end of initial load.
[2018.12.17-23.21.20:463][  0]LogUObjectAllocator: 6690872 out of 0 bytes used by permanent object pool.
[2018.12.17-23.21.20:463][  0]LogUObjectArray: CloseDisregardForGC: 0/0 objects in disregard for GC pool
[2018.12.17-23.21.22:323][  0]LogTcpMessaging: Initializing TcpMessaging bridge
[2018.12.17-23.21.22:350][  0]LogUdpMessaging: Initializing bridge on interface 0.0.0.0:0 to multicast group 230.0.0.1:6666.
[2018.12.17-23.21.23:647][  0]SourceControl: Source control is disabled
[2018.12.17-23.21.23:647][  0]SourceControl: Source control is disabled
[2018.12.17-23.21.23:814][  0]SourceControl: Source control is disabled
[2018.12.17-23.21.23:855][  0]SourceControl: Source control is disabled
[2018.12.17-23.21.25:670][  0]LogAndroidPermission: UAndroidPermissionCallbackProxy::GetInstance
[2018.12.17-23.21.26:180][  0]LogOcInput: OculusInput pre-init called
[2018.12.17-23.21.26:808][  0]LogEngine: Initializing Engine...
[2018.12.17-23.21.26:836][  0]LogHMD: Failed to initialize OpenVR with code 110
[2018.12.17-23.21.26:856][  0]LogStats: UGameplayTagsManager::ConstructGameplayTagTree: ImportINI prefixes -  0.001 s
[2018.12.17-23.21.26:856][  0]LogStats: UGameplayTagsManager::ConstructGameplayTagTree: Construct from data asset -  0.000 s
[2018.12.17-23.21.26:856][  0]LogStats: UGameplayTagsManager::ConstructGameplayTagTree: ImportINI -  0.000 s
[2018.12.17-23.21.26:857][  0]LogStats: UGameplayTagsManager::ConstructGameplayTagTree: GameplayTagTreeChangedEvent.Broadcast -  0.000 s
[2018.12.17-23.21.27:648][  0]LogInit: Initializing FReadOnlyCVARCache
[2018.12.17-23.21.28:062][  0]LogAIModule: Creating AISystem for world Untitled
[2018.12.17-23.21.28:272][  0]LogInit: XAudio2 using 'Headphones (3- SteelSeries Arctis 7 Game)' : 2 channels at 48 kHz using 16 bits per sample (channel mask 0x3)
[2018.12.17-23.21.28:371][  0]LogInit: FAudioDevice initialized.
[2018.12.17-23.21.28:372][  0]LogNetVersion: Set ProjectVersion to 1.0.0.0. Version Checksum will be recalculated on next use.
[2018.12.17-23.21.28:564][  0]LogDerivedDataCache: Saved boot cache 0.19s 71MB C:/Users/TDSSK/AppData/Local/UnrealEngine/4.20/DerivedDataCache/Boot.ddc.
[2018.12.17-23.21.28:580][  0]LogInit: Texture streaming: Enabled
[2018.12.17-23.21.28:740][  0]LogEngineSessionManager: EngineSessionManager initialized
[2018.12.17-23.21.28:740][  0]LogEngineSessionManager: EngineSessionManager sent abnormal shutdown report. Type=Debugger, SessionId={82513328-4E0F-63FB-EBD0-9AA3B966E91D}
[2018.12.17-23.21.28:741][  0]LogEngineSessionManager: EngineSessionManager sent abnormal shutdown report. Type=Debugger, SessionId={49CE91B7-439E-4F37-03F6-25B4858F5672}
[2018.12.17-23.21.28:851][  0]LogInit: Transaction tracking system initialized
[2018.12.17-23.21.29:304][  0]BlueprintLog: New page: Editor Load
[2018.12.17-23.21.31:201][  0]LocalizationService: Localization service is disabled
[2018.12.17-23.21.33:806][  0]LogFileCache: Scanning file cache for directory 'D:/Documents/GitHub/TGP_PairProject/TGP_Project/Content/' took 0.01s
[2018.12.17-23.21.33:806][  0]LogCook: Display: Max memory allowance for cook 16384mb min free memory 0mb
[2018.12.17-23.21.33:807][  0]LogCook: Display: Mobile HDR setting 1
[2018.12.17-23.21.33:807][  0]LogGameplayTags: Display: UGameplayTagsManager::DoneAddingNativeTags. DelegateIsBound: 0
[2018.12.17-23.21.33:807][  0]LogStats: UGameplayTagsManager::ConstructGameplayTagTree: ImportINI prefixes -  0.000 s
[2018.12.17-23.21.33:807][  0]LogStats: UGameplayTagsManager::ConstructGameplayTagTree: Construct from data asset -  0.000 s
[2018.12.17-23.21.33:807][  0]LogStats: UGameplayTagsManager::ConstructGameplayTagTree: ImportINI -  0.000 s
[2018.12.17-23.21.33:808][  0]LogStats: UGameplayTagsManager::ConstructGameplayTagTree: GameplayTagTreeChangedEvent.Broadcast -  0.000 s
[2018.12.17-23.21.35:872][  0]SourceControl: Source control is disabled
[2018.12.17-23.21.35:897][  0]Cmd: MAP LOAD FILE="D:/Documents/GitHub/TGP_PairProject/TGP_Project/Content/Levels/BaseLevel.umap" TEMPLATE=0 SHOWPROGRESS=1 FEATURELEVEL=3
[2018.12.17-23.21.35:996][  0]LightingResults: New page: Lighting Build
[2018.12.17-23.21.36:126][  0]MapCheck: New page: Map Check
[2018.12.17-23.21.36:127][  0]LightingResults: New page: Lighting Build
[2018.12.17-23.21.37:435][  0]LogAIModule: Creating AISystem for world BaseLevel
[2018.12.17-23.21.37:946][  0]LogEditorServer: Finished looking for orphan Actors (0.000 secs)
[2018.12.17-23.21.38:073][  0]Cmd: MAP CHECKDEP NOCLEARLOG
[2018.12.17-23.21.38:178][  0]MapCheck: Map check complete: 0 Error(s), 0 Warning(s), took 105.102ms to complete.
[2018.12.17-23.21.38:179][  0]LogFileHelpers: Loading map 'BaseLevel' took 2.295
[2018.12.17-23.21.39:349][  0]LogSlate: Updating window title bar state: overlay mode, drag disabled, window buttons hidden, title bar hidden
[2018.12.17-23.21.39:377][  0]LogSlate: Updating window title bar state: overlay mode, drag disabled, window buttons hidden, title bar hidden
[2018.12.17-23.21.39:393][  0]LogSlate: Updating window title bar state: overlay mode, drag disabled, window buttons hidden, title bar hidden
[2018.12.17-23.21.39:405][  0]LogSlate: Updating window title bar state: overlay mode, drag disabled, window buttons hidden, title bar hidden
[2018.12.17-23.21.39:591][  0]LogCollectionManager: Loaded 0 collections in 0.005784 seconds
[2018.12.17-23.21.39:790][  0]LogFileCache: Scanning file cache for directory 'D:/Documents/GitHub/TGP_PairProject/TGP_Project/Saved/Collections/' took 0.01s
[2018.12.17-23.21.39:790][  0]LogFileCache: Scanning file cache for directory 'D:/Documents/GitHub/TGP_PairProject/TGP_Project/Content/Developers/TDSSK/Collections/' took 0.02s
[2018.12.17-23.21.39:791][  0]LogFileCache: Scanning file cache for directory 'D:/Documents/GitHub/TGP_PairProject/TGP_Project/Content/Collections/' took 0.01s
[2018.12.17-23.21.39:791][  0]LogCollectionManager: Rebuilt the GUID cache for 0 collections in 0.000000 seconds
[2018.12.17-23.21.39:829][  0]LogContentBrowser: Native class hierarchy populated in 0.0357 seconds. Added 2585 classes and 606 folders.
[2018.12.17-23.21.39:939][  0]LogContentBrowser: Native class hierarchy updated for 'WidgetCarousel' in 0.0004 seconds. Added 0 classes and 0 folders.
[2018.12.17-23.21.41:170][  0]LogContentBrowser: Native class hierarchy updated for 'AddContentDialog' in 0.0008 seconds. Added 0 classes and 0 folders.
[2018.12.17-23.21.41:240][  0]LogContentBrowser: Native class hierarchy updated for 'SceneOutliner' in 0.0004 seconds. Added 1 classes and 2 folders.
[2018.12.17-23.21.42:253][  0]LogSlate: Took 0.015461 seconds to synchronously load lazily loaded font '../../../Engine/Content/Slate/Fonts/Roboto-Regular.ttf' (155K)
[2018.12.17-23.21.42:305][  0]LogSlate: Took 0.035154 seconds to synchronously load lazily loaded font '../../../Engine/Content/Slate/Fonts/Roboto-Bold.ttf' (160K)
[2018.12.17-23.21.42:402][  0]LogSlate: Took 0.020096 seconds to synchronously load lazily loaded font '../../../Engine/Content/Editor/Slate/Fonts/FontAwesome.ttf' (139K)
[2018.12.17-23.21.43:030][  0]LogRenderer: Reallocating scene render targets to support 1208x600 Format 10 NumSamples 1 (Frame:1).
[2018.12.17-23.21.43:690][  0]LogSlate: Took 0.031140 seconds to synchronously load lazily loaded font '../../../Engine/Content/Slate/Fonts/Roboto-Light.ttf' (167K)
[2018.12.17-23.21.43:983][  0]LogContentBrowser: Native class hierarchy updated for 'HierarchicalLODOutliner' in 0.0006 seconds. Added 0 classes and 0 folders.
[2018.12.17-23.21.43:983][  0]LogLoad: (Engine Initialization) Total time: 32.28 seconds
[2018.12.17-23.21.43:983][  0]LogLoad: (Engine Initialization) Total Blueprint compile time: 0.00 seconds
[2018.12.17-23.21.44:187][  0]LogContentStreaming: Texture pool size now 1000 MB
[2018.12.17-23.21.44:463][  1]LogFileCache: Retrieving MD5 hashes for directory 'D:/Documents/GitHub/TGP_PairProject/TGP_Project/Content/' took 0.42s
[2018.12.17-23.21.44:553][  2]LogAssetRegistry: Asset discovery search completed in 25.2947 seconds
[2018.12.17-23.21.44:556][  2]LogCollectionManager: Rebuilt the object cache for 0 collections in 0.000000 seconds (found 0 objects)
[2018.12.17-23.21.44:556][  2]LogCollectionManager: Fixed up redirectors for 0 collections in 0.000188 seconds (updated 0 objects)
[2018.12.17-23.23.48:201][671]LogSlate: FSceneViewport::OnFocusLost() reason 0
[2018.12.17-23.23.49:287][781]LogSlate: FSceneViewport::OnFocusLost() reason 2
[2018.12.17-23.23.53:913][232]LogSlate: FSceneViewport::OnFocusLost() reason 0
[2018.12.17-23.23.53:966][238]LogTemp: Repeating last play command: Selected Viewport
[2018.12.17-23.23.54:001][238]LogPlayLevel: PlayLevel: No blueprints needed recompiling
[2018.12.17-23.23.54:045][238]PIE: New page: PIE session: BaseLevel (17 Dec 2018 23:23:54)
[2018.12.17-23.23.54:045][238]LogPlayLevel: Creating play world package: /Game/Levels/UEDPIE_0_BaseLevel
[2018.12.17-23.23.54:070][238]LogPlayLevel: PIE: StaticDuplicateObject took: (0.025033s)
[2018.12.17-23.23.54:071][238]LogAIModule: Creating AISystem for world BaseLevel
[2018.12.17-23.23.54:071][238]LogPlayLevel: PIE: World Init took: (0.000869s)
[2018.12.17-23.23.54:071][238]LogPlayLevel: PIE: Created PIE world by copying editor world from /Game/Levels/BaseLevel.BaseLevel to /Game/Levels/UEDPIE_0_BaseLevel.BaseLevel (0.026344s)
[2018.12.17-23.23.54:124][238]LogInit: XAudio2 using 'Headphones (3- SteelSeries Arctis 7 Game)' : 2 channels at 48 kHz using 16 bits per sample (channel mask 0x3)
[2018.12.17-23.23.54:191][238]LogInit: FAudioDevice initialized.
[2018.12.17-23.23.54:271][238]LogLoad: Game class is 'GM_GAME_C'
[2018.12.17-23.23.54:283][238]LogWorld: Bringing World /Game/Levels/UEDPIE_0_BaseLevel.BaseLevel up for play (max tick rate 0) at 2018.12.17-23.23.54
[2018.12.17-23.23.54:368][238]LogWorld: Bringing up level for play took: 0.085384
[2018.12.17-23.23.54:452][238]LogContentBrowser: Native class hierarchy updated for 'MovieSceneCapture' in 0.0006 seconds. Added 10 classes and 0 folders.
