Log file open, 12/21/18 16:55:38
LogWindows: Failed to load 'aqProf.dll' (GetLastError=126)
LogWindows: File 'aqProf.dll' does not exist
LogWindows: Failed to load 'VSPerf140.dll' (GetLastError=126)
LogWindows: File 'VSPerf140.dll' does not exist
LogWindows: Failed to load 'VtuneApi.dll' (GetLastError=126)
LogWindows: File 'VtuneApi.dll' does not exist
LogWindows: Failed to load 'VtuneApi32e.dll' (GetLastError=126)
LogWindows: File 'VtuneApi32e.dll' does not exist
LogInit: Display: Running engine for game: TGP_Project
LogPlatformFile: Not using cached read wrapper
LogTaskGraph: Started task graph with 5 named threads and 14 total threads with 3 sets of task threads.
LogStats: Stats thread started at 1.303864
LogD3D11RHI: Loaded GFSDK_Aftermath_Lib.x64.dll
LogICUInternationalization: Display: ICU TimeZone Detection - Raw Offset: +0:00, Platform Override: ''
LogPluginManager: Mounting plugin Paper2D
LogPluginManager: Mounting plugin AISupport
LogPluginManager: Mounting plugin LightPropagationVolume
LogPluginManager: Mounting plugin CLionSourceCodeAccess
LogPluginManager: Mounting plugin CodeLiteSourceCodeAccess
LogPluginManager: Mounting plugin GitSourceControl
LogPluginManager: Mounting plugin KDevelopSourceCodeAccess
LogPluginManager: Mounting plugin NullSourceCodeAccess
LogPluginManager: Mounting plugin PerforceSourceControl
LogPluginManager: Mounting plugin SubversionSourceControl
LogPluginManager: Mounting plugin UObjectPlugin
LogPluginManager: Mounting plugin VisualStudioCodeSourceCodeAccess
LogPluginManager: Mounting plugin VisualStudioSourceCodeAccess
LogPluginManager: Mounting plugin XCodeSourceCodeAccess
LogPluginManager: Mounting plugin AssetManagerEditor
LogPluginManager: Mounting plugin CryptoKeys
LogPluginManager: Mounting plugin DataValidation
LogPluginManager: Mounting plugin FacialAnimation
LogPluginManager: Mounting plugin GameplayTagsEditor
LogPluginManager: Mounting plugin MacGraphicsSwitching
LogPluginManager: Mounting plugin MeshEditor
LogPluginManager: Mounting plugin MobileLauncherProfileWizard
LogPluginManager: Mounting plugin PluginBrowser
LogPluginManager: Mounting plugin SpeedTreeImporter
LogPluginManager: Mounting plugin DatasmithContent
LogPluginManager: Mounting plugin AlembicImporter
LogPluginManager: Mounting plugin AppleImageUtils
LogPluginManager: Mounting plugin AppleVision
LogPluginManager: Mounting plugin BackChannel
LogPluginManager: Mounting plugin CharacterAI
LogPluginManager: Mounting plugin GeometryCache
LogPluginManager: Mounting plugin HTML5Networking
LogPluginManager: Mounting plugin ProxyLODPlugin
LogPluginManager: Mounting plugin MagicLeap
LogPluginManager: Mounting plugin MagicLeapEmulator
LogPluginManager: Mounting plugin MagicLeapMedia
LogPluginManager: Mounting plugin AndroidMedia
LogPluginManager: Mounting plugin AvfMedia
LogPluginManager: Mounting plugin ImgMedia
LogPluginManager: Mounting plugin LinearTimecode
LogPluginManager: Mounting plugin MediaCompositing
LogPluginManager: Mounting plugin MediaPlayerEditor
LogPluginManager: Mounting plugin WmfMedia
LogPluginManager: Mounting plugin TcpMessaging
LogPluginManager: Mounting plugin UdpMessaging
LogPluginManager: Mounting plugin ActorSequence
LogPluginManager: Mounting plugin LevelSequenceEditor
LogPluginManager: Mounting plugin MatineeToLevelSequence
LogPluginManager: Mounting plugin NetcodeUnitTest
LogPluginManager: Mounting plugin NUTUnrealEngine4
LogPluginManager: Mounting plugin OnlineSubsystemGooglePlay
LogPluginManager: Mounting plugin OnlineSubsystemIOS
LogPluginManager: Mounting plugin OnlineSubsystem
LogPluginManager: Mounting plugin OnlineSubsystemNull
LogPluginManager: Mounting plugin OnlineSubsystemUtils
LogPluginManager: Mounting plugin LauncherChunkInstaller
LogPluginManager: Mounting plugin AndroidDeviceProfileSelector
LogPluginManager: Mounting plugin AndroidMoviePlayer
LogPluginManager: Mounting plugin AndroidPermission
LogPluginManager: Mounting plugin AppleMoviePlayer
LogPluginManager: Mounting plugin ArchVisCharacter
LogPluginManager: Mounting plugin AudioCapture
LogPluginManager: Mounting plugin CableComponent
LogPluginManager: Mounting plugin CustomMeshComponent
LogPluginManager: Mounting plugin EditableMesh
LogPluginManager: Mounting plugin ExampleDeviceProfileSelector
LogPluginManager: Mounting plugin GoogleCloudMessaging
LogPluginManager: Mounting plugin ImmediatePhysics
LogPluginManager: Mounting plugin IOSDeviceProfileSelector
LogPluginManager: Mounting plugin LinuxDeviceProfileSelector
LogPluginManager: Mounting plugin LocationServicesBPLibrary
LogPluginManager: Mounting plugin MobilePatchingUtils
LogPluginManager: Mounting plugin OculusVR
LogPluginManager: Plugin shader directory ../../../Engine/Plugins/Runtime/Oculus/OculusVR/Shaders found
LogPluginManager: Mapping shader source directory ../../../Engine/Plugins/Runtime/Oculus/OculusVR/Shaders to virtual directory /Plugin/OculusVR
LogPluginManager: Mounting plugin PhysXVehicles
LogPluginManager: Mounting plugin ProceduralMeshComponent
LogPluginManager: Mounting plugin RuntimePhysXCooking
LogPluginManager: Mounting plugin SteamVR
LogPluginManager: Mounting plugin WindowsMoviePlayer
LogStreaming: Display: Took  0.245s to configure plugins.
LogInit: Using libcurl 7.55.1-DEV
LogInit:  - built for x86_64-pc-win32
LogInit:  - supports SSL with OpenSSL/1.0.2h
LogInit:  - supports HTTP deflate (compression) using libz 1.2.8
LogInit:  - other features:
LogInit:      CURL_VERSION_SSL
LogInit:      CURL_VERSION_LIBZ
LogInit:      CURL_VERSION_IPV6
LogInit:      CURL_VERSION_ASYNCHDNS
LogInit:      CURL_VERSION_LARGEFILE
LogInit:      CURL_VERSION_IDN
LogInit:  CurlRequestOptions (configurable via config and command line):
LogInit:  - bVerifyPeer = false  - Libcurl will NOT verify peer certificate
LogInit:  - bUseHttpProxy = false  - Libcurl will NOT use HTTP proxy
LogInit:  - bDontReuseConnections = false  - Libcurl will reuse connections
LogInit:  - CertBundlePath = nullptr  - Libcurl will use whatever was configured at build time.
LogInit:  - MaxHostConnections = 16  - Libcurl will limit the number of connections to a host
LogInit:  - LocalHostAddr = Default
LogInit:  - BufferSize = 65536
LogInit: WinSock: version 1.1 (2.2), MaxSocks=32767, MaxUdp=65467
LogInit: Build: ++UE4+Release-4.20-CL-4369336
LogInit: Engine Version: 4.20.3-4369336+++UE4+Release-4.20
LogInit: Compatible Engine Version: 4.20.0-4212847+++UE4+Release-4.20
LogInit: Net CL: 4212847
LogInit: OS: Windows 10 (), CPU: Intel(R) Core(TM) i5-4590 CPU @ 3.30GHz, GPU: NVIDIA GeForce GTX 1060 6GB
LogInit: Compiled (64-bit): Sep 17 2018 12:26:19
LogInit: Compiled with Visual C++: 19.13.26129.00
LogInit: Build Configuration: Development
LogInit: Branch Name: ++UE4+Release-4.20
LogInit: Command Line:  -skipcompile
LogInit: Base Directory: C:/Program Files/Epic Games/UE_4.20/Engine/Binaries/Win64/
LogInit: Installed Engine Build: 1
LogDevObjectVersion: Number of dev versions registered: 20
LogDevObjectVersion:   Dev-Blueprints (B0D832E4-1F89-4F0D-ACCF-7EB736FD4AA2): 10
LogDevObjectVersion:   Dev-Build (E1C64328-A22C-4D53-A36C-8E866417BD8C): 0
LogDevObjectVersion:   Dev-Core (375EC13C-06E4-48FB-B500-84F0262A717E): 2
LogDevObjectVersion:   Dev-Editor (E4B068ED-F494-42E9-A231-DA0B2E46BB41): 24
LogDevObjectVersion:   Dev-Framework (CFFC743F-43B0-4480-9391-14DF171D2073): 34
LogDevObjectVersion:   Dev-Mobile (B02B49B5-BB20-44E9-A304-32B752E40360): 2
LogDevObjectVersion:   Dev-Networking (A4E4105C-59A1-49B5-A7C5-40C4547EDFEE): 0
LogDevObjectVersion:   Dev-Online (39C831C9-5AE6-47DC-9A44-9C173E1C8E7C): 0
LogDevObjectVersion:   Dev-Physics (78F01B33-EBEA-4F98-B9B4-84EACCB95AA2): 0
LogDevObjectVersion:   Dev-Platform (6631380F-2D4D-43E0-8009-CF276956A95A): 0
LogDevObjectVersion:   Dev-Rendering (12F88B9F-8875-4AFC-A67C-D90C383ABD29): 26
LogDevObjectVersion:   Dev-Sequencer (7B5AE74C-D270-4C10-A958-57980B212A5A): 9
LogDevObjectVersion:   Dev-VR (D7296918-1DD6-4BDD-9DE2-64A83CC13884): 2
LogDevObjectVersion:   Dev-LoadTimes (C2A15278-BFE7-4AFE-6C17-90FF531DF755): 1
LogDevObjectVersion:   Private-Geometry (6EACA3D4-40EC-4CC1-B786-8BED09428FC5): 3
LogDevObjectVersion:   Dev-AnimPhys (29E575DD-E0A3-4627-9D10-D276232CDCEA): 17
LogDevObjectVersion:   Dev-ReflectionCapture (6B266CEC-1EC7-4B8F-A30B-E4D90942FC07): 1
LogDevObjectVersion:   Dev-Automation (0DF73D61-A23F-47EA-B727-89E90C41499A): 1
LogDevObjectVersion:   FortniteMain (601D1886-AC64-4F84-AA16-D3DE0DEAC7D6): 12
LogDevObjectVersion:   Dev-Enterprise (9DFFBCD6-494F-0158-E221-12823C92A888): 1
LogStreaming: Display: Took  0.003s to delete old logs.
LogInit: Presizing for max 8388607 objects, including 0 objects not considered by GC, pre-allocating 0 bytes for permanent pool.
LogInit: Object subsystem initialized
[2018.12.21-16.55.39:626][  0]LogInit: Selected Device Profile: [Windows]
[2018.12.21-16.55.39:626][  0]LogInit: Applying CVar settings loaded from the selected device profile: [Windows]
[2018.12.21-16.55.39:649][  0]LogHAL: Display: Platform has ~ 16 GB [17009229824 / 17179869184 / 16], which maps to Larger [LargestMinGB=32, LargerMinGB=12, DefaultMinGB=8, SmallerMinGB=6, SmallestMinGB=0)
[2018.12.21-16.55.39:649][  0]LogInit: Setting Device Profile CVar: [[r.Vulkan.UseRealUBs:1]]
[2018.12.21-16.55.39:649][  0]LogInit: Going up to parent DeviceProfile []
[2018.12.21-16.55.39:656][  0]LogInit: Computer: GROUNDZERO
[2018.12.21-16.55.39:656][  0]LogInit: User: TDSSK
[2018.12.21-16.55.39:657][  0]LogInit: CPU Page size=4096, Cores=4
[2018.12.21-16.55.39:657][  0]LogInit: High frequency timer resolution =3.222648 MHz
[2018.12.21-16.55.39:657][  0]LogMemory: Memory total: Physical=15.8GB (16GB approx)
[2018.12.21-16.55.39:657][  0]LogMemory: Platform Memory Stats for Windows
[2018.12.21-16.55.39:657][  0]LogMemory: Process Physical Memory: 102.15 MB used, 102.15 MB peak
[2018.12.21-16.55.39:657][  0]LogMemory: Process Virtual Memory: 84.29 MB used, 84.29 MB peak
[2018.12.21-16.55.39:657][  0]LogMemory: Physical Memory: 11265.95 MB used,  4955.32 MB free, 16221.27 MB total
[2018.12.21-16.55.39:657][  0]LogMemory: Virtual Memory: 524.47 MB used,  4955.32 MB free, 134217728.00 MB total
[2018.12.21-16.55.40:552][  0]LogInit: Using OS detected language (en-GB).
[2018.12.21-16.55.40:552][  0]LogInit: Using OS detected locale (en-GB).
[2018.12.21-16.55.40:553][  0]LogTextLocalizationManager: No specific localization for 'en-GB' exists, so the 'en' localization will be used.
[2018.12.21-16.55.41:240][  0]LogStreaming: Display: Took  0.688s to InitEngineTextLocalization.
[2018.12.21-16.55.41:240][  0]LogInit: Setting process to per monitor DPI aware
[2018.12.21-16.55.41:537][  0]LogSlate: New Slate User Created.  User Index 0, Is Virtual User: 0
[2018.12.21-16.55.41:537][  0]LogSlate: Slate User Registered.  User Index 0, Is Virtual User: 0
[2018.12.21-16.55.43:464][  0]LogHMD: Failed to initialize OpenVR with code 110
[2018.12.21-16.55.43:464][  0]LogD3D11RHI: D3D11 adapters:
[2018.12.21-16.55.43:943][  0]LogD3D11RHI:    0. 'NVIDIA GeForce GTX 1060 6GB' (Feature Level 11_0)
[2018.12.21-16.55.43:943][  0]LogD3D11RHI:       6052/0/8110 MB DedicatedVideo/DedicatedSystem/SharedSystem, Outputs:1, VendorId:0x10de
[2018.12.21-16.55.44:201][  0]LogD3D11RHI:    1. 'Intel(R) HD Graphics 4600' (Feature Level 11_0)
[2018.12.21-16.55.44:201][  0]LogD3D11RHI:       112/0/2048 MB DedicatedVideo/DedicatedSystem/SharedSystem, Outputs:0, VendorId:0x8086
[2018.12.21-16.55.44:269][  0]LogD3D11RHI:    2. 'Microsoft Basic Render Driver' (Feature Level 11_0)
[2018.12.21-16.55.44:269][  0]LogD3D11RHI:       0/0/8110 MB DedicatedVideo/DedicatedSystem/SharedSystem, Outputs:0, VendorId:0x1414
[2018.12.21-16.55.44:270][  0]LogD3D11RHI: Chosen D3D11 Adapter: 0
[2018.12.21-16.55.44:297][  0]LogD3D11RHI: Creating new Direct3DDevice
[2018.12.21-16.55.44:297][  0]LogD3D11RHI:     GPU DeviceId: 0x1c03 (for the marketing name, search the web for "GPU Device Id")
[2018.12.21-16.55.44:297][  0]LogWindows: EnumDisplayDevices:
[2018.12.21-16.55.44:298][  0]LogWindows:    0. 'NVIDIA GeForce GTX 1060 6GB' (P:1 D:1)
[2018.12.21-16.55.44:298][  0]LogWindows:    1. 'NVIDIA GeForce GTX 1060 6GB' (P:0 D:0)
[2018.12.21-16.55.44:299][  0]LogWindows:    2. 'NVIDIA GeForce GTX 1060 6GB' (P:0 D:0)
[2018.12.21-16.55.44:300][  0]LogWindows:    3. 'NVIDIA GeForce GTX 1060 6GB' (P:0 D:0)
[2018.12.21-16.55.44:301][  0]LogWindows:    4. 'Intel(R) HD Graphics 4600' (P:0 D:0)
[2018.12.21-16.55.44:302][  0]LogWindows:    5. 'Intel(R) HD Graphics 4600' (P:0 D:0)
[2018.12.21-16.55.44:302][  0]LogWindows:    6. 'Intel(R) HD Graphics 4600' (P:0 D:0)
[2018.12.21-16.55.44:303][  0]LogWindows: DebugString: PrimaryIsNotTheChoosenAdapter PrimaryIsNotTheChoosenAdapter PrimaryIsNotTheChoosenAdapter FoundDriverCount:4 
[2018.12.21-16.55.44:303][  0]LogD3D11RHI:     Adapter Name: NVIDIA GeForce GTX 1060 6GB
[2018.12.21-16.55.44:303][  0]LogD3D11RHI:   Driver Version: 397.64 (internal:24.21.13.9764, unified:397.64)
[2018.12.21-16.55.44:303][  0]LogD3D11RHI:      Driver Date: 5-7-2018
[2018.12.21-16.55.44:303][  0]LogRHI: Texture pool is 4236 MB (70% of 6052 MB)
[2018.12.21-16.55.44:359][  0]LogD3D11RHI: Async texture creation enabled
[2018.12.21-16.55.44:533][  0]LogD3D11RHI: GPU Timing Frequency: 1000.000000 (Debug: 2 2)
[2018.12.21-16.55.44:537][  0]LogShaderCompilers: Guid format shader working directory is -2 characters bigger than the processId version (D:/Documents/GitHub/TGP_PairProject/TGP_Project/Intermediate/Shaders/WorkingDirectory/11224/).
[2018.12.21-16.55.44:537][  0]LogShaderCompilers: Cleaned the shader compiler working directory 'C:/Users/TDSSK/AppData/Local/Temp/UnrealShaderWorkingDir/46E1CB124D16E33A238921837A1FE306/'.
[2018.12.21-16.55.44:893][  0]LogTemp: Display: Loaded TP AllDesktopTargetPlatform
[2018.12.21-16.55.44:925][  0]LogTemp: Display: Loaded TP MacClientTargetPlatform
[2018.12.21-16.55.44:951][  0]LogTemp: Display: Loaded TP MacNoEditorTargetPlatform
[2018.12.21-16.55.44:972][  0]LogTemp: Display: Loaded TP MacServerTargetPlatform
[2018.12.21-16.55.45:006][  0]LogTemp: Display: Loaded TP MacTargetPlatform
[2018.12.21-16.55.45:048][  0]LogTemp: Display: Loaded TP WindowsClientTargetPlatform
[2018.12.21-16.55.45:078][  0]LogTemp: Display: Loaded TP WindowsNoEditorTargetPlatform
[2018.12.21-16.55.45:100][  0]LogTemp: Display: Loaded TP WindowsServerTargetPlatform
[2018.12.21-16.55.45:120][  0]LogTemp: Display: Loaded TP WindowsTargetPlatform
[2018.12.21-16.55.45:222][  0]LogTemp: Display: Loaded TP AndroidTargetPlatform
[2018.12.21-16.55.45:222][  0]LogTemp: Display: Loaded TP AndroidTargetPlatform
[2018.12.21-16.55.45:222][  0]LogTemp: Display: Loaded TP AndroidTargetPlatform
[2018.12.21-16.55.45:222][  0]LogTemp: Display: Loaded TP AndroidTargetPlatform
[2018.12.21-16.55.45:222][  0]LogTemp: Display: Loaded TP AndroidTargetPlatform
[2018.12.21-16.55.45:222][  0]LogTemp: Display: Loaded TP AndroidTargetPlatform
[2018.12.21-16.55.45:223][  0]LogTemp: Display: Loaded TP AndroidTargetPlatform
[2018.12.21-16.55.45:223][  0]LogTemp: Display: Loaded TP AndroidTargetPlatform
[2018.12.21-16.55.45:223][  0]LogTemp: Display: Loaded TP AndroidTargetPlatform
[2018.12.21-16.55.45:223][  0]LogTemp: Display: Loaded TP AndroidTargetPlatform
[2018.12.21-16.55.45:223][  0]LogTemp: Display: Loaded TP AndroidTargetPlatform
[2018.12.21-16.55.45:223][  0]LogTemp: Display: Loaded TP AndroidTargetPlatform
[2018.12.21-16.55.45:223][  0]LogTemp: Display: Loaded TP AndroidTargetPlatform
[2018.12.21-16.55.45:223][  0]LogTemp: Display: Loaded TP AndroidTargetPlatform
[2018.12.21-16.55.45:223][  0]LogTemp: Display: Loaded TP AndroidTargetPlatform
[2018.12.21-16.55.45:223][  0]LogTemp: Display: Loaded TP AndroidTargetPlatform
[2018.12.21-16.55.45:223][  0]LogTemp: Display: Loaded TP AndroidTargetPlatform
[2018.12.21-16.55.45:223][  0]LogTemp: Display: Loaded TP AndroidTargetPlatform
[2018.12.21-16.55.45:238][  0]LogTemp: Display: Loaded TP HTML5TargetPlatform
[2018.12.21-16.55.45:370][  0]LogTemp: Display: Loaded TP IOSTargetPlatform
[2018.12.21-16.55.45:370][  0]LogTemp: Display: Loaded TP IOSTargetPlatform
[2018.12.21-16.55.45:424][  0]LogTemp: Display: Loaded TP TVOSTargetPlatform
[2018.12.21-16.55.45:424][  0]LogTemp: Display: Loaded TP TVOSTargetPlatform
[2018.12.21-16.55.45:445][  0]LogTemp: Display: Loaded TP LinuxClientTargetPlatform
[2018.12.21-16.55.45:469][  0]LogTemp: Display: Loaded TP LinuxNoEditorTargetPlatform
[2018.12.21-16.55.45:489][  0]LogTemp: Display: Loaded TP LinuxServerTargetPlatform
[2018.12.21-16.55.45:518][  0]LogTemp: Display: Loaded TP LinuxTargetPlatform
[2018.12.21-16.55.45:536][  0]LogTemp: Display: Loaded TP LuminTargetPlatform
[2018.12.21-16.55.45:536][  0]LogTargetPlatformManager: Display: Building Assets For Windows
[2018.12.21-16.55.46:153][  0]LogXGEController: Cleaning working directory: C:/Users/TDSSK/AppData/Local/Temp/UnrealXGEWorkingDir/
[2018.12.21-16.55.46:154][  0]LogXGEController: Cannot use XGE Controller as Incredibuild is not installed on this machine.
[2018.12.21-16.55.46:154][  0]LogShaderCompilers: Cannot use XGE Shader Compiler as Incredibuild is not installed on this machine.
[2018.12.21-16.55.46:154][  0]LogShaderCompilers: Display: Using Local Shader Compiler.
[2018.12.21-16.55.50:575][  0]LogDerivedDataCache: Display: Max Cache Size: 512 MB
[2018.12.21-16.55.51:713][  0]LogDerivedDataCache: Loaded boot cache 1.14s 71MB C:/Users/TDSSK/AppData/Local/UnrealEngine/4.20/DerivedDataCache/Boot.ddc.
[2018.12.21-16.55.51:713][  0]LogDerivedDataCache: Display: Loaded Boot cache: C:/Users/TDSSK/AppData/Local/UnrealEngine/4.20/DerivedDataCache/Boot.ddc
[2018.12.21-16.55.51:714][  0]LogDerivedDataCache: FDerivedDataBackendGraph:  Pak pak cache file D:/Documents/GitHub/TGP_PairProject/TGP_Project/DerivedDataCache/DDC.ddp not found, will not use a pak cache.
[2018.12.21-16.55.51:714][  0]LogDerivedDataCache: Unable to find inner node Pak for hierarchical cache Hierarchy.
[2018.12.21-16.55.51:714][  0]LogDerivedDataCache: FDerivedDataBackendGraph:  CompressedPak pak cache file D:/Documents/GitHub/TGP_PairProject/TGP_Project/DerivedDataCache/Compressed.ddp not found, will not use a pak cache.
[2018.12.21-16.55.51:714][  0]LogDerivedDataCache: Unable to find inner node CompressedPak for hierarchical cache Hierarchy.
[2018.12.21-16.55.51:750][  0]LogDerivedDataCache: Display: Pak cache opened for reading ../../../Engine/DerivedDataCache/Compressed.ddp.
[2018.12.21-16.55.51:764][  0]LogDerivedDataCache: Using Local data cache path C:/Users/TDSSK/AppData/Local/UnrealEngine/Common/DerivedDataCache: Writable
[2018.12.21-16.55.51:764][  0]LogDerivedDataCache: Shared data cache path not found in *engine.ini, will not use an Shared cache.
[2018.12.21-16.55.51:764][  0]LogDerivedDataCache: Unable to find inner node Shared for hierarchical cache Hierarchy.
[2018.12.21-16.55.51:784][  0]LogMaterial: Verifying Global Shaders for PCD3D_SM5
[2018.12.21-16.55.51:785][  0]LogSlate: Using FreeType 2.6.0
[2018.12.21-16.55.51:819][  0]LogSlate: SlateFontServices - WITH_FREETYPE: 1, WITH_HARFBUZZ: 1
[2018.12.21-16.55.53:441][  0]LogAssetRegistry: FAssetRegistry took 0.0283 seconds to start up
[2018.12.21-16.55.53:948][  0]LogInit: Selected Device Profile: [Windows]
[2018.12.21-16.55.55:015][  0]LogSimplygon: Simplygon DLL not present - disabling.
[2018.12.21-16.55.55:123][  0]LogMeshReduction: Using SimplygonSwarm for distributed automatic mesh merging
[2018.12.21-16.55.55:123][  0]LogMeshReduction: Using ProxyLODMeshReduction for automatic mesh merging
[2018.12.21-16.55.55:123][  0]LogMeshReduction: Using QuadricMeshReduction for automatic static mesh reduction
[2018.12.21-16.55.55:124][  0]LogMeshReduction: No automatic skeletal mesh reduction module available
[2018.12.21-16.55.55:274][  0]LogNetVersion: TGP_Project 1.0.0, NetCL: 4212847, EngineNetVer: 5, GameNetVer: 0 (Checksum: 95638710)
[2018.12.21-16.55.57:573][  0]LogPackageLocalizationCache: Processed 11 localized package path(s) for 2 prioritized culture(s) in 0.090753 seconds
[2018.12.21-16.55.57:579][  0]LogUObjectArray: 38425 objects as part of root set at end of initial load.
[2018.12.21-16.55.57:579][  0]LogUObjectAllocator: 6690872 out of 0 bytes used by permanent object pool.
[2018.12.21-16.55.57:579][  0]LogUObjectArray: CloseDisregardForGC: 0/0 objects in disregard for GC pool
[2018.12.21-16.56.18:830][  0]LogTcpMessaging: Initializing TcpMessaging bridge
[2018.12.21-16.56.18:869][  0]LogUdpMessaging: Initializing bridge on interface 0.0.0.0:0 to multicast group 230.0.0.1:6666.
[2018.12.21-16.56.19:931][  0]SourceControl: Source control is disabled
[2018.12.21-16.56.19:931][  0]SourceControl: Source control is disabled
[2018.12.21-16.56.19:957][  0]SourceControl: Source control is disabled
[2018.12.21-16.56.19:976][  0]SourceControl: Source control is disabled
[2018.12.21-16.56.20:917][  0]LogAndroidPermission: UAndroidPermissionCallbackProxy::GetInstance
[2018.12.21-16.56.21:268][  0]LogOcInput: OculusInput pre-init called
[2018.12.21-16.56.21:523][  0]LogEngine: Initializing Engine...
[2018.12.21-16.56.21:524][  0]LogHMD: Failed to initialize OpenVR with code 110
[2018.12.21-16.56.21:526][  0]LogStats: UGameplayTagsManager::ConstructGameplayTagTree: ImportINI prefixes -  0.000 s
[2018.12.21-16.56.21:526][  0]LogStats: UGameplayTagsManager::ConstructGameplayTagTree: Construct from data asset -  0.000 s
[2018.12.21-16.56.21:526][  0]LogStats: UGameplayTagsManager::ConstructGameplayTagTree: ImportINI -  0.000 s
[2018.12.21-16.56.21:527][  0]LogStats: UGameplayTagsManager::ConstructGameplayTagTree: GameplayTagTreeChangedEvent.Broadcast -  0.000 s
[2018.12.21-16.56.22:313][  0]LogInit: Initializing FReadOnlyCVARCache
[2018.12.21-16.56.22:409][  0]LogAIModule: Creating AISystem for world Untitled
[2018.12.21-16.56.22:479][  0]LogInit: XAudio2 using 'Speakers (Realtek High Definition Audio)' : 2 channels at 48 kHz using 32 bits per sample (channel mask 0x3)
[2018.12.21-16.56.23:259][  0]LogInit: FAudioDevice initialized.
[2018.12.21-16.56.23:260][  0]LogNetVersion: Set ProjectVersion to 1.0.0.0. Version Checksum will be recalculated on next use.
[2018.12.21-16.56.23:545][  0]LogDerivedDataCache: Saved boot cache 0.29s 71MB C:/Users/TDSSK/AppData/Local/UnrealEngine/4.20/DerivedDataCache/Boot.ddc.
[2018.12.21-16.56.23:549][  0]LogInit: Texture streaming: Enabled
[2018.12.21-16.56.23:684][  0]LogEngineSessionManager: EngineSessionManager initialized
[2018.12.21-16.56.23:732][  0]LogInit: Transaction tracking system initialized
[2018.12.21-16.56.23:931][  0]BlueprintLog: New page: Editor Load
[2018.12.21-16.56.24:791][  0]LocalizationService: Localization service is disabled
[2018.12.21-16.56.26:817][  0]LogCook: Display: Max memory allowance for cook 16384mb min free memory 0mb
[2018.12.21-16.56.26:817][  0]LogCook: Display: Mobile HDR setting 1
[2018.12.21-16.56.26:817][  0]LogGameplayTags: Display: UGameplayTagsManager::DoneAddingNativeTags. DelegateIsBound: 0
[2018.12.21-16.56.26:817][  0]LogStats: UGameplayTagsManager::ConstructGameplayTagTree: ImportINI prefixes -  0.000 s
[2018.12.21-16.56.26:817][  0]LogStats: UGameplayTagsManager::ConstructGameplayTagTree: Construct from data asset -  0.000 s
[2018.12.21-16.56.26:818][  0]LogStats: UGameplayTagsManager::ConstructGameplayTagTree: ImportINI -  0.000 s
[2018.12.21-16.56.26:818][  0]LogStats: UGameplayTagsManager::ConstructGameplayTagTree: GameplayTagTreeChangedEvent.Broadcast -  0.000 s
[2018.12.21-16.56.26:892][  0]LogFileCache: Scanning file cache for directory 'D:/Documents/GitHub/TGP_PairProject/TGP_Project/Content/' took 0.03s
[2018.12.21-16.56.28:541][  0]SourceControl: Source control is disabled
[2018.12.21-16.56.28:541][  0]Cmd: MAP LOAD FILE="D:/Documents/GitHub/TGP_PairProject/TGP_Project/Content/Levels/BaseLevel.umap" TEMPLATE=0 SHOWPROGRESS=1 FEATURELEVEL=3
[2018.12.21-16.56.28:541][  0]LightingResults: New page: Lighting Build
[2018.12.21-16.56.28:559][  0]MapCheck: New page: Map Check
[2018.12.21-16.56.28:559][  0]LightingResults: New page: Lighting Build
[2018.12.21-16.56.29:173][  0]LogAIModule: Creating AISystem for world BaseLevel
[2018.12.21-16.56.29:223][  0]LogEditorServer: Finished looking for orphan Actors (0.014 secs)
[2018.12.21-16.56.29:244][  0]Cmd: MAP CHECKDEP NOCLEARLOG
[2018.12.21-16.56.29:350][  0]MapCheck: Map check complete: 0 Error(s), 0 Warning(s), took 106.004ms to complete.
[2018.12.21-16.56.29:351][  0]LogFileHelpers: Loading map 'BaseLevel' took 0.810
[2018.12.21-16.56.29:588][  0]LogSlate: Updating window title bar state: overlay mode, drag disabled, window buttons hidden, title bar hidden
[2018.12.21-16.56.29:611][  0]LogSlate: Updating window title bar state: overlay mode, drag disabled, window buttons hidden, title bar hidden
[2018.12.21-16.56.29:624][  0]LogSlate: Updating window title bar state: overlay mode, drag disabled, window buttons hidden, title bar hidden
[2018.12.21-16.56.29:633][  0]LogSlate: Updating window title bar state: overlay mode, drag disabled, window buttons hidden, title bar hidden
[2018.12.21-16.56.29:680][  0]LogCollectionManager: Loaded 0 collections in 0.004720 seconds
[2018.12.21-16.56.29:756][  0]LogFileCache: Scanning file cache for directory 'D:/Documents/GitHub/TGP_PairProject/TGP_Project/Saved/Collections/' took 0.01s
[2018.12.21-16.56.29:756][  0]LogFileCache: Scanning file cache for directory 'D:/Documents/GitHub/TGP_PairProject/TGP_Project/Content/Developers/TDSSK/Collections/' took 0.01s
[2018.12.21-16.56.29:756][  0]LogFileCache: Scanning file cache for directory 'D:/Documents/GitHub/TGP_PairProject/TGP_Project/Content/Collections/' took 0.01s
[2018.12.21-16.56.29:756][  0]LogCollectionManager: Rebuilt the GUID cache for 0 collections in 0.000000 seconds
[2018.12.21-16.56.29:772][  0]LogContentBrowser: Native class hierarchy populated in 0.0159 seconds. Added 2586 classes and 606 folders.
[2018.12.21-16.56.29:814][  0]LogContentBrowser: Native class hierarchy updated for 'WidgetCarousel' in 0.0003 seconds. Added 0 classes and 0 folders.
[2018.12.21-16.56.31:184][  0]LogContentBrowser: Native class hierarchy updated for 'AddContentDialog' in 0.0015 seconds. Added 0 classes and 0 folders.
[2018.12.21-16.56.31:227][  0]LogContentBrowser: Native class hierarchy updated for 'SceneOutliner' in 0.0005 seconds. Added 1 classes and 2 folders.
[2018.12.21-16.56.31:313][  0]LogSlate: Took 0.067392 seconds to synchronously load lazily loaded font '../../../Engine/Content/Slate/Fonts/Roboto-Regular.ttf' (155K)
[2018.12.21-16.56.31:357][  0]LogSlate: Took 0.037370 seconds to synchronously load lazily loaded font '../../../Engine/Content/Slate/Fonts/Roboto-Bold.ttf' (160K)
[2018.12.21-16.56.31:446][  0]LogSlate: Took 0.068378 seconds to synchronously load lazily loaded font '../../../Engine/Content/Editor/Slate/Fonts/FontAwesome.ttf' (139K)
[2018.12.21-16.56.31:723][  0]LogRenderer: Reallocating scene render targets to support 1208x600 Format 10 NumSamples 1 (Frame:1).
[2018.12.21-16.56.31:792][  0]LogSlate: Took 0.015505 seconds to synchronously load lazily loaded font '../../../Engine/Content/Slate/Fonts/Roboto-Light.ttf' (167K)
[2018.12.21-16.56.31:958][  0]LogContentBrowser: Native class hierarchy updated for 'HierarchicalLODOutliner' in 0.0003 seconds. Added 0 classes and 0 folders.
[2018.12.21-16.56.31:958][  0]LogLoad: (Engine Initialization) Total time: 69.65 seconds
[2018.12.21-16.56.31:958][  0]LogLoad: (Engine Initialization) Total Blueprint compile time: 0.00 seconds
[2018.12.21-16.56.31:969][  0]LogWindowsTextInputMethodSystem: Display: IME system now deactivated.
[2018.12.21-16.56.32:028][  0]LogContentStreaming: Texture pool size now 1000 MB
[2018.12.21-16.56.32:098][  1]LogFileCache: Retrieving MD5 hashes for directory 'D:/Documents/GitHub/TGP_PairProject/TGP_Project/Content/' took 0.11s
[2018.12.21-16.56.32:111][  1]LogAssetRegistry: Asset discovery search completed in 38.6935 seconds
[2018.12.21-16.56.32:113][  1]LogCollectionManager: Rebuilt the object cache for 0 collections in 0.000000 seconds (found 0 objects)
[2018.12.21-16.56.32:113][  1]LogCollectionManager: Fixed up redirectors for 0 collections in 0.000157 seconds (updated 0 objects)
[2018.12.21-16.56.36:346][504]LogSlate: FSceneViewport::OnFocusLost() reason 0
[2018.12.21-16.56.36:420][513]LogTemp: Repeating last play command: Selected Viewport
[2018.12.21-16.56.36:438][513]LogPlayLevel: PlayLevel: No blueprints needed recompiling
[2018.12.21-16.56.36:452][513]PIE: New page: PIE session: BaseLevel (21 Dec 2018 16:56:36)
[2018.12.21-16.56.36:452][513]LogPlayLevel: Creating play world package: /Game/Levels/UEDPIE_0_BaseLevel
[2018.12.21-16.56.36:456][513]LogPlayLevel: PIE: StaticDuplicateObject took: (0.003571s)
[2018.12.21-16.56.36:457][513]LogAIModule: Creating AISystem for world BaseLevel
[2018.12.21-16.56.36:457][513]LogPlayLevel: PIE: World Init took: (0.000799s)
[2018.12.21-16.56.36:457][513]LogPlayLevel: PIE: Created PIE world by copying editor world from /Game/Levels/BaseLevel.BaseLevel to /Game/Levels/UEDPIE_0_BaseLevel.BaseLevel (0.004688s)
[2018.12.21-16.56.36:506][513]LogInit: XAudio2 using 'Speakers (Realtek High Definition Audio)' : 2 channels at 48 kHz using 32 bits per sample (channel mask 0x3)
[2018.12.21-16.56.36:527][513]LogInit: FAudioDevice initialized.
[2018.12.21-16.56.36:572][513]LogLoad: Game class is 'GM_GAME_C'
[2018.12.21-16.56.36:574][513]LogWorld: Bringing World /Game/Levels/UEDPIE_0_BaseLevel.BaseLevel up for play (max tick rate 0) at 2018.12.21-16.56.36
[2018.12.21-16.56.36:576][513]LogWorld: Bringing up level for play took: 0.002339
[2018.12.21-16.56.36:621][513]LogContentBrowser: Native class hierarchy updated for 'MovieSceneCapture' in 0.0004 seconds. Added 10 classes and 0 folders.
[2018.12.21-16.56.36:623][513]LogBlueprintUserMessages: [EntranceToRestictedArea_2] yeet
[2018.12.21-16.56.36:623][513]LogBlueprintUserMessages: [EntranceToRestictedArea2] yeet
[2018.12.21-16.56.36:625][513]PIE: Play in editor start time for /Game/Levels/UEDPIE_0_BaseLevel -0.544
[2018.12.21-16.56.42:677][237]LogBlueprintUserMessages: [EntranceToRestictedArea_2] yeet
[2018.12.21-16.56.42:793][251]LogBlueprintUserMessages: [EntranceToRestictedArea_2] yeet
[2018.12.21-16.56.43:202][300]LogBlueprintUserMessages: [EntranceToRestictedArea2] yeet
[2018.12.21-16.56.43:310][313]LogBlueprintUserMessages: [EntranceToRestictedArea_2] yeet
[2018.12.21-16.56.43:327][315]LogBlueprintUserMessages: [EntranceToRestictedArea2] yeet
[2018.12.21-16.56.43:510][337]LogBlueprintUserMessages: [EntranceToRestictedArea_2] yeet
[2018.12.21-16.56.57:152][956]LogSlate: FSceneViewport::OnFocusLost() reason 0
[2018.12.21-16.56.57:219][964]LogNet: Browse: /Game/Levels/BaseLevel
[2018.12.21-16.56.57:220][964]LogLoad: LoadMap: /Game/Levels/BaseLevel
[2018.12.21-16.56.57:242][964]LogPlayLevel: Creating play world package: /Game/Levels/UEDPIE_0_BaseLevel
[2018.12.21-16.56.57:245][964]LogPlayLevel: PIE: StaticDuplicateObject took: (0.003142s)
[2018.12.21-16.56.57:246][964]LogAIModule: Creating AISystem for world BaseLevel
[2018.12.21-16.56.57:246][964]LogPlayLevel: PIE: World Init took: (0.000723s)
[2018.12.21-16.56.57:246][964]LogPlayLevel: PIE: Created PIE world by copying editor world from /Game/Levels/BaseLevel.BaseLevel to /Game/Levels/UEDPIE_0_BaseLevel.BaseLevel (0.004175s)
[2018.12.21-16.56.57:246][964]LogLoad: Game class is 'GM_GAME_C'
[2018.12.21-16.56.57:248][964]LogWorld: Bringing World /Game/Levels/UEDPIE_0_BaseLevel.BaseLevel up for play (max tick rate 0) at 2018.12.21-16.56.57
[2018.12.21-16.56.57:249][964]LogWorld: Bringing up level for play took: 0.001723
[2018.12.21-16.56.57:250][964]LogBlueprintUserMessages: [EntranceToRestictedArea_2] yeet
[2018.12.21-16.56.57:250][964]LogBlueprintUserMessages: [EntranceToRestictedArea2] yeet
[2018.12.21-16.56.57:252][964]LogLoad: Took 0.032244 seconds to LoadMap(/Game/Levels/UEDPIE_0_BaseLevel)
[2018.12.21-16.57.06:068][ 21]LogSlate: FSceneViewport::OnFocusLost() reason 0
[2018.12.21-16.57.06:127][ 28]LogNet: Browse: /Game/Levels/BaseLevel
[2018.12.21-16.57.06:127][ 28]LogLoad: LoadMap: /Game/Levels/BaseLevel
[2018.12.21-16.57.06:149][ 28]LogPlayLevel: Creating play world package: /Game/Levels/UEDPIE_0_BaseLevel
[2018.12.21-16.57.06:152][ 28]LogPlayLevel: PIE: StaticDuplicateObject took: (0.003092s)
[2018.12.21-16.57.06:153][ 28]LogAIModule: Creating AISystem for world BaseLevel
[2018.12.21-16.57.06:153][ 28]LogPlayLevel: PIE: World Init took: (0.000633s)
[2018.12.21-16.57.06:153][ 28]LogPlayLevel: PIE: Created PIE world by copying editor world from /Game/Levels/BaseLevel.BaseLevel to /Game/Levels/UEDPIE_0_BaseLevel.BaseLevel (0.004272s)
[2018.12.21-16.57.06:153][ 28]LogLoad: Game class is 'GM_GAME_C'
[2018.12.21-16.57.06:155][ 28]LogWorld: Bringing World /Game/Levels/UEDPIE_0_BaseLevel.BaseLevel up for play (max tick rate 0) at 2018.12.21-16.57.06
[2018.12.21-16.57.06:156][ 28]LogWorld: Bringing up level for play took: 0.001642
[2018.12.21-16.57.06:157][ 28]LogBlueprintUserMessages: [EntranceToRestictedArea_2] yeet
[2018.12.21-16.57.06:158][ 28]LogBlueprintUserMessages: [EntranceToRestictedArea2] yeet
[2018.12.21-16.57.06:159][ 28]LogLoad: Took 0.031963 seconds to LoadMap(/Game/Levels/UEDPIE_0_BaseLevel)
[2018.12.21-16.57.15:429][140]LogBlueprintUserMessages: [EntranceToRestictedArea2] yeet
[2018.12.21-16.57.20:147][706]LogSlate: FSceneViewport::OnFocusLost() reason 0
[2018.12.21-16.57.20:223][715]LogNet: Browse: /Game/Levels/BaseLevel
[2018.12.21-16.57.20:223][715]LogLoad: LoadMap: /Game/Levels/BaseLevel
[2018.12.21-16.57.20:245][715]LogPlayLevel: Creating play world package: /Game/Levels/UEDPIE_0_BaseLevel
[2018.12.21-16.57.20:248][715]LogPlayLevel: PIE: StaticDuplicateObject took: (0.003219s)
[2018.12.21-16.57.20:249][715]LogAIModule: Creating AISystem for world BaseLevel
[2018.12.21-16.57.20:249][715]LogPlayLevel: PIE: World Init took: (0.000734s)
[2018.12.21-16.57.20:249][715]LogPlayLevel: PIE: Created PIE world by copying editor world from /Game/Levels/BaseLevel.BaseLevel to /Game/Levels/UEDPIE_0_BaseLevel.BaseLevel (0.004337s)
[2018.12.21-16.57.20:249][715]LogLoad: Game class is 'GM_GAME_C'
[2018.12.21-16.57.20:251][715]LogWorld: Bringing World /Game/Levels/UEDPIE_0_BaseLevel.BaseLevel up for play (max tick rate 0) at 2018.12.21-16.57.20
[2018.12.21-16.57.20:252][715]LogWorld: Bringing up level for play took: 0.001844
[2018.12.21-16.57.20:253][715]LogBlueprintUserMessages: [EntranceToRestictedArea_2] yeet
[2018.12.21-16.57.20:253][715]LogBlueprintUserMessages: [EntranceToRestictedArea2] yeet
[2018.12.21-16.57.20:255][715]LogLoad: Took 0.031817 seconds to LoadMap(/Game/Levels/UEDPIE_0_BaseLevel)
[2018.12.21-16.57.27:666][604]LogBlueprintUserMessages: [EntranceToRestictedArea2] yeet
[2018.12.21-16.57.28:291][679]LogBlueprintUserMessages: [EntranceToRestictedArea_2] yeet
[2018.12.21-16.57.30:416][934]LogSlate: FSceneViewport::OnFocusLost() reason 0
[2018.12.21-16.57.30:475][941]LogNet: Browse: /Game/Levels/BaseLevel
[2018.12.21-16.57.30:475][941]LogLoad: LoadMap: /Game/Levels/BaseLevel
[2018.12.21-16.57.30:497][941]LogPlayLevel: Creating play world package: /Game/Levels/UEDPIE_0_BaseLevel
[2018.12.21-16.57.30:501][941]LogPlayLevel: PIE: StaticDuplicateObject took: (0.003440s)
[2018.12.21-16.57.30:502][941]LogAIModule: Creating AISystem for world BaseLevel
[2018.12.21-16.57.30:502][941]LogPlayLevel: PIE: World Init took: (0.000917s)
[2018.12.21-16.57.30:502][941]LogPlayLevel: PIE: Created PIE world by copying editor world from /Game/Levels/BaseLevel.BaseLevel to /Game/Levels/UEDPIE_0_BaseLevel.BaseLevel (0.004792s)
[2018.12.21-16.57.30:502][941]LogLoad: Game class is 'GM_GAME_C'
[2018.12.21-16.57.30:504][941]LogWorld: Bringing World /Game/Levels/UEDPIE_0_BaseLevel.BaseLevel up for play (max tick rate 0) at 2018.12.21-16.57.30
[2018.12.21-16.57.30:505][941]LogWorld: Bringing up level for play took: 0.001850
[2018.12.21-16.57.30:506][941]LogBlueprintUserMessages: [EntranceToRestictedArea_2] yeet
[2018.12.21-16.57.30:506][941]LogBlueprintUserMessages: [EntranceToRestictedArea2] yeet
[2018.12.21-16.57.30:508][941]LogLoad: Took 0.032642 seconds to LoadMap(/Game/Levels/UEDPIE_0_BaseLevel)
[2018.12.21-16.57.36:863][700]LogBlueprintUserMessages: [EntranceToRestictedArea2] yeet
[2018.12.21-16.57.37:413][766]LogBlueprintUserMessages: [EntranceToRestictedArea_2] yeet
[2018.12.21-16.57.38:213][860]LogBlueprintUserMessages: [EntranceToRestictedArea2] yeet
[2018.12.21-16.57.40:510][134]LogSlate: FSceneViewport::OnFocusLost() reason 0
[2018.12.21-16.57.40:577][142]LogNet: Browse: /Game/Levels/BaseLevel
[2018.12.21-16.57.40:578][142]LogLoad: LoadMap: /Game/Levels/BaseLevel
[2018.12.21-16.57.40:599][142]LogPlayLevel: Creating play world package: /Game/Levels/UEDPIE_0_BaseLevel
[2018.12.21-16.57.40:603][142]LogPlayLevel: PIE: StaticDuplicateObject took: (0.003152s)
[2018.12.21-16.57.40:603][142]LogAIModule: Creating AISystem for world BaseLevel
[2018.12.21-16.57.40:603][142]LogPlayLevel: PIE: World Init took: (0.000673s)
[2018.12.21-16.57.40:603][142]LogPlayLevel: PIE: Created PIE world by copying editor world from /Game/Levels/BaseLevel.BaseLevel to /Game/Levels/UEDPIE_0_BaseLevel.BaseLevel (0.004194s)
[2018.12.21-16.57.40:604][142]LogLoad: Game class is 'GM_GAME_C'
[2018.12.21-16.57.40:605][142]LogWorld: Bringing World /Game/Levels/UEDPIE_0_BaseLevel.BaseLevel up for play (max tick rate 0) at 2018.12.21-16.57.40
[2018.12.21-16.57.40:606][142]LogWorld: Bringing up level for play took: 0.001747
[2018.12.21-16.57.40:607][142]LogBlueprintUserMessages: [EntranceToRestictedArea_2] yeet
[2018.12.21-16.57.40:607][142]LogBlueprintUserMessages: [EntranceToRestictedArea2] yeet
[2018.12.21-16.57.40:609][142]LogLoad: Took 0.031516 seconds to LoadMap(/Game/Levels/UEDPIE_0_BaseLevel)
[2018.12.21-16.57.42:153][327]LogBlueprintUserMessages: [EntranceToRestictedArea2] yeet
[2018.12.21-16.57.42:779][402]LogBlueprintUserMessages: [EntranceToRestictedArea_2] yeet
[2018.12.21-16.57.44:753][639]LogSlate: FSceneViewport::OnFocusLost() reason 0
[2018.12.21-16.57.44:812][646]LogNet: Browse: /Game/Levels/BaseLevel
[2018.12.21-16.57.44:812][646]LogLoad: LoadMap: /Game/Levels/BaseLevel
[2018.12.21-16.57.44:833][646]LogPlayLevel: Creating play world package: /Game/Levels/UEDPIE_0_BaseLevel
[2018.12.21-16.57.44:836][646]LogPlayLevel: PIE: StaticDuplicateObject took: (0.003097s)
[2018.12.21-16.57.44:837][646]LogAIModule: Creating AISystem for world BaseLevel
[2018.12.21-16.57.44:837][646]LogPlayLevel: PIE: World Init took: (0.000856s)
[2018.12.21-16.57.44:838][646]LogPlayLevel: PIE: Created PIE world by copying editor world from /Game/Levels/BaseLevel.BaseLevel to /Game/Levels/UEDPIE_0_BaseLevel.BaseLevel (0.004449s)
[2018.12.21-16.57.44:838][646]LogLoad: Game class is 'GM_GAME_C'
[2018.12.21-16.57.44:839][646]LogWorld: Bringing World /Game/Levels/UEDPIE_0_BaseLevel.BaseLevel up for play (max tick rate 0) at 2018.12.21-16.57.44
[2018.12.21-16.57.44:840][646]LogWorld: Bringing up level for play took: 0.001884
[2018.12.21-16.57.44:842][646]LogBlueprintUserMessages: [EntranceToRestictedArea_2] yeet
[2018.12.21-16.57.44:842][646]LogBlueprintUserMessages: [EntranceToRestictedArea2] yeet
[2018.12.21-16.57.44:844][646]LogLoad: Took 0.031906 seconds to LoadMap(/Game/Levels/UEDPIE_0_BaseLevel)
[2018.12.21-16.57.49:822][243]LogBlueprintUserMessages: [EntranceToRestictedArea2] yeet
[2018.12.21-16.57.49:997][264]LogBlueprintUserMessages: [EntranceToRestictedArea_2] yeet
[2018.12.21-16.58.46:727][ 68]LogSlate: FSceneViewport::OnFocusLost() reason 0
[2018.12.21-16.58.46:802][ 77]LogNet: Browse: /Game/Levels/MainMenu
[2018.12.21-16.58.46:802][ 77]LogLoad: LoadMap: /Game/Levels/MainMenu
[2018.12.21-16.58.46:830][ 77]LogLinker: Warning: Can't find file '/Game/Levels/MainMenu_BuiltData'
[2018.12.21-16.58.46:830][ 77]LogLinker: Warning: Can't find file for asset '/Game/Levels/MainMenu_BuiltData' while loading D:/Documents/GitHub/TGP_PairProject/TGP_Project/Content/Levels/MainMenu.umap.
[2018.12.21-16.58.46:830][ 77]LoadErrors: Error: /Game/Levels/MainMenu : Can't find file for asset. /Game/Levels/MainMenu_BuiltData
[2018.12.21-16.58.46:831][ 77]LogLinker: Warning: Can't find file '/Game/Levels/MainMenu_BuiltData'
[2018.12.21-16.58.46:831][ 77]LogLinker: Warning: Can't find file for asset '/Game/Levels/MainMenu_BuiltData' while loading D:/Documents/GitHub/TGP_PairProject/TGP_Project/Content/Levels/MainMenu.umap.
[2018.12.21-16.58.46:838][ 77]LogLinker: Warning: Can't find file '/Game/Levels/MainMenu_BuiltData'
[2018.12.21-16.58.46:838][ 77]LogLinker: Warning: Can't find file for asset '/Game/Levels/MainMenu_BuiltData' while loading NULL.
[2018.12.21-16.58.46:838][ 77]LogLinker: Warning: Can't find file '/Game/Levels/MainMenu_BuiltData'
[2018.12.21-16.58.46:838][ 77]LogLinker: Warning: Can't find file for asset '/Game/Levels/MainMenu_BuiltData' while loading NULL.
[2018.12.21-16.58.46:841][ 77]LogLinker: Warning: Can't find file '/Game/Levels/MainMenu_BuiltData'
[2018.12.21-16.58.46:841][ 77]LoadErrors: Failed to load /Game/Levels/MainMenu_BuiltData.MainMenu_BuiltData Referenced by PersistentLevel
[2018.12.21-16.58.46:841][ 77]LogLinker: Warning: Can't find file for asset '/Game/Levels/MainMenu_BuiltData' while loading NULL.
[2018.12.21-16.58.47:352][ 77]LogAIModule: Creating AISystem for world MainMenu
[2018.12.21-16.58.47:352][ 77]LogLoad: Game class is 'MenuGameMode_C'
[2018.12.21-16.58.47:355][ 77]LogWorld: Bringing World /Game/Levels/UEDPIE_0_MainMenu.MainMenu up for play (max tick rate 0) at 2018.12.21-16.58.47
[2018.12.21-16.58.47:355][ 77]LogWorld: Bringing up level for play took: 0.001147
[2018.12.21-16.58.47:356][ 77]LogGameMode: FindPlayerStart: PATHS NOT DEFINED or NO PLAYERSTART with positive rating
[2018.12.21-16.58.47:359][ 77]LogLoad: Took 0.556840 seconds to LoadMap(/Game/Levels/MainMenu)
[2018.12.21-16.58.58:778][440]LogSlate: Updating window title bar state: overlay mode, drag disabled, window buttons hidden, title bar hidden
[2018.12.21-16.58.58:814][440]LogPlayLevel: Display: Shutting down PIE online subsystems
[2018.12.21-16.58.58:837][440]LogSlate: Updating window title bar state: overlay mode, drag disabled, window buttons hidden, title bar hidden
[2018.12.21-16.58.58:855][441]LogPlayLevel: Display: Destroying online subsystem :Context_3
