Log file open, 12/13/18 10:26:43
LogWindows: Failed to load 'aqProf.dll' (GetLastError=126)
LogWindows: File 'aqProf.dll' does not exist
LogWindows: Failed to load 'VSPerf140.dll' (GetLastError=126)
LogWindows: File 'VSPerf140.dll' does not exist
LogWindows: Failed to load 'VtuneApi.dll' (GetLastError=126)
LogWindows: File 'VtuneApi.dll' does not exist
LogWindows: Failed to load 'VtuneApi32e.dll' (GetLastError=126)
LogWindows: File 'VtuneApi32e.dll' does not exist
LogInit: Display: Running engine for game: TGP_Project
LogPlatformFile: Not using cached read wrapper
LogTaskGraph: Started task graph with 5 named threads and 23 total threads with 3 sets of task threads.
LogStats: Stats thread started at 0.511698
LogD3D11RHI: Loaded GFSDK_Aftermath_Lib.x64.dll
LogICUInternationalization: Display: ICU TimeZone Detection - Raw Offset: +0:00, Platform Override: ''
LogPluginManager: Mounting plugin Paper2D
LogPluginManager: Mounting plugin AISupport
LogPluginManager: Mounting plugin LightPropagationVolume
LogPluginManager: Mounting plugin CLionSourceCodeAccess
LogPluginManager: Mounting plugin CodeLiteSourceCodeAccess
LogPluginManager: Mounting plugin GitSourceControl
LogPluginManager: Mounting plugin KDevelopSourceCodeAccess
LogPluginManager: Mounting plugin NullSourceCodeAccess
LogPluginManager: Mounting plugin PerforceSourceControl
LogPluginManager: Mounting plugin SubversionSourceControl
LogPluginManager: Mounting plugin UObjectPlugin
LogPluginManager: Mounting plugin VisualStudioCodeSourceCodeAccess
LogPluginManager: Mounting plugin VisualStudioSourceCodeAccess
LogPluginManager: Mounting plugin XCodeSourceCodeAccess
LogPluginManager: Mounting plugin AssetManagerEditor
LogPluginManager: Mounting plugin CryptoKeys
LogPluginManager: Mounting plugin DataValidation
LogPluginManager: Mounting plugin FacialAnimation
LogPluginManager: Mounting plugin GameplayTagsEditor
LogPluginManager: Mounting plugin MacGraphicsSwitching
LogPluginManager: Mounting plugin MeshEditor
LogPluginManager: Mounting plugin MobileLauncherProfileWizard
LogPluginManager: Mounting plugin PluginBrowser
LogPluginManager: Mounting plugin SpeedTreeImporter
LogPluginManager: Mounting plugin DatasmithContent
LogPluginManager: Mounting plugin AlembicImporter
LogPluginManager: Mounting plugin AppleImageUtils
LogPluginManager: Mounting plugin AppleVision
LogPluginManager: Mounting plugin BackChannel
LogPluginManager: Mounting plugin CharacterAI
LogPluginManager: Mounting plugin GeometryCache
LogPluginManager: Mounting plugin HTML5Networking
LogPluginManager: Mounting plugin ProxyLODPlugin
LogPluginManager: Mounting plugin MagicLeap
LogPluginManager: Mounting plugin MagicLeapEmulator
LogPluginManager: Mounting plugin MagicLeapMedia
LogPluginManager: Mounting plugin AndroidMedia
LogPluginManager: Mounting plugin AvfMedia
LogPluginManager: Mounting plugin ImgMedia
LogPluginManager: Mounting plugin LinearTimecode
LogPluginManager: Mounting plugin MediaCompositing
LogPluginManager: Mounting plugin MediaPlayerEditor
LogPluginManager: Mounting plugin WmfMedia
LogPluginManager: Mounting plugin TcpMessaging
LogPluginManager: Mounting plugin UdpMessaging
LogPluginManager: Mounting plugin ActorSequence
LogPluginManager: Mounting plugin LevelSequenceEditor
LogPluginManager: Mounting plugin MatineeToLevelSequence
LogPluginManager: Mounting plugin NetcodeUnitTest
LogPluginManager: Mounting plugin NUTUnrealEngine4
LogPluginManager: Mounting plugin OnlineSubsystemGooglePlay
LogPluginManager: Mounting plugin OnlineSubsystemIOS
LogPluginManager: Mounting plugin OnlineSubsystem
LogPluginManager: Mounting plugin OnlineSubsystemNull
LogPluginManager: Mounting plugin OnlineSubsystemUtils
LogPluginManager: Mounting plugin LauncherChunkInstaller
LogPluginManager: Mounting plugin AndroidDeviceProfileSelector
LogPluginManager: Mounting plugin AndroidMoviePlayer
LogPluginManager: Mounting plugin AndroidPermission
LogPluginManager: Mounting plugin AppleMoviePlayer
LogPluginManager: Mounting plugin ArchVisCharacter
LogPluginManager: Mounting plugin AudioCapture
LogPluginManager: Mounting plugin CableComponent
LogPluginManager: Mounting plugin CustomMeshComponent
LogPluginManager: Mounting plugin EditableMesh
LogPluginManager: Mounting plugin ExampleDeviceProfileSelector
LogPluginManager: Mounting plugin GoogleCloudMessaging
LogPluginManager: Mounting plugin ImmediatePhysics
LogPluginManager: Mounting plugin IOSDeviceProfileSelector
LogPluginManager: Mounting plugin LinuxDeviceProfileSelector
LogPluginManager: Mounting plugin LocationServicesBPLibrary
LogPluginManager: Mounting plugin MobilePatchingUtils
LogPluginManager: Mounting plugin OculusVR
LogPluginManager: Plugin shader directory ../../../Engine/Plugins/Runtime/Oculus/OculusVR/Shaders found
LogPluginManager: Mapping shader source directory ../../../Engine/Plugins/Runtime/Oculus/OculusVR/Shaders to virtual directory /Plugin/OculusVR
LogPluginManager: Mounting plugin PhysXVehicles
LogPluginManager: Mounting plugin ProceduralMeshComponent
LogPluginManager: Mounting plugin RuntimePhysXCooking
LogPluginManager: Mounting plugin SteamVR
LogPluginManager: Mounting plugin WindowsMoviePlayer
LogStreaming: Display: Took  0.168s to configure plugins.
LogInit: Using libcurl 7.55.1-DEV
LogInit:  - built for x86_64-pc-win32
LogInit:  - supports SSL with OpenSSL/1.0.2h
LogInit:  - supports HTTP deflate (compression) using libz 1.2.8
LogInit:  - other features:
LogInit:      CURL_VERSION_SSL
LogInit:      CURL_VERSION_LIBZ
LogInit:      CURL_VERSION_IPV6
LogInit:      CURL_VERSION_ASYNCHDNS
LogInit:      CURL_VERSION_LARGEFILE
LogInit:      CURL_VERSION_IDN
LogInit:  CurlRequestOptions (configurable via config and command line):
LogInit:  - bVerifyPeer = false  - Libcurl will NOT verify peer certificate
LogInit:  - bUseHttpProxy = false  - Libcurl will NOT use HTTP proxy
LogInit:  - bDontReuseConnections = false  - Libcurl will reuse connections
LogInit:  - CertBundlePath = nullptr  - Libcurl will use whatever was configured at build time.
LogInit:  - MaxHostConnections = 16  - Libcurl will limit the number of connections to a host
LogInit:  - LocalHostAddr = Default
LogInit:  - BufferSize = 65536
LogInit: WinSock: version 1.1 (2.2), MaxSocks=32767, MaxUdp=65467
LogInit: Build: ++UE4+Release-4.20-CL-4369336
LogInit: Engine Version: 4.20.3-4369336+++UE4+Release-4.20
LogInit: Compatible Engine Version: 4.20.0-4212847+++UE4+Release-4.20
LogInit: Net CL: 4212847
LogInit: OS: Windows 10 (), CPU: Intel(R) Xeon(R) W-2123 CPU @ 3.60GHz, GPU: NVIDIA GeForce GTX 1070
LogInit: Compiled (64-bit): Sep 17 2018 12:26:19
LogInit: Compiled with Visual C++: 19.13.26129.00
LogInit: Build Configuration: Development
LogInit: Branch Name: ++UE4+Release-4.20
LogInit: Command Line:  -skipcompile
LogInit: Base Directory: C:/Epic/UE4/UE_4.20/Engine/Binaries/Win64/
LogInit: Installed Engine Build: 1
LogDevObjectVersion: Number of dev versions registered: 20
LogDevObjectVersion:   Dev-Blueprints (B0D832E4-1F89-4F0D-ACCF-7EB736FD4AA2): 10
LogDevObjectVersion:   Dev-Build (E1C64328-A22C-4D53-A36C-8E866417BD8C): 0
LogDevObjectVersion:   Dev-Core (375EC13C-06E4-48FB-B500-84F0262A717E): 2
LogDevObjectVersion:   Dev-Editor (E4B068ED-F494-42E9-A231-DA0B2E46BB41): 24
LogDevObjectVersion:   Dev-Framework (CFFC743F-43B0-4480-9391-14DF171D2073): 34
LogDevObjectVersion:   Dev-Mobile (B02B49B5-BB20-44E9-A304-32B752E40360): 2
LogDevObjectVersion:   Dev-Networking (A4E4105C-59A1-49B5-A7C5-40C4547EDFEE): 0
LogDevObjectVersion:   Dev-Online (39C831C9-5AE6-47DC-9A44-9C173E1C8E7C): 0
LogDevObjectVersion:   Dev-Physics (78F01B33-EBEA-4F98-B9B4-84EACCB95AA2): 0
LogDevObjectVersion:   Dev-Platform (6631380F-2D4D-43E0-8009-CF276956A95A): 0
LogDevObjectVersion:   Dev-Rendering (12F88B9F-8875-4AFC-A67C-D90C383ABD29): 26
LogDevObjectVersion:   Dev-Sequencer (7B5AE74C-D270-4C10-A958-57980B212A5A): 9
LogDevObjectVersion:   Dev-VR (D7296918-1DD6-4BDD-9DE2-64A83CC13884): 2
LogDevObjectVersion:   Dev-LoadTimes (C2A15278-BFE7-4AFE-6C17-90FF531DF755): 1
LogDevObjectVersion:   Private-Geometry (6EACA3D4-40EC-4CC1-B786-8BED09428FC5): 3
LogDevObjectVersion:   Dev-AnimPhys (29E575DD-E0A3-4627-9D10-D276232CDCEA): 17
LogDevObjectVersion:   Dev-ReflectionCapture (6B266CEC-1EC7-4B8F-A30B-E4D90942FC07): 1
LogDevObjectVersion:   Dev-Automation (0DF73D61-A23F-47EA-B727-89E90C41499A): 1
LogDevObjectVersion:   FortniteMain (601D1886-AC64-4F84-AA16-D3DE0DEAC7D6): 12
LogDevObjectVersion:   Dev-Enterprise (9DFFBCD6-494F-0158-E221-12823C92A888): 1
LogStreaming: Display: Took  0.003s to delete old logs.
LogInit: Presizing for max 8388607 objects, including 0 objects not considered by GC, pre-allocating 0 bytes for permanent pool.
LogInit: Object subsystem initialized
[2018.12.13-10.26.43:732][  0]LogInit: Selected Device Profile: [Windows]
[2018.12.13-10.26.43:733][  0]LogInit: Applying CVar settings loaded from the selected device profile: [Windows]
[2018.12.13-10.26.43:750][  0]LogHAL: Display: Platform has ~ 32 GB [34065870848 / 34359738368 / 32], which maps to Largest [LargestMinGB=32, LargerMinGB=12, DefaultMinGB=8, SmallerMinGB=6, SmallestMinGB=0)
[2018.12.13-10.26.43:750][  0]LogInit: Setting Device Profile CVar: [[r.Vulkan.UseRealUBs:1]]
[2018.12.13-10.26.43:750][  0]LogInit: Going up to parent DeviceProfile []
[2018.12.13-10.26.43:751][  0]LogInit: Computer: C117B-024
[2018.12.13-10.26.43:751][  0]LogInit: User: m013603g
[2018.12.13-10.26.43:751][  0]LogInit: CPU Page size=4096, Cores=4
[2018.12.13-10.26.43:751][  0]LogInit: High frequency timer resolution =3.515625 MHz
[2018.12.13-10.26.43:752][  0]LogMemory: Memory total: Physical=31.7GB (32GB approx)
[2018.12.13-10.26.43:752][  0]LogMemory: Platform Memory Stats for Windows
[2018.12.13-10.26.43:752][  0]LogMemory: Process Physical Memory: 102.25 MB used, 102.25 MB peak
[2018.12.13-10.26.43:752][  0]LogMemory: Process Virtual Memory: 93.21 MB used, 93.21 MB peak
[2018.12.13-10.26.43:752][  0]LogMemory: Physical Memory: 9075.07 MB used,  23412.68 MB free, 32487.75 MB total
[2018.12.13-10.26.43:752][  0]LogMemory: Virtual Memory: 4642.15 MB used,  23412.68 MB free, 134217728.00 MB total
[2018.12.13-10.26.43:860][  0]LogInit: Using OS detected language (en-US).
[2018.12.13-10.26.43:860][  0]LogInit: Using OS detected locale (en-GB).
[2018.12.13-10.26.43:861][  0]LogTextLocalizationManager: No specific localization for 'en-US' exists, so the 'en' localization will be used.
[2018.12.13-10.26.44:250][  0]LogStreaming: Display: Took  0.390s to InitEngineTextLocalization.
[2018.12.13-10.26.44:250][  0]LogInit: Setting process to per monitor DPI aware
[2018.12.13-10.26.44:315][  0]LogSlate: New Slate User Created.  User Index 0, Is Virtual User: 0
[2018.12.13-10.26.44:315][  0]LogSlate: Slate User Registered.  User Index 0, Is Virtual User: 0
[2018.12.13-10.26.44:569][  0]LogHMD: Failed to initialize OpenVR with code 110
[2018.12.13-10.26.44:569][  0]LogD3D11RHI: D3D11 adapters:
[2018.12.13-10.26.44:631][  0]LogD3D11RHI:    0. 'NVIDIA GeForce GTX 1070' (Feature Level 11_0)
[2018.12.13-10.26.44:631][  0]LogD3D11RHI:       8096/0/16243 MB DedicatedVideo/DedicatedSystem/SharedSystem, Outputs:2, VendorId:0x10de
[2018.12.13-10.26.44:635][  0]LogD3D11RHI:    1. 'Microsoft Basic Render Driver' (Feature Level 11_0)
[2018.12.13-10.26.44:636][  0]LogD3D11RHI:       0/0/16243 MB DedicatedVideo/DedicatedSystem/SharedSystem, Outputs:0, VendorId:0x1414
[2018.12.13-10.26.44:636][  0]LogD3D11RHI: Chosen D3D11 Adapter: 0
[2018.12.13-10.26.44:643][  0]LogD3D11RHI: Creating new Direct3DDevice
[2018.12.13-10.26.44:643][  0]LogD3D11RHI:     GPU DeviceId: 0x1b81 (for the marketing name, search the web for "GPU Device Id")
[2018.12.13-10.26.44:643][  0]LogWindows: EnumDisplayDevices:
[2018.12.13-10.26.44:643][  0]LogWindows:    0. 'NVIDIA GeForce GTX 1070' (P:1 D:1)
[2018.12.13-10.26.44:643][  0]LogWindows:    1. 'NVIDIA GeForce GTX 1070' (P:0 D:1)
[2018.12.13-10.26.44:644][  0]LogWindows:    2. 'NVIDIA GeForce GTX 1070' (P:0 D:0)
[2018.12.13-10.26.44:644][  0]LogWindows:    3. 'NVIDIA GeForce GTX 1070' (P:0 D:0)
[2018.12.13-10.26.44:644][  0]LogWindows: DebugString: FoundDriverCount:4 
[2018.12.13-10.26.44:644][  0]LogD3D11RHI:     Adapter Name: NVIDIA GeForce GTX 1070
[2018.12.13-10.26.44:644][  0]LogD3D11RHI:   Driver Version: 388.13 (internal:23.21.13.8813, unified:388.13)
[2018.12.13-10.26.44:644][  0]LogD3D11RHI:      Driver Date: 10-27-2017
[2018.12.13-10.26.44:644][  0]LogRHI: Texture pool is 5667 MB (70% of 8096 MB)
[2018.12.13-10.26.44:673][  0]LogD3D11RHI: Async texture creation enabled
[2018.12.13-10.26.44:683][  0]LogD3D11RHI: GPU Timing Frequency: 1000.000000 (Debug: 2 1)
[2018.12.13-10.26.44:685][  0]LogShaderCompilers: Guid format shader working directory is -28 characters bigger than the processId version (../../../../../../Users/m013603g/Documents/GitHub/TGP_PairProject/TGP_Project/Intermediate/Shaders/WorkingDirectory/1936/).
[2018.12.13-10.26.44:685][  0]LogShaderCompilers: Cleaned the shader compiler working directory 'C:/Users/m013603g/AppData/Local/Temp/UnrealShaderWorkingDir/97070F2F47965EEFC6C96987AB1306D6/'.
[2018.12.13-10.26.44:970][  0]LogTemp: Display: Loaded TP AllDesktopTargetPlatform
[2018.12.13-10.26.44:987][  0]LogTemp: Display: Loaded TP MacClientTargetPlatform
[2018.12.13-10.26.45:003][  0]LogTemp: Display: Loaded TP MacNoEditorTargetPlatform
[2018.12.13-10.26.45:027][  0]LogTemp: Display: Loaded TP MacServerTargetPlatform
[2018.12.13-10.26.45:042][  0]LogTemp: Display: Loaded TP MacTargetPlatform
[2018.12.13-10.26.45:058][  0]LogTemp: Display: Loaded TP WindowsClientTargetPlatform
[2018.12.13-10.26.45:072][  0]LogTemp: Display: Loaded TP WindowsNoEditorTargetPlatform
[2018.12.13-10.26.45:088][  0]LogTemp: Display: Loaded TP WindowsServerTargetPlatform
[2018.12.13-10.26.45:097][  0]LogTemp: Display: Loaded TP WindowsTargetPlatform
[2018.12.13-10.26.45:192][  0]LogTemp: Display: Loaded TP AndroidTargetPlatform
[2018.12.13-10.26.45:193][  0]LogTemp: Display: Loaded TP AndroidTargetPlatform
[2018.12.13-10.26.45:193][  0]LogTemp: Display: Loaded TP AndroidTargetPlatform
[2018.12.13-10.26.45:193][  0]LogTemp: Display: Loaded TP AndroidTargetPlatform
[2018.12.13-10.26.45:193][  0]LogTemp: Display: Loaded TP AndroidTargetPlatform
[2018.12.13-10.26.45:193][  0]LogTemp: Display: Loaded TP AndroidTargetPlatform
[2018.12.13-10.26.45:193][  0]LogTemp: Display: Loaded TP AndroidTargetPlatform
[2018.12.13-10.26.45:193][  0]LogTemp: Display: Loaded TP AndroidTargetPlatform
[2018.12.13-10.26.45:193][  0]LogTemp: Display: Loaded TP AndroidTargetPlatform
[2018.12.13-10.26.45:194][  0]LogTemp: Display: Loaded TP AndroidTargetPlatform
[2018.12.13-10.26.45:194][  0]LogTemp: Display: Loaded TP AndroidTargetPlatform
[2018.12.13-10.26.45:194][  0]LogTemp: Display: Loaded TP AndroidTargetPlatform
[2018.12.13-10.26.45:194][  0]LogTemp: Display: Loaded TP AndroidTargetPlatform
[2018.12.13-10.26.45:194][  0]LogTemp: Display: Loaded TP AndroidTargetPlatform
[2018.12.13-10.26.45:194][  0]LogTemp: Display: Loaded TP AndroidTargetPlatform
[2018.12.13-10.26.45:194][  0]LogTemp: Display: Loaded TP AndroidTargetPlatform
[2018.12.13-10.26.45:194][  0]LogTemp: Display: Loaded TP AndroidTargetPlatform
[2018.12.13-10.26.45:194][  0]LogTemp: Display: Loaded TP AndroidTargetPlatform
[2018.12.13-10.26.45:202][  0]LogTemp: Display: Loaded TP HTML5TargetPlatform
[2018.12.13-10.26.45:300][  0]LogTemp: Display: Loaded TP IOSTargetPlatform
[2018.12.13-10.26.45:300][  0]LogTemp: Display: Loaded TP IOSTargetPlatform
[2018.12.13-10.26.45:326][  0]LogTemp: Display: Loaded TP TVOSTargetPlatform
[2018.12.13-10.26.45:326][  0]LogTemp: Display: Loaded TP TVOSTargetPlatform
[2018.12.13-10.26.45:343][  0]LogTemp: Display: Loaded TP LinuxClientTargetPlatform
[2018.12.13-10.26.45:358][  0]LogTemp: Display: Loaded TP LinuxNoEditorTargetPlatform
[2018.12.13-10.26.45:385][  0]LogTemp: Display: Loaded TP LinuxServerTargetPlatform
[2018.12.13-10.26.45:400][  0]LogTemp: Display: Loaded TP LinuxTargetPlatform
[2018.12.13-10.26.45:411][  0]LogTemp: Display: Loaded TP LuminTargetPlatform
[2018.12.13-10.26.45:411][  0]LogTargetPlatformManager: Display: Building Assets For Windows
[2018.12.13-10.26.45:537][  0]LogXGEController: Cleaning working directory: C:/Users/m013603g/AppData/Local/Temp/UnrealXGEWorkingDir/
[2018.12.13-10.26.45:537][  0]LogXGEController: Cannot use XGE Controller as Incredibuild is not installed on this machine.
[2018.12.13-10.26.45:537][  0]LogShaderCompilers: Cannot use XGE Shader Compiler as Incredibuild is not installed on this machine.
[2018.12.13-10.26.45:537][  0]LogShaderCompilers: Display: Using Local Shader Compiler.
[2018.12.13-10.26.46:359][  0]LogDerivedDataCache: Display: Max Cache Size: 512 MB
[2018.12.13-10.26.46:432][  0]LogDerivedDataCache: Loaded boot cache 0.07s 71MB C:/Users/m013603g/AppData/Local/UnrealEngine/4.20/DerivedDataCache/Boot.ddc.
[2018.12.13-10.26.46:433][  0]LogDerivedDataCache: Display: Loaded Boot cache: C:/Users/m013603g/AppData/Local/UnrealEngine/4.20/DerivedDataCache/Boot.ddc
[2018.12.13-10.26.46:434][  0]LogDerivedDataCache: FDerivedDataBackendGraph:  Pak pak cache file ../../../../../../Users/m013603g/Documents/GitHub/TGP_PairProject/TGP_Project/DerivedDataCache/DDC.ddp not found, will not use a pak cache.
[2018.12.13-10.26.46:434][  0]LogDerivedDataCache: Unable to find inner node Pak for hierarchical cache Hierarchy.
[2018.12.13-10.26.46:434][  0]LogDerivedDataCache: FDerivedDataBackendGraph:  CompressedPak pak cache file ../../../../../../Users/m013603g/Documents/GitHub/TGP_PairProject/TGP_Project/DerivedDataCache/Compressed.ddp not found, will not use a pak cache.
[2018.12.13-10.26.46:434][  0]LogDerivedDataCache: Unable to find inner node CompressedPak for hierarchical cache Hierarchy.
[2018.12.13-10.26.46:462][  0]LogDerivedDataCache: Display: Pak cache opened for reading ../../../Engine/DerivedDataCache/Compressed.ddp.
[2018.12.13-10.26.46:476][  0]LogDerivedDataCache: Using Local data cache path C:/Users/m013603g/AppData/Local/UnrealEngine/Common/DerivedDataCache: Writable
[2018.12.13-10.26.46:476][  0]LogDerivedDataCache: Shared data cache path not found in *engine.ini, will not use an Shared cache.
[2018.12.13-10.26.46:476][  0]LogDerivedDataCache: Unable to find inner node Shared for hierarchical cache Hierarchy.
[2018.12.13-10.26.46:513][  0]LogMaterial: Verifying Global Shaders for PCD3D_SM5
[2018.12.13-10.26.46:516][  0]LogSlate: Using FreeType 2.6.0
[2018.12.13-10.26.46:517][  0]LogSlate: SlateFontServices - WITH_FREETYPE: 1, WITH_HARFBUZZ: 1
[2018.12.13-10.26.46:623][  0]LogAssetRegistry: FAssetRegistry took 0.0368 seconds to start up
[2018.12.13-10.26.47:004][  0]LogInit: Selected Device Profile: [Windows]
[2018.12.13-10.26.47:171][  0]LogSimplygon: Simplygon DLL not present - disabling.
[2018.12.13-10.26.47:180][  0]LogMeshReduction: Using SimplygonSwarm for distributed automatic mesh merging
[2018.12.13-10.26.47:180][  0]LogMeshReduction: Using ProxyLODMeshReduction for automatic mesh merging
[2018.12.13-10.26.47:180][  0]LogMeshReduction: Using QuadricMeshReduction for automatic static mesh reduction
[2018.12.13-10.26.47:180][  0]LogMeshReduction: No automatic skeletal mesh reduction module available
[2018.12.13-10.26.47:195][  0]LogNetVersion: TGP_Project 1.0.0, NetCL: 4212847, EngineNetVer: 5, GameNetVer: 0 (Checksum: 95638710)
[2018.12.13-10.26.47:768][  0]LogPackageLocalizationCache: Processed 11 localized package path(s) for 2 prioritized culture(s) in 0.135416 seconds
[2018.12.13-10.26.47:779][  0]LogUObjectArray: 38425 objects as part of root set at end of initial load.
[2018.12.13-10.26.47:779][  0]LogUObjectAllocator: 6690872 out of 0 bytes used by permanent object pool.
[2018.12.13-10.26.47:779][  0]LogUObjectArray: CloseDisregardForGC: 0/0 objects in disregard for GC pool
[2018.12.13-10.26.48:838][  0]LogTcpMessaging: Initializing TcpMessaging bridge
[2018.12.13-10.26.48:858][  0]LogUdpMessaging: Initializing bridge on interface 0.0.0.0:0 to multicast group 230.0.0.1:6666.
[2018.12.13-10.26.49:090][  0]SourceControl: Source control is disabled
[2018.12.13-10.26.49:090][  0]SourceControl: Source control is disabled
[2018.12.13-10.26.49:094][  0]SourceControl: Source control is disabled
[2018.12.13-10.26.49:097][  0]SourceControl: Source control is disabled
[2018.12.13-10.26.49:364][  0]LogAndroidPermission: UAndroidPermissionCallbackProxy::GetInstance
[2018.12.13-10.26.49:445][  0]LogOcInput: OculusInput pre-init called
[2018.12.13-10.26.49:512][  0]LogEngine: Initializing Engine...
[2018.12.13-10.26.49:513][  0]LogHMD: Failed to initialize OpenVR with code 110
[2018.12.13-10.26.49:515][  0]LogStats: UGameplayTagsManager::ConstructGameplayTagTree: ImportINI prefixes -  0.000 s
[2018.12.13-10.26.49:516][  0]LogStats: UGameplayTagsManager::ConstructGameplayTagTree: Construct from data asset -  0.000 s
[2018.12.13-10.26.49:516][  0]LogStats: UGameplayTagsManager::ConstructGameplayTagTree: ImportINI -  0.000 s
[2018.12.13-10.26.49:516][  0]LogStats: UGameplayTagsManager::ConstructGameplayTagTree: GameplayTagTreeChangedEvent.Broadcast -  0.000 s
[2018.12.13-10.26.49:776][  0]LogInit: Initializing FReadOnlyCVARCache
[2018.12.13-10.26.49:794][  0]LogAIModule: Creating AISystem for world Untitled
[2018.12.13-10.26.49:815][  0]LogInit: XAudio2 using 'Speakers (Realtek High Definition Audio)' : 2 channels at 48 kHz using 32 bits per sample (channel mask 0x3)
[2018.12.13-10.26.49:948][  0]LogInit: FAudioDevice initialized.
[2018.12.13-10.26.49:948][  0]LogNetVersion: Set ProjectVersion to 1.0.0.0. Version Checksum will be recalculated on next use.
[2018.12.13-10.26.50:004][  0]LogDerivedDataCache: Saved boot cache 0.06s 71MB C:/Users/m013603g/AppData/Local/UnrealEngine/4.20/DerivedDataCache/Boot.ddc.
[2018.12.13-10.26.50:027][  0]LogInit: Texture streaming: Enabled
[2018.12.13-10.26.50:070][  0]LogEngineSessionManager: EngineSessionManager initialized
[2018.12.13-10.26.50:070][  0]LogEngineSessionManager: EngineSessionManager sent abnormal shutdown report. Type=Debugger, SessionId={B026227D-4428-DD4A-A874-1CAAD3781621}
[2018.12.13-10.26.50:070][  0]LogEngineSessionManager: EngineSessionManager sent abnormal shutdown report. Type=Debugger, SessionId={BAF7B867-482B-8303-889B-D398EFD8712F}
[2018.12.13-10.26.50:070][  0]LogEngineSessionManager: EngineSessionManager sent abnormal shutdown report. Type=Debugger, SessionId={D3C59E86-49B9-CC7B-AC78-2EA2113DC9B5}
[2018.12.13-10.26.50:086][  0]LogInit: Transaction tracking system initialized
[2018.12.13-10.26.50:126][  0]BlueprintLog: New page: Editor Load
[2018.12.13-10.26.50:262][  0]LocalizationService: Localization service is disabled
[2018.12.13-10.26.50:571][  0]LogCook: Display: Max memory allowance for cook 16384mb min free memory 0mb
[2018.12.13-10.26.50:571][  0]LogCook: Display: Mobile HDR setting 1
[2018.12.13-10.26.50:572][  0]LogGameplayTags: Display: UGameplayTagsManager::DoneAddingNativeTags. DelegateIsBound: 0
[2018.12.13-10.26.50:572][  0]LogStats: UGameplayTagsManager::ConstructGameplayTagTree: ImportINI prefixes -  0.000 s
[2018.12.13-10.26.50:572][  0]LogStats: UGameplayTagsManager::ConstructGameplayTagTree: Construct from data asset -  0.000 s
[2018.12.13-10.26.50:572][  0]LogStats: UGameplayTagsManager::ConstructGameplayTagTree: ImportINI -  0.000 s
[2018.12.13-10.26.50:572][  0]LogStats: UGameplayTagsManager::ConstructGameplayTagTree: GameplayTagTreeChangedEvent.Broadcast -  0.000 s
[2018.12.13-10.26.50:772][  0]LogFileCache: Scanning file cache for directory 'C:/Users/m013603g/Documents/GitHub/TGP_PairProject/TGP_Project/Content/' took 0.02s
[2018.12.13-10.26.50:772][  0]SourceControl: Source control is disabled
[2018.12.13-10.26.50:772][  0]Cmd: MAP LOAD FILE="../../../../../../Users/m013603g/Documents/GitHub/TGP_PairProject/TGP_Project/Content/Levels/BaseLevel.umap" TEMPLATE=0 SHOWPROGRESS=1 FEATURELEVEL=3
[2018.12.13-10.26.50:772][  0]LightingResults: New page: Lighting Build
[2018.12.13-10.26.50:776][  0]MapCheck: New page: Map Check
[2018.12.13-10.26.50:776][  0]LightingResults: New page: Lighting Build
[2018.12.13-10.26.50:924][  0]LogAIModule: Creating AISystem for world BaseLevel
[2018.12.13-10.26.50:940][  0]LogEditorServer: Finished looking for orphan Actors (0.000 secs)
[2018.12.13-10.26.50:976][  0]Cmd: MAP CHECKDEP NOCLEARLOG
[2018.12.13-10.26.51:088][  0]MapCheck: Map check complete: 0 Error(s), 0 Warning(s), took 111.501ms to complete.
[2018.12.13-10.26.51:088][  0]LogFileHelpers: Loading map 'BaseLevel' took 0.316
[2018.12.13-10.26.51:239][  0]LogSlate: Updating window title bar state: overlay mode, drag disabled, window buttons hidden, title bar hidden
[2018.12.13-10.26.51:249][  0]LogSlate: Updating window title bar state: overlay mode, drag disabled, window buttons hidden, title bar hidden
[2018.12.13-10.26.51:257][  0]LogSlate: Updating window title bar state: overlay mode, drag disabled, window buttons hidden, title bar hidden
[2018.12.13-10.26.51:270][  0]LogSlate: Updating window title bar state: overlay mode, drag disabled, window buttons hidden, title bar hidden
[2018.12.13-10.26.51:283][  0]LogCollectionManager: Loaded 0 collections in 0.002257 seconds
[2018.12.13-10.26.51:340][  0]LogFileCache: Scanning file cache for directory 'C:/Users/m013603g/Documents/GitHub/TGP_PairProject/TGP_Project/Saved/Collections/' took 0.01s
[2018.12.13-10.26.51:341][  0]LogFileCache: Scanning file cache for directory 'C:/Users/m013603g/Documents/GitHub/TGP_PairProject/TGP_Project/Content/Developers/m013603g/Collections/' took 0.01s
[2018.12.13-10.26.51:341][  0]LogFileCache: Scanning file cache for directory 'C:/Users/m013603g/Documents/GitHub/TGP_PairProject/TGP_Project/Content/Collections/' took 0.01s
[2018.12.13-10.26.51:341][  0]LogCollectionManager: Rebuilt the GUID cache for 0 collections in 0.000001 seconds
[2018.12.13-10.26.51:360][  0]LogContentBrowser: Native class hierarchy populated in 0.0186 seconds. Added 2585 classes and 606 folders.
[2018.12.13-10.26.51:368][  0]LogContentBrowser: Native class hierarchy updated for 'WidgetCarousel' in 0.0004 seconds. Added 0 classes and 0 folders.
[2018.12.13-10.26.51:443][  0]LogContentBrowser: Native class hierarchy updated for 'AddContentDialog' in 0.0004 seconds. Added 0 classes and 0 folders.
[2018.12.13-10.26.51:454][  0]LogContentBrowser: Native class hierarchy updated for 'SceneOutliner' in 0.0010 seconds. Added 1 classes and 2 folders.
[2018.12.13-10.26.51:524][  0]LogSlate: Took 0.000248 seconds to synchronously load lazily loaded font '../../../Engine/Content/Slate/Fonts/Roboto-Regular.ttf' (155K)
[2018.12.13-10.26.51:527][  0]LogSlate: Took 0.000228 seconds to synchronously load lazily loaded font '../../../Engine/Content/Slate/Fonts/Roboto-Bold.ttf' (160K)
[2018.12.13-10.26.51:537][  0]LogSlate: Took 0.000210 seconds to synchronously load lazily loaded font '../../../Engine/Content/Editor/Slate/Fonts/FontAwesome.ttf' (139K)
[2018.12.13-10.26.51:623][  0]LogRenderer: Reallocating scene render targets to support 1208x576 Format 10 NumSamples 1 (Frame:1).
[2018.12.13-10.26.51:673][  0]LogSlate: Took 0.000185 seconds to synchronously load lazily loaded font '../../../Engine/Content/Slate/Fonts/Roboto-Light.ttf' (167K)
[2018.12.13-10.26.51:763][  0]LogSlate: FSceneViewport::OnFocusLost() reason 2
[2018.12.13-10.26.51:782][  0]LogSlate: Window 'Tutorials' being destroyed
[2018.12.13-10.26.51:821][  0]LogContentBrowser: Native class hierarchy updated for 'HierarchicalLODOutliner' in 0.0006 seconds. Added 0 classes and 0 folders.
[2018.12.13-10.26.51:821][  0]LogLoad: (Engine Initialization) Total time: 10.63 seconds
[2018.12.13-10.26.51:821][  0]LogLoad: (Engine Initialization) Total Blueprint compile time: 0.00 seconds
[2018.12.13-10.26.51:831][  0]LogWindowsTextInputMethodSystem: Display: IME system now deactivated.
[2018.12.13-10.26.51:881][  0]LogContentStreaming: Texture pool size now 1000 MB
[2018.12.13-10.26.51:912][  1]LogFileCache: Retrieving MD5 hashes for directory 'C:/Users/m013603g/Documents/GitHub/TGP_PairProject/TGP_Project/Content/' took 0.07s
[2018.12.13-10.26.51:924][  1]LogAssetRegistry: Asset discovery search completed in 5.3276 seconds
[2018.12.13-10.26.51:927][  1]LogCollectionManager: Rebuilt the object cache for 0 collections in 0.000000 seconds (found 0 objects)
[2018.12.13-10.26.51:928][  1]LogCollectionManager: Fixed up redirectors for 0 collections in 0.000201 seconds (updated 0 objects)
[2018.12.13-10.26.53:269][142]LogSlate: FSceneViewport::OnFocusLost() reason 0
[2018.12.13-10.26.53:338][149]LogTemp: Repeating last play command: Selected Viewport
[2018.12.13-10.26.53:358][149]LogPlayLevel: PlayLevel: No blueprints needed recompiling
[2018.12.13-10.26.53:372][149]PIE: New page: PIE session: BaseLevel (13 Dec 2018 10:26:53)
[2018.12.13-10.26.53:373][149]LogPlayLevel: Creating play world package: /Game/Levels/UEDPIE_0_BaseLevel
[2018.12.13-10.26.53:376][149]LogPlayLevel: PIE: StaticDuplicateObject took: (0.003169s)
[2018.12.13-10.26.53:377][149]LogAIModule: Creating AISystem for world BaseLevel
[2018.12.13-10.26.53:377][149]LogPlayLevel: PIE: World Init took: (0.000884s)
[2018.12.13-10.26.53:377][149]LogPlayLevel: PIE: Created PIE world by copying editor world from /Game/Levels/BaseLevel.BaseLevel to /Game/Levels/UEDPIE_0_BaseLevel.BaseLevel (0.004508s)
[2018.12.13-10.26.53:412][149]LogInit: XAudio2 using 'Speakers (Realtek High Definition Audio)' : 2 channels at 48 kHz using 32 bits per sample (channel mask 0x3)
[2018.12.13-10.26.53:426][149]LogInit: FAudioDevice initialized.
[2018.12.13-10.26.53:478][149]LogLoad: Game class is 'GM_GAME_C'
[2018.12.13-10.26.53:483][149]LogWorld: Bringing World /Game/Levels/UEDPIE_0_BaseLevel.BaseLevel up for play (max tick rate 0) at 2018.12.13-10.26.53
[2018.12.13-10.26.53:485][149]LogWorld: Bringing up level for play took: 0.003570
[2018.12.13-10.26.53:516][149]LogContentBrowser: Native class hierarchy updated for 'MovieSceneCapture' in 0.0008 seconds. Added 10 classes and 0 folders.
[2018.12.13-10.26.53:519][149]PIE: Play in editor start time for /Game/Levels/UEDPIE_0_BaseLevel 0.965
[2018.12.13-10.26.58:473][699]LogBlueprintUserMessages: [EntranceToRestictedArea_2] yeet
[2018.12.13-10.26.58:498][701]LogBlueprintUserMessages: [EntranceToRestictedArea_2] yeet
[2018.12.13-10.27.01:471][950]LogBlueprintUserMessages: [EntranceToRestictedArea_2] yeet
[2018.12.13-10.27.01:486][951]LogBlueprintUserMessages: [EntranceToRestictedArea_2] yeet
[2018.12.13-10.27.01:501][952]LogBlueprintUserMessages: [EntranceToRestictedArea_2] yeet
[2018.12.13-10.27.01:516][953]LogBlueprintUserMessages: [EntranceToRestictedArea_2] yeet
[2018.12.13-10.27.01:517][953]LogBlueprintUserMessages: [EntranceToRestictedArea_2] yeet
[2018.12.13-10.27.01:540][954]LogBlueprintUserMessages: [EntranceToRestictedArea_2] yeet
[2018.12.13-10.27.01:540][954]LogBlueprintUserMessages: [EntranceToRestictedArea_2] yeet
[2018.12.13-10.27.01:570][955]LogBlueprintUserMessages: [EntranceToRestictedArea_2] yeet
[2018.12.13-10.27.01:584][956]LogBlueprintUserMessages: [EntranceToRestictedArea_2] yeet
[2018.12.13-10.27.01:599][957]LogBlueprintUserMessages: [EntranceToRestictedArea_2] yeet
[2018.12.13-10.27.01:635][959]LogBlueprintUserMessages: [EntranceToRestictedArea_2] yeet
[2018.12.13-10.27.01:652][960]LogBlueprintUserMessages: [EntranceToRestictedArea_2] yeet
[2018.12.13-10.27.01:673][961]LogBlueprintUserMessages: [EntranceToRestictedArea_2] yeet
[2018.12.13-10.27.01:694][962]LogBlueprintUserMessages: [EntranceToRestictedArea_2] yeet
[2018.12.13-10.27.01:713][963]LogBlueprintUserMessages: [EntranceToRestictedArea_2] yeet
[2018.12.13-10.27.01:730][964]LogBlueprintUserMessages: [EntranceToRestictedArea_2] yeet
[2018.12.13-10.27.01:747][965]LogBlueprintUserMessages: [EntranceToRestictedArea_2] yeet
[2018.12.13-10.27.01:762][966]LogBlueprintUserMessages: [EntranceToRestictedArea_2] yeet
[2018.12.13-10.27.01:781][967]LogBlueprintUserMessages: [EntranceToRestictedArea_2] yeet
[2018.12.13-10.27.01:797][968]LogBlueprintUserMessages: [EntranceToRestictedArea_2] yeet
[2018.12.13-10.27.01:816][969]LogBlueprintUserMessages: [EntranceToRestictedArea_2] yeet
[2018.12.13-10.27.01:865][972]LogBlueprintUserMessages: [EntranceToRestictedArea_2] yeet
[2018.12.13-10.27.01:878][973]LogBlueprintUserMessages: [EntranceToRestictedArea_2] yeet
[2018.12.13-10.27.01:879][973]LogBlueprintUserMessages: [EntranceToRestictedArea_2] yeet
[2018.12.13-10.27.01:895][974]LogBlueprintUserMessages: [EntranceToRestictedArea_2] yeet
[2018.12.13-10.27.01:896][974]LogBlueprintUserMessages: [EntranceToRestictedArea_2] yeet
[2018.12.13-10.27.01:914][975]LogBlueprintUserMessages: [EntranceToRestictedArea_2] yeet
[2018.12.13-10.27.01:938][976]LogBlueprintUserMessages: [EntranceToRestictedArea_2] yeet
[2018.12.13-10.27.01:941][976]LogBlueprintUserMessages: [EntranceToRestictedArea_2] yeet
[2018.12.13-10.27.01:955][977]LogBlueprintUserMessages: [EntranceToRestictedArea_2] yeet
[2018.12.13-10.27.01:957][977]LogBlueprintUserMessages: [EntranceToRestictedArea_2] yeet
[2018.12.13-10.27.01:957][977]LogBlueprintUserMessages: [EntranceToRestictedArea_2] yeet
[2018.12.13-10.27.01:973][978]LogBlueprintUserMessages: [EntranceToRestictedArea_2] yeet
[2018.12.13-10.27.01:973][978]LogBlueprintUserMessages: [EntranceToRestictedArea_2] yeet
[2018.12.13-10.27.01:990][979]LogBlueprintUserMessages: [EntranceToRestictedArea_2] yeet
[2018.12.13-10.27.02:006][980]LogBlueprintUserMessages: [EntranceToRestictedArea_2] yeet
[2018.12.13-10.27.02:025][981]LogBlueprintUserMessages: [EntranceToRestictedArea_2] yeet
[2018.12.13-10.27.02:045][982]LogBlueprintUserMessages: [EntranceToRestictedArea_2] yeet
[2018.12.13-10.27.02:045][982]LogBlueprintUserMessages: [EntranceToRestictedArea_2] yeet
[2018.12.13-10.27.02:047][982]LogBlueprintUserMessages: [EntranceToRestictedArea_2] yeet
[2018.12.13-10.27.02:062][983]LogBlueprintUserMessages: [EntranceToRestictedArea_2] yeet
[2018.12.13-10.27.02:063][983]LogBlueprintUserMessages: [EntranceToRestictedArea_2] yeet
[2018.12.13-10.27.02:066][983]LogBlueprintUserMessages: [EntranceToRestictedArea_2] yeet
[2018.12.13-10.27.02:086][984]LogBlueprintUserMessages: [EntranceToRestictedArea_2] yeet
[2018.12.13-10.27.02:103][985]LogBlueprintUserMessages: [EntranceToRestictedArea_2] yeet
[2018.12.13-10.27.02:103][985]LogBlueprintUserMessages: [EntranceToRestictedArea_2] yeet
[2018.12.13-10.27.02:120][986]LogBlueprintUserMessages: [EntranceToRestictedArea_2] yeet
[2018.12.13-10.27.02:120][986]LogBlueprintUserMessages: [EntranceToRestictedArea_2] yeet
[2018.12.13-10.27.02:137][987]LogBlueprintUserMessages: [EntranceToRestictedArea_2] yeet
[2018.12.13-10.27.02:137][987]LogBlueprintUserMessages: [EntranceToRestictedArea_2] yeet
[2018.12.13-10.27.02:155][988]LogBlueprintUserMessages: [EntranceToRestictedArea_2] yeet
[2018.12.13-10.27.02:156][988]LogBlueprintUserMessages: [EntranceToRestictedArea_2] yeet
[2018.12.13-10.27.02:156][988]LogBlueprintUserMessages: [EntranceToRestictedArea_2] yeet
[2018.12.13-10.27.02:173][989]LogBlueprintUserMessages: [EntranceToRestictedArea_2] yeet
[2018.12.13-10.27.02:173][989]LogBlueprintUserMessages: [EntranceToRestictedArea_2] yeet
[2018.12.13-10.27.02:204][990]LogBlueprintUserMessages: [EntranceToRestictedArea_2] yeet
[2018.12.13-10.27.02:204][990]LogBlueprintUserMessages: [EntranceToRestictedArea_2] yeet
[2018.12.13-10.27.02:232][991]LogBlueprintUserMessages: [EntranceToRestictedArea_2] yeet
[2018.12.13-10.27.02:236][991]LogBlueprintUserMessages: [EntranceToRestictedArea_2] yeet
[2018.12.13-10.27.02:237][991]LogBlueprintUserMessages: [EntranceToRestictedArea_2] yeet
[2018.12.13-10.27.02:260][992]LogBlueprintUserMessages: [EntranceToRestictedArea_2] yeet
[2018.12.13-10.27.02:263][992]LogBlueprintUserMessages: [EntranceToRestictedArea_2] yeet
[2018.12.13-10.27.02:263][992]LogBlueprintUserMessages: [EntranceToRestictedArea_2] yeet
[2018.12.13-10.27.02:280][993]LogBlueprintUserMessages: [EntranceToRestictedArea_2] yeet
[2018.12.13-10.27.02:283][993]LogBlueprintUserMessages: [EntranceToRestictedArea_2] yeet
[2018.12.13-10.27.02:284][993]LogBlueprintUserMessages: [EntranceToRestictedArea_2] yeet
[2018.12.13-10.27.02:302][994]LogBlueprintUserMessages: [EntranceToRestictedArea_2] yeet
[2018.12.13-10.27.02:302][994]LogBlueprintUserMessages: [EntranceToRestictedArea_2] yeet
[2018.12.13-10.27.02:322][995]LogBlueprintUserMessages: [EntranceToRestictedArea_2] yeet
[2018.12.13-10.27.02:323][995]LogBlueprintUserMessages: [EntranceToRestictedArea_2] yeet
[2018.12.13-10.27.02:339][996]LogBlueprintUserMessages: [EntranceToRestictedArea_2] yeet
[2018.12.13-10.27.02:339][996]LogBlueprintUserMessages: [EntranceToRestictedArea_2] yeet
[2018.12.13-10.27.02:339][996]LogBlueprintUserMessages: [EntranceToRestictedArea_2] yeet
[2018.12.13-10.27.02:357][997]LogBlueprintUserMessages: [EntranceToRestictedArea_2] yeet
[2018.12.13-10.27.02:358][997]LogBlueprintUserMessages: [EntranceToRestictedArea_2] yeet
[2018.12.13-10.27.02:373][998]LogBlueprintUserMessages: [EntranceToRestictedArea_2] yeet
[2018.12.13-10.27.02:373][998]LogBlueprintUserMessages: [EntranceToRestictedArea_2] yeet
[2018.12.13-10.27.02:375][998]LogBlueprintUserMessages: [EntranceToRestictedArea_2] yeet
[2018.12.13-10.27.02:390][999]LogBlueprintUserMessages: [EntranceToRestictedArea_2] yeet
[2018.12.13-10.27.02:390][999]LogBlueprintUserMessages: [EntranceToRestictedArea_2] yeet
[2018.12.13-10.27.02:391][999]LogBlueprintUserMessages: [EntranceToRestictedArea_2] yeet
[2018.12.13-10.27.02:407][  0]LogBlueprintUserMessages: [EntranceToRestictedArea_2] yeet
[2018.12.13-10.27.02:413][  0]LogBlueprintUserMessages: [EntranceToRestictedArea_2] yeet
[2018.12.13-10.27.02:435][  1]LogBlueprintUserMessages: [EntranceToRestictedArea_2] yeet
[2018.12.13-10.27.02:435][  1]LogBlueprintUserMessages: [EntranceToRestictedArea_2] yeet
[2018.12.13-10.27.02:436][  1]LogBlueprintUserMessages: [EntranceToRestictedArea_2] yeet
[2018.12.13-10.27.02:457][  2]LogBlueprintUserMessages: [EntranceToRestictedArea_2] yeet
[2018.12.13-10.27.02:457][  2]LogBlueprintUserMessages: [EntranceToRestictedArea_2] yeet
[2018.12.13-10.27.02:480][  3]LogBlueprintUserMessages: [EntranceToRestictedArea_2] yeet
[2018.12.13-10.27.02:480][  3]LogBlueprintUserMessages: [EntranceToRestictedArea_2] yeet
[2018.12.13-10.27.02:496][  4]LogBlueprintUserMessages: [EntranceToRestictedArea_2] yeet
[2018.12.13-10.27.02:496][  4]LogBlueprintUserMessages: [EntranceToRestictedArea_2] yeet
[2018.12.13-10.27.02:496][  4]LogBlueprintUserMessages: [EntranceToRestictedArea_2] yeet
[2018.12.13-10.27.02:511][  5]LogBlueprintUserMessages: [EntranceToRestictedArea_2] yeet
[2018.12.13-10.27.02:511][  5]LogBlueprintUserMessages: [EntranceToRestictedArea_2] yeet
[2018.12.13-10.27.02:518][  5]LogBlueprintUserMessages: [EntranceToRestictedArea_2] yeet
[2018.12.13-10.27.02:532][  6]LogBlueprintUserMessages: [EntranceToRestictedArea_2] yeet
[2018.12.13-10.27.02:532][  6]LogBlueprintUserMessages: [EntranceToRestictedArea_2] yeet
[2018.12.13-10.27.02:535][  6]LogBlueprintUserMessages: [EntranceToRestictedArea_2] yeet
[2018.12.13-10.27.02:536][  6]LogBlueprintUserMessages: [EntranceToRestictedArea_2] yeet
[2018.12.13-10.27.02:559][  7]LogBlueprintUserMessages: [EntranceToRestictedArea_2] yeet
[2018.12.13-10.27.02:562][  7]LogBlueprintUserMessages: [EntranceToRestictedArea_2] yeet
[2018.12.13-10.27.02:563][  7]LogBlueprintUserMessages: [EntranceToRestictedArea_2] yeet
[2018.12.13-10.27.02:576][  8]LogBlueprintUserMessages: [EntranceToRestictedArea_2] yeet
[2018.12.13-10.27.02:592][  9]LogBlueprintUserMessages: [EntranceToRestictedArea_2] yeet
[2018.12.13-10.27.02:607][ 10]LogBlueprintUserMessages: [EntranceToRestictedArea_2] yeet
[2018.12.13-10.27.02:622][ 11]LogBlueprintUserMessages: [EntranceToRestictedArea_2] yeet
[2018.12.13-10.27.02:622][ 11]LogBlueprintUserMessages: [EntranceToRestictedArea_2] yeet
[2018.12.13-10.27.02:639][ 12]LogBlueprintUserMessages: [EntranceToRestictedArea_2] yeet
[2018.12.13-10.27.02:640][ 12]LogBlueprintUserMessages: [EntranceToRestictedArea_2] yeet
[2018.12.13-10.27.02:661][ 13]LogBlueprintUserMessages: [EntranceToRestictedArea_2] yeet
[2018.12.13-10.27.02:938][ 28]LogBlueprintUserMessages: [EntranceToRestictedArea_2] yeet
[2018.12.13-10.27.02:952][ 29]LogBlueprintUserMessages: [EntranceToRestictedArea_2] yeet
[2018.12.13-10.27.02:970][ 30]LogBlueprintUserMessages: [EntranceToRestictedArea_2] yeet
[2018.12.13-10.27.02:999][ 31]LogBlueprintUserMessages: [EntranceToRestictedArea_2] yeet
[2018.12.13-10.27.03:017][ 32]LogBlueprintUserMessages: [EntranceToRestictedArea_2] yeet
[2018.12.13-10.27.03:037][ 33]LogBlueprintUserMessages: [EntranceToRestictedArea_2] yeet
[2018.12.13-10.27.03:055][ 34]LogBlueprintUserMessages: [EntranceToRestictedArea_2] yeet
[2018.12.13-10.27.03:074][ 35]LogBlueprintUserMessages: [EntranceToRestictedArea_2] yeet
[2018.12.13-10.27.03:238][ 45]LogBlueprintUserMessages: [EntranceToRestictedArea_2] yeet
[2018.12.13-10.27.03:440][ 56]LogBlueprintUserMessages: [EntranceToRestictedArea_2] yeet
[2018.12.13-10.27.03:457][ 57]LogBlueprintUserMessages: [EntranceToRestictedArea_2] yeet
[2018.12.13-10.27.03:479][ 58]LogBlueprintUserMessages: [EntranceToRestictedArea_2] yeet
[2018.12.13-10.27.03:501][ 59]LogBlueprintUserMessages: [EntranceToRestictedArea_2] yeet
[2018.12.13-10.27.03:526][ 60]LogBlueprintUserMessages: [EntranceToRestictedArea_2] yeet
[2018.12.13-10.27.03:800][ 75]LogBlueprintUserMessages: [EntranceToRestictedArea_2] yeet
[2018.12.13-10.27.03:813][ 76]LogBlueprintUserMessages: [EntranceToRestictedArea_2] yeet
[2018.12.13-10.27.04:021][ 87]LogBlueprintUserMessages: [EntranceToRestictedArea_2] yeet
[2018.12.13-10.27.04:035][ 88]LogBlueprintUserMessages: [EntranceToRestictedArea_2] yeet
[2018.12.13-10.27.04:052][ 89]LogBlueprintUserMessages: [EntranceToRestictedArea_2] yeet
[2018.12.13-10.27.04:088][ 90]LogBlueprintUserMessages: [EntranceToRestictedArea_2] yeet
[2018.12.13-10.27.04:106][ 91]LogBlueprintUserMessages: [EntranceToRestictedArea_2] yeet
[2018.12.13-10.27.04:107][ 91]LogBlueprintUserMessages: [EntranceToRestictedArea_2] yeet
[2018.12.13-10.27.04:127][ 92]LogBlueprintUserMessages: [EntranceToRestictedArea_2] yeet
[2018.12.13-10.27.04:146][ 93]LogBlueprintUserMessages: [EntranceToRestictedArea_2] yeet
[2018.12.13-10.27.04:281][101]LogBlueprintUserMessages: [EntranceToRestictedArea_2] yeet
[2018.12.13-10.27.04:294][102]LogBlueprintUserMessages: [EntranceToRestictedArea_2] yeet
[2018.12.13-10.27.04:315][103]LogBlueprintUserMessages: [EntranceToRestictedArea_2] yeet
[2018.12.13-10.27.04:334][104]LogBlueprintUserMessages: [EntranceToRestictedArea_2] yeet
[2018.12.13-10.27.04:437][109]LogBlueprintUserMessages: [EntranceToRestictedArea_2] yeet
[2018.12.13-10.27.04:465][110]LogBlueprintUserMessages: [EntranceToRestictedArea_2] yeet
[2018.12.13-10.27.04:466][110]LogBlueprintUserMessages: [EntranceToRestictedArea_2] yeet
[2018.12.13-10.27.04:483][111]LogBlueprintUserMessages: [EntranceToRestictedArea_2] yeet
[2018.12.13-10.27.04:483][111]LogBlueprintUserMessages: [EntranceToRestictedArea_2] yeet
[2018.12.13-10.27.04:688][119]LogBlueprintUserMessages: [EntranceToRestictedArea_2] yeet
[2018.12.13-10.27.04:745][122]LogBlueprintUserMessages: [EntranceToRestictedArea_2] yeet
[2018.12.13-10.27.04:748][122]LogBlueprintUserMessages: [EntranceToRestictedArea_2] yeet
[2018.12.13-10.27.04:763][123]LogBlueprintUserMessages: [EntranceToRestictedArea_2] yeet
[2018.12.13-10.27.04:766][123]LogBlueprintUserMessages: [EntranceToRestictedArea_2] yeet
[2018.12.13-10.27.04:791][124]LogBlueprintUserMessages: [EntranceToRestictedArea_2] yeet
[2018.12.13-10.27.04:808][125]LogBlueprintUserMessages: [EntranceToRestictedArea_2] yeet
[2018.12.13-10.27.04:824][126]LogBlueprintUserMessages: [EntranceToRestictedArea_2] yeet
[2018.12.13-10.27.04:825][126]LogBlueprintUserMessages: [EntranceToRestictedArea_2] yeet
[2018.12.13-10.27.04:840][127]LogBlueprintUserMessages: [EntranceToRestictedArea_2] yeet
[2018.12.13-10.27.04:840][127]LogBlueprintUserMessages: [EntranceToRestictedArea_2] yeet
[2018.12.13-10.27.04:855][128]LogBlueprintUserMessages: [EntranceToRestictedArea_2] yeet
[2018.12.13-10.27.04:870][129]LogBlueprintUserMessages: [EntranceToRestictedArea_2] yeet
[2018.12.13-10.27.04:885][130]LogBlueprintUserMessages: [EntranceToRestictedArea_2] yeet
[2018.12.13-10.27.04:974][136]LogBlueprintUserMessages: [EntranceToRestictedArea_2] yeet
[2018.12.13-10.27.04:989][137]LogBlueprintUserMessages: [EntranceToRestictedArea_2] yeet
[2018.12.13-10.27.05:006][138]LogBlueprintUserMessages: [EntranceToRestictedArea_2] yeet
[2018.12.13-10.27.05:022][139]LogBlueprintUserMessages: [EntranceToRestictedArea_2] yeet
[2018.12.13-10.27.05:073][141]LogBlueprintUserMessages: [EntranceToRestictedArea_2] yeet
[2018.12.13-10.27.05:073][141]LogBlueprintUserMessages: [EntranceToRestictedArea_2] yeet
[2018.12.13-10.27.05:100][142]LogBlueprintUserMessages: [EntranceToRestictedArea_2] yeet
[2018.12.13-10.27.05:262][151]LogBlueprintUserMessages: [EntranceToRestictedArea_2] yeet
[2018.12.13-10.27.05:273][152]LogBlueprintUserMessages: [EntranceToRestictedArea_2] yeet
[2018.12.13-10.27.05:275][152]LogBlueprintUserMessages: [EntranceToRestictedArea_2] yeet
[2018.12.13-10.27.05:288][153]LogBlueprintUserMessages: [EntranceToRestictedArea_2] yeet
[2018.12.13-10.27.05:301][154]LogBlueprintUserMessages: [EntranceToRestictedArea_2] yeet
[2018.12.13-10.27.05:393][161]LogBlueprintUserMessages: [EntranceToRestictedArea_2] yeet
[2018.12.13-10.27.05:414][162]LogBlueprintUserMessages: [EntranceToRestictedArea_2] yeet
[2018.12.13-10.27.05:428][163]LogBlueprintUserMessages: [EntranceToRestictedArea_2] yeet
[2018.12.13-10.27.05:441][164]LogBlueprintUserMessages: [EntranceToRestictedArea_2] yeet
[2018.12.13-10.27.05:492][167]LogBlueprintUserMessages: [EntranceToRestictedArea_2] yeet
[2018.12.13-10.27.05:517][168]LogBlueprintUserMessages: [EntranceToRestictedArea_2] yeet
[2018.12.13-10.27.05:566][171]LogBlueprintUserMessages: [EntranceToRestictedArea_2] yeet
[2018.12.13-10.27.05:566][171]LogBlueprintUserMessages: [EntranceToRestictedArea_2] yeet
[2018.12.13-10.27.05:580][172]LogBlueprintUserMessages: [EntranceToRestictedArea_2] yeet
[2018.12.13-10.27.05:592][173]LogBlueprintUserMessages: [EntranceToRestictedArea_2] yeet
[2018.12.13-10.27.05:734][184]LogBlueprintUserMessages: [EntranceToRestictedArea_2] yeet
[2018.12.13-10.27.05:754][185]LogBlueprintUserMessages: [EntranceToRestictedArea_2] yeet
[2018.12.13-10.27.05:903][195]LogBlueprintUserMessages: [EntranceToRestictedArea_2] yeet
[2018.12.13-10.27.05:929][197]LogBlueprintUserMessages: [EntranceToRestictedArea_2] yeet
[2018.12.13-10.27.05:941][198]LogBlueprintUserMessages: [EntranceToRestictedArea_2] yeet
[2018.12.13-10.27.05:959][199]LogBlueprintUserMessages: [EntranceToRestictedArea_2] yeet
[2018.12.13-10.27.05:972][200]LogBlueprintUserMessages: [EntranceToRestictedArea_2] yeet
[2018.12.13-10.27.06:092][209]LogBlueprintUserMessages: [EntranceToRestictedArea_2] yeet
[2018.12.13-10.27.06:106][210]LogBlueprintUserMessages: [EntranceToRestictedArea_2] yeet
[2018.12.13-10.27.06:120][211]LogBlueprintUserMessages: [EntranceToRestictedArea_2] yeet
[2018.12.13-10.27.06:275][221]LogBlueprintUserMessages: [EntranceToRestictedArea_2] yeet
[2018.12.13-10.27.06:295][222]LogBlueprintUserMessages: [EntranceToRestictedArea_2] yeet
[2018.12.13-10.27.06:310][223]LogBlueprintUserMessages: [EntranceToRestictedArea_2] yeet
[2018.12.13-10.27.06:323][224]LogBlueprintUserMessages: [EntranceToRestictedArea_2] yeet
[2018.12.13-10.27.06:430][231]LogBlueprintUserMessages: [EntranceToRestictedArea_2] yeet
[2018.12.13-10.27.06:434][231]LogBlueprintUserMessages: [EntranceToRestictedArea_2] yeet
[2018.12.13-10.27.06:448][232]LogBlueprintUserMessages: [EntranceToRestictedArea_2] yeet
[2018.12.13-10.27.07:895][327]LogCharacterMovement: BP_Bodyguard_2 is stuck and failed to move! Velocity: X=18.31 Y=-20.85 Z=0.00 Location: X=2608.08 Y=-893.64 Z=110.15 Normal: X=-0.12 Y=0.99 Z=0.00 PenetrationDepth:11.441 Actor:ScatterBullet_C_300 Component:Sphere BoneName:None (0 other events since notify)
[2018.12.13-10.27.09:519][439]LogCharacterMovement: BP_Bodyguard_2 is stuck and failed to move! Velocity: X=24.78 Y=-25.88 Z=0.00 Location: X=2703.95 Y=-886.13 Z=110.15 Normal: X=-0.36 Y=0.93 Z=0.00 PenetrationDepth:0.802 Actor:ScatterBullet_C_335 Component:Sphere BoneName:None (4 other events since notify)
[2018.12.13-10.27.15:793][767]LogCharacterMovement: BP_Bodyguard_2 is stuck and failed to move! Velocity: X=17.35 Y=-49.97 Z=0.00 Location: X=2706.51 Y=-909.44 Z=110.15 Normal: X=0.42 Y=0.91 Z=0.00 PenetrationDepth:15.135 Actor:ScatterBullet_C_627 Component:Sphere BoneName:None (26 other events since notify)
[2018.12.13-10.27.20:336][ 18]LogCharacterMovement: BP_Bodyguard_2 is stuck and failed to move! Velocity: X=-15.76 Y=-30.86 Z=0.00 Location: X=2861.65 Y=-1296.36 Z=110.15 Normal: X=0.86 Y=-0.52 Z=0.00 PenetrationDepth:20.321 Actor:ScatterBullet_C_720 Component:Sphere BoneName:None (8 other events since notify)
[2018.12.13-10.27.22:820][186]LogCharacterMovement: BP_Bodyguard_2 is stuck and failed to move! Velocity: X=-31.08 Y=-10.95 Z=0.00 Location: X=2830.17 Y=-1370.31 Z=110.15 Normal: X=-0.31 Y=-0.95 Z=0.00 PenetrationDepth:28.897 Actor:ScatterBullet_C_795 Component:Sphere BoneName:None (1 other events since notify)
[2018.12.13-10.27.25:130][319]LogCharacterMovement: BP_Bodyguard_2 is stuck and failed to move! Velocity: X=-31.54 Y=-10.14 Z=0.00 Location: X=2744.80 Y=-1381.92 Z=110.15 Normal: X=0.76 Y=0.66 Z=0.00 PenetrationDepth:9.572 Actor:BasicBullet_C_3198 Component:Sphere BoneName:None (8 other events since notify)
[2018.12.13-10.27.32:028][713]LogCharacterMovement: BP_Bodyguard_2 is stuck and failed to move! Velocity: X=-40.33 Y=-5.53 Z=0.00 Location: X=2486.09 Y=-1455.12 Z=110.15 Normal: X=1.00 Y=0.04 Z=-0.00 PenetrationDepth:8.493 Actor:ScatterBullet_C_1053 Component:Sphere BoneName:None (19 other events since notify)
[2018.12.13-10.27.33:134][767]LogCharacterMovement: BP_Bodyguard_2 is stuck and failed to move! Velocity: X=-46.97 Y=18.42 Z=0.00 Location: X=2480.32 Y=-1487.23 Z=110.15 Normal: X=-0.18 Y=-0.98 Z=0.00 PenetrationDepth:6.547 Actor:BasicBullet_C_4282 Component:Sphere BoneName:None (5 other events since notify)
[2018.12.13-10.27.34:734][856]LogCharacterMovement: BP_Bodyguard_2 is stuck and failed to move! Velocity: X=-27.36 Y=22.01 Z=0.00 Location: X=2435.93 Y=-1484.04 Z=110.15 Normal: X=0.95 Y=-0.31 Z=0.00 PenetrationDepth:1.319 Actor:ScatterBullet_C_1110 Component:Sphere BoneName:None (2 other events since notify)
[2018.12.13-10.27.35:864][928]LogCharacterMovement: BP_Bodyguard_2 is stuck and failed to move! Velocity: X=-19.78 Y=23.31 Z=0.00 Location: X=2444.73 Y=-1455.62 Z=110.15 Normal: X=-0.75 Y=-0.67 Z=-0.00 PenetrationDepth:32.531 Actor:BasicBullet_C_4510 Component:Sphere BoneName:None (0 other events since notify)
[2018.12.13-10.27.38:780][ 87]LogCharacterMovement: BP_Bodyguard_2 is stuck and failed to move! Velocity: X=-34.31 Y=18.56 Z=0.00 Location: X=2421.42 Y=-1470.47 Z=110.15 Normal: X=-0.16 Y=-0.99 Z=0.00 PenetrationDepth:2.370 Actor:BasicBullet_C_5046 Component:Sphere BoneName:None (2 other events since notify)
[2018.12.13-10.27.40:356][163]LogCharacterMovement: BP_Bodyguard_2 is stuck and failed to move! Velocity: X=-49.33 Y=35.09 Z=0.00 Location: X=2400.07 Y=-1488.51 Z=110.15 Normal: X=0.56 Y=0.83 Z=0.00 PenetrationDepth:27.521 Actor:ScatterBullet_C_1370 Component:Sphere BoneName:None (4 other events since notify)
[2018.12.13-10.27.51:044][654]LogCharacterMovement: BP_Bodyguard_2 is stuck and failed to move! Velocity: X=-22.99 Y=-44.18 Z=0.00 Location: X=2351.87 Y=-1476.90 Z=110.15 Normal: X=-0.90 Y=0.43 Z=0.00 PenetrationDepth:27.504 Actor:ScatterBullet_C_1799 Component:Sphere BoneName:None (5 other events since notify)
[2018.12.13-10.27.53:426][773]LogCharacterMovement: BP_Bodyguard_2 is stuck and failed to move! Velocity: X=-30.82 Y=-11.93 Z=0.00 Location: X=2332.07 Y=-1537.68 Z=110.15 Normal: X=0.98 Y=0.20 Z=0.00 PenetrationDepth:0.846 Actor:ScatterBullet_C_1837 Component:Sphere BoneName:None (14 other events since notify)
[2018.12.13-10.28.01:214][184]LogCharacterMovement: BP_Bodyguard_2 is stuck and failed to move! Velocity: X=35.13 Y=18.18 Z=0.00 Location: X=2024.78 Y=-1607.63 Z=110.15 Normal: X=0.68 Y=0.73 Z=0.00 PenetrationDepth:1.326 Actor:BasicBullet_C_8217 Component:Sphere BoneName:None (0 other events since notify)
[2018.12.13-10.28.03:085][282]LogCharacterMovement: BP_Bodyguard_2 is stuck and failed to move! Velocity: X=27.25 Y=-6.50 Z=0.00 Location: X=2044.89 Y=-1604.92 Z=110.15 Normal: X=-0.93 Y=0.36 Z=0.00 PenetrationDepth:13.089 Actor:ScatterBullet_C_2166 Component:Sphere BoneName:None (5 other events since notify)
[2018.12.13-10.28.04:289][350]LogCharacterMovement: BP_Bodyguard_2 is stuck and failed to move! Velocity: X=45.72 Y=-27.78 Z=0.00 Location: X=2044.14 Y=-1609.92 Z=110.15 Normal: X=0.99 Y=-0.17 Z=0.00 PenetrationDepth:21.781 Actor:BasicBullet_C_8639 Component:Sphere BoneName:None (2 other events since notify)
[2018.12.13-10.28.29:127][445]LogCharacterMovement: BP_Bodyguard_2 is stuck and failed to move! Velocity: X=23.40 Y=34.01 Z=0.00 Location: X=2084.41 Y=-1616.15 Z=110.15 Normal: X=0.54 Y=-0.84 Z=0.00 PenetrationDepth:0.375 Actor:BasicBullet_C_12923 Component:Sphere BoneName:None (1 other events since notify)
[2018.12.13-10.28.32:379][608]LogSlate: Updating window title bar state: overlay mode, drag disabled, window buttons hidden, title bar hidden
[2018.12.13-10.28.32:442][608]LogPlayLevel: Display: Shutting down PIE online subsystems
[2018.12.13-10.28.32:485][608]LogSlate: Updating window title bar state: overlay mode, drag disabled, window buttons hidden, title bar hidden
[2018.12.13-10.28.32:597][609]LogPlayLevel: Display: Destroying online subsystem :Context_3
