Log file open, 11/23/18 17:01:48
LogWindows: Failed to load 'aqProf.dll' (GetLastError=126)
LogWindows: File 'aqProf.dll' does not exist
LogWindows: Failed to load 'VSPerf140.dll' (GetLastError=126)
LogWindows: File 'VSPerf140.dll' does not exist
LogWindows: Failed to load 'VtuneApi.dll' (GetLastError=126)
LogWindows: File 'VtuneApi.dll' does not exist
LogWindows: Failed to load 'VtuneApi32e.dll' (GetLastError=126)
LogWindows: File 'VtuneApi32e.dll' does not exist
LogInit: Display: Running engine for game: TGP_Project
LogPlatformFile: Not using cached read wrapper
LogTaskGraph: Started task graph with 5 named threads and 23 total threads with 3 sets of task threads.
LogStats: Stats thread started at 0.412936
LogD3D11RHI: Loaded GFSDK_Aftermath_Lib.x64.dll
LogICUInternationalization: Display: ICU TimeZone Detection - Raw Offset: +0:00, Platform Override: ''
LogPluginManager: Mounting plugin Paper2D
LogPluginManager: Mounting plugin AISupport
LogPluginManager: Mounting plugin LightPropagationVolume
LogPluginManager: Mounting plugin CLionSourceCodeAccess
LogPluginManager: Mounting plugin CodeLiteSourceCodeAccess
LogPluginManager: Mounting plugin GitSourceControl
LogPluginManager: Mounting plugin KDevelopSourceCodeAccess
LogPluginManager: Mounting plugin NullSourceCodeAccess
LogPluginManager: Mounting plugin PerforceSourceControl
LogPluginManager: Mounting plugin SubversionSourceControl
LogPluginManager: Mounting plugin UObjectPlugin
LogPluginManager: Mounting plugin VisualStudioCodeSourceCodeAccess
LogPluginManager: Mounting plugin VisualStudioSourceCodeAccess
LogPluginManager: Mounting plugin XCodeSourceCodeAccess
LogPluginManager: Mounting plugin AssetManagerEditor
LogPluginManager: Mounting plugin CryptoKeys
LogPluginManager: Mounting plugin DataValidation
LogPluginManager: Mounting plugin FacialAnimation
LogPluginManager: Mounting plugin GameplayTagsEditor
LogPluginManager: Mounting plugin MacGraphicsSwitching
LogPluginManager: Mounting plugin MeshEditor
LogPluginManager: Mounting plugin MobileLauncherProfileWizard
LogPluginManager: Mounting plugin PluginBrowser
LogPluginManager: Mounting plugin SpeedTreeImporter
LogPluginManager: Mounting plugin DatasmithContent
LogPluginManager: Mounting plugin AlembicImporter
LogPluginManager: Mounting plugin AppleImageUtils
LogPluginManager: Mounting plugin AppleVision
LogPluginManager: Mounting plugin BackChannel
LogPluginManager: Mounting plugin CharacterAI
LogPluginManager: Mounting plugin GeometryCache
LogPluginManager: Mounting plugin HTML5Networking
LogPluginManager: Mounting plugin ProxyLODPlugin
LogPluginManager: Mounting plugin MagicLeap
LogPluginManager: Mounting plugin MagicLeapEmulator
LogPluginManager: Mounting plugin MagicLeapMedia
LogPluginManager: Mounting plugin AndroidMedia
LogPluginManager: Mounting plugin AvfMedia
LogPluginManager: Mounting plugin ImgMedia
LogPluginManager: Mounting plugin LinearTimecode
LogPluginManager: Mounting plugin MediaCompositing
LogPluginManager: Mounting plugin MediaPlayerEditor
LogPluginManager: Mounting plugin WmfMedia
LogPluginManager: Mounting plugin TcpMessaging
LogPluginManager: Mounting plugin UdpMessaging
LogPluginManager: Mounting plugin ActorSequence
LogPluginManager: Mounting plugin LevelSequenceEditor
LogPluginManager: Mounting plugin MatineeToLevelSequence
LogPluginManager: Mounting plugin NetcodeUnitTest
LogPluginManager: Mounting plugin NUTUnrealEngine4
LogPluginManager: Mounting plugin OnlineSubsystemGooglePlay
LogPluginManager: Mounting plugin OnlineSubsystemIOS
LogPluginManager: Mounting plugin OnlineSubsystem
LogPluginManager: Mounting plugin OnlineSubsystemNull
LogPluginManager: Mounting plugin OnlineSubsystemUtils
LogPluginManager: Mounting plugin LauncherChunkInstaller
LogPluginManager: Mounting plugin AndroidDeviceProfileSelector
LogPluginManager: Mounting plugin AndroidMoviePlayer
LogPluginManager: Mounting plugin AndroidPermission
LogPluginManager: Mounting plugin AppleMoviePlayer
LogPluginManager: Mounting plugin ArchVisCharacter
LogPluginManager: Mounting plugin AudioCapture
LogPluginManager: Mounting plugin CableComponent
LogPluginManager: Mounting plugin CustomMeshComponent
LogPluginManager: Mounting plugin EditableMesh
LogPluginManager: Mounting plugin ExampleDeviceProfileSelector
LogPluginManager: Mounting plugin GoogleCloudMessaging
LogPluginManager: Mounting plugin ImmediatePhysics
LogPluginManager: Mounting plugin IOSDeviceProfileSelector
LogPluginManager: Mounting plugin LinuxDeviceProfileSelector
LogPluginManager: Mounting plugin LocationServicesBPLibrary
LogPluginManager: Mounting plugin MobilePatchingUtils
LogPluginManager: Mounting plugin OculusVR
LogPluginManager: Plugin shader directory ../../../Engine/Plugins/Runtime/Oculus/OculusVR/Shaders found
LogPluginManager: Mapping shader source directory ../../../Engine/Plugins/Runtime/Oculus/OculusVR/Shaders to virtual directory /Plugin/OculusVR
LogPluginManager: Mounting plugin PhysXVehicles
LogPluginManager: Mounting plugin ProceduralMeshComponent
LogPluginManager: Mounting plugin RuntimePhysXCooking
LogPluginManager: Mounting plugin SteamVR
LogPluginManager: Mounting plugin WindowsMoviePlayer
LogStreaming: Display: Took  0.141s to configure plugins.
LogInit: Using libcurl 7.55.1-DEV
LogInit:  - built for x86_64-pc-win32
LogInit:  - supports SSL with OpenSSL/1.0.2h
LogInit:  - supports HTTP deflate (compression) using libz 1.2.8
LogInit:  - other features:
LogInit:      CURL_VERSION_SSL
LogInit:      CURL_VERSION_LIBZ
LogInit:      CURL_VERSION_IPV6
LogInit:      CURL_VERSION_ASYNCHDNS
LogInit:      CURL_VERSION_LARGEFILE
LogInit:      CURL_VERSION_IDN
LogInit:  CurlRequestOptions (configurable via config and command line):
LogInit:  - bVerifyPeer = false  - Libcurl will NOT verify peer certificate
LogInit:  - bUseHttpProxy = false  - Libcurl will NOT use HTTP proxy
LogInit:  - bDontReuseConnections = false  - Libcurl will reuse connections
LogInit:  - CertBundlePath = nullptr  - Libcurl will use whatever was configured at build time.
LogInit:  - MaxHostConnections = 16  - Libcurl will limit the number of connections to a host
LogInit:  - LocalHostAddr = Default
LogInit:  - BufferSize = 65536
LogInit: WinSock: version 1.1 (2.2), MaxSocks=32767, MaxUdp=65467
LogInit: Build: ++UE4+Release-4.20-CL-4369336
LogInit: Engine Version: 4.20.3-4369336+++UE4+Release-4.20
LogInit: Compatible Engine Version: 4.20.0-4212847+++UE4+Release-4.20
LogInit: Net CL: 4212847
LogInit: OS: Windows 10 (), CPU: AMD FX(tm)-8320 Eight-Core Processor           , GPU: AMD Radeon (TM) R9 380 Series
LogInit: Compiled (64-bit): Sep 17 2018 12:26:19
LogInit: Compiled with Visual C++: 19.13.26129.00
LogInit: Build Configuration: Development
LogInit: Branch Name: ++UE4+Release-4.20
LogInit: Command Line:  -skipcompile
LogInit: Base Directory: C:/Users/blued/Documents/UE_4.20/Engine/Binaries/Win64/
LogInit: Installed Engine Build: 1
LogDevObjectVersion: Number of dev versions registered: 20
LogDevObjectVersion:   Dev-Blueprints (B0D832E4-1F89-4F0D-ACCF-7EB736FD4AA2): 10
LogDevObjectVersion:   Dev-Build (E1C64328-A22C-4D53-A36C-8E866417BD8C): 0
LogDevObjectVersion:   Dev-Core (375EC13C-06E4-48FB-B500-84F0262A717E): 2
LogDevObjectVersion:   Dev-Editor (E4B068ED-F494-42E9-A231-DA0B2E46BB41): 24
LogDevObjectVersion:   Dev-Framework (CFFC743F-43B0-4480-9391-14DF171D2073): 34
LogDevObjectVersion:   Dev-Mobile (B02B49B5-BB20-44E9-A304-32B752E40360): 2
LogDevObjectVersion:   Dev-Networking (A4E4105C-59A1-49B5-A7C5-40C4547EDFEE): 0
LogDevObjectVersion:   Dev-Online (39C831C9-5AE6-47DC-9A44-9C173E1C8E7C): 0
LogDevObjectVersion:   Dev-Physics (78F01B33-EBEA-4F98-B9B4-84EACCB95AA2): 0
LogDevObjectVersion:   Dev-Platform (6631380F-2D4D-43E0-8009-CF276956A95A): 0
LogDevObjectVersion:   Dev-Rendering (12F88B9F-8875-4AFC-A67C-D90C383ABD29): 26
LogDevObjectVersion:   Dev-Sequencer (7B5AE74C-D270-4C10-A958-57980B212A5A): 9
LogDevObjectVersion:   Dev-VR (D7296918-1DD6-4BDD-9DE2-64A83CC13884): 2
LogDevObjectVersion:   Dev-LoadTimes (C2A15278-BFE7-4AFE-6C17-90FF531DF755): 1
LogDevObjectVersion:   Private-Geometry (6EACA3D4-40EC-4CC1-B786-8BED09428FC5): 3
LogDevObjectVersion:   Dev-AnimPhys (29E575DD-E0A3-4627-9D10-D276232CDCEA): 17
LogDevObjectVersion:   Dev-ReflectionCapture (6B266CEC-1EC7-4B8F-A30B-E4D90942FC07): 1
LogDevObjectVersion:   Dev-Automation (0DF73D61-A23F-47EA-B727-89E90C41499A): 1
LogDevObjectVersion:   FortniteMain (601D1886-AC64-4F84-AA16-D3DE0DEAC7D6): 12
LogDevObjectVersion:   Dev-Enterprise (9DFFBCD6-494F-0158-E221-12823C92A888): 1
LogStreaming: Display: Took  0.003s to delete old logs.
LogInit: Presizing for max 8388607 objects, including 0 objects not considered by GC, pre-allocating 0 bytes for permanent pool.
LogInit: Object subsystem initialized
[2018.11.23-17.01.49:452][  0]LogInit: Selected Device Profile: [Windows]
[2018.11.23-17.01.49:452][  0]LogInit: Applying CVar settings loaded from the selected device profile: [Windows]
[2018.11.23-17.01.49:468][  0]LogHAL: Display: Platform has ~ 16 GB [17071263744 / 17179869184 / 16], which maps to Larger [LargestMinGB=32, LargerMinGB=12, DefaultMinGB=8, SmallerMinGB=6, SmallestMinGB=0)
[2018.11.23-17.01.49:468][  0]LogInit: Setting Device Profile CVar: [[r.Vulkan.UseRealUBs:1]]
[2018.11.23-17.01.49:468][  0]LogInit: Going up to parent DeviceProfile []
[2018.11.23-17.01.49:470][  0]LogInit: Computer: DESKTOP-JAN50R2
[2018.11.23-17.01.49:470][  0]LogInit: User: blued
[2018.11.23-17.01.49:470][  0]LogInit: CPU Page size=4096, Cores=4
[2018.11.23-17.01.49:470][  0]LogInit: High frequency timer resolution =3.429419 MHz
[2018.11.23-17.01.49:471][  0]LogMemory: Memory total: Physical=15.9GB (16GB approx)
[2018.11.23-17.01.49:471][  0]LogMemory: Platform Memory Stats for Windows
[2018.11.23-17.01.49:471][  0]LogMemory: Process Physical Memory: 102.06 MB used, 102.06 MB peak
[2018.11.23-17.01.49:471][  0]LogMemory: Process Virtual Memory: 89.43 MB used, 89.43 MB peak
[2018.11.23-17.01.49:471][  0]LogMemory: Physical Memory: 6962.28 MB used,  9318.15 MB free, 16280.43 MB total
[2018.11.23-17.01.49:471][  0]LogMemory: Virtual Memory: 4643.37 MB used,  9318.15 MB free, 134217728.00 MB total
[2018.11.23-17.01.49:643][  0]LogInit: Using OS detected language (en-US).
[2018.11.23-17.01.49:643][  0]LogInit: Using OS detected locale (en-GB).
[2018.11.23-17.01.49:644][  0]LogTextLocalizationManager: No specific localization for 'en-US' exists, so the 'en' localization will be used.
[2018.11.23-17.01.50:166][  0]LogStreaming: Display: Took  0.523s to InitEngineTextLocalization.
[2018.11.23-17.01.50:166][  0]LogInit: Setting process to per monitor DPI aware
[2018.11.23-17.01.50:311][  0]LogSlate: New Slate User Created.  User Index 0, Is Virtual User: 0
[2018.11.23-17.01.50:311][  0]LogSlate: Slate User Registered.  User Index 0, Is Virtual User: 0
[2018.11.23-17.01.51:375][  0]LogHMD: Failed to initialize OpenVR with code 110
[2018.11.23-17.01.51:376][  0]LogD3D11RHI: D3D11 adapters:
[2018.11.23-17.01.51:456][  0]LogD3D11RHI:    0. 'AMD Radeon (TM) R9 380 Series' (Feature Level 11_0)
[2018.11.23-17.01.51:456][  0]LogD3D11RHI:       4071/0/8140 MB DedicatedVideo/DedicatedSystem/SharedSystem, Outputs:2, VendorId:0x1002
[2018.11.23-17.01.51:465][  0]LogD3D11RHI:    1. 'Microsoft Basic Render Driver' (Feature Level 11_0)
[2018.11.23-17.01.51:465][  0]LogD3D11RHI:       0/0/8140 MB DedicatedVideo/DedicatedSystem/SharedSystem, Outputs:0, VendorId:0x1414
[2018.11.23-17.01.51:465][  0]LogD3D11RHI: Chosen D3D11 Adapter: 0
[2018.11.23-17.01.51:479][  0]LogD3D11RHI: Creating new Direct3DDevice
[2018.11.23-17.01.51:479][  0]LogD3D11RHI:     GPU DeviceId: 0x6938 (for the marketing name, search the web for "GPU Device Id")
[2018.11.23-17.01.51:480][  0]LogWindows: EnumDisplayDevices:
[2018.11.23-17.01.51:480][  0]LogWindows:    0. 'AMD Radeon (TM) R9 380 Series' (P:1 D:1)
[2018.11.23-17.01.51:481][  0]LogWindows:    1. 'AMD Radeon (TM) R9 380 Series' (P:0 D:1)
[2018.11.23-17.01.51:481][  0]LogWindows:    2. 'AMD Radeon (TM) R9 380 Series' (P:0 D:0)
[2018.11.23-17.01.51:482][  0]LogWindows:    3. 'AMD Radeon (TM) R9 380 Series' (P:0 D:0)
[2018.11.23-17.01.51:482][  0]LogWindows:    4. 'AMD Radeon (TM) R9 380 Series' (P:0 D:0)
[2018.11.23-17.01.51:483][  0]LogWindows:    5. 'AMD Radeon (TM) R9 380 Series' (P:0 D:0)
[2018.11.23-17.01.51:484][  0]LogWindows:    6. 'AMD Radeon (TM) R9 380 Series' (P:0 D:0)
[2018.11.23-17.01.51:484][  0]LogWindows:    7. 'AMD Radeon (TM) R9 380 Series' (P:0 D:0)
[2018.11.23-17.01.51:485][  0]LogWindows:    8. 'AMD Radeon (TM) R9 380 Series' (P:0 D:0)
[2018.11.23-17.01.51:485][  0]LogWindows:    9. 'AMD Radeon (TM) R9 380 Series' (P:0 D:0)
[2018.11.23-17.01.51:486][  0]LogWindows:    10. 'AMD Radeon (TM) R9 380 Series' (P:0 D:0)
[2018.11.23-17.01.51:486][  0]LogWindows:    11. 'AMD Radeon (TM) R9 380 Series' (P:0 D:0)
[2018.11.23-17.01.51:487][  0]LogWindows:    12. 'AMD Radeon (TM) R9 380 Series' (P:0 D:0)
[2018.11.23-17.01.51:487][  0]LogWindows:    13. 'AMD Radeon (TM) R9 380 Series' (P:0 D:0)
[2018.11.23-17.01.51:488][  0]LogWindows:    14. 'AMD Radeon (TM) R9 380 Series' (P:0 D:0)
[2018.11.23-17.01.51:489][  0]LogWindows:    15. 'AMD Radeon (TM) R9 380 Series' (P:0 D:0)
[2018.11.23-17.01.51:489][  0]LogWindows: DebugString: FoundDriverCount:16 
[2018.11.23-17.01.51:489][  0]LogD3D11RHI:     Adapter Name: AMD Radeon (TM) R9 380 Series
[2018.11.23-17.01.51:489][  0]LogD3D11RHI:   Driver Version: Adrenalin 18.10.2 (internal:25.20.14007.1000, unified:25.20.14007.1000)
[2018.11.23-17.01.51:489][  0]LogD3D11RHI:      Driver Date: 10-19-2018
[2018.11.23-17.01.51:489][  0]LogRHI: Texture pool is 2850 MB (70% of 4071 MB)
[2018.11.23-17.01.51:672][  0]LogD3D11RHI: Async texture creation enabled
[2018.11.23-17.01.51:685][  0]LogD3D11RHI: GPU Timing Frequency: 27.000000 (Debug: 2 1)
[2018.11.23-17.01.51:687][  0]LogShaderCompilers: Guid format shader working directory is 15 characters bigger than the processId version (D:/TGP_PairProject/TGP_Project/Intermediate/Shaders/WorkingDirectory/11780/).
[2018.11.23-17.01.51:688][  0]LogShaderCompilers: Cleaned the shader compiler working directory 'C:/Users/blued/AppData/Local/Temp/UnrealShaderWorkingDir/AEB0880C456B48944807C08639EBB259/'.
[2018.11.23-17.01.52:053][  0]LogTemp: Display: Loaded TP AllDesktopTargetPlatform
[2018.11.23-17.01.52:080][  0]LogTemp: Display: Loaded TP MacClientTargetPlatform
[2018.11.23-17.01.52:106][  0]LogTemp: Display: Loaded TP MacNoEditorTargetPlatform
[2018.11.23-17.01.52:131][  0]LogTemp: Display: Loaded TP MacServerTargetPlatform
[2018.11.23-17.01.52:157][  0]LogTemp: Display: Loaded TP MacTargetPlatform
[2018.11.23-17.01.52:184][  0]LogTemp: Display: Loaded TP WindowsClientTargetPlatform
[2018.11.23-17.01.52:211][  0]LogTemp: Display: Loaded TP WindowsNoEditorTargetPlatform
[2018.11.23-17.01.52:236][  0]LogTemp: Display: Loaded TP WindowsServerTargetPlatform
[2018.11.23-17.01.52:248][  0]LogTemp: Display: Loaded TP WindowsTargetPlatform
[2018.11.23-17.01.52:384][  0]LogTemp: Display: Loaded TP AndroidTargetPlatform
[2018.11.23-17.01.52:384][  0]LogTemp: Display: Loaded TP AndroidTargetPlatform
[2018.11.23-17.01.52:384][  0]LogTemp: Display: Loaded TP AndroidTargetPlatform
[2018.11.23-17.01.52:384][  0]LogTemp: Display: Loaded TP AndroidTargetPlatform
[2018.11.23-17.01.52:384][  0]LogTemp: Display: Loaded TP AndroidTargetPlatform
[2018.11.23-17.01.52:385][  0]LogTemp: Display: Loaded TP AndroidTargetPlatform
[2018.11.23-17.01.52:385][  0]LogTemp: Display: Loaded TP AndroidTargetPlatform
[2018.11.23-17.01.52:385][  0]LogTemp: Display: Loaded TP AndroidTargetPlatform
[2018.11.23-17.01.52:385][  0]LogTemp: Display: Loaded TP AndroidTargetPlatform
[2018.11.23-17.01.52:385][  0]LogTemp: Display: Loaded TP AndroidTargetPlatform
[2018.11.23-17.01.52:385][  0]LogTemp: Display: Loaded TP AndroidTargetPlatform
[2018.11.23-17.01.52:385][  0]LogTemp: Display: Loaded TP AndroidTargetPlatform
[2018.11.23-17.01.52:385][  0]LogTemp: Display: Loaded TP AndroidTargetPlatform
[2018.11.23-17.01.52:385][  0]LogTemp: Display: Loaded TP AndroidTargetPlatform
[2018.11.23-17.01.52:385][  0]LogTemp: Display: Loaded TP AndroidTargetPlatform
[2018.11.23-17.01.52:385][  0]LogTemp: Display: Loaded TP AndroidTargetPlatform
[2018.11.23-17.01.52:385][  0]LogTemp: Display: Loaded TP AndroidTargetPlatform
[2018.11.23-17.01.52:386][  0]LogTemp: Display: Loaded TP AndroidTargetPlatform
[2018.11.23-17.01.52:391][  0]LogTemp: Display: Loaded TP HTML5TargetPlatform
[2018.11.23-17.01.52:492][  0]LogTemp: Display: Loaded TP IOSTargetPlatform
[2018.11.23-17.01.52:492][  0]LogTemp: Display: Loaded TP IOSTargetPlatform
[2018.11.23-17.01.52:538][  0]LogTemp: Display: Loaded TP TVOSTargetPlatform
[2018.11.23-17.01.52:538][  0]LogTemp: Display: Loaded TP TVOSTargetPlatform
[2018.11.23-17.01.52:563][  0]LogTemp: Display: Loaded TP LinuxClientTargetPlatform
[2018.11.23-17.01.52:588][  0]LogTemp: Display: Loaded TP LinuxNoEditorTargetPlatform
[2018.11.23-17.01.52:615][  0]LogTemp: Display: Loaded TP LinuxServerTargetPlatform
[2018.11.23-17.01.52:643][  0]LogTemp: Display: Loaded TP LinuxTargetPlatform
[2018.11.23-17.01.52:665][  0]LogTemp: Display: Loaded TP LuminTargetPlatform
[2018.11.23-17.01.52:665][  0]LogTargetPlatformManager: Display: Building Assets For Windows
[2018.11.23-17.01.52:852][  0]LogXGEController: Cleaning working directory: C:/Users/blued/AppData/Local/Temp/UnrealXGEWorkingDir/
[2018.11.23-17.01.52:853][  0]LogXGEController: Cannot use XGE Controller as Incredibuild is not installed on this machine.
[2018.11.23-17.01.52:853][  0]LogShaderCompilers: Cannot use XGE Shader Compiler as Incredibuild is not installed on this machine.
[2018.11.23-17.01.52:853][  0]LogShaderCompilers: Display: Using Local Shader Compiler.
[2018.11.23-17.01.54:242][  0]LogDerivedDataCache: Display: Max Cache Size: 512 MB
[2018.11.23-17.01.54:333][  0]LogDerivedDataCache: Loaded boot cache 0.09s 71MB C:/Users/blued/AppData/Local/UnrealEngine/4.20/DerivedDataCache/Boot.ddc.
[2018.11.23-17.01.54:334][  0]LogDerivedDataCache: Display: Loaded Boot cache: C:/Users/blued/AppData/Local/UnrealEngine/4.20/DerivedDataCache/Boot.ddc
[2018.11.23-17.01.54:334][  0]LogDerivedDataCache: FDerivedDataBackendGraph:  Pak pak cache file D:/TGP_PairProject/TGP_Project/DerivedDataCache/DDC.ddp not found, will not use a pak cache.
[2018.11.23-17.01.54:334][  0]LogDerivedDataCache: Unable to find inner node Pak for hierarchical cache Hierarchy.
[2018.11.23-17.01.54:334][  0]LogDerivedDataCache: FDerivedDataBackendGraph:  CompressedPak pak cache file D:/TGP_PairProject/TGP_Project/DerivedDataCache/Compressed.ddp not found, will not use a pak cache.
[2018.11.23-17.01.54:334][  0]LogDerivedDataCache: Unable to find inner node CompressedPak for hierarchical cache Hierarchy.
[2018.11.23-17.01.54:352][  0]LogDerivedDataCache: Display: Pak cache opened for reading ../../../Engine/DerivedDataCache/Compressed.ddp.
[2018.11.23-17.01.54:366][  0]LogDerivedDataCache: Using Local data cache path C:/Users/blued/AppData/Local/UnrealEngine/Common/DerivedDataCache: Writable
[2018.11.23-17.01.54:366][  0]LogDerivedDataCache: Shared data cache path not found in *engine.ini, will not use an Shared cache.
[2018.11.23-17.01.54:366][  0]LogDerivedDataCache: Unable to find inner node Shared for hierarchical cache Hierarchy.
[2018.11.23-17.01.54:396][  0]LogMaterial: Verifying Global Shaders for PCD3D_SM5
[2018.11.23-17.01.54:398][  0]LogSlate: Using FreeType 2.6.0
[2018.11.23-17.01.54:400][  0]LogSlate: SlateFontServices - WITH_FREETYPE: 1, WITH_HARFBUZZ: 1
[2018.11.23-17.01.54:607][  0]LogAssetRegistry: FAssetRegistry took 0.0316 seconds to start up
[2018.11.23-17.01.55:192][  0]LogInit: Selected Device Profile: [Windows]
[2018.11.23-17.01.55:413][  0]LogSimplygon: Simplygon DLL not present - disabling.
[2018.11.23-17.01.55:427][  0]LogMeshReduction: Using SimplygonSwarm for distributed automatic mesh merging
[2018.11.23-17.01.55:427][  0]LogMeshReduction: Using ProxyLODMeshReduction for automatic mesh merging
[2018.11.23-17.01.55:427][  0]LogMeshReduction: Using QuadricMeshReduction for automatic static mesh reduction
[2018.11.23-17.01.55:427][  0]LogMeshReduction: No automatic skeletal mesh reduction module available
[2018.11.23-17.01.55:499][  0]LogNetVersion: TGP_Project 1.0.0, NetCL: 4212847, EngineNetVer: 5, GameNetVer: 0 (Checksum: 95638710)
[2018.11.23-17.01.56:219][  0]LogPackageLocalizationCache: Processed 11 localized package path(s) for 2 prioritized culture(s) in 0.110089 seconds
[2018.11.23-17.01.56:228][  0]LogUObjectArray: 38425 objects as part of root set at end of initial load.
[2018.11.23-17.01.56:228][  0]LogUObjectAllocator: 6690872 out of 0 bytes used by permanent object pool.
[2018.11.23-17.01.56:228][  0]LogUObjectArray: CloseDisregardForGC: 0/0 objects in disregard for GC pool
[2018.11.23-17.01.58:742][  0]LogTcpMessaging: Initializing TcpMessaging bridge
[2018.11.23-17.01.58:760][  0]LogUdpMessaging: Initializing bridge on interface 0.0.0.0:0 to multicast group 230.0.0.1:6666.
[2018.11.23-17.01.59:037][  0]SourceControl: Source control is disabled
[2018.11.23-17.01.59:037][  0]SourceControl: Source control is disabled
[2018.11.23-17.01.59:043][  0]SourceControl: Source control is disabled
[2018.11.23-17.01.59:048][  0]SourceControl: Source control is disabled
[2018.11.23-17.01.59:374][  0]LogAndroidPermission: UAndroidPermissionCallbackProxy::GetInstance
[2018.11.23-17.01.59:534][  0]LogOcInput: OculusInput pre-init called
[2018.11.23-17.01.59:629][  0]LogEngine: Initializing Engine...
[2018.11.23-17.01.59:630][  0]LogHMD: Failed to initialize OpenVR with code 110
[2018.11.23-17.01.59:633][  0]LogStats: UGameplayTagsManager::ConstructGameplayTagTree: ImportINI prefixes -  0.000 s
[2018.11.23-17.01.59:633][  0]LogStats: UGameplayTagsManager::ConstructGameplayTagTree: Construct from data asset -  0.000 s
[2018.11.23-17.01.59:633][  0]LogStats: UGameplayTagsManager::ConstructGameplayTagTree: ImportINI -  0.000 s
[2018.11.23-17.01.59:633][  0]LogStats: UGameplayTagsManager::ConstructGameplayTagTree: GameplayTagTreeChangedEvent.Broadcast -  0.000 s
[2018.11.23-17.01.59:920][  0]LogInit: Initializing FReadOnlyCVARCache
[2018.11.23-17.01.59:941][  0]LogAIModule: Creating AISystem for world Untitled
[2018.11.23-17.01.59:976][  0]LogInit: XAudio2 using 'Headphones (4- Turtle Beach Recon 60P)' : 2 channels at 48 kHz using 16 bits per sample (channel mask 0x3)
[2018.11.23-17.02.00:003][  0]LogInit: FAudioDevice initialized.
[2018.11.23-17.02.00:003][  0]LogNetVersion: Set ProjectVersion to 1.0.0.0. Version Checksum will be recalculated on next use.
[2018.11.23-17.02.00:113][  0]LogDerivedDataCache: Saved boot cache 0.11s 71MB C:/Users/blued/AppData/Local/UnrealEngine/4.20/DerivedDataCache/Boot.ddc.
[2018.11.23-17.02.00:114][  0]LogInit: Texture streaming: Enabled
[2018.11.23-17.02.00:146][  0]LogEngineSessionManager: EngineSessionManager initialized
[2018.11.23-17.02.00:161][  0]LogInit: Transaction tracking system initialized
[2018.11.23-17.02.00:210][  0]BlueprintLog: New page: Editor Load
[2018.11.23-17.02.00:394][  0]LocalizationService: Localization service is disabled
[2018.11.23-17.02.00:810][  0]LogCook: Display: Max memory allowance for cook 16384mb min free memory 0mb
[2018.11.23-17.02.00:811][  0]LogCook: Display: Mobile HDR setting 1
[2018.11.23-17.02.00:811][  0]LogGameplayTags: Display: UGameplayTagsManager::DoneAddingNativeTags. DelegateIsBound: 0
[2018.11.23-17.02.00:811][  0]LogStats: UGameplayTagsManager::ConstructGameplayTagTree: ImportINI prefixes -  0.000 s
[2018.11.23-17.02.00:811][  0]LogStats: UGameplayTagsManager::ConstructGameplayTagTree: Construct from data asset -  0.000 s
[2018.11.23-17.02.00:811][  0]LogStats: UGameplayTagsManager::ConstructGameplayTagTree: ImportINI -  0.000 s
[2018.11.23-17.02.00:811][  0]LogStats: UGameplayTagsManager::ConstructGameplayTagTree: GameplayTagTreeChangedEvent.Broadcast -  0.000 s
[2018.11.23-17.02.01:095][  0]LogFileCache: Scanning file cache for directory 'D:/TGP_PairProject/TGP_Project/Content/' took 0.02s
[2018.11.23-17.02.01:095][  0]SourceControl: Source control is disabled
[2018.11.23-17.02.01:095][  0]Cmd: MAP LOAD FILE="D:/TGP_PairProject/TGP_Project/Content/BaseLevel.umap" TEMPLATE=0 SHOWPROGRESS=1 FEATURELEVEL=3
[2018.11.23-17.02.01:096][  0]LogEditorServer: Warning: Can't find file 'D:/TGP_PairProject/TGP_Project/Content/BaseLevel.umap'
[2018.11.23-17.02.01:096][  0]Cmd: MAP CHECKDEP NOCLEARLOG
[2018.11.23-17.02.01:311][  0]MapCheck: Map check complete: 0 Error(s), 0 Warning(s), took 215.114ms to complete.
[2018.11.23-17.02.01:312][  0]LogFileHelpers: Loading map 'BaseLevel' took 0.216
[2018.11.23-17.02.01:593][  0]LogSlate: Updating window title bar state: overlay mode, drag disabled, window buttons hidden, title bar hidden
[2018.11.23-17.02.01:605][  0]LogSlate: Updating window title bar state: overlay mode, drag disabled, window buttons hidden, title bar hidden
[2018.11.23-17.02.01:618][  0]LogSlate: Updating window title bar state: overlay mode, drag disabled, window buttons hidden, title bar hidden
[2018.11.23-17.02.01:630][  0]LogSlate: Updating window title bar state: overlay mode, drag disabled, window buttons hidden, title bar hidden
[2018.11.23-17.02.01:641][  0]LogCollectionManager: Loaded 0 collections in 0.001252 seconds
[2018.11.23-17.02.01:737][  0]LogFileCache: Scanning file cache for directory 'D:/TGP_PairProject/TGP_Project/Saved/Collections/' took 0.01s
[2018.11.23-17.02.01:737][  0]LogFileCache: Scanning file cache for directory 'D:/TGP_PairProject/TGP_Project/Content/Developers/blued/Collections/' took 0.01s
[2018.11.23-17.02.01:737][  0]LogFileCache: Scanning file cache for directory 'D:/TGP_PairProject/TGP_Project/Content/Collections/' took 0.01s
[2018.11.23-17.02.01:737][  0]LogCollectionManager: Rebuilt the GUID cache for 0 collections in 0.000001 seconds
[2018.11.23-17.02.01:758][  0]LogContentBrowser: Native class hierarchy populated in 0.0200 seconds. Added 2580 classes and 606 folders.
[2018.11.23-17.02.01:770][  0]LogContentBrowser: Native class hierarchy updated for 'WidgetCarousel' in 0.0005 seconds. Added 0 classes and 0 folders.
[2018.11.23-17.02.01:890][  0]LogContentBrowser: Native class hierarchy updated for 'AddContentDialog' in 0.0004 seconds. Added 0 classes and 0 folders.
[2018.11.23-17.02.01:901][  0]LogContentBrowser: Native class hierarchy updated for 'SceneOutliner' in 0.0004 seconds. Added 1 classes and 2 folders.
[2018.11.23-17.02.01:985][  0]LogSlate: Took 0.001343 seconds to synchronously load lazily loaded font '../../../Engine/Content/Slate/Fonts/Roboto-Regular.ttf' (155K)
[2018.11.23-17.02.01:990][  0]LogSlate: Took 0.001142 seconds to synchronously load lazily loaded font '../../../Engine/Content/Slate/Fonts/Roboto-Bold.ttf' (160K)
[2018.11.23-17.02.01:999][  0]LogSlate: Took 0.000861 seconds to synchronously load lazily loaded font '../../../Engine/Content/Editor/Slate/Fonts/FontAwesome.ttf' (139K)
[2018.11.23-17.02.02:122][  0]LogRenderer: Reallocating scene render targets to support 1208x552 Format 10 NumSamples 1 (Frame:1).
[2018.11.23-17.02.02:213][  0]LogSlate: Took 0.000988 seconds to synchronously load lazily loaded font '../../../Engine/Content/Slate/Fonts/Roboto-Light.ttf' (167K)
[2018.11.23-17.02.02:328][  0]LogContentBrowser: Native class hierarchy updated for 'HierarchicalLODOutliner' in 0.0004 seconds. Added 0 classes and 0 folders.
[2018.11.23-17.02.02:329][  0]LogLoad: (Engine Initialization) Total time: 15.34 seconds
[2018.11.23-17.02.02:329][  0]LogLoad: (Engine Initialization) Total Blueprint compile time: 0.00 seconds
[2018.11.23-17.02.02:393][  0]LogWindowsTextInputMethodSystem: Display: IME system now deactivated.
[2018.11.23-17.02.02:415][  0]LogContentStreaming: Texture pool size now 1000 MB
[2018.11.23-17.02.02:492][  1]LogAssetRegistry: Asset discovery search completed in 7.9093 seconds
[2018.11.23-17.02.02:495][  1]LogCollectionManager: Rebuilt the object cache for 0 collections in 0.000001 seconds (found 0 objects)
[2018.11.23-17.02.02:495][  1]LogCollectionManager: Fixed up redirectors for 0 collections in 0.000167 seconds (updated 0 objects)
[2018.11.23-17.02.32:123][536]LogSlate: FSceneViewport::OnFocusLost() reason 0
[2018.11.23-17.02.32:866][615]LogSlate: Took 0.000451 seconds to synchronously load lazily loaded font '../../../Engine/Content/Slate/Fonts/Roboto-Light.ttf' (167K)
[2018.11.23-17.02.32:911][615]LogAIModule: Creating AISystem for world BaseLevel
[2018.11.23-17.02.32:925][615]LogAssetEditorManager: Opening Asset editor for World /Game/Levels/BaseLevel.BaseLevel
[2018.11.23-17.02.33:062][615]Cmd: MAP LOAD FILE="D:/TGP_PairProject/TGP_Project/Content/Levels/BaseLevel.umap" TEMPLATE=0 SHOWPROGRESS=1 FEATURELEVEL=3
[2018.11.23-17.02.33:062][615]LightingResults: New page: Lighting Build
[2018.11.23-17.02.33:065][615]LogContentBrowser: Native class hierarchy updated for 'StatsViewer' in 0.0004 seconds. Added 5 classes and 0 folders.
[2018.11.23-17.02.33:066][615]LoadErrors: New page: Loading map: BaseLevel.umap
[2018.11.23-17.02.33:067][615]MapCheck: New page: Map Check
[2018.11.23-17.02.33:067][615]LightingResults: New page: Lighting Build
[2018.11.23-17.02.33:283][615]LogEditorServer: Finished looking for orphan Actors (0.000 secs)
[2018.11.23-17.02.33:453][615]Cmd: MAP CHECKDEP NOCLEARLOG
[2018.11.23-17.02.33:610][615]MapCheck: Map check complete: 0 Error(s), 0 Warning(s), took 157.201ms to complete.
[2018.11.23-17.02.33:611][615]LogFileHelpers: Loading map 'BaseLevel' took 0.550
[2018.11.23-17.02.42:792][  8]LogSlate: Window 'Pick Parent Class' being destroyed
[2018.11.23-17.02.51:419][ 26]LogAssetEditorManager: Opening Asset editor for Blueprint /Game/Blueprints/BP_Civilian.BP_Civilian
[2018.11.23-17.02.52:198][ 26]LogContentBrowser: Native class hierarchy updated for 'BlueprintGraph' in 0.0010 seconds. Added 116 classes and 0 folders.
[2018.11.23-17.02.53:484][ 27]LogRenderer: Reallocating scene render targets to support 1208x712 Format 10 NumSamples 1 (Frame:1).
[2018.11.23-17.02.56:136][323]LogSlate: Took 0.001123 seconds to synchronously load lazily loaded font '../../../Engine/Content/Slate/Fonts/Roboto-Italic.ttf' (157K)
[2018.11.23-17.03.08:454][709]LogSlate: FSceneViewport::OnFocusLost() reason 2
[2018.11.23-17.03.09:726][850]LogSlate: FSceneViewport::OnFocusLost() reason 2
[2018.11.23-17.03.26:047][697]LogSlate: FSceneViewport::OnFocusLost() reason 0
[2018.11.23-17.04.03:514][ 57]LogSlate: FSceneViewport::OnFocusLost() reason 0
[2018.11.23-17.04.28:099][914]LogSlate: FSceneViewport::OnFocusLost() reason 0
[2018.11.23-17.04.42:027][537]LogTemp: Repeating last play command: Simulate
[2018.11.23-17.04.42:052][537]LogPlayLevel: PlayLevel: No blueprints needed recompiling
[2018.11.23-17.04.42:068][537]PIE: New page: SIE session: BaseLevel (23 Nov 2018 17:04:42)
[2018.11.23-17.04.42:068][537]LogPlayLevel: Creating play world package: /Game/Levels/UEDPIE_0_BaseLevel
[2018.11.23-17.04.42:074][537]LogPlayLevel: PIE: StaticDuplicateObject took: (0.005633s)
[2018.11.23-17.04.42:075][537]LogAIModule: Creating AISystem for world BaseLevel
[2018.11.23-17.04.42:075][537]LogPlayLevel: PIE: World Init took: (0.001318s)
[2018.11.23-17.04.42:076][537]LogPlayLevel: PIE: Created PIE world by copying editor world from /Game/Levels/BaseLevel.BaseLevel to /Game/Levels/UEDPIE_0_BaseLevel.BaseLevel (0.007798s)
[2018.11.23-17.04.42:233][537]LogInit: XAudio2 using 'Headphones (4- Turtle Beach Recon 60P)' : 2 channels at 48 kHz using 16 bits per sample (channel mask 0x3)
[2018.11.23-17.04.42:252][537]LogInit: FAudioDevice initialized.
[2018.11.23-17.04.42:349][537]LogLoad: Game class is 'GameModeTemp_C'
[2018.11.23-17.04.42:352][537]LogWorld: Bringing World /Game/Levels/UEDPIE_0_BaseLevel.BaseLevel up for play (max tick rate 0) at 2018.11.23-17.04.42
[2018.11.23-17.04.42:353][537]LogWorld: Bringing up level for play took: 0.001861
[2018.11.23-17.04.42:372][537]LogContentBrowser: Native class hierarchy updated for 'MovieSceneCapture' in 0.0005 seconds. Added 10 classes and 0 folders.
[2018.11.23-17.04.42:372][537]LogGameMode: Display: Match State Changed from EnteringMap to WaitingToStart
[2018.11.23-17.04.42:373][537]LogGameState: Match State Changed from EnteringMap to WaitingToStart
[2018.11.23-17.04.42:373][537]PIE: Play in editor start time for /Game/Levels/UEDPIE_0_BaseLevel 0.302
[2018.11.23-17.04.46:967][ 63]LogSlate: FSceneViewport::OnFocusLost() reason 0
[2018.11.23-17.04.56:701][120]LogSlate: FSceneViewport::OnFocusLost() reason 2
[2018.11.23-17.05.04:009][866]LogSlate: FSceneViewport::OnFocusLost() reason 0
[2018.11.23-17.05.18:611][455]LogSlate: Updating window title bar state: overlay mode, drag disabled, window buttons hidden, title bar hidden
[2018.11.23-17.05.18:669][455]LogPlayLevel: Display: Shutting down PIE online subsystems
[2018.11.23-17.05.18:773][455]LogSlate: Updating window title bar state: overlay mode, drag disabled, window buttons hidden, title bar hidden
[2018.11.23-17.05.18:800][456]LogPlayLevel: Display: Destroying online subsystem :Context_2
[2018.11.23-17.05.21:799][805]Cmd: OBJ SAVEPACKAGE PACKAGE="/Game/Levels/BaseLevel" FILE="D:/TGP_PairProject/TGP_Project/Content/Levels/BaseLevel.umap" SILENT=true AUTOSAVING=false KEEPDIRTY=false
[2018.11.23-17.05.21:980][805]LogSavePackage: Moving 'D:/TGP_PairProject/TGP_Project/Saved/BaseLevel01E4D4674E2C8CBC42F73B86F1706874.tmp' to 'D:/TGP_PairProject/TGP_Project/Content/Levels/BaseLevel.umap'
[2018.11.23-17.05.22:017][805]Cmd: OBJ SAVEPACKAGE PACKAGE="/Game/Levels/BaseLevel_BuiltData" FILE="D:/TGP_PairProject/TGP_Project/Content/Levels/BaseLevel_BuiltData.uasset" SILENT=true
[2018.11.23-17.05.22:043][805]LogSavePackage: Moving 'D:/TGP_PairProject/TGP_Project/Saved/BaseLevel_BuiltData0EB7EC81429C405C9280CAA2A5E6F0BA.tmp' to 'D:/TGP_PairProject/TGP_Project/Content/Levels/BaseLevel_BuiltData.uasset'
[2018.11.23-17.05.22:809][894]LogSlate: FSceneViewport::OnFocusLost() reason 0
[2018.11.23-17.05.23:833][ 16]MapCheck: New page: Map Check
[2018.11.23-17.05.23:895][ 16]Cmd: MAP REBUILD ALLVISIBLE
[2018.11.23-17.05.23:896][ 16]LogEditorServer: Rebuildmap Clear paths rebuilt
[2018.11.23-17.05.24:110][ 16]LogMaterial: Display: Missing cached shader map for material FDebugViewModeMaterialProxy WorldGridMaterial, compiling. Is special engine material.
[2018.11.23-17.05.24:122][ 16]LogMaterial: Display: Missing cached shader map for material FDebugViewModeMaterialProxy BasicShapeMaterial, compiling. 
[2018.11.23-17.05.24:899][ 16]LogShaderCompilers: Display: Shaders left to compile 1
[2018.11.23-17.05.24:899][ 16]LogShaderCompilers: Display: Shaders left to compile 1
[2018.11.23-17.05.24:899][ 16]TextureStreamingBuild: Display: Compiling optional shaders took 0.796 seconds.
[2018.11.23-17.05.24:901][ 16]LogLevel: Display: Export Material TexCoord Scales took 0.001 seconds.
[2018.11.23-17.05.24:913][ 16]TextureStreamingBuild: Display: Build Texture Streaming took 0.011 seconds.
[2018.11.23-17.05.25:016][ 16]LightingResults: New page: Lighting Build - 23 Nov 2018 17:05:25
[2018.11.23-17.05.25:107][ 16]LogSwarmInterface: [OpenConnection] Registering TCP channel ...
[2018.11.23-17.05.25:240][ 16]LogSwarmInterface: [OpenConnection] Connecting to agent ...
[2018.11.23-17.05.25:271][ 16]LogSwarmInterface: [TryOpenConnection] Testing the Agent
[2018.11.23-17.05.25:784][ 16]LogSwarmInterface: [TryOpenConnection] Opening Connection to Agent
[2018.11.23-17.05.25:784][ 16]LogSwarmInterface: [TryOpenConnection] Local Process ID is 11780
[2018.11.23-17.05.28:412][ 16]LogStaticLightingSystem: Warning: No importance volume found, so the scene bounding box was used.  You can optimize your scene's quality and lighting build times by adding importance volumes.
[2018.11.23-17.05.28:412][ 16]LogStaticLightingSystem: Running Lightmass w/ ImmediateImport mode ENABLED
[2018.11.23-17.05.28:412][ 16]LogStaticLightingSystem: Running Lightmass w/ ImmediateProcess mode ENABLED
[2018.11.23-17.05.28:413][ 16]LogStaticLightingSystem: Running Lightmass w/ Sorting mode ENABLED
[2018.11.23-17.05.28:413][ 16]LogStaticLightingSystem: Running Lightmass w/ Mapping paddings ENABLED
[2018.11.23-17.05.28:413][ 16]LogStaticLightingSystem: Running Lightmass w/ Mapping debug paddings DISABLED
[2018.11.23-17.05.28:573][ 16]Cmd: MAP CHECK DONTDISPLAYDIALOG
[2018.11.23-17.05.28:573][ 16]MapCheck: New page: BaseLevel - 23 Nov 2018 17:05:28
[2018.11.23-17.05.28:737][ 16]MapCheck: Map check complete: 0 Error(s), 0 Warning(s), took 163.632ms to complete.
[2018.11.23-17.05.28:765][ 16]LogEditorBuildUtils: Build time 0:04
[2018.11.23-17.05.30:742][114]Job is a success!
[2018.11.23-17.05.30:854][115]LogSlate: FSceneViewport::OnFocusLost() reason 2
[2018.11.23-17.05.30:910][115]LogVolumetricLightmapImport: Imported Volumetric Lightmap in 0.029s
[2018.11.23-17.05.30:910][115]LogVolumetricLightmapImport:      Indirection Texture 16x16x16 = 0.0Mb
[2018.11.23-17.05.30:911][115]LogVolumetricLightmapImport:      BrickData 65x5x5 = 0.1Mb
[2018.11.23-17.05.30:911][115]LogVolumetricLightmapImport:      Bricks at Level
[2018.11.23-17.05.30:911][115]LogVolumetricLightmapImport:          0: 7.7% covering 100.0% of volume
[2018.11.23-17.05.30:911][115]LogVolumetricLightmapImport:          1: 7.7% covering 1.6% of volume
[2018.11.23-17.05.30:912][115]LogVolumetricLightmapImport:          2: 84.6% covering 0.3% of volume
[2018.11.23-17.05.30:953][115]LogTexture: Display: Building textures: HQ_Lightmap1_1 (AutoDXT, 128X128)
[2018.11.23-17.05.30:954][115]LogTexture: Display: Building textures: LQ_Lightmap_1_1 (DXT1, 128X128)
[2018.11.23-17.05.30:954][115]LogTexture: Display: Building textures: HQ_Lightmap0_2 (AutoDXT, 64X64)
[2018.11.23-17.05.30:954][115]LogTexture: Display: Building textures: LQ_Lightmap_0_2 (DXT1, 64X64)
[2018.11.23-17.05.30:955][115]LogTexture: Display: Building textures: ShadowMapTexture2D_2 (G8, 64X8)
[2018.11.23-17.05.30:955][115]LogTexture: Display: Building textures: ShadowMapTexture2D_1 (G8, 128X64)
[2018.11.23-17.05.30:991][115]Lightmass on DESKTOP-JAN50R2: 1.17 sec total, 115 ms importing, 6 ms setup, 398 ms photons, 594 ms processing, 0 ms extra exporting [8/8 mappings]. Threads: 3.98 sec total, 94 ms processing.
[2018.11.23-17.05.31:145][115]LogStaticLightingSystem: Illumination: 6.07 sec (16 ms encoding lightmaps, 4 ms encoding shadowmaps)
[2018.11.23-17.05.31:145][115]LogStaticLightingSystem: Lightmap texture memory:  0.0 MB (0.0 MB streaming, 0.0 MB non-streaming), 4 textures
[2018.11.23-17.05.31:145][115]LogStaticLightingSystem: Shadowmap texture memory: 0.0 MB (0.0 MB streaming, 0.0 MB non-streaming), 2 textures
[2018.11.23-17.05.31:431][115]DumpUnbuiltLightIteractions
[2018.11.23-17.05.31:431][115]Lights with unbuilt interactions: 0
[2018.11.23-17.05.31:431][115]
[2018.11.23-17.05.31:431][115]Primitives with unbuilt interactions: 0
[2018.11.23-17.05.31:481][115]LogSlate: FSceneViewport::OnFocusLost() reason 2
[2018.11.23-17.05.31:508][116]Cmd: MAP CHECK NOTIFYRESULTS
[2018.11.23-17.05.31:509][116]MapCheck: New page: BaseLevel - 23 Nov 2018 17:05:31
[2018.11.23-17.05.31:683][116]MapCheck: Map check complete: 0 Error(s), 0 Warning(s), took 174.695ms to complete.
[2018.11.23-17.06.30:473][148]LogSlate: FSceneViewport::OnFocusLost() reason 0
[2018.11.23-17.06.30:607][156]Candidate modules for hot reload:
[2018.11.23-17.06.30:607][156]  TGP_Project
[2018.11.23-17.06.30:608][156]Launching UnrealBuildTool... [C:/Users/blued/Documents/UE_4.20/Engine/Binaries/DotNET/UnrealBuildTool.exe  -ModuleWithSuffix=TGP_Project,336 Win64 Development -TargetType=Editor -Project="D:/TGP_PairProject/TGP_Project/TGP_Project.uproject" -canskiplink "D:/TGP_PairProject/TGP_Project/TGP_Project.uproject" ]
[2018.11.23-17.06.30:611][156]Warning: Starting HotReload took  0.1s.
[2018.11.23-17.06.43:304][659]CompilerResultsLog: New page: Compilation - 23 Nov 2018 17:06:43
[2018.11.23-17.06.43:305][659]CompilerResultsLog: Using 'git status' to determine working set for adaptive non-unity build.
[2018.11.23-17.06.43:305][659]CompilerResultsLog: Creating makefile for hot reloading TGP_ProjectEditor (no existing makefile)
[2018.11.23-17.06.43:305][659]CompilerResultsLog: Compiling game modules for hot reload
[2018.11.23-17.06.43:305][659]CompilerResultsLog: Using Visual Studio 2017 14.15.26726 toolchain (C:\Program Files (x86)\Microsoft Visual Studio\2017\Community\VC\Tools\MSVC\14.15.26726) and Windows 10.0.17134.0 SDK (C:\Program Files (x86)\Windows Kits\10).
[2018.11.23-17.06.43:306][659]CompilerResultsLog: Target is up to date
[2018.11.23-17.06.43:306][659]CompilerResultsLog: Total build time: 12.32 seconds (NoActionsToExecute executor: 0.00 seconds)
[2018.11.23-17.06.43:306][659]LogMainFrame: MainFrame: Module compiling took 12.746 seconds
[2018.11.23-17.06.43:881][659]LogContentBrowser: Native class hierarchy populated in 0.0167 seconds. Added 2581 classes and 608 folders.
[2018.11.23-17.06.43:881][659]Display: HotReload took 13.3s.
[2018.11.23-17.06.50:562][410]LogSlate: FSceneViewport::OnFocusLost() reason 0
[2018.11.23-17.07.00:097][543]BlueprintLog: New page: Compile BP_Civilian
[2018.11.23-17.07.03:292][871]Cmd: OBJ SAVEPACKAGE PACKAGE="/Game/Levels/BaseLevel" FILE="D:/TGP_PairProject/TGP_Project/Content/Levels/BaseLevel.umap" SILENT=true AUTOSAVING=false KEEPDIRTY=false
[2018.11.23-17.07.03:448][871]LogSavePackage: Moving 'D:/TGP_PairProject/TGP_Project/Saved/BaseLevel79C27CEA4209018062D19881D9D4882F.tmp' to 'D:/TGP_PairProject/TGP_Project/Content/Levels/BaseLevel.umap'
[2018.11.23-17.07.03:490][871]Cmd: OBJ SAVEPACKAGE PACKAGE="/Game/Levels/BaseLevel_BuiltData" FILE="D:/TGP_PairProject/TGP_Project/Content/Levels/BaseLevel_BuiltData.uasset" SILENT=true
[2018.11.23-17.07.03:510][871]LogSavePackage: Moving 'D:/TGP_PairProject/TGP_Project/Saved/BaseLevel_BuiltData93C2CF9147269D5291763D8D14213364.tmp' to 'D:/TGP_PairProject/TGP_Project/Content/Levels/BaseLevel_BuiltData.uasset'
[2018.11.23-17.07.05:634][120]LogSlate: FSceneViewport::OnFocusLost() reason 0
[2018.11.23-17.07.11:147][755]LogAssetEditorManager: Opening Asset editor for Blueprint /Game/Blueprints/BP_Civilian.BP_Civilian
[2018.11.23-17.07.13:359][938]LogAssetEditorManager: Opening Asset editor for Blueprint /Game/Blueprints/BP_Civilian.BP_Civilian
[2018.11.23-17.07.13:799][938]LogSlate: Took 0.001242 seconds to synchronously load lazily loaded font '../../../Engine/Content/Slate/Fonts/Roboto-BoldCondensed.ttf' (158K)
[2018.11.23-17.07.16:908][283]Cmd: OBJ SAVEPACKAGE PACKAGE="/Game/Levels/BaseLevel" FILE="D:/TGP_PairProject/TGP_Project/Content/Levels/BaseLevel.umap" SILENT=true AUTOSAVING=false KEEPDIRTY=false
[2018.11.23-17.07.17:096][283]LogSavePackage: Moving 'D:/TGP_PairProject/TGP_Project/Saved/BaseLevel65AEDCDF410951FF1939DB9AEA940A25.tmp' to 'D:/TGP_PairProject/TGP_Project/Content/Levels/BaseLevel.umap'
[2018.11.23-17.07.17:131][283]Cmd: OBJ SAVEPACKAGE PACKAGE="/Game/Levels/BaseLevel_BuiltData" FILE="D:/TGP_PairProject/TGP_Project/Content/Levels/BaseLevel_BuiltData.uasset" SILENT=true
[2018.11.23-17.07.17:151][283]LogSavePackage: Moving 'D:/TGP_PairProject/TGP_Project/Saved/BaseLevel_BuiltData26F53CEC4B15FD650FB600A25AA888E2.tmp' to 'D:/TGP_PairProject/TGP_Project/Content/Levels/BaseLevel_BuiltData.uasset'
[2018.11.23-17.07.17:954][377]LogSlate: FSceneViewport::OnFocusLost() reason 0
[2018.11.23-17.07.18:003][383]MapCheck: New page: Map Check
[2018.11.23-17.07.18:061][383]Cmd: MAP REBUILD ALLVISIBLE
[2018.11.23-17.07.18:062][383]LogEditorServer: Rebuildmap Clear paths rebuilt
[2018.11.23-17.07.18:360][383]LogMaterial: Display: Missing cached shader map for material FDebugViewModeMaterialProxy WorldGridMaterial, compiling. Is special engine material.
[2018.11.23-17.07.18:369][383]LogMaterial: Display: Missing cached shader map for material FDebugViewModeMaterialProxy BasicShapeMaterial, compiling. 
[2018.11.23-17.07.19:120][383]LogShaderCompilers: Display: Shaders left to compile 2
[2018.11.23-17.07.19:120][383]LogShaderCompilers: Display: Shaders left to compile 1
[2018.11.23-17.07.19:120][383]TextureStreamingBuild: Display: Compiling optional shaders took 0.765 seconds.
[2018.11.23-17.07.19:122][383]LogLevel: Display: Export Material TexCoord Scales took 0.001 seconds.
[2018.11.23-17.07.19:135][383]TextureStreamingBuild: Display: Build Texture Streaming took 0.013 seconds.
[2018.11.23-17.07.19:257][383]LightingResults: New page: Lighting Build - 23 Nov 2018 17:07:19
[2018.11.23-17.07.19:267][383]LogSwarmInterface: [OpenConnection] Registering TCP channel ...
[2018.11.23-17.07.19:272][383]LogSwarmInterface: [OpenConnection] Connecting to agent ...
[2018.11.23-17.07.19:272][383]LogSwarmInterface: [TryOpenConnection] Testing the Agent
[2018.11.23-17.07.19:273][383]LogSwarmInterface: [TryOpenConnection] Opening Connection to Agent
[2018.11.23-17.07.19:273][383]LogSwarmInterface: [TryOpenConnection] Local Process ID is 11780
[2018.11.23-17.07.23:812][383]LogStaticLightingSystem: Warning: No importance volume found, so the scene bounding box was used.  You can optimize your scene's quality and lighting build times by adding importance volumes.
[2018.11.23-17.07.23:812][383]LogStaticLightingSystem: Running Lightmass w/ ImmediateImport mode ENABLED
[2018.11.23-17.07.23:812][383]LogStaticLightingSystem: Running Lightmass w/ ImmediateProcess mode ENABLED
[2018.11.23-17.07.23:813][383]LogStaticLightingSystem: Running Lightmass w/ Sorting mode ENABLED
[2018.11.23-17.07.23:813][383]LogStaticLightingSystem: Running Lightmass w/ Mapping paddings ENABLED
[2018.11.23-17.07.23:813][383]LogStaticLightingSystem: Running Lightmass w/ Mapping debug paddings DISABLED
[2018.11.23-17.07.23:923][383]Cmd: MAP CHECK DONTDISPLAYDIALOG
[2018.11.23-17.07.23:923][383]MapCheck: New page: BaseLevel - 23 Nov 2018 17:07:23
[2018.11.23-17.07.24:239][383]MapCheck: Map check complete: 0 Error(s), 0 Warning(s), took 316.038ms to complete.
[2018.11.23-17.07.24:266][383]LogEditorBuildUtils: Build time 0:06
[2018.11.23-17.07.26:039][388]Job is a success!
[2018.11.23-17.07.26:540][389]LogVolumetricLightmapImport: Imported Volumetric Lightmap in 0.026s
[2018.11.23-17.07.26:541][389]LogVolumetricLightmapImport:      Indirection Texture 16x16x16 = 0.0Mb
[2018.11.23-17.07.26:541][389]LogVolumetricLightmapImport:      BrickData 65x5x5 = 0.1Mb
[2018.11.23-17.07.26:541][389]LogVolumetricLightmapImport:      Bricks at Level
[2018.11.23-17.07.26:541][389]LogVolumetricLightmapImport:          0: 7.7% covering 100.0% of volume
[2018.11.23-17.07.26:541][389]LogVolumetricLightmapImport:          1: 7.7% covering 1.6% of volume
[2018.11.23-17.07.26:542][389]LogVolumetricLightmapImport:          2: 84.6% covering 0.3% of volume
[2018.11.23-17.07.26:576][389]LogTexture: Display: Building textures: HQ_Lightmap0_1 (AutoDXT, 128X128)
[2018.11.23-17.07.26:576][389]LogTexture: Display: Building textures: LQ_Lightmap_0_1 (DXT1, 128X128)
[2018.11.23-17.07.26:577][389]LogTexture: Display: Building textures: HQ_Lightmap1_2 (AutoDXT, 64X64)
[2018.11.23-17.07.26:577][389]LogTexture: Display: Building textures: LQ_Lightmap_1_2 (DXT1, 64X64)
[2018.11.23-17.07.26:577][389]LogTexture: Display: Building textures: ShadowMapTexture2D_4 (G8, 64X8)
[2018.11.23-17.07.26:577][389]LogTexture: Display: Building textures: ShadowMapTexture2D_3 (G8, 128X64)
[2018.11.23-17.07.26:693][389]Lightmass on DESKTOP-JAN50R2: 1.47 sec total, 111 ms importing, 6 ms setup, 396 ms photons, 909 ms processing, 0 ms extra exporting [8/8 mappings]. Threads: 6.17 sec total, 99 ms processing.
[2018.11.23-17.07.26:700][389]LogStaticLightingSystem: Illumination: 7.05 sec (15 ms encoding lightmaps, 6 ms encoding shadowmaps)
[2018.11.23-17.07.26:700][389]LogStaticLightingSystem: Lightmap texture memory:  0.0 MB (0.0 MB streaming, 0.0 MB non-streaming), 4 textures
[2018.11.23-17.07.26:700][389]LogStaticLightingSystem: Shadowmap texture memory: 0.0 MB (0.0 MB streaming, 0.0 MB non-streaming), 2 textures
[2018.11.23-17.07.26:830][389]DumpUnbuiltLightIteractions
[2018.11.23-17.07.26:830][389]Lights with unbuilt interactions: 0
[2018.11.23-17.07.26:831][389]
[2018.11.23-17.07.26:831][389]Primitives with unbuilt interactions: 0
[2018.11.23-17.07.26:895][390]Cmd: MAP CHECK NOTIFYRESULTS
[2018.11.23-17.07.26:895][390]MapCheck: New page: BaseLevel - 23 Nov 2018 17:07:26
[2018.11.23-17.07.27:091][390]MapCheck: Map check complete: 0 Error(s), 0 Warning(s), took 195.646ms to complete.
