Log file open, 11/19/18 20:56:07
LogWindows: Failed to load 'aqProf.dll' (GetLastError=126)
LogWindows: File 'aqProf.dll' does not exist
LogWindows: Failed to load 'VSPerf140.dll' (GetLastError=126)
LogWindows: File 'VSPerf140.dll' does not exist
LogWindows: Failed to load 'VtuneApi.dll' (GetLastError=126)
LogWindows: File 'VtuneApi.dll' does not exist
LogWindows: Failed to load 'VtuneApi32e.dll' (GetLastError=126)
LogWindows: File 'VtuneApi32e.dll' does not exist
LogInit: Display: Running engine for game: TGP_Project
LogPlatformFile: Not using cached read wrapper
LogTaskGraph: Started task graph with 5 named threads and 23 total threads with 3 sets of task threads.
LogStats: Stats thread started at 0.326828
LogD3D11RHI: Loaded GFSDK_Aftermath_Lib.x64.dll
LogICUInternationalization: Display: ICU TimeZone Detection - Raw Offset: +0:00, Platform Override: ''
LogPluginManager: Mounting plugin Paper2D
LogPluginManager: Mounting plugin AISupport
LogPluginManager: Mounting plugin LightPropagationVolume
LogPluginManager: Mounting plugin CLionSourceCodeAccess
LogPluginManager: Mounting plugin CodeLiteSourceCodeAccess
LogPluginManager: Mounting plugin GitSourceControl
LogPluginManager: Mounting plugin KDevelopSourceCodeAccess
LogPluginManager: Mounting plugin NullSourceCodeAccess
LogPluginManager: Mounting plugin PerforceSourceControl
LogPluginManager: Mounting plugin SubversionSourceControl
LogPluginManager: Mounting plugin UObjectPlugin
LogPluginManager: Mounting plugin VisualStudioCodeSourceCodeAccess
LogPluginManager: Mounting plugin VisualStudioSourceCodeAccess
LogPluginManager: Mounting plugin XCodeSourceCodeAccess
LogPluginManager: Mounting plugin AssetManagerEditor
LogPluginManager: Mounting plugin CryptoKeys
LogPluginManager: Mounting plugin DataValidation
LogPluginManager: Mounting plugin FacialAnimation
LogPluginManager: Mounting plugin GameplayTagsEditor
LogPluginManager: Mounting plugin MacGraphicsSwitching
LogPluginManager: Mounting plugin MeshEditor
LogPluginManager: Mounting plugin MobileLauncherProfileWizard
LogPluginManager: Mounting plugin PluginBrowser
LogPluginManager: Mounting plugin SpeedTreeImporter
LogPluginManager: Mounting plugin DatasmithContent
LogPluginManager: Mounting plugin AlembicImporter
LogPluginManager: Mounting plugin AppleImageUtils
LogPluginManager: Mounting plugin AppleVision
LogPluginManager: Mounting plugin BackChannel
LogPluginManager: Mounting plugin CharacterAI
LogPluginManager: Mounting plugin GeometryCache
LogPluginManager: Mounting plugin HTML5Networking
LogPluginManager: Mounting plugin ProxyLODPlugin
LogPluginManager: Mounting plugin MagicLeap
LogPluginManager: Mounting plugin MagicLeapEmulator
LogPluginManager: Mounting plugin MagicLeapMedia
LogPluginManager: Mounting plugin AndroidMedia
LogPluginManager: Mounting plugin AvfMedia
LogPluginManager: Mounting plugin ImgMedia
LogPluginManager: Mounting plugin LinearTimecode
LogPluginManager: Mounting plugin MediaCompositing
LogPluginManager: Mounting plugin MediaPlayerEditor
LogPluginManager: Mounting plugin WmfMedia
LogPluginManager: Mounting plugin TcpMessaging
LogPluginManager: Mounting plugin UdpMessaging
LogPluginManager: Mounting plugin ActorSequence
LogPluginManager: Mounting plugin LevelSequenceEditor
LogPluginManager: Mounting plugin MatineeToLevelSequence
LogPluginManager: Mounting plugin NetcodeUnitTest
LogPluginManager: Mounting plugin NUTUnrealEngine4
LogPluginManager: Mounting plugin OnlineSubsystemGooglePlay
LogPluginManager: Mounting plugin OnlineSubsystemIOS
LogPluginManager: Mounting plugin OnlineSubsystem
LogPluginManager: Mounting plugin OnlineSubsystemNull
LogPluginManager: Mounting plugin OnlineSubsystemUtils
LogPluginManager: Mounting plugin LauncherChunkInstaller
LogPluginManager: Mounting plugin AndroidDeviceProfileSelector
LogPluginManager: Mounting plugin AndroidMoviePlayer
LogPluginManager: Mounting plugin AndroidPermission
LogPluginManager: Mounting plugin AppleMoviePlayer
LogPluginManager: Mounting plugin ArchVisCharacter
LogPluginManager: Mounting plugin AudioCapture
LogPluginManager: Mounting plugin CableComponent
LogPluginManager: Mounting plugin CustomMeshComponent
LogPluginManager: Mounting plugin EditableMesh
LogPluginManager: Mounting plugin ExampleDeviceProfileSelector
LogPluginManager: Mounting plugin GoogleCloudMessaging
LogPluginManager: Mounting plugin ImmediatePhysics
LogPluginManager: Mounting plugin IOSDeviceProfileSelector
LogPluginManager: Mounting plugin LinuxDeviceProfileSelector
LogPluginManager: Mounting plugin LocationServicesBPLibrary
LogPluginManager: Mounting plugin MobilePatchingUtils
LogPluginManager: Mounting plugin OculusVR
LogPluginManager: Plugin shader directory ../../../Engine/Plugins/Runtime/Oculus/OculusVR/Shaders found
LogPluginManager: Mapping shader source directory ../../../Engine/Plugins/Runtime/Oculus/OculusVR/Shaders to virtual directory /Plugin/OculusVR
LogPluginManager: Mounting plugin PhysXVehicles
LogPluginManager: Mounting plugin ProceduralMeshComponent
LogPluginManager: Mounting plugin RuntimePhysXCooking
LogPluginManager: Mounting plugin SteamVR
LogPluginManager: Mounting plugin WindowsMoviePlayer
LogStreaming: Display: Took  0.344s to configure plugins.
LogInit: Using libcurl 7.55.1-DEV
LogInit:  - built for x86_64-pc-win32
LogInit:  - supports SSL with OpenSSL/1.0.2h
LogInit:  - supports HTTP deflate (compression) using libz 1.2.8
LogInit:  - other features:
LogInit:      CURL_VERSION_SSL
LogInit:      CURL_VERSION_LIBZ
LogInit:      CURL_VERSION_IPV6
LogInit:      CURL_VERSION_ASYNCHDNS
LogInit:      CURL_VERSION_LARGEFILE
LogInit:      CURL_VERSION_IDN
LogInit:  CurlRequestOptions (configurable via config and command line):
LogInit:  - bVerifyPeer = false  - Libcurl will NOT verify peer certificate
LogInit:  - bUseHttpProxy = false  - Libcurl will NOT use HTTP proxy
LogInit:  - bDontReuseConnections = false  - Libcurl will reuse connections
LogInit:  - CertBundlePath = nullptr  - Libcurl will use whatever was configured at build time.
LogInit:  - MaxHostConnections = 16  - Libcurl will limit the number of connections to a host
LogInit:  - LocalHostAddr = Default
LogInit:  - BufferSize = 65536
LogInit: WinSock: version 1.1 (2.2), MaxSocks=32767, MaxUdp=65467
LogInit: Build: ++UE4+Release-4.20-CL-4369336
LogInit: Engine Version: 4.20.3-4369336+++UE4+Release-4.20
LogInit: Compatible Engine Version: 4.20.0-4212847+++UE4+Release-4.20
LogInit: Net CL: 4212847
LogInit: OS: Windows 10 (), CPU: Intel(R) Xeon(R) CPU E5-1620 v4 @ 3.50GHz, GPU: NVIDIA GeForce GTX 1070
LogInit: Compiled (64-bit): Sep 17 2018 12:26:19
LogInit: Compiled with Visual C++: 19.13.26129.00
LogInit: Build Configuration: Development
LogInit: Branch Name: ++UE4+Release-4.20
LogInit: Command Line:  
LogInit: Base Directory: C:/Epic/UE4/UE_4.20/Engine/Binaries/Win64/
LogInit: Installed Engine Build: 1
LogDevObjectVersion: Number of dev versions registered: 20
LogDevObjectVersion:   Dev-Blueprints (B0D832E4-1F89-4F0D-ACCF-7EB736FD4AA2): 10
LogDevObjectVersion:   Dev-Build (E1C64328-A22C-4D53-A36C-8E866417BD8C): 0
LogDevObjectVersion:   Dev-Core (375EC13C-06E4-48FB-B500-84F0262A717E): 2
LogDevObjectVersion:   Dev-Editor (E4B068ED-F494-42E9-A231-DA0B2E46BB41): 24
LogDevObjectVersion:   Dev-Framework (CFFC743F-43B0-4480-9391-14DF171D2073): 34
LogDevObjectVersion:   Dev-Mobile (B02B49B5-BB20-44E9-A304-32B752E40360): 2
LogDevObjectVersion:   Dev-Networking (A4E4105C-59A1-49B5-A7C5-40C4547EDFEE): 0
LogDevObjectVersion:   Dev-Online (39C831C9-5AE6-47DC-9A44-9C173E1C8E7C): 0
LogDevObjectVersion:   Dev-Physics (78F01B33-EBEA-4F98-B9B4-84EACCB95AA2): 0
LogDevObjectVersion:   Dev-Platform (6631380F-2D4D-43E0-8009-CF276956A95A): 0
LogDevObjectVersion:   Dev-Rendering (12F88B9F-8875-4AFC-A67C-D90C383ABD29): 26
LogDevObjectVersion:   Dev-Sequencer (7B5AE74C-D270-4C10-A958-57980B212A5A): 9
LogDevObjectVersion:   Dev-VR (D7296918-1DD6-4BDD-9DE2-64A83CC13884): 2
LogDevObjectVersion:   Dev-LoadTimes (C2A15278-BFE7-4AFE-6C17-90FF531DF755): 1
LogDevObjectVersion:   Private-Geometry (6EACA3D4-40EC-4CC1-B786-8BED09428FC5): 3
LogDevObjectVersion:   Dev-AnimPhys (29E575DD-E0A3-4627-9D10-D276232CDCEA): 17
LogDevObjectVersion:   Dev-ReflectionCapture (6B266CEC-1EC7-4B8F-A30B-E4D90942FC07): 1
LogDevObjectVersion:   Dev-Automation (0DF73D61-A23F-47EA-B727-89E90C41499A): 1
LogDevObjectVersion:   FortniteMain (601D1886-AC64-4F84-AA16-D3DE0DEAC7D6): 12
LogDevObjectVersion:   Dev-Enterprise (9DFFBCD6-494F-0158-E221-12823C92A888): 1
LogStreaming: Display: Took  0.007s to delete old logs.
LogInit: Presizing for max 8388607 objects, including 0 objects not considered by GC, pre-allocating 0 bytes for permanent pool.
LogInit: Object subsystem initialized
[2018.11.19-20.56.08:093][  0]LogInit: Selected Device Profile: [Windows]
[2018.11.19-20.56.08:094][  0]LogInit: Applying CVar settings loaded from the selected device profile: [Windows]
[2018.11.19-20.56.08:131][  0]LogHAL: Display: Platform has ~ 32 GB [34272002048 / 34359738368 / 32], which maps to Largest [LargestMinGB=32, LargerMinGB=12, DefaultMinGB=8, SmallerMinGB=6, SmallestMinGB=0)
[2018.11.19-20.56.08:131][  0]LogInit: Setting Device Profile CVar: [[r.Vulkan.UseRealUBs:1]]
[2018.11.19-20.56.08:131][  0]LogInit: Going up to parent DeviceProfile []
[2018.11.19-20.56.08:132][  0]LogInit: Computer: D105-31
[2018.11.19-20.56.08:132][  0]LogInit: User: m013603g
[2018.11.19-20.56.08:132][  0]LogInit: CPU Page size=4096, Cores=4
[2018.11.19-20.56.08:132][  0]LogInit: High frequency timer resolution =3.410069 MHz
[2018.11.19-20.56.08:133][  0]LogMemory: Memory total: Physical=31.9GB (32GB approx)
[2018.11.19-20.56.08:133][  0]LogMemory: Platform Memory Stats for Windows
[2018.11.19-20.56.08:133][  0]LogMemory: Process Physical Memory: 99.98 MB used, 99.98 MB peak
[2018.11.19-20.56.08:133][  0]LogMemory: Process Virtual Memory: 91.07 MB used, 91.07 MB peak
[2018.11.19-20.56.08:133][  0]LogMemory: Physical Memory: 11458.51 MB used,  21225.82 MB free, 32684.33 MB total
[2018.11.19-20.56.08:133][  0]LogMemory: Virtual Memory: 4640.09 MB used,  21225.82 MB free, 134217728.00 MB total
[2018.11.19-20.56.08:189][  0]LogInit: Using OS detected language (en-US).
[2018.11.19-20.56.08:189][  0]LogInit: Using OS detected locale (en-GB).
[2018.11.19-20.56.08:191][  0]LogTextLocalizationManager: No specific localization for 'en-US' exists, so the 'en' localization will be used.
[2018.11.19-20.56.08:613][  0]LogStreaming: Display: Took  0.424s to InitEngineTextLocalization.
[2018.11.19-20.56.08:613][  0]LogInit: Setting process to per monitor DPI aware
[2018.11.19-20.56.08:671][  0]LogSlate: New Slate User Created.  User Index 0, Is Virtual User: 0
[2018.11.19-20.56.08:671][  0]LogSlate: Slate User Registered.  User Index 0, Is Virtual User: 0
[2018.11.19-20.56.09:054][  0]LogHMD: Failed to initialize OpenVR with code 110
[2018.11.19-20.56.09:054][  0]LogD3D11RHI: D3D11 adapters:
[2018.11.19-20.56.09:159][  0]LogD3D11RHI:    0. 'NVIDIA GeForce GTX 1070' (Feature Level 11_0)
[2018.11.19-20.56.09:160][  0]LogD3D11RHI:       8088/0/16342 MB DedicatedVideo/DedicatedSystem/SharedSystem, Outputs:2, VendorId:0x10de
[2018.11.19-20.56.09:162][  0]LogD3D11RHI:    1. 'Microsoft Basic Render Driver' (Feature Level 11_0)
[2018.11.19-20.56.09:162][  0]LogD3D11RHI:       0/0/16342 MB DedicatedVideo/DedicatedSystem/SharedSystem, Outputs:0, VendorId:0x1414
[2018.11.19-20.56.09:162][  0]LogD3D11RHI: Chosen D3D11 Adapter: 0
[2018.11.19-20.56.09:173][  0]LogD3D11RHI: Creating new Direct3DDevice
[2018.11.19-20.56.09:173][  0]LogD3D11RHI:     GPU DeviceId: 0x1b81 (for the marketing name, search the web for "GPU Device Id")
[2018.11.19-20.56.09:173][  0]LogWindows: EnumDisplayDevices:
[2018.11.19-20.56.09:174][  0]LogWindows:    0. 'NVIDIA GeForce GTX 1070' (P:1 D:1)
[2018.11.19-20.56.09:174][  0]LogWindows:    1. 'NVIDIA GeForce GTX 1070' (P:0 D:1)
[2018.11.19-20.56.09:174][  0]LogWindows:    2. 'NVIDIA GeForce GTX 1070' (P:0 D:0)
[2018.11.19-20.56.09:175][  0]LogWindows:    3. 'NVIDIA GeForce GTX 1070' (P:0 D:0)
[2018.11.19-20.56.09:175][  0]LogWindows: DebugString: FoundDriverCount:4 
[2018.11.19-20.56.09:175][  0]LogD3D11RHI:     Adapter Name: NVIDIA GeForce GTX 1070
[2018.11.19-20.56.09:175][  0]LogD3D11RHI:   Driver Version: 398.82 (internal:24.21.13.9882, unified:398.82)
[2018.11.19-20.56.09:175][  0]LogD3D11RHI:      Driver Date: 7-30-2018
[2018.11.19-20.56.09:175][  0]LogRHI: Texture pool is 5661 MB (70% of 8088 MB)
[2018.11.19-20.56.09:231][  0]LogD3D11RHI: Async texture creation enabled
[2018.11.19-20.56.09:249][  0]LogD3D11RHI: GPU Timing Frequency: 1000.000000 (Debug: 2 2)
[2018.11.19-20.56.09:342][  0]LogShaderCompilers: Guid format shader working directory is -29 characters bigger than the processId version (../../../../../../Users/m013603g/Documents/GitHub/TGP_PairProject/TGP_Project/Intermediate/Shaders/WorkingDirectory/10064/).
[2018.11.19-20.56.09:342][  0]LogShaderCompilers: Cleaned the shader compiler working directory 'C:/Users/m013603g/AppData/Local/Temp/UnrealShaderWorkingDir/D8EAF02A46B1160D947F419568243487/'.
[2018.11.19-20.56.09:781][  0]LogTemp: Display: Loaded TP AllDesktopTargetPlatform
[2018.11.19-20.56.09:801][  0]LogTemp: Display: Loaded TP MacClientTargetPlatform
[2018.11.19-20.56.09:822][  0]LogTemp: Display: Loaded TP MacNoEditorTargetPlatform
[2018.11.19-20.56.09:839][  0]LogTemp: Display: Loaded TP MacServerTargetPlatform
[2018.11.19-20.56.09:858][  0]LogTemp: Display: Loaded TP MacTargetPlatform
[2018.11.19-20.56.09:878][  0]LogTemp: Display: Loaded TP WindowsClientTargetPlatform
[2018.11.19-20.56.09:895][  0]LogTemp: Display: Loaded TP WindowsNoEditorTargetPlatform
[2018.11.19-20.56.09:913][  0]LogTemp: Display: Loaded TP WindowsServerTargetPlatform
[2018.11.19-20.56.09:924][  0]LogTemp: Display: Loaded TP WindowsTargetPlatform
[2018.11.19-20.56.10:015][  0]LogTemp: Display: Loaded TP AndroidTargetPlatform
[2018.11.19-20.56.10:015][  0]LogTemp: Display: Loaded TP AndroidTargetPlatform
[2018.11.19-20.56.10:015][  0]LogTemp: Display: Loaded TP AndroidTargetPlatform
[2018.11.19-20.56.10:015][  0]LogTemp: Display: Loaded TP AndroidTargetPlatform
[2018.11.19-20.56.10:015][  0]LogTemp: Display: Loaded TP AndroidTargetPlatform
[2018.11.19-20.56.10:015][  0]LogTemp: Display: Loaded TP AndroidTargetPlatform
[2018.11.19-20.56.10:015][  0]LogTemp: Display: Loaded TP AndroidTargetPlatform
[2018.11.19-20.56.10:015][  0]LogTemp: Display: Loaded TP AndroidTargetPlatform
[2018.11.19-20.56.10:015][  0]LogTemp: Display: Loaded TP AndroidTargetPlatform
[2018.11.19-20.56.10:015][  0]LogTemp: Display: Loaded TP AndroidTargetPlatform
[2018.11.19-20.56.10:015][  0]LogTemp: Display: Loaded TP AndroidTargetPlatform
[2018.11.19-20.56.10:015][  0]LogTemp: Display: Loaded TP AndroidTargetPlatform
[2018.11.19-20.56.10:015][  0]LogTemp: Display: Loaded TP AndroidTargetPlatform
[2018.11.19-20.56.10:015][  0]LogTemp: Display: Loaded TP AndroidTargetPlatform
[2018.11.19-20.56.10:015][  0]LogTemp: Display: Loaded TP AndroidTargetPlatform
[2018.11.19-20.56.10:015][  0]LogTemp: Display: Loaded TP AndroidTargetPlatform
[2018.11.19-20.56.10:015][  0]LogTemp: Display: Loaded TP AndroidTargetPlatform
[2018.11.19-20.56.10:015][  0]LogTemp: Display: Loaded TP AndroidTargetPlatform
[2018.11.19-20.56.10:017][  0]LogTemp: Display: Loaded TP HTML5TargetPlatform
[2018.11.19-20.56.10:102][  0]LogTemp: Display: Loaded TP IOSTargetPlatform
[2018.11.19-20.56.10:102][  0]LogTemp: Display: Loaded TP IOSTargetPlatform
[2018.11.19-20.56.10:144][  0]LogTemp: Display: Loaded TP TVOSTargetPlatform
[2018.11.19-20.56.10:144][  0]LogTemp: Display: Loaded TP TVOSTargetPlatform
[2018.11.19-20.56.10:158][  0]LogTemp: Display: Loaded TP LinuxClientTargetPlatform
[2018.11.19-20.56.10:172][  0]LogTemp: Display: Loaded TP LinuxNoEditorTargetPlatform
[2018.11.19-20.56.10:186][  0]LogTemp: Display: Loaded TP LinuxServerTargetPlatform
[2018.11.19-20.56.10:202][  0]LogTemp: Display: Loaded TP LinuxTargetPlatform
[2018.11.19-20.56.10:214][  0]LogTemp: Display: Loaded TP LuminTargetPlatform
[2018.11.19-20.56.10:215][  0]LogTargetPlatformManager: Display: Building Assets For Windows
[2018.11.19-20.56.10:333][  0]LogXGEController: Cannot use XGE Controller as Incredibuild is not installed on this machine.
[2018.11.19-20.56.10:333][  0]LogShaderCompilers: Cannot use XGE Shader Compiler as Incredibuild is not installed on this machine.
[2018.11.19-20.56.10:333][  0]LogShaderCompilers: Display: Using Local Shader Compiler.
[2018.11.19-20.56.11:456][  0]LogDerivedDataCache: Display: Max Cache Size: 512 MB
[2018.11.19-20.56.11:553][  0]LogDerivedDataCache: Loaded boot cache 0.10s 71MB C:/Users/m013603g/AppData/Local/UnrealEngine/4.20/DerivedDataCache/Boot.ddc.
[2018.11.19-20.56.11:554][  0]LogDerivedDataCache: Display: Loaded Boot cache: C:/Users/m013603g/AppData/Local/UnrealEngine/4.20/DerivedDataCache/Boot.ddc
[2018.11.19-20.56.11:554][  0]LogDerivedDataCache: FDerivedDataBackendGraph:  Pak pak cache file ../../../../../../Users/m013603g/Documents/GitHub/TGP_PairProject/TGP_Project/DerivedDataCache/DDC.ddp not found, will not use a pak cache.
[2018.11.19-20.56.11:554][  0]LogDerivedDataCache: Unable to find inner node Pak for hierarchical cache Hierarchy.
[2018.11.19-20.56.11:554][  0]LogDerivedDataCache: FDerivedDataBackendGraph:  CompressedPak pak cache file ../../../../../../Users/m013603g/Documents/GitHub/TGP_PairProject/TGP_Project/DerivedDataCache/Compressed.ddp not found, will not use a pak cache.
[2018.11.19-20.56.11:554][  0]LogDerivedDataCache: Unable to find inner node CompressedPak for hierarchical cache Hierarchy.
[2018.11.19-20.56.11:567][  0]LogDerivedDataCache: Display: Pak cache opened for reading ../../../Engine/DerivedDataCache/Compressed.ddp.
[2018.11.19-20.56.11:580][  0]LogDerivedDataCache: Using Local data cache path C:/Users/m013603g/AppData/Local/UnrealEngine/Common/DerivedDataCache: Writable
[2018.11.19-20.56.11:580][  0]LogDerivedDataCache: Shared data cache path not found in *engine.ini, will not use an Shared cache.
[2018.11.19-20.56.11:580][  0]LogDerivedDataCache: Unable to find inner node Shared for hierarchical cache Hierarchy.
[2018.11.19-20.56.11:618][  0]LogMaterial: Verifying Global Shaders for PCD3D_SM5
[2018.11.19-20.56.11:620][  0]LogSlate: Using FreeType 2.6.0
[2018.11.19-20.56.11:621][  0]LogSlate: SlateFontServices - WITH_FREETYPE: 1, WITH_HARFBUZZ: 1
[2018.11.19-20.56.11:732][  0]LogAssetRegistry: FAssetRegistry took 0.0290 seconds to start up
[2018.11.19-20.56.12:213][  0]LogInit: Selected Device Profile: [Windows]
[2018.11.19-20.56.12:459][  0]LogSimplygon: Simplygon DLL not present - disabling.
[2018.11.19-20.56.12:467][  0]LogMeshReduction: Using SimplygonSwarm for distributed automatic mesh merging
[2018.11.19-20.56.12:467][  0]LogMeshReduction: Using ProxyLODMeshReduction for automatic mesh merging
[2018.11.19-20.56.12:467][  0]LogMeshReduction: Using QuadricMeshReduction for automatic static mesh reduction
[2018.11.19-20.56.12:467][  0]LogMeshReduction: No automatic skeletal mesh reduction module available
[2018.11.19-20.56.12:495][  0]LogNetVersion: TGP_Project 1.0.0, NetCL: 4212847, EngineNetVer: 5, GameNetVer: 0 (Checksum: 95638710)
[2018.11.19-20.56.13:303][  0]LogPackageLocalizationCache: Processed 11 localized package path(s) for 2 prioritized culture(s) in 0.188306 seconds
[2018.11.19-20.56.13:310][  0]LogUObjectArray: 38425 objects as part of root set at end of initial load.
[2018.11.19-20.56.13:310][  0]LogUObjectAllocator: 6690872 out of 0 bytes used by permanent object pool.
[2018.11.19-20.56.13:310][  0]LogUObjectArray: CloseDisregardForGC: 0/0 objects in disregard for GC pool
[2018.11.19-20.56.14:509][  0]LogTcpMessaging: Initializing TcpMessaging bridge
[2018.11.19-20.56.14:523][  0]LogUdpMessaging: Initializing bridge on interface 0.0.0.0:0 to multicast group 230.0.0.1:6666.
[2018.11.19-20.56.14:750][  0]SourceControl: Source control is disabled
[2018.11.19-20.56.14:751][  0]SourceControl: Source control is disabled
[2018.11.19-20.56.14:753][  0]SourceControl: Source control is disabled
[2018.11.19-20.56.14:755][  0]SourceControl: Source control is disabled
[2018.11.19-20.56.15:033][  0]LogAndroidPermission: UAndroidPermissionCallbackProxy::GetInstance
[2018.11.19-20.56.15:113][  0]LogOcInput: OculusInput pre-init called
[2018.11.19-20.56.15:188][  0]LogEngine: Initializing Engine...
[2018.11.19-20.56.15:189][  0]LogHMD: Failed to initialize OpenVR with code 110
[2018.11.19-20.56.15:191][  0]LogStats: UGameplayTagsManager::ConstructGameplayTagTree: ImportINI prefixes -  0.000 s
[2018.11.19-20.56.15:191][  0]LogStats: UGameplayTagsManager::ConstructGameplayTagTree: Construct from data asset -  0.000 s
[2018.11.19-20.56.15:191][  0]LogStats: UGameplayTagsManager::ConstructGameplayTagTree: ImportINI -  0.000 s
[2018.11.19-20.56.15:191][  0]LogStats: UGameplayTagsManager::ConstructGameplayTagTree: GameplayTagTreeChangedEvent.Broadcast -  0.000 s
[2018.11.19-20.56.15:485][  0]LogInit: Initializing FReadOnlyCVARCache
[2018.11.19-20.56.15:517][  0]LogAIModule: Creating AISystem for world Untitled
[2018.11.19-20.56.15:529][  0]LogInit: XAudio2 using 'Speakers (Realtek High Definition Audio)' : 2 channels at 48 kHz using 32 bits per sample (channel mask 0x3)
[2018.11.19-20.56.15:553][  0]LogInit: FAudioDevice initialized.
[2018.11.19-20.56.15:554][  0]LogNetVersion: Set ProjectVersion to 1.0.0.0. Version Checksum will be recalculated on next use.
[2018.11.19-20.56.15:654][  0]LogDerivedDataCache: Saved boot cache 0.10s 71MB C:/Users/m013603g/AppData/Local/UnrealEngine/4.20/DerivedDataCache/Boot.ddc.
[2018.11.19-20.56.15:720][  0]LogInit: Texture streaming: Enabled
[2018.11.19-20.56.15:748][  0]LogEngineSessionManager: EngineSessionManager initialized
[2018.11.19-20.56.15:773][  0]LogInit: Transaction tracking system initialized
[2018.11.19-20.56.15:816][  0]BlueprintLog: New page: Editor Load
[2018.11.19-20.56.16:009][  0]LocalizationService: Localization service is disabled
[2018.11.19-20.56.16:397][  0]LogCook: Display: Max memory allowance for cook 16384mb min free memory 0mb
[2018.11.19-20.56.16:397][  0]LogCook: Display: Mobile HDR setting 1
[2018.11.19-20.56.16:397][  0]LogGameplayTags: Display: UGameplayTagsManager::DoneAddingNativeTags. DelegateIsBound: 0
[2018.11.19-20.56.16:397][  0]LogStats: UGameplayTagsManager::ConstructGameplayTagTree: ImportINI prefixes -  0.000 s
[2018.11.19-20.56.16:397][  0]LogStats: UGameplayTagsManager::ConstructGameplayTagTree: Construct from data asset -  0.000 s
[2018.11.19-20.56.16:397][  0]LogStats: UGameplayTagsManager::ConstructGameplayTagTree: ImportINI -  0.000 s
[2018.11.19-20.56.16:397][  0]LogStats: UGameplayTagsManager::ConstructGameplayTagTree: GameplayTagTreeChangedEvent.Broadcast -  0.000 s
[2018.11.19-20.56.16:563][  0]LogFileCache: Scanning file cache for directory 'C:/Users/m013603g/Documents/GitHub/TGP_PairProject/TGP_Project/Content/' took 0.02s
[2018.11.19-20.56.16:563][  0]SourceControl: Source control is disabled
[2018.11.19-20.56.16:564][  0]Cmd: MAP LOAD FILE="../../../../../../Users/m013603g/Documents/GitHub/TGP_PairProject/TGP_Project/Content/BaseLevel.umap" TEMPLATE=0 SHOWPROGRESS=1 FEATURELEVEL=3
[2018.11.19-20.56.16:564][  0]LightingResults: New page: Lighting Build
[2018.11.19-20.56.16:569][  0]MapCheck: New page: Map Check
[2018.11.19-20.56.16:569][  0]LightingResults: New page: Lighting Build
[2018.11.19-20.56.16:850][  0]LogAIModule: Creating AISystem for world BaseLevel
[2018.11.19-20.56.16:855][  0]LogEditorServer: Finished looking for orphan Actors (0.000 secs)
[2018.11.19-20.56.16:878][  0]Cmd: MAP CHECKDEP NOCLEARLOG
[2018.11.19-20.56.17:072][  0]MapCheck: Map check complete: 0 Error(s), 0 Warning(s), took 193.705ms to complete.
[2018.11.19-20.56.17:072][  0]LogFileHelpers: Loading map 'BaseLevel' took 0.508
[2018.11.19-20.56.17:230][  0]LogSlate: Updating window title bar state: overlay mode, drag disabled, window buttons hidden, title bar hidden
[2018.11.19-20.56.17:238][  0]LogSlate: Updating window title bar state: overlay mode, drag disabled, window buttons hidden, title bar hidden
[2018.11.19-20.56.17:247][  0]LogSlate: Updating window title bar state: overlay mode, drag disabled, window buttons hidden, title bar hidden
[2018.11.19-20.56.17:255][  0]LogSlate: Updating window title bar state: overlay mode, drag disabled, window buttons hidden, title bar hidden
[2018.11.19-20.56.17:266][  0]LogCollectionManager: Loaded 0 collections in 0.003699 seconds
[2018.11.19-20.56.17:317][  0]LogFileCache: Scanning file cache for directory 'C:/Users/m013603g/Documents/GitHub/TGP_PairProject/TGP_Project/Saved/Collections/' took 0.01s
[2018.11.19-20.56.17:317][  0]LogFileCache: Scanning file cache for directory 'C:/Users/m013603g/Documents/GitHub/TGP_PairProject/TGP_Project/Content/Developers/m013603g/Collections/' took 0.01s
[2018.11.19-20.56.17:317][  0]LogFileCache: Scanning file cache for directory 'C:/Users/m013603g/Documents/GitHub/TGP_PairProject/TGP_Project/Content/Collections/' took 0.01s
[2018.11.19-20.56.17:317][  0]LogCollectionManager: Rebuilt the GUID cache for 0 collections in 0.000000 seconds
[2018.11.19-20.56.17:332][  0]LogContentBrowser: Native class hierarchy populated in 0.0141 seconds. Added 2576 classes and 606 folders.
[2018.11.19-20.56.17:344][  0]LogContentBrowser: Native class hierarchy updated for 'WidgetCarousel' in 0.0005 seconds. Added 0 classes and 0 folders.
[2018.11.19-20.56.17:453][  0]LogContentBrowser: Native class hierarchy updated for 'AddContentDialog' in 0.0005 seconds. Added 0 classes and 0 folders.
[2018.11.19-20.56.17:460][  0]LogContentBrowser: Native class hierarchy updated for 'SceneOutliner' in 0.0005 seconds. Added 1 classes and 2 folders.
[2018.11.19-20.56.17:475][  0]LogSlate: Took 0.000254 seconds to synchronously load lazily loaded font '../../../Engine/Content/Slate/Fonts/Roboto-Regular.ttf' (155K)
[2018.11.19-20.56.17:478][  0]LogSlate: Took 0.000273 seconds to synchronously load lazily loaded font '../../../Engine/Content/Slate/Fonts/Roboto-Bold.ttf' (160K)
[2018.11.19-20.56.17:483][  0]LogSlate: Took 0.000309 seconds to synchronously load lazily loaded font '../../../Engine/Content/Editor/Slate/Fonts/FontAwesome.ttf' (139K)
[2018.11.19-20.56.17:570][  0]LogRenderer: Reallocating scene render targets to support 1208x576 Format 10 NumSamples 1 (Frame:1).
[2018.11.19-20.56.17:634][  0]LogSlate: Took 0.000243 seconds to synchronously load lazily loaded font '../../../Engine/Content/Slate/Fonts/Roboto-Light.ttf' (167K)
[2018.11.19-20.56.17:704][  0]LogSlate: FSceneViewport::OnFocusLost() reason 2
[2018.11.19-20.56.17:722][  0]LogSlate: Window 'Tutorials' being destroyed
[2018.11.19-20.56.17:754][  0]LogContentBrowser: Native class hierarchy updated for 'HierarchicalLODOutliner' in 0.0005 seconds. Added 0 classes and 0 folders.
[2018.11.19-20.56.17:754][  0]LogLoad: (Engine Initialization) Total time: 13.45 seconds
[2018.11.19-20.56.17:754][  0]LogLoad: (Engine Initialization) Total Blueprint compile time: 0.00 seconds
[2018.11.19-20.56.17:764][  0]LogWindowsTextInputMethodSystem: Display: IME system now deactivated.
[2018.11.19-20.56.17:787][  0]LogContentStreaming: Texture pool size now 1000 MB
[2018.11.19-20.56.17:876][  1]LogAssetRegistry: Asset discovery search completed in 6.1678 seconds
[2018.11.19-20.56.17:878][  1]LogCollectionManager: Rebuilt the object cache for 0 collections in 0.000000 seconds (found 0 objects)
[2018.11.19-20.56.17:878][  1]LogCollectionManager: Fixed up redirectors for 0 collections in 0.000048 seconds (updated 0 objects)
[2018.11.19-20.56.20:607][299]LogSlate: FSceneViewport::OnFocusLost() reason 0
[2018.11.19-20.56.20:657][305]LogTemp: Repeating last play command: Selected Viewport
[2018.11.19-20.56.20:673][305]LogPlayLevel: PlayLevel: No blueprints needed recompiling
[2018.11.19-20.56.20:686][305]PIE: New page: PIE session: BaseLevel (19 Nov 2018 20:56:20)
[2018.11.19-20.56.20:686][305]LogPlayLevel: Creating play world package: /Game/UEDPIE_0_BaseLevel
[2018.11.19-20.56.20:690][305]LogPlayLevel: PIE: StaticDuplicateObject took: (0.003873s)
[2018.11.19-20.56.20:691][305]LogAIModule: Creating AISystem for world BaseLevel
[2018.11.19-20.56.20:691][305]LogPlayLevel: PIE: World Init took: (0.000773s)
[2018.11.19-20.56.20:691][305]LogPlayLevel: PIE: Created PIE world by copying editor world from /Game/BaseLevel.BaseLevel to /Game/UEDPIE_0_BaseLevel.BaseLevel (0.004770s)
[2018.11.19-20.56.20:716][305]LogInit: XAudio2 using 'Speakers (Realtek High Definition Audio)' : 2 channels at 48 kHz using 32 bits per sample (channel mask 0x3)
[2018.11.19-20.56.20:729][305]LogInit: FAudioDevice initialized.
[2018.11.19-20.56.20:785][305]LogLoad: Game class is 'GameModeTemp_C'
[2018.11.19-20.56.20:790][305]LogWorld: Bringing World /Game/UEDPIE_0_BaseLevel.BaseLevel up for play (max tick rate 0) at 2018.11.19-20.56.20
[2018.11.19-20.56.20:791][305]LogWorld: Bringing up level for play took: 0.002090
[2018.11.19-20.56.20:828][305]LogContentBrowser: Native class hierarchy updated for 'MovieSceneCapture' in 0.0013 seconds. Added 10 classes and 0 folders.
[2018.11.19-20.56.20:829][305]LogGameMode: Display: Match State Changed from EnteringMap to WaitingToStart
[2018.11.19-20.56.20:829][305]LogGameState: Match State Changed from EnteringMap to WaitingToStart
[2018.11.19-20.56.20:829][305]LogGameMode: Display: Match State Changed from WaitingToStart to InProgress
[2018.11.19-20.56.20:831][305]LogGameState: Match State Changed from WaitingToStart to InProgress
[2018.11.19-20.56.20:831][305]PIE: Play in editor start time for /Game/UEDPIE_0_BaseLevel 0.096
[2018.11.19-20.56.31:656][582]LogSlate: Updating window title bar state: overlay mode, drag disabled, window buttons hidden, title bar hidden
[2018.11.19-20.56.31:688][582]LogPlayLevel: Display: Shutting down PIE online subsystems
[2018.11.19-20.56.31:722][582]LogSlate: Updating window title bar state: overlay mode, drag disabled, window buttons hidden, title bar hidden
[2018.11.19-20.56.31:762][584]LogPlayLevel: Display: Destroying online subsystem :Context_1
[2018.11.19-20.56.36:247][ 83]LogSlate: FSceneViewport::OnFocusLost() reason 0
[2018.11.19-20.56.36:948][153]LogSlate: Took 0.000269 seconds to synchronously load lazily loaded font '../../../Engine/Content/Slate/Fonts/Roboto-Light.ttf' (167K)
[2018.11.19-20.56.36:955][153]LogAssetEditorManager: Opening Asset editor for Blueprint /Game/PlayerCharacter.PlayerCharacter
[2018.11.19-20.56.37:495][153]LogContentBrowser: Native class hierarchy updated for 'BlueprintGraph' in 0.0011 seconds. Added 116 classes and 0 folders.
[2018.11.19-20.56.58:309][144]Cmd: OBJ SAVEPACKAGE PACKAGE="/Game/PlayerCharacter" FILE="../../../../../../Users/m013603g/Documents/GitHub/TGP_PairProject/TGP_Project/Content/PlayerCharacter.uasset" SILENT=true
[2018.11.19-20.56.58:332][144]LogSavePackage: Moving '../../../../../../Users/m013603g/Documents/GitHub/TGP_PairProject/TGP_Project/Saved/PlayerCharacterF89DB3B04409FEF1CCB7A987E68A75B3.tmp' to '../../../../../../Users/m013603g/Documents/GitHub/TGP_PairProject/TGP_Project/Content/PlayerCharacter.uasset'
[2018.11.19-20.56.58:857][195]BlueprintLog: New page: Compile PlayerCharacter
[2018.11.19-20.56.59:775][252]LogSlate: Window 'PlayerCharacter' being destroyed
[2018.11.19-20.56.59:779][252]LogSlate: Window 'PlayerCharacter' being destroyed
[2018.11.19-20.57.00:377][307]LogTemp: Repeating last play command: Selected Viewport
[2018.11.19-20.57.00:394][307]LogPlayLevel: PlayLevel: No blueprints needed recompiling
[2018.11.19-20.57.00:394][307]PIE: New page: PIE session: BaseLevel (19 Nov 2018 20:57:00)
[2018.11.19-20.57.00:394][307]LogPlayLevel: Creating play world package: /Game/UEDPIE_0_BaseLevel
[2018.11.19-20.57.00:396][307]LogPlayLevel: PIE: StaticDuplicateObject took: (0.002113s)
[2018.11.19-20.57.00:397][307]LogAIModule: Creating AISystem for world BaseLevel
[2018.11.19-20.57.00:397][307]LogPlayLevel: PIE: World Init took: (0.000618s)
[2018.11.19-20.57.00:397][307]LogPlayLevel: PIE: Created PIE world by copying editor world from /Game/BaseLevel.BaseLevel to /Game/UEDPIE_0_BaseLevel.BaseLevel (0.002825s)
[2018.11.19-20.57.00:428][307]LogInit: XAudio2 using 'Speakers (Realtek High Definition Audio)' : 2 channels at 48 kHz using 32 bits per sample (channel mask 0x3)
[2018.11.19-20.57.00:441][307]LogInit: FAudioDevice initialized.
[2018.11.19-20.57.00:472][307]LogLoad: Game class is 'GameModeTemp_C'
[2018.11.19-20.57.00:473][307]LogWorld: Bringing World /Game/UEDPIE_0_BaseLevel.BaseLevel up for play (max tick rate 0) at 2018.11.19-20.57.00
[2018.11.19-20.57.00:473][307]LogWorld: Bringing up level for play took: 0.000793
[2018.11.19-20.57.00:486][307]LogGameMode: Display: Match State Changed from EnteringMap to WaitingToStart
[2018.11.19-20.57.00:486][307]LogGameState: Match State Changed from EnteringMap to WaitingToStart
[2018.11.19-20.57.00:486][307]LogGameMode: Display: Match State Changed from WaitingToStart to InProgress
[2018.11.19-20.57.00:487][307]LogGameState: Match State Changed from WaitingToStart to InProgress
[2018.11.19-20.57.00:487][307]PIE: Play in editor start time for /Game/UEDPIE_0_BaseLevel -0.247
[2018.11.19-20.57.01:677][441]LogSlate: Updating window title bar state: overlay mode, drag disabled, window buttons hidden, title bar hidden
[2018.11.19-20.57.01:711][441]LogPlayLevel: Display: Shutting down PIE online subsystems
[2018.11.19-20.57.01:739][441]LogSlate: Updating window title bar state: overlay mode, drag disabled, window buttons hidden, title bar hidden
[2018.11.19-20.57.01:778][444]LogPlayLevel: Display: Destroying online subsystem :Context_3
[2018.11.19-20.58.25:735][ 21]LogSlate: FSceneViewport::OnFocusLost() reason 0
[2018.11.19-20.58.25:820][ 24]Candidate modules for hot reload:
[2018.11.19-20.58.25:820][ 24]  TGP_Project
[2018.11.19-20.58.25:820][ 24]Launching UnrealBuildTool... [C:/Epic/UE4/UE_4.20/Engine/Binaries/DotNET/UnrealBuildTool.exe  -ModuleWithSuffix=TGP_Project,3426 Win64 Development -TargetType=Editor -Project="../../../../../../Users/m013603g/Documents/GitHub/TGP_PairProject/TGP_Project/TGP_Project.uproject" -canskiplink "C:/Users/m013603g/Documents/GitHub/TGP_PairProject/TGP_Project/TGP_Project.uproject" ]
[2018.11.19-20.58.25:826][ 24]Warning: Starting HotReload took  0.0s.
[2018.11.19-20.58.44:163][ 61]CompilerResultsLog: New page: Compilation - 19 Nov 2018 20:58:44
[2018.11.19-20.58.44:163][ 61]CompilerResultsLog: Using 'git status' to determine working set for adaptive non-unity build.
[2018.11.19-20.58.44:163][ 61]CompilerResultsLog: Compiling game modules for hot reload
[2018.11.19-20.58.44:163][ 61]CompilerResultsLog: Parsing headers for TGP_ProjectEditor
[2018.11.19-20.58.44:163][ 61]CompilerResultsLog:   Running UnrealHeaderTool "C:\Users\m013603g\Documents\GitHub\TGP_PairProject\TGP_Project\TGP_Project.uproject" "C:\Users\m013603g\Documents\GitHub\TGP_PairProject\TGP_Project\Intermediate\Build\Win64\TGP_ProjectEditor\Development\TGP_ProjectEditor.uhtmanifest" -LogCmds="loginit warning, logexit warning, logdatabase error" -Unattended -WarningsAsErrors -installed
[2018.11.19-20.58.44:163][ 61]CompilerResultsLog: Reflection code generated for TGP_ProjectEditor in 11.9410794 seconds
[2018.11.19-20.58.44:163][ 61]CompilerResultsLog: Building 7 actions with 8 processes...
[2018.11.19-20.58.44:163][ 61]CompilerResultsLog:   [1/7] TGP_Project.init.gen.cpp
[2018.11.19-20.58.44:163][ 61]CompilerResultsLog:   [2/7] BaseCharacter.gen.cpp
[2018.11.19-20.58.44:163][ 61]CompilerResultsLog:   [3/7] BaseCharacter.cpp
[2018.11.19-20.58.44:163][ 61]CompilerResultsLog:   [4/7] BasePlayer.gen.cpp
[2018.11.19-20.58.44:163][ 61]CompilerResultsLog:   [5/7] BasePlayer.cpp
[2018.11.19-20.58.44:163][ 61]CompilerResultsLog:   [6/7] UE4Editor-TGP_Project-3426.lib
[2018.11.19-20.58.44:163][ 61]CompilerResultsLog:      Creating library C:\Users\m013603g\Documents\GitHub\TGP_PairProject\TGP_Project\Intermediate\Build\Win64\UE4Editor\Development\TGP_Project\UE4Editor-TGP_Project-3426.lib and object C:\Users\m013603g\Documents\GitHub\TGP_PairProject\TGP_Project\Intermediate\Build\Win64\UE4Editor\Development\TGP_Project\UE4Editor-TGP_Project-3426.exp
[2018.11.19-20.58.44:163][ 61]CompilerResultsLog:   [7/7] UE4Editor-TGP_Project-3426.dll
[2018.11.19-20.58.44:163][ 61]CompilerResultsLog:      Creating library C:\Users\m013603g\Documents\GitHub\TGP_PairProject\TGP_Project\Intermediate\Build\Win64\UE4Editor\Development\TGP_Project\UE4Editor-TGP_Project-3426.suppressed.lib and object C:\Users\m013603g\Documents\GitHub\TGP_PairProject\TGP_Project\Intermediate\Build\Win64\UE4Editor\Development\TGP_Project\UE4Editor-TGP_Project-3426.suppressed.exp
[2018.11.19-20.58.44:163][ 61]CompilerResultsLog: Total build time: 18.00 seconds (Parallel executor: 2.33 seconds)
[2018.11.19-20.58.44:163][ 61]LogMainFrame: MainFrame: Module compiling took 18.352 seconds
[2018.11.19-20.58.44:206][ 61]LogClass: Could not find existing class BaseCharacter in package /Script/TGP_Project for HotReload, assuming new class
[2018.11.19-20.58.44:206][ 61]LogClass: Could not find existing class BasePlayer in package /Script/TGP_Project for HotReload, assuming new class
[2018.11.19-20.58.44:217][ 61]LogHotReload: Re-instancing BaseCharacter after hot-reload.
[2018.11.19-20.58.44:320][ 61]LogHotReload: Re-instancing BasePlayer after hot-reload.
[2018.11.19-20.58.44:562][ 61]LogContentBrowser: Native class hierarchy updated for 'TGP_Project' in 0.0006 seconds. Added 4 classes and 3 folders.
[2018.11.19-20.58.44:565][ 61]Display: HotReload successful (0 functions remapped  0 scriptstructs remapped)
[2018.11.19-20.58.44:986][ 61]LogContentBrowser: Native class hierarchy populated in 0.0091 seconds. Added 2577 classes and 608 folders.
[2018.11.19-20.58.44:986][ 61]Display: HotReload took 19.2s.
[2018.11.19-20.58.50:048][619]LogEditorViewport: Clicking on Actor (LMB): SphereReflectionCapture (SphereReflectionCapture)
[2018.11.19-20.58.50:498][651]Cmd: DELETE
[2018.11.19-20.58.50:498][651]Cmd: ACTOR DELETE
[2018.11.19-20.58.50:500][651]LogEditorActor: Deleted Actor: SphereReflectionCapture
[2018.11.19-20.58.50:565][651]LogEditorActor: Deleted 1 Actors (0.067 secs)
[2018.11.19-20.58.54:513][ 94]LogEditorViewport: Clicking on Actor (LMB): SkyLight (SkyLight)
[2018.11.19-20.58.56:070][218]LogSlate: FSceneViewport::OnFocusLost() reason 2
[2018.11.19-20.59.02:572][931]LogEditorViewport: Clicking on Actor (LMB): DirectionalLight (Light Source)
[2018.11.19-20.59.27:821][683]LogEditorViewport: Clicking on Actor (LMB): SkyLight (SkyLight)
[2018.11.19-20.59.29:093][800]Cmd: DELETE
[2018.11.19-20.59.29:093][800]Cmd: ACTOR DELETE
[2018.11.19-20.59.29:095][800]LogEditorActor: Deleted Actor: SkyLight
[2018.11.19-20.59.29:142][800]LogEditorActor: Deleted 1 Actors (0.049 secs)
[2018.11.19-20.59.35:313][502]LogEditorViewport: Clicking on Actor (LMB): AtmosphericFog (Atmospheric Fog)
[2018.11.19-20.59.35:641][521]Cmd: DELETE
[2018.11.19-20.59.35:641][521]Cmd: ACTOR DELETE
[2018.11.19-20.59.35:644][521]LogEditorActor: Deleted Actor: AtmosphericFog
[2018.11.19-20.59.35:684][521]LogEditorActor: Deleted 1 Actors (0.043 secs)
[2018.11.19-20.59.39:668][956]LogEditorViewport: Clicking on Actor (LMB): DirectionalLight (Light Source)
[2018.11.19-20.59.39:871][969]Cmd: DELETE
[2018.11.19-20.59.39:871][969]Cmd: ACTOR DELETE
[2018.11.19-20.59.39:872][969]LogEditorActor: Actor Light Source is referenced by Sky Sphere.
[2018.11.19-20.59.39:882][969]LogSlate: FSceneViewport::OnFocusLost() reason 2
[2018.11.19-20.59.42:308][969]LogSlate: Window 'Message' being destroyed
[2018.11.19-20.59.42:340][969]LogEditorActor: Deleted 0 Actors (2.468 secs)
[2018.11.19-20.59.45:362][295]LogSlate: FSceneViewport::OnFocusLost() reason 0
[2018.11.19-20.59.50:891][906]LogSlate: FSceneViewport::OnFocusLost() reason 0
[2018.11.19-21.00.01:290][  3]LogSlate: FSceneViewport::OnFocusLost() reason 0
[2018.11.19-21.00.05:696][474]LogSlate: FSceneViewport::OnFocusLost() reason 0
[2018.11.19-21.00.14:985][516]LogSlate: FSceneViewport::OnFocusLost() reason 0
[2018.11.19-21.00.23:522][456]LogSlate: FSceneViewport::OnFocusLost() reason 0
[2018.11.19-21.00.32:504][484]LogSlate: Took 0.000312 seconds to synchronously load lazily loaded font '../../../Engine/Content/Slate/Fonts/Roboto-Italic.ttf' (157K)
[2018.11.19-21.00.47:400][112]LogSlate: FSceneViewport::OnFocusLost() reason 2
[2018.11.19-21.00.50:067][403]LogSlate: FSceneViewport::OnFocusLost() reason 2
[2018.11.19-21.00.51:888][598]LogSlate: FSceneViewport::OnFocusLost() reason 2
[2018.11.19-21.00.54:238][852]LogSlate: FSceneViewport::OnFocusLost() reason 2
[2018.11.19-21.00.57:885][250]LogSlate: FSceneViewport::OnFocusLost() reason 2
[2018.11.19-21.01.04:176][965]LogSlate: FSceneViewport::OnFocusLost() reason 0
[2018.11.19-21.01.51:289][695]LogEditorViewport: Clicking on Actor (LMB): PlayerCharacter_C (PlayerCharacter2)
[2018.11.19-21.01.53:825][946]LogSlate: FSceneViewport::OnFocusLost() reason 2
[2018.11.19-21.01.55:130][ 90]LogSlate: FSceneViewport::OnFocusLost() reason 2
[2018.11.19-21.01.56:017][188]LogSlate: FSceneViewport::OnFocusLost() reason 2
[2018.11.19-21.01.56:050][190]LogSlate: FSceneViewport::OnFocusLost() reason 2
[2018.11.19-21.01.56:495][237]LogSlate: FSceneViewport::OnFocusLost() reason 2
[2018.11.19-21.01.56:859][275]LogSlate: FSceneViewport::OnFocusLost() reason 2
[2018.11.19-21.01.58:759][489]LogSlate: FSceneViewport::OnFocusLost() reason 2
[2018.11.19-21.02.47:645][145]LogSlate: FSceneViewport::OnFocusLost() reason 0
[2018.11.19-21.02.47:744][154]Cmd: OBJ SAVEPACKAGE PACKAGE="/Game/BaseLevel" FILE="../../../../../../Users/m013603g/Documents/GitHub/TGP_PairProject/TGP_Project/Content/BaseLevel.umap" SILENT=true AUTOSAVING=false KEEPDIRTY=false
[2018.11.19-21.02.47:812][154]LogSavePackage: Moving '../../../../../../Users/m013603g/Documents/GitHub/TGP_PairProject/TGP_Project/Saved/BaseLevel1A872FC64FFD196AD25B818EC8A238C8.tmp' to '../../../../../../Users/m013603g/Documents/GitHub/TGP_PairProject/TGP_Project/Content/BaseLevel.umap'
[2018.11.19-21.03.18:236][158]LogSlate: FSceneViewport::OnFocusLost() reason 0
[2018.11.19-21.03.18:357][158]Candidate modules for hot reload:
[2018.11.19-21.03.18:357][158]  TGP_Project
[2018.11.19-21.03.18:357][158]Launching UnrealBuildTool... [C:/Epic/UE4/UE_4.20/Engine/Binaries/DotNET/UnrealBuildTool.exe  -ModuleWithSuffix=TGP_Project,9576 Win64 Development -TargetType=Editor -Project="../../../../../../Users/m013603g/Documents/GitHub/TGP_PairProject/TGP_Project/TGP_Project.uproject" -canskiplink "C:/Users/m013603g/Documents/GitHub/TGP_PairProject/TGP_Project/TGP_Project.uproject" ]
[2018.11.19-21.03.18:363][158]Warning: Starting HotReload took  0.0s.
[2018.11.19-21.03.24:281][696]CompilerResultsLog: New page: Compilation - 19 Nov 2018 21:03:24
[2018.11.19-21.03.24:281][696]CompilerResultsLog: Using 'git status' to determine working set for adaptive non-unity build.
[2018.11.19-21.03.24:281][696]CompilerResultsLog: Compiling game modules for hot reload
[2018.11.19-21.03.24:281][696]CompilerResultsLog: Building 3 actions with 8 processes...
[2018.11.19-21.03.24:281][696]CompilerResultsLog:   [1/3] BasePlayer.cpp
[2018.11.19-21.03.24:281][696]CompilerResultsLog:   [2/3] UE4Editor-TGP_Project-9576.lib
[2018.11.19-21.03.24:281][696]CompilerResultsLog:      Creating library C:\Users\m013603g\Documents\GitHub\TGP_PairProject\TGP_Project\Intermediate\Build\Win64\UE4Editor\Development\TGP_Project\UE4Editor-TGP_Project-9576.lib and object C:\Users\m013603g\Documents\GitHub\TGP_PairProject\TGP_Project\Intermediate\Build\Win64\UE4Editor\Development\TGP_Project\UE4Editor-TGP_Project-9576.exp
[2018.11.19-21.03.24:281][696]CompilerResultsLog:   [3/3] UE4Editor-TGP_Project-9576.dll
[2018.11.19-21.03.24:281][696]CompilerResultsLog:      Creating library C:\Users\m013603g\Documents\GitHub\TGP_PairProject\TGP_Project\Intermediate\Build\Win64\UE4Editor\Development\TGP_Project\UE4Editor-TGP_Project-9576.suppressed.lib and object C:\Users\m013603g\Documents\GitHub\TGP_PairProject\TGP_Project\Intermediate\Build\Win64\UE4Editor\Development\TGP_Project\UE4Editor-TGP_Project-9576.suppressed.exp
[2018.11.19-21.03.24:281][696]CompilerResultsLog: Total build time: 5.55 seconds (Parallel executor: 2.03 seconds)
[2018.11.19-21.03.24:281][696]LogMainFrame: MainFrame: Module compiling took 5.933 seconds
[2018.11.19-21.03.24:342][696]LogContentBrowser: Native class hierarchy updated for 'TGP_Project' in 0.0006 seconds. Added 4 classes and 3 folders.
[2018.11.19-21.03.24:346][696]Display: HotReload successful (0 functions remapped  0 scriptstructs remapped)
[2018.11.19-21.03.24:690][696]LogContentBrowser: Native class hierarchy populated in 0.0126 seconds. Added 2577 classes and 608 folders.
[2018.11.19-21.03.24:690][696]Display: HotReload took  6.4s.
[2018.11.19-21.03.37:898][119]LogEditorViewport: Clicking on Actor (LMB): PlayerCharacter_C (PlayerCharacter3)
[2018.11.19-21.03.44:013][806]LogSlate: FSceneViewport::OnFocusLost() reason 0
[2018.11.19-21.03.45:500][813]LogSlate: Window 'Save Content' being destroyed
[2018.11.19-21.03.45:586][813]LogSlate: Window 'TGP_Project - Unreal Editor' being destroyed
[2018.11.19-21.03.45:822][814]Cmd: QUIT_EDITOR
[2018.11.19-21.03.46:756][814]LogWindowsTextInputMethodSystem: Display: IME system now deactivated.
[2018.11.19-21.03.46:770][814]LogExit: Preparing to exit.
[2018.11.19-21.03.47:857][814]LogExit: Editor shut down
[2018.11.19-21.03.47:858][814]LogExit: Transaction tracking system shut down
[2018.11.19-21.03.48:786][814]LogExit: Object subsystem successfully closed.
[2018.11.19-21.03.48:809][814]LogShaderCompilers: Display: Shaders left to compile 0
[2018.11.19-21.03.48:815][814]LogD3D11RHI: Shutdown
[2018.11.19-21.03.48:815][814]LogD3D11RHI: CleanupD3DDevice
[2018.11.19-21.03.48:822][814]LogD3D11RHI: ~FD3D11DynamicRHI
[2018.11.19-21.03.48:889][814]LogModuleManager: Shutting down and abandoning module TGP_Project (620)
[2018.11.19-21.03.48:889][814]LogModuleManager: Shutting down and abandoning module BlueprintGraph (618)
[2018.11.19-21.03.48:889][814]LogModuleManager: Shutting down and abandoning module MovieSceneCapture (616)
[2018.11.19-21.03.48:889][814]LogModuleManager: Shutting down and abandoning module Voice (614)
[2018.11.19-21.03.48:889][814]LogModuleManager: Shutting down and abandoning module HierarchicalLODOutliner (612)
[2018.11.19-21.03.48:889][814]LogModuleManager: Shutting down and abandoning module SceneOutliner (610)
[2018.11.19-21.03.48:889][814]LogModuleManager: Shutting down and abandoning module AddContentDialog (608)
[2018.11.19-21.03.48:890][814]LogModuleManager: Shutting down and abandoning module WidgetCarousel (607)
[2018.11.19-21.03.48:890][814]LogModuleManager: Shutting down and abandoning module EditorWidgets (604)
[2018.11.19-21.03.48:890][814]LogModuleManager: Shutting down and abandoning module CollectionManager (602)
[2018.11.19-21.03.48:891][814]LogModuleManager: Shutting down and abandoning module StatsViewer (600)
[2018.11.19-21.03.48:891][814]LogModuleManager: Shutting down and abandoning module FoliageEdit (598)
[2018.11.19-21.03.48:891][814]LogModuleManager: Shutting down and abandoning module LandscapeEditor (596)
[2018.11.19-21.03.48:891][814]LogModuleManager: Shutting down and abandoning module MeshPaintMode (594)
[2018.11.19-21.03.48:891][814]LogModuleManager: Shutting down and abandoning module SceneDepthPickerMode (592)
[2018.11.19-21.03.48:891][814]LogModuleManager: Shutting down and abandoning module ActorPickerMode (590)
[2018.11.19-21.03.48:891][814]LogModuleManager: Shutting down and abandoning module GeometryMode (588)
[2018.11.19-21.03.48:891][814]LogModuleManager: Shutting down and abandoning module TextureAlignMode (586)
[2018.11.19-21.03.48:891][814]LogModuleManager: Shutting down and abandoning module BspMode (584)
[2018.11.19-21.03.48:891][814]LogModuleManager: Shutting down and abandoning module PIEPreviewDeviceProfileSelector (582)
[2018.11.19-21.03.48:891][814]LogModuleManager: Shutting down and abandoning module SequenceRecorderSections (580)
[2018.11.19-21.03.48:891][814]LogModuleManager: Shutting down and abandoning module AutomationWorker (578)
[2018.11.19-21.03.48:891][814]LogModuleManager: Shutting down and abandoning module AudioCaptureEditor (576)
[2018.11.19-21.03.48:891][814]LogModuleManager: Shutting down and abandoning module SequenceRecorder (575)
[2018.11.19-21.03.48:891][814]LogModuleManager: Shutting down and abandoning module MatineeToLevelSequence (572)
[2018.11.19-21.03.48:891][814]LogModuleManager: Shutting down and abandoning module LevelSequenceEditor (570)
[2018.11.19-21.03.48:891][814]LogModuleManager: Shutting down and abandoning module PlacementMode (569)
[2018.11.19-21.03.48:891][814]LogModuleManager: Shutting down and abandoning module MaterialEditor (568)
[2018.11.19-21.03.48:891][814]LogModuleManager: Shutting down and abandoning module WmfMediaFactory (564)
[2018.11.19-21.03.48:892][814]LogModuleManager: Shutting down and abandoning module WmfMediaEditor (562)
[2018.11.19-21.03.48:892][814]LogModuleManager: Shutting down and abandoning module MediaPlayerEditor (560)
[2018.11.19-21.03.48:892][814]LogModuleManager: Shutting down and abandoning module OpenExrWrapper (558)
[2018.11.19-21.03.48:892][814]LogModuleManager: Shutting down and abandoning module ImgMediaFactory (556)
[2018.11.19-21.03.48:892][814]LogModuleManager: Shutting down and abandoning module ImgMediaEditor (554)
[2018.11.19-21.03.48:892][814]LogModuleManager: Shutting down and abandoning module AvfMediaFactory (552)
[2018.11.19-21.03.48:892][814]LogModuleManager: Shutting down and abandoning module AvfMediaEditor (550)
[2018.11.19-21.03.48:892][814]LogModuleManager: Shutting down and abandoning module AndroidMediaFactory (548)
[2018.11.19-21.03.48:892][814]LogModuleManager: Shutting down and abandoning module AndroidMediaEditor (546)
[2018.11.19-21.03.48:892][814]LogModuleManager: Shutting down and abandoning module MagicLeapCameraPreviewFactory (544)
[2018.11.19-21.03.48:892][814]LogModuleManager: Shutting down and abandoning module MagicLeapMediaFactory (542)
[2018.11.19-21.03.48:892][814]LogModuleManager: Shutting down and abandoning module MagicLeapMediaEditor (540)
[2018.11.19-21.03.48:892][814]LogModuleManager: Shutting down and abandoning module CharacterAI (538)
[2018.11.19-21.03.48:892][814]LogModuleManager: Shutting down and abandoning module SmartSnapping (536)
[2018.11.19-21.03.48:892][814]LogModuleManager: Shutting down and abandoning module SessionServices (534)
[2018.11.19-21.03.48:892][814]LogModuleManager: Shutting down and abandoning module ViewportSnapping (532)
[2018.11.19-21.03.48:892][814]LogModuleManager: Shutting down and abandoning module ViewportInteraction (530)
[2018.11.19-21.03.48:892][814]LogModuleManager: Shutting down and abandoning module ClothPainter (528)
[2018.11.19-21.03.48:892][814]LogModuleManager: Shutting down and abandoning module SkeletalMeshEditor (527)
[2018.11.19-21.03.48:893][814]LogModuleManager: Shutting down and abandoning module LogVisualizer (524)
[2018.11.19-21.03.48:893][814]LogModuleManager: Shutting down and abandoning module IntroTutorials (522)
[2018.11.19-21.03.48:893][814]LogModuleManager: Shutting down and abandoning module GameProjectGeneration (521)
[2018.11.19-21.03.48:893][814]LogModuleManager: Shutting down and abandoning module LuminPlatformEditor (518)
[2018.11.19-21.03.48:893][814]LogModuleManager: Shutting down and abandoning module IOSPlatformEditor (516)
[2018.11.19-21.03.48:893][814]LogModuleManager: Shutting down and abandoning module HTML5PlatformEditor (514)
[2018.11.19-21.03.48:893][814]LogModuleManager: Shutting down and abandoning module AndroidPlatformEditor (512)
[2018.11.19-21.03.48:893][814]LogModuleManager: Shutting down and abandoning module AndroidDeviceDetection (511)
[2018.11.19-21.03.49:312][814]LogModuleManager: Shutting down and abandoning module WindowsPlatformEditor (508)
[2018.11.19-21.03.49:312][814]LogModuleManager: Shutting down and abandoning module LuminRuntimeSettings (506)
[2018.11.19-21.03.49:312][814]LogModuleManager: Shutting down and abandoning module IOSRuntimeSettings (504)
[2018.11.19-21.03.49:312][814]LogModuleManager: Shutting down and abandoning module AndroidRuntimeSettings (502)
[2018.11.19-21.03.49:312][814]LogModuleManager: Shutting down and abandoning module InputBindingEditor (500)
[2018.11.19-21.03.49:312][814]LogModuleManager: Shutting down and abandoning module MergeActors (498)
[2018.11.19-21.03.49:312][814]LogModuleManager: Shutting down and abandoning module LocalizationDashboard (496)
[2018.11.19-21.03.49:313][814]LogModuleManager: Shutting down and abandoning module LocalizationService (495)
[2018.11.19-21.03.49:313][814]LogModuleManager: Shutting down and abandoning module HardwareTargeting (492)
[2018.11.19-21.03.49:313][814]LogModuleManager: Shutting down and abandoning module DeviceProfileEditor (490)
[2018.11.19-21.03.49:313][814]LogModuleManager: Shutting down and abandoning module UndoHistory (488)
[2018.11.19-21.03.49:313][814]LogModuleManager: Shutting down and abandoning module XmlParser (486)
[2018.11.19-21.03.49:313][814]LogModuleManager: Shutting down and abandoning module Blutility (484)
[2018.11.19-21.03.49:313][814]LogModuleManager: Shutting down and abandoning module ProjectSettingsViewer (482)
[2018.11.19-21.03.49:313][814]LogModuleManager: Shutting down and abandoning module ProjectTargetPlatformEditor (481)
[2018.11.19-21.03.49:313][814]LogModuleManager: Shutting down and abandoning module EditorSettingsViewer (478)
[2018.11.19-21.03.49:313][814]LogModuleManager: Shutting down and abandoning module SettingsEditor (476)
[2018.11.19-21.03.49:313][814]LogModuleManager: Shutting down and abandoning module ProjectLauncher (474)
[2018.11.19-21.03.49:313][814]LogModuleManager: Shutting down and abandoning module SessionFrontend (472)
[2018.11.19-21.03.49:313][814]LogModuleManager: Shutting down and abandoning module ProfilerClient (470)
[2018.11.19-21.03.49:313][814]LogModuleManager: Shutting down and abandoning module DeviceManager (468)
[2018.11.19-21.03.49:313][814]LogModuleManager: Shutting down and abandoning module TargetDeviceServices (467)
[2018.11.19-21.03.49:379][814]LogModuleManager: Shutting down and abandoning module AutomationController (464)
[2018.11.19-21.03.49:379][814]LogModuleManager: Shutting down and abandoning module AutomationWindow (462)
[2018.11.19-21.03.49:379][814]LogModuleManager: Shutting down and abandoning module Layers (460)
[2018.11.19-21.03.49:379][814]LogModuleManager: Shutting down and abandoning module ComponentVisualizers (458)
[2018.11.19-21.03.49:379][814]LogModuleManager: Shutting down and abandoning module DetailCustomizations (456)
[2018.11.19-21.03.49:379][814]LogModuleManager: Shutting down and abandoning module PackagesDialog (454)
[2018.11.19-21.03.49:379][814]LogModuleManager: Shutting down and abandoning module Persona (452)
[2018.11.19-21.03.49:379][814]LogModuleManager: Shutting down and abandoning module AdvancedPreviewScene (451)
[2018.11.19-21.03.49:379][814]LogModuleManager: Shutting down and abandoning module AnimGraph (449)
[2018.11.19-21.03.49:379][814]LogModuleManager: Shutting down and abandoning module Kismet (446)
[2018.11.19-21.03.49:391][814]LogModuleManager: Shutting down and abandoning module GraphEditor (444)
[2018.11.19-21.03.49:391][814]LogModuleManager: Shutting down and abandoning module ClassViewer (442)
[2018.11.19-21.03.49:391][814]LogModuleManager: Shutting down and abandoning module Toolbox (440)
[2018.11.19-21.03.49:391][814]LogModuleManager: Shutting down and abandoning module DesktopPlatform (439)
[2018.11.19-21.03.49:391][814]LogModuleManager: Shutting down and abandoning module ModuleUI (436)
[2018.11.19-21.03.49:391][814]LogModuleManager: Shutting down and abandoning module MovieSceneTools (434)
[2018.11.19-21.03.49:391][814]LogModuleManager: Shutting down and abandoning module OutputLog (432)
[2018.11.19-21.03.49:391][814]LogModuleManager: Shutting down and abandoning module GammaUI (430)
[2018.11.19-21.03.49:391][814]LogModuleManager: Shutting down and abandoning module Documentation (428)
[2018.11.19-21.03.49:391][814]LogModuleManager: Shutting down and abandoning module MovieSceneTracks (426)
[2018.11.19-21.03.49:391][814]LogModuleManager: Shutting down and abandoning module MovieScene (424)
[2018.11.19-21.03.49:391][814]LogModuleManager: Shutting down and abandoning module StreamingPauseRendering (422)
[2018.11.19-21.03.49:391][814]LogModuleManager: Shutting down and abandoning module LauncherPlatform (420)
[2018.11.19-21.03.49:391][814]LogModuleManager: Shutting down and abandoning module AnalyticsET (418)
[2018.11.19-21.03.49:391][814]LogModuleManager: Shutting down and abandoning module PortalServices (416)
[2018.11.19-21.03.49:392][814]LogModuleManager: Shutting down and abandoning module PortalRpc (414)
[2018.11.19-21.03.49:392][814]LogModuleManager: Shutting down and abandoning module MessagingRpc (412)
[2018.11.19-21.03.49:392][814]LogModuleManager: Shutting down and abandoning module AIModule (410)
[2018.11.19-21.03.49:392][814]LogModuleManager: Shutting down and abandoning module GameplayDebugger (409)
[2018.11.19-21.03.49:392][814]LogModuleManager: Shutting down and abandoning module AITestSuite (407)
[2018.11.19-21.03.49:392][814]LogModuleManager: Shutting down and abandoning module NavigationSystem (405)
[2018.11.19-21.03.49:392][814]LogModuleManager: Shutting down and abandoning module ProfilerService (402)
[2018.11.19-21.03.49:567][814]LogModuleManager: Shutting down and abandoning module TaskGraph (400)
[2018.11.19-21.03.49:567][814]LogModuleManager: Shutting down and abandoning module SteamVRController (398)
[2018.11.19-21.03.49:567][814]LogModuleManager: Shutting down and abandoning module ProceduralMeshComponentEditor (396)
[2018.11.19-21.03.49:567][814]LogModuleManager: Shutting down and abandoning module ProceduralMeshComponent (394)
[2018.11.19-21.03.49:567][814]LogModuleManager: Shutting down and abandoning module OculusInput (392)
[2018.11.19-21.03.49:567][814]LogModuleManager: Shutting down and abandoning module MobilePatchingUtils (390)
[2018.11.19-21.03.49:567][814]LogModuleManager: Shutting down and abandoning module EditableMesh (388)
[2018.11.19-21.03.49:567][814]LogModuleManager: Shutting down and abandoning module CustomMeshComponent (386)
[2018.11.19-21.03.49:567][814]LogModuleManager: Shutting down and abandoning module CableComponent (384)
[2018.11.19-21.03.49:567][814]LogModuleManager: Shutting down and abandoning module AudioCapture (382)
[2018.11.19-21.03.49:567][814]LogModuleManager: Shutting down and abandoning module ArchVisCharacter (380)
[2018.11.19-21.03.49:567][814]LogModuleManager: Shutting down and abandoning module AndroidPermission (378)
[2018.11.19-21.03.49:567][814]LogModuleManager: Shutting down and abandoning module NUTUnrealEngine4 (376)
[2018.11.19-21.03.49:567][814]LogModuleManager: Shutting down and abandoning module NetcodeUnitTest (374)
[2018.11.19-21.03.49:567][814]LogModuleManager: Shutting down and abandoning module MediaCompositingEditor (372)
[2018.11.19-21.03.49:567][814]LogModuleManager: Shutting down and abandoning module MediaCompositing (370)
[2018.11.19-21.03.49:567][814]LogModuleManager: Shutting down and abandoning module LinearTimecode (368)
[2018.11.19-21.03.49:567][814]LogModuleManager: Shutting down and abandoning module ImgMedia (366)
[2018.11.19-21.03.49:572][814]LogModuleManager: Shutting down and abandoning module HTML5Networking (364)
[2018.11.19-21.03.49:573][814]LogModuleManager: Shutting down and abandoning module GeometryCacheTracks (362)
[2018.11.19-21.03.49:573][814]LogModuleManager: Shutting down and abandoning module GeometryCacheSequencer (360)
[2018.11.19-21.03.49:573][814]LogModuleManager: Shutting down and abandoning module BackChannel (358)
[2018.11.19-21.03.49:573][814]LogModuleManager: Shutting down and abandoning module AppleVision (356)
[2018.11.19-21.03.49:573][814]LogModuleManager: Shutting down and abandoning module AppleImageUtils (354)
[2018.11.19-21.03.49:573][814]LogModuleManager: Shutting down and abandoning module AlembicImporter (352)
[2018.11.19-21.03.49:573][814]LogModuleManager: Shutting down and abandoning module AlembicLibrary (351)
[2018.11.19-21.03.49:573][814]LogModuleManager: Shutting down and abandoning module GeometryCache (350)
[2018.11.19-21.03.49:573][814]LogModuleManager: Shutting down and abandoning module GeometryCacheEd (349)
[2018.11.19-21.03.49:573][814]LogModuleManager: Shutting down and abandoning module DatasmithContentEditor (344)
[2018.11.19-21.03.49:573][814]LogModuleManager: Shutting down and abandoning module DatasmithContent (342)
[2018.11.19-21.03.49:575][814]LogModuleManager: Shutting down and abandoning module SpeedTreeImporter (340)
[2018.11.19-21.03.49:575][814]LogModuleManager: Shutting down and abandoning module PluginBrowser (338)
[2018.11.19-21.03.49:575][814]LogModuleManager: Shutting down and abandoning module MobileLauncherProfileWizard (336)
[2018.11.19-21.03.49:575][814]LogModuleManager: Shutting down and abandoning module PolygonModeling (334)
[2018.11.19-21.03.49:575][814]LogModuleManager: Shutting down and abandoning module MeshEditor (332)
[2018.11.19-21.03.49:575][814]LogModuleManager: Shutting down and abandoning module CryptoKeysOpenSSL (330)
[2018.11.19-21.03.49:575][814]LogModuleManager: Shutting down and abandoning module CryptoKeys (328)
[2018.11.19-21.03.49:575][814]LogModuleManager: Shutting down and abandoning module VisualStudioSourceCodeAccess (326)
[2018.11.19-21.03.49:575][814]LogModuleManager: Shutting down and abandoning module VisualStudioCodeSourceCodeAccess (324)
[2018.11.19-21.03.49:575][814]LogModuleManager: Shutting down and abandoning module UObjectPlugin (322)
[2018.11.19-21.03.49:575][814]LogModuleManager: Shutting down and abandoning module SubversionSourceControl (320)
[2018.11.19-21.03.49:575][814]LogModuleManager: Shutting down and abandoning module PerforceSourceControl (318)
[2018.11.19-21.03.49:575][814]LogModuleManager: Shutting down and abandoning module GitSourceControl (316)
[2018.11.19-21.03.49:575][814]LogModuleManager: Shutting down and abandoning module SourceControl (315)
[2018.11.19-21.03.49:575][814]LogModuleManager: Shutting down and abandoning module CLionSourceCodeAccess (312)
[2018.11.19-21.03.49:575][814]LogModuleManager: Shutting down and abandoning module LightPropagationVolumeEditor (310)
[2018.11.19-21.03.49:575][814]LogModuleManager: Shutting down and abandoning module PaperTiledImporter (308)
[2018.11.19-21.03.49:575][814]LogModuleManager: Shutting down and abandoning module PaperSpriteSheetImporter (306)
[2018.11.19-21.03.49:576][814]LogModuleManager: Shutting down and abandoning module Paper2DEditor (304)
[2018.11.19-21.03.49:576][814]LogModuleManager: Shutting down and abandoning module MeshPaint (303)
[2018.11.19-21.03.49:576][814]LogModuleManager: Shutting down and abandoning module RuntimePhysXCooking (298)
[2018.11.19-21.03.49:576][814]LogModuleManager: Shutting down and abandoning module PhysXVehiclesEditor (296)
[2018.11.19-21.03.49:576][814]LogModuleManager: Shutting down and abandoning module PhysXVehicles (294)
[2018.11.19-21.03.49:576][814]LogModuleManager: Shutting down and abandoning module OculusEditor (292)
[2018.11.19-21.03.49:576][814]LogModuleManager: Shutting down and abandoning module LocationServicesBPLibrary (290)
[2018.11.19-21.03.49:576][814]LogModuleManager: Shutting down and abandoning module ImmediatePhysicsEditor (288)
[2018.11.19-21.03.49:576][814]LogModuleManager: Shutting down and abandoning module ImmediatePhysics (286)
[2018.11.19-21.03.49:576][814]LogModuleManager: Shutting down and abandoning module ActorSequence (284)
[2018.11.19-21.03.49:576][814]LogModuleManager: Shutting down and abandoning module UdpMessaging (282)
[2018.11.19-21.03.49:677][814]LogModuleManager: Shutting down and abandoning module TcpMessaging (280)
[2018.11.19-21.03.49:778][814]LogModuleManager: Shutting down and abandoning module MagicLeapAudio (278)
[2018.11.19-21.03.49:778][814]LogModuleManager: Shutting down and abandoning module GameplayTagsEditor (276)
[2018.11.19-21.03.49:778][814]LogModuleManager: Shutting down and abandoning module FacialAnimationEditor (274)
[2018.11.19-21.03.49:778][814]LogModuleManager: Shutting down and abandoning module FacialAnimation (272)
[2018.11.19-21.03.49:778][814]LogModuleManager: Shutting down and abandoning module DataValidation (270)
[2018.11.19-21.03.49:778][814]LogModuleManager: Shutting down and abandoning module AssetManagerEditor (268)
[2018.11.19-21.03.49:778][814]LogModuleManager: Shutting down and abandoning module LevelEditor (267)
[2018.11.19-21.03.49:780][814]LogModuleManager: Shutting down and abandoning module PixelInspectorModule (266)
[2018.11.19-21.03.49:780][814]LogModuleManager: Shutting down and abandoning module CommonMenuExtensions (264)
[2018.11.19-21.03.49:781][814]LogModuleManager: Shutting down and abandoning module MainFrame (262)
[2018.11.19-21.03.49:781][814]LogModuleManager: Shutting down and abandoning module HotReload (261)
[2018.11.19-21.03.49:783][814]LogModuleManager: Shutting down and abandoning module ContentBrowser (257)
[2018.11.19-21.03.49:784][814]LogModuleManager: Shutting down and abandoning module TreeMap (255)
[2018.11.19-21.03.49:784][814]LogModuleManager: Shutting down and abandoning module LightPropagationVolumeRuntime (252)
[2018.11.19-21.03.49:784][814]LogModuleManager: Shutting down and abandoning module AISupportModule (250)
[2018.11.19-21.03.49:784][814]LogModuleManager: Shutting down and abandoning module Paper2D (248)
[2018.11.19-21.03.49:784][814]LogModuleManager: Shutting down and abandoning module WindowsMoviePlayer (246)
[2018.11.19-21.03.49:784][814]LogModuleManager: Shutting down and abandoning module WmfMedia (244)
[2018.11.19-21.03.49:786][814]LogModuleManager: Shutting down and abandoning module Media (243)
[2018.11.19-21.03.49:792][814]LogModuleManager: Shutting down and abandoning module PacketHandler (240)
[2018.11.19-21.03.49:792][814]LogModuleManager: Shutting down and abandoning module ClothingSystemEditor (238)
[2018.11.19-21.03.49:792][814]LogModuleManager: Shutting down and abandoning module ClothingSystemRuntime (236)
[2018.11.19-21.03.49:792][814]LogModuleManager: Shutting down and abandoning module MediaAssets (234)
[2018.11.19-21.03.49:792][814]LogModuleManager: Shutting down and abandoning module Overlay (232)
[2018.11.19-21.03.49:792][814]LogModuleManager: Shutting down and abandoning module OverlayEditor (231)
[2018.11.19-21.03.49:792][814]LogModuleManager: Shutting down and abandoning module VREditor (228)
[2018.11.19-21.03.49:792][814]LogModuleManager: Shutting down and abandoning module StringTableEditor (226)
[2018.11.19-21.03.49:792][814]LogModuleManager: Shutting down and abandoning module GameplayTasksEditor (224)
[2018.11.19-21.03.49:792][814]LogModuleManager: Shutting down and abandoning module BehaviorTreeEditor (222)
[2018.11.19-21.03.49:792][814]LogModuleManager: Shutting down and abandoning module FunctionalTesting (220)
[2018.11.19-21.03.49:792][814]LogModuleManager: Shutting down and abandoning module CollisionAnalyzer (218)
[2018.11.19-21.03.49:792][814]LogModuleManager: Shutting down and abandoning module WorkspaceMenuStructure (217)
[2018.11.19-21.03.49:792][814]LogModuleManager: Shutting down and abandoning module UMG (214)
[2018.11.19-21.03.49:792][814]LogModuleManager: Shutting down and abandoning module UMGEditor (213)
[2018.11.19-21.03.49:792][814]LogModuleManager: Shutting down and abandoning module Sequencer (212)
[2018.11.19-21.03.49:792][814]LogModuleManager: Shutting down and abandoning module MessageLog (209)
[2018.11.19-21.03.49:793][814]LogModuleManager: Shutting down and abandoning module SlateReflector (204)
[2018.11.19-21.03.49:793][814]LogModuleManager: Shutting down and abandoning module Slate (202)
[2018.11.19-21.03.49:793][814]LogModuleManager: Shutting down and abandoning module EditorStyle (200)
[2018.11.19-21.03.49:794][814]LogModuleManager: Shutting down and abandoning module MRMesh (198)
[2018.11.19-21.03.49:794][814]LogModuleManager: Shutting down and abandoning module SourceCodeAccess (196)
[2018.11.19-21.03.49:794][814]LogModuleManager: Shutting down and abandoning module HeadMountedDisplay (194)
[2018.11.19-21.03.49:794][814]LogModuleManager: Shutting down and abandoning module XAudio2 (192)
[2018.11.19-21.03.49:794][814]LogModuleManager: Shutting down and abandoning module Networking (190)
[2018.11.19-21.03.49:794][814]LogModuleManager: Shutting down and abandoning module Core (188)
[2018.11.19-21.03.49:794][814]LogModuleManager: Shutting down and abandoning module LevelSequence (186)
[2018.11.19-21.03.49:794][814]LogModuleManager: Shutting down and abandoning module KismetCompiler (184)
[2018.11.19-21.03.49:794][814]LogModuleManager: Shutting down and abandoning module MeshUtilities (182)
[2018.11.19-21.03.49:794][814]LogModuleManager: Shutting down and abandoning module MeshMergeUtilities (181)
[2018.11.19-21.03.49:794][814]LogModuleManager: Shutting down and abandoning module MeshReductionInterface (180)
[2018.11.19-21.03.49:794][814]LogModuleManager: Shutting down and abandoning module SimplygonSwarm (179)
[2018.11.19-21.03.49:794][814]LogModuleManager: Shutting down and abandoning module ProxyLODMeshReduction (177)
[2018.11.19-21.03.49:794][814]LogModuleManager: Shutting down and abandoning module SimplygonMeshReduction (175)
[2018.11.19-21.03.49:794][814]LogModuleManager: Shutting down and abandoning module QuadricMeshReduction (173)
[2018.11.19-21.03.49:794][814]LogModuleManager: Shutting down and abandoning module MaterialBaking (169)
[2018.11.19-21.03.49:794][814]LogModuleManager: Shutting down and abandoning module DirectoryWatcher (165)
[2018.11.19-21.03.49:795][814]LogModuleManager: Shutting down and abandoning module DerivedDataCache (162)
[2018.11.19-21.03.49:817][814]LogDerivedDataCache: Shutdown
[2018.11.19-21.03.49:817][814]LogModuleManager: Shutting down and abandoning module XGEController (160)
[2018.11.19-21.03.49:817][814]LogModuleManager: Shutting down and abandoning module TargetPlatform (158)
[2018.11.19-21.03.49:817][814]LogModuleManager: Shutting down and abandoning module VulkanShaderFormat (157)
[2018.11.19-21.03.49:817][814]LogModuleManager: Shutting down and abandoning module ShaderFormatVectorVM (155)
[2018.11.19-21.03.49:817][814]LogModuleManager: Shutting down and abandoning module ShaderFormatOpenGL (153)
[2018.11.19-21.03.49:817][814]LogModuleManager: Shutting down and abandoning module ShaderFormatD3D (151)
[2018.11.19-21.03.49:817][814]LogModuleManager: Shutting down and abandoning module MetalShaderFormat (149)
[2018.11.19-21.03.49:817][814]LogModuleManager: Shutting down and abandoning module TextureFormatUncompressed (147)
[2018.11.19-21.03.49:817][814]LogModuleManager: Shutting down and abandoning module TextureFormatPVR (145)
[2018.11.19-21.03.49:818][814]LogModuleManager: Shutting down and abandoning module TextureFormatDXT (143)
[2018.11.19-21.03.49:818][814]LogModuleManager: Shutting down and abandoning module TextureFormatIntelISPCTexComp (141)
[2018.11.19-21.03.49:818][814]LogModuleManager: Shutting down and abandoning module TextureFormatASTC (139)
[2018.11.19-21.03.49:818][814]LogModuleManager: Shutting down and abandoning module ImageWrapper (138)
[2018.11.19-21.03.49:818][814]LogModuleManager: Shutting down and abandoning module TextureFormatAndroid (135)
[2018.11.19-21.03.49:818][814]LogModuleManager: Shutting down and abandoning module AudioFormatOpus (133)
[2018.11.19-21.03.49:818][814]LogModuleManager: Shutting down and abandoning module AudioFormatOgg (131)
[2018.11.19-21.03.49:818][814]LogModuleManager: Shutting down and abandoning module AudioFormatADPCM (129)
[2018.11.19-21.03.49:818][814]LogModuleManager: Shutting down and abandoning module LuminTargetPlatform (127)
[2018.11.19-21.03.49:818][814]LogModuleManager: Shutting down and abandoning module LinuxTargetPlatform (125)
[2018.11.19-21.03.49:818][814]LogModuleManager: Shutting down and abandoning module LinuxServerTargetPlatform (123)
[2018.11.19-21.03.49:818][814]LogModuleManager: Shutting down and abandoning module LinuxNoEditorTargetPlatform (121)
[2018.11.19-21.03.49:818][814]LogModuleManager: Shutting down and abandoning module LinuxClientTargetPlatform (119)
[2018.11.19-21.03.49:818][814]LogModuleManager: Shutting down and abandoning module TVOSTargetPlatform (117)
[2018.11.19-21.03.49:819][814]LogModuleManager: Shutting down and abandoning module Messaging (115)
[2018.11.19-21.03.49:819][814]LogModuleManager: Shutting down and abandoning module IOSTargetPlatform (113)
[2018.11.19-21.03.49:819][814]LogModuleManager: Shutting down and abandoning module HTML5TargetPlatform (111)
[2018.11.19-21.03.49:820][814]LogModuleManager: Shutting down and abandoning module AndroidTargetPlatform (109)
[2018.11.19-21.03.49:826][814]LogModuleManager: Shutting down and abandoning module WindowsTargetPlatform (107)
[2018.11.19-21.03.49:827][814]LogModuleManager: Shutting down and abandoning module WindowsServerTargetPlatform (105)
[2018.11.19-21.03.49:827][814]LogModuleManager: Shutting down and abandoning module WindowsNoEditorTargetPlatform (103)
[2018.11.19-21.03.49:827][814]LogModuleManager: Shutting down and abandoning module WindowsClientTargetPlatform (101)
[2018.11.19-21.03.49:827][814]LogModuleManager: Shutting down and abandoning module MacTargetPlatform (99)
[2018.11.19-21.03.49:827][814]LogModuleManager: Shutting down and abandoning module MacServerTargetPlatform (97)
[2018.11.19-21.03.49:827][814]LogModuleManager: Shutting down and abandoning module MacNoEditorTargetPlatform (95)
[2018.11.19-21.03.49:827][814]LogModuleManager: Shutting down and abandoning module MacClientTargetPlatform (93)
[2018.11.19-21.03.49:827][814]LogModuleManager: Shutting down and abandoning module AllDesktopTargetPlatform (91)
[2018.11.19-21.03.49:827][814]LogModuleManager: Shutting down and abandoning module InputCore (88)
[2018.11.19-21.03.49:827][814]LogModuleManager: Shutting down and abandoning module Settings (86)
[2018.11.19-21.03.49:827][814]LogModuleManager: Shutting down and abandoning module PhysXCooking (84)
[2018.11.19-21.03.49:827][814]LogModuleManager: Shutting down and abandoning module SteamVR (82)
[2018.11.19-21.03.49:827][814]LogModuleManager: Shutting down and abandoning module OculusHMD (80)
[2018.11.19-21.03.49:827][814]LogModuleManager: Shutting down and abandoning module ExampleDeviceProfileSelector (78)
[2018.11.19-21.03.49:827][814]LogModuleManager: Shutting down and abandoning module LauncherChunkInstaller (76)
[2018.11.19-21.03.49:827][814]LogModuleManager: Shutting down and abandoning module OnlineBlueprintSupport (74)
[2018.11.19-21.03.49:827][814]LogModuleManager: Shutting down and abandoning module OnlineSubsystem (70)
[2018.11.19-21.03.49:828][814]LogModuleManager: Shutting down and abandoning module XMPP (65)
[2018.11.19-21.03.49:828][814]LogModuleManager: Shutting down and abandoning module WebSockets (64)
[2018.11.19-21.03.49:853][814]LogModuleManager: Shutting down and abandoning module HTTP (61)
[2018.11.19-21.03.49:853][814]LogHttp: Display: Http module shutting down, but needs to wait on 1 outstanding Http requests:
[2018.11.19-21.03.49:853][814]LogHttp: Display: 	verb=[POST] url=[https://datarouter.ol.epicgames.com/datarouter/api/v1/public/data?SessionID=%7B199BD5DC-46F2-4264-C309-38815C1CF33E%7D&AppID=UEEditor.Rocket.Release&AppVersion=4.20.3-4369336%2B%2B%2BUE4%2BRelease-4.20&UserID=001767f341922cd4da643e9233a819bf%7C%7C9e4f2092-7ee7-4001-b697-c7760c4e84ac&AppEnvironment=datacollector-binary&UploadType=eteventstream] status=Processing
[2018.11.19-21.03.49:882][814]LogModuleManager: Shutting down and abandoning module SSL (60)
[2018.11.19-21.03.49:884][814]LogModuleManager: Shutting down and abandoning module MagicLeapEmulator (56)
[2018.11.19-21.03.49:884][814]LogModuleManager: Shutting down and abandoning module MagicLeapPrivileges (54)
[2018.11.19-21.03.49:884][814]LogModuleManager: Shutting down and abandoning module MagicLeapIdentity (52)
[2018.11.19-21.03.49:884][814]LogModuleManager: Shutting down and abandoning module MagicLeapHelperVulkan (50)
[2018.11.19-21.03.49:884][814]LogModuleManager: Shutting down and abandoning module MagicLeapHelperOpenGL (48)
[2018.11.19-21.03.49:884][814]LogModuleManager: Shutting down and abandoning module MagicLeapSecureStorage (46)
[2018.11.19-21.03.49:884][814]LogModuleManager: Shutting down and abandoning module MagicLeapGestures (44)
[2018.11.19-21.03.49:884][814]LogModuleManager: Shutting down and abandoning module MagicLeapEyeTracker (42)
[2018.11.19-21.03.49:884][814]LogModuleManager: Shutting down and abandoning module MagicLeapController (40)
[2018.11.19-21.03.49:885][814]LogSlate: Slate User Destroyed.  User Index 0, Is Virtual User: 0
[2018.11.19-21.03.49:885][814]LogModuleManager: Shutting down and abandoning module MagicLeap (38)
[2018.11.19-21.03.49:885][814]LogModuleManager: Shutting down and abandoning module AnimationModifiers (36)
[2018.11.19-21.03.49:885][814]LogModuleManager: Shutting down and abandoning module PropertyEditor (35)
[2018.11.19-21.03.49:885][814]LogModuleManager: Shutting down and abandoning module AudioEditor (32)
[2018.11.19-21.03.49:885][814]LogModuleManager: Shutting down and abandoning module TextureCompressor (30)
[2018.11.19-21.03.49:886][814]LogModuleManager: Shutting down and abandoning module ShaderCore (28)
[2018.11.19-21.03.49:886][814]LogModuleManager: Shutting down and abandoning module Landscape (26)
[2018.11.19-21.03.49:886][814]LogModuleManager: Shutting down and abandoning module SlateRHIRenderer (24)
[2018.11.19-21.03.49:891][814]LogModuleManager: Shutting down and abandoning module OpenGLDrv (22)
[2018.11.19-21.03.49:891][814]LogModuleManager: Shutting down and abandoning module D3D11RHI (20)
[2018.11.19-21.03.49:891][814]LogModuleManager: Shutting down and abandoning module AnimGraphRuntime (18)
[2018.11.19-21.03.49:891][814]LogModuleManager: Shutting down and abandoning module Renderer (16)
[2018.11.19-21.03.49:891][814]LogModuleManager: Shutting down and abandoning module Engine (14)
[2018.11.19-21.03.49:891][814]LogModuleManager: Shutting down and abandoning module CoreUObject (12)
[2018.11.19-21.03.49:891][814]LogModuleManager: Shutting down and abandoning module NetworkFile (10)
[2018.11.19-21.03.49:891][814]LogModuleManager: Shutting down and abandoning module CookedIterativeFile (8)
[2018.11.19-21.03.49:891][814]LogModuleManager: Shutting down and abandoning module StreamingFile (6)
[2018.11.19-21.03.49:891][814]LogModuleManager: Shutting down and abandoning module SandboxFile (4)
[2018.11.19-21.03.49:891][814]LogModuleManager: Shutting down and abandoning module PakFile (2)
[2018.11.19-21.03.49:900][814]LogExit: Exiting.
[2018.11.19-21.03.49:912][814]Log file closed, 11/19/18 21:03:49
