Log file open, 11/27/18 18:05:29
LogWindows: Failed to load 'aqProf.dll' (GetLastError=126)
LogWindows: File 'aqProf.dll' does not exist
LogWindows: Failed to load 'VSPerf140.dll' (GetLastError=126)
LogWindows: File 'VSPerf140.dll' does not exist
LogWindows: Failed to load 'VtuneApi.dll' (GetLastError=126)
LogWindows: File 'VtuneApi.dll' does not exist
LogWindows: Failed to load 'VtuneApi32e.dll' (GetLastError=126)
LogWindows: File 'VtuneApi32e.dll' does not exist
LogInit: Display: Running engine for game: TGP_Project
LogPlatformFile: Not using cached read wrapper
LogTaskGraph: Started task graph with 5 named threads and 23 total threads with 3 sets of task threads.
LogStats: Stats thread started at 0.421530
LogD3D11RHI: Loaded GFSDK_Aftermath_Lib.x64.dll
LogICUInternationalization: Display: ICU TimeZone Detection - Raw Offset: +0:00, Platform Override: ''
LogPluginManager: Mounting plugin Paper2D
LogPluginManager: Mounting plugin AISupport
LogPluginManager: Mounting plugin LightPropagationVolume
LogPluginManager: Mounting plugin CLionSourceCodeAccess
LogPluginManager: Mounting plugin CodeLiteSourceCodeAccess
LogPluginManager: Mounting plugin GitSourceControl
LogPluginManager: Mounting plugin KDevelopSourceCodeAccess
LogPluginManager: Mounting plugin NullSourceCodeAccess
LogPluginManager: Mounting plugin PerforceSourceControl
LogPluginManager: Mounting plugin SubversionSourceControl
LogPluginManager: Mounting plugin UObjectPlugin
LogPluginManager: Mounting plugin VisualStudioCodeSourceCodeAccess
LogPluginManager: Mounting plugin VisualStudioSourceCodeAccess
LogPluginManager: Mounting plugin XCodeSourceCodeAccess
LogPluginManager: Mounting plugin AssetManagerEditor
LogPluginManager: Mounting plugin CryptoKeys
LogPluginManager: Mounting plugin DataValidation
LogPluginManager: Mounting plugin FacialAnimation
LogPluginManager: Mounting plugin GameplayTagsEditor
LogPluginManager: Mounting plugin MacGraphicsSwitching
LogPluginManager: Mounting plugin MeshEditor
LogPluginManager: Mounting plugin MobileLauncherProfileWizard
LogPluginManager: Mounting plugin PluginBrowser
LogPluginManager: Mounting plugin SpeedTreeImporter
LogPluginManager: Mounting plugin DatasmithContent
LogPluginManager: Mounting plugin AlembicImporter
LogPluginManager: Mounting plugin AppleImageUtils
LogPluginManager: Mounting plugin AppleVision
LogPluginManager: Mounting plugin BackChannel
LogPluginManager: Mounting plugin CharacterAI
LogPluginManager: Mounting plugin GeometryCache
LogPluginManager: Mounting plugin HTML5Networking
LogPluginManager: Mounting plugin ProxyLODPlugin
LogPluginManager: Mounting plugin MagicLeap
LogPluginManager: Mounting plugin MagicLeapEmulator
LogPluginManager: Mounting plugin MagicLeapMedia
LogPluginManager: Mounting plugin AndroidMedia
LogPluginManager: Mounting plugin AvfMedia
LogPluginManager: Mounting plugin ImgMedia
LogPluginManager: Mounting plugin LinearTimecode
LogPluginManager: Mounting plugin MediaCompositing
LogPluginManager: Mounting plugin MediaPlayerEditor
LogPluginManager: Mounting plugin WmfMedia
LogPluginManager: Mounting plugin TcpMessaging
LogPluginManager: Mounting plugin UdpMessaging
LogPluginManager: Mounting plugin ActorSequence
LogPluginManager: Mounting plugin LevelSequenceEditor
LogPluginManager: Mounting plugin MatineeToLevelSequence
LogPluginManager: Mounting plugin NetcodeUnitTest
LogPluginManager: Mounting plugin NUTUnrealEngine4
LogPluginManager: Mounting plugin OnlineSubsystemGooglePlay
LogPluginManager: Mounting plugin OnlineSubsystemIOS
LogPluginManager: Mounting plugin OnlineSubsystem
LogPluginManager: Mounting plugin OnlineSubsystemNull
LogPluginManager: Mounting plugin OnlineSubsystemUtils
LogPluginManager: Mounting plugin LauncherChunkInstaller
LogPluginManager: Mounting plugin AndroidDeviceProfileSelector
LogPluginManager: Mounting plugin AndroidMoviePlayer
LogPluginManager: Mounting plugin AndroidPermission
LogPluginManager: Mounting plugin AppleMoviePlayer
LogPluginManager: Mounting plugin ArchVisCharacter
LogPluginManager: Mounting plugin AudioCapture
LogPluginManager: Mounting plugin CableComponent
LogPluginManager: Mounting plugin CustomMeshComponent
LogPluginManager: Mounting plugin EditableMesh
LogPluginManager: Mounting plugin ExampleDeviceProfileSelector
LogPluginManager: Mounting plugin GoogleCloudMessaging
LogPluginManager: Mounting plugin ImmediatePhysics
LogPluginManager: Mounting plugin IOSDeviceProfileSelector
LogPluginManager: Mounting plugin LinuxDeviceProfileSelector
LogPluginManager: Mounting plugin LocationServicesBPLibrary
LogPluginManager: Mounting plugin MobilePatchingUtils
LogPluginManager: Mounting plugin OculusVR
LogPluginManager: Plugin shader directory ../../../Engine/Plugins/Runtime/Oculus/OculusVR/Shaders found
LogPluginManager: Mapping shader source directory ../../../Engine/Plugins/Runtime/Oculus/OculusVR/Shaders to virtual directory /Plugin/OculusVR
LogPluginManager: Mounting plugin PhysXVehicles
LogPluginManager: Mounting plugin ProceduralMeshComponent
LogPluginManager: Mounting plugin RuntimePhysXCooking
LogPluginManager: Mounting plugin SteamVR
LogPluginManager: Mounting plugin WindowsMoviePlayer
LogStreaming: Display: Took  0.137s to configure plugins.
LogInit: Using libcurl 7.55.1-DEV
LogInit:  - built for x86_64-pc-win32
LogInit:  - supports SSL with OpenSSL/1.0.2h
LogInit:  - supports HTTP deflate (compression) using libz 1.2.8
LogInit:  - other features:
LogInit:      CURL_VERSION_SSL
LogInit:      CURL_VERSION_LIBZ
LogInit:      CURL_VERSION_IPV6
LogInit:      CURL_VERSION_ASYNCHDNS
LogInit:      CURL_VERSION_LARGEFILE
LogInit:      CURL_VERSION_IDN
LogInit:  CurlRequestOptions (configurable via config and command line):
LogInit:  - bVerifyPeer = false  - Libcurl will NOT verify peer certificate
LogInit:  - bUseHttpProxy = false  - Libcurl will NOT use HTTP proxy
LogInit:  - bDontReuseConnections = false  - Libcurl will reuse connections
LogInit:  - CertBundlePath = nullptr  - Libcurl will use whatever was configured at build time.
LogInit:  - MaxHostConnections = 16  - Libcurl will limit the number of connections to a host
LogInit:  - LocalHostAddr = Default
LogInit:  - BufferSize = 65536
LogInit: WinSock: version 1.1 (2.2), MaxSocks=32767, MaxUdp=65467
LogInit: Build: ++UE4+Release-4.20-CL-4369336
LogInit: Engine Version: 4.20.3-4369336+++UE4+Release-4.20
LogInit: Compatible Engine Version: 4.20.0-4212847+++UE4+Release-4.20
LogInit: Net CL: 4212847
LogInit: OS: Windows 10 (), CPU: AMD FX(tm)-8320 Eight-Core Processor           , GPU: AMD Radeon (TM) R9 380 Series
LogInit: Compiled (64-bit): Sep 17 2018 12:26:19
LogInit: Compiled with Visual C++: 19.13.26129.00
LogInit: Build Configuration: Development
LogInit: Branch Name: ++UE4+Release-4.20
LogInit: Command Line:  -skipcompile
LogInit: Base Directory: C:/Users/blued/Documents/UE_4.20/Engine/Binaries/Win64/
LogInit: Installed Engine Build: 1
LogDevObjectVersion: Number of dev versions registered: 20
LogDevObjectVersion:   Dev-Blueprints (B0D832E4-1F89-4F0D-ACCF-7EB736FD4AA2): 10
LogDevObjectVersion:   Dev-Build (E1C64328-A22C-4D53-A36C-8E866417BD8C): 0
LogDevObjectVersion:   Dev-Core (375EC13C-06E4-48FB-B500-84F0262A717E): 2
LogDevObjectVersion:   Dev-Editor (E4B068ED-F494-42E9-A231-DA0B2E46BB41): 24
LogDevObjectVersion:   Dev-Framework (CFFC743F-43B0-4480-9391-14DF171D2073): 34
LogDevObjectVersion:   Dev-Mobile (B02B49B5-BB20-44E9-A304-32B752E40360): 2
LogDevObjectVersion:   Dev-Networking (A4E4105C-59A1-49B5-A7C5-40C4547EDFEE): 0
LogDevObjectVersion:   Dev-Online (39C831C9-5AE6-47DC-9A44-9C173E1C8E7C): 0
LogDevObjectVersion:   Dev-Physics (78F01B33-EBEA-4F98-B9B4-84EACCB95AA2): 0
LogDevObjectVersion:   Dev-Platform (6631380F-2D4D-43E0-8009-CF276956A95A): 0
LogDevObjectVersion:   Dev-Rendering (12F88B9F-8875-4AFC-A67C-D90C383ABD29): 26
LogDevObjectVersion:   Dev-Sequencer (7B5AE74C-D270-4C10-A958-57980B212A5A): 9
LogDevObjectVersion:   Dev-VR (D7296918-1DD6-4BDD-9DE2-64A83CC13884): 2
LogDevObjectVersion:   Dev-LoadTimes (C2A15278-BFE7-4AFE-6C17-90FF531DF755): 1
LogDevObjectVersion:   Private-Geometry (6EACA3D4-40EC-4CC1-B786-8BED09428FC5): 3
LogDevObjectVersion:   Dev-AnimPhys (29E575DD-E0A3-4627-9D10-D276232CDCEA): 17
LogDevObjectVersion:   Dev-ReflectionCapture (6B266CEC-1EC7-4B8F-A30B-E4D90942FC07): 1
LogDevObjectVersion:   Dev-Automation (0DF73D61-A23F-47EA-B727-89E90C41499A): 1
LogDevObjectVersion:   FortniteMain (601D1886-AC64-4F84-AA16-D3DE0DEAC7D6): 12
LogDevObjectVersion:   Dev-Enterprise (9DFFBCD6-494F-0158-E221-12823C92A888): 1
LogStreaming: Display: Took  0.003s to delete old logs.
LogInit: Presizing for max 8388607 objects, including 0 objects not considered by GC, pre-allocating 0 bytes for permanent pool.
LogInit: Object subsystem initialized
[2018.11.27-18.05.30:058][  0]LogInit: Selected Device Profile: [Windows]
[2018.11.27-18.05.30:058][  0]LogInit: Applying CVar settings loaded from the selected device profile: [Windows]
[2018.11.27-18.05.30:074][  0]LogHAL: Display: Platform has ~ 16 GB [17071263744 / 17179869184 / 16], which maps to Larger [LargestMinGB=32, LargerMinGB=12, DefaultMinGB=8, SmallerMinGB=6, SmallestMinGB=0)
[2018.11.27-18.05.30:074][  0]LogInit: Setting Device Profile CVar: [[r.Vulkan.UseRealUBs:1]]
[2018.11.27-18.05.30:074][  0]LogInit: Going up to parent DeviceProfile []
[2018.11.27-18.05.30:075][  0]LogInit: Computer: DESKTOP-JAN50R2
[2018.11.27-18.05.30:075][  0]LogInit: User: blued
[2018.11.27-18.05.30:075][  0]LogInit: CPU Page size=4096, Cores=4
[2018.11.27-18.05.30:075][  0]LogInit: High frequency timer resolution =3.429416 MHz
[2018.11.27-18.05.30:076][  0]LogMemory: Memory total: Physical=15.9GB (16GB approx)
[2018.11.27-18.05.30:076][  0]LogMemory: Platform Memory Stats for Windows
[2018.11.27-18.05.30:076][  0]LogMemory: Process Physical Memory: 101.78 MB used, 101.78 MB peak
[2018.11.27-18.05.30:076][  0]LogMemory: Process Virtual Memory: 89.55 MB used, 89.55 MB peak
[2018.11.27-18.05.30:076][  0]LogMemory: Physical Memory: 7057.71 MB used,  9222.71 MB free, 16280.43 MB total
[2018.11.27-18.05.30:076][  0]LogMemory: Virtual Memory: 4643.37 MB used,  9222.71 MB free, 134217728.00 MB total
[2018.11.27-18.05.30:251][  0]LogInit: Using OS detected language (en-US).
[2018.11.27-18.05.30:252][  0]LogInit: Using OS detected locale (en-GB).
[2018.11.27-18.05.30:252][  0]LogTextLocalizationManager: No specific localization for 'en-US' exists, so the 'en' localization will be used.
[2018.11.27-18.05.30:792][  0]LogStreaming: Display: Took  0.541s to InitEngineTextLocalization.
[2018.11.27-18.05.30:792][  0]LogInit: Setting process to per monitor DPI aware
[2018.11.27-18.05.30:935][  0]LogSlate: New Slate User Created.  User Index 0, Is Virtual User: 0
[2018.11.27-18.05.30:936][  0]LogSlate: Slate User Registered.  User Index 0, Is Virtual User: 0
[2018.11.27-18.05.31:983][  0]LogHMD: Failed to initialize OpenVR with code 110
[2018.11.27-18.05.31:983][  0]LogD3D11RHI: D3D11 adapters:
[2018.11.27-18.05.32:069][  0]LogD3D11RHI:    0. 'AMD Radeon (TM) R9 380 Series' (Feature Level 11_0)
[2018.11.27-18.05.32:069][  0]LogD3D11RHI:       4071/0/8140 MB DedicatedVideo/DedicatedSystem/SharedSystem, Outputs:2, VendorId:0x1002
[2018.11.27-18.05.32:077][  0]LogD3D11RHI:    1. 'Microsoft Basic Render Driver' (Feature Level 11_0)
[2018.11.27-18.05.32:077][  0]LogD3D11RHI:       0/0/8140 MB DedicatedVideo/DedicatedSystem/SharedSystem, Outputs:0, VendorId:0x1414
[2018.11.27-18.05.32:077][  0]LogD3D11RHI: Chosen D3D11 Adapter: 0
[2018.11.27-18.05.32:089][  0]LogD3D11RHI: Creating new Direct3DDevice
[2018.11.27-18.05.32:089][  0]LogD3D11RHI:     GPU DeviceId: 0x6938 (for the marketing name, search the web for "GPU Device Id")
[2018.11.27-18.05.32:089][  0]LogWindows: EnumDisplayDevices:
[2018.11.27-18.05.32:089][  0]LogWindows:    0. 'AMD Radeon (TM) R9 380 Series' (P:1 D:1)
[2018.11.27-18.05.32:090][  0]LogWindows:    1. 'AMD Radeon (TM) R9 380 Series' (P:0 D:1)
[2018.11.27-18.05.32:091][  0]LogWindows:    2. 'AMD Radeon (TM) R9 380 Series' (P:0 D:0)
[2018.11.27-18.05.32:091][  0]LogWindows:    3. 'AMD Radeon (TM) R9 380 Series' (P:0 D:0)
[2018.11.27-18.05.32:092][  0]LogWindows:    4. 'AMD Radeon (TM) R9 380 Series' (P:0 D:0)
[2018.11.27-18.05.32:092][  0]LogWindows:    5. 'AMD Radeon (TM) R9 380 Series' (P:0 D:0)
[2018.11.27-18.05.32:093][  0]LogWindows:    6. 'AMD Radeon (TM) R9 380 Series' (P:0 D:0)
[2018.11.27-18.05.32:093][  0]LogWindows:    7. 'AMD Radeon (TM) R9 380 Series' (P:0 D:0)
[2018.11.27-18.05.32:094][  0]LogWindows:    8. 'AMD Radeon (TM) R9 380 Series' (P:0 D:0)
[2018.11.27-18.05.32:094][  0]LogWindows:    9. 'AMD Radeon (TM) R9 380 Series' (P:0 D:0)
[2018.11.27-18.05.32:095][  0]LogWindows:    10. 'AMD Radeon (TM) R9 380 Series' (P:0 D:0)
[2018.11.27-18.05.32:095][  0]LogWindows:    11. 'AMD Radeon (TM) R9 380 Series' (P:0 D:0)
[2018.11.27-18.05.32:096][  0]LogWindows:    12. 'AMD Radeon (TM) R9 380 Series' (P:0 D:0)
[2018.11.27-18.05.32:097][  0]LogWindows:    13. 'AMD Radeon (TM) R9 380 Series' (P:0 D:0)
[2018.11.27-18.05.32:097][  0]LogWindows:    14. 'AMD Radeon (TM) R9 380 Series' (P:0 D:0)
[2018.11.27-18.05.32:098][  0]LogWindows:    15. 'AMD Radeon (TM) R9 380 Series' (P:0 D:0)
[2018.11.27-18.05.32:098][  0]LogWindows: DebugString: FoundDriverCount:16 
[2018.11.27-18.05.32:098][  0]LogD3D11RHI:     Adapter Name: AMD Radeon (TM) R9 380 Series
[2018.11.27-18.05.32:098][  0]LogD3D11RHI:   Driver Version: Adrenalin 18.10.2 (internal:25.20.14007.1000, unified:25.20.14007.1000)
[2018.11.27-18.05.32:098][  0]LogD3D11RHI:      Driver Date: 10-19-2018
[2018.11.27-18.05.32:099][  0]LogRHI: Texture pool is 2850 MB (70% of 4071 MB)
[2018.11.27-18.05.32:281][  0]LogD3D11RHI: Async texture creation enabled
[2018.11.27-18.05.32:294][  0]LogD3D11RHI: GPU Timing Frequency: 27.000000 (Debug: 2 1)
[2018.11.27-18.05.32:296][  0]LogShaderCompilers: Guid format shader working directory is 8 characters bigger than the processId version (D:/GitHub/TGP_PairProject/TGP_Project/Intermediate/Shaders/WorkingDirectory/15656/).
[2018.11.27-18.05.32:297][  0]LogShaderCompilers: Cleaned the shader compiler working directory 'C:/Users/blued/AppData/Local/Temp/UnrealShaderWorkingDir/809ECD4744308839CFA00B8A70F01C50/'.
[2018.11.27-18.05.32:679][  0]LogTemp: Display: Loaded TP AllDesktopTargetPlatform
[2018.11.27-18.05.32:704][  0]LogTemp: Display: Loaded TP MacClientTargetPlatform
[2018.11.27-18.05.32:729][  0]LogTemp: Display: Loaded TP MacNoEditorTargetPlatform
[2018.11.27-18.05.32:754][  0]LogTemp: Display: Loaded TP MacServerTargetPlatform
[2018.11.27-18.05.32:781][  0]LogTemp: Display: Loaded TP MacTargetPlatform
[2018.11.27-18.05.32:807][  0]LogTemp: Display: Loaded TP WindowsClientTargetPlatform
[2018.11.27-18.05.32:833][  0]LogTemp: Display: Loaded TP WindowsNoEditorTargetPlatform
[2018.11.27-18.05.32:859][  0]LogTemp: Display: Loaded TP WindowsServerTargetPlatform
[2018.11.27-18.05.32:871][  0]LogTemp: Display: Loaded TP WindowsTargetPlatform
[2018.11.27-18.05.33:023][  0]LogTemp: Display: Loaded TP AndroidTargetPlatform
[2018.11.27-18.05.33:024][  0]LogTemp: Display: Loaded TP AndroidTargetPlatform
[2018.11.27-18.05.33:024][  0]LogTemp: Display: Loaded TP AndroidTargetPlatform
[2018.11.27-18.05.33:024][  0]LogTemp: Display: Loaded TP AndroidTargetPlatform
[2018.11.27-18.05.33:024][  0]LogTemp: Display: Loaded TP AndroidTargetPlatform
[2018.11.27-18.05.33:024][  0]LogTemp: Display: Loaded TP AndroidTargetPlatform
[2018.11.27-18.05.33:024][  0]LogTemp: Display: Loaded TP AndroidTargetPlatform
[2018.11.27-18.05.33:024][  0]LogTemp: Display: Loaded TP AndroidTargetPlatform
[2018.11.27-18.05.33:024][  0]LogTemp: Display: Loaded TP AndroidTargetPlatform
[2018.11.27-18.05.33:025][  0]LogTemp: Display: Loaded TP AndroidTargetPlatform
[2018.11.27-18.05.33:025][  0]LogTemp: Display: Loaded TP AndroidTargetPlatform
[2018.11.27-18.05.33:025][  0]LogTemp: Display: Loaded TP AndroidTargetPlatform
[2018.11.27-18.05.33:025][  0]LogTemp: Display: Loaded TP AndroidTargetPlatform
[2018.11.27-18.05.33:025][  0]LogTemp: Display: Loaded TP AndroidTargetPlatform
[2018.11.27-18.05.33:025][  0]LogTemp: Display: Loaded TP AndroidTargetPlatform
[2018.11.27-18.05.33:025][  0]LogTemp: Display: Loaded TP AndroidTargetPlatform
[2018.11.27-18.05.33:025][  0]LogTemp: Display: Loaded TP AndroidTargetPlatform
[2018.11.27-18.05.33:025][  0]LogTemp: Display: Loaded TP AndroidTargetPlatform
[2018.11.27-18.05.33:032][  0]LogTemp: Display: Loaded TP HTML5TargetPlatform
[2018.11.27-18.05.33:131][  0]LogTemp: Display: Loaded TP IOSTargetPlatform
[2018.11.27-18.05.33:131][  0]LogTemp: Display: Loaded TP IOSTargetPlatform
[2018.11.27-18.05.33:179][  0]LogTemp: Display: Loaded TP TVOSTargetPlatform
[2018.11.27-18.05.33:179][  0]LogTemp: Display: Loaded TP TVOSTargetPlatform
[2018.11.27-18.05.33:207][  0]LogTemp: Display: Loaded TP LinuxClientTargetPlatform
[2018.11.27-18.05.33:234][  0]LogTemp: Display: Loaded TP LinuxNoEditorTargetPlatform
[2018.11.27-18.05.33:261][  0]LogTemp: Display: Loaded TP LinuxServerTargetPlatform
[2018.11.27-18.05.33:287][  0]LogTemp: Display: Loaded TP LinuxTargetPlatform
[2018.11.27-18.05.33:308][  0]LogTemp: Display: Loaded TP LuminTargetPlatform
[2018.11.27-18.05.33:308][  0]LogTargetPlatformManager: Display: Building Assets For Windows
[2018.11.27-18.05.33:475][  0]LogXGEController: Cleaning working directory: C:/Users/blued/AppData/Local/Temp/UnrealXGEWorkingDir/
[2018.11.27-18.05.33:475][  0]LogXGEController: Cannot use XGE Controller as Incredibuild is not installed on this machine.
[2018.11.27-18.05.33:476][  0]LogShaderCompilers: Cannot use XGE Shader Compiler as Incredibuild is not installed on this machine.
[2018.11.27-18.05.33:476][  0]LogShaderCompilers: Display: Using Local Shader Compiler.
[2018.11.27-18.05.34:882][  0]LogDerivedDataCache: Display: Max Cache Size: 512 MB
[2018.11.27-18.05.34:969][  0]LogDerivedDataCache: Loaded boot cache 0.09s 71MB C:/Users/blued/AppData/Local/UnrealEngine/4.20/DerivedDataCache/Boot.ddc.
[2018.11.27-18.05.34:970][  0]LogDerivedDataCache: Display: Loaded Boot cache: C:/Users/blued/AppData/Local/UnrealEngine/4.20/DerivedDataCache/Boot.ddc
[2018.11.27-18.05.34:970][  0]LogDerivedDataCache: FDerivedDataBackendGraph:  Pak pak cache file D:/GitHub/TGP_PairProject/TGP_Project/DerivedDataCache/DDC.ddp not found, will not use a pak cache.
[2018.11.27-18.05.34:970][  0]LogDerivedDataCache: Unable to find inner node Pak for hierarchical cache Hierarchy.
[2018.11.27-18.05.34:971][  0]LogDerivedDataCache: FDerivedDataBackendGraph:  CompressedPak pak cache file D:/GitHub/TGP_PairProject/TGP_Project/DerivedDataCache/Compressed.ddp not found, will not use a pak cache.
[2018.11.27-18.05.34:971][  0]LogDerivedDataCache: Unable to find inner node CompressedPak for hierarchical cache Hierarchy.
[2018.11.27-18.05.34:987][  0]LogDerivedDataCache: Display: Pak cache opened for reading ../../../Engine/DerivedDataCache/Compressed.ddp.
[2018.11.27-18.05.35:002][  0]LogDerivedDataCache: Using Local data cache path C:/Users/blued/AppData/Local/UnrealEngine/Common/DerivedDataCache: Writable
[2018.11.27-18.05.35:002][  0]LogDerivedDataCache: Shared data cache path not found in *engine.ini, will not use an Shared cache.
[2018.11.27-18.05.35:002][  0]LogDerivedDataCache: Unable to find inner node Shared for hierarchical cache Hierarchy.
[2018.11.27-18.05.35:032][  0]LogMaterial: Verifying Global Shaders for PCD3D_SM5
[2018.11.27-18.05.35:033][  0]LogSlate: Using FreeType 2.6.0
[2018.11.27-18.05.35:037][  0]LogSlate: SlateFontServices - WITH_FREETYPE: 1, WITH_HARFBUZZ: 1
[2018.11.27-18.05.35:252][  0]LogAssetRegistry: FAssetRegistry took 0.0324 seconds to start up
[2018.11.27-18.05.35:854][  0]LogInit: Selected Device Profile: [Windows]
[2018.11.27-18.05.36:098][  0]LogSimplygon: Simplygon DLL not present - disabling.
[2018.11.27-18.05.36:116][  0]LogMeshReduction: Using SimplygonSwarm for distributed automatic mesh merging
[2018.11.27-18.05.36:116][  0]LogMeshReduction: Using ProxyLODMeshReduction for automatic mesh merging
[2018.11.27-18.05.36:116][  0]LogMeshReduction: Using QuadricMeshReduction for automatic static mesh reduction
[2018.11.27-18.05.36:116][  0]LogMeshReduction: No automatic skeletal mesh reduction module available
[2018.11.27-18.05.36:182][  0]LogNetVersion: TGP_Project 1.0.0, NetCL: 4212847, EngineNetVer: 5, GameNetVer: 0 (Checksum: 95638710)
[2018.11.27-18.05.36:897][  0]LogPackageLocalizationCache: Processed 11 localized package path(s) for 2 prioritized culture(s) in 0.101889 seconds
[2018.11.27-18.05.36:907][  0]LogUObjectArray: 38425 objects as part of root set at end of initial load.
[2018.11.27-18.05.36:907][  0]LogUObjectAllocator: 6690864 out of 0 bytes used by permanent object pool.
[2018.11.27-18.05.36:907][  0]LogUObjectArray: CloseDisregardForGC: 0/0 objects in disregard for GC pool
[2018.11.27-18.05.39:417][  0]LogTcpMessaging: Initializing TcpMessaging bridge
[2018.11.27-18.05.39:436][  0]LogUdpMessaging: Initializing bridge on interface 0.0.0.0:0 to multicast group 230.0.0.1:6666.
[2018.11.27-18.05.39:716][  0]SourceControl: Source control is disabled
[2018.11.27-18.05.39:716][  0]SourceControl: Source control is disabled
[2018.11.27-18.05.39:721][  0]SourceControl: Source control is disabled
[2018.11.27-18.05.39:725][  0]SourceControl: Source control is disabled
[2018.11.27-18.05.40:040][  0]LogAndroidPermission: UAndroidPermissionCallbackProxy::GetInstance
[2018.11.27-18.05.40:193][  0]LogOcInput: OculusInput pre-init called
[2018.11.27-18.05.40:289][  0]LogEngine: Initializing Engine...
[2018.11.27-18.05.40:291][  0]LogHMD: Failed to initialize OpenVR with code 110
[2018.11.27-18.05.40:293][  0]LogStats: UGameplayTagsManager::ConstructGameplayTagTree: ImportINI prefixes -  0.000 s
[2018.11.27-18.05.40:293][  0]LogStats: UGameplayTagsManager::ConstructGameplayTagTree: Construct from data asset -  0.000 s
[2018.11.27-18.05.40:293][  0]LogStats: UGameplayTagsManager::ConstructGameplayTagTree: ImportINI -  0.000 s
[2018.11.27-18.05.40:294][  0]LogStats: UGameplayTagsManager::ConstructGameplayTagTree: GameplayTagTreeChangedEvent.Broadcast -  0.000 s
[2018.11.27-18.05.40:575][  0]LogInit: Initializing FReadOnlyCVARCache
[2018.11.27-18.05.40:597][  0]LogAIModule: Creating AISystem for world Untitled
[2018.11.27-18.05.40:631][  0]LogInit: XAudio2 using 'Headphones (4- Turtle Beach Recon 60P)' : 2 channels at 48 kHz using 16 bits per sample (channel mask 0x3)
[2018.11.27-18.05.40:659][  0]LogInit: FAudioDevice initialized.
[2018.11.27-18.05.40:659][  0]LogNetVersion: Set ProjectVersion to 1.0.0.0. Version Checksum will be recalculated on next use.
[2018.11.27-18.05.40:768][  0]LogDerivedDataCache: Saved boot cache 0.11s 71MB C:/Users/blued/AppData/Local/UnrealEngine/4.20/DerivedDataCache/Boot.ddc.
[2018.11.27-18.05.40:783][  0]LogInit: Texture streaming: Enabled
[2018.11.27-18.05.40:818][  0]LogEngineSessionManager: EngineSessionManager initialized
[2018.11.27-18.05.40:834][  0]LogInit: Transaction tracking system initialized
[2018.11.27-18.05.40:881][  0]BlueprintLog: New page: Editor Load
[2018.11.27-18.05.41:031][  0]LocalizationService: Localization service is disabled
[2018.11.27-18.05.41:458][  0]LogCook: Display: Max memory allowance for cook 16384mb min free memory 0mb
[2018.11.27-18.05.41:458][  0]LogCook: Display: Mobile HDR setting 1
[2018.11.27-18.05.41:459][  0]LogGameplayTags: Display: UGameplayTagsManager::DoneAddingNativeTags. DelegateIsBound: 0
[2018.11.27-18.05.41:459][  0]LogStats: UGameplayTagsManager::ConstructGameplayTagTree: ImportINI prefixes -  0.000 s
[2018.11.27-18.05.41:459][  0]LogStats: UGameplayTagsManager::ConstructGameplayTagTree: Construct from data asset -  0.000 s
[2018.11.27-18.05.41:459][  0]LogStats: UGameplayTagsManager::ConstructGameplayTagTree: ImportINI -  0.000 s
[2018.11.27-18.05.41:459][  0]LogStats: UGameplayTagsManager::ConstructGameplayTagTree: GameplayTagTreeChangedEvent.Broadcast -  0.000 s
[2018.11.27-18.05.41:720][  0]LogFileCache: Scanning file cache for directory 'D:/GitHub/TGP_PairProject/TGP_Project/Content/' took 0.02s
[2018.11.27-18.05.41:720][  0]SourceControl: Source control is disabled
[2018.11.27-18.05.41:720][  0]Cmd: MAP LOAD FILE="D:/GitHub/TGP_PairProject/TGP_Project/Content/BaseLevel.umap" TEMPLATE=0 SHOWPROGRESS=1 FEATURELEVEL=3
[2018.11.27-18.05.41:720][  0]LogEditorServer: Warning: Can't find file 'D:/GitHub/TGP_PairProject/TGP_Project/Content/BaseLevel.umap'
[2018.11.27-18.05.41:721][  0]Cmd: MAP CHECKDEP NOCLEARLOG
[2018.11.27-18.05.41:915][  0]MapCheck: Map check complete: 0 Error(s), 0 Warning(s), took 194.144ms to complete.
[2018.11.27-18.05.41:916][  0]LogFileHelpers: Loading map 'BaseLevel' took 0.196
[2018.11.27-18.05.42:194][  0]LogSlate: Updating window title bar state: overlay mode, drag disabled, window buttons hidden, title bar hidden
[2018.11.27-18.05.42:206][  0]LogSlate: Updating window title bar state: overlay mode, drag disabled, window buttons hidden, title bar hidden
[2018.11.27-18.05.42:218][  0]LogSlate: Updating window title bar state: overlay mode, drag disabled, window buttons hidden, title bar hidden
[2018.11.27-18.05.42:229][  0]LogSlate: Updating window title bar state: overlay mode, drag disabled, window buttons hidden, title bar hidden
[2018.11.27-18.05.42:240][  0]LogCollectionManager: Loaded 0 collections in 0.001263 seconds
[2018.11.27-18.05.42:336][  0]LogFileCache: Scanning file cache for directory 'D:/GitHub/TGP_PairProject/TGP_Project/Saved/Collections/' took 0.01s
[2018.11.27-18.05.42:337][  0]LogFileCache: Scanning file cache for directory 'D:/GitHub/TGP_PairProject/TGP_Project/Content/Developers/blued/Collections/' took 0.01s
[2018.11.27-18.05.42:337][  0]LogFileCache: Scanning file cache for directory 'D:/GitHub/TGP_PairProject/TGP_Project/Content/Collections/' took 0.01s
[2018.11.27-18.05.42:337][  0]LogCollectionManager: Rebuilt the GUID cache for 0 collections in 0.000000 seconds
[2018.11.27-18.05.42:357][  0]LogContentBrowser: Native class hierarchy populated in 0.0196 seconds. Added 2580 classes and 606 folders.
[2018.11.27-18.05.42:368][  0]LogContentBrowser: Native class hierarchy updated for 'WidgetCarousel' in 0.0005 seconds. Added 0 classes and 0 folders.
[2018.11.27-18.05.42:486][  0]LogContentBrowser: Native class hierarchy updated for 'AddContentDialog' in 0.0004 seconds. Added 0 classes and 0 folders.
[2018.11.27-18.05.42:497][  0]LogContentBrowser: Native class hierarchy updated for 'SceneOutliner' in 0.0004 seconds. Added 1 classes and 2 folders.
[2018.11.27-18.05.42:577][  0]LogSlate: Took 0.001060 seconds to synchronously load lazily loaded font '../../../Engine/Content/Slate/Fonts/Roboto-Regular.ttf' (155K)
[2018.11.27-18.05.42:581][  0]LogSlate: Took 0.000950 seconds to synchronously load lazily loaded font '../../../Engine/Content/Slate/Fonts/Roboto-Bold.ttf' (160K)
[2018.11.27-18.05.42:591][  0]LogSlate: Took 0.000871 seconds to synchronously load lazily loaded font '../../../Engine/Content/Editor/Slate/Fonts/FontAwesome.ttf' (139K)
[2018.11.27-18.05.42:713][  0]LogRenderer: Reallocating scene render targets to support 1208x552 Format 10 NumSamples 1 (Frame:1).
[2018.11.27-18.05.42:907][  0]LogContentBrowser: Native class hierarchy updated for 'HierarchicalLODOutliner' in 0.0004 seconds. Added 0 classes and 0 folders.
[2018.11.27-18.05.42:907][  0]LogLoad: (Engine Initialization) Total time: 15.32 seconds
[2018.11.27-18.05.42:908][  0]LogLoad: (Engine Initialization) Total Blueprint compile time: 0.00 seconds
[2018.11.27-18.05.42:998][  0]LogContentStreaming: Texture pool size now 1000 MB
[2018.11.27-18.05.43:078][  1]LogAssetRegistry: Asset discovery search completed in 7.8517 seconds
[2018.11.27-18.05.43:082][  1]LogCollectionManager: Rebuilt the object cache for 0 collections in 0.000001 seconds (found 0 objects)
[2018.11.27-18.05.43:082][  1]LogCollectionManager: Fixed up redirectors for 0 collections in 0.000234 seconds (updated 0 objects)
[2018.11.27-18.05.46:153][359]LogSlate: FSceneViewport::OnFocusLost() reason 0
[2018.11.27-18.05.47:050][466]LogSlate: Took 0.000827 seconds to synchronously load lazily loaded font '../../../Engine/Content/Slate/Fonts/Roboto-Light.ttf' (167K)
[2018.11.27-18.05.58:950][834]LogSlate: Took 0.000475 seconds to synchronously load lazily loaded font '../../../Engine/Content/Slate/Fonts/Roboto-Light.ttf' (167K)
[2018.11.27-18.06.16:935][895]LogAIModule: Creating AISystem for world BaseLevel
[2018.11.27-18.06.16:947][895]LogAssetEditorManager: Opening Asset editor for World /Game/Levels/BaseLevel.BaseLevel
[2018.11.27-18.06.24:392][895]LogSlate: Window 'Save Content' being destroyed
[2018.11.27-18.06.27:749][273]LogSlate: Prevented a slow task dialog from being summoned while a context menu was open
[2018.11.27-18.06.29:058][423]LogUObjectGlobals: Warning: Failed to find object 'Class None.None'
[2018.11.27-18.06.31:647][718]LogAssetEditorManager: Opening Asset editor for World /Game/Levels/BaseLevel.BaseLevel
[2018.11.27-18.06.33:267][718]LogSlate: Window 'Save Content' being destroyed
[2018.11.27-18.06.33:273][718]Cmd: MAP LOAD FILE="D:/GitHub/TGP_PairProject/TGP_Project/Content/Levels/BaseLevel.umap" TEMPLATE=0 SHOWPROGRESS=1 FEATURELEVEL=3
[2018.11.27-18.06.33:275][718]LightingResults: New page: Lighting Build
[2018.11.27-18.06.33:278][718]LogContentBrowser: Native class hierarchy updated for 'StatsViewer' in 0.0005 seconds. Added 5 classes and 0 folders.
[2018.11.27-18.06.33:279][718]LoadErrors: New page: Loading map: BaseLevel.umap
[2018.11.27-18.06.33:279][718]MapCheck: New page: Map Check
[2018.11.27-18.06.33:280][718]LightingResults: New page: Lighting Build
[2018.11.27-18.06.33:492][718]LogEditorServer: Finished looking for orphan Actors (0.000 secs)
[2018.11.27-18.06.33:663][718]Cmd: MAP CHECKDEP NOCLEARLOG
[2018.11.27-18.06.33:813][718]MapCheck: Map check complete: 0 Error(s), 0 Warning(s), took 150.48ms to complete.
[2018.11.27-18.06.33:815][718]LogFileHelpers: Loading map 'BaseLevel' took 0.544
[2018.11.27-18.06.57:076][368]LogEditorViewport: Clicking on Actor (LMB): BP_Civilian_C (BP_Civilian)
[2018.11.27-18.06.59:644][637]LogSlate: FSceneViewport::OnFocusLost() reason 0
[2018.11.27-18.07.00:761][755]LogSlate: Took 0.001023 seconds to synchronously load lazily loaded font '../../../Engine/Content/Slate/Fonts/Roboto-Italic.ttf' (157K)
[2018.11.27-18.07.13:072][166]LogTemp: Repeating last play command: Simulate
[2018.11.27-18.07.13:094][166]LogPlayLevel: PlayLevel: No blueprints needed recompiling
[2018.11.27-18.07.13:112][166]PIE: New page: SIE session: BaseLevel (27 Nov 2018 18:07:13)
[2018.11.27-18.07.13:112][166]LogPlayLevel: Creating play world package: /Game/Levels/UEDPIE_0_BaseLevel
[2018.11.27-18.07.13:118][166]LogPlayLevel: PIE: StaticDuplicateObject took: (0.006003s)
[2018.11.27-18.07.13:120][166]LogAIModule: Creating AISystem for world BaseLevel
[2018.11.27-18.07.13:120][166]LogPlayLevel: PIE: World Init took: (0.001330s)
[2018.11.27-18.07.13:120][166]LogPlayLevel: PIE: Created PIE world by copying editor world from /Game/Levels/BaseLevel.BaseLevel to /Game/Levels/UEDPIE_0_BaseLevel.BaseLevel (0.008101s)
[2018.11.27-18.07.13:218][166]LogInit: XAudio2 using 'Headphones (4- Turtle Beach Recon 60P)' : 2 channels at 48 kHz using 16 bits per sample (channel mask 0x3)
[2018.11.27-18.07.13:235][166]LogInit: FAudioDevice initialized.
[2018.11.27-18.07.13:324][166]LogLoad: Game class is 'GameModeTemp_C'
[2018.11.27-18.07.13:327][166]LogWorld: Bringing World /Game/Levels/UEDPIE_0_BaseLevel.BaseLevel up for play (max tick rate 0) at 2018.11.27-18.07.13
[2018.11.27-18.07.13:328][166]LogWorld: Bringing up level for play took: 0.002384
[2018.11.27-18.07.13:348][166]LogContentBrowser: Native class hierarchy updated for 'MovieSceneCapture' in 0.0005 seconds. Added 10 classes and 0 folders.
[2018.11.27-18.07.13:348][166]LogGameMode: Display: Match State Changed from EnteringMap to WaitingToStart
[2018.11.27-18.07.13:349][166]LogGameState: Match State Changed from EnteringMap to WaitingToStart
[2018.11.27-18.07.13:349][166]PIE: Play in editor start time for /Game/Levels/UEDPIE_0_BaseLevel 0.298
[2018.11.27-18.07.46:448][890]LogSlate: FSceneViewport::OnFocusLost() reason 0
[2018.11.27-18.07.54:095][683]LogSlate: Updating window title bar state: overlay mode, drag disabled, window buttons hidden, title bar hidden
[2018.11.27-18.07.54:140][683]LogPlayLevel: Display: Shutting down PIE online subsystems
[2018.11.27-18.07.54:229][683]LogSlate: Updating window title bar state: overlay mode, drag disabled, window buttons hidden, title bar hidden
[2018.11.27-18.07.54:260][684]LogPlayLevel: Display: Destroying online subsystem :Context_1
[2018.11.27-18.08.00:284][348]LogTemp: Repeating last play command: Simulate
[2018.11.27-18.08.00:306][348]LogPlayLevel: PlayLevel: No blueprints needed recompiling
[2018.11.27-18.08.00:307][348]PIE: New page: SIE session: BaseLevel (27 Nov 2018 18:08:00)
[2018.11.27-18.08.00:307][348]LogPlayLevel: Creating play world package: /Game/Levels/UEDPIE_0_BaseLevel
[2018.11.27-18.08.00:312][348]LogPlayLevel: PIE: StaticDuplicateObject took: (0.004722s)
[2018.11.27-18.08.00:312][348]LogAIModule: Creating AISystem for world BaseLevel
[2018.11.27-18.08.00:313][348]LogPlayLevel: PIE: World Init took: (0.001002s)
[2018.11.27-18.08.00:313][348]LogPlayLevel: PIE: Created PIE world by copying editor world from /Game/Levels/BaseLevel.BaseLevel to /Game/Levels/UEDPIE_0_BaseLevel.BaseLevel (0.006227s)
[2018.11.27-18.08.00:467][348]LogInit: XAudio2 using 'Headphones (4- Turtle Beach Recon 60P)' : 2 channels at 48 kHz using 16 bits per sample (channel mask 0x3)
[2018.11.27-18.08.00:484][348]LogInit: FAudioDevice initialized.
[2018.11.27-18.08.00:525][348]LogLoad: Game class is 'GameModeTemp_C'
[2018.11.27-18.08.00:527][348]LogWorld: Bringing World /Game/Levels/UEDPIE_0_BaseLevel.BaseLevel up for play (max tick rate 0) at 2018.11.27-18.08.00
[2018.11.27-18.08.00:528][348]LogWorld: Bringing up level for play took: 0.001596
[2018.11.27-18.08.00:542][348]LogGameMode: Display: Match State Changed from EnteringMap to WaitingToStart
[2018.11.27-18.08.00:549][348]LogGameState: Match State Changed from EnteringMap to WaitingToStart
[2018.11.27-18.08.00:552][348]PIE: Play in editor start time for /Game/Levels/UEDPIE_0_BaseLevel -0.5
[2018.11.27-18.08.25:737][957]LogSlate: Updating window title bar state: overlay mode, drag disabled, window buttons hidden, title bar hidden
[2018.11.27-18.08.25:776][957]LogPlayLevel: Display: Shutting down PIE online subsystems
[2018.11.27-18.08.25:913][957]LogSlate: Updating window title bar state: overlay mode, drag disabled, window buttons hidden, title bar hidden
[2018.11.27-18.08.25:932][958]LogPlayLevel: Display: Destroying online subsystem :Context_2
