Log file open, 12/21/18 18:06:05
LogWindows: Failed to load 'aqProf.dll' (GetLastError=126)
LogWindows: File 'aqProf.dll' does not exist
LogWindows: Failed to load 'VSPerf140.dll' (GetLastError=126)
LogWindows: File 'VSPerf140.dll' does not exist
LogWindows: Failed to load 'VtuneApi.dll' (GetLastError=126)
LogWindows: File 'VtuneApi.dll' does not exist
LogWindows: Failed to load 'VtuneApi32e.dll' (GetLastError=126)
LogWindows: File 'VtuneApi32e.dll' does not exist
LogInit: Display: Running engine for game: TGP_Project
LogPlatformFile: Not using cached read wrapper
LogTaskGraph: Started task graph with 5 named threads and 23 total threads with 3 sets of task threads.
LogStats: Stats thread started at 0.416826
LogD3D11RHI: Loaded GFSDK_Aftermath_Lib.x64.dll
LogICUInternationalization: Display: ICU TimeZone Detection - Raw Offset: +0:00, Platform Override: ''
LogPluginManager: Mounting plugin Paper2D
LogPluginManager: Mounting plugin AISupport
LogPluginManager: Mounting plugin LightPropagationVolume
LogPluginManager: Mounting plugin CLionSourceCodeAccess
LogPluginManager: Mounting plugin CodeLiteSourceCodeAccess
LogPluginManager: Mounting plugin GitSourceControl
LogPluginManager: Mounting plugin KDevelopSourceCodeAccess
LogPluginManager: Mounting plugin NullSourceCodeAccess
LogPluginManager: Mounting plugin PerforceSourceControl
LogPluginManager: Mounting plugin SubversionSourceControl
LogPluginManager: Mounting plugin UObjectPlugin
LogPluginManager: Mounting plugin VisualStudioCodeSourceCodeAccess
LogPluginManager: Mounting plugin VisualStudioSourceCodeAccess
LogPluginManager: Mounting plugin XCodeSourceCodeAccess
LogPluginManager: Mounting plugin AssetManagerEditor
LogPluginManager: Mounting plugin CryptoKeys
LogPluginManager: Mounting plugin DataValidation
LogPluginManager: Mounting plugin FacialAnimation
LogPluginManager: Mounting plugin GameplayTagsEditor
LogPluginManager: Mounting plugin MacGraphicsSwitching
LogPluginManager: Mounting plugin MeshEditor
LogPluginManager: Mounting plugin MobileLauncherProfileWizard
LogPluginManager: Mounting plugin PluginBrowser
LogPluginManager: Mounting plugin SpeedTreeImporter
LogPluginManager: Mounting plugin DatasmithContent
LogPluginManager: Mounting plugin AlembicImporter
LogPluginManager: Mounting plugin AppleImageUtils
LogPluginManager: Mounting plugin AppleVision
LogPluginManager: Mounting plugin BackChannel
LogPluginManager: Mounting plugin CharacterAI
LogPluginManager: Mounting plugin GeometryCache
LogPluginManager: Mounting plugin HTML5Networking
LogPluginManager: Mounting plugin ProxyLODPlugin
LogPluginManager: Mounting plugin MagicLeap
LogPluginManager: Mounting plugin MagicLeapEmulator
LogPluginManager: Mounting plugin MagicLeapMedia
LogPluginManager: Mounting plugin AndroidMedia
LogPluginManager: Mounting plugin AvfMedia
LogPluginManager: Mounting plugin ImgMedia
LogPluginManager: Mounting plugin LinearTimecode
LogPluginManager: Mounting plugin MediaCompositing
LogPluginManager: Mounting plugin MediaPlayerEditor
LogPluginManager: Mounting plugin WmfMedia
LogPluginManager: Mounting plugin TcpMessaging
LogPluginManager: Mounting plugin UdpMessaging
LogPluginManager: Mounting plugin ActorSequence
LogPluginManager: Mounting plugin LevelSequenceEditor
LogPluginManager: Mounting plugin MatineeToLevelSequence
LogPluginManager: Mounting plugin NetcodeUnitTest
LogPluginManager: Mounting plugin NUTUnrealEngine4
LogPluginManager: Mounting plugin OnlineSubsystemGooglePlay
LogPluginManager: Mounting plugin OnlineSubsystemIOS
LogPluginManager: Mounting plugin OnlineSubsystem
LogPluginManager: Mounting plugin OnlineSubsystemNull
LogPluginManager: Mounting plugin OnlineSubsystemUtils
LogPluginManager: Mounting plugin LauncherChunkInstaller
LogPluginManager: Mounting plugin AndroidDeviceProfileSelector
LogPluginManager: Mounting plugin AndroidMoviePlayer
LogPluginManager: Mounting plugin AndroidPermission
LogPluginManager: Mounting plugin AppleMoviePlayer
LogPluginManager: Mounting plugin ArchVisCharacter
LogPluginManager: Mounting plugin AudioCapture
LogPluginManager: Mounting plugin CableComponent
LogPluginManager: Mounting plugin CustomMeshComponent
LogPluginManager: Mounting plugin EditableMesh
LogPluginManager: Mounting plugin ExampleDeviceProfileSelector
LogPluginManager: Mounting plugin GoogleCloudMessaging
LogPluginManager: Mounting plugin ImmediatePhysics
LogPluginManager: Mounting plugin IOSDeviceProfileSelector
LogPluginManager: Mounting plugin LinuxDeviceProfileSelector
LogPluginManager: Mounting plugin LocationServicesBPLibrary
LogPluginManager: Mounting plugin MobilePatchingUtils
LogPluginManager: Mounting plugin OculusVR
LogPluginManager: Plugin shader directory ../../../Engine/Plugins/Runtime/Oculus/OculusVR/Shaders found
LogPluginManager: Mapping shader source directory ../../../Engine/Plugins/Runtime/Oculus/OculusVR/Shaders to virtual directory /Plugin/OculusVR
LogPluginManager: Mounting plugin PhysXVehicles
LogPluginManager: Mounting plugin ProceduralMeshComponent
LogPluginManager: Mounting plugin RuntimePhysXCooking
LogPluginManager: Mounting plugin SteamVR
LogPluginManager: Mounting plugin WindowsMoviePlayer
LogStreaming: Display: Took  0.151s to configure plugins.
LogInit: Using libcurl 7.55.1-DEV
LogInit:  - built for x86_64-pc-win32
LogInit:  - supports SSL with OpenSSL/1.0.2h
LogInit:  - supports HTTP deflate (compression) using libz 1.2.8
LogInit:  - other features:
LogInit:      CURL_VERSION_SSL
LogInit:      CURL_VERSION_LIBZ
LogInit:      CURL_VERSION_IPV6
LogInit:      CURL_VERSION_ASYNCHDNS
LogInit:      CURL_VERSION_LARGEFILE
LogInit:      CURL_VERSION_IDN
LogInit:  CurlRequestOptions (configurable via config and command line):
LogInit:  - bVerifyPeer = false  - Libcurl will NOT verify peer certificate
LogInit:  - bUseHttpProxy = false  - Libcurl will NOT use HTTP proxy
LogInit:  - bDontReuseConnections = false  - Libcurl will reuse connections
LogInit:  - CertBundlePath = nullptr  - Libcurl will use whatever was configured at build time.
LogInit:  - MaxHostConnections = 16  - Libcurl will limit the number of connections to a host
LogInit:  - LocalHostAddr = Default
LogInit:  - BufferSize = 65536
LogInit: WinSock: version 1.1 (2.2), MaxSocks=32767, MaxUdp=65467
LogInit: Build: ++UE4+Release-4.20-CL-4369336
LogInit: Engine Version: 4.20.3-4369336+++UE4+Release-4.20
LogInit: Compatible Engine Version: 4.20.0-4212847+++UE4+Release-4.20
LogInit: Net CL: 4212847
LogInit: OS: Windows 10 (), CPU: AMD FX(tm)-8320 Eight-Core Processor           , GPU: AMD Radeon (TM) R9 380 Series
LogInit: Compiled (64-bit): Sep 17 2018 12:26:19
LogInit: Compiled with Visual C++: 19.13.26129.00
LogInit: Build Configuration: Development
LogInit: Branch Name: ++UE4+Release-4.20
LogInit: Command Line:  -skipcompile
LogInit: Base Directory: C:/Users/blued/Documents/UE_4.20/Engine/Binaries/Win64/
LogInit: Installed Engine Build: 1
LogDevObjectVersion: Number of dev versions registered: 20
LogDevObjectVersion:   Dev-Blueprints (B0D832E4-1F89-4F0D-ACCF-7EB736FD4AA2): 10
LogDevObjectVersion:   Dev-Build (E1C64328-A22C-4D53-A36C-8E866417BD8C): 0
LogDevObjectVersion:   Dev-Core (375EC13C-06E4-48FB-B500-84F0262A717E): 2
LogDevObjectVersion:   Dev-Editor (E4B068ED-F494-42E9-A231-DA0B2E46BB41): 24
LogDevObjectVersion:   Dev-Framework (CFFC743F-43B0-4480-9391-14DF171D2073): 34
LogDevObjectVersion:   Dev-Mobile (B02B49B5-BB20-44E9-A304-32B752E40360): 2
LogDevObjectVersion:   Dev-Networking (A4E4105C-59A1-49B5-A7C5-40C4547EDFEE): 0
LogDevObjectVersion:   Dev-Online (39C831C9-5AE6-47DC-9A44-9C173E1C8E7C): 0
LogDevObjectVersion:   Dev-Physics (78F01B33-EBEA-4F98-B9B4-84EACCB95AA2): 0
LogDevObjectVersion:   Dev-Platform (6631380F-2D4D-43E0-8009-CF276956A95A): 0
LogDevObjectVersion:   Dev-Rendering (12F88B9F-8875-4AFC-A67C-D90C383ABD29): 26
LogDevObjectVersion:   Dev-Sequencer (7B5AE74C-D270-4C10-A958-57980B212A5A): 9
LogDevObjectVersion:   Dev-VR (D7296918-1DD6-4BDD-9DE2-64A83CC13884): 2
LogDevObjectVersion:   Dev-LoadTimes (C2A15278-BFE7-4AFE-6C17-90FF531DF755): 1
LogDevObjectVersion:   Private-Geometry (6EACA3D4-40EC-4CC1-B786-8BED09428FC5): 3
LogDevObjectVersion:   Dev-AnimPhys (29E575DD-E0A3-4627-9D10-D276232CDCEA): 17
LogDevObjectVersion:   Dev-ReflectionCapture (6B266CEC-1EC7-4B8F-A30B-E4D90942FC07): 1
LogDevObjectVersion:   Dev-Automation (0DF73D61-A23F-47EA-B727-89E90C41499A): 1
LogDevObjectVersion:   FortniteMain (601D1886-AC64-4F84-AA16-D3DE0DEAC7D6): 12
LogDevObjectVersion:   Dev-Enterprise (9DFFBCD6-494F-0158-E221-12823C92A888): 1
LogStreaming: Display: Took  0.002s to delete old logs.
LogInit: Presizing for max 8388607 objects, including 0 objects not considered by GC, pre-allocating 0 bytes for permanent pool.
LogInit: Object subsystem initialized
[2018.12.21-18.06.05:616][  0]LogInit: Selected Device Profile: [Windows]
[2018.12.21-18.06.05:616][  0]LogInit: Applying CVar settings loaded from the selected device profile: [Windows]
[2018.12.21-18.06.05:631][  0]LogHAL: Display: Platform has ~ 16 GB [17071263744 / 17179869184 / 16], which maps to Larger [LargestMinGB=32, LargerMinGB=12, DefaultMinGB=8, SmallerMinGB=6, SmallestMinGB=0)
[2018.12.21-18.06.05:631][  0]LogInit: Setting Device Profile CVar: [[r.Vulkan.UseRealUBs:1]]
[2018.12.21-18.06.05:631][  0]LogInit: Going up to parent DeviceProfile []
[2018.12.21-18.06.05:633][  0]LogInit: Computer: DESKTOP-JAN50R2
[2018.12.21-18.06.05:633][  0]LogInit: User: blued
[2018.12.21-18.06.05:633][  0]LogInit: CPU Page size=4096, Cores=4
[2018.12.21-18.06.05:633][  0]LogInit: High frequency timer resolution =3.429420 MHz
[2018.12.21-18.06.05:633][  0]LogMemory: Memory total: Physical=15.9GB (16GB approx)
[2018.12.21-18.06.05:633][  0]LogMemory: Platform Memory Stats for Windows
[2018.12.21-18.06.05:633][  0]LogMemory: Process Physical Memory: 102.92 MB used, 102.92 MB peak
[2018.12.21-18.06.05:634][  0]LogMemory: Process Virtual Memory: 98.07 MB used, 98.07 MB peak
[2018.12.21-18.06.05:634][  0]LogMemory: Physical Memory: 6725.16 MB used,  9555.27 MB free, 16280.43 MB total
[2018.12.21-18.06.05:634][  0]LogMemory: Virtual Memory: 4652.30 MB used,  9555.27 MB free, 134217728.00 MB total
[2018.12.21-18.06.05:814][  0]LogInit: Using OS detected language (en-US).
[2018.12.21-18.06.05:815][  0]LogInit: Using OS detected locale (en-GB).
[2018.12.21-18.06.05:816][  0]LogTextLocalizationManager: No specific localization for 'en-US' exists, so the 'en' localization will be used.
[2018.12.21-18.06.06:338][  0]LogStreaming: Display: Took  0.523s to InitEngineTextLocalization.
[2018.12.21-18.06.06:338][  0]LogInit: Setting process to per monitor DPI aware
[2018.12.21-18.06.06:481][  0]LogSlate: New Slate User Created.  User Index 0, Is Virtual User: 0
[2018.12.21-18.06.06:481][  0]LogSlate: Slate User Registered.  User Index 0, Is Virtual User: 0
[2018.12.21-18.06.07:558][  0]LogHMD: Failed to initialize OpenVR with code 110
[2018.12.21-18.06.07:558][  0]LogD3D11RHI: D3D11 adapters:
[2018.12.21-18.06.07:653][  0]LogD3D11RHI:    0. 'AMD Radeon (TM) R9 380 Series' (Feature Level 11_0)
[2018.12.21-18.06.07:653][  0]LogD3D11RHI:       4071/0/8140 MB DedicatedVideo/DedicatedSystem/SharedSystem, Outputs:2, VendorId:0x1002
[2018.12.21-18.06.07:661][  0]LogD3D11RHI:    1. 'Microsoft Basic Render Driver' (Feature Level 11_0)
[2018.12.21-18.06.07:662][  0]LogD3D11RHI:       0/0/8140 MB DedicatedVideo/DedicatedSystem/SharedSystem, Outputs:0, VendorId:0x1414
[2018.12.21-18.06.07:662][  0]LogD3D11RHI: Chosen D3D11 Adapter: 0
[2018.12.21-18.06.07:676][  0]LogD3D11RHI: Creating new Direct3DDevice
[2018.12.21-18.06.07:676][  0]LogD3D11RHI:     GPU DeviceId: 0x6938 (for the marketing name, search the web for "GPU Device Id")
[2018.12.21-18.06.07:676][  0]LogWindows: EnumDisplayDevices:
[2018.12.21-18.06.07:676][  0]LogWindows:    0. 'AMD Radeon (TM) R9 380 Series' (P:1 D:1)
[2018.12.21-18.06.07:677][  0]LogWindows:    1. 'AMD Radeon (TM) R9 380 Series' (P:0 D:1)
[2018.12.21-18.06.07:677][  0]LogWindows:    2. 'AMD Radeon (TM) R9 380 Series' (P:0 D:0)
[2018.12.21-18.06.07:678][  0]LogWindows:    3. 'AMD Radeon (TM) R9 380 Series' (P:0 D:0)
[2018.12.21-18.06.07:679][  0]LogWindows:    4. 'AMD Radeon (TM) R9 380 Series' (P:0 D:0)
[2018.12.21-18.06.07:679][  0]LogWindows:    5. 'AMD Radeon (TM) R9 380 Series' (P:0 D:0)
[2018.12.21-18.06.07:680][  0]LogWindows:    6. 'AMD Radeon (TM) R9 380 Series' (P:0 D:0)
[2018.12.21-18.06.07:680][  0]LogWindows:    7. 'AMD Radeon (TM) R9 380 Series' (P:0 D:0)
[2018.12.21-18.06.07:681][  0]LogWindows:    8. 'AMD Radeon (TM) R9 380 Series' (P:0 D:0)
[2018.12.21-18.06.07:682][  0]LogWindows:    9. 'AMD Radeon (TM) R9 380 Series' (P:0 D:0)
[2018.12.21-18.06.07:682][  0]LogWindows:    10. 'AMD Radeon (TM) R9 380 Series' (P:0 D:0)
[2018.12.21-18.06.07:683][  0]LogWindows:    11. 'AMD Radeon (TM) R9 380 Series' (P:0 D:0)
[2018.12.21-18.06.07:683][  0]LogWindows:    12. 'AMD Radeon (TM) R9 380 Series' (P:0 D:0)
[2018.12.21-18.06.07:684][  0]LogWindows:    13. 'AMD Radeon (TM) R9 380 Series' (P:0 D:0)
[2018.12.21-18.06.07:684][  0]LogWindows:    14. 'AMD Radeon (TM) R9 380 Series' (P:0 D:0)
[2018.12.21-18.06.07:685][  0]LogWindows:    15. 'AMD Radeon (TM) R9 380 Series' (P:0 D:0)
[2018.12.21-18.06.07:686][  0]LogWindows: DebugString: FoundDriverCount:16 
[2018.12.21-18.06.07:686][  0]LogD3D11RHI:     Adapter Name: AMD Radeon (TM) R9 380 Series
[2018.12.21-18.06.07:686][  0]LogD3D11RHI:   Driver Version: Adrenalin 18.10.2 (internal:25.20.14007.1000, unified:25.20.14007.1000)
[2018.12.21-18.06.07:686][  0]LogD3D11RHI:      Driver Date: 10-19-2018
[2018.12.21-18.06.07:686][  0]LogRHI: Texture pool is 2850 MB (70% of 4071 MB)
[2018.12.21-18.06.07:879][  0]LogD3D11RHI: Async texture creation enabled
[2018.12.21-18.06.07:892][  0]LogD3D11RHI: GPU Timing Frequency: 27.000000 (Debug: 2 1)
[2018.12.21-18.06.07:895][  0]LogShaderCompilers: Guid format shader working directory is 8 characters bigger than the processId version (D:/GitHub/TGP_PairProject/TGP_Project/Intermediate/Shaders/WorkingDirectory/15160/).
[2018.12.21-18.06.07:895][  0]LogShaderCompilers: Cleaned the shader compiler working directory 'C:/Users/blued/AppData/Local/Temp/UnrealShaderWorkingDir/A8EC470949D388D2711D70BFDED95247/'.
[2018.12.21-18.06.08:277][  0]LogTemp: Display: Loaded TP AllDesktopTargetPlatform
[2018.12.21-18.06.08:306][  0]LogTemp: Display: Loaded TP MacClientTargetPlatform
[2018.12.21-18.06.08:333][  0]LogTemp: Display: Loaded TP MacNoEditorTargetPlatform
[2018.12.21-18.06.08:361][  0]LogTemp: Display: Loaded TP MacServerTargetPlatform
[2018.12.21-18.06.08:388][  0]LogTemp: Display: Loaded TP MacTargetPlatform
[2018.12.21-18.06.08:413][  0]LogTemp: Display: Loaded TP WindowsClientTargetPlatform
[2018.12.21-18.06.08:440][  0]LogTemp: Display: Loaded TP WindowsNoEditorTargetPlatform
[2018.12.21-18.06.08:467][  0]LogTemp: Display: Loaded TP WindowsServerTargetPlatform
[2018.12.21-18.06.08:481][  0]LogTemp: Display: Loaded TP WindowsTargetPlatform
[2018.12.21-18.06.08:618][  0]LogTemp: Display: Loaded TP AndroidTargetPlatform
[2018.12.21-18.06.08:618][  0]LogTemp: Display: Loaded TP AndroidTargetPlatform
[2018.12.21-18.06.08:618][  0]LogTemp: Display: Loaded TP AndroidTargetPlatform
[2018.12.21-18.06.08:618][  0]LogTemp: Display: Loaded TP AndroidTargetPlatform
[2018.12.21-18.06.08:618][  0]LogTemp: Display: Loaded TP AndroidTargetPlatform
[2018.12.21-18.06.08:619][  0]LogTemp: Display: Loaded TP AndroidTargetPlatform
[2018.12.21-18.06.08:619][  0]LogTemp: Display: Loaded TP AndroidTargetPlatform
[2018.12.21-18.06.08:619][  0]LogTemp: Display: Loaded TP AndroidTargetPlatform
[2018.12.21-18.06.08:619][  0]LogTemp: Display: Loaded TP AndroidTargetPlatform
[2018.12.21-18.06.08:619][  0]LogTemp: Display: Loaded TP AndroidTargetPlatform
[2018.12.21-18.06.08:619][  0]LogTemp: Display: Loaded TP AndroidTargetPlatform
[2018.12.21-18.06.08:619][  0]LogTemp: Display: Loaded TP AndroidTargetPlatform
[2018.12.21-18.06.08:619][  0]LogTemp: Display: Loaded TP AndroidTargetPlatform
[2018.12.21-18.06.08:619][  0]LogTemp: Display: Loaded TP AndroidTargetPlatform
[2018.12.21-18.06.08:619][  0]LogTemp: Display: Loaded TP AndroidTargetPlatform
[2018.12.21-18.06.08:620][  0]LogTemp: Display: Loaded TP AndroidTargetPlatform
[2018.12.21-18.06.08:620][  0]LogTemp: Display: Loaded TP AndroidTargetPlatform
[2018.12.21-18.06.08:620][  0]LogTemp: Display: Loaded TP AndroidTargetPlatform
[2018.12.21-18.06.08:626][  0]LogTemp: Display: Loaded TP HTML5TargetPlatform
[2018.12.21-18.06.08:729][  0]LogTemp: Display: Loaded TP IOSTargetPlatform
[2018.12.21-18.06.08:729][  0]LogTemp: Display: Loaded TP IOSTargetPlatform
[2018.12.21-18.06.08:776][  0]LogTemp: Display: Loaded TP TVOSTargetPlatform
[2018.12.21-18.06.08:776][  0]LogTemp: Display: Loaded TP TVOSTargetPlatform
[2018.12.21-18.06.08:801][  0]LogTemp: Display: Loaded TP LinuxClientTargetPlatform
[2018.12.21-18.06.08:828][  0]LogTemp: Display: Loaded TP LinuxNoEditorTargetPlatform
[2018.12.21-18.06.08:856][  0]LogTemp: Display: Loaded TP LinuxServerTargetPlatform
[2018.12.21-18.06.08:887][  0]LogTemp: Display: Loaded TP LinuxTargetPlatform
[2018.12.21-18.06.08:906][  0]LogTemp: Display: Loaded TP LuminTargetPlatform
[2018.12.21-18.06.08:907][  0]LogTargetPlatformManager: Display: Building Assets For Windows
[2018.12.21-18.06.09:098][  0]LogXGEController: Cleaning working directory: C:/Users/blued/AppData/Local/Temp/UnrealXGEWorkingDir/
[2018.12.21-18.06.09:099][  0]LogXGEController: Cannot use XGE Controller as Incredibuild is not installed on this machine.
[2018.12.21-18.06.09:099][  0]LogShaderCompilers: Cannot use XGE Shader Compiler as Incredibuild is not installed on this machine.
[2018.12.21-18.06.09:099][  0]LogShaderCompilers: Display: Using Local Shader Compiler.
[2018.12.21-18.06.10:495][  0]LogDerivedDataCache: Display: Max Cache Size: 512 MB
[2018.12.21-18.06.10:589][  0]LogDerivedDataCache: Loaded boot cache 0.09s 71MB C:/Users/blued/AppData/Local/UnrealEngine/4.20/DerivedDataCache/Boot.ddc.
[2018.12.21-18.06.10:591][  0]LogDerivedDataCache: Display: Loaded Boot cache: C:/Users/blued/AppData/Local/UnrealEngine/4.20/DerivedDataCache/Boot.ddc
[2018.12.21-18.06.10:591][  0]LogDerivedDataCache: FDerivedDataBackendGraph:  Pak pak cache file D:/GitHub/TGP_PairProject/TGP_Project/DerivedDataCache/DDC.ddp not found, will not use a pak cache.
[2018.12.21-18.06.10:591][  0]LogDerivedDataCache: Unable to find inner node Pak for hierarchical cache Hierarchy.
[2018.12.21-18.06.10:591][  0]LogDerivedDataCache: FDerivedDataBackendGraph:  CompressedPak pak cache file D:/GitHub/TGP_PairProject/TGP_Project/DerivedDataCache/Compressed.ddp not found, will not use a pak cache.
[2018.12.21-18.06.10:591][  0]LogDerivedDataCache: Unable to find inner node CompressedPak for hierarchical cache Hierarchy.
[2018.12.21-18.06.10:614][  0]LogDerivedDataCache: Display: Pak cache opened for reading ../../../Engine/DerivedDataCache/Compressed.ddp.
[2018.12.21-18.06.10:629][  0]LogDerivedDataCache: Using Local data cache path C:/Users/blued/AppData/Local/UnrealEngine/Common/DerivedDataCache: Writable
[2018.12.21-18.06.10:629][  0]LogDerivedDataCache: Shared data cache path not found in *engine.ini, will not use an Shared cache.
[2018.12.21-18.06.10:629][  0]LogDerivedDataCache: Unable to find inner node Shared for hierarchical cache Hierarchy.
[2018.12.21-18.06.10:660][  0]LogMaterial: Verifying Global Shaders for PCD3D_SM5
[2018.12.21-18.06.10:662][  0]LogSlate: Using FreeType 2.6.0
[2018.12.21-18.06.10:666][  0]LogSlate: SlateFontServices - WITH_FREETYPE: 1, WITH_HARFBUZZ: 1
[2018.12.21-18.06.10:878][  0]LogAssetRegistry: FAssetRegistry took 0.0320 seconds to start up
[2018.12.21-18.06.11:454][  0]LogInit: Selected Device Profile: [Windows]
[2018.12.21-18.06.11:685][  0]LogSimplygon: Simplygon DLL not present - disabling.
[2018.12.21-18.06.11:697][  0]LogMeshReduction: Using SimplygonSwarm for distributed automatic mesh merging
[2018.12.21-18.06.11:697][  0]LogMeshReduction: Using ProxyLODMeshReduction for automatic mesh merging
[2018.12.21-18.06.11:697][  0]LogMeshReduction: Using QuadricMeshReduction for automatic static mesh reduction
[2018.12.21-18.06.11:697][  0]LogMeshReduction: No automatic skeletal mesh reduction module available
[2018.12.21-18.06.11:768][  0]LogNetVersion: TGP_Project 1.0.0, NetCL: 4212847, EngineNetVer: 5, GameNetVer: 0 (Checksum: 95638710)
[2018.12.21-18.06.12:511][  0]LogPackageLocalizationCache: Processed 11 localized package path(s) for 2 prioritized culture(s) in 0.118033 seconds
[2018.12.21-18.06.12:521][  0]LogUObjectArray: 38425 objects as part of root set at end of initial load.
[2018.12.21-18.06.12:521][  0]LogUObjectAllocator: 6690864 out of 0 bytes used by permanent object pool.
[2018.12.21-18.06.12:521][  0]LogUObjectArray: CloseDisregardForGC: 0/0 objects in disregard for GC pool
[2018.12.21-18.06.15:173][  0]LogTcpMessaging: Initializing TcpMessaging bridge
[2018.12.21-18.06.15:193][  0]LogUdpMessaging: Initializing bridge on interface 0.0.0.0:0 to multicast group 230.0.0.1:6666.
[2018.12.21-18.06.15:476][  0]SourceControl: Source control is disabled
[2018.12.21-18.06.15:476][  0]SourceControl: Source control is disabled
[2018.12.21-18.06.15:482][  0]SourceControl: Source control is disabled
[2018.12.21-18.06.15:486][  0]SourceControl: Source control is disabled
[2018.12.21-18.06.15:819][  0]LogAndroidPermission: UAndroidPermissionCallbackProxy::GetInstance
[2018.12.21-18.06.15:990][  0]LogOcInput: OculusInput pre-init called
[2018.12.21-18.06.16:102][  0]LogEngine: Initializing Engine...
[2018.12.21-18.06.16:104][  0]LogHMD: Failed to initialize OpenVR with code 110
[2018.12.21-18.06.16:106][  0]LogStats: UGameplayTagsManager::ConstructGameplayTagTree: ImportINI prefixes -  0.000 s
[2018.12.21-18.06.16:107][  0]LogStats: UGameplayTagsManager::ConstructGameplayTagTree: Construct from data asset -  0.000 s
[2018.12.21-18.06.16:107][  0]LogStats: UGameplayTagsManager::ConstructGameplayTagTree: ImportINI -  0.000 s
[2018.12.21-18.06.16:107][  0]LogStats: UGameplayTagsManager::ConstructGameplayTagTree: GameplayTagTreeChangedEvent.Broadcast -  0.000 s
[2018.12.21-18.06.16:414][  0]LogInit: Initializing FReadOnlyCVARCache
[2018.12.21-18.06.16:435][  0]LogAIModule: Creating AISystem for world Untitled
[2018.12.21-18.06.16:474][  0]LogInit: XAudio2 using 'Headphones (4- Turtle Beach Recon 60P)' : 2 channels at 48 kHz using 16 bits per sample (channel mask 0x3)
[2018.12.21-18.06.16:504][  0]LogInit: FAudioDevice initialized.
[2018.12.21-18.06.16:504][  0]LogNetVersion: Set ProjectVersion to 1.0.0.0. Version Checksum will be recalculated on next use.
[2018.12.21-18.06.16:616][  0]LogDerivedDataCache: Saved boot cache 0.11s 71MB C:/Users/blued/AppData/Local/UnrealEngine/4.20/DerivedDataCache/Boot.ddc.
[2018.12.21-18.06.16:634][  0]LogInit: Texture streaming: Enabled
[2018.12.21-18.06.16:672][  0]LogEngineSessionManager: EngineSessionManager initialized
[2018.12.21-18.06.16:672][  0]LogEngineSessionManager: EngineSessionManager sent abnormal shutdown report. Type=Debugger, SessionId={E67C3E9C-4757-D207-9201-BF96A8153A75}
[2018.12.21-18.06.16:687][  0]LogInit: Transaction tracking system initialized
[2018.12.21-18.06.16:733][  0]BlueprintLog: New page: Editor Load
[2018.12.21-18.06.16:898][  0]LocalizationService: Localization service is disabled
[2018.12.21-18.06.17:349][  0]LogCook: Display: Max memory allowance for cook 16384mb min free memory 0mb
[2018.12.21-18.06.17:350][  0]LogCook: Display: Mobile HDR setting 1
[2018.12.21-18.06.17:350][  0]LogGameplayTags: Display: UGameplayTagsManager::DoneAddingNativeTags. DelegateIsBound: 0
[2018.12.21-18.06.17:350][  0]LogStats: UGameplayTagsManager::ConstructGameplayTagTree: ImportINI prefixes -  0.000 s
[2018.12.21-18.06.17:350][  0]LogStats: UGameplayTagsManager::ConstructGameplayTagTree: Construct from data asset -  0.000 s
[2018.12.21-18.06.17:350][  0]LogStats: UGameplayTagsManager::ConstructGameplayTagTree: ImportINI -  0.000 s
[2018.12.21-18.06.17:350][  0]LogStats: UGameplayTagsManager::ConstructGameplayTagTree: GameplayTagTreeChangedEvent.Broadcast -  0.000 s
[2018.12.21-18.06.17:689][  0]LogFileCache: Scanning file cache for directory 'D:/GitHub/TGP_PairProject/TGP_Project/Content/' took 0.02s
[2018.12.21-18.06.17:689][  0]SourceControl: Source control is disabled
[2018.12.21-18.06.17:689][  0]Cmd: MAP LOAD FILE="D:/GitHub/TGP_PairProject/TGP_Project/Content/Levels/BaseLevel.umap" TEMPLATE=0 SHOWPROGRESS=1 FEATURELEVEL=3
[2018.12.21-18.06.17:691][  0]LightingResults: New page: Lighting Build
[2018.12.21-18.06.17:694][  0]MapCheck: New page: Map Check
[2018.12.21-18.06.17:694][  0]LightingResults: New page: Lighting Build
[2018.12.21-18.06.18:054][  0]LogAIModule: Creating AISystem for world BaseLevel
[2018.12.21-18.06.18:063][  0]LogEditorServer: Finished looking for orphan Actors (0.000 secs)
[2018.12.21-18.06.18:186][  0]Cmd: MAP CHECKDEP NOCLEARLOG
[2018.12.21-18.06.18:407][  0]MapCheck: Map check complete: 0 Error(s), 0 Warning(s), took 221.3ms to complete.
[2018.12.21-18.06.18:407][  0]LogFileHelpers: Loading map 'BaseLevel' took 0.718
[2018.12.21-18.06.18:696][  0]LogSlate: Updating window title bar state: overlay mode, drag disabled, window buttons hidden, title bar hidden
[2018.12.21-18.06.18:713][  0]LogSlate: Updating window title bar state: overlay mode, drag disabled, window buttons hidden, title bar hidden
[2018.12.21-18.06.18:727][  0]LogSlate: Updating window title bar state: overlay mode, drag disabled, window buttons hidden, title bar hidden
[2018.12.21-18.06.18:740][  0]LogSlate: Updating window title bar state: overlay mode, drag disabled, window buttons hidden, title bar hidden
[2018.12.21-18.06.18:753][  0]LogCollectionManager: Loaded 0 collections in 0.001981 seconds
[2018.12.21-18.06.18:853][  0]LogFileCache: Scanning file cache for directory 'D:/GitHub/TGP_PairProject/TGP_Project/Saved/Collections/' took 0.02s
[2018.12.21-18.06.18:853][  0]LogFileCache: Scanning file cache for directory 'D:/GitHub/TGP_PairProject/TGP_Project/Content/Developers/blued/Collections/' took 0.01s
[2018.12.21-18.06.18:853][  0]LogFileCache: Scanning file cache for directory 'D:/GitHub/TGP_PairProject/TGP_Project/Content/Collections/' took 0.01s
[2018.12.21-18.06.18:853][  0]LogCollectionManager: Rebuilt the GUID cache for 0 collections in 0.000000 seconds
[2018.12.21-18.06.18:872][  0]LogContentBrowser: Native class hierarchy populated in 0.0176 seconds. Added 2586 classes and 606 folders.
[2018.12.21-18.06.18:881][  0]LogContentBrowser: Native class hierarchy updated for 'WidgetCarousel' in 0.0004 seconds. Added 0 classes and 0 folders.
[2018.12.21-18.06.19:004][  0]LogContentBrowser: Native class hierarchy updated for 'AddContentDialog' in 0.0004 seconds. Added 0 classes and 0 folders.
[2018.12.21-18.06.19:017][  0]LogContentBrowser: Native class hierarchy updated for 'SceneOutliner' in 0.0005 seconds. Added 1 classes and 2 folders.
[2018.12.21-18.06.19:100][  0]LogSlate: Took 0.001282 seconds to synchronously load lazily loaded font '../../../Engine/Content/Slate/Fonts/Roboto-Regular.ttf' (155K)
[2018.12.21-18.06.19:103][  0]LogSlate: Took 0.000975 seconds to synchronously load lazily loaded font '../../../Engine/Content/Slate/Fonts/Roboto-Bold.ttf' (160K)
[2018.12.21-18.06.19:112][  0]LogSlate: Took 0.001190 seconds to synchronously load lazily loaded font '../../../Engine/Content/Editor/Slate/Fonts/FontAwesome.ttf' (139K)
[2018.12.21-18.06.19:244][  0]LogRenderer: Reallocating scene render targets to support 1208x552 Format 10 NumSamples 1 (Frame:1).
[2018.12.21-18.06.19:340][  0]LogSlate: Took 0.001047 seconds to synchronously load lazily loaded font '../../../Engine/Content/Slate/Fonts/Roboto-Light.ttf' (167K)
[2018.12.21-18.06.19:470][  0]LogContentBrowser: Native class hierarchy updated for 'HierarchicalLODOutliner' in 0.0007 seconds. Added 0 classes and 0 folders.
[2018.12.21-18.06.19:470][  0]LogLoad: (Engine Initialization) Total time: 16.46 seconds
[2018.12.21-18.06.19:470][  0]LogLoad: (Engine Initialization) Total Blueprint compile time: 0.00 seconds
[2018.12.21-18.06.19:539][  0]LogWindowsTextInputMethodSystem: Display: IME system now deactivated.
[2018.12.21-18.06.19:580][  0]LogContentStreaming: Texture pool size now 1000 MB
[2018.12.21-18.06.19:703][  1]LogFileCache: Retrieving MD5 hashes for directory 'D:/GitHub/TGP_PairProject/TGP_Project/Content/' took 0.15s
[2018.12.21-18.06.19:753][  2]LogAssetRegistry: Asset discovery search completed in 8.9004 seconds
[2018.12.21-18.06.19:756][  2]LogCollectionManager: Rebuilt the object cache for 0 collections in 0.000001 seconds (found 0 objects)
[2018.12.21-18.06.19:756][  2]LogCollectionManager: Fixed up redirectors for 0 collections in 0.000188 seconds (updated 0 objects)
[2018.12.21-18.06.44:808][992]LogEditorViewport: Clicking on Actor (LMB): BP_Civilian_C (BP_Civilian2)
[2018.12.21-18.07.14:767][761]LogSlate: FSceneViewport::OnFocusLost() reason 0
[2018.12.21-18.07.14:953][774]LogSlate: Took 0.000538 seconds to synchronously load lazily loaded font '../../../Engine/Content/Slate/Fonts/Roboto-Light.ttf' (167K)
[2018.12.21-18.07.14:963][774]LogAssetEditorManager: Opening Asset editor for Blueprint /Game/Blueprints/BP_Civilian.BP_Civilian
[2018.12.21-18.07.15:840][774]LogContentBrowser: Native class hierarchy updated for 'BlueprintGraph' in 0.0011 seconds. Added 116 classes and 0 folders.
[2018.12.21-18.07.26:146][279]BlueprintLog: New page: Compile BP_Civilian
[2018.12.21-18.07.27:201][303]LogSlate: Window 'BP_Civilian*' being destroyed
[2018.12.21-18.07.27:340][303]LogAssetEditorManager: Opening Asset editor for Blueprint /Game/Blueprints/BP_Civilian.BP_Civilian
[2018.12.21-18.07.27:886][303]LogSlate: Took 0.001361 seconds to synchronously load lazily loaded font '../../../Engine/Content/Slate/Fonts/Roboto-BoldCondensed.ttf' (158K)
[2018.12.21-18.07.50:556][729]BlueprintLog: New page: Compile BP_Civilian
[2018.12.21-18.07.54:237][921]LogSlate: Took 0.001031 seconds to synchronously load lazily loaded font '../../../Engine/Content/Slate/Fonts/Roboto-Italic.ttf' (157K)
[2018.12.21-18.08.07:044][688]LogSlate: Window 'BP_Civilian*' being destroyed
[2018.12.21-18.08.09:165][874]LogTemp: Repeating last play command: New Editor Window (PIE)
[2018.12.21-18.08.09:203][874]LogPlayLevel: PlayLevel: No blueprints needed recompiling
[2018.12.21-18.08.09:219][874]PIE: New page: PIE session: BaseLevel (21 Dec 2018 18:08:09)
[2018.12.21-18.08.09:219][874]LogPlayLevel: Creating play world package: /Game/Levels/UEDPIE_0_BaseLevel
[2018.12.21-18.08.09:225][874]LogPlayLevel: PIE: StaticDuplicateObject took: (0.005483s)
[2018.12.21-18.08.09:235][874]LogAIModule: Creating AISystem for world BaseLevel
[2018.12.21-18.08.09:236][874]LogPlayLevel: PIE: World Init took: (0.010387s)
[2018.12.21-18.08.09:237][874]LogPlayLevel: PIE: Created PIE world by copying editor world from /Game/Levels/BaseLevel.BaseLevel to /Game/Levels/UEDPIE_0_BaseLevel.BaseLevel (0.017771s)
[2018.12.21-18.08.09:402][874]LogInit: XAudio2 using 'Headphones (4- Turtle Beach Recon 60P)' : 2 channels at 48 kHz using 16 bits per sample (channel mask 0x3)
[2018.12.21-18.08.09:420][874]LogInit: FAudioDevice initialized.
[2018.12.21-18.08.09:473][874]LogSlate: Updating window title bar state: overlay mode, drag disabled, window buttons hidden, title bar hidden
[2018.12.21-18.08.09:669][874]LogLoad: Game class is 'GM_GAME_C'
[2018.12.21-18.08.09:672][874]LogWorld: Bringing World /Game/Levels/UEDPIE_0_BaseLevel.BaseLevel up for play (max tick rate 0) at 2018.12.21-18.08.09
[2018.12.21-18.08.09:673][874]LogWorld: Bringing up level for play took: 0.002991
[2018.12.21-18.08.09:694][874]LogContentBrowser: Native class hierarchy updated for 'MovieSceneCapture' in 0.0005 seconds. Added 10 classes and 0 folders.
[2018.12.21-18.08.09:702][874]PIE: Play in editor start time for /Game/Levels/UEDPIE_0_BaseLevel -0.346
[2018.12.21-18.08.09:744][874]LogRenderer: Reallocating scene render targets to support 1292x756 Format 10 NumSamples 1 (Frame:1).
[2018.12.21-18.08.22:956][189]LogSlate: Window 'TGP_Project Game Preview Standalone (64-bit/PCD3D_SM5)' being destroyed
[2018.12.21-18.08.23:003][189]LogPlayLevel: Display: Shutting down PIE online subsystems
[2018.12.21-18.08.23:165][190]LogPlayLevel: Display: Destroying online subsystem :Context_4
[2018.12.21-18.08.40:780][816]LogPlayLevel: PlayLevel: No blueprints needed recompiling
[2018.12.21-18.08.40:781][816]PIE: New page: SIE session: BaseLevel (21 Dec 2018 18:08:40)
[2018.12.21-18.08.40:781][816]LogPlayLevel: Creating play world package: /Game/Levels/UEDPIE_0_BaseLevel
[2018.12.21-18.08.40:787][816]LogPlayLevel: PIE: StaticDuplicateObject took: (0.005595s)
[2018.12.21-18.08.40:788][816]LogAIModule: Creating AISystem for world BaseLevel
[2018.12.21-18.08.40:788][816]LogPlayLevel: PIE: World Init took: (0.001124s)
[2018.12.21-18.08.40:788][816]LogPlayLevel: PIE: Created PIE world by copying editor world from /Game/Levels/BaseLevel.BaseLevel to /Game/Levels/UEDPIE_0_BaseLevel.BaseLevel (0.007378s)
[2018.12.21-18.08.40:957][816]LogInit: XAudio2 using 'Headphones (4- Turtle Beach Recon 60P)' : 2 channels at 48 kHz using 16 bits per sample (channel mask 0x3)
[2018.12.21-18.08.40:978][816]LogInit: FAudioDevice initialized.
[2018.12.21-18.08.41:020][816]LogLoad: Game class is 'GM_GAME_C'
[2018.12.21-18.08.41:022][816]LogWorld: Bringing World /Game/Levels/UEDPIE_0_BaseLevel.BaseLevel up for play (max tick rate 0) at 2018.12.21-18.08.41
[2018.12.21-18.08.41:023][816]LogWorld: Bringing up level for play took: 0.002007
[2018.12.21-18.08.41:038][816]PIE: Play in editor start time for /Game/Levels/UEDPIE_0_BaseLevel 0.99
[2018.12.21-18.08.43:793][ 82]LogEditorViewport: Clicking on Actor (LMB): PaperSpriteActor (BasicLevel_Sprite)
[2018.12.21-18.08.45:584][249]LogEditorViewport: Clicking on Actor (LMB): PaperSpriteActor (BasicLevel_Sprite)
[2018.12.21-18.08.46:447][338]LogEditorViewport: Clicking on Actor (LMB): PaperSpriteActor (BasicLevel_Sprite)
[2018.12.21-18.08.48:689][558]LogSlate: FSceneViewport::OnFocusLost() reason 0
[2018.12.21-18.09.02:075][635]LogEditorViewport: Clicking Background
[2018.12.21-18.09.41:662][923]LogSlate: FSceneViewport::OnFocusLost() reason 2
[2018.12.21-18.10.39:052][623]LogEditorViewport: Clicking on Actor (LMB): BP_Civilian_C (BP_Civilian)
[2018.12.21-18.10.40:911][748]LogSlate: FSceneViewport::OnFocusLost() reason 0
[2018.12.21-18.10.54:718][840]LogSlate: Updating window title bar state: overlay mode, drag disabled, window buttons hidden, title bar hidden
[2018.12.21-18.10.54:759][840]LogPlayLevel: Display: Shutting down PIE online subsystems
[2018.12.21-18.10.54:880][840]LogSlate: Updating window title bar state: overlay mode, drag disabled, window buttons hidden, title bar hidden
[2018.12.21-18.10.54:901][841]LogPlayLevel: Display: Destroying online subsystem :Context_5
[2018.12.21-18.11.11:657][300]Cmd: OBJ SAVEPACKAGE PACKAGE="/Game/Levels/BaseLevel" FILE="D:/GitHub/TGP_PairProject/TGP_Project/Content/Levels/BaseLevel.umap" SILENT=true AUTOSAVING=false KEEPDIRTY=false
[2018.12.21-18.11.11:854][300]LogSavePackage: Moving 'D:/GitHub/TGP_PairProject/TGP_Project/Saved/BaseLevelF624E1C0414B56C53BAB968635BCF06D.tmp' to 'D:/GitHub/TGP_PairProject/TGP_Project/Content/Levels/BaseLevel.umap'
[2018.12.21-18.11.18:854][915]LogTemp: Repeating last play command: Simulate
[2018.12.21-18.11.18:883][915]LogPlayLevel: PlayLevel: No blueprints needed recompiling
[2018.12.21-18.11.18:884][915]PIE: New page: SIE session: BaseLevel (21 Dec 2018 18:11:18)
[2018.12.21-18.11.18:884][915]LogPlayLevel: Creating play world package: /Game/Levels/UEDPIE_0_BaseLevel
[2018.12.21-18.11.18:890][915]LogPlayLevel: PIE: StaticDuplicateObject took: (0.005084s)
[2018.12.21-18.11.18:890][915]LogAIModule: Creating AISystem for world BaseLevel
[2018.12.21-18.11.18:891][915]LogPlayLevel: PIE: World Init took: (0.001101s)
[2018.12.21-18.11.18:891][915]LogPlayLevel: PIE: Created PIE world by copying editor world from /Game/Levels/BaseLevel.BaseLevel to /Game/Levels/UEDPIE_0_BaseLevel.BaseLevel (0.006728s)
[2018.12.21-18.11.19:051][915]LogInit: XAudio2 using 'Headphones (4- Turtle Beach Recon 60P)' : 2 channels at 48 kHz using 16 bits per sample (channel mask 0x3)
[2018.12.21-18.11.19:067][915]LogInit: FAudioDevice initialized.
[2018.12.21-18.11.19:103][915]LogLoad: Game class is 'GM_GAME_C'
[2018.12.21-18.11.19:105][915]LogWorld: Bringing World /Game/Levels/UEDPIE_0_BaseLevel.BaseLevel up for play (max tick rate 0) at 2018.12.21-18.11.19
[2018.12.21-18.11.19:106][915]LogWorld: Bringing up level for play took: 0.002052
[2018.12.21-18.11.19:121][915]PIE: Play in editor start time for /Game/Levels/UEDPIE_0_BaseLevel 1.073
[2018.12.21-18.11.45:100][966]LogSlate: Updating window title bar state: overlay mode, drag disabled, window buttons hidden, title bar hidden
[2018.12.21-18.11.45:143][966]LogPlayLevel: Display: Shutting down PIE online subsystems
[2018.12.21-18.11.45:248][966]LogSlate: Updating window title bar state: overlay mode, drag disabled, window buttons hidden, title bar hidden
[2018.12.21-18.11.45:276][967]LogPlayLevel: Display: Destroying online subsystem :Context_6
