Log file open, 11/23/18 17:08:26
LogWindows: Failed to load 'aqProf.dll' (GetLastError=126)
LogWindows: File 'aqProf.dll' does not exist
LogWindows: Failed to load 'VSPerf140.dll' (GetLastError=126)
LogWindows: File 'VSPerf140.dll' does not exist
LogWindows: Failed to load 'VtuneApi.dll' (GetLastError=126)
LogWindows: File 'VtuneApi.dll' does not exist
LogWindows: Failed to load 'VtuneApi32e.dll' (GetLastError=126)
LogWindows: File 'VtuneApi32e.dll' does not exist
LogInit: Display: Running engine for game: TGP_Project
LogPlatformFile: Not using cached read wrapper
LogTaskGraph: Started task graph with 5 named threads and 23 total threads with 3 sets of task threads.
LogStats: Stats thread started at 0.423743
LogD3D11RHI: Loaded GFSDK_Aftermath_Lib.x64.dll
LogICUInternationalization: Display: ICU TimeZone Detection - Raw Offset: +0:00, Platform Override: ''
LogPluginManager: Mounting plugin Paper2D
LogPluginManager: Mounting plugin AISupport
LogPluginManager: Mounting plugin LightPropagationVolume
LogPluginManager: Mounting plugin CLionSourceCodeAccess
LogPluginManager: Mounting plugin CodeLiteSourceCodeAccess
LogPluginManager: Mounting plugin GitSourceControl
LogPluginManager: Mounting plugin KDevelopSourceCodeAccess
LogPluginManager: Mounting plugin NullSourceCodeAccess
LogPluginManager: Mounting plugin PerforceSourceControl
LogPluginManager: Mounting plugin SubversionSourceControl
LogPluginManager: Mounting plugin UObjectPlugin
LogPluginManager: Mounting plugin VisualStudioCodeSourceCodeAccess
LogPluginManager: Mounting plugin VisualStudioSourceCodeAccess
LogPluginManager: Mounting plugin XCodeSourceCodeAccess
LogPluginManager: Mounting plugin AssetManagerEditor
LogPluginManager: Mounting plugin CryptoKeys
LogPluginManager: Mounting plugin DataValidation
LogPluginManager: Mounting plugin FacialAnimation
LogPluginManager: Mounting plugin GameplayTagsEditor
LogPluginManager: Mounting plugin MacGraphicsSwitching
LogPluginManager: Mounting plugin MeshEditor
LogPluginManager: Mounting plugin MobileLauncherProfileWizard
LogPluginManager: Mounting plugin PluginBrowser
LogPluginManager: Mounting plugin SpeedTreeImporter
LogPluginManager: Mounting plugin DatasmithContent
LogPluginManager: Mounting plugin AlembicImporter
LogPluginManager: Mounting plugin AppleImageUtils
LogPluginManager: Mounting plugin AppleVision
LogPluginManager: Mounting plugin BackChannel
LogPluginManager: Mounting plugin CharacterAI
LogPluginManager: Mounting plugin GeometryCache
LogPluginManager: Mounting plugin HTML5Networking
LogPluginManager: Mounting plugin ProxyLODPlugin
LogPluginManager: Mounting plugin MagicLeap
LogPluginManager: Mounting plugin MagicLeapEmulator
LogPluginManager: Mounting plugin MagicLeapMedia
LogPluginManager: Mounting plugin AndroidMedia
LogPluginManager: Mounting plugin AvfMedia
LogPluginManager: Mounting plugin ImgMedia
LogPluginManager: Mounting plugin LinearTimecode
LogPluginManager: Mounting plugin MediaCompositing
LogPluginManager: Mounting plugin MediaPlayerEditor
LogPluginManager: Mounting plugin WmfMedia
LogPluginManager: Mounting plugin TcpMessaging
LogPluginManager: Mounting plugin UdpMessaging
LogPluginManager: Mounting plugin ActorSequence
LogPluginManager: Mounting plugin LevelSequenceEditor
LogPluginManager: Mounting plugin MatineeToLevelSequence
LogPluginManager: Mounting plugin NetcodeUnitTest
LogPluginManager: Mounting plugin NUTUnrealEngine4
LogPluginManager: Mounting plugin OnlineSubsystemGooglePlay
LogPluginManager: Mounting plugin OnlineSubsystemIOS
LogPluginManager: Mounting plugin OnlineSubsystem
LogPluginManager: Mounting plugin OnlineSubsystemNull
LogPluginManager: Mounting plugin OnlineSubsystemUtils
LogPluginManager: Mounting plugin LauncherChunkInstaller
LogPluginManager: Mounting plugin AndroidDeviceProfileSelector
LogPluginManager: Mounting plugin AndroidMoviePlayer
LogPluginManager: Mounting plugin AndroidPermission
LogPluginManager: Mounting plugin AppleMoviePlayer
LogPluginManager: Mounting plugin ArchVisCharacter
LogPluginManager: Mounting plugin AudioCapture
LogPluginManager: Mounting plugin CableComponent
LogPluginManager: Mounting plugin CustomMeshComponent
LogPluginManager: Mounting plugin EditableMesh
LogPluginManager: Mounting plugin ExampleDeviceProfileSelector
LogPluginManager: Mounting plugin GoogleCloudMessaging
LogPluginManager: Mounting plugin ImmediatePhysics
LogPluginManager: Mounting plugin IOSDeviceProfileSelector
LogPluginManager: Mounting plugin LinuxDeviceProfileSelector
LogPluginManager: Mounting plugin LocationServicesBPLibrary
LogPluginManager: Mounting plugin MobilePatchingUtils
LogPluginManager: Mounting plugin OculusVR
LogPluginManager: Plugin shader directory ../../../Engine/Plugins/Runtime/Oculus/OculusVR/Shaders found
LogPluginManager: Mapping shader source directory ../../../Engine/Plugins/Runtime/Oculus/OculusVR/Shaders to virtual directory /Plugin/OculusVR
LogPluginManager: Mounting plugin PhysXVehicles
LogPluginManager: Mounting plugin ProceduralMeshComponent
LogPluginManager: Mounting plugin RuntimePhysXCooking
LogPluginManager: Mounting plugin SteamVR
LogPluginManager: Mounting plugin WindowsMoviePlayer
LogStreaming: Display: Took  0.141s to configure plugins.
LogInit: Using libcurl 7.55.1-DEV
LogInit:  - built for x86_64-pc-win32
LogInit:  - supports SSL with OpenSSL/1.0.2h
LogInit:  - supports HTTP deflate (compression) using libz 1.2.8
LogInit:  - other features:
LogInit:      CURL_VERSION_SSL
LogInit:      CURL_VERSION_LIBZ
LogInit:      CURL_VERSION_IPV6
LogInit:      CURL_VERSION_ASYNCHDNS
LogInit:      CURL_VERSION_LARGEFILE
LogInit:      CURL_VERSION_IDN
LogInit:  CurlRequestOptions (configurable via config and command line):
LogInit:  - bVerifyPeer = false  - Libcurl will NOT verify peer certificate
LogInit:  - bUseHttpProxy = false  - Libcurl will NOT use HTTP proxy
LogInit:  - bDontReuseConnections = false  - Libcurl will reuse connections
LogInit:  - CertBundlePath = nullptr  - Libcurl will use whatever was configured at build time.
LogInit:  - MaxHostConnections = 16  - Libcurl will limit the number of connections to a host
LogInit:  - LocalHostAddr = Default
LogInit:  - BufferSize = 65536
LogInit: WinSock: version 1.1 (2.2), MaxSocks=32767, MaxUdp=65467
LogInit: Build: ++UE4+Release-4.20-CL-4369336
LogInit: Engine Version: 4.20.3-4369336+++UE4+Release-4.20
LogInit: Compatible Engine Version: 4.20.0-4212847+++UE4+Release-4.20
LogInit: Net CL: 4212847
LogInit: OS: Windows 10 (), CPU: AMD FX(tm)-8320 Eight-Core Processor           , GPU: AMD Radeon (TM) R9 380 Series
LogInit: Compiled (64-bit): Sep 17 2018 12:26:19
LogInit: Compiled with Visual C++: 19.13.26129.00
LogInit: Build Configuration: Development
LogInit: Branch Name: ++UE4+Release-4.20
LogInit: Command Line:  -skipcompile
LogInit: Base Directory: C:/Users/blued/Documents/UE_4.20/Engine/Binaries/Win64/
LogInit: Installed Engine Build: 1
LogDevObjectVersion: Number of dev versions registered: 20
LogDevObjectVersion:   Dev-Blueprints (B0D832E4-1F89-4F0D-ACCF-7EB736FD4AA2): 10
LogDevObjectVersion:   Dev-Build (E1C64328-A22C-4D53-A36C-8E866417BD8C): 0
LogDevObjectVersion:   Dev-Core (375EC13C-06E4-48FB-B500-84F0262A717E): 2
LogDevObjectVersion:   Dev-Editor (E4B068ED-F494-42E9-A231-DA0B2E46BB41): 24
LogDevObjectVersion:   Dev-Framework (CFFC743F-43B0-4480-9391-14DF171D2073): 34
LogDevObjectVersion:   Dev-Mobile (B02B49B5-BB20-44E9-A304-32B752E40360): 2
LogDevObjectVersion:   Dev-Networking (A4E4105C-59A1-49B5-A7C5-40C4547EDFEE): 0
LogDevObjectVersion:   Dev-Online (39C831C9-5AE6-47DC-9A44-9C173E1C8E7C): 0
LogDevObjectVersion:   Dev-Physics (78F01B33-EBEA-4F98-B9B4-84EACCB95AA2): 0
LogDevObjectVersion:   Dev-Platform (6631380F-2D4D-43E0-8009-CF276956A95A): 0
LogDevObjectVersion:   Dev-Rendering (12F88B9F-8875-4AFC-A67C-D90C383ABD29): 26
LogDevObjectVersion:   Dev-Sequencer (7B5AE74C-D270-4C10-A958-57980B212A5A): 9
LogDevObjectVersion:   Dev-VR (D7296918-1DD6-4BDD-9DE2-64A83CC13884): 2
LogDevObjectVersion:   Dev-LoadTimes (C2A15278-BFE7-4AFE-6C17-90FF531DF755): 1
LogDevObjectVersion:   Private-Geometry (6EACA3D4-40EC-4CC1-B786-8BED09428FC5): 3
LogDevObjectVersion:   Dev-AnimPhys (29E575DD-E0A3-4627-9D10-D276232CDCEA): 17
LogDevObjectVersion:   Dev-ReflectionCapture (6B266CEC-1EC7-4B8F-A30B-E4D90942FC07): 1
LogDevObjectVersion:   Dev-Automation (0DF73D61-A23F-47EA-B727-89E90C41499A): 1
LogDevObjectVersion:   FortniteMain (601D1886-AC64-4F84-AA16-D3DE0DEAC7D6): 12
LogDevObjectVersion:   Dev-Enterprise (9DFFBCD6-494F-0158-E221-12823C92A888): 1
LogStreaming: Display: Took  0.003s to delete old logs.
LogInit: Presizing for max 8388607 objects, including 0 objects not considered by GC, pre-allocating 0 bytes for permanent pool.
LogInit: Object subsystem initialized
[2018.11.23-17.08.27:537][  0]LogInit: Selected Device Profile: [Windows]
[2018.11.23-17.08.27:537][  0]LogInit: Applying CVar settings loaded from the selected device profile: [Windows]
[2018.11.23-17.08.27:551][  0]LogHAL: Display: Platform has ~ 16 GB [17071263744 / 17179869184 / 16], which maps to Larger [LargestMinGB=32, LargerMinGB=12, DefaultMinGB=8, SmallerMinGB=6, SmallestMinGB=0)
[2018.11.23-17.08.27:551][  0]LogInit: Setting Device Profile CVar: [[r.Vulkan.UseRealUBs:1]]
[2018.11.23-17.08.27:551][  0]LogInit: Going up to parent DeviceProfile []
[2018.11.23-17.08.27:552][  0]LogInit: Computer: DESKTOP-JAN50R2
[2018.11.23-17.08.27:552][  0]LogInit: User: blued
[2018.11.23-17.08.27:552][  0]LogInit: CPU Page size=4096, Cores=4
[2018.11.23-17.08.27:553][  0]LogInit: High frequency timer resolution =3.429419 MHz
[2018.11.23-17.08.27:553][  0]LogMemory: Memory total: Physical=15.9GB (16GB approx)
[2018.11.23-17.08.27:553][  0]LogMemory: Platform Memory Stats for Windows
[2018.11.23-17.08.27:553][  0]LogMemory: Process Physical Memory: 102.02 MB used, 102.02 MB peak
[2018.11.23-17.08.27:553][  0]LogMemory: Process Virtual Memory: 89.43 MB used, 89.43 MB peak
[2018.11.23-17.08.27:554][  0]LogMemory: Physical Memory: 6979.34 MB used,  9301.08 MB free, 16280.43 MB total
[2018.11.23-17.08.27:554][  0]LogMemory: Virtual Memory: 4643.37 MB used,  9301.08 MB free, 134217728.00 MB total
[2018.11.23-17.08.27:723][  0]LogInit: Using OS detected language (en-US).
[2018.11.23-17.08.27:723][  0]LogInit: Using OS detected locale (en-GB).
[2018.11.23-17.08.27:724][  0]LogTextLocalizationManager: No specific localization for 'en-US' exists, so the 'en' localization will be used.
[2018.11.23-17.08.28:259][  0]LogStreaming: Display: Took  0.536s to InitEngineTextLocalization.
[2018.11.23-17.08.28:259][  0]LogInit: Setting process to per monitor DPI aware
[2018.11.23-17.08.28:395][  0]LogSlate: New Slate User Created.  User Index 0, Is Virtual User: 0
[2018.11.23-17.08.28:395][  0]LogSlate: Slate User Registered.  User Index 0, Is Virtual User: 0
[2018.11.23-17.08.29:390][  0]LogHMD: Failed to initialize OpenVR with code 110
[2018.11.23-17.08.29:391][  0]LogD3D11RHI: D3D11 adapters:
[2018.11.23-17.08.29:477][  0]LogD3D11RHI:    0. 'AMD Radeon (TM) R9 380 Series' (Feature Level 11_0)
[2018.11.23-17.08.29:477][  0]LogD3D11RHI:       4071/0/8140 MB DedicatedVideo/DedicatedSystem/SharedSystem, Outputs:2, VendorId:0x1002
[2018.11.23-17.08.29:485][  0]LogD3D11RHI:    1. 'Microsoft Basic Render Driver' (Feature Level 11_0)
[2018.11.23-17.08.29:485][  0]LogD3D11RHI:       0/0/8140 MB DedicatedVideo/DedicatedSystem/SharedSystem, Outputs:0, VendorId:0x1414
[2018.11.23-17.08.29:485][  0]LogD3D11RHI: Chosen D3D11 Adapter: 0
[2018.11.23-17.08.29:501][  0]LogD3D11RHI: Creating new Direct3DDevice
[2018.11.23-17.08.29:501][  0]LogD3D11RHI:     GPU DeviceId: 0x6938 (for the marketing name, search the web for "GPU Device Id")
[2018.11.23-17.08.29:501][  0]LogWindows: EnumDisplayDevices:
[2018.11.23-17.08.29:502][  0]LogWindows:    0. 'AMD Radeon (TM) R9 380 Series' (P:1 D:1)
[2018.11.23-17.08.29:502][  0]LogWindows:    1. 'AMD Radeon (TM) R9 380 Series' (P:0 D:1)
[2018.11.23-17.08.29:504][  0]LogWindows:    2. 'AMD Radeon (TM) R9 380 Series' (P:0 D:0)
[2018.11.23-17.08.29:504][  0]LogWindows:    3. 'AMD Radeon (TM) R9 380 Series' (P:0 D:0)
[2018.11.23-17.08.29:505][  0]LogWindows:    4. 'AMD Radeon (TM) R9 380 Series' (P:0 D:0)
[2018.11.23-17.08.29:506][  0]LogWindows:    5. 'AMD Radeon (TM) R9 380 Series' (P:0 D:0)
[2018.11.23-17.08.29:506][  0]LogWindows:    6. 'AMD Radeon (TM) R9 380 Series' (P:0 D:0)
[2018.11.23-17.08.29:507][  0]LogWindows:    7. 'AMD Radeon (TM) R9 380 Series' (P:0 D:0)
[2018.11.23-17.08.29:508][  0]LogWindows:    8. 'AMD Radeon (TM) R9 380 Series' (P:0 D:0)
[2018.11.23-17.08.29:508][  0]LogWindows:    9. 'AMD Radeon (TM) R9 380 Series' (P:0 D:0)
[2018.11.23-17.08.29:509][  0]LogWindows:    10. 'AMD Radeon (TM) R9 380 Series' (P:0 D:0)
[2018.11.23-17.08.29:509][  0]LogWindows:    11. 'AMD Radeon (TM) R9 380 Series' (P:0 D:0)
[2018.11.23-17.08.29:510][  0]LogWindows:    12. 'AMD Radeon (TM) R9 380 Series' (P:0 D:0)
[2018.11.23-17.08.29:511][  0]LogWindows:    13. 'AMD Radeon (TM) R9 380 Series' (P:0 D:0)
[2018.11.23-17.08.29:511][  0]LogWindows:    14. 'AMD Radeon (TM) R9 380 Series' (P:0 D:0)
[2018.11.23-17.08.29:512][  0]LogWindows:    15. 'AMD Radeon (TM) R9 380 Series' (P:0 D:0)
[2018.11.23-17.08.29:513][  0]LogWindows: DebugString: FoundDriverCount:16 
[2018.11.23-17.08.29:513][  0]LogD3D11RHI:     Adapter Name: AMD Radeon (TM) R9 380 Series
[2018.11.23-17.08.29:513][  0]LogD3D11RHI:   Driver Version: Adrenalin 18.10.2 (internal:25.20.14007.1000, unified:25.20.14007.1000)
[2018.11.23-17.08.29:513][  0]LogD3D11RHI:      Driver Date: 10-19-2018
[2018.11.23-17.08.29:513][  0]LogRHI: Texture pool is 2850 MB (70% of 4071 MB)
[2018.11.23-17.08.29:707][  0]LogD3D11RHI: Async texture creation enabled
[2018.11.23-17.08.29:721][  0]LogD3D11RHI: GPU Timing Frequency: 27.000000 (Debug: 2 1)
[2018.11.23-17.08.29:723][  0]LogShaderCompilers: Guid format shader working directory is 15 characters bigger than the processId version (D:/TGP_PairProject/TGP_Project/Intermediate/Shaders/WorkingDirectory/16896/).
[2018.11.23-17.08.29:723][  0]LogShaderCompilers: Cleaned the shader compiler working directory 'C:/Users/blued/AppData/Local/Temp/UnrealShaderWorkingDir/B71B620347D21715FB0E19993BBECB2A/'.
[2018.11.23-17.08.30:098][  0]LogTemp: Display: Loaded TP AllDesktopTargetPlatform
[2018.11.23-17.08.30:125][  0]LogTemp: Display: Loaded TP MacClientTargetPlatform
[2018.11.23-17.08.30:152][  0]LogTemp: Display: Loaded TP MacNoEditorTargetPlatform
[2018.11.23-17.08.30:179][  0]LogTemp: Display: Loaded TP MacServerTargetPlatform
[2018.11.23-17.08.30:209][  0]LogTemp: Display: Loaded TP MacTargetPlatform
[2018.11.23-17.08.30:235][  0]LogTemp: Display: Loaded TP WindowsClientTargetPlatform
[2018.11.23-17.08.30:260][  0]LogTemp: Display: Loaded TP WindowsNoEditorTargetPlatform
[2018.11.23-17.08.30:285][  0]LogTemp: Display: Loaded TP WindowsServerTargetPlatform
[2018.11.23-17.08.30:298][  0]LogTemp: Display: Loaded TP WindowsTargetPlatform
[2018.11.23-17.08.30:436][  0]LogTemp: Display: Loaded TP AndroidTargetPlatform
[2018.11.23-17.08.30:436][  0]LogTemp: Display: Loaded TP AndroidTargetPlatform
[2018.11.23-17.08.30:437][  0]LogTemp: Display: Loaded TP AndroidTargetPlatform
[2018.11.23-17.08.30:437][  0]LogTemp: Display: Loaded TP AndroidTargetPlatform
[2018.11.23-17.08.30:437][  0]LogTemp: Display: Loaded TP AndroidTargetPlatform
[2018.11.23-17.08.30:437][  0]LogTemp: Display: Loaded TP AndroidTargetPlatform
[2018.11.23-17.08.30:437][  0]LogTemp: Display: Loaded TP AndroidTargetPlatform
[2018.11.23-17.08.30:437][  0]LogTemp: Display: Loaded TP AndroidTargetPlatform
[2018.11.23-17.08.30:437][  0]LogTemp: Display: Loaded TP AndroidTargetPlatform
[2018.11.23-17.08.30:437][  0]LogTemp: Display: Loaded TP AndroidTargetPlatform
[2018.11.23-17.08.30:437][  0]LogTemp: Display: Loaded TP AndroidTargetPlatform
[2018.11.23-17.08.30:438][  0]LogTemp: Display: Loaded TP AndroidTargetPlatform
[2018.11.23-17.08.30:438][  0]LogTemp: Display: Loaded TP AndroidTargetPlatform
[2018.11.23-17.08.30:438][  0]LogTemp: Display: Loaded TP AndroidTargetPlatform
[2018.11.23-17.08.30:438][  0]LogTemp: Display: Loaded TP AndroidTargetPlatform
[2018.11.23-17.08.30:438][  0]LogTemp: Display: Loaded TP AndroidTargetPlatform
[2018.11.23-17.08.30:438][  0]LogTemp: Display: Loaded TP AndroidTargetPlatform
[2018.11.23-17.08.30:438][  0]LogTemp: Display: Loaded TP AndroidTargetPlatform
[2018.11.23-17.08.30:444][  0]LogTemp: Display: Loaded TP HTML5TargetPlatform
[2018.11.23-17.08.30:546][  0]LogTemp: Display: Loaded TP IOSTargetPlatform
[2018.11.23-17.08.30:546][  0]LogTemp: Display: Loaded TP IOSTargetPlatform
[2018.11.23-17.08.30:591][  0]LogTemp: Display: Loaded TP TVOSTargetPlatform
[2018.11.23-17.08.30:591][  0]LogTemp: Display: Loaded TP TVOSTargetPlatform
[2018.11.23-17.08.30:619][  0]LogTemp: Display: Loaded TP LinuxClientTargetPlatform
[2018.11.23-17.08.30:643][  0]LogTemp: Display: Loaded TP LinuxNoEditorTargetPlatform
[2018.11.23-17.08.30:670][  0]LogTemp: Display: Loaded TP LinuxServerTargetPlatform
[2018.11.23-17.08.30:698][  0]LogTemp: Display: Loaded TP LinuxTargetPlatform
[2018.11.23-17.08.30:717][  0]LogTemp: Display: Loaded TP LuminTargetPlatform
[2018.11.23-17.08.30:717][  0]LogTargetPlatformManager: Display: Building Assets For Windows
[2018.11.23-17.08.30:876][  0]LogXGEController: Cleaning working directory: C:/Users/blued/AppData/Local/Temp/UnrealXGEWorkingDir/
[2018.11.23-17.08.30:877][  0]LogXGEController: Cannot use XGE Controller as Incredibuild is not installed on this machine.
[2018.11.23-17.08.30:877][  0]LogShaderCompilers: Cannot use XGE Shader Compiler as Incredibuild is not installed on this machine.
[2018.11.23-17.08.30:877][  0]LogShaderCompilers: Display: Using Local Shader Compiler.
[2018.11.23-17.08.32:303][  0]LogDerivedDataCache: Display: Max Cache Size: 512 MB
[2018.11.23-17.08.32:398][  0]LogDerivedDataCache: Loaded boot cache 0.09s 71MB C:/Users/blued/AppData/Local/UnrealEngine/4.20/DerivedDataCache/Boot.ddc.
[2018.11.23-17.08.32:398][  0]LogDerivedDataCache: Display: Loaded Boot cache: C:/Users/blued/AppData/Local/UnrealEngine/4.20/DerivedDataCache/Boot.ddc
[2018.11.23-17.08.32:398][  0]LogDerivedDataCache: FDerivedDataBackendGraph:  Pak pak cache file D:/TGP_PairProject/TGP_Project/DerivedDataCache/DDC.ddp not found, will not use a pak cache.
[2018.11.23-17.08.32:398][  0]LogDerivedDataCache: Unable to find inner node Pak for hierarchical cache Hierarchy.
[2018.11.23-17.08.32:398][  0]LogDerivedDataCache: FDerivedDataBackendGraph:  CompressedPak pak cache file D:/TGP_PairProject/TGP_Project/DerivedDataCache/Compressed.ddp not found, will not use a pak cache.
[2018.11.23-17.08.32:399][  0]LogDerivedDataCache: Unable to find inner node CompressedPak for hierarchical cache Hierarchy.
[2018.11.23-17.08.32:415][  0]LogDerivedDataCache: Display: Pak cache opened for reading ../../../Engine/DerivedDataCache/Compressed.ddp.
[2018.11.23-17.08.32:429][  0]LogDerivedDataCache: Using Local data cache path C:/Users/blued/AppData/Local/UnrealEngine/Common/DerivedDataCache: Writable
[2018.11.23-17.08.32:429][  0]LogDerivedDataCache: Shared data cache path not found in *engine.ini, will not use an Shared cache.
[2018.11.23-17.08.32:429][  0]LogDerivedDataCache: Unable to find inner node Shared for hierarchical cache Hierarchy.
[2018.11.23-17.08.32:463][  0]LogMaterial: Verifying Global Shaders for PCD3D_SM5
[2018.11.23-17.08.32:464][  0]LogSlate: Using FreeType 2.6.0
[2018.11.23-17.08.32:469][  0]LogSlate: SlateFontServices - WITH_FREETYPE: 1, WITH_HARFBUZZ: 1
[2018.11.23-17.08.32:675][  0]LogAssetRegistry: FAssetRegistry took 0.0317 seconds to start up
[2018.11.23-17.08.33:231][  0]LogInit: Selected Device Profile: [Windows]
[2018.11.23-17.08.33:461][  0]LogSimplygon: Simplygon DLL not present - disabling.
[2018.11.23-17.08.33:473][  0]LogMeshReduction: Using SimplygonSwarm for distributed automatic mesh merging
[2018.11.23-17.08.33:473][  0]LogMeshReduction: Using ProxyLODMeshReduction for automatic mesh merging
[2018.11.23-17.08.33:473][  0]LogMeshReduction: Using QuadricMeshReduction for automatic static mesh reduction
[2018.11.23-17.08.33:473][  0]LogMeshReduction: No automatic skeletal mesh reduction module available
[2018.11.23-17.08.33:543][  0]LogNetVersion: TGP_Project 1.0.0, NetCL: 4212847, EngineNetVer: 5, GameNetVer: 0 (Checksum: 95638710)
[2018.11.23-17.08.34:252][  0]LogPackageLocalizationCache: Processed 11 localized package path(s) for 2 prioritized culture(s) in 0.104585 seconds
[2018.11.23-17.08.34:260][  0]LogUObjectArray: 38425 objects as part of root set at end of initial load.
[2018.11.23-17.08.34:261][  0]LogUObjectAllocator: 6690872 out of 0 bytes used by permanent object pool.
[2018.11.23-17.08.34:261][  0]LogUObjectArray: CloseDisregardForGC: 0/0 objects in disregard for GC pool
[2018.11.23-17.08.36:747][  0]LogTcpMessaging: Initializing TcpMessaging bridge
[2018.11.23-17.08.36:766][  0]LogUdpMessaging: Initializing bridge on interface 0.0.0.0:0 to multicast group 230.0.0.1:6666.
[2018.11.23-17.08.37:035][  0]SourceControl: Source control is disabled
[2018.11.23-17.08.37:035][  0]SourceControl: Source control is disabled
[2018.11.23-17.08.37:040][  0]SourceControl: Source control is disabled
[2018.11.23-17.08.37:044][  0]SourceControl: Source control is disabled
[2018.11.23-17.08.37:363][  0]LogAndroidPermission: UAndroidPermissionCallbackProxy::GetInstance
[2018.11.23-17.08.37:517][  0]LogOcInput: OculusInput pre-init called
[2018.11.23-17.08.37:610][  0]LogEngine: Initializing Engine...
[2018.11.23-17.08.37:612][  0]LogHMD: Failed to initialize OpenVR with code 110
[2018.11.23-17.08.37:614][  0]LogStats: UGameplayTagsManager::ConstructGameplayTagTree: ImportINI prefixes -  0.000 s
[2018.11.23-17.08.37:614][  0]LogStats: UGameplayTagsManager::ConstructGameplayTagTree: Construct from data asset -  0.000 s
[2018.11.23-17.08.37:614][  0]LogStats: UGameplayTagsManager::ConstructGameplayTagTree: ImportINI -  0.000 s
[2018.11.23-17.08.37:614][  0]LogStats: UGameplayTagsManager::ConstructGameplayTagTree: GameplayTagTreeChangedEvent.Broadcast -  0.000 s
[2018.11.23-17.08.37:908][  0]LogInit: Initializing FReadOnlyCVARCache
[2018.11.23-17.08.37:932][  0]LogAIModule: Creating AISystem for world Untitled
[2018.11.23-17.08.37:969][  0]LogInit: XAudio2 using 'Headphones (4- Turtle Beach Recon 60P)' : 2 channels at 48 kHz using 16 bits per sample (channel mask 0x3)
[2018.11.23-17.08.37:997][  0]LogInit: FAudioDevice initialized.
[2018.11.23-17.08.37:997][  0]LogNetVersion: Set ProjectVersion to 1.0.0.0. Version Checksum will be recalculated on next use.
[2018.11.23-17.08.38:106][  0]LogDerivedDataCache: Saved boot cache 0.11s 71MB C:/Users/blued/AppData/Local/UnrealEngine/4.20/DerivedDataCache/Boot.ddc.
[2018.11.23-17.08.38:107][  0]LogInit: Texture streaming: Enabled
[2018.11.23-17.08.38:150][  0]LogEngineSessionManager: EngineSessionManager initialized
[2018.11.23-17.08.38:150][  0]LogEngineSessionManager: EngineSessionManager sent abnormal shutdown report. Type=Debugger, SessionId={FEFBB15B-4A4B-E077-4E6D-23BEADC09E64}
[2018.11.23-17.08.38:164][  0]LogInit: Transaction tracking system initialized
[2018.11.23-17.08.38:203][  0]BlueprintLog: New page: Editor Load
[2018.11.23-17.08.38:392][  0]LocalizationService: Localization service is disabled
[2018.11.23-17.08.38:837][  0]LogCook: Display: Max memory allowance for cook 16384mb min free memory 0mb
[2018.11.23-17.08.38:838][  0]LogCook: Display: Mobile HDR setting 1
[2018.11.23-17.08.38:838][  0]LogGameplayTags: Display: UGameplayTagsManager::DoneAddingNativeTags. DelegateIsBound: 0
[2018.11.23-17.08.38:838][  0]LogStats: UGameplayTagsManager::ConstructGameplayTagTree: ImportINI prefixes -  0.000 s
[2018.11.23-17.08.38:838][  0]LogStats: UGameplayTagsManager::ConstructGameplayTagTree: Construct from data asset -  0.000 s
[2018.11.23-17.08.38:838][  0]LogStats: UGameplayTagsManager::ConstructGameplayTagTree: ImportINI -  0.000 s
[2018.11.23-17.08.38:839][  0]LogStats: UGameplayTagsManager::ConstructGameplayTagTree: GameplayTagTreeChangedEvent.Broadcast -  0.000 s
[2018.11.23-17.08.39:109][  0]LogFileCache: Scanning file cache for directory 'D:/TGP_PairProject/TGP_Project/Content/' took 0.02s
[2018.11.23-17.08.39:109][  0]SourceControl: Source control is disabled
[2018.11.23-17.08.39:109][  0]Cmd: MAP LOAD FILE="D:/TGP_PairProject/TGP_Project/Content/BaseLevel.umap" TEMPLATE=0 SHOWPROGRESS=1 FEATURELEVEL=3
[2018.11.23-17.08.39:110][  0]LogEditorServer: Warning: Can't find file 'D:/TGP_PairProject/TGP_Project/Content/BaseLevel.umap'
[2018.11.23-17.08.39:110][  0]Cmd: MAP CHECKDEP NOCLEARLOG
[2018.11.23-17.08.39:312][  0]MapCheck: Map check complete: 0 Error(s), 0 Warning(s), took 202.43ms to complete.
[2018.11.23-17.08.39:313][  0]LogFileHelpers: Loading map 'BaseLevel' took 0.203
[2018.11.23-17.08.39:576][  0]LogSlate: Updating window title bar state: overlay mode, drag disabled, window buttons hidden, title bar hidden
[2018.11.23-17.08.39:587][  0]LogSlate: Updating window title bar state: overlay mode, drag disabled, window buttons hidden, title bar hidden
[2018.11.23-17.08.39:598][  0]LogSlate: Updating window title bar state: overlay mode, drag disabled, window buttons hidden, title bar hidden
[2018.11.23-17.08.39:608][  0]LogSlate: Updating window title bar state: overlay mode, drag disabled, window buttons hidden, title bar hidden
[2018.11.23-17.08.39:619][  0]LogCollectionManager: Loaded 0 collections in 0.001214 seconds
[2018.11.23-17.08.39:715][  0]LogFileCache: Scanning file cache for directory 'D:/TGP_PairProject/TGP_Project/Saved/Collections/' took 0.01s
[2018.11.23-17.08.39:716][  0]LogFileCache: Scanning file cache for directory 'D:/TGP_PairProject/TGP_Project/Content/Developers/blued/Collections/' took 0.01s
[2018.11.23-17.08.39:716][  0]LogFileCache: Scanning file cache for directory 'D:/TGP_PairProject/TGP_Project/Content/Collections/' took 0.01s
[2018.11.23-17.08.39:716][  0]LogCollectionManager: Rebuilt the GUID cache for 0 collections in 0.000001 seconds
[2018.11.23-17.08.39:734][  0]LogContentBrowser: Native class hierarchy populated in 0.0177 seconds. Added 2580 classes and 606 folders.
[2018.11.23-17.08.39:745][  0]LogContentBrowser: Native class hierarchy updated for 'WidgetCarousel' in 0.0004 seconds. Added 0 classes and 0 folders.
[2018.11.23-17.08.39:868][  0]LogContentBrowser: Native class hierarchy updated for 'AddContentDialog' in 0.0004 seconds. Added 0 classes and 0 folders.
[2018.11.23-17.08.39:880][  0]LogContentBrowser: Native class hierarchy updated for 'SceneOutliner' in 0.0005 seconds. Added 1 classes and 2 folders.
[2018.11.23-17.08.39:960][  0]LogSlate: Took 0.001202 seconds to synchronously load lazily loaded font '../../../Engine/Content/Slate/Fonts/Roboto-Regular.ttf' (155K)
[2018.11.23-17.08.39:965][  0]LogSlate: Took 0.001365 seconds to synchronously load lazily loaded font '../../../Engine/Content/Slate/Fonts/Roboto-Bold.ttf' (160K)
[2018.11.23-17.08.39:975][  0]LogSlate: Took 0.000995 seconds to synchronously load lazily loaded font '../../../Engine/Content/Editor/Slate/Fonts/FontAwesome.ttf' (139K)
[2018.11.23-17.08.40:101][  0]LogRenderer: Reallocating scene render targets to support 1208x552 Format 10 NumSamples 1 (Frame:1).
[2018.11.23-17.08.40:191][  0]LogSlate: Took 0.000983 seconds to synchronously load lazily loaded font '../../../Engine/Content/Slate/Fonts/Roboto-Light.ttf' (167K)
[2018.11.23-17.08.40:311][  0]LogContentBrowser: Native class hierarchy updated for 'HierarchicalLODOutliner' in 0.0004 seconds. Added 0 classes and 0 folders.
[2018.11.23-17.08.40:312][  0]LogLoad: (Engine Initialization) Total time: 15.20 seconds
[2018.11.23-17.08.40:312][  0]LogLoad: (Engine Initialization) Total Blueprint compile time: 0.00 seconds
[2018.11.23-17.08.40:322][  0]LogWindowsTextInputMethodSystem: Display: IME system now deactivated.
[2018.11.23-17.08.40:345][  0]LogContentStreaming: Texture pool size now 1000 MB
[2018.11.23-17.08.40:409][  1]LogAssetRegistry: Asset discovery search completed in 7.7583 seconds
[2018.11.23-17.08.40:411][  1]LogCollectionManager: Rebuilt the object cache for 0 collections in 0.000000 seconds (found 0 objects)
[2018.11.23-17.08.40:411][  1]LogCollectionManager: Fixed up redirectors for 0 collections in 0.000194 seconds (updated 0 objects)
[2018.11.23-17.09.19:345][646]LogSlate: FSceneViewport::OnFocusLost() reason 0
[2018.11.23-17.09.20:431][769]LogSlate: Took 0.000392 seconds to synchronously load lazily loaded font '../../../Engine/Content/Slate/Fonts/Roboto-Light.ttf' (167K)
[2018.11.23-17.09.20:449][769]LogLinker: Warning: Can't find file '/Game/Blueprints/BP_Civilian'
[2018.11.23-17.09.20:449][769]LogLinker: Warning: Can't find file for asset '/Game/Blueprints/BP_Civilian' while loading D:/TGP_PairProject/TGP_Project/Content/Levels/BaseLevel.umap.
[2018.11.23-17.09.20:450][769]LoadErrors: Error: /Game/Levels/BaseLevel : Can't find file for asset. /Game/Blueprints/BP_Civilian
[2018.11.23-17.09.20:451][769]LogLinker: Warning: Can't find file '/Game/Blueprints/BP_Civilian'
[2018.11.23-17.09.20:451][769]LogLinker: Warning: Can't find file for asset '/Game/Blueprints/BP_Civilian' while loading D:/TGP_PairProject/TGP_Project/Content/Levels/BaseLevel.umap.
[2018.11.23-17.09.20:451][769]LogLinker: Warning: Can't find file '/Game/Blueprints/BP_Civilian'
[2018.11.23-17.09.20:451][769]LogLinker: Warning: Can't find file for asset '/Game/Blueprints/BP_Civilian' while loading D:/TGP_PairProject/TGP_Project/Content/Levels/BaseLevel.umap.
[2018.11.23-17.09.20:452][769]LogLinker: Warning: Can't find file '/Game/Blueprints/BP_Civilian'
[2018.11.23-17.09.20:452][769]LogLinker: Warning: Can't find file for asset '/Game/Blueprints/BP_Civilian' while loading D:/TGP_PairProject/TGP_Project/Content/Levels/BaseLevel.umap.
[2018.11.23-17.09.20:453][769]LogLinker: Warning: Can't find file '/Game/Blueprints/BP_Civilian'
[2018.11.23-17.09.20:453][769]LogLinker: Warning: Can't find file for asset '/Game/Blueprints/BP_Civilian' while loading D:/TGP_PairProject/TGP_Project/Content/Levels/BaseLevel.umap.
[2018.11.23-17.09.20:460][769]LogLinker: Warning: Can't find file '/Game/Blueprints/BP_Civilian'
[2018.11.23-17.09.20:460][769]LogLinker: Warning: Can't find file for asset '/Game/Blueprints/BP_Civilian' while loading D:/TGP_PairProject/TGP_Project/Content/Levels/BaseLevel.umap.
[2018.11.23-17.09.20:461][769]LogLinker: Warning: Can't find file '/Game/Blueprints/BP_Civilian'
[2018.11.23-17.09.20:461][769]LogLinker: Warning: Can't find file for asset '/Game/Blueprints/BP_Civilian' while loading D:/TGP_PairProject/TGP_Project/Content/Levels/BaseLevel.umap.
[2018.11.23-17.09.20:462][769]LogLinker: Warning: Can't find file '/Game/Blueprints/BP_Civilian'
[2018.11.23-17.09.20:462][769]LogLinker: Warning: Can't find file for asset '/Game/Blueprints/BP_Civilian' while loading D:/TGP_PairProject/TGP_Project/Content/Levels/BaseLevel.umap.
[2018.11.23-17.09.20:463][769]LogLinker: Warning: Can't find file '/Game/Blueprints/BP_Civilian'
[2018.11.23-17.09.20:464][769]LogLinker: Warning: Can't find file for asset '/Game/Blueprints/BP_Civilian' while loading NULL.
[2018.11.23-17.09.20:464][769]LogLinker: Warning: Can't find file '/Game/Blueprints/BP_Civilian'
[2018.11.23-17.09.20:464][769]LogLinker: Warning: Can't find file for asset '/Game/Blueprints/BP_Civilian' while loading NULL.
[2018.11.23-17.09.20:490][769]LogTexture: Display: Building textures: HQ_Lightmap0_2 (AutoDXT, 64X64)
[2018.11.23-17.09.20:490][769]LogTexture: Display: Building textures: LQ_Lightmap_0_2 (DXT1, 64X64)
[2018.11.23-17.09.20:490][769]LogTexture: Display: Building textures: LQ_Lightmap_1_1 (DXT1, 128X128)
[2018.11.23-17.09.20:490][769]LogTexture: Display: Building textures: HQ_Lightmap1_1 (AutoDXT, 128X128)
[2018.11.23-17.09.20:496][769]LogAIModule: Creating AISystem for world BaseLevel
[2018.11.23-17.09.20:513][769]LogAssetEditorManager: Opening Asset editor for World /Game/Levels/BaseLevel.BaseLevel
[2018.11.23-17.09.20:642][769]Cmd: MAP LOAD FILE="D:/TGP_PairProject/TGP_Project/Content/Levels/BaseLevel.umap" TEMPLATE=0 SHOWPROGRESS=1 FEATURELEVEL=3
[2018.11.23-17.09.20:642][769]LightingResults: New page: Lighting Build
[2018.11.23-17.09.20:645][769]LogContentBrowser: Native class hierarchy updated for 'StatsViewer' in 0.0004 seconds. Added 5 classes and 0 folders.
[2018.11.23-17.09.20:646][769]LoadErrors: New page: Loading map: BaseLevel.umap
[2018.11.23-17.09.20:646][769]MapCheck: New page: Map Check
[2018.11.23-17.09.20:647][769]LightingResults: New page: Lighting Build
[2018.11.23-17.09.20:856][769]LogEditorServer: Finished looking for orphan Actors (0.000 secs)
[2018.11.23-17.09.20:957][769]Cmd: MAP CHECKDEP NOCLEARLOG
[2018.11.23-17.09.21:109][769]MapCheck: Map check complete: 0 Error(s), 0 Warning(s), took 150.724ms to complete.
[2018.11.23-17.09.21:111][769]LogFileHelpers: Loading map 'BaseLevel' took 0.470
[2018.11.23-17.09.21:155][769]LoadErrors: Warning: CreateExport: Failed to load Outer for resource 'Arrow': BP_Civilian_C /Game/Levels/BaseLevel.BaseLevel:PersistentLevel.BP_Civilian_2
[2018.11.23-17.09.21:155][769]LoadErrors: Warning: CreateExport: Failed to load Outer for resource 'CollisionCylinder': BP_Civilian_C /Game/Levels/BaseLevel.BaseLevel:PersistentLevel.BP_Civilian_2
[2018.11.23-17.09.21:155][769]LoadErrors: Warning: CreateExport: Failed to load Outer for resource 'CharMoveComp': BP_Civilian_C /Game/Levels/BaseLevel.BaseLevel:PersistentLevel.BP_Civilian_2
[2018.11.23-17.09.21:155][769]LoadErrors: Warning: CreateExport: Failed to load Outer for resource 'PawnSensor': BP_Civilian_C /Game/Levels/BaseLevel.BaseLevel:PersistentLevel.BP_Civilian_2
[2018.11.23-17.09.21:155][769]LoadErrors: Warning: CreateExport: Failed to load Outer for resource 'CharacterMesh0': BP_Civilian_C /Game/Levels/BaseLevel.BaseLevel:PersistentLevel.BP_Civilian_2
[2018.11.23-17.09.31:085][259]LogSlate: Window 'Pick Parent Class' being destroyed
[2018.11.23-17.09.39:263][223]LogAssetEditorManager: Opening Asset editor for Blueprint /Game/Blueprints/BP_Civilian.BP_Civilian
[2018.11.23-17.09.40:070][223]LogContentBrowser: Native class hierarchy updated for 'BlueprintGraph' in 0.0011 seconds. Added 116 classes and 0 folders.
[2018.11.23-17.09.41:377][224]LogRenderer: Reallocating scene render targets to support 1208x712 Format 10 NumSamples 1 (Frame:1).
[2018.11.23-17.09.58:941][299]BlueprintLog: New page: Compile BP_Civilian
[2018.11.23-17.10.04:401][868]LogSlate: Took 0.000923 seconds to synchronously load lazily loaded font '../../../Engine/Content/Slate/Fonts/Roboto-Italic.ttf' (157K)
[2018.11.23-17.10.06:562][118]LogSlate: FSceneViewport::OnFocusLost() reason 0
[2018.11.23-17.10.12:075][737]LogTemp: Repeating last play command: Simulate
[2018.11.23-17.10.12:096][737]LogPlayLevel: PlayLevel: No blueprints needed recompiling
[2018.11.23-17.10.12:112][737]PIE: New page: SIE session: BaseLevel (23 Nov 2018 17:10:12)
[2018.11.23-17.10.12:112][737]LogPlayLevel: Creating play world package: /Game/Levels/UEDPIE_0_BaseLevel
[2018.11.23-17.10.12:117][737]LogPlayLevel: PIE: StaticDuplicateObject took: (0.004552s)
[2018.11.23-17.10.12:118][737]LogAIModule: Creating AISystem for world BaseLevel
[2018.11.23-17.10.12:118][737]LogPlayLevel: PIE: World Init took: (0.001383s)
[2018.11.23-17.10.12:119][737]LogPlayLevel: PIE: Created PIE world by copying editor world from /Game/Levels/BaseLevel.BaseLevel to /Game/Levels/UEDPIE_0_BaseLevel.BaseLevel (0.006701s)
[2018.11.23-17.10.12:270][737]LogInit: XAudio2 using 'Headphones (4- Turtle Beach Recon 60P)' : 2 channels at 48 kHz using 16 bits per sample (channel mask 0x3)
[2018.11.23-17.10.12:286][737]LogInit: FAudioDevice initialized.
[2018.11.23-17.10.12:381][737]LogLoad: Game class is 'GameModeTemp_C'
[2018.11.23-17.10.12:384][737]LogWorld: Bringing World /Game/Levels/UEDPIE_0_BaseLevel.BaseLevel up for play (max tick rate 0) at 2018.11.23-17.10.12
[2018.11.23-17.10.12:386][737]LogWorld: Bringing up level for play took: 0.002109
[2018.11.23-17.10.12:406][737]LogContentBrowser: Native class hierarchy updated for 'MovieSceneCapture' in 0.0005 seconds. Added 10 classes and 0 folders.
[2018.11.23-17.10.12:406][737]LogGameMode: Display: Match State Changed from EnteringMap to WaitingToStart
[2018.11.23-17.10.12:407][737]LogGameState: Match State Changed from EnteringMap to WaitingToStart
[2018.11.23-17.10.12:408][737]PIE: Play in editor start time for /Game/Levels/UEDPIE_0_BaseLevel 0.336
