Log file open, 12/10/18 19:02:19
LogWindows: Failed to load 'aqProf.dll' (GetLastError=126)
LogWindows: File 'aqProf.dll' does not exist
LogWindows: Failed to load 'VSPerf140.dll' (GetLastError=126)
LogWindows: File 'VSPerf140.dll' does not exist
LogWindows: Failed to load 'VtuneApi.dll' (GetLastError=126)
LogWindows: File 'VtuneApi.dll' does not exist
LogWindows: Failed to load 'VtuneApi32e.dll' (GetLastError=126)
LogWindows: File 'VtuneApi32e.dll' does not exist
LogInit: Display: Running engine for game: TGP_Project
LogPlatformFile: Not using cached read wrapper
LogTaskGraph: Started task graph with 5 named threads and 23 total threads with 3 sets of task threads.
LogStats: Stats thread started at 0.475866
LogD3D11RHI: Loaded GFSDK_Aftermath_Lib.x64.dll
LogICUInternationalization: Display: ICU TimeZone Detection - Raw Offset: +0:00, Platform Override: ''
LogPluginManager: Mounting plugin Paper2D
LogPluginManager: Mounting plugin AISupport
LogPluginManager: Mounting plugin LightPropagationVolume
LogPluginManager: Mounting plugin CLionSourceCodeAccess
LogPluginManager: Mounting plugin CodeLiteSourceCodeAccess
LogPluginManager: Mounting plugin GitSourceControl
LogPluginManager: Mounting plugin KDevelopSourceCodeAccess
LogPluginManager: Mounting plugin NullSourceCodeAccess
LogPluginManager: Mounting plugin PerforceSourceControl
LogPluginManager: Mounting plugin SubversionSourceControl
LogPluginManager: Mounting plugin UObjectPlugin
LogPluginManager: Mounting plugin VisualStudioCodeSourceCodeAccess
LogPluginManager: Mounting plugin VisualStudioSourceCodeAccess
LogPluginManager: Mounting plugin XCodeSourceCodeAccess
LogPluginManager: Mounting plugin AssetManagerEditor
LogPluginManager: Mounting plugin CryptoKeys
LogPluginManager: Mounting plugin DataValidation
LogPluginManager: Mounting plugin FacialAnimation
LogPluginManager: Mounting plugin GameplayTagsEditor
LogPluginManager: Mounting plugin MacGraphicsSwitching
LogPluginManager: Mounting plugin MeshEditor
LogPluginManager: Mounting plugin MobileLauncherProfileWizard
LogPluginManager: Mounting plugin PluginBrowser
LogPluginManager: Mounting plugin SpeedTreeImporter
LogPluginManager: Mounting plugin DatasmithContent
LogPluginManager: Mounting plugin AlembicImporter
LogPluginManager: Mounting plugin AppleImageUtils
LogPluginManager: Mounting plugin AppleVision
LogPluginManager: Mounting plugin BackChannel
LogPluginManager: Mounting plugin CharacterAI
LogPluginManager: Mounting plugin GeometryCache
LogPluginManager: Mounting plugin HTML5Networking
LogPluginManager: Mounting plugin ProxyLODPlugin
LogPluginManager: Mounting plugin MagicLeap
LogPluginManager: Mounting plugin MagicLeapEmulator
LogPluginManager: Mounting plugin MagicLeapMedia
LogPluginManager: Mounting plugin AndroidMedia
LogPluginManager: Mounting plugin AvfMedia
LogPluginManager: Mounting plugin ImgMedia
LogPluginManager: Mounting plugin LinearTimecode
LogPluginManager: Mounting plugin MediaCompositing
LogPluginManager: Mounting plugin MediaPlayerEditor
LogPluginManager: Mounting plugin WmfMedia
LogPluginManager: Mounting plugin TcpMessaging
LogPluginManager: Mounting plugin UdpMessaging
LogPluginManager: Mounting plugin ActorSequence
LogPluginManager: Mounting plugin LevelSequenceEditor
LogPluginManager: Mounting plugin MatineeToLevelSequence
LogPluginManager: Mounting plugin NetcodeUnitTest
LogPluginManager: Mounting plugin NUTUnrealEngine4
LogPluginManager: Mounting plugin OnlineSubsystemGooglePlay
LogPluginManager: Mounting plugin OnlineSubsystemIOS
LogPluginManager: Mounting plugin OnlineSubsystem
LogPluginManager: Mounting plugin OnlineSubsystemNull
LogPluginManager: Mounting plugin OnlineSubsystemUtils
LogPluginManager: Mounting plugin LauncherChunkInstaller
LogPluginManager: Mounting plugin AndroidDeviceProfileSelector
LogPluginManager: Mounting plugin AndroidMoviePlayer
LogPluginManager: Mounting plugin AndroidPermission
LogPluginManager: Mounting plugin AppleMoviePlayer
LogPluginManager: Mounting plugin ArchVisCharacter
LogPluginManager: Mounting plugin AudioCapture
LogPluginManager: Mounting plugin CableComponent
LogPluginManager: Mounting plugin CustomMeshComponent
LogPluginManager: Mounting plugin EditableMesh
LogPluginManager: Mounting plugin ExampleDeviceProfileSelector
LogPluginManager: Mounting plugin GoogleCloudMessaging
LogPluginManager: Mounting plugin ImmediatePhysics
LogPluginManager: Mounting plugin IOSDeviceProfileSelector
LogPluginManager: Mounting plugin LinuxDeviceProfileSelector
LogPluginManager: Mounting plugin LocationServicesBPLibrary
LogPluginManager: Mounting plugin MobilePatchingUtils
LogPluginManager: Mounting plugin OculusVR
LogPluginManager: Plugin shader directory ../../../Engine/Plugins/Runtime/Oculus/OculusVR/Shaders found
LogPluginManager: Mapping shader source directory ../../../Engine/Plugins/Runtime/Oculus/OculusVR/Shaders to virtual directory /Plugin/OculusVR
LogPluginManager: Mounting plugin PhysXVehicles
LogPluginManager: Mounting plugin ProceduralMeshComponent
LogPluginManager: Mounting plugin RuntimePhysXCooking
LogPluginManager: Mounting plugin SteamVR
LogPluginManager: Mounting plugin WindowsMoviePlayer
LogStreaming: Display: Took  0.144s to configure plugins.
LogInit: Using libcurl 7.55.1-DEV
LogInit:  - built for x86_64-pc-win32
LogInit:  - supports SSL with OpenSSL/1.0.2h
LogInit:  - supports HTTP deflate (compression) using libz 1.2.8
LogInit:  - other features:
LogInit:      CURL_VERSION_SSL
LogInit:      CURL_VERSION_LIBZ
LogInit:      CURL_VERSION_IPV6
LogInit:      CURL_VERSION_ASYNCHDNS
LogInit:      CURL_VERSION_LARGEFILE
LogInit:      CURL_VERSION_IDN
LogInit:  CurlRequestOptions (configurable via config and command line):
LogInit:  - bVerifyPeer = false  - Libcurl will NOT verify peer certificate
LogInit:  - bUseHttpProxy = false  - Libcurl will NOT use HTTP proxy
LogInit:  - bDontReuseConnections = false  - Libcurl will reuse connections
LogInit:  - CertBundlePath = nullptr  - Libcurl will use whatever was configured at build time.
LogInit:  - MaxHostConnections = 16  - Libcurl will limit the number of connections to a host
LogInit:  - LocalHostAddr = Default
LogInit:  - BufferSize = 65536
LogInit: WinSock: version 1.1 (2.2), MaxSocks=32767, MaxUdp=65467
LogInit: Build: ++UE4+Release-4.20-CL-4369336
LogInit: Engine Version: 4.20.3-4369336+++UE4+Release-4.20
LogInit: Compatible Engine Version: 4.20.0-4212847+++UE4+Release-4.20
LogInit: Net CL: 4212847
LogInit: OS: Windows 10 (), CPU: AMD FX(tm)-8320 Eight-Core Processor           , GPU: AMD Radeon (TM) R9 380 Series
LogInit: Compiled (64-bit): Sep 17 2018 12:26:19
LogInit: Compiled with Visual C++: 19.13.26129.00
LogInit: Build Configuration: Development
LogInit: Branch Name: ++UE4+Release-4.20
LogInit: Command Line:  -skipcompile
LogInit: Base Directory: C:/Users/blued/Documents/UE_4.20/Engine/Binaries/Win64/
LogInit: Installed Engine Build: 1
LogDevObjectVersion: Number of dev versions registered: 20
LogDevObjectVersion:   Dev-Blueprints (B0D832E4-1F89-4F0D-ACCF-7EB736FD4AA2): 10
LogDevObjectVersion:   Dev-Build (E1C64328-A22C-4D53-A36C-8E866417BD8C): 0
LogDevObjectVersion:   Dev-Core (375EC13C-06E4-48FB-B500-84F0262A717E): 2
LogDevObjectVersion:   Dev-Editor (E4B068ED-F494-42E9-A231-DA0B2E46BB41): 24
LogDevObjectVersion:   Dev-Framework (CFFC743F-43B0-4480-9391-14DF171D2073): 34
LogDevObjectVersion:   Dev-Mobile (B02B49B5-BB20-44E9-A304-32B752E40360): 2
LogDevObjectVersion:   Dev-Networking (A4E4105C-59A1-49B5-A7C5-40C4547EDFEE): 0
LogDevObjectVersion:   Dev-Online (39C831C9-5AE6-47DC-9A44-9C173E1C8E7C): 0
LogDevObjectVersion:   Dev-Physics (78F01B33-EBEA-4F98-B9B4-84EACCB95AA2): 0
LogDevObjectVersion:   Dev-Platform (6631380F-2D4D-43E0-8009-CF276956A95A): 0
LogDevObjectVersion:   Dev-Rendering (12F88B9F-8875-4AFC-A67C-D90C383ABD29): 26
LogDevObjectVersion:   Dev-Sequencer (7B5AE74C-D270-4C10-A958-57980B212A5A): 9
LogDevObjectVersion:   Dev-VR (D7296918-1DD6-4BDD-9DE2-64A83CC13884): 2
LogDevObjectVersion:   Dev-LoadTimes (C2A15278-BFE7-4AFE-6C17-90FF531DF755): 1
LogDevObjectVersion:   Private-Geometry (6EACA3D4-40EC-4CC1-B786-8BED09428FC5): 3
LogDevObjectVersion:   Dev-AnimPhys (29E575DD-E0A3-4627-9D10-D276232CDCEA): 17
LogDevObjectVersion:   Dev-ReflectionCapture (6B266CEC-1EC7-4B8F-A30B-E4D90942FC07): 1
LogDevObjectVersion:   Dev-Automation (0DF73D61-A23F-47EA-B727-89E90C41499A): 1
LogDevObjectVersion:   FortniteMain (601D1886-AC64-4F84-AA16-D3DE0DEAC7D6): 12
LogDevObjectVersion:   Dev-Enterprise (9DFFBCD6-494F-0158-E221-12823C92A888): 1
LogStreaming: Display: Took  0.002s to delete old logs.
LogInit: Presizing for max 8388607 objects, including 0 objects not considered by GC, pre-allocating 0 bytes for permanent pool.
LogInit: Object subsystem initialized
[2018.12.10-19.02.20:239][  0]LogInit: Selected Device Profile: [Windows]
[2018.12.10-19.02.20:239][  0]LogInit: Applying CVar settings loaded from the selected device profile: [Windows]
[2018.12.10-19.02.20:253][  0]LogHAL: Display: Platform has ~ 16 GB [17071263744 / 17179869184 / 16], which maps to Larger [LargestMinGB=32, LargerMinGB=12, DefaultMinGB=8, SmallerMinGB=6, SmallestMinGB=0)
[2018.12.10-19.02.20:254][  0]LogInit: Setting Device Profile CVar: [[r.Vulkan.UseRealUBs:1]]
[2018.12.10-19.02.20:254][  0]LogInit: Going up to parent DeviceProfile []
[2018.12.10-19.02.20:255][  0]LogInit: Computer: DESKTOP-JAN50R2
[2018.12.10-19.02.20:255][  0]LogInit: User: blued
[2018.12.10-19.02.20:255][  0]LogInit: CPU Page size=4096, Cores=4
[2018.12.10-19.02.20:255][  0]LogInit: High frequency timer resolution =3.429411 MHz
[2018.12.10-19.02.20:256][  0]LogMemory: Memory total: Physical=15.9GB (16GB approx)
[2018.12.10-19.02.20:256][  0]LogMemory: Platform Memory Stats for Windows
[2018.12.10-19.02.20:256][  0]LogMemory: Process Physical Memory: 102.61 MB used, 102.61 MB peak
[2018.12.10-19.02.20:256][  0]LogMemory: Process Virtual Memory: 89.38 MB used, 89.38 MB peak
[2018.12.10-19.02.20:256][  0]LogMemory: Physical Memory: 6084.18 MB used,  10196.25 MB free, 16280.43 MB total
[2018.12.10-19.02.20:256][  0]LogMemory: Virtual Memory: 4643.36 MB used,  10196.25 MB free, 134217728.00 MB total
[2018.12.10-19.02.20:421][  0]LogInit: Using OS detected language (en-US).
[2018.12.10-19.02.20:421][  0]LogInit: Using OS detected locale (en-GB).
[2018.12.10-19.02.20:422][  0]LogTextLocalizationManager: No specific localization for 'en-US' exists, so the 'en' localization will be used.
[2018.12.10-19.02.20:928][  0]LogStreaming: Display: Took  0.507s to InitEngineTextLocalization.
[2018.12.10-19.02.20:928][  0]LogInit: Setting process to per monitor DPI aware
[2018.12.10-19.02.21:072][  0]LogSlate: New Slate User Created.  User Index 0, Is Virtual User: 0
[2018.12.10-19.02.21:072][  0]LogSlate: Slate User Registered.  User Index 0, Is Virtual User: 0
[2018.12.10-19.02.22:081][  0]LogHMD: Failed to initialize OpenVR with code 110
[2018.12.10-19.02.22:081][  0]LogD3D11RHI: D3D11 adapters:
[2018.12.10-19.02.22:165][  0]LogD3D11RHI:    0. 'AMD Radeon (TM) R9 380 Series' (Feature Level 11_0)
[2018.12.10-19.02.22:166][  0]LogD3D11RHI:       4071/0/8140 MB DedicatedVideo/DedicatedSystem/SharedSystem, Outputs:2, VendorId:0x1002
[2018.12.10-19.02.22:174][  0]LogD3D11RHI:    1. 'Microsoft Basic Render Driver' (Feature Level 11_0)
[2018.12.10-19.02.22:174][  0]LogD3D11RHI:       0/0/8140 MB DedicatedVideo/DedicatedSystem/SharedSystem, Outputs:0, VendorId:0x1414
[2018.12.10-19.02.22:174][  0]LogD3D11RHI: Chosen D3D11 Adapter: 0
[2018.12.10-19.02.22:188][  0]LogD3D11RHI: Creating new Direct3DDevice
[2018.12.10-19.02.22:188][  0]LogD3D11RHI:     GPU DeviceId: 0x6938 (for the marketing name, search the web for "GPU Device Id")
[2018.12.10-19.02.22:188][  0]LogWindows: EnumDisplayDevices:
[2018.12.10-19.02.22:189][  0]LogWindows:    0. 'AMD Radeon (TM) R9 380 Series' (P:1 D:1)
[2018.12.10-19.02.22:190][  0]LogWindows:    1. 'AMD Radeon (TM) R9 380 Series' (P:0 D:1)
[2018.12.10-19.02.22:191][  0]LogWindows:    2. 'AMD Radeon (TM) R9 380 Series' (P:0 D:0)
[2018.12.10-19.02.22:191][  0]LogWindows:    3. 'AMD Radeon (TM) R9 380 Series' (P:0 D:0)
[2018.12.10-19.02.22:192][  0]LogWindows:    4. 'AMD Radeon (TM) R9 380 Series' (P:0 D:0)
[2018.12.10-19.02.22:193][  0]LogWindows:    5. 'AMD Radeon (TM) R9 380 Series' (P:0 D:0)
[2018.12.10-19.02.22:194][  0]LogWindows:    6. 'AMD Radeon (TM) R9 380 Series' (P:0 D:0)
[2018.12.10-19.02.22:194][  0]LogWindows:    7. 'AMD Radeon (TM) R9 380 Series' (P:0 D:0)
[2018.12.10-19.02.22:195][  0]LogWindows:    8. 'AMD Radeon (TM) R9 380 Series' (P:0 D:0)
[2018.12.10-19.02.22:196][  0]LogWindows:    9. 'AMD Radeon (TM) R9 380 Series' (P:0 D:0)
[2018.12.10-19.02.22:197][  0]LogWindows:    10. 'AMD Radeon (TM) R9 380 Series' (P:0 D:0)
[2018.12.10-19.02.22:197][  0]LogWindows:    11. 'AMD Radeon (TM) R9 380 Series' (P:0 D:0)
[2018.12.10-19.02.22:198][  0]LogWindows:    12. 'AMD Radeon (TM) R9 380 Series' (P:0 D:0)
[2018.12.10-19.02.22:199][  0]LogWindows:    13. 'AMD Radeon (TM) R9 380 Series' (P:0 D:0)
[2018.12.10-19.02.22:199][  0]LogWindows:    14. 'AMD Radeon (TM) R9 380 Series' (P:0 D:0)
[2018.12.10-19.02.22:200][  0]LogWindows:    15. 'AMD Radeon (TM) R9 380 Series' (P:0 D:0)
[2018.12.10-19.02.22:200][  0]LogWindows: DebugString: FoundDriverCount:16 
[2018.12.10-19.02.22:200][  0]LogD3D11RHI:     Adapter Name: AMD Radeon (TM) R9 380 Series
[2018.12.10-19.02.22:201][  0]LogD3D11RHI:   Driver Version: Adrenalin 18.10.2 (internal:25.20.14007.1000, unified:25.20.14007.1000)
[2018.12.10-19.02.22:201][  0]LogD3D11RHI:      Driver Date: 10-19-2018
[2018.12.10-19.02.22:201][  0]LogRHI: Texture pool is 2850 MB (70% of 4071 MB)
[2018.12.10-19.02.22:380][  0]LogD3D11RHI: Async texture creation enabled
[2018.12.10-19.02.22:394][  0]LogD3D11RHI: GPU Timing Frequency: 27.000000 (Debug: 2 1)
[2018.12.10-19.02.22:396][  0]LogShaderCompilers: Guid format shader working directory is 9 characters bigger than the processId version (D:/GitHub/TGP_PairProject/TGP_Project/Intermediate/Shaders/WorkingDirectory/2212/).
[2018.12.10-19.02.22:397][  0]LogShaderCompilers: Cleaned the shader compiler working directory 'C:/Users/blued/AppData/Local/Temp/UnrealShaderWorkingDir/A7D3EC31438B5418512DA19990E1AF7D/'.
[2018.12.10-19.02.22:747][  0]LogTemp: Display: Loaded TP AllDesktopTargetPlatform
[2018.12.10-19.02.22:775][  0]LogTemp: Display: Loaded TP MacClientTargetPlatform
[2018.12.10-19.02.22:802][  0]LogTemp: Display: Loaded TP MacNoEditorTargetPlatform
[2018.12.10-19.02.22:829][  0]LogTemp: Display: Loaded TP MacServerTargetPlatform
[2018.12.10-19.02.22:857][  0]LogTemp: Display: Loaded TP MacTargetPlatform
[2018.12.10-19.02.22:888][  0]LogTemp: Display: Loaded TP WindowsClientTargetPlatform
[2018.12.10-19.02.22:916][  0]LogTemp: Display: Loaded TP WindowsNoEditorTargetPlatform
[2018.12.10-19.02.22:944][  0]LogTemp: Display: Loaded TP WindowsServerTargetPlatform
[2018.12.10-19.02.22:957][  0]LogTemp: Display: Loaded TP WindowsTargetPlatform
[2018.12.10-19.02.23:100][  0]LogTemp: Display: Loaded TP AndroidTargetPlatform
[2018.12.10-19.02.23:100][  0]LogTemp: Display: Loaded TP AndroidTargetPlatform
[2018.12.10-19.02.23:100][  0]LogTemp: Display: Loaded TP AndroidTargetPlatform
[2018.12.10-19.02.23:100][  0]LogTemp: Display: Loaded TP AndroidTargetPlatform
[2018.12.10-19.02.23:100][  0]LogTemp: Display: Loaded TP AndroidTargetPlatform
[2018.12.10-19.02.23:100][  0]LogTemp: Display: Loaded TP AndroidTargetPlatform
[2018.12.10-19.02.23:100][  0]LogTemp: Display: Loaded TP AndroidTargetPlatform
[2018.12.10-19.02.23:100][  0]LogTemp: Display: Loaded TP AndroidTargetPlatform
[2018.12.10-19.02.23:100][  0]LogTemp: Display: Loaded TP AndroidTargetPlatform
[2018.12.10-19.02.23:100][  0]LogTemp: Display: Loaded TP AndroidTargetPlatform
[2018.12.10-19.02.23:101][  0]LogTemp: Display: Loaded TP AndroidTargetPlatform
[2018.12.10-19.02.23:101][  0]LogTemp: Display: Loaded TP AndroidTargetPlatform
[2018.12.10-19.02.23:101][  0]LogTemp: Display: Loaded TP AndroidTargetPlatform
[2018.12.10-19.02.23:101][  0]LogTemp: Display: Loaded TP AndroidTargetPlatform
[2018.12.10-19.02.23:101][  0]LogTemp: Display: Loaded TP AndroidTargetPlatform
[2018.12.10-19.02.23:101][  0]LogTemp: Display: Loaded TP AndroidTargetPlatform
[2018.12.10-19.02.23:101][  0]LogTemp: Display: Loaded TP AndroidTargetPlatform
[2018.12.10-19.02.23:101][  0]LogTemp: Display: Loaded TP AndroidTargetPlatform
[2018.12.10-19.02.23:106][  0]LogTemp: Display: Loaded TP HTML5TargetPlatform
[2018.12.10-19.02.23:204][  0]LogTemp: Display: Loaded TP IOSTargetPlatform
[2018.12.10-19.02.23:204][  0]LogTemp: Display: Loaded TP IOSTargetPlatform
[2018.12.10-19.02.23:254][  0]LogTemp: Display: Loaded TP TVOSTargetPlatform
[2018.12.10-19.02.23:254][  0]LogTemp: Display: Loaded TP TVOSTargetPlatform
[2018.12.10-19.02.23:283][  0]LogTemp: Display: Loaded TP LinuxClientTargetPlatform
[2018.12.10-19.02.23:310][  0]LogTemp: Display: Loaded TP LinuxNoEditorTargetPlatform
[2018.12.10-19.02.23:337][  0]LogTemp: Display: Loaded TP LinuxServerTargetPlatform
[2018.12.10-19.02.23:368][  0]LogTemp: Display: Loaded TP LinuxTargetPlatform
[2018.12.10-19.02.23:388][  0]LogTemp: Display: Loaded TP LuminTargetPlatform
[2018.12.10-19.02.23:388][  0]LogTargetPlatformManager: Display: Building Assets For Windows
[2018.12.10-19.02.23:570][  0]LogXGEController: Cleaning working directory: C:/Users/blued/AppData/Local/Temp/UnrealXGEWorkingDir/
[2018.12.10-19.02.23:570][  0]LogXGEController: Cannot use XGE Controller as Incredibuild is not installed on this machine.
[2018.12.10-19.02.23:570][  0]LogShaderCompilers: Cannot use XGE Shader Compiler as Incredibuild is not installed on this machine.
[2018.12.10-19.02.23:570][  0]LogShaderCompilers: Display: Using Local Shader Compiler.
[2018.12.10-19.02.24:950][  0]LogDerivedDataCache: Display: Max Cache Size: 512 MB
[2018.12.10-19.02.25:052][  0]LogDerivedDataCache: Loaded boot cache 0.10s 71MB C:/Users/blued/AppData/Local/UnrealEngine/4.20/DerivedDataCache/Boot.ddc.
[2018.12.10-19.02.25:054][  0]LogDerivedDataCache: Display: Loaded Boot cache: C:/Users/blued/AppData/Local/UnrealEngine/4.20/DerivedDataCache/Boot.ddc
[2018.12.10-19.02.25:054][  0]LogDerivedDataCache: FDerivedDataBackendGraph:  Pak pak cache file D:/GitHub/TGP_PairProject/TGP_Project/DerivedDataCache/DDC.ddp not found, will not use a pak cache.
[2018.12.10-19.02.25:054][  0]LogDerivedDataCache: Unable to find inner node Pak for hierarchical cache Hierarchy.
[2018.12.10-19.02.25:054][  0]LogDerivedDataCache: FDerivedDataBackendGraph:  CompressedPak pak cache file D:/GitHub/TGP_PairProject/TGP_Project/DerivedDataCache/Compressed.ddp not found, will not use a pak cache.
[2018.12.10-19.02.25:055][  0]LogDerivedDataCache: Unable to find inner node CompressedPak for hierarchical cache Hierarchy.
[2018.12.10-19.02.25:074][  0]LogDerivedDataCache: Display: Pak cache opened for reading ../../../Engine/DerivedDataCache/Compressed.ddp.
[2018.12.10-19.02.25:088][  0]LogDerivedDataCache: Using Local data cache path C:/Users/blued/AppData/Local/UnrealEngine/Common/DerivedDataCache: Writable
[2018.12.10-19.02.25:088][  0]LogDerivedDataCache: Shared data cache path not found in *engine.ini, will not use an Shared cache.
[2018.12.10-19.02.25:088][  0]LogDerivedDataCache: Unable to find inner node Shared for hierarchical cache Hierarchy.
[2018.12.10-19.02.25:118][  0]LogMaterial: Verifying Global Shaders for PCD3D_SM5
[2018.12.10-19.02.25:120][  0]LogSlate: Using FreeType 2.6.0
[2018.12.10-19.02.25:123][  0]LogSlate: SlateFontServices - WITH_FREETYPE: 1, WITH_HARFBUZZ: 1
[2018.12.10-19.02.25:328][  0]LogAssetRegistry: FAssetRegistry took 0.0308 seconds to start up
[2018.12.10-19.02.25:889][  0]LogInit: Selected Device Profile: [Windows]
[2018.12.10-19.02.26:118][  0]LogSimplygon: Simplygon DLL not present - disabling.
[2018.12.10-19.02.26:139][  0]LogMeshReduction: Using SimplygonSwarm for distributed automatic mesh merging
[2018.12.10-19.02.26:139][  0]LogMeshReduction: Using ProxyLODMeshReduction for automatic mesh merging
[2018.12.10-19.02.26:140][  0]LogMeshReduction: Using QuadricMeshReduction for automatic static mesh reduction
[2018.12.10-19.02.26:140][  0]LogMeshReduction: No automatic skeletal mesh reduction module available
[2018.12.10-19.02.26:215][  0]LogNetVersion: TGP_Project 1.0.0, NetCL: 4212847, EngineNetVer: 5, GameNetVer: 0 (Checksum: 95638710)
[2018.12.10-19.02.26:966][  0]LogPackageLocalizationCache: Processed 11 localized package path(s) for 2 prioritized culture(s) in 0.111601 seconds
[2018.12.10-19.02.26:975][  0]LogUObjectArray: 38425 objects as part of root set at end of initial load.
[2018.12.10-19.02.26:975][  0]LogUObjectAllocator: 6690864 out of 0 bytes used by permanent object pool.
[2018.12.10-19.02.26:975][  0]LogUObjectArray: CloseDisregardForGC: 0/0 objects in disregard for GC pool
[2018.12.10-19.02.29:532][  0]LogTcpMessaging: Initializing TcpMessaging bridge
[2018.12.10-19.02.29:550][  0]LogUdpMessaging: Initializing bridge on interface 0.0.0.0:0 to multicast group 230.0.0.1:6666.
[2018.12.10-19.02.29:827][  0]SourceControl: Source control is disabled
[2018.12.10-19.02.29:827][  0]SourceControl: Source control is disabled
[2018.12.10-19.02.29:832][  0]SourceControl: Source control is disabled
[2018.12.10-19.02.29:837][  0]SourceControl: Source control is disabled
[2018.12.10-19.02.30:159][  0]LogAndroidPermission: UAndroidPermissionCallbackProxy::GetInstance
[2018.12.10-19.02.30:357][  0]LogOcInput: OculusInput pre-init called
[2018.12.10-19.02.30:452][  0]LogEngine: Initializing Engine...
[2018.12.10-19.02.30:453][  0]LogHMD: Failed to initialize OpenVR with code 110
[2018.12.10-19.02.30:455][  0]LogStats: UGameplayTagsManager::ConstructGameplayTagTree: ImportINI prefixes -  0.000 s
[2018.12.10-19.02.30:456][  0]LogStats: UGameplayTagsManager::ConstructGameplayTagTree: Construct from data asset -  0.000 s
[2018.12.10-19.02.30:456][  0]LogStats: UGameplayTagsManager::ConstructGameplayTagTree: ImportINI -  0.000 s
[2018.12.10-19.02.30:456][  0]LogStats: UGameplayTagsManager::ConstructGameplayTagTree: GameplayTagTreeChangedEvent.Broadcast -  0.000 s
[2018.12.10-19.02.30:755][  0]LogInit: Initializing FReadOnlyCVARCache
[2018.12.10-19.02.30:775][  0]LogAIModule: Creating AISystem for world Untitled
[2018.12.10-19.02.30:811][  0]LogInit: XAudio2 using 'Headphones (4- Turtle Beach Recon 60P)' : 2 channels at 48 kHz using 16 bits per sample (channel mask 0x3)
[2018.12.10-19.02.30:839][  0]LogInit: FAudioDevice initialized.
[2018.12.10-19.02.30:839][  0]LogNetVersion: Set ProjectVersion to 1.0.0.0. Version Checksum will be recalculated on next use.
[2018.12.10-19.02.30:954][  0]LogDerivedDataCache: Saved boot cache 0.11s 71MB C:/Users/blued/AppData/Local/UnrealEngine/4.20/DerivedDataCache/Boot.ddc.
[2018.12.10-19.02.30:955][  0]LogInit: Texture streaming: Enabled
[2018.12.10-19.02.30:990][  0]LogEngineSessionManager: EngineSessionManager initialized
[2018.12.10-19.02.30:990][  0]LogEngineSessionManager: EngineSessionManager sent abnormal shutdown report. Type=Debugger, SessionId={41B2642C-4D66-17C6-6084-F1A5CB0F656E}
[2018.12.10-19.02.31:006][  0]LogInit: Transaction tracking system initialized
[2018.12.10-19.02.31:054][  0]BlueprintLog: New page: Editor Load
[2018.12.10-19.02.31:248][  0]LocalizationService: Localization service is disabled
[2018.12.10-19.02.31:664][  0]LogCook: Display: Max memory allowance for cook 16384mb min free memory 0mb
[2018.12.10-19.02.31:664][  0]LogCook: Display: Mobile HDR setting 1
[2018.12.10-19.02.31:665][  0]LogGameplayTags: Display: UGameplayTagsManager::DoneAddingNativeTags. DelegateIsBound: 0
[2018.12.10-19.02.31:665][  0]LogStats: UGameplayTagsManager::ConstructGameplayTagTree: ImportINI prefixes -  0.000 s
[2018.12.10-19.02.31:665][  0]LogStats: UGameplayTagsManager::ConstructGameplayTagTree: Construct from data asset -  0.000 s
[2018.12.10-19.02.31:665][  0]LogStats: UGameplayTagsManager::ConstructGameplayTagTree: ImportINI -  0.000 s
[2018.12.10-19.02.31:665][  0]LogStats: UGameplayTagsManager::ConstructGameplayTagTree: GameplayTagTreeChangedEvent.Broadcast -  0.000 s
[2018.12.10-19.02.31:974][  0]LogFileCache: Scanning file cache for directory 'D:/GitHub/TGP_PairProject/TGP_Project/Content/' took 0.02s
[2018.12.10-19.02.31:975][  0]SourceControl: Source control is disabled
[2018.12.10-19.02.31:975][  0]Cmd: MAP LOAD FILE="D:/GitHub/TGP_PairProject/TGP_Project/Content/Levels/BaseLevel.umap" TEMPLATE=0 SHOWPROGRESS=1 FEATURELEVEL=3
[2018.12.10-19.02.31:976][  0]LightingResults: New page: Lighting Build
[2018.12.10-19.02.31:979][  0]MapCheck: New page: Map Check
[2018.12.10-19.02.31:979][  0]LightingResults: New page: Lighting Build
[2018.12.10-19.02.32:270][  0]LogAIModule: Creating AISystem for world BaseLevel
[2018.12.10-19.02.32:278][  0]LogEditorServer: Finished looking for orphan Actors (0.000 secs)
[2018.12.10-19.02.32:402][  0]Cmd: MAP CHECKDEP NOCLEARLOG
[2018.12.10-19.02.32:614][  0]MapCheck: Map check complete: 0 Error(s), 0 Warning(s), took 211.812ms to complete.
[2018.12.10-19.02.32:614][  0]LogFileHelpers: Loading map 'BaseLevel' took 0.639
[2018.12.10-19.02.32:870][  0]LogSlate: Updating window title bar state: overlay mode, drag disabled, window buttons hidden, title bar hidden
[2018.12.10-19.02.32:886][  0]LogSlate: Updating window title bar state: overlay mode, drag disabled, window buttons hidden, title bar hidden
[2018.12.10-19.02.32:900][  0]LogSlate: Updating window title bar state: overlay mode, drag disabled, window buttons hidden, title bar hidden
[2018.12.10-19.02.32:911][  0]LogSlate: Updating window title bar state: overlay mode, drag disabled, window buttons hidden, title bar hidden
[2018.12.10-19.02.32:923][  0]LogCollectionManager: Loaded 0 collections in 0.001557 seconds
[2018.12.10-19.02.33:019][  0]LogFileCache: Scanning file cache for directory 'D:/GitHub/TGP_PairProject/TGP_Project/Saved/Collections/' took 0.01s
[2018.12.10-19.02.33:019][  0]LogFileCache: Scanning file cache for directory 'D:/GitHub/TGP_PairProject/TGP_Project/Content/Developers/blued/Collections/' took 0.01s
[2018.12.10-19.02.33:020][  0]LogFileCache: Scanning file cache for directory 'D:/GitHub/TGP_PairProject/TGP_Project/Content/Collections/' took 0.01s
[2018.12.10-19.02.33:020][  0]LogCollectionManager: Rebuilt the GUID cache for 0 collections in 0.000000 seconds
[2018.12.10-19.02.33:038][  0]LogContentBrowser: Native class hierarchy populated in 0.0179 seconds. Added 2585 classes and 606 folders.
[2018.12.10-19.02.33:048][  0]LogContentBrowser: Native class hierarchy updated for 'WidgetCarousel' in 0.0004 seconds. Added 0 classes and 0 folders.
[2018.12.10-19.02.33:163][  0]LogContentBrowser: Native class hierarchy updated for 'AddContentDialog' in 0.0004 seconds. Added 0 classes and 0 folders.
[2018.12.10-19.02.33:174][  0]LogContentBrowser: Native class hierarchy updated for 'SceneOutliner' in 0.0005 seconds. Added 1 classes and 2 folders.
[2018.12.10-19.02.33:256][  0]LogSlate: Took 0.001873 seconds to synchronously load lazily loaded font '../../../Engine/Content/Slate/Fonts/Roboto-Regular.ttf' (155K)
[2018.12.10-19.02.33:260][  0]LogSlate: Took 0.001011 seconds to synchronously load lazily loaded font '../../../Engine/Content/Slate/Fonts/Roboto-Bold.ttf' (160K)
[2018.12.10-19.02.33:269][  0]LogSlate: Took 0.001136 seconds to synchronously load lazily loaded font '../../../Engine/Content/Editor/Slate/Fonts/FontAwesome.ttf' (139K)
[2018.12.10-19.02.33:403][  0]LogRenderer: Reallocating scene render targets to support 1208x552 Format 10 NumSamples 1 (Frame:1).
[2018.12.10-19.02.33:495][  0]LogSlate: Took 0.001197 seconds to synchronously load lazily loaded font '../../../Engine/Content/Slate/Fonts/Roboto-Light.ttf' (167K)
[2018.12.10-19.02.33:605][  0]LogContentBrowser: Native class hierarchy updated for 'HierarchicalLODOutliner' in 0.0004 seconds. Added 0 classes and 0 folders.
[2018.12.10-19.02.33:605][  0]LogLoad: (Engine Initialization) Total time: 15.85 seconds
[2018.12.10-19.02.33:606][  0]LogLoad: (Engine Initialization) Total Blueprint compile time: 0.00 seconds
[2018.12.10-19.02.33:668][  0]LogContentStreaming: Texture pool size now 1000 MB
[2018.12.10-19.02.33:775][  2]LogAssetRegistry: Asset discovery search completed in 8.4712 seconds
[2018.12.10-19.02.33:779][  2]LogCollectionManager: Rebuilt the object cache for 0 collections in 0.000000 seconds (found 0 objects)
[2018.12.10-19.02.33:779][  2]LogCollectionManager: Fixed up redirectors for 0 collections in 0.000239 seconds (updated 0 objects)
[2018.12.10-19.02.44:150][127]LogSlate: FSceneViewport::OnFocusLost() reason 0
[2018.12.10-19.03.07:390][556]LogEditorViewport: Clicking on Actor (LMB): EntranceToRestictedArea_C (EntranceToRestictedArea)
[2018.12.10-19.03.56:816][335]LogEditorViewport: Clicking on Actor (LMB): BP_Bodyguard_C (BP_Bodyguard)
[2018.12.10-19.03.58:563][510]LogSlate: FSceneViewport::OnFocusLost() reason 0
[2018.12.10-19.03.59:615][611]LogSlate: Took 0.000478 seconds to synchronously load lazily loaded font '../../../Engine/Content/Slate/Fonts/Roboto-Light.ttf' (167K)
[2018.12.10-19.03.59:623][611]LogAssetEditorManager: Opening Asset editor for Blueprint /Game/Blueprints/BP_Bodyguard.BP_Bodyguard
[2018.12.10-19.04.00:496][611]LogContentBrowser: Native class hierarchy updated for 'BlueprintGraph' in 0.0011 seconds. Added 116 classes and 0 folders.
[2018.12.10-19.04.03:409][726]LogSlate: Took 0.001041 seconds to synchronously load lazily loaded font '../../../Engine/Content/Slate/Fonts/Roboto-Italic.ttf' (157K)
[2018.12.10-19.04.04:938][832]LogSlate: Window 'BP_Bodyguard' being destroyed
[2018.12.10-19.04.05:071][832]LogAssetEditorManager: Opening Asset editor for Blueprint /Game/Blueprints/BP_Bodyguard.BP_Bodyguard
[2018.12.10-19.04.05:603][832]LogSlate: Took 0.001120 seconds to synchronously load lazily loaded font '../../../Engine/Content/Slate/Fonts/Roboto-BoldCondensed.ttf' (158K)
[2018.12.10-19.04.14:162][367]BlueprintLog: New page: Compile BP_Bodyguard
[2018.12.10-19.04.15:462][416]LogSlate: Window 'BP_Bodyguard*' being destroyed
[2018.12.10-19.04.16:313][493]MapCheck: New page: Map Check
[2018.12.10-19.04.16:377][493]Cmd: MAP REBUILD ALLVISIBLE
[2018.12.10-19.04.16:377][493]LogEditorServer: Rebuildmap Clear paths rebuilt
[2018.12.10-19.04.16:647][493]LogMaterial: Display: Missing cached shader map for material FDebugViewModeMaterialProxy DefaultMaterial, compiling. 
[2018.12.10-19.04.17:354][493]LogShaderCompilers: Display: Shaders left to compile 1
[2018.12.10-19.04.17:354][493]TextureStreamingBuild: Display: Compiling optional shaders took 0.713 seconds.
[2018.12.10-19.04.17:359][493]LogLevel: Display: Export Material TexCoord Scales took 0.004 seconds.
[2018.12.10-19.04.17:370][493]TextureStreamingBuild: Display: Build Texture Streaming took 0.011 seconds.
[2018.12.10-19.04.17:501][493]LightingResults: New page: Lighting Build - 10 Dec 2018 19:04:17
[2018.12.10-19.04.17:593][493]LogSwarmInterface: [OpenConnection] Registering TCP channel ...
[2018.12.10-19.04.17:722][493]LogSwarmInterface: [OpenConnection] Connecting to agent ...
[2018.12.10-19.04.17:748][493]LogSwarmInterface: [TryOpenConnection] Testing the Agent
[2018.12.10-19.04.18:263][493]LogSwarmInterface: [TryOpenConnection] Opening Connection to Agent
[2018.12.10-19.04.18:263][493]LogSwarmInterface: [TryOpenConnection] Local Process ID is 2212
[2018.12.10-19.04.20:816][493]LogStaticLightingSystem: Warning: No importance volume found, so the scene bounding box was used.  You can optimize your scene's quality and lighting build times by adding importance volumes.
[2018.12.10-19.04.20:817][493]LogStaticLightingSystem: Running Lightmass w/ ImmediateImport mode ENABLED
[2018.12.10-19.04.20:817][493]LogStaticLightingSystem: Running Lightmass w/ ImmediateProcess mode ENABLED
[2018.12.10-19.04.20:817][493]LogStaticLightingSystem: Running Lightmass w/ Sorting mode ENABLED
[2018.12.10-19.04.20:817][493]LogStaticLightingSystem: Running Lightmass w/ Mapping paddings ENABLED
[2018.12.10-19.04.20:817][493]LogStaticLightingSystem: Running Lightmass w/ Mapping debug paddings DISABLED
[2018.12.10-19.04.20:978][493]Cmd: MAP CHECK DONTDISPLAYDIALOG
[2018.12.10-19.04.20:978][493]MapCheck: New page: BaseLevel - 10 Dec 2018 19:04:20
[2018.12.10-19.04.21:150][493]MapCheck: Map check complete: 0 Error(s), 0 Warning(s), took 172.226ms to complete.
[2018.12.10-19.04.21:177][493]LogEditorBuildUtils: Build time 0:04
[2018.12.10-19.04.22:435][495]Candidate modules for hot reload:
[2018.12.10-19.04.22:435][495]  TGP_Project
[2018.12.10-19.04.22:435][495]Launching UnrealBuildTool... [C:/Users/blued/Documents/UE_4.20/Engine/Binaries/DotNET/UnrealBuildTool.exe  -ModuleWithSuffix=TGP_Project,5398 Win64 Development -TargetType=Editor -Project="D:/GitHub/TGP_PairProject/TGP_Project/TGP_Project.uproject" -canskiplink "D:/GitHub/TGP_PairProject/TGP_Project/TGP_Project.uproject" ]
[2018.12.10-19.04.22:439][495]Warning: Starting HotReload took  0.4s.
[2018.12.10-19.04.23:054][538]Job is a success!
[2018.12.10-19.04.23:236][539]LogVolumetricLightmapImport: Imported Volumetric Lightmap in 0.037s
[2018.12.10-19.04.23:236][539]LogVolumetricLightmapImport:      Indirection Texture 16x16x16 = 0.0Mb
[2018.12.10-19.04.23:236][539]LogVolumetricLightmapImport:      BrickData 365x5x5 = 0.3Mb (trimmed 0.0Mb due to 0.010000 MinBrickError)
[2018.12.10-19.04.23:236][539]LogVolumetricLightmapImport:      Bricks at Level
[2018.12.10-19.04.23:237][539]LogVolumetricLightmapImport:          0: 1.4% covering 100.0% of volume
[2018.12.10-19.04.23:237][539]LogVolumetricLightmapImport:          1: 12.3% covering 14.1% of volume
[2018.12.10-19.04.23:237][539]LogVolumetricLightmapImport:          2: 86.3% covering 1.5% of volume
[2018.12.10-19.04.23:279][539]LogTexture: Display: Building textures: HQ_Lightmap0_1 (AutoDXT, 256X256)
[2018.12.10-19.04.23:280][539]LogTexture: Display: Building textures: LQ_Lightmap_0_1 (DXT1, 256X256)
[2018.12.10-19.04.23:280][539]LogTexture: Display: Building textures: ShadowMapTexture2D_0 (G8, 128X128)
[2018.12.10-19.04.23:326][539]Lightmass on DESKTOP-JAN50R2: 1.22 sec total, 97 ms importing, 4 ms setup, 414 ms photons, 649 ms processing, 0 ms extra exporting [1/1 mappings]. Threads: 4.35 sec total, 198 ms processing.
[2018.12.10-19.04.23:476][539]LogStaticLightingSystem: Illumination: 5.90 sec (9 ms encoding lightmaps, 13 ms encoding shadowmaps)
[2018.12.10-19.04.23:476][539]LogStaticLightingSystem: Lightmap texture memory:  0.1 MB (0.1 MB streaming, 0.0 MB non-streaming), 2 textures
[2018.12.10-19.04.23:477][539]LogStaticLightingSystem: Shadowmap texture memory: 0.0 MB (0.0 MB streaming, 0.0 MB non-streaming), 1 textures
[2018.12.10-19.04.23:839][539]DumpUnbuiltLightIteractions
[2018.12.10-19.04.23:839][539]Lights with unbuilt interactions: 0
[2018.12.10-19.04.23:839][539]
[2018.12.10-19.04.23:839][539]Primitives with unbuilt interactions: 0
[2018.12.10-19.04.23:916][540]Cmd: MAP CHECK NOTIFYRESULTS
[2018.12.10-19.04.23:917][540]MapCheck: New page: BaseLevel - 10 Dec 2018 19:04:23
[2018.12.10-19.04.24:109][540]MapCheck: Map check complete: 0 Error(s), 0 Warning(s), took 191.788ms to complete.
[2018.12.10-19.04.35:115][655]CompilerResultsLog: New page: Compilation - 10 Dec 2018 19:04:35
[2018.12.10-19.04.35:116][655]CompilerResultsLog: Using 'git status' to determine working set for adaptive non-unity build.
[2018.12.10-19.04.35:116][655]CompilerResultsLog: Creating makefile for hot reloading TGP_ProjectEditor (game project files are newer)
[2018.12.10-19.04.35:116][655]CompilerResultsLog: Compiling game modules for hot reload
[2018.12.10-19.04.35:116][655]CompilerResultsLog: Using Visual Studio 2017 14.16.27023 toolchain (C:\Program Files (x86)\Microsoft Visual Studio\2017\Community\VC\Tools\MSVC\14.16.27023) and Windows 10.0.17763.0 SDK (C:\Program Files (x86)\Windows Kits\10).
[2018.12.10-19.04.35:117][655]CompilerResultsLog: Target is up to date
[2018.12.10-19.04.35:117][655]CompilerResultsLog: Total build time: 12.26 seconds (NoActionsToExecute executor: 0.00 seconds)
[2018.12.10-19.04.35:117][655]LogMainFrame: MainFrame: Module compiling took 12.732 seconds
[2018.12.10-19.04.35:692][655]LogContentBrowser: Native class hierarchy populated in 0.0183 seconds. Added 2586 classes and 608 folders.
[2018.12.10-19.04.35:694][655]Display: HotReload took 13.7s.
[2018.12.10-19.04.49:127][972]LogAssetEditorManager: Opening Asset editor for PaperFlipbook /Engine/Tutorial/Paper2D/TutorialAssets/TutorialFlipBook.TutorialFlipBook
[2018.12.10-19.04.54:957][427]LogSlate: Window 'TutorialFlipBook' being destroyed
[2018.12.10-19.04.54:964][427]LogSlate: Window 'TutorialFlipBook' being destroyed
[2018.12.10-19.05.03:023][235]Cmd: OBJ SAVEPACKAGE PACKAGE="/Game/Levels/BaseLevel" FILE="D:/GitHub/TGP_PairProject/TGP_Project/Content/Levels/BaseLevel.umap" SILENT=true AUTOSAVING=false KEEPDIRTY=false
[2018.12.10-19.05.03:243][235]LogSavePackage: Moving 'D:/GitHub/TGP_PairProject/TGP_Project/Saved/BaseLevel902D070A481965162F1878AEA86E26DA.tmp' to 'D:/GitHub/TGP_PairProject/TGP_Project/Content/Levels/BaseLevel.umap'
[2018.12.10-19.05.03:289][235]Cmd: OBJ SAVEPACKAGE PACKAGE="/Game/Levels/BaseLevel_BuiltData" FILE="D:/GitHub/TGP_PairProject/TGP_Project/Content/Levels/BaseLevel_BuiltData.uasset" SILENT=true
[2018.12.10-19.05.03:314][235]LogSavePackage: Moving 'D:/GitHub/TGP_PairProject/TGP_Project/Saved/BaseLevel_BuiltDataF25A1AFC47D4C9189CA7AE8B1DC25ABA.tmp' to 'D:/GitHub/TGP_PairProject/TGP_Project/Content/Levels/BaseLevel_BuiltData.uasset'
[2018.12.10-19.05.11:329][ 93]LogSlate: FSceneViewport::OnFocusLost() reason 0
[2018.12.10-19.05.13:532][343]LogNavigationPoint: PostEditMove Clear paths rebuilt
[2018.12.10-19.05.14:671][469]LogNavigationPoint: PostEditMove Clear paths rebuilt
[2018.12.10-19.05.15:709][587]LogNavigationPoint: PostEditMove Clear paths rebuilt
[2018.12.10-19.05.17:825][827]LogNavigationPoint: PostEditMove Clear paths rebuilt
[2018.12.10-19.05.18:401][890]LogSlate: FSceneViewport::OnFocusLost() reason 0
[2018.12.10-19.05.18:837][940]LogTemp: Repeating last play command: Selected Viewport
[2018.12.10-19.05.18:864][940]LogPlayLevel: PlayLevel: No blueprints needed recompiling
[2018.12.10-19.05.18:880][940]PIE: New page: PIE session: BaseLevel (10 Dec 2018 19:05:18)
[2018.12.10-19.05.18:880][940]LogPlayLevel: Creating play world package: /Game/Levels/UEDPIE_0_BaseLevel
[2018.12.10-19.05.18:887][940]LogPlayLevel: PIE: StaticDuplicateObject took: (0.007315s)
[2018.12.10-19.05.18:888][940]LogAIModule: Creating AISystem for world BaseLevel
[2018.12.10-19.05.18:889][940]LogPlayLevel: PIE: World Init took: (0.001185s)
[2018.12.10-19.05.18:889][940]LogPlayLevel: PIE: Created PIE world by copying editor world from /Game/Levels/BaseLevel.BaseLevel to /Game/Levels/UEDPIE_0_BaseLevel.BaseLevel (0.009227s)
[2018.12.10-19.05.19:050][940]LogInit: XAudio2 using 'Headphones (4- Turtle Beach Recon 60P)' : 2 channels at 48 kHz using 16 bits per sample (channel mask 0x3)
[2018.12.10-19.05.19:065][940]LogInit: FAudioDevice initialized.
[2018.12.10-19.05.19:119][940]LogLoad: Game class is 'GM_GAME_C'
[2018.12.10-19.05.19:122][940]LogWorld: Bringing World /Game/Levels/UEDPIE_0_BaseLevel.BaseLevel up for play (max tick rate 0) at 2018.12.10-19.05.19
[2018.12.10-19.05.19:123][940]LogWorld: Bringing up level for play took: 0.001890
[2018.12.10-19.05.19:206][940]LogContentBrowser: Native class hierarchy updated for 'MovieSceneCapture' in 0.0005 seconds. Added 10 classes and 0 folders.
[2018.12.10-19.05.19:208][940]PIE: Play in editor start time for /Game/Levels/UEDPIE_0_BaseLevel 1.156
[2018.12.10-19.05.35:483][869]LogBlueprintUserMessages: [EntranceToRestictedArea_2] yeet
[2018.12.10-19.05.39:399][339]LogBlueprintUserMessages: [EntranceToRestictedArea_2] yeet
[2018.12.10-19.05.42:674][729]LogSlate: FSceneViewport::OnFocusLost() reason 0
[2018.12.10-19.05.42:730][735]LogSlate: Updating window title bar state: overlay mode, drag disabled, window buttons hidden, title bar hidden
[2018.12.10-19.05.42:777][735]LogPlayLevel: Display: Shutting down PIE online subsystems
[2018.12.10-19.05.42:872][735]LogSlate: Updating window title bar state: overlay mode, drag disabled, window buttons hidden, title bar hidden
[2018.12.10-19.05.42:894][736]LogPlayLevel: Display: Destroying online subsystem :Context_6
[2018.12.10-19.05.47:531][284]LogTemp: Repeating last play command: Selected Viewport
[2018.12.10-19.05.47:556][284]LogPlayLevel: PlayLevel: No blueprints needed recompiling
[2018.12.10-19.05.47:556][284]PIE: New page: PIE session: BaseLevel (10 Dec 2018 19:05:47)
[2018.12.10-19.05.47:557][284]LogPlayLevel: Creating play world package: /Game/Levels/UEDPIE_0_BaseLevel
[2018.12.10-19.05.47:560][284]LogPlayLevel: PIE: StaticDuplicateObject took: (0.003592s)
[2018.12.10-19.05.47:561][284]LogAIModule: Creating AISystem for world BaseLevel
[2018.12.10-19.05.47:562][284]LogPlayLevel: PIE: World Init took: (0.001026s)
[2018.12.10-19.05.47:562][284]LogPlayLevel: PIE: Created PIE world by copying editor world from /Game/Levels/BaseLevel.BaseLevel to /Game/Levels/UEDPIE_0_BaseLevel.BaseLevel (0.005175s)
[2018.12.10-19.05.47:682][284]LogInit: XAudio2 using 'Headphones (4- Turtle Beach Recon 60P)' : 2 channels at 48 kHz using 16 bits per sample (channel mask 0x3)
[2018.12.10-19.05.47:698][284]LogInit: FAudioDevice initialized.
[2018.12.10-19.05.47:733][284]LogLoad: Game class is 'GM_GAME_C'
[2018.12.10-19.05.47:735][284]LogWorld: Bringing World /Game/Levels/UEDPIE_0_BaseLevel.BaseLevel up for play (max tick rate 0) at 2018.12.10-19.05.47
[2018.12.10-19.05.47:735][284]LogWorld: Bringing up level for play took: 0.001478
[2018.12.10-19.05.47:751][284]PIE: Play in editor start time for /Game/Levels/UEDPIE_0_BaseLevel -0.301
[2018.12.10-19.06.01:238][895]LogSlate: FSceneViewport::OnFocusLost() reason 0
[2018.12.10-19.06.24:114][993]LogSlate: FSceneViewport::OnFocusLost() reason 0
[2018.12.10-19.06.31:298][626]LogEditorViewport: Clicking on Actor (LMB): StaticMeshActor (Floor)
[2018.12.10-19.06.31:970][688]LogEditorViewport: Clicking on Actor (LMB): StaticMeshActor (Floor)
[2018.12.10-19.06.32:563][752]LogEditorViewport: Clicking on Actor (LMB): StaticMeshActor (Floor)
[2018.12.10-19.06.33:812][889]LogEditorViewport: Clicking on Actor (LMB): PlayerCharacter_C (PlayerCharacter)
[2018.12.10-19.06.37:745][195]LogSlate: FSceneViewport::OnFocusLost() reason 0
[2018.12.10-19.06.43:795][911]LogBlueprintUserMessages: [EntranceToRestictedArea_2] yeet
[2018.12.10-19.06.47:767][386]LogBlueprintUserMessages: [EntranceToRestictedArea_2] yeet
[2018.12.10-19.06.47:961][409]LogBlueprintUserMessages: [EntranceToRestictedArea_2] yeet
[2018.12.10-19.06.54:069][138]LogSlate: FSceneViewport::OnFocusLost() reason 0
[2018.12.10-19.07.32:730][610]LogSlate: FSceneViewport::OnFocusLost() reason 0
[2018.12.10-19.07.32:802][617]LogSlate: Updating window title bar state: overlay mode, drag disabled, window buttons hidden, title bar hidden
[2018.12.10-19.07.32:843][617]LogPlayLevel: Display: Shutting down PIE online subsystems
[2018.12.10-19.07.32:935][617]LogSlate: Updating window title bar state: overlay mode, drag disabled, window buttons hidden, title bar hidden
[2018.12.10-19.07.32:966][618]LogPlayLevel: Display: Destroying online subsystem :Context_7
