Log file open, 12/20/18 15:43:09
LogWindows: Failed to load 'aqProf.dll' (GetLastError=126)
LogWindows: File 'aqProf.dll' does not exist
LogWindows: Failed to load 'VSPerf140.dll' (GetLastError=126)
LogWindows: File 'VSPerf140.dll' does not exist
LogWindows: Failed to load 'VtuneApi.dll' (GetLastError=126)
LogWindows: File 'VtuneApi.dll' does not exist
LogWindows: Failed to load 'VtuneApi32e.dll' (GetLastError=126)
LogWindows: File 'VtuneApi32e.dll' does not exist
LogInit: Display: Running engine for game: TGP_Project
LogPlatformFile: Not using cached read wrapper
LogTaskGraph: Started task graph with 5 named threads and 14 total threads with 3 sets of task threads.
LogStats: Stats thread started at 0.301348
LogD3D11RHI: Loaded GFSDK_Aftermath_Lib.x64.dll
LogICUInternationalization: Display: ICU TimeZone Detection - Raw Offset: +0:00, Platform Override: ''
LogPluginManager: Mounting plugin Paper2D
LogPluginManager: Mounting plugin AISupport
LogPluginManager: Mounting plugin LightPropagationVolume
LogPluginManager: Mounting plugin CLionSourceCodeAccess
LogPluginManager: Mounting plugin CodeLiteSourceCodeAccess
LogPluginManager: Mounting plugin GitSourceControl
LogPluginManager: Mounting plugin KDevelopSourceCodeAccess
LogPluginManager: Mounting plugin NullSourceCodeAccess
LogPluginManager: Mounting plugin PerforceSourceControl
LogPluginManager: Mounting plugin SubversionSourceControl
LogPluginManager: Mounting plugin UObjectPlugin
LogPluginManager: Mounting plugin VisualStudioCodeSourceCodeAccess
LogPluginManager: Mounting plugin VisualStudioSourceCodeAccess
LogPluginManager: Mounting plugin XCodeSourceCodeAccess
LogPluginManager: Mounting plugin AssetManagerEditor
LogPluginManager: Mounting plugin CryptoKeys
LogPluginManager: Mounting plugin DataValidation
LogPluginManager: Mounting plugin FacialAnimation
LogPluginManager: Mounting plugin GameplayTagsEditor
LogPluginManager: Mounting plugin MacGraphicsSwitching
LogPluginManager: Mounting plugin MeshEditor
LogPluginManager: Mounting plugin MobileLauncherProfileWizard
LogPluginManager: Mounting plugin PluginBrowser
LogPluginManager: Mounting plugin SpeedTreeImporter
LogPluginManager: Mounting plugin DatasmithContent
LogPluginManager: Mounting plugin AlembicImporter
LogPluginManager: Mounting plugin AppleImageUtils
LogPluginManager: Mounting plugin AppleVision
LogPluginManager: Mounting plugin BackChannel
LogPluginManager: Mounting plugin CharacterAI
LogPluginManager: Mounting plugin GeometryCache
LogPluginManager: Mounting plugin HTML5Networking
LogPluginManager: Mounting plugin ProxyLODPlugin
LogPluginManager: Mounting plugin MagicLeap
LogPluginManager: Mounting plugin MagicLeapEmulator
LogPluginManager: Mounting plugin MagicLeapMedia
LogPluginManager: Mounting plugin AndroidMedia
LogPluginManager: Mounting plugin AvfMedia
LogPluginManager: Mounting plugin ImgMedia
LogPluginManager: Mounting plugin LinearTimecode
LogPluginManager: Mounting plugin MediaCompositing
LogPluginManager: Mounting plugin MediaPlayerEditor
LogPluginManager: Mounting plugin WmfMedia
LogPluginManager: Mounting plugin TcpMessaging
LogPluginManager: Mounting plugin UdpMessaging
LogPluginManager: Mounting plugin ActorSequence
LogPluginManager: Mounting plugin LevelSequenceEditor
LogPluginManager: Mounting plugin MatineeToLevelSequence
LogPluginManager: Mounting plugin NetcodeUnitTest
LogPluginManager: Mounting plugin NUTUnrealEngine4
LogPluginManager: Mounting plugin OnlineSubsystemGooglePlay
LogPluginManager: Mounting plugin OnlineSubsystemIOS
LogPluginManager: Mounting plugin OnlineSubsystem
LogPluginManager: Mounting plugin OnlineSubsystemNull
LogPluginManager: Mounting plugin OnlineSubsystemUtils
LogPluginManager: Mounting plugin LauncherChunkInstaller
LogPluginManager: Mounting plugin AndroidDeviceProfileSelector
LogPluginManager: Mounting plugin AndroidMoviePlayer
LogPluginManager: Mounting plugin AndroidPermission
LogPluginManager: Mounting plugin AppleMoviePlayer
LogPluginManager: Mounting plugin ArchVisCharacter
LogPluginManager: Mounting plugin AudioCapture
LogPluginManager: Mounting plugin CableComponent
LogPluginManager: Mounting plugin CustomMeshComponent
LogPluginManager: Mounting plugin EditableMesh
LogPluginManager: Mounting plugin ExampleDeviceProfileSelector
LogPluginManager: Mounting plugin GoogleCloudMessaging
LogPluginManager: Mounting plugin ImmediatePhysics
LogPluginManager: Mounting plugin IOSDeviceProfileSelector
LogPluginManager: Mounting plugin LinuxDeviceProfileSelector
LogPluginManager: Mounting plugin LocationServicesBPLibrary
LogPluginManager: Mounting plugin MobilePatchingUtils
LogPluginManager: Mounting plugin OculusVR
LogPluginManager: Plugin shader directory ../../../Engine/Plugins/Runtime/Oculus/OculusVR/Shaders found
LogPluginManager: Mapping shader source directory ../../../Engine/Plugins/Runtime/Oculus/OculusVR/Shaders to virtual directory /Plugin/OculusVR
LogPluginManager: Mounting plugin PhysXVehicles
LogPluginManager: Mounting plugin ProceduralMeshComponent
LogPluginManager: Mounting plugin RuntimePhysXCooking
LogPluginManager: Mounting plugin SteamVR
LogPluginManager: Mounting plugin WindowsMoviePlayer
LogStreaming: Display: Took  0.137s to configure plugins.
LogInit: Using libcurl 7.55.1-DEV
LogInit:  - built for x86_64-pc-win32
LogInit:  - supports SSL with OpenSSL/1.0.2h
LogInit:  - supports HTTP deflate (compression) using libz 1.2.8
LogInit:  - other features:
LogInit:      CURL_VERSION_SSL
LogInit:      CURL_VERSION_LIBZ
LogInit:      CURL_VERSION_IPV6
LogInit:      CURL_VERSION_ASYNCHDNS
LogInit:      CURL_VERSION_LARGEFILE
LogInit:      CURL_VERSION_IDN
LogInit:  CurlRequestOptions (configurable via config and command line):
LogInit:  - bVerifyPeer = false  - Libcurl will NOT verify peer certificate
LogInit:  - bUseHttpProxy = false  - Libcurl will NOT use HTTP proxy
LogInit:  - bDontReuseConnections = false  - Libcurl will reuse connections
LogInit:  - CertBundlePath = nullptr  - Libcurl will use whatever was configured at build time.
LogInit:  - MaxHostConnections = 16  - Libcurl will limit the number of connections to a host
LogInit:  - LocalHostAddr = Default
LogInit:  - BufferSize = 65536
LogInit: WinSock: version 1.1 (2.2), MaxSocks=32767, MaxUdp=65467
LogInit: Build: ++UE4+Release-4.20-CL-4369336
LogInit: Engine Version: 4.20.3-4369336+++UE4+Release-4.20
LogInit: Compatible Engine Version: 4.20.0-4212847+++UE4+Release-4.20
LogInit: Net CL: 4212847
LogInit: OS: Windows 10 (), CPU: Intel(R) Core(TM) i5-4590 CPU @ 3.30GHz, GPU: NVIDIA GeForce GTX 1060 6GB
LogInit: Compiled (64-bit): Sep 17 2018 12:26:19
LogInit: Compiled with Visual C++: 19.13.26129.00
LogInit: Build Configuration: Development
LogInit: Branch Name: ++UE4+Release-4.20
LogInit: Command Line:  -skipcompile
LogInit: Base Directory: C:/Program Files/Epic Games/UE_4.20/Engine/Binaries/Win64/
LogInit: Installed Engine Build: 1
LogDevObjectVersion: Number of dev versions registered: 20
LogDevObjectVersion:   Dev-Blueprints (B0D832E4-1F89-4F0D-ACCF-7EB736FD4AA2): 10
LogDevObjectVersion:   Dev-Build (E1C64328-A22C-4D53-A36C-8E866417BD8C): 0
LogDevObjectVersion:   Dev-Core (375EC13C-06E4-48FB-B500-84F0262A717E): 2
LogDevObjectVersion:   Dev-Editor (E4B068ED-F494-42E9-A231-DA0B2E46BB41): 24
LogDevObjectVersion:   Dev-Framework (CFFC743F-43B0-4480-9391-14DF171D2073): 34
LogDevObjectVersion:   Dev-Mobile (B02B49B5-BB20-44E9-A304-32B752E40360): 2
LogDevObjectVersion:   Dev-Networking (A4E4105C-59A1-49B5-A7C5-40C4547EDFEE): 0
LogDevObjectVersion:   Dev-Online (39C831C9-5AE6-47DC-9A44-9C173E1C8E7C): 0
LogDevObjectVersion:   Dev-Physics (78F01B33-EBEA-4F98-B9B4-84EACCB95AA2): 0
LogDevObjectVersion:   Dev-Platform (6631380F-2D4D-43E0-8009-CF276956A95A): 0
LogDevObjectVersion:   Dev-Rendering (12F88B9F-8875-4AFC-A67C-D90C383ABD29): 26
LogDevObjectVersion:   Dev-Sequencer (7B5AE74C-D270-4C10-A958-57980B212A5A): 9
LogDevObjectVersion:   Dev-VR (D7296918-1DD6-4BDD-9DE2-64A83CC13884): 2
LogDevObjectVersion:   Dev-LoadTimes (C2A15278-BFE7-4AFE-6C17-90FF531DF755): 1
LogDevObjectVersion:   Private-Geometry (6EACA3D4-40EC-4CC1-B786-8BED09428FC5): 3
LogDevObjectVersion:   Dev-AnimPhys (29E575DD-E0A3-4627-9D10-D276232CDCEA): 17
LogDevObjectVersion:   Dev-ReflectionCapture (6B266CEC-1EC7-4B8F-A30B-E4D90942FC07): 1
LogDevObjectVersion:   Dev-Automation (0DF73D61-A23F-47EA-B727-89E90C41499A): 1
LogDevObjectVersion:   FortniteMain (601D1886-AC64-4F84-AA16-D3DE0DEAC7D6): 12
LogDevObjectVersion:   Dev-Enterprise (9DFFBCD6-494F-0158-E221-12823C92A888): 1
LogStreaming: Display: Took  0.002s to delete old logs.
LogInit: Presizing for max 8388607 objects, including 0 objects not considered by GC, pre-allocating 0 bytes for permanent pool.
LogInit: Object subsystem initialized
[2018.12.20-15.43.10:240][  0]LogInit: Selected Device Profile: [Windows]
[2018.12.20-15.43.10:240][  0]LogInit: Applying CVar settings loaded from the selected device profile: [Windows]
[2018.12.20-15.43.10:252][  0]LogHAL: Display: Platform has ~ 16 GB [17009229824 / 17179869184 / 16], which maps to Larger [LargestMinGB=32, LargerMinGB=12, DefaultMinGB=8, SmallerMinGB=6, SmallestMinGB=0)
[2018.12.20-15.43.10:252][  0]LogInit: Setting Device Profile CVar: [[r.Vulkan.UseRealUBs:1]]
[2018.12.20-15.43.10:252][  0]LogInit: Going up to parent DeviceProfile []
[2018.12.20-15.43.10:253][  0]LogInit: Computer: GROUNDZERO
[2018.12.20-15.43.10:253][  0]LogInit: User: TDSSK
[2018.12.20-15.43.10:253][  0]LogInit: CPU Page size=4096, Cores=4
[2018.12.20-15.43.10:253][  0]LogInit: High frequency timer resolution =3.222657 MHz
[2018.12.20-15.43.10:254][  0]LogMemory: Memory total: Physical=15.8GB (16GB approx)
[2018.12.20-15.43.10:254][  0]LogMemory: Platform Memory Stats for Windows
[2018.12.20-15.43.10:254][  0]LogMemory: Process Physical Memory: 101.82 MB used, 101.82 MB peak
[2018.12.20-15.43.10:254][  0]LogMemory: Process Virtual Memory: 84.30 MB used, 84.30 MB peak
[2018.12.20-15.43.10:254][  0]LogMemory: Physical Memory: 10258.38 MB used,  5962.88 MB free, 16221.27 MB total
[2018.12.20-15.43.10:254][  0]LogMemory: Virtual Memory: 524.47 MB used,  5962.88 MB free, 134217728.00 MB total
[2018.12.20-15.43.10:364][  0]LogInit: Using OS detected language (en-GB).
[2018.12.20-15.43.10:364][  0]LogInit: Using OS detected locale (en-GB).
[2018.12.20-15.43.10:366][  0]LogTextLocalizationManager: No specific localization for 'en-GB' exists, so the 'en' localization will be used.
[2018.12.20-15.43.10:756][  0]LogStreaming: Display: Took  0.392s to InitEngineTextLocalization.
[2018.12.20-15.43.10:757][  0]LogInit: Setting process to per monitor DPI aware
[2018.12.20-15.43.10:809][  0]LogSlate: New Slate User Created.  User Index 0, Is Virtual User: 0
[2018.12.20-15.43.10:809][  0]LogSlate: Slate User Registered.  User Index 0, Is Virtual User: 0
[2018.12.20-15.43.11:064][  0]LogHMD: Failed to initialize OpenVR with code 110
[2018.12.20-15.43.11:064][  0]LogD3D11RHI: D3D11 adapters:
[2018.12.20-15.43.11:166][  0]LogD3D11RHI:    0. 'NVIDIA GeForce GTX 1060 6GB' (Feature Level 11_0)
[2018.12.20-15.43.11:166][  0]LogD3D11RHI:       6052/0/8110 MB DedicatedVideo/DedicatedSystem/SharedSystem, Outputs:1, VendorId:0x10de
[2018.12.20-15.43.11:181][  0]LogD3D11RHI:    1. 'Intel(R) HD Graphics 4600' (Feature Level 11_0)
[2018.12.20-15.43.11:181][  0]LogD3D11RHI:       112/0/2048 MB DedicatedVideo/DedicatedSystem/SharedSystem, Outputs:0, VendorId:0x8086
[2018.12.20-15.43.11:187][  0]LogD3D11RHI:    2. 'Microsoft Basic Render Driver' (Feature Level 11_0)
[2018.12.20-15.43.11:187][  0]LogD3D11RHI:       0/0/8110 MB DedicatedVideo/DedicatedSystem/SharedSystem, Outputs:0, VendorId:0x1414
[2018.12.20-15.43.11:187][  0]LogD3D11RHI: Chosen D3D11 Adapter: 0
[2018.12.20-15.43.11:199][  0]LogD3D11RHI: Creating new Direct3DDevice
[2018.12.20-15.43.11:199][  0]LogD3D11RHI:     GPU DeviceId: 0x1c03 (for the marketing name, search the web for "GPU Device Id")
[2018.12.20-15.43.11:199][  0]LogWindows: EnumDisplayDevices:
[2018.12.20-15.43.11:200][  0]LogWindows:    0. 'NVIDIA GeForce GTX 1060 6GB' (P:1 D:1)
[2018.12.20-15.43.11:200][  0]LogWindows:    1. 'NVIDIA GeForce GTX 1060 6GB' (P:0 D:0)
[2018.12.20-15.43.11:200][  0]LogWindows:    2. 'NVIDIA GeForce GTX 1060 6GB' (P:0 D:0)
[2018.12.20-15.43.11:201][  0]LogWindows:    3. 'NVIDIA GeForce GTX 1060 6GB' (P:0 D:0)
[2018.12.20-15.43.11:201][  0]LogWindows:    4. 'Intel(R) HD Graphics 4600' (P:0 D:0)
[2018.12.20-15.43.11:202][  0]LogWindows:    5. 'Intel(R) HD Graphics 4600' (P:0 D:0)
[2018.12.20-15.43.11:202][  0]LogWindows:    6. 'Intel(R) HD Graphics 4600' (P:0 D:0)
[2018.12.20-15.43.11:203][  0]LogWindows: DebugString: PrimaryIsNotTheChoosenAdapter PrimaryIsNotTheChoosenAdapter PrimaryIsNotTheChoosenAdapter FoundDriverCount:4 
[2018.12.20-15.43.11:203][  0]LogD3D11RHI:     Adapter Name: NVIDIA GeForce GTX 1060 6GB
[2018.12.20-15.43.11:203][  0]LogD3D11RHI:   Driver Version: 397.64 (internal:24.21.13.9764, unified:397.64)
[2018.12.20-15.43.11:203][  0]LogD3D11RHI:      Driver Date: 5-7-2018
[2018.12.20-15.43.11:203][  0]LogRHI: Texture pool is 4236 MB (70% of 6052 MB)
[2018.12.20-15.43.11:267][  0]LogD3D11RHI: Async texture creation enabled
[2018.12.20-15.43.11:341][  0]LogD3D11RHI: GPU Timing Frequency: 1000.000000 (Debug: 2 2)
[2018.12.20-15.43.11:344][  0]LogShaderCompilers: Guid format shader working directory is -2 characters bigger than the processId version (D:/Documents/GitHub/TGP_PairProject/TGP_Project/Intermediate/Shaders/WorkingDirectory/21028/).
[2018.12.20-15.43.11:344][  0]LogShaderCompilers: Cleaned the shader compiler working directory 'C:/Users/TDSSK/AppData/Local/Temp/UnrealShaderWorkingDir/4D231285473537E47638048653E13FBF/'.
[2018.12.20-15.43.11:652][  0]LogTemp: Display: Loaded TP AllDesktopTargetPlatform
[2018.12.20-15.43.11:669][  0]LogTemp: Display: Loaded TP MacClientTargetPlatform
[2018.12.20-15.43.11:686][  0]LogTemp: Display: Loaded TP MacNoEditorTargetPlatform
[2018.12.20-15.43.11:703][  0]LogTemp: Display: Loaded TP MacServerTargetPlatform
[2018.12.20-15.43.11:721][  0]LogTemp: Display: Loaded TP MacTargetPlatform
[2018.12.20-15.43.11:738][  0]LogTemp: Display: Loaded TP WindowsClientTargetPlatform
[2018.12.20-15.43.11:755][  0]LogTemp: Display: Loaded TP WindowsNoEditorTargetPlatform
[2018.12.20-15.43.11:772][  0]LogTemp: Display: Loaded TP WindowsServerTargetPlatform
[2018.12.20-15.43.11:782][  0]LogTemp: Display: Loaded TP WindowsTargetPlatform
[2018.12.20-15.43.11:865][  0]LogTemp: Display: Loaded TP AndroidTargetPlatform
[2018.12.20-15.43.11:865][  0]LogTemp: Display: Loaded TP AndroidTargetPlatform
[2018.12.20-15.43.11:866][  0]LogTemp: Display: Loaded TP AndroidTargetPlatform
[2018.12.20-15.43.11:866][  0]LogTemp: Display: Loaded TP AndroidTargetPlatform
[2018.12.20-15.43.11:866][  0]LogTemp: Display: Loaded TP AndroidTargetPlatform
[2018.12.20-15.43.11:866][  0]LogTemp: Display: Loaded TP AndroidTargetPlatform
[2018.12.20-15.43.11:866][  0]LogTemp: Display: Loaded TP AndroidTargetPlatform
[2018.12.20-15.43.11:866][  0]LogTemp: Display: Loaded TP AndroidTargetPlatform
[2018.12.20-15.43.11:866][  0]LogTemp: Display: Loaded TP AndroidTargetPlatform
[2018.12.20-15.43.11:866][  0]LogTemp: Display: Loaded TP AndroidTargetPlatform
[2018.12.20-15.43.11:866][  0]LogTemp: Display: Loaded TP AndroidTargetPlatform
[2018.12.20-15.43.11:866][  0]LogTemp: Display: Loaded TP AndroidTargetPlatform
[2018.12.20-15.43.11:866][  0]LogTemp: Display: Loaded TP AndroidTargetPlatform
[2018.12.20-15.43.11:866][  0]LogTemp: Display: Loaded TP AndroidTargetPlatform
[2018.12.20-15.43.11:866][  0]LogTemp: Display: Loaded TP AndroidTargetPlatform
[2018.12.20-15.43.11:866][  0]LogTemp: Display: Loaded TP AndroidTargetPlatform
[2018.12.20-15.43.11:866][  0]LogTemp: Display: Loaded TP AndroidTargetPlatform
[2018.12.20-15.43.11:866][  0]LogTemp: Display: Loaded TP AndroidTargetPlatform
[2018.12.20-15.43.11:870][  0]LogTemp: Display: Loaded TP HTML5TargetPlatform
[2018.12.20-15.43.11:943][  0]LogTemp: Display: Loaded TP IOSTargetPlatform
[2018.12.20-15.43.11:943][  0]LogTemp: Display: Loaded TP IOSTargetPlatform
[2018.12.20-15.43.11:971][  0]LogTemp: Display: Loaded TP TVOSTargetPlatform
[2018.12.20-15.43.11:971][  0]LogTemp: Display: Loaded TP TVOSTargetPlatform
[2018.12.20-15.43.11:987][  0]LogTemp: Display: Loaded TP LinuxClientTargetPlatform
[2018.12.20-15.43.12:003][  0]LogTemp: Display: Loaded TP LinuxNoEditorTargetPlatform
[2018.12.20-15.43.12:019][  0]LogTemp: Display: Loaded TP LinuxServerTargetPlatform
[2018.12.20-15.43.12:035][  0]LogTemp: Display: Loaded TP LinuxTargetPlatform
[2018.12.20-15.43.12:047][  0]LogTemp: Display: Loaded TP LuminTargetPlatform
[2018.12.20-15.43.12:047][  0]LogTargetPlatformManager: Display: Building Assets For Windows
[2018.12.20-15.43.12:179][  0]LogXGEController: Cleaning working directory: C:/Users/TDSSK/AppData/Local/Temp/UnrealXGEWorkingDir/
[2018.12.20-15.43.12:180][  0]LogXGEController: Cannot use XGE Controller as Incredibuild is not installed on this machine.
[2018.12.20-15.43.12:180][  0]LogShaderCompilers: Cannot use XGE Shader Compiler as Incredibuild is not installed on this machine.
[2018.12.20-15.43.12:180][  0]LogShaderCompilers: Display: Using Local Shader Compiler.
[2018.12.20-15.43.13:098][  0]LogDerivedDataCache: Display: Max Cache Size: 512 MB
[2018.12.20-15.43.13:200][  0]LogDerivedDataCache: Loaded boot cache 0.10s 71MB C:/Users/TDSSK/AppData/Local/UnrealEngine/4.20/DerivedDataCache/Boot.ddc.
[2018.12.20-15.43.13:200][  0]LogDerivedDataCache: Display: Loaded Boot cache: C:/Users/TDSSK/AppData/Local/UnrealEngine/4.20/DerivedDataCache/Boot.ddc
[2018.12.20-15.43.13:201][  0]LogDerivedDataCache: FDerivedDataBackendGraph:  Pak pak cache file D:/Documents/GitHub/TGP_PairProject/TGP_Project/DerivedDataCache/DDC.ddp not found, will not use a pak cache.
[2018.12.20-15.43.13:201][  0]LogDerivedDataCache: Unable to find inner node Pak for hierarchical cache Hierarchy.
[2018.12.20-15.43.13:201][  0]LogDerivedDataCache: FDerivedDataBackendGraph:  CompressedPak pak cache file D:/Documents/GitHub/TGP_PairProject/TGP_Project/DerivedDataCache/Compressed.ddp not found, will not use a pak cache.
[2018.12.20-15.43.13:201][  0]LogDerivedDataCache: Unable to find inner node CompressedPak for hierarchical cache Hierarchy.
[2018.12.20-15.43.13:214][  0]LogDerivedDataCache: Display: Pak cache opened for reading ../../../Engine/DerivedDataCache/Compressed.ddp.
[2018.12.20-15.43.13:228][  0]LogDerivedDataCache: Using Local data cache path C:/Users/TDSSK/AppData/Local/UnrealEngine/Common/DerivedDataCache: Writable
[2018.12.20-15.43.13:228][  0]LogDerivedDataCache: Shared data cache path not found in *engine.ini, will not use an Shared cache.
[2018.12.20-15.43.13:228][  0]LogDerivedDataCache: Unable to find inner node Shared for hierarchical cache Hierarchy.
[2018.12.20-15.43.13:248][  0]LogMaterial: Verifying Global Shaders for PCD3D_SM5
[2018.12.20-15.43.13:249][  0]LogSlate: Using FreeType 2.6.0
[2018.12.20-15.43.13:251][  0]LogSlate: SlateFontServices - WITH_FREETYPE: 1, WITH_HARFBUZZ: 1
[2018.12.20-15.43.13:359][  0]LogAssetRegistry: FAssetRegistry took 0.0295 seconds to start up
[2018.12.20-15.43.13:692][  0]LogInit: Selected Device Profile: [Windows]
[2018.12.20-15.43.13:860][  0]LogSimplygon: Simplygon DLL not present - disabling.
[2018.12.20-15.43.13:869][  0]LogMeshReduction: Using SimplygonSwarm for distributed automatic mesh merging
[2018.12.20-15.43.13:869][  0]LogMeshReduction: Using ProxyLODMeshReduction for automatic mesh merging
[2018.12.20-15.43.13:869][  0]LogMeshReduction: Using QuadricMeshReduction for automatic static mesh reduction
[2018.12.20-15.43.13:869][  0]LogMeshReduction: No automatic skeletal mesh reduction module available
[2018.12.20-15.43.13:888][  0]LogNetVersion: TGP_Project 1.0.0, NetCL: 4212847, EngineNetVer: 5, GameNetVer: 0 (Checksum: 95638710)
[2018.12.20-15.43.14:508][  0]LogPackageLocalizationCache: Processed 11 localized package path(s) for 2 prioritized culture(s) in 0.088786 seconds
[2018.12.20-15.43.14:514][  0]LogUObjectArray: 38425 objects as part of root set at end of initial load.
[2018.12.20-15.43.14:514][  0]LogUObjectAllocator: 6690872 out of 0 bytes used by permanent object pool.
[2018.12.20-15.43.14:514][  0]LogUObjectArray: CloseDisregardForGC: 0/0 objects in disregard for GC pool
[2018.12.20-15.43.15:818][  0]LogTcpMessaging: Initializing TcpMessaging bridge
[2018.12.20-15.43.15:835][  0]LogUdpMessaging: Initializing bridge on interface 0.0.0.0:0 to multicast group 230.0.0.1:6666.
[2018.12.20-15.43.16:065][  0]SourceControl: Source control is disabled
[2018.12.20-15.43.16:066][  0]SourceControl: Source control is disabled
[2018.12.20-15.43.16:069][  0]SourceControl: Source control is disabled
[2018.12.20-15.43.16:072][  0]SourceControl: Source control is disabled
[2018.12.20-15.43.16:327][  0]LogAndroidPermission: UAndroidPermissionCallbackProxy::GetInstance
[2018.12.20-15.43.16:561][  0]LogOcInput: OculusInput pre-init called
[2018.12.20-15.43.16:638][  0]LogEngine: Initializing Engine...
[2018.12.20-15.43.16:639][  0]LogHMD: Failed to initialize OpenVR with code 110
[2018.12.20-15.43.16:641][  0]LogStats: UGameplayTagsManager::ConstructGameplayTagTree: ImportINI prefixes -  0.000 s
[2018.12.20-15.43.16:641][  0]LogStats: UGameplayTagsManager::ConstructGameplayTagTree: Construct from data asset -  0.000 s
[2018.12.20-15.43.16:641][  0]LogStats: UGameplayTagsManager::ConstructGameplayTagTree: ImportINI -  0.000 s
[2018.12.20-15.43.16:641][  0]LogStats: UGameplayTagsManager::ConstructGameplayTagTree: GameplayTagTreeChangedEvent.Broadcast -  0.000 s
[2018.12.20-15.43.16:860][  0]LogInit: Initializing FReadOnlyCVARCache
[2018.12.20-15.43.16:882][  0]LogAIModule: Creating AISystem for world Untitled
[2018.12.20-15.43.17:023][  0]LogInit: XAudio2 using 'Speakers (Realtek High Definition Audio)' : 2 channels at 48 kHz using 32 bits per sample (channel mask 0x3)
[2018.12.20-15.43.17:178][  0]LogInit: FAudioDevice initialized.
[2018.12.20-15.43.17:178][  0]LogNetVersion: Set ProjectVersion to 1.0.0.0. Version Checksum will be recalculated on next use.
[2018.12.20-15.43.17:410][  0]LogDerivedDataCache: Saved boot cache 0.23s 71MB C:/Users/TDSSK/AppData/Local/UnrealEngine/4.20/DerivedDataCache/Boot.ddc.
[2018.12.20-15.43.17:414][  0]LogInit: Texture streaming: Enabled
[2018.12.20-15.43.17:493][  0]LogEngineSessionManager: EngineSessionManager initialized
[2018.12.20-15.43.17:493][  0]LogEngineSessionManager: EngineSessionManager sent abnormal shutdown report. Type=Debugger, SessionId={92728051-4B6A-8FA3-95E1-DEB41646CA4C}
[2018.12.20-15.43.17:509][  0]LogInit: Transaction tracking system initialized
[2018.12.20-15.43.17:556][  0]BlueprintLog: New page: Editor Load
[2018.12.20-15.43.17:708][  0]LocalizationService: Localization service is disabled
[2018.12.20-15.43.18:029][  0]LogCook: Display: Max memory allowance for cook 16384mb min free memory 0mb
[2018.12.20-15.43.18:029][  0]LogCook: Display: Mobile HDR setting 1
[2018.12.20-15.43.18:029][  0]LogGameplayTags: Display: UGameplayTagsManager::DoneAddingNativeTags. DelegateIsBound: 0
[2018.12.20-15.43.18:029][  0]LogStats: UGameplayTagsManager::ConstructGameplayTagTree: ImportINI prefixes -  0.000 s
[2018.12.20-15.43.18:029][  0]LogStats: UGameplayTagsManager::ConstructGameplayTagTree: Construct from data asset -  0.000 s
[2018.12.20-15.43.18:030][  0]LogStats: UGameplayTagsManager::ConstructGameplayTagTree: ImportINI -  0.000 s
[2018.12.20-15.43.18:030][  0]LogStats: UGameplayTagsManager::ConstructGameplayTagTree: GameplayTagTreeChangedEvent.Broadcast -  0.000 s
[2018.12.20-15.43.18:227][  0]LogFileCache: Scanning file cache for directory 'D:/Documents/GitHub/TGP_PairProject/TGP_Project/Content/' took 0.01s
[2018.12.20-15.43.18:227][  0]SourceControl: Source control is disabled
[2018.12.20-15.43.18:227][  0]Cmd: MAP LOAD FILE="D:/Documents/GitHub/TGP_PairProject/TGP_Project/Content/Levels/BaseLevel.umap" TEMPLATE=0 SHOWPROGRESS=1 FEATURELEVEL=3
[2018.12.20-15.43.18:228][  0]LightingResults: New page: Lighting Build
[2018.12.20-15.43.18:232][  0]MapCheck: New page: Map Check
[2018.12.20-15.43.18:232][  0]LightingResults: New page: Lighting Build
[2018.12.20-15.43.18:381][  0]LogAIModule: Creating AISystem for world BaseLevel
[2018.12.20-15.43.18:388][  0]LogEditorServer: Finished looking for orphan Actors (0.000 secs)
[2018.12.20-15.43.18:410][  0]Cmd: MAP CHECKDEP NOCLEARLOG
[2018.12.20-15.43.18:537][  0]MapCheck: Map check complete: 0 Error(s), 0 Warning(s), took 126.798ms to complete.
[2018.12.20-15.43.18:537][  0]LogFileHelpers: Loading map 'BaseLevel' took 0.309
[2018.12.20-15.43.18:691][  0]LogSlate: Updating window title bar state: overlay mode, drag disabled, window buttons hidden, title bar hidden
[2018.12.20-15.43.18:703][  0]LogSlate: Updating window title bar state: overlay mode, drag disabled, window buttons hidden, title bar hidden
[2018.12.20-15.43.18:713][  0]LogSlate: Updating window title bar state: overlay mode, drag disabled, window buttons hidden, title bar hidden
[2018.12.20-15.43.18:721][  0]LogSlate: Updating window title bar state: overlay mode, drag disabled, window buttons hidden, title bar hidden
[2018.12.20-15.43.18:733][  0]LogCollectionManager: Loaded 0 collections in 0.002862 seconds
[2018.12.20-15.43.18:779][  0]LogFileCache: Scanning file cache for directory 'D:/Documents/GitHub/TGP_PairProject/TGP_Project/Saved/Collections/' took 0.01s
[2018.12.20-15.43.18:779][  0]LogFileCache: Scanning file cache for directory 'D:/Documents/GitHub/TGP_PairProject/TGP_Project/Content/Developers/TDSSK/Collections/' took 0.01s
[2018.12.20-15.43.18:779][  0]LogFileCache: Scanning file cache for directory 'D:/Documents/GitHub/TGP_PairProject/TGP_Project/Content/Collections/' took 0.01s
[2018.12.20-15.43.18:780][  0]LogCollectionManager: Rebuilt the GUID cache for 0 collections in 0.000000 seconds
[2018.12.20-15.43.18:790][  0]LogContentBrowser: Native class hierarchy populated in 0.0098 seconds. Added 2586 classes and 606 folders.
[2018.12.20-15.43.18:800][  0]LogContentBrowser: Native class hierarchy updated for 'WidgetCarousel' in 0.0004 seconds. Added 0 classes and 0 folders.
[2018.12.20-15.43.18:875][  0]LogContentBrowser: Native class hierarchy updated for 'AddContentDialog' in 0.0003 seconds. Added 0 classes and 0 folders.
[2018.12.20-15.43.18:884][  0]LogContentBrowser: Native class hierarchy updated for 'SceneOutliner' in 0.0004 seconds. Added 1 classes and 2 folders.
[2018.12.20-15.43.18:949][  0]LogSlate: Took 0.000795 seconds to synchronously load lazily loaded font '../../../Engine/Content/Slate/Fonts/Roboto-Regular.ttf' (155K)
[2018.12.20-15.43.18:952][  0]LogSlate: Took 0.000793 seconds to synchronously load lazily loaded font '../../../Engine/Content/Slate/Fonts/Roboto-Bold.ttf' (160K)
[2018.12.20-15.43.18:959][  0]LogSlate: Took 0.000650 seconds to synchronously load lazily loaded font '../../../Engine/Content/Editor/Slate/Fonts/FontAwesome.ttf' (139K)
[2018.12.20-15.43.19:045][  0]LogRenderer: Reallocating scene render targets to support 1208x600 Format 10 NumSamples 1 (Frame:1).
[2018.12.20-15.43.19:100][  0]LogSlate: Took 0.000607 seconds to synchronously load lazily loaded font '../../../Engine/Content/Slate/Fonts/Roboto-Light.ttf' (167K)
[2018.12.20-15.43.19:255][  0]LogContentBrowser: Native class hierarchy updated for 'HierarchicalLODOutliner' in 0.0006 seconds. Added 0 classes and 0 folders.
[2018.12.20-15.43.19:255][  0]LogLoad: (Engine Initialization) Total time: 11.56 seconds
[2018.12.20-15.43.19:255][  0]LogLoad: (Engine Initialization) Total Blueprint compile time: 0.00 seconds
[2018.12.20-15.43.19:265][  0]LogWindowsTextInputMethodSystem: Display: IME system now deactivated.
[2018.12.20-15.43.19:323][  0]LogContentStreaming: Texture pool size now 1000 MB
[2018.12.20-15.43.19:345][  1]LogFileCache: Retrieving MD5 hashes for directory 'D:/Documents/GitHub/TGP_PairProject/TGP_Project/Content/' took 0.07s
[2018.12.20-15.43.19:412][  1]LogAssetRegistry: Asset discovery search completed in 6.0771 seconds
[2018.12.20-15.43.19:414][  1]LogCollectionManager: Rebuilt the object cache for 0 collections in 0.000001 seconds (found 0 objects)
[2018.12.20-15.43.19:414][  1]LogCollectionManager: Fixed up redirectors for 0 collections in 0.000187 seconds (updated 0 objects)
[2018.12.20-15.47.28:633][630]LogSlate: Took 0.000678 seconds to synchronously load lazily loaded font '../../../Engine/Content/Slate/Fonts/Roboto-Light.ttf' (167K)
[2018.12.20-15.47.28:639][630]LogSlate: FSceneViewport::OnFocusLost() reason 2
[2018.12.20-15.47.28:689][630]LogFactory: FactoryCreateFile: Texture with ReimportTextureFactory (0 0 D:\Desktop\BasicLevel.png)
[2018.12.20-15.47.28:774][630]LogTexture: Display: Building textures: BasicLevel (AutoDXT, 1024X1024)
[2018.12.20-15.48.00:120][169]LogSlate: FSceneViewport::OnFocusLost() reason 0
[2018.12.20-15.48.00:170][175]LogTemp: Repeating last play command: Selected Viewport
[2018.12.20-15.48.00:187][175]LogPlayLevel: PlayLevel: No blueprints needed recompiling
[2018.12.20-15.48.00:201][175]PIE: New page: PIE session: BaseLevel (20 Dec 2018 15:48:00)
[2018.12.20-15.48.00:201][175]LogPlayLevel: Creating play world package: /Game/Levels/UEDPIE_0_BaseLevel
[2018.12.20-15.48.00:204][175]LogPlayLevel: PIE: StaticDuplicateObject took: (0.003093s)
[2018.12.20-15.48.00:205][175]LogAIModule: Creating AISystem for world BaseLevel
[2018.12.20-15.48.00:205][175]LogPlayLevel: PIE: World Init took: (0.001090s)
[2018.12.20-15.48.00:205][175]LogPlayLevel: PIE: Created PIE world by copying editor world from /Game/Levels/BaseLevel.BaseLevel to /Game/Levels/UEDPIE_0_BaseLevel.BaseLevel (0.004663s)
[2018.12.20-15.48.00:256][175]LogInit: XAudio2 using 'Speakers (Realtek High Definition Audio)' : 2 channels at 48 kHz using 32 bits per sample (channel mask 0x3)
[2018.12.20-15.48.00:280][175]LogInit: FAudioDevice initialized.
[2018.12.20-15.48.00:328][175]LogLoad: Game class is 'GM_GAME_C'
[2018.12.20-15.48.00:330][175]LogWorld: Bringing World /Game/Levels/UEDPIE_0_BaseLevel.BaseLevel up for play (max tick rate 0) at 2018.12.20-15.48.00
[2018.12.20-15.48.00:331][175]LogWorld: Bringing up level for play took: 0.001805
[2018.12.20-15.48.00:383][175]LogContentBrowser: Native class hierarchy updated for 'MovieSceneCapture' in 0.0012 seconds. Added 10 classes and 0 folders.
[2018.12.20-15.48.00:387][175]PIE: Play in editor start time for /Game/Levels/UEDPIE_0_BaseLevel 0.362
[2018.12.20-15.48.00:914][236]LogBlueprintUserMessages: [EntranceToRestictedArea_2] yeet
[2018.12.20-15.48.00:964][242]LogBlueprintUserMessages: [EntranceToRestictedArea_2] yeet
[2018.12.20-15.48.08:308][123]LogSlate: FSceneViewport::OnFocusLost() reason 0
[2018.12.20-15.48.08:376][131]LogSlate: Updating window title bar state: overlay mode, drag disabled, window buttons hidden, title bar hidden
[2018.12.20-15.48.08:409][131]LogPlayLevel: Display: Shutting down PIE online subsystems
[2018.12.20-15.48.08:432][131]LogSlate: Updating window title bar state: overlay mode, drag disabled, window buttons hidden, title bar hidden
[2018.12.20-15.48.08:478][136]LogPlayLevel: Display: Destroying online subsystem :Context_4
[2018.12.20-15.48.12:399][604]LogSlate: FSceneViewport::OnFocusLost() reason 0
[2018.12.20-15.48.22:977][755]LogEditorViewport: Clicking on Actor (LMB): PaperSpriteActor (BasicLevel_Sprite)
[2018.12.20-15.48.39:806][745]LogSlate: FSceneViewport::OnFocusLost() reason 0
[2018.12.20-15.48.39:872][753]LogTemp: Repeating last play command: Selected Viewport
[2018.12.20-15.48.39:889][753]LogPlayLevel: PlayLevel: No blueprints needed recompiling
[2018.12.20-15.48.39:890][753]PIE: New page: PIE session: BaseLevel (20 Dec 2018 15:48:39)
[2018.12.20-15.48.39:890][753]LogPlayLevel: Creating play world package: /Game/Levels/UEDPIE_0_BaseLevel
[2018.12.20-15.48.39:893][753]LogPlayLevel: PIE: StaticDuplicateObject took: (0.003156s)
[2018.12.20-15.48.39:894][753]LogAIModule: Creating AISystem for world BaseLevel
[2018.12.20-15.48.39:894][753]LogPlayLevel: PIE: World Init took: (0.000884s)
[2018.12.20-15.48.39:895][753]LogPlayLevel: PIE: Created PIE world by copying editor world from /Game/Levels/BaseLevel.BaseLevel to /Game/Levels/UEDPIE_0_BaseLevel.BaseLevel (0.004430s)
[2018.12.20-15.48.39:946][753]LogInit: XAudio2 using 'Speakers (Realtek High Definition Audio)' : 2 channels at 48 kHz using 32 bits per sample (channel mask 0x3)
[2018.12.20-15.48.39:974][753]LogInit: FAudioDevice initialized.
[2018.12.20-15.48.40:005][753]LogLoad: Game class is 'GM_GAME_C'
[2018.12.20-15.48.40:007][753]LogWorld: Bringing World /Game/Levels/UEDPIE_0_BaseLevel.BaseLevel up for play (max tick rate 0) at 2018.12.20-15.48.40
[2018.12.20-15.48.40:007][753]LogWorld: Bringing up level for play took: 0.001317
[2018.12.20-15.48.40:021][753]PIE: Play in editor start time for /Game/Levels/UEDPIE_0_BaseLevel -0.004
[2018.12.20-15.48.40:793][845]LogBlueprintUserMessages: [EntranceToRestictedArea_2] yeet
[2018.12.20-15.48.40:885][856]LogBlueprintUserMessages: [EntranceToRestictedArea_2] yeet
[2018.12.20-15.48.41:393][917]LogBlueprintUserMessages: [EntranceToRestictedArea_2] yeet
[2018.12.20-15.48.41:477][927]LogBlueprintUserMessages: [EntranceToRestictedArea_2] yeet
[2018.12.20-15.48.53:066][317]LogSlate: FSceneViewport::OnFocusLost() reason 0
[2018.12.20-15.48.53:108][322]LogSlate: Updating window title bar state: overlay mode, drag disabled, window buttons hidden, title bar hidden
[2018.12.20-15.48.53:142][322]LogPlayLevel: Display: Shutting down PIE online subsystems
[2018.12.20-15.48.53:163][322]LogSlate: Updating window title bar state: overlay mode, drag disabled, window buttons hidden, title bar hidden
[2018.12.20-15.48.53:212][327]LogPlayLevel: Display: Destroying online subsystem :Context_5
[2018.12.20-15.48.57:782][872]LogEditorViewport: Clicking on Actor (LMB): PaperSpriteActor (BasicLevel_Sprite)
[2018.12.20-15.49.10:582][330]LogEditorViewport: Clicking on Actor (LMB): StaticMeshActor (Floor)
[2018.12.20-15.49.12:825][588]Cmd: DELETE
[2018.12.20-15.49.12:826][588]Cmd: ACTOR DELETE
[2018.12.20-15.49.12:909][588]LogEditorActor: Deleted Actor: StaticMeshActor
[2018.12.20-15.49.12:961][588]LogEditorActor: Deleted 1 Actors (0.103 secs)
[2018.12.20-15.49.15:280][857]LogSlate: FSceneViewport::OnFocusLost() reason 0
[2018.12.20-15.49.15:347][865]LogTemp: Repeating last play command: Selected Viewport
[2018.12.20-15.49.15:363][865]LogPlayLevel: PlayLevel: No blueprints needed recompiling
[2018.12.20-15.49.15:364][865]PIE: New page: PIE session: BaseLevel (20 Dec 2018 15:49:15)
[2018.12.20-15.49.15:364][865]LogPlayLevel: Creating play world package: /Game/Levels/UEDPIE_0_BaseLevel
[2018.12.20-15.49.15:367][865]LogPlayLevel: PIE: StaticDuplicateObject took: (0.002820s)
[2018.12.20-15.49.15:367][865]LogAIModule: Creating AISystem for world BaseLevel
[2018.12.20-15.49.15:368][865]LogPlayLevel: PIE: World Init took: (0.000755s)
[2018.12.20-15.49.15:368][865]LogPlayLevel: PIE: Created PIE world by copying editor world from /Game/Levels/BaseLevel.BaseLevel to /Game/Levels/UEDPIE_0_BaseLevel.BaseLevel (0.003923s)
[2018.12.20-15.49.15:420][865]LogInit: XAudio2 using 'Speakers (Realtek High Definition Audio)' : 2 channels at 48 kHz using 32 bits per sample (channel mask 0x3)
[2018.12.20-15.49.15:443][865]LogInit: FAudioDevice initialized.
[2018.12.20-15.49.15:481][865]LogLoad: Game class is 'GM_GAME_C'
[2018.12.20-15.49.15:482][865]LogWorld: Bringing World /Game/Levels/UEDPIE_0_BaseLevel.BaseLevel up for play (max tick rate 0) at 2018.12.20-15.49.15
[2018.12.20-15.49.15:483][865]LogWorld: Bringing up level for play took: 0.001071
[2018.12.20-15.49.15:496][865]PIE: Play in editor start time for /Game/Levels/UEDPIE_0_BaseLevel -0.528
[2018.12.20-15.49.19:670][365]LogSlate: FSceneViewport::OnFocusLost() reason 0
[2018.12.20-15.49.30:076][578]LogSlate: FSceneViewport::OnFocusLost() reason 0
[2018.12.20-15.49.34:098][955]LogSlate: FSceneViewport::OnFocusLost() reason 0
[2018.12.20-15.49.36:715][201]LogSlate: FSceneViewport::OnFocusLost() reason 0
[2018.12.20-15.49.39:353][444]LogEditorViewport: Clicking on Actor (LMB): PaperSpriteActor (BasicLevel_Sprite)
[2018.12.20-15.49.41:122][637]LogSlate: FSceneViewport::OnFocusLost() reason 0
[2018.12.20-15.49.41:378][662]PIE: Warning: Mobility of /Game/Levels/UEDPIE_0_BaseLevel.BaseLevel:PersistentLevel.BasicLevel_Sprite_2 : RenderComponent has to be 'Movable' if you'd like to move. 
[2018.12.20-15.49.41:471][673]PIE: Warning: Mobility of /Game/Levels/UEDPIE_0_BaseLevel.BaseLevel:PersistentLevel.BasicLevel_Sprite_2 : RenderComponent has to be 'Movable' if you'd like to move. 
[2018.12.20-15.49.41:529][680]PIE: Warning: Mobility of /Game/Levels/UEDPIE_0_BaseLevel.BaseLevel:PersistentLevel.BasicLevel_Sprite_2 : RenderComponent has to be 'Movable' if you'd like to move. 
[2018.12.20-15.49.41:856][716]PIE: Warning: Mobility of /Game/Levels/UEDPIE_0_BaseLevel.BaseLevel:PersistentLevel.BasicLevel_Sprite_2 : RenderComponent has to be 'Movable' if you'd like to move. 
[2018.12.20-15.49.44:128][947]LogSlate: Took 0.000321 seconds to synchronously load lazily loaded font '../../../Engine/Content/Slate/Fonts/Roboto-Italic.ttf' (157K)
[2018.12.20-15.49.45:601][120]LogSlate: FSceneViewport::OnFocusLost() reason 0
[2018.12.20-15.49.45:660][127]PIE: Warning: Mobility of /Game/Levels/UEDPIE_0_BaseLevel.BaseLevel:PersistentLevel.BasicLevel_Sprite_2 : RenderComponent has to be 'Movable' if you'd like to move. 
[2018.12.20-15.49.49:720][582]PIE: Warning: Mobility of /Game/Levels/UEDPIE_0_BaseLevel.BaseLevel:PersistentLevel.BasicLevel_Sprite_2 : RenderComponent has to be 'Movable' if you'd like to move. 
[2018.12.20-15.49.49:720][582]PIE: Warning: Mobility of /Game/Levels/UEDPIE_0_BaseLevel.BaseLevel:PersistentLevel.BasicLevel_Sprite_2 : RenderComponent has to be 'Movable' if you'd like to move. 
[2018.12.20-15.49.49:720][582]PIE: Warning: Mobility of /Game/Levels/UEDPIE_0_BaseLevel.BaseLevel:PersistentLevel.BasicLevel_Sprite_2 : RenderComponent has to be 'Movable' if you'd like to move. 
[2018.12.20-15.49.49:720][582]PIE: Warning: Mobility of /Game/Levels/UEDPIE_0_BaseLevel.BaseLevel:PersistentLevel.BasicLevel_Sprite_2 : RenderComponent has to be 'Movable' if you'd like to move. 
[2018.12.20-15.49.49:862][599]PIE: Warning: Mobility of /Game/Levels/UEDPIE_0_BaseLevel.BaseLevel:PersistentLevel.BasicLevel_Sprite_2 : RenderComponent has to be 'Movable' if you'd like to move. 
[2018.12.20-15.49.49:863][599]PIE: Warning: Mobility of /Game/Levels/UEDPIE_0_BaseLevel.BaseLevel:PersistentLevel.BasicLevel_Sprite_2 : RenderComponent has to be 'Movable' if you'd like to move. 
[2018.12.20-15.49.49:863][599]PIE: Warning: Mobility of /Game/Levels/UEDPIE_0_BaseLevel.BaseLevel:PersistentLevel.BasicLevel_Sprite_2 : RenderComponent has to be 'Movable' if you'd like to move. 
[2018.12.20-15.49.49:863][599]PIE: Warning: Mobility of /Game/Levels/UEDPIE_0_BaseLevel.BaseLevel:PersistentLevel.BasicLevel_Sprite_2 : RenderComponent has to be 'Movable' if you'd like to move. 
[2018.12.20-15.49.49:863][599]PIE: Warning: Mobility of /Game/Levels/UEDPIE_0_BaseLevel.BaseLevel:PersistentLevel.BasicLevel_Sprite_2 : RenderComponent has to be 'Movable' if you'd like to move. 
[2018.12.20-15.49.50:038][620]PIE: Warning: Mobility of /Game/Levels/UEDPIE_0_BaseLevel.BaseLevel:PersistentLevel.BasicLevel_Sprite_2 : RenderComponent has to be 'Movable' if you'd like to move. 
[2018.12.20-15.49.50:039][620]PIE: Warning: Mobility of /Game/Levels/UEDPIE_0_BaseLevel.BaseLevel:PersistentLevel.BasicLevel_Sprite_2 : RenderComponent has to be 'Movable' if you'd like to move. 
[2018.12.20-15.49.50:039][620]PIE: Warning: Mobility of /Game/Levels/UEDPIE_0_BaseLevel.BaseLevel:PersistentLevel.BasicLevel_Sprite_2 : RenderComponent has to be 'Movable' if you'd like to move. 
[2018.12.20-15.49.50:039][620]PIE: Warning: Mobility of /Game/Levels/UEDPIE_0_BaseLevel.BaseLevel:PersistentLevel.BasicLevel_Sprite_2 : RenderComponent has to be 'Movable' if you'd like to move. 
[2018.12.20-15.49.50:039][620]PIE: Warning: Mobility of /Game/Levels/UEDPIE_0_BaseLevel.BaseLevel:PersistentLevel.BasicLevel_Sprite_2 : RenderComponent has to be 'Movable' if you'd like to move. 
[2018.12.20-15.49.50:139][632]PIE: Warning: Mobility of /Game/Levels/UEDPIE_0_BaseLevel.BaseLevel:PersistentLevel.BasicLevel_Sprite_2 : RenderComponent has to be 'Movable' if you'd like to move. 
[2018.12.20-15.49.50:139][632]PIE: Warning: Mobility of /Game/Levels/UEDPIE_0_BaseLevel.BaseLevel:PersistentLevel.BasicLevel_Sprite_2 : RenderComponent has to be 'Movable' if you'd like to move. 
[2018.12.20-15.49.50:139][632]PIE: Warning: Mobility of /Game/Levels/UEDPIE_0_BaseLevel.BaseLevel:PersistentLevel.BasicLevel_Sprite_2 : RenderComponent has to be 'Movable' if you'd like to move. 
[2018.12.20-15.49.50:139][632]PIE: Warning: Mobility of /Game/Levels/UEDPIE_0_BaseLevel.BaseLevel:PersistentLevel.BasicLevel_Sprite_2 : RenderComponent has to be 'Movable' if you'd like to move. 
[2018.12.20-15.49.50:139][632]PIE: Warning: Mobility of /Game/Levels/UEDPIE_0_BaseLevel.BaseLevel:PersistentLevel.BasicLevel_Sprite_2 : RenderComponent has to be 'Movable' if you'd like to move. 
[2018.12.20-15.49.50:356][658]PIE: Warning: Mobility of /Game/Levels/UEDPIE_0_BaseLevel.BaseLevel:PersistentLevel.BasicLevel_Sprite_2 : RenderComponent has to be 'Movable' if you'd like to move. 
[2018.12.20-15.49.50:356][658]PIE: Warning: Mobility of /Game/Levels/UEDPIE_0_BaseLevel.BaseLevel:PersistentLevel.BasicLevel_Sprite_2 : RenderComponent has to be 'Movable' if you'd like to move. 
[2018.12.20-15.49.50:356][658]PIE: Warning: Mobility of /Game/Levels/UEDPIE_0_BaseLevel.BaseLevel:PersistentLevel.BasicLevel_Sprite_2 : RenderComponent has to be 'Movable' if you'd like to move. 
[2018.12.20-15.49.50:356][658]PIE: Warning: Mobility of /Game/Levels/UEDPIE_0_BaseLevel.BaseLevel:PersistentLevel.BasicLevel_Sprite_2 : RenderComponent has to be 'Movable' if you'd like to move. 
[2018.12.20-15.49.50:356][658]PIE: Warning: Mobility of /Game/Levels/UEDPIE_0_BaseLevel.BaseLevel:PersistentLevel.BasicLevel_Sprite_2 : RenderComponent has to be 'Movable' if you'd like to move. 
[2018.12.20-15.49.50:656][694]PIE: Warning: Mobility of /Game/Levels/UEDPIE_0_BaseLevel.BaseLevel:PersistentLevel.BasicLevel_Sprite_2 : RenderComponent has to be 'Movable' if you'd like to move. 
[2018.12.20-15.49.50:657][694]PIE: Warning: Mobility of /Game/Levels/UEDPIE_0_BaseLevel.BaseLevel:PersistentLevel.BasicLevel_Sprite_2 : RenderComponent has to be 'Movable' if you'd like to move. 
[2018.12.20-15.49.50:657][694]PIE: Warning: Mobility of /Game/Levels/UEDPIE_0_BaseLevel.BaseLevel:PersistentLevel.BasicLevel_Sprite_2 : RenderComponent has to be 'Movable' if you'd like to move. 
[2018.12.20-15.49.50:657][694]PIE: Warning: Mobility of /Game/Levels/UEDPIE_0_BaseLevel.BaseLevel:PersistentLevel.BasicLevel_Sprite_2 : RenderComponent has to be 'Movable' if you'd like to move. 
[2018.12.20-15.49.50:657][694]PIE: Warning: Mobility of /Game/Levels/UEDPIE_0_BaseLevel.BaseLevel:PersistentLevel.BasicLevel_Sprite_2 : RenderComponent has to be 'Movable' if you'd like to move. 
[2018.12.20-15.49.50:823][714]PIE: Warning: Mobility of /Game/Levels/UEDPIE_0_BaseLevel.BaseLevel:PersistentLevel.BasicLevel_Sprite_2 : RenderComponent has to be 'Movable' if you'd like to move. 
[2018.12.20-15.49.50:823][714]PIE: Warning: Mobility of /Game/Levels/UEDPIE_0_BaseLevel.BaseLevel:PersistentLevel.BasicLevel_Sprite_2 : RenderComponent has to be 'Movable' if you'd like to move. 
[2018.12.20-15.49.50:824][714]PIE: Warning: Mobility of /Game/Levels/UEDPIE_0_BaseLevel.BaseLevel:PersistentLevel.BasicLevel_Sprite_2 : RenderComponent has to be 'Movable' if you'd like to move. 
[2018.12.20-15.49.50:824][714]PIE: Warning: Mobility of /Game/Levels/UEDPIE_0_BaseLevel.BaseLevel:PersistentLevel.BasicLevel_Sprite_2 : RenderComponent has to be 'Movable' if you'd like to move. 
[2018.12.20-15.49.50:824][714]PIE: Warning: Mobility of /Game/Levels/UEDPIE_0_BaseLevel.BaseLevel:PersistentLevel.BasicLevel_Sprite_2 : RenderComponent has to be 'Movable' if you'd like to move. 
[2018.12.20-15.49.51:149][753]PIE: Warning: Mobility of /Game/Levels/UEDPIE_0_BaseLevel.BaseLevel:PersistentLevel.BasicLevel_Sprite_2 : RenderComponent has to be 'Movable' if you'd like to move. 
[2018.12.20-15.49.51:150][753]PIE: Warning: Mobility of /Game/Levels/UEDPIE_0_BaseLevel.BaseLevel:PersistentLevel.BasicLevel_Sprite_2 : RenderComponent has to be 'Movable' if you'd like to move. 
[2018.12.20-15.49.51:150][753]PIE: Warning: Mobility of /Game/Levels/UEDPIE_0_BaseLevel.BaseLevel:PersistentLevel.BasicLevel_Sprite_2 : RenderComponent has to be 'Movable' if you'd like to move. 
[2018.12.20-15.49.51:150][753]PIE: Warning: Mobility of /Game/Levels/UEDPIE_0_BaseLevel.BaseLevel:PersistentLevel.BasicLevel_Sprite_2 : RenderComponent has to be 'Movable' if you'd like to move. 
[2018.12.20-15.49.51:150][753]PIE: Warning: Mobility of /Game/Levels/UEDPIE_0_BaseLevel.BaseLevel:PersistentLevel.BasicLevel_Sprite_2 : RenderComponent has to be 'Movable' if you'd like to move. 
[2018.12.20-15.49.52:437][907]PIE: Warning: Mobility of /Game/Levels/UEDPIE_0_BaseLevel.BaseLevel:PersistentLevel.BasicLevel_Sprite_2 : RenderComponent has to be 'Movable' if you'd like to move. 
[2018.12.20-15.49.52:437][907]PIE: Warning: Mobility of /Game/Levels/UEDPIE_0_BaseLevel.BaseLevel:PersistentLevel.BasicLevel_Sprite_2 : RenderComponent has to be 'Movable' if you'd like to move. 
[2018.12.20-15.49.52:437][907]PIE: Warning: Mobility of /Game/Levels/UEDPIE_0_BaseLevel.BaseLevel:PersistentLevel.BasicLevel_Sprite_2 : RenderComponent has to be 'Movable' if you'd like to move. 
[2018.12.20-15.49.52:437][907]PIE: Warning: Mobility of /Game/Levels/UEDPIE_0_BaseLevel.BaseLevel:PersistentLevel.BasicLevel_Sprite_2 : RenderComponent has to be 'Movable' if you'd like to move. 
[2018.12.20-15.49.52:437][907]PIE: Warning: Mobility of /Game/Levels/UEDPIE_0_BaseLevel.BaseLevel:PersistentLevel.BasicLevel_Sprite_2 : RenderComponent has to be 'Movable' if you'd like to move. 
[2018.12.20-15.49.53:931][ 75]LogSlate: FSceneViewport::OnFocusLost() reason 0
[2018.12.20-15.49.53:974][ 80]LogSlate: Updating window title bar state: overlay mode, drag disabled, window buttons hidden, title bar hidden
[2018.12.20-15.49.54:006][ 80]LogPlayLevel: Display: Shutting down PIE online subsystems
[2018.12.20-15.49.54:029][ 80]LogSlate: Updating window title bar state: overlay mode, drag disabled, window buttons hidden, title bar hidden
[2018.12.20-15.49.54:079][ 84]LogPlayLevel: Display: Destroying online subsystem :Context_7
[2018.12.20-15.49.57:749][521]LogSlate: FSceneViewport::OnFocusLost() reason 0
[2018.12.20-15.49.57:799][527]LogTemp: Repeating last play command: Selected Viewport
[2018.12.20-15.49.57:815][527]LogPlayLevel: PlayLevel: No blueprints needed recompiling
[2018.12.20-15.49.57:815][527]PIE: New page: PIE session: BaseLevel (20 Dec 2018 15:49:57)
[2018.12.20-15.49.57:815][527]LogPlayLevel: Creating play world package: /Game/Levels/UEDPIE_0_BaseLevel
[2018.12.20-15.49.57:818][527]LogPlayLevel: PIE: StaticDuplicateObject took: (0.002722s)
[2018.12.20-15.49.57:819][527]LogAIModule: Creating AISystem for world BaseLevel
[2018.12.20-15.49.57:819][527]LogPlayLevel: PIE: World Init took: (0.000806s)
[2018.12.20-15.49.57:819][527]LogPlayLevel: PIE: Created PIE world by copying editor world from /Game/Levels/BaseLevel.BaseLevel to /Game/Levels/UEDPIE_0_BaseLevel.BaseLevel (0.003958s)
[2018.12.20-15.49.57:870][527]LogInit: XAudio2 using 'Speakers (Realtek High Definition Audio)' : 2 channels at 48 kHz using 32 bits per sample (channel mask 0x3)
[2018.12.20-15.49.57:891][527]LogInit: FAudioDevice initialized.
[2018.12.20-15.49.57:924][527]LogLoad: Game class is 'GM_GAME_C'
[2018.12.20-15.49.57:925][527]LogWorld: Bringing World /Game/Levels/UEDPIE_0_BaseLevel.BaseLevel up for play (max tick rate 0) at 2018.12.20-15.49.57
[2018.12.20-15.49.57:925][527]LogWorld: Bringing up level for play took: 0.001042
[2018.12.20-15.49.57:939][527]PIE: Play in editor start time for /Game/Levels/UEDPIE_0_BaseLevel -0.086
[2018.12.20-15.49.59:161][673]LogSlate: Updating window title bar state: overlay mode, drag disabled, window buttons hidden, title bar hidden
[2018.12.20-15.49.59:196][673]LogPlayLevel: Display: Shutting down PIE online subsystems
[2018.12.20-15.49.59:217][673]LogSlate: Updating window title bar state: overlay mode, drag disabled, window buttons hidden, title bar hidden
[2018.12.20-15.49.59:265][678]LogPlayLevel: Display: Destroying online subsystem :Context_8
[2018.12.20-15.50.04:916][355]LogEditorViewport: Clicking on Actor (LMB): PaperSpriteActor (BasicLevel_Sprite)
[2018.12.20-15.50.05:798][456]Cmd: CAMERA ALIGN ACTIVEVIEWPORTONLY
[2018.12.20-15.50.11:978][178]LogEditorViewport: Clicking Background
[2018.12.20-15.50.15:235][555]LogEditorViewport: Clicking on Actor (LMB): EntranceToRestictedArea_C (EntranceToRestictedArea)
[2018.12.20-15.50.15:739][610]LogEditorViewport: Clicking Background
[2018.12.20-15.50.18:321][918]LogEditorViewport: Clicking on Actor (LMB): EntranceToRestictedArea_C (EntranceToRestictedArea)
[2018.12.20-15.50.32:913][621]LogSlate: FSceneViewport::OnFocusLost() reason 0
[2018.12.20-15.50.45:733][135]LogSlate: FSceneViewport::OnFocusLost() reason 0
[2018.12.20-15.50.50:533][686]LogEditorViewport: Clicking on Actor (LMB): RestrictedAreas_C (RestrictedAreas)
[2018.12.20-15.50.58:006][547]LogSlate: FSceneViewport::OnFocusLost() reason 0
[2018.12.20-15.51.04:207][285]LogSlate: FSceneViewport::OnFocusLost() reason 0
[2018.12.20-15.51.15:655][642]LogEditorViewport: Clicking on Actor (LMB): EntranceToRestictedArea_C (EntranceToRestictedArea)
[2018.12.20-15.51.17:192][822]LogEditorViewport: Clicking on Actor (LMB): PaperSpriteActor (BasicLevel_Sprite)
[2018.12.20-15.51.17:744][883]LogEditorViewport: Clicking on Actor (LMB): PaperSpriteActor (BasicLevel_Sprite)
[2018.12.20-15.51.18:221][939]LogEditorViewport: Clicking on Actor (LMB): PaperSpriteActor (BasicLevel_Sprite)
[2018.12.20-15.51.18:608][984]LogEditorViewport: Clicking on Actor (double click): RestrictedAreas_C (RestrictedAreas)
[2018.12.20-15.51.23:367][549]LogEditorViewport: Clicking on Actor (LMB): PaperSpriteActor (BasicLevel_Sprite)
[2018.12.20-15.51.23:916][610]LogEditorViewport: Clicking on Actor (LMB): PaperSpriteActor (BasicLevel_Sprite)
[2018.12.20-15.51.24:386][665]LogEditorViewport: Clicking on Actor (LMB): PaperSpriteActor (BasicLevel_Sprite)
[2018.12.20-15.51.24:856][720]LogEditorViewport: Clicking on Actor (LMB): PaperSpriteActor (BasicLevel_Sprite)
[2018.12.20-15.51.25:309][773]LogEditorViewport: Clicking on Actor (LMB): PaperSpriteActor (BasicLevel_Sprite)
[2018.12.20-15.51.25:656][813]LogEditorViewport: Clicking on Actor (LMB): PaperSpriteActor (BasicLevel_Sprite)
[2018.12.20-15.51.26:226][880]LogEditorViewport: Clicking on Actor (LMB): PaperSpriteActor (BasicLevel_Sprite)
[2018.12.20-15.51.26:600][922]LogEditorViewport: Clicking on Component (LMB): PaperSpriteComponent (RenderComponent)
[2018.12.20-15.51.27:047][970]LogEditorViewport: Clicking on Component (LMB): PaperSpriteComponent (RenderComponent)
[2018.12.20-15.51.28:771][158]LogEditorViewport: Clicking on Component (LMB): PaperSpriteComponent (RenderComponent)
[2018.12.20-15.51.29:223][210]LogEditorViewport: Clicking on Component (LMB): PaperSpriteComponent (RenderComponent)
[2018.12.20-15.51.29:658][261]LogEditorViewport: Clicking on Component (LMB): PaperSpriteComponent (RenderComponent)
[2018.12.20-15.51.30:085][311]LogEditorViewport: Clicking on Component (LMB): PaperSpriteComponent (RenderComponent)
[2018.12.20-15.51.30:362][343]LogEditorViewport: Clicking on Actor (double click): EntranceToRestictedArea_C (EntranceToRestictedArea)
[2018.12.20-15.51.45:503][ 39]LogEditorViewport: Clicking on Actor (LMB): PaperSpriteActor (BasicLevel_Sprite)
[2018.12.20-15.51.46:056][ 97]LogEditorViewport: Clicking on Actor (LMB): PaperSpriteActor (BasicLevel_Sprite)
[2018.12.20-15.51.46:427][140]LogEditorViewport: Clicking on Actor (LMB): RestrictedAreas_C (RestrictedAreas)
[2018.12.20-15.51.48:965][438]Cmd: TRANSACTION UNDO
[2018.12.20-15.51.48:965][438]LogEditorTransaction: Undo Move Actors
[2018.12.20-15.52.09:487][842]LogSlate: FSceneViewport::OnFocusLost() reason 0
[2018.12.20-15.52.09:545][849]LogTemp: Repeating last play command: Selected Viewport
[2018.12.20-15.52.09:561][849]LogPlayLevel: PlayLevel: No blueprints needed recompiling
[2018.12.20-15.52.09:562][849]PIE: New page: PIE session: BaseLevel (20 Dec 2018 15:52:09)
[2018.12.20-15.52.09:562][849]LogPlayLevel: Creating play world package: /Game/Levels/UEDPIE_0_BaseLevel
[2018.12.20-15.52.09:565][849]LogPlayLevel: PIE: StaticDuplicateObject took: (0.002962s)
[2018.12.20-15.52.09:566][849]LogAIModule: Creating AISystem for world BaseLevel
[2018.12.20-15.52.09:566][849]LogPlayLevel: PIE: World Init took: (0.000731s)
[2018.12.20-15.52.09:566][849]LogPlayLevel: PIE: Created PIE world by copying editor world from /Game/Levels/BaseLevel.BaseLevel to /Game/Levels/UEDPIE_0_BaseLevel.BaseLevel (0.004125s)
[2018.12.20-15.52.09:616][849]LogInit: XAudio2 using 'Speakers (Realtek High Definition Audio)' : 2 channels at 48 kHz using 32 bits per sample (channel mask 0x3)
[2018.12.20-15.52.09:640][849]LogInit: FAudioDevice initialized.
[2018.12.20-15.52.09:676][849]LogLoad: Game class is 'GM_GAME_C'
[2018.12.20-15.52.09:677][849]LogWorld: Bringing World /Game/Levels/UEDPIE_0_BaseLevel.BaseLevel up for play (max tick rate 0) at 2018.12.20-15.52.09
[2018.12.20-15.52.09:677][849]LogWorld: Bringing up level for play took: 0.001156
[2018.12.20-15.52.09:691][849]PIE: Play in editor start time for /Game/Levels/UEDPIE_0_BaseLevel -0.333
[2018.12.20-15.52.14:999][483]LogBlueprintUserMessages: [EntranceToRestictedArea_2] yeet
[2018.12.20-15.52.16:491][662]LogBlueprintUserMessages: [EntranceToRestictedArea2] yeet
[2018.12.20-15.52.37:980][208]Cmd: ShowFlag.Coll
[2018.12.20-15.52.37:988][208]Command not recognized: ShowFlag.Coll
[2018.12.20-15.52.37:988][208]LogSlate: FSceneViewport::OnFocusLost() reason 2
[2018.12.20-15.52.47:118][303]Cmd: ShowFlag.Collision
[2018.12.20-15.52.47:118][303]ShowFlag.Collision = "2"      LastSetBy: Constructor
[2018.12.20-15.52.47:118][303]LogSlate: FSceneViewport::OnFocusLost() reason 2
[2018.12.20-15.52.50:119][663]LogSlate: FSceneViewport::OnFocusLost() reason 0
[2018.12.20-15.52.50:946][750]LogSlate: Took 0.032347 seconds to synchronously load lazily loaded font '../../../Engine/Content/Slate/Fonts/DroidSansMono.ttf' (77K)
[2018.12.20-15.52.52:870][978]Cmd: ShowFlag.Collision
[2018.12.20-15.52.52:870][978]ShowFlag.Collision = "2"      LastSetBy: Constructor
[2018.12.20-15.52.56:585][421]Cmd: ShowFlag.Collision
[2018.12.20-15.52.56:585][421]ShowFlag.Collision = "2"      LastSetBy: Constructor
[2018.12.20-15.53.08:769][878]Cmd: CAMERA ALIGN ACTIVEVIEWPORTONLY
[2018.12.20-15.53.09:792][990]LogEditorViewport: Clicking on Actor (LMB): PlayerCharacter_C (PlayerCharacter)
[2018.12.20-15.53.27:542][894]LogSlate: FSceneViewport::OnFocusLost() reason 0
[2018.12.20-15.53.29:571][ 84]LogSlate: FSceneViewport::OnFocusLost() reason 2
[2018.12.20-15.53.30:980][241]LogSlate: FSceneViewport::OnFocusLost() reason 2
[2018.12.20-15.53.42:608][561]LogSlate: FSceneViewport::OnFocusLost() reason 0
[2018.12.20-15.53.53:765][723]LogSlate: FSceneViewport::OnFocusLost() reason 0
[2018.12.20-15.53.53:851][729]LogSlate: Updating window title bar state: overlay mode, drag disabled, window buttons hidden, title bar hidden
[2018.12.20-15.53.53:886][729]LogPlayLevel: Display: Shutting down PIE online subsystems
[2018.12.20-15.53.53:907][729]LogSlate: Updating window title bar state: overlay mode, drag disabled, window buttons hidden, title bar hidden
[2018.12.20-15.53.53:926][730]LogPlayLevel: Display: Destroying online subsystem :Context_9
