Log file open, 12/09/18 21:20:31
LogWindows: Failed to load 'aqProf.dll' (GetLastError=126)
LogWindows: File 'aqProf.dll' does not exist
LogWindows: Failed to load 'VSPerf140.dll' (GetLastError=126)
LogWindows: File 'VSPerf140.dll' does not exist
LogWindows: Failed to load 'VtuneApi.dll' (GetLastError=126)
LogWindows: File 'VtuneApi.dll' does not exist
LogWindows: Failed to load 'VtuneApi32e.dll' (GetLastError=126)
LogWindows: File 'VtuneApi32e.dll' does not exist
LogInit: Display: Running engine for game: TGP_Project
LogPlatformFile: Not using cached read wrapper
LogTaskGraph: Started task graph with 5 named threads and 14 total threads with 3 sets of task threads.
LogStats: Stats thread started at 0.260183
LogD3D11RHI: Loaded GFSDK_Aftermath_Lib.x64.dll
LogICUInternationalization: Display: ICU TimeZone Detection - Raw Offset: +0:00, Platform Override: ''
LogPluginManager: Mounting plugin Paper2D
LogPluginManager: Mounting plugin AISupport
LogPluginManager: Mounting plugin LightPropagationVolume
LogPluginManager: Mounting plugin CLionSourceCodeAccess
LogPluginManager: Mounting plugin CodeLiteSourceCodeAccess
LogPluginManager: Mounting plugin GitSourceControl
LogPluginManager: Mounting plugin KDevelopSourceCodeAccess
LogPluginManager: Mounting plugin NullSourceCodeAccess
LogPluginManager: Mounting plugin PerforceSourceControl
LogPluginManager: Mounting plugin SubversionSourceControl
LogPluginManager: Mounting plugin UObjectPlugin
LogPluginManager: Mounting plugin VisualStudioCodeSourceCodeAccess
LogPluginManager: Mounting plugin VisualStudioSourceCodeAccess
LogPluginManager: Mounting plugin XCodeSourceCodeAccess
LogPluginManager: Mounting plugin AssetManagerEditor
LogPluginManager: Mounting plugin CryptoKeys
LogPluginManager: Mounting plugin DataValidation
LogPluginManager: Mounting plugin FacialAnimation
LogPluginManager: Mounting plugin GameplayTagsEditor
LogPluginManager: Mounting plugin MacGraphicsSwitching
LogPluginManager: Mounting plugin MeshEditor
LogPluginManager: Mounting plugin MobileLauncherProfileWizard
LogPluginManager: Mounting plugin PluginBrowser
LogPluginManager: Mounting plugin SpeedTreeImporter
LogPluginManager: Mounting plugin DatasmithContent
LogPluginManager: Mounting plugin AlembicImporter
LogPluginManager: Mounting plugin AppleImageUtils
LogPluginManager: Mounting plugin AppleVision
LogPluginManager: Mounting plugin BackChannel
LogPluginManager: Mounting plugin CharacterAI
LogPluginManager: Mounting plugin GeometryCache
LogPluginManager: Mounting plugin HTML5Networking
LogPluginManager: Mounting plugin ProxyLODPlugin
LogPluginManager: Mounting plugin MagicLeap
LogPluginManager: Mounting plugin MagicLeapEmulator
LogPluginManager: Mounting plugin MagicLeapMedia
LogPluginManager: Mounting plugin AndroidMedia
LogPluginManager: Mounting plugin AvfMedia
LogPluginManager: Mounting plugin ImgMedia
LogPluginManager: Mounting plugin LinearTimecode
LogPluginManager: Mounting plugin MediaCompositing
LogPluginManager: Mounting plugin MediaPlayerEditor
LogPluginManager: Mounting plugin WmfMedia
LogPluginManager: Mounting plugin TcpMessaging
LogPluginManager: Mounting plugin UdpMessaging
LogPluginManager: Mounting plugin ActorSequence
LogPluginManager: Mounting plugin LevelSequenceEditor
LogPluginManager: Mounting plugin MatineeToLevelSequence
LogPluginManager: Mounting plugin NetcodeUnitTest
LogPluginManager: Mounting plugin NUTUnrealEngine4
LogPluginManager: Mounting plugin OnlineSubsystemGooglePlay
LogPluginManager: Mounting plugin OnlineSubsystemIOS
LogPluginManager: Mounting plugin OnlineSubsystem
LogPluginManager: Mounting plugin OnlineSubsystemNull
LogPluginManager: Mounting plugin OnlineSubsystemUtils
LogPluginManager: Mounting plugin LauncherChunkInstaller
LogPluginManager: Mounting plugin AndroidDeviceProfileSelector
LogPluginManager: Mounting plugin AndroidMoviePlayer
LogPluginManager: Mounting plugin AndroidPermission
LogPluginManager: Mounting plugin AppleMoviePlayer
LogPluginManager: Mounting plugin ArchVisCharacter
LogPluginManager: Mounting plugin AudioCapture
LogPluginManager: Mounting plugin CableComponent
LogPluginManager: Mounting plugin CustomMeshComponent
LogPluginManager: Mounting plugin EditableMesh
LogPluginManager: Mounting plugin ExampleDeviceProfileSelector
LogPluginManager: Mounting plugin GoogleCloudMessaging
LogPluginManager: Mounting plugin ImmediatePhysics
LogPluginManager: Mounting plugin IOSDeviceProfileSelector
LogPluginManager: Mounting plugin LinuxDeviceProfileSelector
LogPluginManager: Mounting plugin LocationServicesBPLibrary
LogPluginManager: Mounting plugin MobilePatchingUtils
LogPluginManager: Mounting plugin OculusVR
LogPluginManager: Plugin shader directory ../../../Engine/Plugins/Runtime/Oculus/OculusVR/Shaders found
LogPluginManager: Mapping shader source directory ../../../Engine/Plugins/Runtime/Oculus/OculusVR/Shaders to virtual directory /Plugin/OculusVR
LogPluginManager: Mounting plugin PhysXVehicles
LogPluginManager: Mounting plugin ProceduralMeshComponent
LogPluginManager: Mounting plugin RuntimePhysXCooking
LogPluginManager: Mounting plugin SteamVR
LogPluginManager: Mounting plugin WindowsMoviePlayer
LogStreaming: Display: Took  0.097s to configure plugins.
LogInit: Using libcurl 7.55.1-DEV
LogInit:  - built for x86_64-pc-win32
LogInit:  - supports SSL with OpenSSL/1.0.2h
LogInit:  - supports HTTP deflate (compression) using libz 1.2.8
LogInit:  - other features:
LogInit:      CURL_VERSION_SSL
LogInit:      CURL_VERSION_LIBZ
LogInit:      CURL_VERSION_IPV6
LogInit:      CURL_VERSION_ASYNCHDNS
LogInit:      CURL_VERSION_LARGEFILE
LogInit:      CURL_VERSION_IDN
LogInit:  CurlRequestOptions (configurable via config and command line):
LogInit:  - bVerifyPeer = false  - Libcurl will NOT verify peer certificate
LogInit:  - bUseHttpProxy = false  - Libcurl will NOT use HTTP proxy
LogInit:  - bDontReuseConnections = false  - Libcurl will reuse connections
LogInit:  - CertBundlePath = nullptr  - Libcurl will use whatever was configured at build time.
LogInit:  - MaxHostConnections = 16  - Libcurl will limit the number of connections to a host
LogInit:  - LocalHostAddr = Default
LogInit:  - BufferSize = 65536
LogInit: WinSock: version 1.1 (2.2), MaxSocks=32767, MaxUdp=65467
LogInit: Build: ++UE4+Release-4.20-CL-4369336
LogInit: Engine Version: 4.20.3-4369336+++UE4+Release-4.20
LogInit: Compatible Engine Version: 4.20.0-4212847+++UE4+Release-4.20
LogInit: Net CL: 4212847
LogInit: OS: Windows 10 (), CPU: Intel(R) Core(TM) i5-4590 CPU @ 3.30GHz, GPU: NVIDIA GeForce GTX 1060 6GB
LogInit: Compiled (64-bit): Sep 17 2018 12:26:19
LogInit: Compiled with Visual C++: 19.13.26129.00
LogInit: Build Configuration: Development
LogInit: Branch Name: ++UE4+Release-4.20
LogInit: Command Line:  -skipcompile
LogInit: Base Directory: C:/Program Files/Epic Games/UE_4.20/Engine/Binaries/Win64/
LogInit: Installed Engine Build: 1
LogDevObjectVersion: Number of dev versions registered: 20
LogDevObjectVersion:   Dev-Blueprints (B0D832E4-1F89-4F0D-ACCF-7EB736FD4AA2): 10
LogDevObjectVersion:   Dev-Build (E1C64328-A22C-4D53-A36C-8E866417BD8C): 0
LogDevObjectVersion:   Dev-Core (375EC13C-06E4-48FB-B500-84F0262A717E): 2
LogDevObjectVersion:   Dev-Editor (E4B068ED-F494-42E9-A231-DA0B2E46BB41): 24
LogDevObjectVersion:   Dev-Framework (CFFC743F-43B0-4480-9391-14DF171D2073): 34
LogDevObjectVersion:   Dev-Mobile (B02B49B5-BB20-44E9-A304-32B752E40360): 2
LogDevObjectVersion:   Dev-Networking (A4E4105C-59A1-49B5-A7C5-40C4547EDFEE): 0
LogDevObjectVersion:   Dev-Online (39C831C9-5AE6-47DC-9A44-9C173E1C8E7C): 0
LogDevObjectVersion:   Dev-Physics (78F01B33-EBEA-4F98-B9B4-84EACCB95AA2): 0
LogDevObjectVersion:   Dev-Platform (6631380F-2D4D-43E0-8009-CF276956A95A): 0
LogDevObjectVersion:   Dev-Rendering (12F88B9F-8875-4AFC-A67C-D90C383ABD29): 26
LogDevObjectVersion:   Dev-Sequencer (7B5AE74C-D270-4C10-A958-57980B212A5A): 9
LogDevObjectVersion:   Dev-VR (D7296918-1DD6-4BDD-9DE2-64A83CC13884): 2
LogDevObjectVersion:   Dev-LoadTimes (C2A15278-BFE7-4AFE-6C17-90FF531DF755): 1
LogDevObjectVersion:   Private-Geometry (6EACA3D4-40EC-4CC1-B786-8BED09428FC5): 3
LogDevObjectVersion:   Dev-AnimPhys (29E575DD-E0A3-4627-9D10-D276232CDCEA): 17
LogDevObjectVersion:   Dev-ReflectionCapture (6B266CEC-1EC7-4B8F-A30B-E4D90942FC07): 1
LogDevObjectVersion:   Dev-Automation (0DF73D61-A23F-47EA-B727-89E90C41499A): 1
LogDevObjectVersion:   FortniteMain (601D1886-AC64-4F84-AA16-D3DE0DEAC7D6): 12
LogDevObjectVersion:   Dev-Enterprise (9DFFBCD6-494F-0158-E221-12823C92A888): 1
LogStreaming: Display: Took  0.001s to delete old logs.
LogInit: Presizing for max 8388607 objects, including 0 objects not considered by GC, pre-allocating 0 bytes for permanent pool.
LogInit: Object subsystem initialized
[2018.12.09-21.20.32:147][  0]LogInit: Selected Device Profile: [Windows]
[2018.12.09-21.20.32:147][  0]LogInit: Applying CVar settings loaded from the selected device profile: [Windows]
[2018.12.09-21.20.32:157][  0]LogHAL: Display: Platform has ~ 16 GB [17009229824 / 17179869184 / 16], which maps to Larger [LargestMinGB=32, LargerMinGB=12, DefaultMinGB=8, SmallerMinGB=6, SmallestMinGB=0)
[2018.12.09-21.20.32:158][  0]LogInit: Setting Device Profile CVar: [[r.Vulkan.UseRealUBs:1]]
[2018.12.09-21.20.32:158][  0]LogInit: Going up to parent DeviceProfile []
[2018.12.09-21.20.32:158][  0]LogInit: Computer: GROUNDZERO
[2018.12.09-21.20.32:158][  0]LogInit: User: TDSSK
[2018.12.09-21.20.32:158][  0]LogInit: CPU Page size=4096, Cores=4
[2018.12.09-21.20.32:158][  0]LogInit: High frequency timer resolution =3.222652 MHz
[2018.12.09-21.20.32:159][  0]LogMemory: Memory total: Physical=15.8GB (16GB approx)
[2018.12.09-21.20.32:159][  0]LogMemory: Platform Memory Stats for Windows
[2018.12.09-21.20.32:159][  0]LogMemory: Process Physical Memory: 102.12 MB used, 102.12 MB peak
[2018.12.09-21.20.32:159][  0]LogMemory: Process Virtual Memory: 92.30 MB used, 92.30 MB peak
[2018.12.09-21.20.32:159][  0]LogMemory: Physical Memory: 8147.10 MB used,  8074.17 MB free, 16221.27 MB total
[2018.12.09-21.20.32:159][  0]LogMemory: Virtual Memory: 532.16 MB used,  8074.17 MB free, 134217728.00 MB total
[2018.12.09-21.20.32:257][  0]LogInit: Using OS detected language (en-GB).
[2018.12.09-21.20.32:257][  0]LogInit: Using OS detected locale (en-GB).
[2018.12.09-21.20.32:258][  0]LogTextLocalizationManager: No specific localization for 'en-GB' exists, so the 'en' localization will be used.
[2018.12.09-21.20.32:616][  0]LogStreaming: Display: Took  0.359s to InitEngineTextLocalization.
[2018.12.09-21.20.32:616][  0]LogInit: Setting process to per monitor DPI aware
[2018.12.09-21.20.32:664][  0]LogSlate: New Slate User Created.  User Index 0, Is Virtual User: 0
[2018.12.09-21.20.32:664][  0]LogSlate: Slate User Registered.  User Index 0, Is Virtual User: 0
[2018.12.09-21.20.32:878][  0]LogHMD: Failed to initialize OpenVR with code 110
[2018.12.09-21.20.32:878][  0]LogD3D11RHI: D3D11 adapters:
[2018.12.09-21.20.32:955][  0]LogD3D11RHI:    0. 'NVIDIA GeForce GTX 1060 6GB' (Feature Level 11_0)
[2018.12.09-21.20.32:955][  0]LogD3D11RHI:       6052/0/8110 MB DedicatedVideo/DedicatedSystem/SharedSystem, Outputs:1, VendorId:0x10de
[2018.12.09-21.20.32:968][  0]LogD3D11RHI:    1. 'Intel(R) HD Graphics 4600' (Feature Level 11_0)
[2018.12.09-21.20.32:968][  0]LogD3D11RHI:       112/0/2048 MB DedicatedVideo/DedicatedSystem/SharedSystem, Outputs:0, VendorId:0x8086
[2018.12.09-21.20.32:975][  0]LogD3D11RHI:    2. 'Microsoft Basic Render Driver' (Feature Level 11_0)
[2018.12.09-21.20.32:975][  0]LogD3D11RHI:       0/0/8110 MB DedicatedVideo/DedicatedSystem/SharedSystem, Outputs:0, VendorId:0x1414
[2018.12.09-21.20.32:975][  0]LogD3D11RHI: Chosen D3D11 Adapter: 0
[2018.12.09-21.20.32:983][  0]LogD3D11RHI: Creating new Direct3DDevice
[2018.12.09-21.20.32:983][  0]LogD3D11RHI:     GPU DeviceId: 0x1c03 (for the marketing name, search the web for "GPU Device Id")
[2018.12.09-21.20.32:983][  0]LogWindows: EnumDisplayDevices:
[2018.12.09-21.20.32:983][  0]LogWindows:    0. 'NVIDIA GeForce GTX 1060 6GB' (P:1 D:1)
[2018.12.09-21.20.32:983][  0]LogWindows:    1. 'NVIDIA GeForce GTX 1060 6GB' (P:0 D:0)
[2018.12.09-21.20.32:984][  0]LogWindows:    2. 'NVIDIA GeForce GTX 1060 6GB' (P:0 D:0)
[2018.12.09-21.20.32:984][  0]LogWindows:    3. 'NVIDIA GeForce GTX 1060 6GB' (P:0 D:0)
[2018.12.09-21.20.32:984][  0]LogWindows:    4. 'Intel(R) HD Graphics 4600' (P:0 D:0)
[2018.12.09-21.20.32:984][  0]LogWindows:    5. 'Intel(R) HD Graphics 4600' (P:0 D:0)
[2018.12.09-21.20.32:985][  0]LogWindows:    6. 'Intel(R) HD Graphics 4600' (P:0 D:0)
[2018.12.09-21.20.32:985][  0]LogWindows: DebugString: PrimaryIsNotTheChoosenAdapter PrimaryIsNotTheChoosenAdapter PrimaryIsNotTheChoosenAdapter FoundDriverCount:4 
[2018.12.09-21.20.32:985][  0]LogD3D11RHI:     Adapter Name: NVIDIA GeForce GTX 1060 6GB
[2018.12.09-21.20.32:985][  0]LogD3D11RHI:   Driver Version: 397.64 (internal:24.21.13.9764, unified:397.64)
[2018.12.09-21.20.32:985][  0]LogD3D11RHI:      Driver Date: 5-7-2018
[2018.12.09-21.20.32:985][  0]LogRHI: Texture pool is 4236 MB (70% of 6052 MB)
[2018.12.09-21.20.33:028][  0]LogD3D11RHI: Async texture creation enabled
[2018.12.09-21.20.33:068][  0]LogD3D11RHI: GPU Timing Frequency: 1000.000000 (Debug: 2 2)
[2018.12.09-21.20.33:069][  0]LogShaderCompilers: Guid format shader working directory is -2 characters bigger than the processId version (D:/Documents/GitHub/TGP_PairProject/TGP_Project/Intermediate/Shaders/WorkingDirectory/12756/).
[2018.12.09-21.20.33:069][  0]LogShaderCompilers: Cleaned the shader compiler working directory 'C:/Users/TDSSK/AppData/Local/Temp/UnrealShaderWorkingDir/514C1FFB42417DC1FC063486E506C1E5/'.
[2018.12.09-21.20.33:301][  0]LogTemp: Display: Loaded TP AllDesktopTargetPlatform
[2018.12.09-21.20.33:317][  0]LogTemp: Display: Loaded TP MacClientTargetPlatform
[2018.12.09-21.20.33:332][  0]LogTemp: Display: Loaded TP MacNoEditorTargetPlatform
[2018.12.09-21.20.33:347][  0]LogTemp: Display: Loaded TP MacServerTargetPlatform
[2018.12.09-21.20.33:363][  0]LogTemp: Display: Loaded TP MacTargetPlatform
[2018.12.09-21.20.33:378][  0]LogTemp: Display: Loaded TP WindowsClientTargetPlatform
[2018.12.09-21.20.33:393][  0]LogTemp: Display: Loaded TP WindowsNoEditorTargetPlatform
[2018.12.09-21.20.33:408][  0]LogTemp: Display: Loaded TP WindowsServerTargetPlatform
[2018.12.09-21.20.33:416][  0]LogTemp: Display: Loaded TP WindowsTargetPlatform
[2018.12.09-21.20.33:498][  0]LogTemp: Display: Loaded TP AndroidTargetPlatform
[2018.12.09-21.20.33:498][  0]LogTemp: Display: Loaded TP AndroidTargetPlatform
[2018.12.09-21.20.33:498][  0]LogTemp: Display: Loaded TP AndroidTargetPlatform
[2018.12.09-21.20.33:498][  0]LogTemp: Display: Loaded TP AndroidTargetPlatform
[2018.12.09-21.20.33:498][  0]LogTemp: Display: Loaded TP AndroidTargetPlatform
[2018.12.09-21.20.33:498][  0]LogTemp: Display: Loaded TP AndroidTargetPlatform
[2018.12.09-21.20.33:498][  0]LogTemp: Display: Loaded TP AndroidTargetPlatform
[2018.12.09-21.20.33:498][  0]LogTemp: Display: Loaded TP AndroidTargetPlatform
[2018.12.09-21.20.33:498][  0]LogTemp: Display: Loaded TP AndroidTargetPlatform
[2018.12.09-21.20.33:498][  0]LogTemp: Display: Loaded TP AndroidTargetPlatform
[2018.12.09-21.20.33:498][  0]LogTemp: Display: Loaded TP AndroidTargetPlatform
[2018.12.09-21.20.33:498][  0]LogTemp: Display: Loaded TP AndroidTargetPlatform
[2018.12.09-21.20.33:498][  0]LogTemp: Display: Loaded TP AndroidTargetPlatform
[2018.12.09-21.20.33:498][  0]LogTemp: Display: Loaded TP AndroidTargetPlatform
[2018.12.09-21.20.33:498][  0]LogTemp: Display: Loaded TP AndroidTargetPlatform
[2018.12.09-21.20.33:498][  0]LogTemp: Display: Loaded TP AndroidTargetPlatform
[2018.12.09-21.20.33:498][  0]LogTemp: Display: Loaded TP AndroidTargetPlatform
[2018.12.09-21.20.33:498][  0]LogTemp: Display: Loaded TP AndroidTargetPlatform
[2018.12.09-21.20.33:501][  0]LogTemp: Display: Loaded TP HTML5TargetPlatform
[2018.12.09-21.20.33:569][  0]LogTemp: Display: Loaded TP IOSTargetPlatform
[2018.12.09-21.20.33:569][  0]LogTemp: Display: Loaded TP IOSTargetPlatform
[2018.12.09-21.20.33:595][  0]LogTemp: Display: Loaded TP TVOSTargetPlatform
[2018.12.09-21.20.33:596][  0]LogTemp: Display: Loaded TP TVOSTargetPlatform
[2018.12.09-21.20.33:610][  0]LogTemp: Display: Loaded TP LinuxClientTargetPlatform
[2018.12.09-21.20.33:626][  0]LogTemp: Display: Loaded TP LinuxNoEditorTargetPlatform
[2018.12.09-21.20.33:642][  0]LogTemp: Display: Loaded TP LinuxServerTargetPlatform
[2018.12.09-21.20.33:658][  0]LogTemp: Display: Loaded TP LinuxTargetPlatform
[2018.12.09-21.20.33:669][  0]LogTemp: Display: Loaded TP LuminTargetPlatform
[2018.12.09-21.20.33:669][  0]LogTargetPlatformManager: Display: Building Assets For Windows
[2018.12.09-21.20.33:765][  0]LogXGEController: Cleaning working directory: C:/Users/TDSSK/AppData/Local/Temp/UnrealXGEWorkingDir/
[2018.12.09-21.20.33:766][  0]LogXGEController: Cannot use XGE Controller as Incredibuild is not installed on this machine.
[2018.12.09-21.20.33:766][  0]LogShaderCompilers: Cannot use XGE Shader Compiler as Incredibuild is not installed on this machine.
[2018.12.09-21.20.33:766][  0]LogShaderCompilers: Display: Using Local Shader Compiler.
[2018.12.09-21.20.34:526][  0]LogDerivedDataCache: Display: Max Cache Size: 512 MB
[2018.12.09-21.20.34:573][  0]LogDerivedDataCache: Loaded boot cache 0.05s 71MB C:/Users/TDSSK/AppData/Local/UnrealEngine/4.20/DerivedDataCache/Boot.ddc.
[2018.12.09-21.20.34:574][  0]LogDerivedDataCache: Display: Loaded Boot cache: C:/Users/TDSSK/AppData/Local/UnrealEngine/4.20/DerivedDataCache/Boot.ddc
[2018.12.09-21.20.34:574][  0]LogDerivedDataCache: FDerivedDataBackendGraph:  Pak pak cache file D:/Documents/GitHub/TGP_PairProject/TGP_Project/DerivedDataCache/DDC.ddp not found, will not use a pak cache.
[2018.12.09-21.20.34:574][  0]LogDerivedDataCache: Unable to find inner node Pak for hierarchical cache Hierarchy.
[2018.12.09-21.20.34:574][  0]LogDerivedDataCache: FDerivedDataBackendGraph:  CompressedPak pak cache file D:/Documents/GitHub/TGP_PairProject/TGP_Project/DerivedDataCache/Compressed.ddp not found, will not use a pak cache.
[2018.12.09-21.20.34:574][  0]LogDerivedDataCache: Unable to find inner node CompressedPak for hierarchical cache Hierarchy.
[2018.12.09-21.20.34:587][  0]LogDerivedDataCache: Display: Pak cache opened for reading ../../../Engine/DerivedDataCache/Compressed.ddp.
[2018.12.09-21.20.34:600][  0]LogDerivedDataCache: Using Local data cache path C:/Users/TDSSK/AppData/Local/UnrealEngine/Common/DerivedDataCache: Writable
[2018.12.09-21.20.34:600][  0]LogDerivedDataCache: Shared data cache path not found in *engine.ini, will not use an Shared cache.
[2018.12.09-21.20.34:600][  0]LogDerivedDataCache: Unable to find inner node Shared for hierarchical cache Hierarchy.
[2018.12.09-21.20.34:618][  0]LogMaterial: Verifying Global Shaders for PCD3D_SM5
[2018.12.09-21.20.34:619][  0]LogSlate: Using FreeType 2.6.0
[2018.12.09-21.20.34:620][  0]LogSlate: SlateFontServices - WITH_FREETYPE: 1, WITH_HARFBUZZ: 1
[2018.12.09-21.20.34:708][  0]LogAssetRegistry: FAssetRegistry took 0.0284 seconds to start up
[2018.12.09-21.20.35:004][  0]LogInit: Selected Device Profile: [Windows]
[2018.12.09-21.20.35:149][  0]LogSimplygon: Simplygon DLL not present - disabling.
[2018.12.09-21.20.35:156][  0]LogMeshReduction: Using SimplygonSwarm for distributed automatic mesh merging
[2018.12.09-21.20.35:156][  0]LogMeshReduction: Using ProxyLODMeshReduction for automatic mesh merging
[2018.12.09-21.20.35:156][  0]LogMeshReduction: Using QuadricMeshReduction for automatic static mesh reduction
[2018.12.09-21.20.35:156][  0]LogMeshReduction: No automatic skeletal mesh reduction module available
[2018.12.09-21.20.35:170][  0]LogNetVersion: TGP_Project 1.0.0, NetCL: 4212847, EngineNetVer: 5, GameNetVer: 0 (Checksum: 95638710)
[2018.12.09-21.20.35:625][  0]LogPackageLocalizationCache: Processed 11 localized package path(s) for 2 prioritized culture(s) in 0.076457 seconds
[2018.12.09-21.20.35:630][  0]LogUObjectArray: 38425 objects as part of root set at end of initial load.
[2018.12.09-21.20.35:631][  0]LogUObjectAllocator: 6690864 out of 0 bytes used by permanent object pool.
[2018.12.09-21.20.35:631][  0]LogUObjectArray: CloseDisregardForGC: 0/0 objects in disregard for GC pool
[2018.12.09-21.20.36:752][  0]LogTcpMessaging: Initializing TcpMessaging bridge
[2018.12.09-21.20.36:769][  0]LogUdpMessaging: Initializing bridge on interface 0.0.0.0:0 to multicast group 230.0.0.1:6666.
[2018.12.09-21.20.36:996][  0]SourceControl: Source control is disabled
[2018.12.09-21.20.36:996][  0]SourceControl: Source control is disabled
[2018.12.09-21.20.37:000][  0]SourceControl: Source control is disabled
[2018.12.09-21.20.37:003][  0]SourceControl: Source control is disabled
[2018.12.09-21.20.37:260][  0]LogAndroidPermission: UAndroidPermissionCallbackProxy::GetInstance
[2018.12.09-21.20.37:383][  0]LogOcInput: OculusInput pre-init called
[2018.12.09-21.20.37:450][  0]LogEngine: Initializing Engine...
[2018.12.09-21.20.37:451][  0]LogHMD: Failed to initialize OpenVR with code 110
[2018.12.09-21.20.37:453][  0]LogStats: UGameplayTagsManager::ConstructGameplayTagTree: ImportINI prefixes -  0.000 s
[2018.12.09-21.20.37:453][  0]LogStats: UGameplayTagsManager::ConstructGameplayTagTree: Construct from data asset -  0.000 s
[2018.12.09-21.20.37:453][  0]LogStats: UGameplayTagsManager::ConstructGameplayTagTree: ImportINI -  0.000 s
[2018.12.09-21.20.37:453][  0]LogStats: UGameplayTagsManager::ConstructGameplayTagTree: GameplayTagTreeChangedEvent.Broadcast -  0.000 s
[2018.12.09-21.20.37:656][  0]LogInit: Initializing FReadOnlyCVARCache
[2018.12.09-21.20.37:670][  0]LogAIModule: Creating AISystem for world Untitled
[2018.12.09-21.20.37:705][  0]LogInit: XAudio2 using 'Speakers (Realtek High Definition Audio)' : 2 channels at 48 kHz using 32 bits per sample (channel mask 0x3)
[2018.12.09-21.20.37:748][  0]LogInit: FAudioDevice initialized.
[2018.12.09-21.20.37:748][  0]LogNetVersion: Set ProjectVersion to 1.0.0.0. Version Checksum will be recalculated on next use.
[2018.12.09-21.20.37:955][  0]LogDerivedDataCache: Saved boot cache 0.21s 71MB C:/Users/TDSSK/AppData/Local/UnrealEngine/4.20/DerivedDataCache/Boot.ddc.
[2018.12.09-21.20.37:960][  0]LogInit: Texture streaming: Enabled
[2018.12.09-21.20.37:995][  0]LogEngineSessionManager: EngineSessionManager initialized
[2018.12.09-21.20.38:009][  0]LogInit: Transaction tracking system initialized
[2018.12.09-21.20.38:040][  0]BlueprintLog: New page: Editor Load
[2018.12.09-21.20.38:153][  0]LocalizationService: Localization service is disabled
[2018.12.09-21.20.38:426][  0]LogCook: Display: Max memory allowance for cook 16384mb min free memory 0mb
[2018.12.09-21.20.38:426][  0]LogCook: Display: Mobile HDR setting 1
[2018.12.09-21.20.38:426][  0]LogGameplayTags: Display: UGameplayTagsManager::DoneAddingNativeTags. DelegateIsBound: 0
[2018.12.09-21.20.38:426][  0]LogStats: UGameplayTagsManager::ConstructGameplayTagTree: ImportINI prefixes -  0.000 s
[2018.12.09-21.20.38:426][  0]LogStats: UGameplayTagsManager::ConstructGameplayTagTree: Construct from data asset -  0.000 s
[2018.12.09-21.20.38:426][  0]LogStats: UGameplayTagsManager::ConstructGameplayTagTree: ImportINI -  0.000 s
[2018.12.09-21.20.38:426][  0]LogStats: UGameplayTagsManager::ConstructGameplayTagTree: GameplayTagTreeChangedEvent.Broadcast -  0.000 s
[2018.12.09-21.20.38:433][  0]LogFileCache: Scanning file cache for directory 'D:/Documents/GitHub/TGP_PairProject/TGP_Project/Content/' took 0.01s
[2018.12.09-21.20.38:601][  0]SourceControl: Source control is disabled
[2018.12.09-21.20.38:601][  0]Cmd: MAP LOAD FILE="D:/Documents/GitHub/TGP_PairProject/TGP_Project/Content/Levels/BaseLevel.umap" TEMPLATE=0 SHOWPROGRESS=1 FEATURELEVEL=3
[2018.12.09-21.20.38:602][  0]LightingResults: New page: Lighting Build
[2018.12.09-21.20.38:605][  0]MapCheck: New page: Map Check
[2018.12.09-21.20.38:605][  0]LightingResults: New page: Lighting Build
[2018.12.09-21.20.38:701][  0]LogAIModule: Creating AISystem for world BaseLevel
[2018.12.09-21.20.38:710][  0]LogEditorServer: Finished looking for orphan Actors (0.000 secs)
[2018.12.09-21.20.38:730][  0]Cmd: MAP CHECKDEP NOCLEARLOG
[2018.12.09-21.20.38:824][  0]MapCheck: Map check complete: 0 Error(s), 0 Warning(s), took 93.091ms to complete.
[2018.12.09-21.20.38:824][  0]LogFileHelpers: Loading map 'BaseLevel' took 0.223
[2018.12.09-21.20.38:921][  0]LogSlate: Updating window title bar state: overlay mode, drag disabled, window buttons hidden, title bar hidden
[2018.12.09-21.20.38:931][  0]LogSlate: Updating window title bar state: overlay mode, drag disabled, window buttons hidden, title bar hidden
[2018.12.09-21.20.38:940][  0]LogSlate: Updating window title bar state: overlay mode, drag disabled, window buttons hidden, title bar hidden
[2018.12.09-21.20.38:947][  0]LogSlate: Updating window title bar state: overlay mode, drag disabled, window buttons hidden, title bar hidden
[2018.12.09-21.20.38:955][  0]LogCollectionManager: Loaded 0 collections in 0.001668 seconds
[2018.12.09-21.20.39:001][  0]LogFileCache: Scanning file cache for directory 'D:/Documents/GitHub/TGP_PairProject/TGP_Project/Saved/Collections/' took 0.01s
[2018.12.09-21.20.39:001][  0]LogFileCache: Scanning file cache for directory 'D:/Documents/GitHub/TGP_PairProject/TGP_Project/Content/Developers/TDSSK/Collections/' took 0.01s
[2018.12.09-21.20.39:002][  0]LogFileCache: Scanning file cache for directory 'D:/Documents/GitHub/TGP_PairProject/TGP_Project/Content/Collections/' took 0.01s
[2018.12.09-21.20.39:002][  0]LogCollectionManager: Rebuilt the GUID cache for 0 collections in 0.000000 seconds
[2018.12.09-21.20.39:011][  0]LogContentBrowser: Native class hierarchy populated in 0.0091 seconds. Added 2585 classes and 606 folders.
[2018.12.09-21.20.39:017][  0]LogContentBrowser: Native class hierarchy updated for 'WidgetCarousel' in 0.0003 seconds. Added 0 classes and 0 folders.
[2018.12.09-21.20.39:068][  0]LogContentBrowser: Native class hierarchy updated for 'AddContentDialog' in 0.0003 seconds. Added 0 classes and 0 folders.
[2018.12.09-21.20.39:074][  0]LogContentBrowser: Native class hierarchy updated for 'SceneOutliner' in 0.0005 seconds. Added 1 classes and 2 folders.
[2018.12.09-21.20.39:130][  0]LogSlate: Took 0.000998 seconds to synchronously load lazily loaded font '../../../Engine/Content/Slate/Fonts/Roboto-Regular.ttf' (155K)
[2018.12.09-21.20.39:133][  0]LogSlate: Took 0.000620 seconds to synchronously load lazily loaded font '../../../Engine/Content/Slate/Fonts/Roboto-Bold.ttf' (160K)
[2018.12.09-21.20.39:140][  0]LogSlate: Took 0.000640 seconds to synchronously load lazily loaded font '../../../Engine/Content/Editor/Slate/Fonts/FontAwesome.ttf' (139K)
[2018.12.09-21.20.39:222][  0]LogRenderer: Reallocating scene render targets to support 1208x600 Format 10 NumSamples 1 (Frame:1).
[2018.12.09-21.20.39:248][  0]LogSlate: Took 0.000602 seconds to synchronously load lazily loaded font '../../../Engine/Content/Slate/Fonts/Roboto-Light.ttf' (167K)
[2018.12.09-21.20.39:335][  0]LogContentBrowser: Native class hierarchy updated for 'HierarchicalLODOutliner' in 0.0004 seconds. Added 0 classes and 0 folders.
[2018.12.09-21.20.39:335][  0]LogLoad: (Engine Initialization) Total time: 8.72 seconds
[2018.12.09-21.20.39:335][  0]LogLoad: (Engine Initialization) Total Blueprint compile time: 0.00 seconds
[2018.12.09-21.20.39:345][  0]LogWindowsTextInputMethodSystem: Display: IME system now deactivated.
[2018.12.09-21.20.39:371][  0]LogContentStreaming: Texture pool size now 1000 MB
[2018.12.09-21.20.39:541][  1]LogAssetRegistry: Asset discovery search completed in 4.8564 seconds
[2018.12.09-21.20.39:543][  1]LogCollectionManager: Rebuilt the object cache for 0 collections in 0.000000 seconds (found 0 objects)
[2018.12.09-21.20.39:543][  1]LogCollectionManager: Fixed up redirectors for 0 collections in 0.000174 seconds (updated 0 objects)
[2018.12.09-21.21.01:594][645]LogSlate: FSceneViewport::OnFocusLost() reason 0
[2018.12.09-21.21.03:025][815]LogSlate: Took 0.000212 seconds to synchronously load lazily loaded font '../../../Engine/Content/Slate/Fonts/Roboto-Light.ttf' (167K)
[2018.12.09-21.21.03:030][815]LogAssetEditorManager: Opening Asset editor for Blueprint /Game/Blueprints/PlayerCharacter.PlayerCharacter
[2018.12.09-21.21.03:475][815]LogContentBrowser: Native class hierarchy updated for 'BlueprintGraph' in 0.0006 seconds. Added 116 classes and 0 folders.
[2018.12.09-21.21.04:224][815]LogSlate: Took 0.000196 seconds to synchronously load lazily loaded font '../../../Engine/Content/Slate/Fonts/Roboto-BoldCondensed.ttf' (158K)
[2018.12.09-21.21.05:308][934]LogSlate: Took 0.000199 seconds to synchronously load lazily loaded font '../../../Engine/Content/Slate/Fonts/Roboto-Italic.ttf' (157K)
[2018.12.09-21.21.08:786][162]LogSlate: Window 'Reparent Blueprint' being destroyed
[2018.12.09-21.21.08:788][162]LogBlueprint: Warning: Reparenting blueprint Blueprint /Game/Blueprints/PlayerCharacter.PlayerCharacter from BasePlayer to Actor...
[2018.12.09-21.21.08:794][162]BlueprintLog: New page: Compile PlayerCharacter
[2018.12.09-21.21.09:651][248]LogSlate: Prevented a slow task dialog from being summoned while a context menu was open
[2018.12.09-21.21.12:483][579]LogBlueprint: Warning: Reparenting blueprint Blueprint /Game/Blueprints/PlayerCharacter.PlayerCharacter from Actor to BasePlayer...
[2018.12.09-21.21.12:488][579]BlueprintLog: New page: Compile PlayerCharacter
[2018.12.09-21.21.14:492][790]LogRenderer: Reallocating scene render targets to support 1208x744 Format 10 NumSamples 1 (Frame:1).
[2018.12.09-21.21.21:408][608]LogSlate: Prevented a slow task dialog from being summoned while a context menu was open
[2018.12.09-21.21.34:912][222]BlueprintLog: New page: Compile PlayerCharacter
[2018.12.09-21.21.36:181][348]Cmd: OBJ SAVEPACKAGE PACKAGE="/Game/Blueprints/PlayerCharacter" FILE="D:/Documents/GitHub/TGP_PairProject/TGP_Project/Content/Blueprints/PlayerCharacter.uasset" SILENT=true
[2018.12.09-21.21.36:196][348]LogSavePackage: Moving 'D:/Documents/GitHub/TGP_PairProject/TGP_Project/Saved/PlayerCharacterD057C5AA4473A2E55000BFA2E541218E.tmp' to 'D:/Documents/GitHub/TGP_PairProject/TGP_Project/Content/Blueprints/PlayerCharacter.uasset'
[2018.12.09-21.21.37:548][510]LogTemp: Repeating last play command: Selected Viewport
[2018.12.09-21.21.37:564][510]LogPlayLevel: PlayLevel: No blueprints needed recompiling
[2018.12.09-21.21.37:579][510]PIE: New page: PIE session: BaseLevel (9 Dec 2018 21:21:37)
[2018.12.09-21.21.37:579][510]LogPlayLevel: Creating play world package: /Game/Levels/UEDPIE_0_BaseLevel
[2018.12.09-21.21.37:582][510]LogPlayLevel: PIE: StaticDuplicateObject took: (0.002621s)
[2018.12.09-21.21.37:583][510]LogAIModule: Creating AISystem for world BaseLevel
[2018.12.09-21.21.37:583][510]LogPlayLevel: PIE: World Init took: (0.000851s)
[2018.12.09-21.21.37:583][510]LogPlayLevel: PIE: Created PIE world by copying editor world from /Game/Levels/BaseLevel.BaseLevel to /Game/Levels/UEDPIE_0_BaseLevel.BaseLevel (0.003944s)
[2018.12.09-21.21.37:624][510]LogInit: XAudio2 using 'Speakers (Realtek High Definition Audio)' : 2 channels at 48 kHz using 32 bits per sample (channel mask 0x3)
[2018.12.09-21.21.37:639][510]LogInit: FAudioDevice initialized.
[2018.12.09-21.21.37:691][510]LogLoad: Game class is 'GM_GAME_C'
[2018.12.09-21.21.37:695][510]LogWorld: Bringing World /Game/Levels/UEDPIE_0_BaseLevel.BaseLevel up for play (max tick rate 0) at 2018.12.09-21.21.37
[2018.12.09-21.21.37:697][510]LogWorld: Bringing up level for play took: 0.002516
[2018.12.09-21.21.37:722][510]LogContentBrowser: Native class hierarchy updated for 'MovieSceneCapture' in 0.0007 seconds. Added 10 classes and 0 folders.
[2018.12.09-21.21.37:724][510]PIE: Play in editor start time for /Game/Levels/UEDPIE_0_BaseLevel -0.26
[2018.12.09-21.21.48:571][799]LogSlate: FSceneViewport::OnFocusLost() reason 0
[2018.12.09-21.21.48:647][808]LogSlate: Updating window title bar state: overlay mode, drag disabled, window buttons hidden, title bar hidden
[2018.12.09-21.21.48:686][808]LogPlayLevel: Display: Shutting down PIE online subsystems
[2018.12.09-21.21.48:732][808]LogSlate: Updating window title bar state: overlay mode, drag disabled, window buttons hidden, title bar hidden
[2018.12.09-21.21.48:751][809]LogPlayLevel: Display: Destroying online subsystem :Context_3
[2018.12.09-21.22.59:860][339]Cmd: OBJ SAVEPACKAGE PACKAGE="/Game/Levels/BaseLevel" FILE="D:/Documents/GitHub/TGP_PairProject/TGP_Project/Content/Levels/BaseLevel.umap" SILENT=true AUTOSAVING=false KEEPDIRTY=false
[2018.12.09-21.22.59:921][339]LogSavePackage: Moving 'D:/Documents/GitHub/TGP_PairProject/TGP_Project/Saved/BaseLevel4F8D462943D3F09555A52B9EB5889F2B.tmp' to 'D:/Documents/GitHub/TGP_PairProject/TGP_Project/Content/Levels/BaseLevel.umap'
[2018.12.09-21.23.04:137][840]LogEditorViewport: Clicking Background
[2018.12.09-21.23.11:854][765]LogEditorViewport: Clicking on Actor (LMB): StaticMeshActor (Floor)
[2018.12.09-21.23.12:428][821]LogEditorViewport: Clicking on Actor (LMB): StaticMeshActor (Floor)
[2018.12.09-21.23.12:847][870]LogEditorViewport: Clicking on Actor (LMB): StaticMeshActor (Floor)
[2018.12.09-21.23.13:391][934]LogEditorViewport: Clicking on Actor (LMB): StaticMeshActor (Floor)
[2018.12.09-21.23.13:977][  3]LogEditorViewport: Clicking on Actor (LMB): StaticMeshActor (Floor)
[2018.12.09-21.23.14:340][ 45]LogEditorViewport: Clicking on Actor (LMB): StaticMeshActor (Floor)
[2018.12.09-21.23.14:918][113]LogEditorViewport: Clicking on Actor (LMB): StaticMeshActor (Floor)
[2018.12.09-21.23.15:705][206]LogSlate: FSceneViewport::OnFocusLost() reason 0
[2018.12.09-21.23.16:616][314]Cmd: OBJ SAVEPACKAGE PACKAGE="/Game/Levels/BaseLevel" FILE="D:/Documents/GitHub/TGP_PairProject/TGP_Project/Content/Levels/BaseLevel.umap" SILENT=true AUTOSAVING=false KEEPDIRTY=false
[2018.12.09-21.23.16:674][314]LogSavePackage: Moving 'D:/Documents/GitHub/TGP_PairProject/TGP_Project/Saved/BaseLevel26185D6D47436AD70F09E9A532F61200.tmp' to 'D:/Documents/GitHub/TGP_PairProject/TGP_Project/Content/Levels/BaseLevel.umap'
[2018.12.09-21.23.40:651][154]Cmd: OBJ SAVEPACKAGE PACKAGE="/Game/Levels/BaseLevel" FILE="D:/Documents/GitHub/TGP_PairProject/TGP_Project/Content/Levels/BaseLevel.umap" SILENT=true AUTOSAVING=false KEEPDIRTY=false
[2018.12.09-21.23.40:708][154]LogSavePackage: Moving 'D:/Documents/GitHub/TGP_PairProject/TGP_Project/Saved/BaseLevelD81DEAA64FA45063C268DBAAC5DE643E.tmp' to 'D:/Documents/GitHub/TGP_PairProject/TGP_Project/Content/Levels/BaseLevel.umap'
[2018.12.09-21.23.41:577][253]LogAssetEditorManager: Opening Asset editor for World /Game/Levels/CieronsTestingLevel.CieronsTestingLevel
[2018.12.09-21.23.42:706][253]LogSlate: Window 'Save Content' being destroyed
[2018.12.09-21.23.42:788][253]Cmd: OBJ SAVEPACKAGE PACKAGE="/Game/Levels/CieronsTestingLevel" FILE="D:/Documents/GitHub/TGP_PairProject/TGP_Project/Content/Levels/CieronsTestingLevel.umap" SILENT=true AUTOSAVING=false KEEPDIRTY=false
[2018.12.09-21.23.42:819][253]LogSavePackage: Moving 'D:/Documents/GitHub/TGP_PairProject/TGP_Project/Saved/CieronsTestingLevel487D4AEE401F443E7F5049902F2ED15F.tmp' to 'D:/Documents/GitHub/TGP_PairProject/TGP_Project/Content/Levels/CieronsTestingLevel.umap'
[2018.12.09-21.23.42:821][253]LogFileHelpers: Saving map 'CieronsTestingLevel' took 0.110
[2018.12.09-21.23.42:823][253]Cmd: MAP LOAD FILE="D:/Documents/GitHub/TGP_PairProject/TGP_Project/Content/Levels/CieronsTestingLevel.umap" TEMPLATE=0 SHOWPROGRESS=1 FEATURELEVEL=3
[2018.12.09-21.23.42:823][253]LightingResults: New page: Lighting Build
[2018.12.09-21.23.42:824][253]LoadErrors: New page: Loading map: CieronsTestingLevel.umap
[2018.12.09-21.23.42:838][253]MapCheck: New page: Map Check
[2018.12.09-21.23.42:838][253]LightingResults: New page: Lighting Build
[2018.12.09-21.23.42:926][253]LogEditorServer: Finished looking for orphan Actors (0.000 secs)
[2018.12.09-21.23.42:926][253]LogAIModule: Creating AISystem for world CieronsTestingLevel
[2018.12.09-21.23.42:975][253]Cmd: MAP CHECKDEP NOCLEARLOG
[2018.12.09-21.23.43:055][253]MapCheck: Map check complete: 0 Error(s), 0 Warning(s), took 80.12ms to complete.
[2018.12.09-21.23.43:057][253]LogFileHelpers: Loading map 'CieronsTestingLevel' took 0.235
[2018.12.09-21.23.47:427][772]LogSlate: FSceneViewport::OnFocusLost() reason 0
[2018.12.09-21.23.47:590][789]LogAIModule: Creating AISystem for world BaseLevel
[2018.12.09-21.23.47:592][789]LogAssetEditorManager: Opening Asset editor for World /Game/Levels/BaseLevel.BaseLevel
[2018.12.09-21.23.47:620][789]Cmd: MAP LOAD FILE="D:/Documents/GitHub/TGP_PairProject/TGP_Project/Content/Levels/BaseLevel.umap" TEMPLATE=0 SHOWPROGRESS=1 FEATURELEVEL=3
[2018.12.09-21.23.47:620][789]LightingResults: New page: Lighting Build
[2018.12.09-21.23.47:621][789]LoadErrors: New page: Loading map: BaseLevel.umap
[2018.12.09-21.23.47:621][789]MapCheck: New page: Map Check
[2018.12.09-21.23.47:621][789]LightingResults: New page: Lighting Build
[2018.12.09-21.23.47:706][789]LogEditorServer: Finished looking for orphan Actors (0.000 secs)
[2018.12.09-21.23.47:754][789]Cmd: MAP CHECKDEP NOCLEARLOG
[2018.12.09-21.23.47:834][789]MapCheck: Map check complete: 0 Error(s), 0 Warning(s), took 79.454ms to complete.
[2018.12.09-21.23.47:835][789]LogFileHelpers: Loading map 'BaseLevel' took 0.216
[2018.12.09-21.23.48:487][863]LogEditorViewport: Clicking on Actor (LMB): StaticMeshActor (Floor)
[2018.12.09-21.23.49:904][ 28]LogSlate: FSceneViewport::OnFocusLost() reason 0
[2018.12.09-21.23.50:055][ 45]LogAIModule: Creating AISystem for world CieronsTestingLevel
[2018.12.09-21.23.50:056][ 45]LogAssetEditorManager: Opening Asset editor for World /Game/Levels/CieronsTestingLevel.CieronsTestingLevel
[2018.12.09-21.23.50:082][ 45]Cmd: MAP LOAD FILE="D:/Documents/GitHub/TGP_PairProject/TGP_Project/Content/Levels/CieronsTestingLevel.umap" TEMPLATE=0 SHOWPROGRESS=1 FEATURELEVEL=3
[2018.12.09-21.23.50:082][ 45]LightingResults: New page: Lighting Build
[2018.12.09-21.23.50:083][ 45]LoadErrors: New page: Loading map: CieronsTestingLevel.umap
[2018.12.09-21.23.50:084][ 45]MapCheck: New page: Map Check
[2018.12.09-21.23.50:084][ 45]LightingResults: New page: Lighting Build
[2018.12.09-21.23.50:162][ 45]LogEditorServer: Finished looking for orphan Actors (0.000 secs)
[2018.12.09-21.23.50:211][ 45]Cmd: MAP CHECKDEP NOCLEARLOG
[2018.12.09-21.23.50:291][ 45]MapCheck: Map check complete: 0 Error(s), 0 Warning(s), took 80.19ms to complete.
[2018.12.09-21.23.50:292][ 45]LogFileHelpers: Loading map 'CieronsTestingLevel' took 0.211
[2018.12.09-21.23.56:226][739]LogAIModule: Creating AISystem for world BaseLevel
[2018.12.09-21.23.56:230][739]LogAssetEditorManager: Opening Asset editor for World /Game/Levels/BaseLevel.BaseLevel
[2018.12.09-21.23.56:257][739]Cmd: MAP LOAD FILE="D:/Documents/GitHub/TGP_PairProject/TGP_Project/Content/Levels/BaseLevel.umap" TEMPLATE=0 SHOWPROGRESS=1 FEATURELEVEL=3
[2018.12.09-21.23.56:258][739]LightingResults: New page: Lighting Build
[2018.12.09-21.23.56:258][739]LoadErrors: New page: Loading map: BaseLevel.umap
[2018.12.09-21.23.56:259][739]MapCheck: New page: Map Check
[2018.12.09-21.23.56:259][739]LightingResults: New page: Lighting Build
[2018.12.09-21.23.56:344][739]LogEditorServer: Finished looking for orphan Actors (0.000 secs)
[2018.12.09-21.23.56:393][739]Cmd: MAP CHECKDEP NOCLEARLOG
[2018.12.09-21.23.56:471][739]MapCheck: Map check complete: 0 Error(s), 0 Warning(s), took 77.1ms to complete.
[2018.12.09-21.23.56:472][739]LogFileHelpers: Loading map 'BaseLevel' took 0.216
[2018.12.09-21.23.56:845][779]LogEditorViewport: Clicking on Actor (LMB): StaticMeshActor (Floor)
[2018.12.09-21.24.00:448][205]LogSlate: FSceneViewport::OnFocusLost() reason 0
[2018.12.09-21.24.00:623][225]LogAIModule: Creating AISystem for world CieronsTestingLevel
[2018.12.09-21.24.00:625][225]LogAssetEditorManager: Opening Asset editor for World /Game/Levels/CieronsTestingLevel.CieronsTestingLevel
[2018.12.09-21.24.00:651][225]Cmd: MAP LOAD FILE="D:/Documents/GitHub/TGP_PairProject/TGP_Project/Content/Levels/CieronsTestingLevel.umap" TEMPLATE=0 SHOWPROGRESS=1 FEATURELEVEL=3
[2018.12.09-21.24.00:651][225]LightingResults: New page: Lighting Build
[2018.12.09-21.24.00:652][225]LoadErrors: New page: Loading map: CieronsTestingLevel.umap
[2018.12.09-21.24.00:653][225]MapCheck: New page: Map Check
[2018.12.09-21.24.00:653][225]LightingResults: New page: Lighting Build
[2018.12.09-21.24.00:734][225]LogEditorServer: Finished looking for orphan Actors (0.000 secs)
[2018.12.09-21.24.00:782][225]Cmd: MAP CHECKDEP NOCLEARLOG
[2018.12.09-21.24.00:860][225]MapCheck: Map check complete: 0 Error(s), 0 Warning(s), took 77.706ms to complete.
[2018.12.09-21.24.00:861][225]LogFileHelpers: Loading map 'CieronsTestingLevel' took 0.211
[2018.12.09-21.24.07:384][994]LogAIModule: Creating AISystem for world BaseLevel
[2018.12.09-21.24.07:388][994]LogAssetEditorManager: Opening Asset editor for World /Game/Levels/BaseLevel.BaseLevel
[2018.12.09-21.24.07:414][994]Cmd: MAP LOAD FILE="D:/Documents/GitHub/TGP_PairProject/TGP_Project/Content/Levels/BaseLevel.umap" TEMPLATE=0 SHOWPROGRESS=1 FEATURELEVEL=3
[2018.12.09-21.24.07:414][994]LightingResults: New page: Lighting Build
[2018.12.09-21.24.07:415][994]LoadErrors: New page: Loading map: BaseLevel.umap
[2018.12.09-21.24.07:416][994]MapCheck: New page: Map Check
[2018.12.09-21.24.07:416][994]LightingResults: New page: Lighting Build
[2018.12.09-21.24.07:497][994]LogEditorServer: Finished looking for orphan Actors (0.000 secs)
[2018.12.09-21.24.07:546][994]Cmd: MAP CHECKDEP NOCLEARLOG
[2018.12.09-21.24.07:622][994]MapCheck: Map check complete: 0 Error(s), 0 Warning(s), took 76.15ms to complete.
[2018.12.09-21.24.07:623][994]LogFileHelpers: Loading map 'BaseLevel' took 0.210
[2018.12.09-21.24.08:038][ 38]LogEditorViewport: Clicking on Actor (LMB): StaticMeshActor (Floor)
[2018.12.09-21.24.08:403][ 77]Cmd: EDIT COPY
[2018.12.09-21.24.09:287][144]LogSlate: FSceneViewport::OnFocusLost() reason 0
[2018.12.09-21.24.09:421][159]LogAIModule: Creating AISystem for world CieronsTestingLevel
[2018.12.09-21.24.09:423][159]LogAssetEditorManager: Opening Asset editor for World /Game/Levels/CieronsTestingLevel.CieronsTestingLevel
[2018.12.09-21.24.09:450][159]Cmd: MAP LOAD FILE="D:/Documents/GitHub/TGP_PairProject/TGP_Project/Content/Levels/CieronsTestingLevel.umap" TEMPLATE=0 SHOWPROGRESS=1 FEATURELEVEL=3
[2018.12.09-21.24.09:451][159]LightingResults: New page: Lighting Build
[2018.12.09-21.24.09:451][159]LoadErrors: New page: Loading map: CieronsTestingLevel.umap
[2018.12.09-21.24.09:452][159]MapCheck: New page: Map Check
[2018.12.09-21.24.09:452][159]LightingResults: New page: Lighting Build
[2018.12.09-21.24.09:536][159]LogEditorServer: Finished looking for orphan Actors (0.000 secs)
[2018.12.09-21.24.09:585][159]Cmd: MAP CHECKDEP NOCLEARLOG
[2018.12.09-21.24.09:666][159]MapCheck: Map check complete: 0 Error(s), 0 Warning(s), took 80.98ms to complete.
[2018.12.09-21.24.09:667][159]LogFileHelpers: Loading map 'CieronsTestingLevel' took 0.217
[2018.12.09-21.24.10:080][203]LogEditorViewport: Clicking Background
[2018.12.09-21.24.10:313][231]Cmd: EDIT PASTE
[2018.12.09-21.24.13:841][636]LogSlate: FSceneViewport::OnFocusLost() reason 0
[2018.12.09-21.24.13:965][649]LogAIModule: Creating AISystem for world BaseLevel
[2018.12.09-21.24.13:968][649]LogAssetEditorManager: Opening Asset editor for World /Game/Levels/BaseLevel.BaseLevel
[2018.12.09-21.24.15:309][649]LogSlate: Window 'Save Content' being destroyed
[2018.12.09-21.24.16:091][738]LogAssetEditorManager: Opening Asset editor for World /Game/Levels/BaseLevel.BaseLevel
[2018.12.09-21.24.16:864][738]LogSlate: Window 'Save Content' being destroyed
[2018.12.09-21.24.16:943][738]Cmd: OBJ SAVEPACKAGE PACKAGE="/Game/Levels/CieronsTestingLevel" FILE="D:/Documents/GitHub/TGP_PairProject/TGP_Project/Content/Levels/CieronsTestingLevel.umap" SILENT=true AUTOSAVING=false KEEPDIRTY=false
[2018.12.09-21.24.16:981][738]LogSavePackage: Moving 'D:/Documents/GitHub/TGP_PairProject/TGP_Project/Saved/CieronsTestingLevel26AC568C4D5ED98E453FA395B76E1BAA.tmp' to 'D:/Documents/GitHub/TGP_PairProject/TGP_Project/Content/Levels/CieronsTestingLevel.umap'
[2018.12.09-21.24.17:006][738]LogFileHelpers: Saving map 'CieronsTestingLevel' took 0.137
[2018.12.09-21.24.17:008][738]Cmd: MAP LOAD FILE="D:/Documents/GitHub/TGP_PairProject/TGP_Project/Content/Levels/BaseLevel.umap" TEMPLATE=0 SHOWPROGRESS=1 FEATURELEVEL=3
[2018.12.09-21.24.17:008][738]LightingResults: New page: Lighting Build
[2018.12.09-21.24.17:009][738]LoadErrors: New page: Loading map: BaseLevel.umap
[2018.12.09-21.24.17:010][738]MapCheck: New page: Map Check
[2018.12.09-21.24.17:010][738]LightingResults: New page: Lighting Build
[2018.12.09-21.24.17:096][738]LogEditorServer: Finished looking for orphan Actors (0.000 secs)
[2018.12.09-21.24.17:147][738]Cmd: MAP CHECKDEP NOCLEARLOG
[2018.12.09-21.24.17:225][738]MapCheck: Map check complete: 0 Error(s), 0 Warning(s), took 77.518ms to complete.
[2018.12.09-21.24.17:226][738]LogFileHelpers: Loading map 'BaseLevel' took 0.220
[2018.12.09-21.24.21:615][260]LogSlate: FSceneViewport::OnFocusLost() reason 0
[2018.12.09-21.24.23:835][497]Cmd: EDIT COPY
[2018.12.09-21.24.24:646][592]LogAIModule: Creating AISystem for world CieronsTestingLevel
[2018.12.09-21.24.24:648][592]LogAssetEditorManager: Opening Asset editor for World /Game/Levels/CieronsTestingLevel.CieronsTestingLevel
[2018.12.09-21.24.24:674][592]Cmd: MAP LOAD FILE="D:/Documents/GitHub/TGP_PairProject/TGP_Project/Content/Levels/CieronsTestingLevel.umap" TEMPLATE=0 SHOWPROGRESS=1 FEATURELEVEL=3
[2018.12.09-21.24.24:674][592]LightingResults: New page: Lighting Build
[2018.12.09-21.24.24:675][592]LoadErrors: New page: Loading map: CieronsTestingLevel.umap
[2018.12.09-21.24.24:676][592]MapCheck: New page: Map Check
[2018.12.09-21.24.24:676][592]LightingResults: New page: Lighting Build
[2018.12.09-21.24.24:758][592]LogEditorServer: Finished looking for orphan Actors (0.000 secs)
[2018.12.09-21.24.24:808][592]Cmd: MAP CHECKDEP NOCLEARLOG
[2018.12.09-21.24.24:881][592]MapCheck: Map check complete: 0 Error(s), 0 Warning(s), took 73.533ms to complete.
[2018.12.09-21.24.24:882][592]LogFileHelpers: Loading map 'CieronsTestingLevel' took 0.209
[2018.12.09-21.24.25:358][645]LogEditorViewport: Clicking on Actor (LMB): StaticMeshActor (Floor)
[2018.12.09-21.24.25:895][704]Cmd: DELETE
[2018.12.09-21.24.25:895][704]Cmd: ACTOR DELETE
[2018.12.09-21.24.25:911][704]LogEditorActor: Deleted Actor: StaticMeshActor
[2018.12.09-21.24.25:938][704]LogEditorActor: Deleted 1 Actors (0.032 secs)
[2018.12.09-21.24.26:897][819]Cmd: EDIT PASTE
[2018.12.09-21.24.27:058][819]LogNavigationPoint: PostEditMove Clear paths rebuilt
[2018.12.09-21.24.29:974][152]LogSlate: FSceneViewport::OnFocusLost() reason 0
[2018.12.09-21.24.30:235][181]LogEditorActor: Actor TargetPoint is referenced by BP_Bodyguard.
[2018.12.09-21.24.31:491][181]LogSlate: Window 'Message' being destroyed
[2018.12.09-21.24.31:495][181]LogEditorActor: Deleted Actor: TargetPoint
[2018.12.09-21.24.31:523][181]LogEditorActor: Deleted 1 Actors (1.288 secs)
[2018.12.09-21.24.32:434][287]LogEditorActor: Actor TargetPoint2 is referenced by BP_Bodyguard.
[2018.12.09-21.24.33:247][287]LogSlate: Window 'Message' being destroyed
[2018.12.09-21.24.33:251][287]LogEditorActor: Deleted Actor: TargetPoint
[2018.12.09-21.24.33:279][287]LogEditorActor: Deleted 1 Actors (0.847 secs)
[2018.12.09-21.24.34:083][381]LogEditorActor: Actor TargetPoint3 is referenced by BP_Bodyguard.
[2018.12.09-21.24.34:965][381]LogSlate: Window 'Message' being destroyed
[2018.12.09-21.24.34:969][381]LogEditorActor: Deleted Actor: TargetPoint
[2018.12.09-21.24.34:999][381]LogEditorActor: Deleted 1 Actors (0.917 secs)
[2018.12.09-21.24.56:773][947]LogSlate: FSceneViewport::OnFocusLost() reason 0
