Log file open, 12/21/18 18:15:12
LogWindows: Failed to load 'aqProf.dll' (GetLastError=126)
LogWindows: File 'aqProf.dll' does not exist
LogWindows: Failed to load 'VSPerf140.dll' (GetLastError=126)
LogWindows: File 'VSPerf140.dll' does not exist
LogWindows: Failed to load 'VtuneApi.dll' (GetLastError=126)
LogWindows: File 'VtuneApi.dll' does not exist
LogWindows: Failed to load 'VtuneApi32e.dll' (GetLastError=126)
LogWindows: File 'VtuneApi32e.dll' does not exist
LogInit: Display: Running engine for game: TGP_Project
LogPlatformFile: Not using cached read wrapper
LogTaskGraph: Started task graph with 5 named threads and 23 total threads with 3 sets of task threads.
LogStats: Stats thread started at 0.426561
LogD3D11RHI: Loaded GFSDK_Aftermath_Lib.x64.dll
LogICUInternationalization: Display: ICU TimeZone Detection - Raw Offset: +0:00, Platform Override: ''
LogPluginManager: Mounting plugin Paper2D
LogPluginManager: Mounting plugin AISupport
LogPluginManager: Mounting plugin LightPropagationVolume
LogPluginManager: Mounting plugin CLionSourceCodeAccess
LogPluginManager: Mounting plugin CodeLiteSourceCodeAccess
LogPluginManager: Mounting plugin GitSourceControl
LogPluginManager: Mounting plugin KDevelopSourceCodeAccess
LogPluginManager: Mounting plugin NullSourceCodeAccess
LogPluginManager: Mounting plugin PerforceSourceControl
LogPluginManager: Mounting plugin SubversionSourceControl
LogPluginManager: Mounting plugin UObjectPlugin
LogPluginManager: Mounting plugin VisualStudioCodeSourceCodeAccess
LogPluginManager: Mounting plugin VisualStudioSourceCodeAccess
LogPluginManager: Mounting plugin XCodeSourceCodeAccess
LogPluginManager: Mounting plugin AssetManagerEditor
LogPluginManager: Mounting plugin CryptoKeys
LogPluginManager: Mounting plugin DataValidation
LogPluginManager: Mounting plugin FacialAnimation
LogPluginManager: Mounting plugin GameplayTagsEditor
LogPluginManager: Mounting plugin MacGraphicsSwitching
LogPluginManager: Mounting plugin MeshEditor
LogPluginManager: Mounting plugin MobileLauncherProfileWizard
LogPluginManager: Mounting plugin PluginBrowser
LogPluginManager: Mounting plugin SpeedTreeImporter
LogPluginManager: Mounting plugin DatasmithContent
LogPluginManager: Mounting plugin AlembicImporter
LogPluginManager: Mounting plugin AppleImageUtils
LogPluginManager: Mounting plugin AppleVision
LogPluginManager: Mounting plugin BackChannel
LogPluginManager: Mounting plugin CharacterAI
LogPluginManager: Mounting plugin GeometryCache
LogPluginManager: Mounting plugin HTML5Networking
LogPluginManager: Mounting plugin ProxyLODPlugin
LogPluginManager: Mounting plugin MagicLeap
LogPluginManager: Mounting plugin MagicLeapEmulator
LogPluginManager: Mounting plugin MagicLeapMedia
LogPluginManager: Mounting plugin AndroidMedia
LogPluginManager: Mounting plugin AvfMedia
LogPluginManager: Mounting plugin ImgMedia
LogPluginManager: Mounting plugin LinearTimecode
LogPluginManager: Mounting plugin MediaCompositing
LogPluginManager: Mounting plugin MediaPlayerEditor
LogPluginManager: Mounting plugin WmfMedia
LogPluginManager: Mounting plugin TcpMessaging
LogPluginManager: Mounting plugin UdpMessaging
LogPluginManager: Mounting plugin ActorSequence
LogPluginManager: Mounting plugin LevelSequenceEditor
LogPluginManager: Mounting plugin MatineeToLevelSequence
LogPluginManager: Mounting plugin NetcodeUnitTest
LogPluginManager: Mounting plugin NUTUnrealEngine4
LogPluginManager: Mounting plugin OnlineSubsystemGooglePlay
LogPluginManager: Mounting plugin OnlineSubsystemIOS
LogPluginManager: Mounting plugin OnlineSubsystem
LogPluginManager: Mounting plugin OnlineSubsystemNull
LogPluginManager: Mounting plugin OnlineSubsystemUtils
LogPluginManager: Mounting plugin LauncherChunkInstaller
LogPluginManager: Mounting plugin AndroidDeviceProfileSelector
LogPluginManager: Mounting plugin AndroidMoviePlayer
LogPluginManager: Mounting plugin AndroidPermission
LogPluginManager: Mounting plugin AppleMoviePlayer
LogPluginManager: Mounting plugin ArchVisCharacter
LogPluginManager: Mounting plugin AudioCapture
LogPluginManager: Mounting plugin CableComponent
LogPluginManager: Mounting plugin CustomMeshComponent
LogPluginManager: Mounting plugin EditableMesh
LogPluginManager: Mounting plugin ExampleDeviceProfileSelector
LogPluginManager: Mounting plugin GoogleCloudMessaging
LogPluginManager: Mounting plugin ImmediatePhysics
LogPluginManager: Mounting plugin IOSDeviceProfileSelector
LogPluginManager: Mounting plugin LinuxDeviceProfileSelector
LogPluginManager: Mounting plugin LocationServicesBPLibrary
LogPluginManager: Mounting plugin MobilePatchingUtils
LogPluginManager: Mounting plugin OculusVR
LogPluginManager: Plugin shader directory ../../../Engine/Plugins/Runtime/Oculus/OculusVR/Shaders found
LogPluginManager: Mapping shader source directory ../../../Engine/Plugins/Runtime/Oculus/OculusVR/Shaders to virtual directory /Plugin/OculusVR
LogPluginManager: Mounting plugin PhysXVehicles
LogPluginManager: Mounting plugin ProceduralMeshComponent
LogPluginManager: Mounting plugin RuntimePhysXCooking
LogPluginManager: Mounting plugin SteamVR
LogPluginManager: Mounting plugin WindowsMoviePlayer
LogStreaming: Display: Took  0.141s to configure plugins.
LogInit: Using libcurl 7.55.1-DEV
LogInit:  - built for x86_64-pc-win32
LogInit:  - supports SSL with OpenSSL/1.0.2h
LogInit:  - supports HTTP deflate (compression) using libz 1.2.8
LogInit:  - other features:
LogInit:      CURL_VERSION_SSL
LogInit:      CURL_VERSION_LIBZ
LogInit:      CURL_VERSION_IPV6
LogInit:      CURL_VERSION_ASYNCHDNS
LogInit:      CURL_VERSION_LARGEFILE
LogInit:      CURL_VERSION_IDN
LogInit:  CurlRequestOptions (configurable via config and command line):
LogInit:  - bVerifyPeer = false  - Libcurl will NOT verify peer certificate
LogInit:  - bUseHttpProxy = false  - Libcurl will NOT use HTTP proxy
LogInit:  - bDontReuseConnections = false  - Libcurl will reuse connections
LogInit:  - CertBundlePath = nullptr  - Libcurl will use whatever was configured at build time.
LogInit:  - MaxHostConnections = 16  - Libcurl will limit the number of connections to a host
LogInit:  - LocalHostAddr = Default
LogInit:  - BufferSize = 65536
LogInit: WinSock: version 1.1 (2.2), MaxSocks=32767, MaxUdp=65467
LogInit: Build: ++UE4+Release-4.20-CL-4369336
LogInit: Engine Version: 4.20.3-4369336+++UE4+Release-4.20
LogInit: Compatible Engine Version: 4.20.0-4212847+++UE4+Release-4.20
LogInit: Net CL: 4212847
LogInit: OS: Windows 10 (), CPU: AMD FX(tm)-8320 Eight-Core Processor           , GPU: AMD Radeon (TM) R9 380 Series
LogInit: Compiled (64-bit): Sep 17 2018 12:26:19
LogInit: Compiled with Visual C++: 19.13.26129.00
LogInit: Build Configuration: Development
LogInit: Branch Name: ++UE4+Release-4.20
LogInit: Command Line:  -skipcompile
LogInit: Base Directory: C:/Users/blued/Documents/UE_4.20/Engine/Binaries/Win64/
LogInit: Installed Engine Build: 1
LogDevObjectVersion: Number of dev versions registered: 20
LogDevObjectVersion:   Dev-Blueprints (B0D832E4-1F89-4F0D-ACCF-7EB736FD4AA2): 10
LogDevObjectVersion:   Dev-Build (E1C64328-A22C-4D53-A36C-8E866417BD8C): 0
LogDevObjectVersion:   Dev-Core (375EC13C-06E4-48FB-B500-84F0262A717E): 2
LogDevObjectVersion:   Dev-Editor (E4B068ED-F494-42E9-A231-DA0B2E46BB41): 24
LogDevObjectVersion:   Dev-Framework (CFFC743F-43B0-4480-9391-14DF171D2073): 34
LogDevObjectVersion:   Dev-Mobile (B02B49B5-BB20-44E9-A304-32B752E40360): 2
LogDevObjectVersion:   Dev-Networking (A4E4105C-59A1-49B5-A7C5-40C4547EDFEE): 0
LogDevObjectVersion:   Dev-Online (39C831C9-5AE6-47DC-9A44-9C173E1C8E7C): 0
LogDevObjectVersion:   Dev-Physics (78F01B33-EBEA-4F98-B9B4-84EACCB95AA2): 0
LogDevObjectVersion:   Dev-Platform (6631380F-2D4D-43E0-8009-CF276956A95A): 0
LogDevObjectVersion:   Dev-Rendering (12F88B9F-8875-4AFC-A67C-D90C383ABD29): 26
LogDevObjectVersion:   Dev-Sequencer (7B5AE74C-D270-4C10-A958-57980B212A5A): 9
LogDevObjectVersion:   Dev-VR (D7296918-1DD6-4BDD-9DE2-64A83CC13884): 2
LogDevObjectVersion:   Dev-LoadTimes (C2A15278-BFE7-4AFE-6C17-90FF531DF755): 1
LogDevObjectVersion:   Private-Geometry (6EACA3D4-40EC-4CC1-B786-8BED09428FC5): 3
LogDevObjectVersion:   Dev-AnimPhys (29E575DD-E0A3-4627-9D10-D276232CDCEA): 17
LogDevObjectVersion:   Dev-ReflectionCapture (6B266CEC-1EC7-4B8F-A30B-E4D90942FC07): 1
LogDevObjectVersion:   Dev-Automation (0DF73D61-A23F-47EA-B727-89E90C41499A): 1
LogDevObjectVersion:   FortniteMain (601D1886-AC64-4F84-AA16-D3DE0DEAC7D6): 12
LogDevObjectVersion:   Dev-Enterprise (9DFFBCD6-494F-0158-E221-12823C92A888): 1
LogStreaming: Display: Took  0.002s to delete old logs.
LogInit: Presizing for max 8388607 objects, including 0 objects not considered by GC, pre-allocating 0 bytes for permanent pool.
LogInit: Object subsystem initialized
[2018.12.21-18.15.13:547][  0]LogInit: Selected Device Profile: [Windows]
[2018.12.21-18.15.13:547][  0]LogInit: Applying CVar settings loaded from the selected device profile: [Windows]
[2018.12.21-18.15.13:561][  0]LogHAL: Display: Platform has ~ 16 GB [17071263744 / 17179869184 / 16], which maps to Larger [LargestMinGB=32, LargerMinGB=12, DefaultMinGB=8, SmallerMinGB=6, SmallestMinGB=0)
[2018.12.21-18.15.13:561][  0]LogInit: Setting Device Profile CVar: [[r.Vulkan.UseRealUBs:1]]
[2018.12.21-18.15.13:561][  0]LogInit: Going up to parent DeviceProfile []
[2018.12.21-18.15.13:562][  0]LogInit: Computer: DESKTOP-JAN50R2
[2018.12.21-18.15.13:563][  0]LogInit: User: blued
[2018.12.21-18.15.13:563][  0]LogInit: CPU Page size=4096, Cores=4
[2018.12.21-18.15.13:563][  0]LogInit: High frequency timer resolution =3.429420 MHz
[2018.12.21-18.15.13:563][  0]LogMemory: Memory total: Physical=15.9GB (16GB approx)
[2018.12.21-18.15.13:563][  0]LogMemory: Platform Memory Stats for Windows
[2018.12.21-18.15.13:564][  0]LogMemory: Process Physical Memory: 102.89 MB used, 102.89 MB peak
[2018.12.21-18.15.13:564][  0]LogMemory: Process Virtual Memory: 97.99 MB used, 97.99 MB peak
[2018.12.21-18.15.13:564][  0]LogMemory: Physical Memory: 6670.45 MB used,  9609.98 MB free, 16280.43 MB total
[2018.12.21-18.15.13:564][  0]LogMemory: Virtual Memory: 4652.30 MB used,  9609.98 MB free, 134217728.00 MB total
[2018.12.21-18.15.13:720][  0]LogInit: Using OS detected language (en-US).
[2018.12.21-18.15.13:720][  0]LogInit: Using OS detected locale (en-GB).
[2018.12.21-18.15.13:721][  0]LogTextLocalizationManager: No specific localization for 'en-US' exists, so the 'en' localization will be used.
[2018.12.21-18.15.14:233][  0]LogStreaming: Display: Took  0.513s to InitEngineTextLocalization.
[2018.12.21-18.15.14:234][  0]LogInit: Setting process to per monitor DPI aware
[2018.12.21-18.15.14:379][  0]LogSlate: New Slate User Created.  User Index 0, Is Virtual User: 0
[2018.12.21-18.15.14:379][  0]LogSlate: Slate User Registered.  User Index 0, Is Virtual User: 0
[2018.12.21-18.15.15:410][  0]LogHMD: Failed to initialize OpenVR with code 110
[2018.12.21-18.15.15:410][  0]LogD3D11RHI: D3D11 adapters:
[2018.12.21-18.15.15:491][  0]LogD3D11RHI:    0. 'AMD Radeon (TM) R9 380 Series' (Feature Level 11_0)
[2018.12.21-18.15.15:491][  0]LogD3D11RHI:       4071/0/8140 MB DedicatedVideo/DedicatedSystem/SharedSystem, Outputs:2, VendorId:0x1002
[2018.12.21-18.15.15:499][  0]LogD3D11RHI:    1. 'Microsoft Basic Render Driver' (Feature Level 11_0)
[2018.12.21-18.15.15:499][  0]LogD3D11RHI:       0/0/8140 MB DedicatedVideo/DedicatedSystem/SharedSystem, Outputs:0, VendorId:0x1414
[2018.12.21-18.15.15:499][  0]LogD3D11RHI: Chosen D3D11 Adapter: 0
[2018.12.21-18.15.15:512][  0]LogD3D11RHI: Creating new Direct3DDevice
[2018.12.21-18.15.15:512][  0]LogD3D11RHI:     GPU DeviceId: 0x6938 (for the marketing name, search the web for "GPU Device Id")
[2018.12.21-18.15.15:512][  0]LogWindows: EnumDisplayDevices:
[2018.12.21-18.15.15:512][  0]LogWindows:    0. 'AMD Radeon (TM) R9 380 Series' (P:1 D:1)
[2018.12.21-18.15.15:513][  0]LogWindows:    1. 'AMD Radeon (TM) R9 380 Series' (P:0 D:1)
[2018.12.21-18.15.15:514][  0]LogWindows:    2. 'AMD Radeon (TM) R9 380 Series' (P:0 D:0)
[2018.12.21-18.15.15:514][  0]LogWindows:    3. 'AMD Radeon (TM) R9 380 Series' (P:0 D:0)
[2018.12.21-18.15.15:515][  0]LogWindows:    4. 'AMD Radeon (TM) R9 380 Series' (P:0 D:0)
[2018.12.21-18.15.15:516][  0]LogWindows:    5. 'AMD Radeon (TM) R9 380 Series' (P:0 D:0)
[2018.12.21-18.15.15:516][  0]LogWindows:    6. 'AMD Radeon (TM) R9 380 Series' (P:0 D:0)
[2018.12.21-18.15.15:517][  0]LogWindows:    7. 'AMD Radeon (TM) R9 380 Series' (P:0 D:0)
[2018.12.21-18.15.15:517][  0]LogWindows:    8. 'AMD Radeon (TM) R9 380 Series' (P:0 D:0)
[2018.12.21-18.15.15:518][  0]LogWindows:    9. 'AMD Radeon (TM) R9 380 Series' (P:0 D:0)
[2018.12.21-18.15.15:519][  0]LogWindows:    10. 'AMD Radeon (TM) R9 380 Series' (P:0 D:0)
[2018.12.21-18.15.15:519][  0]LogWindows:    11. 'AMD Radeon (TM) R9 380 Series' (P:0 D:0)
[2018.12.21-18.15.15:520][  0]LogWindows:    12. 'AMD Radeon (TM) R9 380 Series' (P:0 D:0)
[2018.12.21-18.15.15:520][  0]LogWindows:    13. 'AMD Radeon (TM) R9 380 Series' (P:0 D:0)
[2018.12.21-18.15.15:521][  0]LogWindows:    14. 'AMD Radeon (TM) R9 380 Series' (P:0 D:0)
[2018.12.21-18.15.15:522][  0]LogWindows:    15. 'AMD Radeon (TM) R9 380 Series' (P:0 D:0)
[2018.12.21-18.15.15:522][  0]LogWindows: DebugString: FoundDriverCount:16 
[2018.12.21-18.15.15:522][  0]LogD3D11RHI:     Adapter Name: AMD Radeon (TM) R9 380 Series
[2018.12.21-18.15.15:522][  0]LogD3D11RHI:   Driver Version: Adrenalin 18.10.2 (internal:25.20.14007.1000, unified:25.20.14007.1000)
[2018.12.21-18.15.15:522][  0]LogD3D11RHI:      Driver Date: 10-19-2018
[2018.12.21-18.15.15:522][  0]LogRHI: Texture pool is 2850 MB (70% of 4071 MB)
[2018.12.21-18.15.15:705][  0]LogD3D11RHI: Async texture creation enabled
[2018.12.21-18.15.15:718][  0]LogD3D11RHI: GPU Timing Frequency: 27.000000 (Debug: 2 1)
[2018.12.21-18.15.15:720][  0]LogShaderCompilers: Guid format shader working directory is 8 characters bigger than the processId version (D:/GitHub/TGP_PairProject/TGP_Project/Intermediate/Shaders/WorkingDirectory/15584/).
[2018.12.21-18.15.15:721][  0]LogShaderCompilers: Cleaned the shader compiler working directory 'C:/Users/blued/AppData/Local/Temp/UnrealShaderWorkingDir/02AE3FC04CD407B21DE3359AC65FD4C5/'.
[2018.12.21-18.15.16:093][  0]LogTemp: Display: Loaded TP AllDesktopTargetPlatform
[2018.12.21-18.15.16:120][  0]LogTemp: Display: Loaded TP MacClientTargetPlatform
[2018.12.21-18.15.16:146][  0]LogTemp: Display: Loaded TP MacNoEditorTargetPlatform
[2018.12.21-18.15.16:173][  0]LogTemp: Display: Loaded TP MacServerTargetPlatform
[2018.12.21-18.15.16:200][  0]LogTemp: Display: Loaded TP MacTargetPlatform
[2018.12.21-18.15.16:225][  0]LogTemp: Display: Loaded TP WindowsClientTargetPlatform
[2018.12.21-18.15.16:254][  0]LogTemp: Display: Loaded TP WindowsNoEditorTargetPlatform
[2018.12.21-18.15.16:280][  0]LogTemp: Display: Loaded TP WindowsServerTargetPlatform
[2018.12.21-18.15.16:295][  0]LogTemp: Display: Loaded TP WindowsTargetPlatform
[2018.12.21-18.15.16:429][  0]LogTemp: Display: Loaded TP AndroidTargetPlatform
[2018.12.21-18.15.16:429][  0]LogTemp: Display: Loaded TP AndroidTargetPlatform
[2018.12.21-18.15.16:430][  0]LogTemp: Display: Loaded TP AndroidTargetPlatform
[2018.12.21-18.15.16:430][  0]LogTemp: Display: Loaded TP AndroidTargetPlatform
[2018.12.21-18.15.16:430][  0]LogTemp: Display: Loaded TP AndroidTargetPlatform
[2018.12.21-18.15.16:430][  0]LogTemp: Display: Loaded TP AndroidTargetPlatform
[2018.12.21-18.15.16:430][  0]LogTemp: Display: Loaded TP AndroidTargetPlatform
[2018.12.21-18.15.16:430][  0]LogTemp: Display: Loaded TP AndroidTargetPlatform
[2018.12.21-18.15.16:430][  0]LogTemp: Display: Loaded TP AndroidTargetPlatform
[2018.12.21-18.15.16:430][  0]LogTemp: Display: Loaded TP AndroidTargetPlatform
[2018.12.21-18.15.16:430][  0]LogTemp: Display: Loaded TP AndroidTargetPlatform
[2018.12.21-18.15.16:430][  0]LogTemp: Display: Loaded TP AndroidTargetPlatform
[2018.12.21-18.15.16:430][  0]LogTemp: Display: Loaded TP AndroidTargetPlatform
[2018.12.21-18.15.16:430][  0]LogTemp: Display: Loaded TP AndroidTargetPlatform
[2018.12.21-18.15.16:431][  0]LogTemp: Display: Loaded TP AndroidTargetPlatform
[2018.12.21-18.15.16:431][  0]LogTemp: Display: Loaded TP AndroidTargetPlatform
[2018.12.21-18.15.16:431][  0]LogTemp: Display: Loaded TP AndroidTargetPlatform
[2018.12.21-18.15.16:431][  0]LogTemp: Display: Loaded TP AndroidTargetPlatform
[2018.12.21-18.15.16:436][  0]LogTemp: Display: Loaded TP HTML5TargetPlatform
[2018.12.21-18.15.16:529][  0]LogTemp: Display: Loaded TP IOSTargetPlatform
[2018.12.21-18.15.16:529][  0]LogTemp: Display: Loaded TP IOSTargetPlatform
[2018.12.21-18.15.16:574][  0]LogTemp: Display: Loaded TP TVOSTargetPlatform
[2018.12.21-18.15.16:574][  0]LogTemp: Display: Loaded TP TVOSTargetPlatform
[2018.12.21-18.15.16:598][  0]LogTemp: Display: Loaded TP LinuxClientTargetPlatform
[2018.12.21-18.15.16:624][  0]LogTemp: Display: Loaded TP LinuxNoEditorTargetPlatform
[2018.12.21-18.15.16:649][  0]LogTemp: Display: Loaded TP LinuxServerTargetPlatform
[2018.12.21-18.15.16:677][  0]LogTemp: Display: Loaded TP LinuxTargetPlatform
[2018.12.21-18.15.16:695][  0]LogTemp: Display: Loaded TP LuminTargetPlatform
[2018.12.21-18.15.16:695][  0]LogTargetPlatformManager: Display: Building Assets For Windows
[2018.12.21-18.15.16:856][  0]LogXGEController: Cleaning working directory: C:/Users/blued/AppData/Local/Temp/UnrealXGEWorkingDir/
[2018.12.21-18.15.16:857][  0]LogXGEController: Cannot use XGE Controller as Incredibuild is not installed on this machine.
[2018.12.21-18.15.16:857][  0]LogShaderCompilers: Cannot use XGE Shader Compiler as Incredibuild is not installed on this machine.
[2018.12.21-18.15.16:857][  0]LogShaderCompilers: Display: Using Local Shader Compiler.
[2018.12.21-18.15.18:269][  0]LogDerivedDataCache: Display: Max Cache Size: 512 MB
[2018.12.21-18.15.18:361][  0]LogDerivedDataCache: Loaded boot cache 0.09s 71MB C:/Users/blued/AppData/Local/UnrealEngine/4.20/DerivedDataCache/Boot.ddc.
[2018.12.21-18.15.18:362][  0]LogDerivedDataCache: Display: Loaded Boot cache: C:/Users/blued/AppData/Local/UnrealEngine/4.20/DerivedDataCache/Boot.ddc
[2018.12.21-18.15.18:362][  0]LogDerivedDataCache: FDerivedDataBackendGraph:  Pak pak cache file D:/GitHub/TGP_PairProject/TGP_Project/DerivedDataCache/DDC.ddp not found, will not use a pak cache.
[2018.12.21-18.15.18:362][  0]LogDerivedDataCache: Unable to find inner node Pak for hierarchical cache Hierarchy.
[2018.12.21-18.15.18:363][  0]LogDerivedDataCache: FDerivedDataBackendGraph:  CompressedPak pak cache file D:/GitHub/TGP_PairProject/TGP_Project/DerivedDataCache/Compressed.ddp not found, will not use a pak cache.
[2018.12.21-18.15.18:363][  0]LogDerivedDataCache: Unable to find inner node CompressedPak for hierarchical cache Hierarchy.
[2018.12.21-18.15.18:381][  0]LogDerivedDataCache: Display: Pak cache opened for reading ../../../Engine/DerivedDataCache/Compressed.ddp.
[2018.12.21-18.15.18:395][  0]LogDerivedDataCache: Using Local data cache path C:/Users/blued/AppData/Local/UnrealEngine/Common/DerivedDataCache: Writable
[2018.12.21-18.15.18:395][  0]LogDerivedDataCache: Shared data cache path not found in *engine.ini, will not use an Shared cache.
[2018.12.21-18.15.18:395][  0]LogDerivedDataCache: Unable to find inner node Shared for hierarchical cache Hierarchy.
[2018.12.21-18.15.18:425][  0]LogMaterial: Verifying Global Shaders for PCD3D_SM5
[2018.12.21-18.15.18:426][  0]LogSlate: Using FreeType 2.6.0
[2018.12.21-18.15.18:430][  0]LogSlate: SlateFontServices - WITH_FREETYPE: 1, WITH_HARFBUZZ: 1
[2018.12.21-18.15.18:641][  0]LogAssetRegistry: FAssetRegistry took 0.0317 seconds to start up
[2018.12.21-18.15.19:238][  0]LogInit: Selected Device Profile: [Windows]
[2018.12.21-18.15.19:460][  0]LogSimplygon: Simplygon DLL not present - disabling.
[2018.12.21-18.15.19:471][  0]LogMeshReduction: Using SimplygonSwarm for distributed automatic mesh merging
[2018.12.21-18.15.19:471][  0]LogMeshReduction: Using ProxyLODMeshReduction for automatic mesh merging
[2018.12.21-18.15.19:471][  0]LogMeshReduction: Using QuadricMeshReduction for automatic static mesh reduction
[2018.12.21-18.15.19:472][  0]LogMeshReduction: No automatic skeletal mesh reduction module available
[2018.12.21-18.15.19:543][  0]LogNetVersion: TGP_Project 1.0.0, NetCL: 4212847, EngineNetVer: 5, GameNetVer: 0 (Checksum: 95638710)
[2018.12.21-18.15.20:441][  0]LogPackageLocalizationCache: Processed 11 localized package path(s) for 2 prioritized culture(s) in 0.118769 seconds
[2018.12.21-18.15.20:450][  0]LogUObjectArray: 38425 objects as part of root set at end of initial load.
[2018.12.21-18.15.20:450][  0]LogUObjectAllocator: 6690864 out of 0 bytes used by permanent object pool.
[2018.12.21-18.15.20:450][  0]LogUObjectArray: CloseDisregardForGC: 0/0 objects in disregard for GC pool
[2018.12.21-18.15.23:119][  0]LogTcpMessaging: Initializing TcpMessaging bridge
[2018.12.21-18.15.23:138][  0]LogUdpMessaging: Initializing bridge on interface 0.0.0.0:0 to multicast group 230.0.0.1:6666.
[2018.12.21-18.15.23:432][  0]SourceControl: Source control is disabled
[2018.12.21-18.15.23:432][  0]SourceControl: Source control is disabled
[2018.12.21-18.15.23:437][  0]SourceControl: Source control is disabled
[2018.12.21-18.15.23:441][  0]SourceControl: Source control is disabled
[2018.12.21-18.15.23:768][  0]LogAndroidPermission: UAndroidPermissionCallbackProxy::GetInstance
[2018.12.21-18.15.23:937][  0]LogOcInput: OculusInput pre-init called
[2018.12.21-18.15.24:041][  0]LogEngine: Initializing Engine...
[2018.12.21-18.15.24:043][  0]LogHMD: Failed to initialize OpenVR with code 110
[2018.12.21-18.15.24:046][  0]LogStats: UGameplayTagsManager::ConstructGameplayTagTree: ImportINI prefixes -  0.000 s
[2018.12.21-18.15.24:047][  0]LogStats: UGameplayTagsManager::ConstructGameplayTagTree: Construct from data asset -  0.000 s
[2018.12.21-18.15.24:047][  0]LogStats: UGameplayTagsManager::ConstructGameplayTagTree: ImportINI -  0.000 s
[2018.12.21-18.15.24:047][  0]LogStats: UGameplayTagsManager::ConstructGameplayTagTree: GameplayTagTreeChangedEvent.Broadcast -  0.000 s
[2018.12.21-18.15.24:386][  0]LogInit: Initializing FReadOnlyCVARCache
[2018.12.21-18.15.24:405][  0]LogAIModule: Creating AISystem for world Untitled
[2018.12.21-18.15.24:446][  0]LogInit: XAudio2 using 'Headphones (4- Turtle Beach Recon 60P)' : 2 channels at 48 kHz using 16 bits per sample (channel mask 0x3)
[2018.12.21-18.15.24:475][  0]LogInit: FAudioDevice initialized.
[2018.12.21-18.15.24:476][  0]LogNetVersion: Set ProjectVersion to 1.0.0.0. Version Checksum will be recalculated on next use.
[2018.12.21-18.15.24:584][  0]LogDerivedDataCache: Saved boot cache 0.11s 71MB C:/Users/blued/AppData/Local/UnrealEngine/4.20/DerivedDataCache/Boot.ddc.
[2018.12.21-18.15.24:597][  0]LogInit: Texture streaming: Enabled
[2018.12.21-18.15.24:635][  0]LogEngineSessionManager: EngineSessionManager initialized
[2018.12.21-18.15.24:650][  0]LogInit: Transaction tracking system initialized
[2018.12.21-18.15.24:695][  0]BlueprintLog: New page: Editor Load
[2018.12.21-18.15.24:854][  0]LocalizationService: Localization service is disabled
[2018.12.21-18.15.25:296][  0]LogCook: Display: Max memory allowance for cook 16384mb min free memory 0mb
[2018.12.21-18.15.25:297][  0]LogCook: Display: Mobile HDR setting 1
[2018.12.21-18.15.25:297][  0]LogGameplayTags: Display: UGameplayTagsManager::DoneAddingNativeTags. DelegateIsBound: 0
[2018.12.21-18.15.25:297][  0]LogStats: UGameplayTagsManager::ConstructGameplayTagTree: ImportINI prefixes -  0.000 s
[2018.12.21-18.15.25:297][  0]LogStats: UGameplayTagsManager::ConstructGameplayTagTree: Construct from data asset -  0.000 s
[2018.12.21-18.15.25:297][  0]LogStats: UGameplayTagsManager::ConstructGameplayTagTree: ImportINI -  0.000 s
[2018.12.21-18.15.25:297][  0]LogStats: UGameplayTagsManager::ConstructGameplayTagTree: GameplayTagTreeChangedEvent.Broadcast -  0.000 s
[2018.12.21-18.15.25:604][  0]LogFileCache: Scanning file cache for directory 'D:/GitHub/TGP_PairProject/TGP_Project/Content/' took 0.02s
[2018.12.21-18.15.25:604][  0]SourceControl: Source control is disabled
[2018.12.21-18.15.25:605][  0]Cmd: MAP LOAD FILE="D:/GitHub/TGP_PairProject/TGP_Project/Content/Levels/BaseLevel.umap" TEMPLATE=0 SHOWPROGRESS=1 FEATURELEVEL=3
[2018.12.21-18.15.25:606][  0]LightingResults: New page: Lighting Build
[2018.12.21-18.15.25:609][  0]MapCheck: New page: Map Check
[2018.12.21-18.15.25:609][  0]LightingResults: New page: Lighting Build
[2018.12.21-18.15.25:978][  0]LogAIModule: Creating AISystem for world BaseLevel
[2018.12.21-18.15.25:988][  0]LogEditorServer: Finished looking for orphan Actors (0.000 secs)
[2018.12.21-18.15.26:119][  0]Cmd: MAP CHECKDEP NOCLEARLOG
[2018.12.21-18.15.26:332][  0]MapCheck: Map check complete: 0 Error(s), 0 Warning(s), took 213.058ms to complete.
[2018.12.21-18.15.26:333][  0]LogFileHelpers: Loading map 'BaseLevel' took 0.728
[2018.12.21-18.15.26:608][  0]LogSlate: Updating window title bar state: overlay mode, drag disabled, window buttons hidden, title bar hidden
[2018.12.21-18.15.26:625][  0]LogSlate: Updating window title bar state: overlay mode, drag disabled, window buttons hidden, title bar hidden
[2018.12.21-18.15.26:640][  0]LogSlate: Updating window title bar state: overlay mode, drag disabled, window buttons hidden, title bar hidden
[2018.12.21-18.15.26:651][  0]LogSlate: Updating window title bar state: overlay mode, drag disabled, window buttons hidden, title bar hidden
[2018.12.21-18.15.26:662][  0]LogCollectionManager: Loaded 0 collections in 0.001403 seconds
[2018.12.21-18.15.26:756][  0]LogFileCache: Scanning file cache for directory 'D:/GitHub/TGP_PairProject/TGP_Project/Saved/Collections/' took 0.01s
[2018.12.21-18.15.26:757][  0]LogFileCache: Scanning file cache for directory 'D:/GitHub/TGP_PairProject/TGP_Project/Content/Developers/blued/Collections/' took 0.01s
[2018.12.21-18.15.26:757][  0]LogFileCache: Scanning file cache for directory 'D:/GitHub/TGP_PairProject/TGP_Project/Content/Collections/' took 0.01s
[2018.12.21-18.15.26:757][  0]LogCollectionManager: Rebuilt the GUID cache for 0 collections in 0.000000 seconds
[2018.12.21-18.15.26:778][  0]LogContentBrowser: Native class hierarchy populated in 0.0204 seconds. Added 2586 classes and 606 folders.
[2018.12.21-18.15.26:788][  0]LogContentBrowser: Native class hierarchy updated for 'WidgetCarousel' in 0.0004 seconds. Added 0 classes and 0 folders.
[2018.12.21-18.15.26:900][  0]LogContentBrowser: Native class hierarchy updated for 'AddContentDialog' in 0.0004 seconds. Added 0 classes and 0 folders.
[2018.12.21-18.15.26:912][  0]LogContentBrowser: Native class hierarchy updated for 'SceneOutliner' in 0.0006 seconds. Added 1 classes and 2 folders.
[2018.12.21-18.15.26:999][  0]LogSlate: Took 0.001259 seconds to synchronously load lazily loaded font '../../../Engine/Content/Slate/Fonts/Roboto-Regular.ttf' (155K)
[2018.12.21-18.15.27:003][  0]LogSlate: Took 0.000945 seconds to synchronously load lazily loaded font '../../../Engine/Content/Slate/Fonts/Roboto-Bold.ttf' (160K)
[2018.12.21-18.15.27:012][  0]LogSlate: Took 0.001015 seconds to synchronously load lazily loaded font '../../../Engine/Content/Editor/Slate/Fonts/FontAwesome.ttf' (139K)
[2018.12.21-18.15.27:137][  0]LogRenderer: Reallocating scene render targets to support 1208x552 Format 10 NumSamples 1 (Frame:1).
[2018.12.21-18.15.27:245][  0]LogSlate: Took 0.001090 seconds to synchronously load lazily loaded font '../../../Engine/Content/Slate/Fonts/Roboto-Light.ttf' (167K)
[2018.12.21-18.15.27:390][  0]LogContentBrowser: Native class hierarchy updated for 'HierarchicalLODOutliner' in 0.0005 seconds. Added 0 classes and 0 folders.
[2018.12.21-18.15.27:390][  0]LogLoad: (Engine Initialization) Total time: 16.37 seconds
[2018.12.21-18.15.27:390][  0]LogLoad: (Engine Initialization) Total Blueprint compile time: 0.00 seconds
[2018.12.21-18.15.27:401][  0]LogWindowsTextInputMethodSystem: Display: IME system now deactivated.
[2018.12.21-18.15.27:445][  0]LogContentStreaming: Texture pool size now 1000 MB
[2018.12.21-18.15.27:508][  1]LogFileCache: Retrieving MD5 hashes for directory 'D:/GitHub/TGP_PairProject/TGP_Project/Content/' took 0.09s
[2018.12.21-18.15.27:560][  2]LogAssetRegistry: Asset discovery search completed in 8.9437 seconds
[2018.12.21-18.15.27:563][  2]LogCollectionManager: Rebuilt the object cache for 0 collections in 0.000001 seconds (found 0 objects)
[2018.12.21-18.15.27:564][  2]LogCollectionManager: Fixed up redirectors for 0 collections in 0.000313 seconds (updated 0 objects)
[2018.12.21-18.16.11:520][243]LogSlate: FSceneViewport::OnFocusLost() reason 0
[2018.12.21-18.16.12:570][361]LogSlate: Took 0.000472 seconds to synchronously load lazily loaded font '../../../Engine/Content/Slate/Fonts/Roboto-Light.ttf' (167K)
[2018.12.21-18.16.12:579][361]LogAssetEditorManager: Opening Asset editor for Blueprint /Game/Blueprints/BP_Civilian.BP_Civilian
[2018.12.21-18.16.13:445][361]LogContentBrowser: Native class hierarchy updated for 'BlueprintGraph' in 0.0011 seconds. Added 116 classes and 0 folders.
[2018.12.21-18.16.34:779][ 43]BlueprintLog: New page: Compile BP_Civilian
[2018.12.21-18.16.35:869][ 95]LogSlate: Window 'BP_Civilian*' being destroyed
[2018.12.21-18.16.36:002][ 95]LogAssetEditorManager: Opening Asset editor for Blueprint /Game/Blueprints/BP_Civilian.BP_Civilian
[2018.12.21-18.16.36:573][ 95]LogSlate: Took 0.001212 seconds to synchronously load lazily loaded font '../../../Engine/Content/Slate/Fonts/Roboto-BoldCondensed.ttf' (158K)
[2018.12.21-18.16.52:271][467]BlueprintLog: New page: Compile BP_Civilian
[2018.12.21-18.16.53:571][547]LogSlate: Window 'BP_Civilian*' being destroyed
[2018.12.21-18.17.01:058][431]LogTemp: Repeating last play command: Simulate
[2018.12.21-18.17.01:085][431]LogPlayLevel: PlayLevel: No blueprints needed recompiling
[2018.12.21-18.17.01:102][431]PIE: New page: SIE session: BaseLevel (21 Dec 2018 18:17:01)
[2018.12.21-18.17.01:102][431]LogPlayLevel: Creating play world package: /Game/Levels/UEDPIE_0_BaseLevel
[2018.12.21-18.17.01:109][431]LogPlayLevel: PIE: StaticDuplicateObject took: (0.006304s)
[2018.12.21-18.17.01:110][431]LogAIModule: Creating AISystem for world BaseLevel
[2018.12.21-18.17.01:110][431]LogPlayLevel: PIE: World Init took: (0.001304s)
[2018.12.21-18.17.01:111][431]LogPlayLevel: PIE: Created PIE world by copying editor world from /Game/Levels/BaseLevel.BaseLevel to /Game/Levels/UEDPIE_0_BaseLevel.BaseLevel (0.008300s)
[2018.12.21-18.17.01:266][431]LogInit: XAudio2 using 'Headphones (4- Turtle Beach Recon 60P)' : 2 channels at 48 kHz using 16 bits per sample (channel mask 0x3)
[2018.12.21-18.17.01:282][431]LogInit: FAudioDevice initialized.
[2018.12.21-18.17.01:336][431]LogLoad: Game class is 'GM_GAME_C'
[2018.12.21-18.17.01:340][431]LogWorld: Bringing World /Game/Levels/UEDPIE_0_BaseLevel.BaseLevel up for play (max tick rate 0) at 2018.12.21-18.17.01
[2018.12.21-18.17.01:341][431]LogWorld: Bringing up level for play took: 0.002996
[2018.12.21-18.17.01:361][431]LogContentBrowser: Native class hierarchy updated for 'MovieSceneCapture' in 0.0004 seconds. Added 10 classes and 0 folders.
[2018.12.21-18.17.01:362][431]PIE: Play in editor start time for /Game/Levels/UEDPIE_0_BaseLevel -0.686
[2018.12.21-18.17.16:861][259]LogSlate: Updating window title bar state: overlay mode, drag disabled, window buttons hidden, title bar hidden
[2018.12.21-18.17.16:907][259]LogPlayLevel: Display: Shutting down PIE online subsystems
[2018.12.21-18.17.17:009][259]LogSlate: Updating window title bar state: overlay mode, drag disabled, window buttons hidden, title bar hidden
[2018.12.21-18.17.17:030][260]LogPlayLevel: Display: Destroying online subsystem :Context_4
[2018.12.21-18.17.19:031][487]Cmd: OBJ SAVEPACKAGE PACKAGE="/Game/Levels/BaseLevel" FILE="D:/GitHub/TGP_PairProject/TGP_Project/Content/Levels/BaseLevel.umap" SILENT=true AUTOSAVING=false KEEPDIRTY=false
[2018.12.21-18.17.19:267][487]LogSavePackage: Moving 'D:/GitHub/TGP_PairProject/TGP_Project/Saved/BaseLevel92C83D254665F278A34119ACCFC876E8.tmp' to 'D:/GitHub/TGP_PairProject/TGP_Project/Content/Levels/BaseLevel.umap'
[2018.12.21-18.17.54:539][578]LogSlate: FSceneViewport::OnFocusLost() reason 0
[2018.12.21-18.17.54:777][594]LogAssetEditorManager: Opening Asset editor for Blueprint /Game/Blueprints/BP_Bodyguard.BP_Bodyguard
[2018.12.21-18.18.02:945][144]LogSlate: Window 'BP_Bodyguard' being destroyed
[2018.12.21-18.18.03:080][144]LogAssetEditorManager: Opening Asset editor for Blueprint /Game/Blueprints/BP_Bodyguard.BP_Bodyguard
[2018.12.21-18.18.05:133][241]LogSlate: Took 0.001266 seconds to synchronously load lazily loaded font '../../../Engine/Content/Slate/Fonts/Roboto-Italic.ttf' (157K)
[2018.12.21-18.18.13:210][754]BlueprintLog: New page: Compile BP_Bodyguard
[2018.12.21-18.18.14:636][820]LogSlate: Window 'BP_Bodyguard*' being destroyed
[2018.12.21-18.18.21:777][497]LogEditorViewport: Clicking on Actor (LMB): PaperSpriteActor (BasicLevel_Sprite)
[2018.12.21-18.18.22:783][603]LogEditorViewport: Clicking on Actor (LMB): RecastNavMesh (RecastNavMesh-Default)
[2018.12.21-18.18.23:657][701]LogEditorViewport: Clicking on Actor (LMB): PaperSpriteActor (BasicLevel_Sprite)
[2018.12.21-18.18.24:830][826]LogEditorViewport: Clicking on Actor (LMB): PaperSpriteActor (BasicLevel_Sprite)
[2018.12.21-18.18.27:071][ 71]LogSlate: FSceneViewport::OnFocusLost() reason 0
[2018.12.21-18.20.05:703][403]LogSlate: FSceneViewport::OnFocusLost() reason 0
[2018.12.21-18.20.05:783][412]LogTemp: Repeating last play command: Simulate
[2018.12.21-18.20.05:815][412]LogPlayLevel: PlayLevel: No blueprints needed recompiling
[2018.12.21-18.20.05:815][412]PIE: New page: SIE session: BaseLevel (21 Dec 2018 18:20:05)
[2018.12.21-18.20.05:815][412]LogPlayLevel: Creating play world package: /Game/Levels/UEDPIE_0_BaseLevel
[2018.12.21-18.20.05:821][412]LogPlayLevel: PIE: StaticDuplicateObject took: (0.005471s)
[2018.12.21-18.20.05:822][412]LogAIModule: Creating AISystem for world BaseLevel
[2018.12.21-18.20.05:822][412]LogPlayLevel: PIE: World Init took: (0.001093s)
[2018.12.21-18.20.05:823][412]LogPlayLevel: PIE: Created PIE world by copying editor world from /Game/Levels/BaseLevel.BaseLevel to /Game/Levels/UEDPIE_0_BaseLevel.BaseLevel (0.007106s)
[2018.12.21-18.20.05:986][412]LogInit: XAudio2 using 'Headphones (4- Turtle Beach Recon 60P)' : 2 channels at 48 kHz using 16 bits per sample (channel mask 0x3)
[2018.12.21-18.20.06:003][412]LogInit: FAudioDevice initialized.
[2018.12.21-18.20.06:040][412]LogLoad: Game class is 'GM_GAME_C'
[2018.12.21-18.20.06:042][412]LogWorld: Bringing World /Game/Levels/UEDPIE_0_BaseLevel.BaseLevel up for play (max tick rate 0) at 2018.12.21-18.20.06
[2018.12.21-18.20.06:043][412]LogWorld: Bringing up level for play took: 0.002429
[2018.12.21-18.20.06:059][412]PIE: Play in editor start time for /Game/Levels/UEDPIE_0_BaseLevel 0.011
[2018.12.21-18.20.13:025][155]LogEditorViewport: Clicking on Actor (LMB): PaperSpriteActor (BasicLevel_Sprite)
[2018.12.21-18.20.16:906][516]LogSlate: FSceneViewport::OnFocusLost() reason 0
[2018.12.21-18.20.17:039][531]LogSlate: Updating window title bar state: overlay mode, drag disabled, window buttons hidden, title bar hidden
[2018.12.21-18.20.17:084][531]LogPlayLevel: Display: Shutting down PIE online subsystems
[2018.12.21-18.20.17:200][531]LogSlate: Updating window title bar state: overlay mode, drag disabled, window buttons hidden, title bar hidden
[2018.12.21-18.20.17:222][532]LogPlayLevel: Display: Destroying online subsystem :Context_7
[2018.12.21-18.21.03:509][517]LogSlate: FSceneViewport::OnFocusLost() reason 0
[2018.12.21-18.21.17:383][798]LogSlate: FSceneViewport::OnFocusLost() reason 0
[2018.12.21-18.21.27:761][763]LogAssetEditorManager: Opening Asset editor for Blueprint /Game/Blueprints/BP_Bodyguard.BP_Bodyguard
[2018.12.21-18.21.39:937][536]BlueprintLog: New page: Compile BP_Bodyguard
[2018.12.21-18.22.10:352][630]LogSlate: Window 'BP_Bodyguard*' being destroyed
[2018.12.21-18.22.25:290][ 88]LogTemp: Repeating last play command: Simulate
[2018.12.21-18.22.25:317][ 88]LogPlayLevel: PlayLevel: No blueprints needed recompiling
[2018.12.21-18.22.25:318][ 88]PIE: New page: SIE session: BaseLevel (21 Dec 2018 18:22:25)
[2018.12.21-18.22.25:318][ 88]LogPlayLevel: Creating play world package: /Game/Levels/UEDPIE_0_BaseLevel
[2018.12.21-18.22.25:325][ 88]LogPlayLevel: PIE: StaticDuplicateObject took: (0.006361s)
[2018.12.21-18.22.25:326][ 88]LogAIModule: Creating AISystem for world BaseLevel
[2018.12.21-18.22.25:326][ 88]LogPlayLevel: PIE: World Init took: (0.001160s)
[2018.12.21-18.22.25:327][ 88]LogPlayLevel: PIE: Created PIE world by copying editor world from /Game/Levels/BaseLevel.BaseLevel to /Game/Levels/UEDPIE_0_BaseLevel.BaseLevel (0.008384s)
[2018.12.21-18.22.25:475][ 88]LogInit: XAudio2 using 'Headphones (4- Turtle Beach Recon 60P)' : 2 channels at 48 kHz using 16 bits per sample (channel mask 0x3)
[2018.12.21-18.22.25:491][ 88]LogInit: FAudioDevice initialized.
[2018.12.21-18.22.25:527][ 88]LogLoad: Game class is 'GM_GAME_C'
[2018.12.21-18.22.25:529][ 88]LogWorld: Bringing World /Game/Levels/UEDPIE_0_BaseLevel.BaseLevel up for play (max tick rate 0) at 2018.12.21-18.22.25
[2018.12.21-18.22.25:530][ 88]LogWorld: Bringing up level for play took: 0.002287
[2018.12.21-18.22.25:545][ 88]PIE: Play in editor start time for /Game/Levels/UEDPIE_0_BaseLevel -0.503
[2018.12.21-18.22.37:852][543]LogSlate: Updating window title bar state: overlay mode, drag disabled, window buttons hidden, title bar hidden
[2018.12.21-18.22.37:894][543]LogPlayLevel: Display: Shutting down PIE online subsystems
[2018.12.21-18.22.38:028][543]LogSlate: Updating window title bar state: overlay mode, drag disabled, window buttons hidden, title bar hidden
[2018.12.21-18.22.38:048][544]LogPlayLevel: Display: Destroying online subsystem :Context_9
