Log file open, 12/21/18 15:14:03
LogWindows: Failed to load 'aqProf.dll' (GetLastError=126)
LogWindows: File 'aqProf.dll' does not exist
LogWindows: Failed to load 'VSPerf140.dll' (GetLastError=126)
LogWindows: File 'VSPerf140.dll' does not exist
LogWindows: Failed to load 'VtuneApi.dll' (GetLastError=126)
LogWindows: File 'VtuneApi.dll' does not exist
LogWindows: Failed to load 'VtuneApi32e.dll' (GetLastError=126)
LogWindows: File 'VtuneApi32e.dll' does not exist
LogInit: Display: Running engine for game: TGP_Project
LogPlatformFile: Not using cached read wrapper
LogTaskGraph: Started task graph with 5 named threads and 14 total threads with 3 sets of task threads.
LogStats: Stats thread started at 0.203406
LogD3D11RHI: Loaded GFSDK_Aftermath_Lib.x64.dll
LogICUInternationalization: Display: ICU TimeZone Detection - Raw Offset: +0:00, Platform Override: ''
LogPluginManager: Mounting plugin Paper2D
LogPluginManager: Mounting plugin AISupport
LogPluginManager: Mounting plugin LightPropagationVolume
LogPluginManager: Mounting plugin CLionSourceCodeAccess
LogPluginManager: Mounting plugin CodeLiteSourceCodeAccess
LogPluginManager: Mounting plugin GitSourceControl
LogPluginManager: Mounting plugin KDevelopSourceCodeAccess
LogPluginManager: Mounting plugin NullSourceCodeAccess
LogPluginManager: Mounting plugin PerforceSourceControl
LogPluginManager: Mounting plugin SubversionSourceControl
LogPluginManager: Mounting plugin UObjectPlugin
LogPluginManager: Mounting plugin VisualStudioCodeSourceCodeAccess
LogPluginManager: Mounting plugin VisualStudioSourceCodeAccess
LogPluginManager: Mounting plugin XCodeSourceCodeAccess
LogPluginManager: Mounting plugin AssetManagerEditor
LogPluginManager: Mounting plugin CryptoKeys
LogPluginManager: Mounting plugin DataValidation
LogPluginManager: Mounting plugin FacialAnimation
LogPluginManager: Mounting plugin GameplayTagsEditor
LogPluginManager: Mounting plugin MacGraphicsSwitching
LogPluginManager: Mounting plugin MeshEditor
LogPluginManager: Mounting plugin MobileLauncherProfileWizard
LogPluginManager: Mounting plugin PluginBrowser
LogPluginManager: Mounting plugin SpeedTreeImporter
LogPluginManager: Mounting plugin DatasmithContent
LogPluginManager: Mounting plugin AlembicImporter
LogPluginManager: Mounting plugin AppleImageUtils
LogPluginManager: Mounting plugin AppleVision
LogPluginManager: Mounting plugin BackChannel
LogPluginManager: Mounting plugin CharacterAI
LogPluginManager: Mounting plugin GeometryCache
LogPluginManager: Mounting plugin HTML5Networking
LogPluginManager: Mounting plugin ProxyLODPlugin
LogPluginManager: Mounting plugin MagicLeap
LogPluginManager: Mounting plugin MagicLeapEmulator
LogPluginManager: Mounting plugin MagicLeapMedia
LogPluginManager: Mounting plugin AndroidMedia
LogPluginManager: Mounting plugin AvfMedia
LogPluginManager: Mounting plugin ImgMedia
LogPluginManager: Mounting plugin LinearTimecode
LogPluginManager: Mounting plugin MediaCompositing
LogPluginManager: Mounting plugin MediaPlayerEditor
LogPluginManager: Mounting plugin WmfMedia
LogPluginManager: Mounting plugin TcpMessaging
LogPluginManager: Mounting plugin UdpMessaging
LogPluginManager: Mounting plugin ActorSequence
LogPluginManager: Mounting plugin LevelSequenceEditor
LogPluginManager: Mounting plugin MatineeToLevelSequence
LogPluginManager: Mounting plugin NetcodeUnitTest
LogPluginManager: Mounting plugin NUTUnrealEngine4
LogPluginManager: Mounting plugin OnlineSubsystemGooglePlay
LogPluginManager: Mounting plugin OnlineSubsystemIOS
LogPluginManager: Mounting plugin OnlineSubsystem
LogPluginManager: Mounting plugin OnlineSubsystemNull
LogPluginManager: Mounting plugin OnlineSubsystemUtils
LogPluginManager: Mounting plugin LauncherChunkInstaller
LogPluginManager: Mounting plugin AndroidDeviceProfileSelector
LogPluginManager: Mounting plugin AndroidMoviePlayer
LogPluginManager: Mounting plugin AndroidPermission
LogPluginManager: Mounting plugin AppleMoviePlayer
LogPluginManager: Mounting plugin ArchVisCharacter
LogPluginManager: Mounting plugin AudioCapture
LogPluginManager: Mounting plugin CableComponent
LogPluginManager: Mounting plugin CustomMeshComponent
LogPluginManager: Mounting plugin EditableMesh
LogPluginManager: Mounting plugin ExampleDeviceProfileSelector
LogPluginManager: Mounting plugin GoogleCloudMessaging
LogPluginManager: Mounting plugin ImmediatePhysics
LogPluginManager: Mounting plugin IOSDeviceProfileSelector
LogPluginManager: Mounting plugin LinuxDeviceProfileSelector
LogPluginManager: Mounting plugin LocationServicesBPLibrary
LogPluginManager: Mounting plugin MobilePatchingUtils
LogPluginManager: Mounting plugin OculusVR
LogPluginManager: Plugin shader directory ../../../Engine/Plugins/Runtime/Oculus/OculusVR/Shaders found
LogPluginManager: Mapping shader source directory ../../../Engine/Plugins/Runtime/Oculus/OculusVR/Shaders to virtual directory /Plugin/OculusVR
LogPluginManager: Mounting plugin PhysXVehicles
LogPluginManager: Mounting plugin ProceduralMeshComponent
LogPluginManager: Mounting plugin RuntimePhysXCooking
LogPluginManager: Mounting plugin SteamVR
LogPluginManager: Mounting plugin WindowsMoviePlayer
LogStreaming: Display: Took  0.146s to configure plugins.
LogInit: Using libcurl 7.55.1-DEV
LogInit:  - built for x86_64-pc-win32
LogInit:  - supports SSL with OpenSSL/1.0.2h
LogInit:  - supports HTTP deflate (compression) using libz 1.2.8
LogInit:  - other features:
LogInit:      CURL_VERSION_SSL
LogInit:      CURL_VERSION_LIBZ
LogInit:      CURL_VERSION_IPV6
LogInit:      CURL_VERSION_ASYNCHDNS
LogInit:      CURL_VERSION_LARGEFILE
LogInit:      CURL_VERSION_IDN
LogInit:  CurlRequestOptions (configurable via config and command line):
LogInit:  - bVerifyPeer = false  - Libcurl will NOT verify peer certificate
LogInit:  - bUseHttpProxy = false  - Libcurl will NOT use HTTP proxy
LogInit:  - bDontReuseConnections = false  - Libcurl will reuse connections
LogInit:  - CertBundlePath = nullptr  - Libcurl will use whatever was configured at build time.
LogInit:  - MaxHostConnections = 16  - Libcurl will limit the number of connections to a host
LogInit:  - LocalHostAddr = Default
LogInit:  - BufferSize = 65536
LogInit: WinSock: version 1.1 (2.2), MaxSocks=32767, MaxUdp=65467
LogInit: Build: ++UE4+Release-4.20-CL-4369336
LogInit: Engine Version: 4.20.3-4369336+++UE4+Release-4.20
LogInit: Compatible Engine Version: 4.20.0-4212847+++UE4+Release-4.20
LogInit: Net CL: 4212847
LogInit: OS: Windows 10 (), CPU: Intel(R) Core(TM) i5-4590 CPU @ 3.30GHz, GPU: NVIDIA GeForce GTX 1060 6GB
LogInit: Compiled (64-bit): Sep 17 2018 12:26:19
LogInit: Compiled with Visual C++: 19.13.26129.00
LogInit: Build Configuration: Development
LogInit: Branch Name: ++UE4+Release-4.20
LogInit: Command Line:  
LogInit: Base Directory: C:/Program Files/Epic Games/UE_4.20/Engine/Binaries/Win64/
LogInit: Installed Engine Build: 1
LogDevObjectVersion: Number of dev versions registered: 20
LogDevObjectVersion:   Dev-Blueprints (B0D832E4-1F89-4F0D-ACCF-7EB736FD4AA2): 10
LogDevObjectVersion:   Dev-Build (E1C64328-A22C-4D53-A36C-8E866417BD8C): 0
LogDevObjectVersion:   Dev-Core (375EC13C-06E4-48FB-B500-84F0262A717E): 2
LogDevObjectVersion:   Dev-Editor (E4B068ED-F494-42E9-A231-DA0B2E46BB41): 24
LogDevObjectVersion:   Dev-Framework (CFFC743F-43B0-4480-9391-14DF171D2073): 34
LogDevObjectVersion:   Dev-Mobile (B02B49B5-BB20-44E9-A304-32B752E40360): 2
LogDevObjectVersion:   Dev-Networking (A4E4105C-59A1-49B5-A7C5-40C4547EDFEE): 0
LogDevObjectVersion:   Dev-Online (39C831C9-5AE6-47DC-9A44-9C173E1C8E7C): 0
LogDevObjectVersion:   Dev-Physics (78F01B33-EBEA-4F98-B9B4-84EACCB95AA2): 0
LogDevObjectVersion:   Dev-Platform (6631380F-2D4D-43E0-8009-CF276956A95A): 0
LogDevObjectVersion:   Dev-Rendering (12F88B9F-8875-4AFC-A67C-D90C383ABD29): 26
LogDevObjectVersion:   Dev-Sequencer (7B5AE74C-D270-4C10-A958-57980B212A5A): 9
LogDevObjectVersion:   Dev-VR (D7296918-1DD6-4BDD-9DE2-64A83CC13884): 2
LogDevObjectVersion:   Dev-LoadTimes (C2A15278-BFE7-4AFE-6C17-90FF531DF755): 1
LogDevObjectVersion:   Private-Geometry (6EACA3D4-40EC-4CC1-B786-8BED09428FC5): 3
LogDevObjectVersion:   Dev-AnimPhys (29E575DD-E0A3-4627-9D10-D276232CDCEA): 17
LogDevObjectVersion:   Dev-ReflectionCapture (6B266CEC-1EC7-4B8F-A30B-E4D90942FC07): 1
LogDevObjectVersion:   Dev-Automation (0DF73D61-A23F-47EA-B727-89E90C41499A): 1
LogDevObjectVersion:   FortniteMain (601D1886-AC64-4F84-AA16-D3DE0DEAC7D6): 12
LogDevObjectVersion:   Dev-Enterprise (9DFFBCD6-494F-0158-E221-12823C92A888): 1
LogStreaming: Display: Took  0.002s to delete old logs.
LogInit: Presizing for max 8388607 objects, including 0 objects not considered by GC, pre-allocating 0 bytes for permanent pool.
LogInit: Object subsystem initialized
[2018.12.21-15.14.03:775][  0]LogInit: Selected Device Profile: [Windows]
[2018.12.21-15.14.03:775][  0]LogInit: Applying CVar settings loaded from the selected device profile: [Windows]
[2018.12.21-15.14.03:798][  0]LogHAL: Display: Platform has ~ 16 GB [17009229824 / 17179869184 / 16], which maps to Larger [LargestMinGB=32, LargerMinGB=12, DefaultMinGB=8, SmallerMinGB=6, SmallestMinGB=0)
[2018.12.21-15.14.03:798][  0]LogInit: Setting Device Profile CVar: [[r.Vulkan.UseRealUBs:1]]
[2018.12.21-15.14.03:798][  0]LogInit: Going up to parent DeviceProfile []
[2018.12.21-15.14.03:799][  0]LogInit: Computer: GROUNDZERO
[2018.12.21-15.14.03:799][  0]LogInit: User: TDSSK
[2018.12.21-15.14.03:799][  0]LogInit: CPU Page size=4096, Cores=4
[2018.12.21-15.14.03:799][  0]LogInit: High frequency timer resolution =3.222648 MHz
[2018.12.21-15.14.03:800][  0]LogMemory: Memory total: Physical=15.8GB (16GB approx)
[2018.12.21-15.14.03:800][  0]LogMemory: Platform Memory Stats for Windows
[2018.12.21-15.14.03:800][  0]LogMemory: Process Physical Memory: 101.23 MB used, 101.23 MB peak
[2018.12.21-15.14.03:800][  0]LogMemory: Process Virtual Memory: 84.60 MB used, 84.60 MB peak
[2018.12.21-15.14.03:800][  0]LogMemory: Physical Memory: 8151.92 MB used,  8069.35 MB free, 16221.27 MB total
[2018.12.21-15.14.03:800][  0]LogMemory: Virtual Memory: 524.47 MB used,  8069.35 MB free, 134217728.00 MB total
[2018.12.21-15.14.03:832][  0]LogInit: Using OS detected language (en-GB).
[2018.12.21-15.14.03:832][  0]LogInit: Using OS detected locale (en-GB).
[2018.12.21-15.14.03:833][  0]LogTextLocalizationManager: No specific localization for 'en-GB' exists, so the 'en' localization will be used.
[2018.12.21-15.14.04:227][  0]LogStreaming: Display: Took  0.394s to InitEngineTextLocalization.
[2018.12.21-15.14.04:227][  0]LogInit: Setting process to per monitor DPI aware
[2018.12.21-15.14.04:261][  0]LogSlate: New Slate User Created.  User Index 0, Is Virtual User: 0
[2018.12.21-15.14.04:261][  0]LogSlate: Slate User Registered.  User Index 0, Is Virtual User: 0
[2018.12.21-15.14.04:499][  0]LogHMD: Failed to initialize OpenVR with code 110
[2018.12.21-15.14.04:499][  0]LogD3D11RHI: D3D11 adapters:
[2018.12.21-15.14.04:579][  0]LogD3D11RHI:    0. 'NVIDIA GeForce GTX 1060 6GB' (Feature Level 11_0)
[2018.12.21-15.14.04:579][  0]LogD3D11RHI:       6052/0/8110 MB DedicatedVideo/DedicatedSystem/SharedSystem, Outputs:1, VendorId:0x10de
[2018.12.21-15.14.04:587][  0]LogD3D11RHI:    1. 'Intel(R) HD Graphics 4600' (Feature Level 11_0)
[2018.12.21-15.14.04:587][  0]LogD3D11RHI:       112/0/2048 MB DedicatedVideo/DedicatedSystem/SharedSystem, Outputs:0, VendorId:0x8086
[2018.12.21-15.14.04:589][  0]LogD3D11RHI:    2. 'Microsoft Basic Render Driver' (Feature Level 11_0)
[2018.12.21-15.14.04:590][  0]LogD3D11RHI:       0/0/8110 MB DedicatedVideo/DedicatedSystem/SharedSystem, Outputs:0, VendorId:0x1414
[2018.12.21-15.14.04:590][  0]LogD3D11RHI: Chosen D3D11 Adapter: 0
[2018.12.21-15.14.04:600][  0]LogD3D11RHI: Creating new Direct3DDevice
[2018.12.21-15.14.04:600][  0]LogD3D11RHI:     GPU DeviceId: 0x1c03 (for the marketing name, search the web for "GPU Device Id")
[2018.12.21-15.14.04:600][  0]LogWindows: EnumDisplayDevices:
[2018.12.21-15.14.04:600][  0]LogWindows:    0. 'NVIDIA GeForce GTX 1060 6GB' (P:1 D:1)
[2018.12.21-15.14.04:601][  0]LogWindows:    1. 'NVIDIA GeForce GTX 1060 6GB' (P:0 D:0)
[2018.12.21-15.14.04:601][  0]LogWindows:    2. 'NVIDIA GeForce GTX 1060 6GB' (P:0 D:0)
[2018.12.21-15.14.04:601][  0]LogWindows:    3. 'NVIDIA GeForce GTX 1060 6GB' (P:0 D:0)
[2018.12.21-15.14.04:602][  0]LogWindows:    4. 'Intel(R) HD Graphics 4600' (P:0 D:0)
[2018.12.21-15.14.04:602][  0]LogWindows:    5. 'Intel(R) HD Graphics 4600' (P:0 D:0)
[2018.12.21-15.14.04:603][  0]LogWindows:    6. 'Intel(R) HD Graphics 4600' (P:0 D:0)
[2018.12.21-15.14.04:603][  0]LogWindows: DebugString: PrimaryIsNotTheChoosenAdapter PrimaryIsNotTheChoosenAdapter PrimaryIsNotTheChoosenAdapter FoundDriverCount:4 
[2018.12.21-15.14.04:603][  0]LogD3D11RHI:     Adapter Name: NVIDIA GeForce GTX 1060 6GB
[2018.12.21-15.14.04:603][  0]LogD3D11RHI:   Driver Version: 397.64 (internal:24.21.13.9764, unified:397.64)
[2018.12.21-15.14.04:603][  0]LogD3D11RHI:      Driver Date: 5-7-2018
[2018.12.21-15.14.04:603][  0]LogRHI: Texture pool is 4236 MB (70% of 6052 MB)
[2018.12.21-15.14.04:652][  0]LogD3D11RHI: Async texture creation enabled
[2018.12.21-15.14.04:706][  0]LogD3D11RHI: GPU Timing Frequency: 1000.000000 (Debug: 2 2)
[2018.12.21-15.14.04:708][  0]LogShaderCompilers: Guid format shader working directory is -2 characters bigger than the processId version (D:/Documents/GitHub/TGP_PairProject/TGP_Project/Intermediate/Shaders/WorkingDirectory/13296/).
[2018.12.21-15.14.04:709][  0]LogShaderCompilers: Cleaned the shader compiler working directory 'C:/Users/TDSSK/AppData/Local/Temp/UnrealShaderWorkingDir/4AFEA2A545A091F5358E199DA92807FA/'.
[2018.12.21-15.14.05:212][  0]LogTemp: Display: Loaded TP AllDesktopTargetPlatform
[2018.12.21-15.14.05:227][  0]LogTemp: Display: Loaded TP MacClientTargetPlatform
[2018.12.21-15.14.05:242][  0]LogTemp: Display: Loaded TP MacNoEditorTargetPlatform
[2018.12.21-15.14.05:257][  0]LogTemp: Display: Loaded TP MacServerTargetPlatform
[2018.12.21-15.14.05:273][  0]LogTemp: Display: Loaded TP MacTargetPlatform
[2018.12.21-15.14.05:288][  0]LogTemp: Display: Loaded TP WindowsClientTargetPlatform
[2018.12.21-15.14.05:302][  0]LogTemp: Display: Loaded TP WindowsNoEditorTargetPlatform
[2018.12.21-15.14.05:318][  0]LogTemp: Display: Loaded TP WindowsServerTargetPlatform
[2018.12.21-15.14.05:326][  0]LogTemp: Display: Loaded TP WindowsTargetPlatform
[2018.12.21-15.14.05:406][  0]LogTemp: Display: Loaded TP AndroidTargetPlatform
[2018.12.21-15.14.05:406][  0]LogTemp: Display: Loaded TP AndroidTargetPlatform
[2018.12.21-15.14.05:406][  0]LogTemp: Display: Loaded TP AndroidTargetPlatform
[2018.12.21-15.14.05:406][  0]LogTemp: Display: Loaded TP AndroidTargetPlatform
[2018.12.21-15.14.05:406][  0]LogTemp: Display: Loaded TP AndroidTargetPlatform
[2018.12.21-15.14.05:406][  0]LogTemp: Display: Loaded TP AndroidTargetPlatform
[2018.12.21-15.14.05:406][  0]LogTemp: Display: Loaded TP AndroidTargetPlatform
[2018.12.21-15.14.05:406][  0]LogTemp: Display: Loaded TP AndroidTargetPlatform
[2018.12.21-15.14.05:406][  0]LogTemp: Display: Loaded TP AndroidTargetPlatform
[2018.12.21-15.14.05:406][  0]LogTemp: Display: Loaded TP AndroidTargetPlatform
[2018.12.21-15.14.05:406][  0]LogTemp: Display: Loaded TP AndroidTargetPlatform
[2018.12.21-15.14.05:406][  0]LogTemp: Display: Loaded TP AndroidTargetPlatform
[2018.12.21-15.14.05:407][  0]LogTemp: Display: Loaded TP AndroidTargetPlatform
[2018.12.21-15.14.05:407][  0]LogTemp: Display: Loaded TP AndroidTargetPlatform
[2018.12.21-15.14.05:407][  0]LogTemp: Display: Loaded TP AndroidTargetPlatform
[2018.12.21-15.14.05:407][  0]LogTemp: Display: Loaded TP AndroidTargetPlatform
[2018.12.21-15.14.05:407][  0]LogTemp: Display: Loaded TP AndroidTargetPlatform
[2018.12.21-15.14.05:407][  0]LogTemp: Display: Loaded TP AndroidTargetPlatform
[2018.12.21-15.14.05:408][  0]LogTemp: Display: Loaded TP HTML5TargetPlatform
[2018.12.21-15.14.05:472][  0]LogTemp: Display: Loaded TP IOSTargetPlatform
[2018.12.21-15.14.05:472][  0]LogTemp: Display: Loaded TP IOSTargetPlatform
[2018.12.21-15.14.05:497][  0]LogTemp: Display: Loaded TP TVOSTargetPlatform
[2018.12.21-15.14.05:497][  0]LogTemp: Display: Loaded TP TVOSTargetPlatform
[2018.12.21-15.14.05:510][  0]LogTemp: Display: Loaded TP LinuxClientTargetPlatform
[2018.12.21-15.14.05:524][  0]LogTemp: Display: Loaded TP LinuxNoEditorTargetPlatform
[2018.12.21-15.14.05:537][  0]LogTemp: Display: Loaded TP LinuxServerTargetPlatform
[2018.12.21-15.14.05:551][  0]LogTemp: Display: Loaded TP LinuxTargetPlatform
[2018.12.21-15.14.05:561][  0]LogTemp: Display: Loaded TP LuminTargetPlatform
[2018.12.21-15.14.05:561][  0]LogTargetPlatformManager: Display: Building Assets For Windows
[2018.12.21-15.14.05:650][  0]LogXGEController: Cleaning working directory: C:/Users/TDSSK/AppData/Local/Temp/UnrealXGEWorkingDir/
[2018.12.21-15.14.05:651][  0]LogXGEController: Cannot use XGE Controller as Incredibuild is not installed on this machine.
[2018.12.21-15.14.05:651][  0]LogShaderCompilers: Cannot use XGE Shader Compiler as Incredibuild is not installed on this machine.
[2018.12.21-15.14.05:651][  0]LogShaderCompilers: Display: Using Local Shader Compiler.
[2018.12.21-15.14.06:572][  0]LogDerivedDataCache: Display: Max Cache Size: 512 MB
[2018.12.21-15.14.06:659][  0]LogDerivedDataCache: Loaded boot cache 0.09s 71MB C:/Users/TDSSK/AppData/Local/UnrealEngine/4.20/DerivedDataCache/Boot.ddc.
[2018.12.21-15.14.06:660][  0]LogDerivedDataCache: Display: Loaded Boot cache: C:/Users/TDSSK/AppData/Local/UnrealEngine/4.20/DerivedDataCache/Boot.ddc
[2018.12.21-15.14.06:660][  0]LogDerivedDataCache: FDerivedDataBackendGraph:  Pak pak cache file D:/Documents/GitHub/TGP_PairProject/TGP_Project/DerivedDataCache/DDC.ddp not found, will not use a pak cache.
[2018.12.21-15.14.06:660][  0]LogDerivedDataCache: Unable to find inner node Pak for hierarchical cache Hierarchy.
[2018.12.21-15.14.06:660][  0]LogDerivedDataCache: FDerivedDataBackendGraph:  CompressedPak pak cache file D:/Documents/GitHub/TGP_PairProject/TGP_Project/DerivedDataCache/Compressed.ddp not found, will not use a pak cache.
[2018.12.21-15.14.06:660][  0]LogDerivedDataCache: Unable to find inner node CompressedPak for hierarchical cache Hierarchy.
[2018.12.21-15.14.06:673][  0]LogDerivedDataCache: Display: Pak cache opened for reading ../../../Engine/DerivedDataCache/Compressed.ddp.
[2018.12.21-15.14.06:686][  0]LogDerivedDataCache: Using Local data cache path C:/Users/TDSSK/AppData/Local/UnrealEngine/Common/DerivedDataCache: Writable
[2018.12.21-15.14.06:686][  0]LogDerivedDataCache: Shared data cache path not found in *engine.ini, will not use an Shared cache.
[2018.12.21-15.14.06:686][  0]LogDerivedDataCache: Unable to find inner node Shared for hierarchical cache Hierarchy.
[2018.12.21-15.14.06:704][  0]LogMaterial: Verifying Global Shaders for PCD3D_SM5
[2018.12.21-15.14.06:706][  0]LogSlate: Using FreeType 2.6.0
[2018.12.21-15.14.06:707][  0]LogSlate: SlateFontServices - WITH_FREETYPE: 1, WITH_HARFBUZZ: 1
[2018.12.21-15.14.06:810][  0]LogAssetRegistry: FAssetRegistry took 0.0271 seconds to start up
[2018.12.21-15.14.07:132][  0]LogInit: Selected Device Profile: [Windows]
[2018.12.21-15.14.07:282][  0]LogSimplygon: Simplygon DLL not present - disabling.
[2018.12.21-15.14.07:287][  0]LogMeshReduction: Using SimplygonSwarm for distributed automatic mesh merging
[2018.12.21-15.14.07:287][  0]LogMeshReduction: Using ProxyLODMeshReduction for automatic mesh merging
[2018.12.21-15.14.07:287][  0]LogMeshReduction: Using QuadricMeshReduction for automatic static mesh reduction
[2018.12.21-15.14.07:287][  0]LogMeshReduction: No automatic skeletal mesh reduction module available
[2018.12.21-15.14.07:301][  0]LogNetVersion: TGP_Project 1.0.0, NetCL: 4212847, EngineNetVer: 5, GameNetVer: 0 (Checksum: 95638710)
[2018.12.21-15.14.07:945][  0]LogPackageLocalizationCache: Processed 11 localized package path(s) for 2 prioritized culture(s) in 0.084768 seconds
[2018.12.21-15.14.07:951][  0]LogUObjectArray: 38425 objects as part of root set at end of initial load.
[2018.12.21-15.14.07:951][  0]LogUObjectAllocator: 6690864 out of 0 bytes used by permanent object pool.
[2018.12.21-15.14.07:951][  0]LogUObjectArray: CloseDisregardForGC: 0/0 objects in disregard for GC pool
[2018.12.21-15.14.09:641][  0]LogTcpMessaging: Initializing TcpMessaging bridge
[2018.12.21-15.14.09:654][  0]LogUdpMessaging: Initializing bridge on interface 0.0.0.0:0 to multicast group 230.0.0.1:6666.
[2018.12.21-15.14.09:823][  0]SourceControl: Source control is disabled
[2018.12.21-15.14.09:823][  0]SourceControl: Source control is disabled
[2018.12.21-15.14.09:825][  0]SourceControl: Source control is disabled
[2018.12.21-15.14.09:826][  0]SourceControl: Source control is disabled
[2018.12.21-15.14.10:017][  0]LogAndroidPermission: UAndroidPermissionCallbackProxy::GetInstance
[2018.12.21-15.14.10:228][  0]LogOcInput: OculusInput pre-init called
[2018.12.21-15.14.10:295][  0]LogEngine: Initializing Engine...
[2018.12.21-15.14.10:296][  0]LogHMD: Failed to initialize OpenVR with code 110
[2018.12.21-15.14.10:298][  0]LogStats: UGameplayTagsManager::ConstructGameplayTagTree: ImportINI prefixes -  0.000 s
[2018.12.21-15.14.10:298][  0]LogStats: UGameplayTagsManager::ConstructGameplayTagTree: Construct from data asset -  0.000 s
[2018.12.21-15.14.10:298][  0]LogStats: UGameplayTagsManager::ConstructGameplayTagTree: ImportINI -  0.000 s
[2018.12.21-15.14.10:298][  0]LogStats: UGameplayTagsManager::ConstructGameplayTagTree: GameplayTagTreeChangedEvent.Broadcast -  0.000 s
[2018.12.21-15.14.10:536][  0]LogInit: Initializing FReadOnlyCVARCache
[2018.12.21-15.14.10:560][  0]LogAIModule: Creating AISystem for world Untitled
[2018.12.21-15.14.10:765][  0]LogInit: XAudio2 using 'Speakers (Realtek High Definition Audio)' : 2 channels at 48 kHz using 32 bits per sample (channel mask 0x3)
[2018.12.21-15.14.10:832][  0]LogInit: FAudioDevice initialized.
[2018.12.21-15.14.10:832][  0]LogNetVersion: Set ProjectVersion to 1.0.0.0. Version Checksum will be recalculated on next use.
[2018.12.21-15.14.11:029][  0]LogDerivedDataCache: Saved boot cache 0.20s 71MB C:/Users/TDSSK/AppData/Local/UnrealEngine/4.20/DerivedDataCache/Boot.ddc.
[2018.12.21-15.14.11:030][  0]LogInit: Texture streaming: Enabled
[2018.12.21-15.14.11:055][  0]LogEngineSessionManager: EngineSessionManager initialized
[2018.12.21-15.14.11:077][  0]LogInit: Transaction tracking system initialized
[2018.12.21-15.14.11:115][  0]BlueprintLog: New page: Editor Load
[2018.12.21-15.14.11:226][  0]LocalizationService: Localization service is disabled
[2018.12.21-15.14.11:544][  0]LogCook: Display: Max memory allowance for cook 16384mb min free memory 0mb
[2018.12.21-15.14.11:544][  0]LogCook: Display: Mobile HDR setting 1
[2018.12.21-15.14.11:544][  0]LogGameplayTags: Display: UGameplayTagsManager::DoneAddingNativeTags. DelegateIsBound: 0
[2018.12.21-15.14.11:544][  0]LogStats: UGameplayTagsManager::ConstructGameplayTagTree: ImportINI prefixes -  0.000 s
[2018.12.21-15.14.11:544][  0]LogStats: UGameplayTagsManager::ConstructGameplayTagTree: Construct from data asset -  0.000 s
[2018.12.21-15.14.11:544][  0]LogStats: UGameplayTagsManager::ConstructGameplayTagTree: ImportINI -  0.000 s
[2018.12.21-15.14.11:545][  0]LogStats: UGameplayTagsManager::ConstructGameplayTagTree: GameplayTagTreeChangedEvent.Broadcast -  0.000 s
[2018.12.21-15.14.11:703][  0]LogFileCache: Scanning file cache for directory 'D:/Documents/GitHub/TGP_PairProject/TGP_Project/Content/' took 0.01s
[2018.12.21-15.14.11:703][  0]SourceControl: Source control is disabled
[2018.12.21-15.14.11:703][  0]Cmd: MAP LOAD FILE="D:/Documents/GitHub/TGP_PairProject/TGP_Project/Content/Levels/BaseLevel.umap" TEMPLATE=0 SHOWPROGRESS=1 FEATURELEVEL=3
[2018.12.21-15.14.11:705][  0]LightingResults: New page: Lighting Build
[2018.12.21-15.14.11:709][  0]MapCheck: New page: Map Check
[2018.12.21-15.14.11:709][  0]LightingResults: New page: Lighting Build
[2018.12.21-15.14.11:907][  0]LogAIModule: Creating AISystem for world BaseLevel
[2018.12.21-15.14.11:913][  0]LogEditorServer: Finished looking for orphan Actors (0.000 secs)
[2018.12.21-15.14.11:936][  0]Cmd: MAP CHECKDEP NOCLEARLOG
[2018.12.21-15.14.12:154][  0]MapCheck: Map check complete: 0 Error(s), 0 Warning(s), took 218.537ms to complete.
[2018.12.21-15.14.12:154][  0]LogFileHelpers: Loading map 'BaseLevel' took 0.451
[2018.12.21-15.14.12:258][  0]LogSlate: Updating window title bar state: overlay mode, drag disabled, window buttons hidden, title bar hidden
[2018.12.21-15.14.12:273][  0]LogSlate: Updating window title bar state: overlay mode, drag disabled, window buttons hidden, title bar hidden
[2018.12.21-15.14.12:284][  0]LogSlate: Updating window title bar state: overlay mode, drag disabled, window buttons hidden, title bar hidden
[2018.12.21-15.14.12:294][  0]LogSlate: Updating window title bar state: overlay mode, drag disabled, window buttons hidden, title bar hidden
[2018.12.21-15.14.12:303][  0]LogCollectionManager: Loaded 0 collections in 0.002626 seconds
[2018.12.21-15.14.12:344][  0]LogFileCache: Scanning file cache for directory 'D:/Documents/GitHub/TGP_PairProject/TGP_Project/Saved/Collections/' took 0.01s
[2018.12.21-15.14.12:344][  0]LogFileCache: Scanning file cache for directory 'D:/Documents/GitHub/TGP_PairProject/TGP_Project/Content/Developers/TDSSK/Collections/' took 0.01s
[2018.12.21-15.14.12:344][  0]LogFileCache: Scanning file cache for directory 'D:/Documents/GitHub/TGP_PairProject/TGP_Project/Content/Collections/' took 0.01s
[2018.12.21-15.14.12:344][  0]LogCollectionManager: Rebuilt the GUID cache for 0 collections in 0.000000 seconds
[2018.12.21-15.14.12:354][  0]LogContentBrowser: Native class hierarchy populated in 0.0097 seconds. Added 2586 classes and 606 folders.
[2018.12.21-15.14.12:363][  0]LogContentBrowser: Native class hierarchy updated for 'WidgetCarousel' in 0.0003 seconds. Added 0 classes and 0 folders.
[2018.12.21-15.14.12:443][  0]LogContentBrowser: Native class hierarchy updated for 'AddContentDialog' in 0.0003 seconds. Added 0 classes and 0 folders.
[2018.12.21-15.14.12:450][  0]LogContentBrowser: Native class hierarchy updated for 'SceneOutliner' in 0.0003 seconds. Added 1 classes and 2 folders.
[2018.12.21-15.14.12:467][  0]LogSlate: Took 0.000912 seconds to synchronously load lazily loaded font '../../../Engine/Content/Slate/Fonts/Roboto-Regular.ttf' (155K)
[2018.12.21-15.14.12:469][  0]LogSlate: Took 0.000894 seconds to synchronously load lazily loaded font '../../../Engine/Content/Slate/Fonts/Roboto-Bold.ttf' (160K)
[2018.12.21-15.14.12:475][  0]LogSlate: Took 0.001309 seconds to synchronously load lazily loaded font '../../../Engine/Content/Editor/Slate/Fonts/FontAwesome.ttf' (139K)
[2018.12.21-15.14.12:564][  0]LogRenderer: Reallocating scene render targets to support 1208x600 Format 10 NumSamples 1 (Frame:1).
[2018.12.21-15.14.12:632][  0]LogSlate: Took 0.001134 seconds to synchronously load lazily loaded font '../../../Engine/Content/Slate/Fonts/Roboto-Light.ttf' (167K)
[2018.12.21-15.14.12:825][  0]LogContentBrowser: Native class hierarchy updated for 'HierarchicalLODOutliner' in 0.0003 seconds. Added 0 classes and 0 folders.
[2018.12.21-15.14.12:826][  0]LogLoad: (Engine Initialization) Total time: 11.17 seconds
[2018.12.21-15.14.12:826][  0]LogLoad: (Engine Initialization) Total Blueprint compile time: 0.00 seconds
[2018.12.21-15.14.12:836][  0]LogWindowsTextInputMethodSystem: Display: IME system now deactivated.
[2018.12.21-15.14.12:894][  0]LogContentStreaming: Texture pool size now 1000 MB
[2018.12.21-15.14.12:929][  1]LogFileCache: Retrieving MD5 hashes for directory 'D:/Documents/GitHub/TGP_PairProject/TGP_Project/Content/' took 0.08s
[2018.12.21-15.14.12:941][  1]LogAssetRegistry: Asset discovery search completed in 6.1535 seconds
[2018.12.21-15.14.12:943][  1]LogCollectionManager: Rebuilt the object cache for 0 collections in 0.000000 seconds (found 0 objects)
[2018.12.21-15.14.12:943][  1]LogCollectionManager: Fixed up redirectors for 0 collections in 0.000053 seconds (updated 0 objects)
[2018.12.21-15.14.13:859][107]LogSlate: Took 0.000530 seconds to synchronously load lazily loaded font '../../../Engine/Content/Slate/Fonts/Roboto-Light.ttf' (167K)
[2018.12.21-15.42.45:357][965]LogSlate: FSceneViewport::OnFocusLost() reason 0
[2018.12.21-15.42.45:999][ 42]LogSlate: FSceneViewport::OnFocusLost() reason 0
[2018.12.21-15.43.46:149][194]LogAssetEditorManager: Opening Asset editor for WidgetBlueprint /Game/Widget_Time.Widget_Time
[2018.12.21-15.43.46:676][194]LogContentBrowser: Native class hierarchy updated for 'BlueprintGraph' in 0.0007 seconds. Added 116 classes and 0 folders.
[2018.12.21-15.43.47:513][194]LogSlate: Took 0.000290 seconds to synchronously load lazily loaded font '../../../Engine/Content/Slate/Fonts/Roboto-BoldCondensed.ttf' (158K)
[2018.12.21-15.44.34:231][497]LogSlate: Took 0.594083 seconds to synchronously load lazily loaded font '../../../Engine/Content/Slate/Fonts/Roboto-BoldCondensedItalic.ttf' (160K)
[2018.12.21-15.44.53:128][418]LogSlate: Took 2.086199 seconds to synchronously load lazily loaded font '../../../Engine/Content/Slate/Fonts/DroidSansFallback.ttf' (3848K)
[2018.12.21-15.45.20:374][407]LogFileHelpers: Editor autosave (incl. sublevels) for '/Game/Levels/BaseLevel' took 0.031
[2018.12.21-15.45.20:375][407]OBJ SavePackage: Generating thumbnails for [0] asset(s) in package [/Game/Widget_Time] ([1] browsable assets)...
[2018.12.21-15.45.20:375][407]OBJ SavePackage: Finished generating thumbnails for package [/Game/Widget_Time]
[2018.12.21-15.45.20:375][407]Cmd: OBJ SAVEPACKAGE PACKAGE="/Game/Widget_Time" FILE="D:/Documents/GitHub/TGP_PairProject/TGP_Project/Saved/Autosaves/Game/Widget_Time_Auto1.uasset" SILENT=false AUTOSAVING=true
[2018.12.21-15.45.20:397][407]LogSavePackage: Moving 'D:/Documents/GitHub/TGP_PairProject/TGP_Project/Saved/Widget_Time_Auto192A0B2DA468FD706E194CBA4600E34D2.tmp' to 'D:/Documents/GitHub/TGP_PairProject/TGP_Project/Saved/Autosaves/Game/Widget_Time_Auto1.uasset'
[2018.12.21-15.45.20:398][407]LogFileHelpers: Auto-saving content packages took 0.024
[2018.12.21-15.45.47:264][898]LogSlate: Took 0.000333 seconds to synchronously load lazily loaded font '../../../Engine/Content/Slate/Fonts/Roboto-Italic.ttf' (157K)
[2018.12.21-15.46.49:151][152]BlueprintLog: New page: Compile Widget_Time
[2018.12.21-15.46.50:094][242]Cmd: OBJ SAVEPACKAGE PACKAGE="/Game/Widget_Time" FILE="D:/Documents/GitHub/TGP_PairProject/TGP_Project/Content/Widget_Time.uasset" SILENT=true
[2018.12.21-15.46.50:122][242]LogSavePackage: Moving 'D:/Documents/GitHub/TGP_PairProject/TGP_Project/Saved/Widget_TimeA2D8B19E45F4B030159D8586AE9BE491.tmp' to 'D:/Documents/GitHub/TGP_PairProject/TGP_Project/Content/Widget_Time.uasset'
[2018.12.21-15.46.51:259][375]LogSlate: Window 'Widget_Time' being destroyed
[2018.12.21-15.46.56:496][  3]LogTemp: Repeating last play command: Selected Viewport
[2018.12.21-15.46.56:517][  3]LogPlayLevel: PlayLevel: No blueprints needed recompiling
[2018.12.21-15.46.56:530][  3]PIE: New page: PIE session: BaseLevel (21 Dec 2018 15:46:56)
[2018.12.21-15.46.56:530][  3]LogPlayLevel: Creating play world package: /Game/Levels/UEDPIE_0_BaseLevel
[2018.12.21-15.46.56:533][  3]LogPlayLevel: PIE: StaticDuplicateObject took: (0.003517s)
[2018.12.21-15.46.56:534][  3]LogAIModule: Creating AISystem for world BaseLevel
[2018.12.21-15.46.56:534][  3]LogPlayLevel: PIE: World Init took: (0.000712s)
[2018.12.21-15.46.56:534][  3]LogPlayLevel: PIE: Created PIE world by copying editor world from /Game/Levels/BaseLevel.BaseLevel to /Game/Levels/UEDPIE_0_BaseLevel.BaseLevel (0.004520s)
[2018.12.21-15.46.56:590][  3]LogInit: XAudio2 using 'Speakers (Realtek High Definition Audio)' : 2 channels at 48 kHz using 32 bits per sample (channel mask 0x3)
[2018.12.21-15.46.56:613][  3]LogInit: FAudioDevice initialized.
[2018.12.21-15.46.56:653][  3]LogLoad: Game class is 'GM_GAME_C'
[2018.12.21-15.46.56:654][  3]LogWorld: Bringing World /Game/Levels/UEDPIE_0_BaseLevel.BaseLevel up for play (max tick rate 0) at 2018.12.21-15.46.56
[2018.12.21-15.46.56:656][  3]LogWorld: Bringing up level for play took: 0.002002
[2018.12.21-15.46.56:700][  3]LogContentBrowser: Native class hierarchy updated for 'MovieSceneCapture' in 0.0004 seconds. Added 10 classes and 0 folders.
[2018.12.21-15.46.56:726][  3]PIE: Play in editor start time for /Game/Levels/UEDPIE_0_BaseLevel -0.442
[2018.12.21-15.46.57:832][132]LogBlueprintUserMessages: [EntranceToRestictedArea_2] yeet
[2018.12.21-15.46.57:898][140]LogBlueprintUserMessages: [EntranceToRestictedArea_2] yeet
[2018.12.21-15.46.58:265][184]LogBlueprintUserMessages: [EntranceToRestictedArea_2] yeet
[2018.12.21-15.46.58:282][186]LogBlueprintUserMessages: [EntranceToRestictedArea_2] yeet
[2018.12.21-15.46.58:332][192]LogBlueprintUserMessages: [EntranceToRestictedArea_2] yeet
[2018.12.21-15.46.58:341][193]LogBlueprintUserMessages: [EntranceToRestictedArea_2] yeet
[2018.12.21-15.47.00:016][394]LogBlueprintUserMessages: [EntranceToRestictedArea_2] yeet
[2018.12.21-15.47.00:082][402]LogBlueprintUserMessages: [EntranceToRestictedArea_2] yeet
[2018.12.21-15.47.00:225][419]LogSlate: Updating window title bar state: overlay mode, drag disabled, window buttons hidden, title bar hidden
[2018.12.21-15.47.00:256][419]LogPlayLevel: Display: Shutting down PIE online subsystems
[2018.12.21-15.47.00:286][419]LogSlate: Updating window title bar state: overlay mode, drag disabled, window buttons hidden, title bar hidden
[2018.12.21-15.47.00:329][423]LogPlayLevel: Display: Destroying online subsystem :Context_6
[2018.12.21-15.47.00:729][471]LogSlate: FSceneViewport::OnFocusLost() reason 0
[2018.12.21-15.47.11:059][708]BlueprintLog: New page: Compile Widget_Time
[2018.12.21-15.47.12:705][899]LogTemp: Repeating last play command: Selected Viewport
[2018.12.21-15.47.12:724][899]LogPlayLevel: PlayLevel: No blueprints needed recompiling
[2018.12.21-15.47.12:725][899]PIE: New page: PIE session: BaseLevel (21 Dec 2018 15:47:12)
[2018.12.21-15.47.12:725][899]LogPlayLevel: Creating play world package: /Game/Levels/UEDPIE_0_BaseLevel
[2018.12.21-15.47.12:728][899]LogPlayLevel: PIE: StaticDuplicateObject took: (0.003003s)
[2018.12.21-15.47.12:728][899]LogAIModule: Creating AISystem for world BaseLevel
[2018.12.21-15.47.12:728][899]LogPlayLevel: PIE: World Init took: (0.000579s)
[2018.12.21-15.47.12:728][899]LogPlayLevel: PIE: Created PIE world by copying editor world from /Game/Levels/BaseLevel.BaseLevel to /Game/Levels/UEDPIE_0_BaseLevel.BaseLevel (0.003693s)
[2018.12.21-15.47.12:786][899]LogInit: XAudio2 using 'Speakers (Realtek High Definition Audio)' : 2 channels at 48 kHz using 32 bits per sample (channel mask 0x3)
[2018.12.21-15.47.12:807][899]LogInit: FAudioDevice initialized.
[2018.12.21-15.47.12:840][899]LogLoad: Game class is 'GM_GAME_C'
[2018.12.21-15.47.12:841][899]LogWorld: Bringing World /Game/Levels/UEDPIE_0_BaseLevel.BaseLevel up for play (max tick rate 0) at 2018.12.21-15.47.12
[2018.12.21-15.47.12:842][899]LogWorld: Bringing up level for play took: 0.001286
[2018.12.21-15.47.12:856][899]PIE: Play in editor start time for /Game/Levels/UEDPIE_0_BaseLevel -0.313
[2018.12.21-15.47.14:388][ 82]LogBlueprintUserMessages: [EntranceToRestictedArea_2] yeet
[2018.12.21-15.47.14:446][ 89]LogBlueprintUserMessages: [EntranceToRestictedArea_2] yeet
[2018.12.21-15.47.16:630][351]LogBlueprintUserMessages: [EntranceToRestictedArea_2] yeet
[2018.12.21-15.47.16:688][358]LogBlueprintUserMessages: [EntranceToRestictedArea_2] yeet
[2018.12.21-15.47.17:296][431]LogSlate: FSceneViewport::OnFocusLost() reason 0
[2018.12.21-15.47.17:364][439]LogSlate: Updating window title bar state: overlay mode, drag disabled, window buttons hidden, title bar hidden
[2018.12.21-15.47.17:395][439]LogPlayLevel: Display: Shutting down PIE online subsystems
[2018.12.21-15.47.17:424][439]LogSlate: Updating window title bar state: overlay mode, drag disabled, window buttons hidden, title bar hidden
[2018.12.21-15.47.17:464][443]LogPlayLevel: Display: Destroying online subsystem :Context_7
[2018.12.21-15.47.25:742][241]LogSlate: Window 'Change Variable Type' being destroyed
[2018.12.21-15.47.28:441][548]LogSlate: Window 'Find in Blueprints' being destroyed
[2018.12.21-15.47.28:445][548]LogSlate: Window 'Find in Blueprints' being destroyed
[2018.12.21-15.47.56:856][943]BlueprintLog: New page: Compile Widget_Time
[2018.12.21-15.47.57:517][ 16]LogTemp: Repeating last play command: Selected Viewport
[2018.12.21-15.47.57:538][ 16]LogPlayLevel: PlayLevel: No blueprints needed recompiling
[2018.12.21-15.47.57:538][ 16]PIE: New page: PIE session: BaseLevel (21 Dec 2018 15:47:57)
[2018.12.21-15.47.57:538][ 16]LogPlayLevel: Creating play world package: /Game/Levels/UEDPIE_0_BaseLevel
[2018.12.21-15.47.57:541][ 16]LogPlayLevel: PIE: StaticDuplicateObject took: (0.003056s)
[2018.12.21-15.47.57:542][ 16]LogAIModule: Creating AISystem for world BaseLevel
[2018.12.21-15.47.57:542][ 16]LogPlayLevel: PIE: World Init took: (0.000629s)
[2018.12.21-15.47.57:542][ 16]LogPlayLevel: PIE: Created PIE world by copying editor world from /Game/Levels/BaseLevel.BaseLevel to /Game/Levels/UEDPIE_0_BaseLevel.BaseLevel (0.003804s)
[2018.12.21-15.47.57:600][ 16]LogInit: XAudio2 using 'Speakers (Realtek High Definition Audio)' : 2 channels at 48 kHz using 32 bits per sample (channel mask 0x3)
[2018.12.21-15.47.57:622][ 16]LogInit: FAudioDevice initialized.
[2018.12.21-15.47.57:629][ 16]LogSlate: Updating window title bar state: overlay mode, drag disabled, window buttons hidden, title bar hidden
[2018.12.21-15.47.57:662][ 16]LogLoad: Game class is 'GM_GAME_C'
[2018.12.21-15.47.57:664][ 16]LogWorld: Bringing World /Game/Levels/UEDPIE_0_BaseLevel.BaseLevel up for play (max tick rate 0) at 2018.12.21-15.47.57
[2018.12.21-15.47.57:665][ 16]LogWorld: Bringing up level for play took: 0.001530
[2018.12.21-15.47.57:680][ 16]PIE: Play in editor start time for /Game/Levels/UEDPIE_0_BaseLevel 0.511
[2018.12.21-15.47.57:694][ 16]LogRenderer: Reallocating scene render targets to support 1292x756 Format 10 NumSamples 1 (Frame:1).
[2018.12.21-15.47.58:771][141]LogBlueprintUserMessages: [EntranceToRestictedArea_2] yeet
[2018.12.21-15.47.58:829][148]LogBlueprintUserMessages: [EntranceToRestictedArea_2] yeet
[2018.12.21-15.47.59:221][195]LogBlueprintUserMessages: [EntranceToRestictedArea_2] yeet
[2018.12.21-15.47.59:237][197]LogBlueprintUserMessages: [EntranceToRestictedArea_2] yeet
[2018.12.21-15.47.59:279][202]LogBlueprintUserMessages: [EntranceToRestictedArea_2] yeet
[2018.12.21-15.47.59:304][205]LogBlueprintUserMessages: [EntranceToRestictedArea_2] yeet
[2018.12.21-15.48.05:306][925]LogSlate: Updating window title bar state: overlay mode, drag disabled, window buttons hidden, title bar hidden
[2018.12.21-15.48.05:324][925]LogSlate: Window 'TGP_Project Game Preview Standalone (64-bit/PCD3D_SM5)' being destroyed
[2018.12.21-15.48.05:354][925]LogPlayLevel: Display: Shutting down PIE online subsystems
[2018.12.21-15.48.05:405][927]LogPlayLevel: Display: Destroying online subsystem :Context_8
[2018.12.21-15.48.27:447][543]BlueprintLog: New page: Compile Widget_Time
[2018.12.21-15.48.28:149][621]LogTemp: Repeating last play command: Selected Viewport
[2018.12.21-15.48.28:168][621]LogPlayLevel: PlayLevel: No blueprints needed recompiling
[2018.12.21-15.48.28:169][621]PIE: New page: PIE session: BaseLevel (21 Dec 2018 15:48:28)
[2018.12.21-15.48.28:169][621]LogPlayLevel: Creating play world package: /Game/Levels/UEDPIE_0_BaseLevel
[2018.12.21-15.48.28:172][621]LogPlayLevel: PIE: StaticDuplicateObject took: (0.003120s)
[2018.12.21-15.48.28:172][621]LogAIModule: Creating AISystem for world BaseLevel
[2018.12.21-15.48.28:173][621]LogPlayLevel: PIE: World Init took: (0.000705s)
[2018.12.21-15.48.28:173][621]LogPlayLevel: PIE: Created PIE world by copying editor world from /Game/Levels/BaseLevel.BaseLevel to /Game/Levels/UEDPIE_0_BaseLevel.BaseLevel (0.003978s)
[2018.12.21-15.48.28:228][621]LogInit: XAudio2 using 'Speakers (Realtek High Definition Audio)' : 2 channels at 48 kHz using 32 bits per sample (channel mask 0x3)
[2018.12.21-15.48.28:250][621]LogInit: FAudioDevice initialized.
[2018.12.21-15.48.28:257][621]LogSlate: Updating window title bar state: overlay mode, drag disabled, window buttons hidden, title bar hidden
[2018.12.21-15.48.28:291][621]LogLoad: Game class is 'GM_GAME_C'
[2018.12.21-15.48.28:292][621]LogWorld: Bringing World /Game/Levels/UEDPIE_0_BaseLevel.BaseLevel up for play (max tick rate 0) at 2018.12.21-15.48.28
[2018.12.21-15.48.28:293][621]LogWorld: Bringing up level for play took: 0.001419
[2018.12.21-15.48.28:307][621]PIE: Play in editor start time for /Game/Levels/UEDPIE_0_BaseLevel 1.139
[2018.12.21-15.48.29:404][749]LogBlueprintUserMessages: [EntranceToRestictedArea_2] yeet
[2018.12.21-15.48.29:470][757]LogBlueprintUserMessages: [EntranceToRestictedArea_2] yeet
[2018.12.21-15.48.29:837][801]LogBlueprintUserMessages: [EntranceToRestictedArea_2] yeet
[2018.12.21-15.48.29:854][803]LogBlueprintUserMessages: [EntranceToRestictedArea_2] yeet
[2018.12.21-15.48.29:896][808]LogBlueprintUserMessages: [EntranceToRestictedArea_2] yeet
[2018.12.21-15.48.29:920][811]LogBlueprintUserMessages: [EntranceToRestictedArea_2] yeet
[2018.12.21-15.48.31:430][992]LogSlate: Updating window title bar state: overlay mode, drag disabled, window buttons hidden, title bar hidden
[2018.12.21-15.48.31:448][992]LogSlate: Window 'TGP_Project Game Preview Standalone (64-bit/PCD3D_SM5)' being destroyed
[2018.12.21-15.48.31:482][992]LogPlayLevel: Display: Shutting down PIE online subsystems
[2018.12.21-15.48.31:533][994]LogPlayLevel: Display: Destroying online subsystem :Context_9
[2018.12.21-15.51.24:491][536]BlueprintLog: New page: Compile Widget_Time
[2018.12.21-15.51.25:111][603]LogTemp: Repeating last play command: Selected Viewport
[2018.12.21-15.51.25:131][603]LogPlayLevel: PlayLevel: No blueprints needed recompiling
[2018.12.21-15.51.25:131][603]PIE: New page: PIE session: BaseLevel (21 Dec 2018 15:51:25)
[2018.12.21-15.51.25:131][603]LogPlayLevel: Creating play world package: /Game/Levels/UEDPIE_0_BaseLevel
[2018.12.21-15.51.25:134][603]LogPlayLevel: PIE: StaticDuplicateObject took: (0.003051s)
[2018.12.21-15.51.25:135][603]LogAIModule: Creating AISystem for world BaseLevel
[2018.12.21-15.51.25:135][603]LogPlayLevel: PIE: World Init took: (0.000700s)
[2018.12.21-15.51.25:135][603]LogPlayLevel: PIE: Created PIE world by copying editor world from /Game/Levels/BaseLevel.BaseLevel to /Game/Levels/UEDPIE_0_BaseLevel.BaseLevel (0.003871s)
[2018.12.21-15.51.25:190][603]LogInit: XAudio2 using 'Speakers (Realtek High Definition Audio)' : 2 channels at 48 kHz using 32 bits per sample (channel mask 0x3)
[2018.12.21-15.51.25:214][603]LogInit: FAudioDevice initialized.
[2018.12.21-15.51.25:223][603]LogSlate: Updating window title bar state: overlay mode, drag disabled, window buttons hidden, title bar hidden
[2018.12.21-15.51.25:255][603]LogLoad: Game class is 'GM_GAME_C'
[2018.12.21-15.51.25:257][603]LogWorld: Bringing World /Game/Levels/UEDPIE_0_BaseLevel.BaseLevel up for play (max tick rate 0) at 2018.12.21-15.51.25
[2018.12.21-15.51.25:258][603]LogWorld: Bringing up level for play took: 0.001884
[2018.12.21-15.51.25:274][603]PIE: Play in editor start time for /Game/Levels/UEDPIE_0_BaseLevel 0.105
[2018.12.21-15.51.26:392][733]LogBlueprintUserMessages: [EntranceToRestictedArea_2] yeet
[2018.12.21-15.51.26:458][741]LogBlueprintUserMessages: [EntranceToRestictedArea_2] yeet
[2018.12.21-15.51.26:809][783]LogBlueprintUserMessages: [EntranceToRestictedArea_2] yeet
[2018.12.21-15.51.26:867][790]LogBlueprintUserMessages: [EntranceToRestictedArea_2] yeet
[2018.12.21-15.51.27:050][812]LogBlueprintUserMessages: [EntranceToRestictedArea_2] yeet
[2018.12.21-15.51.27:109][819]LogBlueprintUserMessages: [EntranceToRestictedArea_2] yeet
[2018.12.21-15.51.27:342][847]LogBlueprintUserMessages: [EntranceToRestictedArea_2] yeet
[2018.12.21-15.51.27:384][852]LogBlueprintUserMessages: [EntranceToRestictedArea2] yeet
[2018.12.21-15.51.27:400][854]LogBlueprintUserMessages: [EntranceToRestictedArea_2] yeet
[2018.12.21-15.51.29:651][124]LogBlueprintUserMessages: [EntranceToRestictedArea_2] yeet
[2018.12.21-15.51.29:709][131]LogBlueprintUserMessages: [EntranceToRestictedArea_2] yeet
[2018.12.21-15.52.32:169][621]LogSlate: Updating window title bar state: overlay mode, drag disabled, window buttons hidden, title bar hidden
[2018.12.21-15.52.32:188][621]LogSlate: Window 'TGP_Project Game Preview Standalone (64-bit/PCD3D_SM5)' being destroyed
[2018.12.21-15.52.32:220][621]LogPlayLevel: Display: Shutting down PIE online subsystems
[2018.12.21-15.52.32:273][623]LogPlayLevel: Display: Destroying online subsystem :Context_10
[2018.12.21-15.52.58:839][800]BlueprintLog: New page: Compile Widget_Time
[2018.12.21-15.52.59:379][857]LogTemp: Repeating last play command: Selected Viewport
[2018.12.21-15.52.59:399][857]LogPlayLevel: PlayLevel: No blueprints needed recompiling
[2018.12.21-15.52.59:399][857]PIE: New page: PIE session: BaseLevel (21 Dec 2018 15:52:59)
[2018.12.21-15.52.59:399][857]LogPlayLevel: Creating play world package: /Game/Levels/UEDPIE_0_BaseLevel
[2018.12.21-15.52.59:402][857]LogPlayLevel: PIE: StaticDuplicateObject took: (0.003109s)
[2018.12.21-15.52.59:403][857]LogAIModule: Creating AISystem for world BaseLevel
[2018.12.21-15.52.59:403][857]LogPlayLevel: PIE: World Init took: (0.000718s)
[2018.12.21-15.52.59:403][857]LogPlayLevel: PIE: Created PIE world by copying editor world from /Game/Levels/BaseLevel.BaseLevel to /Game/Levels/UEDPIE_0_BaseLevel.BaseLevel (0.003949s)
[2018.12.21-15.52.59:460][857]LogInit: XAudio2 using 'Speakers (Realtek High Definition Audio)' : 2 channels at 48 kHz using 32 bits per sample (channel mask 0x3)
[2018.12.21-15.52.59:482][857]LogInit: FAudioDevice initialized.
[2018.12.21-15.52.59:489][857]LogSlate: Updating window title bar state: overlay mode, drag disabled, window buttons hidden, title bar hidden
[2018.12.21-15.52.59:524][857]LogLoad: Game class is 'GM_GAME_C'
[2018.12.21-15.52.59:525][857]LogWorld: Bringing World /Game/Levels/UEDPIE_0_BaseLevel.BaseLevel up for play (max tick rate 0) at 2018.12.21-15.52.59
[2018.12.21-15.52.59:526][857]LogWorld: Bringing up level for play took: 0.001463
[2018.12.21-15.52.59:541][857]PIE: Play in editor start time for /Game/Levels/UEDPIE_0_BaseLevel 0.373
[2018.12.21-15.53.00:720][994]LogBlueprintUserMessages: [EntranceToRestictedArea_2] yeet
[2018.12.21-15.53.00:787][  2]LogBlueprintUserMessages: [EntranceToRestictedArea_2] yeet
[2018.12.21-15.53.01:079][ 37]LogBlueprintUserMessages: [EntranceToRestictedArea_2] yeet
[2018.12.21-15.53.01:095][ 39]LogBlueprintUserMessages: [EntranceToRestictedArea_2] yeet
[2018.12.21-15.53.01:137][ 44]LogBlueprintUserMessages: [EntranceToRestictedArea_2] yeet
[2018.12.21-15.53.01:162][ 47]LogBlueprintUserMessages: [EntranceToRestictedArea_2] yeet
[2018.12.21-15.53.23:774][ 43]LogBlueprintUserMessages: [EntranceToRestictedArea_2] yeet
[2018.12.21-15.53.23:849][ 52]LogBlueprintUserMessages: [EntranceToRestictedArea_2] yeet
[2018.12.21-15.53.27:000][430]LogBlueprintUserMessages: [EntranceToRestictedArea_2] yeet
[2018.12.21-15.53.27:067][438]LogBlueprintUserMessages: [EntranceToRestictedArea_2] yeet
[2018.12.21-15.53.29:109][683]LogBlueprintUserMessages: [EntranceToRestictedArea_2] yeet
[2018.12.21-15.53.29:209][695]LogBlueprintUserMessages: [EntranceToRestictedArea_2] yeet
[2018.12.21-15.53.29:593][741]LogBlueprintUserMessages: [EntranceToRestictedArea_2] yeet
[2018.12.21-15.53.29:651][748]LogBlueprintUserMessages: [EntranceToRestictedArea_2] yeet
[2018.12.21-15.53.32:677][111]LogBlueprintUserMessages: [EntranceToRestictedArea_2] yeet
[2018.12.21-15.53.32:735][118]LogBlueprintUserMessages: [EntranceToRestictedArea_2] yeet
[2018.12.21-15.53.32:793][125]LogBlueprintUserMessages: [EntranceToRestictedArea2] yeet
[2018.12.21-15.53.33:310][187]LogBlueprintUserMessages: [EntranceToRestictedArea_2] yeet
[2018.12.21-15.53.33:368][194]LogBlueprintUserMessages: [EntranceToRestictedArea_2] yeet
[2018.12.21-15.53.35:768][479]LogBlueprintUserMessages: [EntranceToRestictedArea_2] yeet
[2018.12.21-15.53.35:826][486]LogBlueprintUserMessages: [EntranceToRestictedArea_2] yeet
[2018.12.21-15.53.35:843][488]LogBlueprintUserMessages: [EntranceToRestictedArea2] yeet
[2018.12.21-15.53.36:060][514]LogBlueprintUserMessages: [EntranceToRestictedArea_2] yeet
[2018.12.21-15.53.36:118][521]LogBlueprintUserMessages: [EntranceToRestictedArea_2] yeet
[2018.12.21-15.53.38:076][756]LogBlueprintUserMessages: [EntranceToRestictedArea_2] yeet
[2018.12.21-15.53.38:243][776]LogBlueprintUserMessages: [EntranceToRestictedArea_2] yeet
[2018.12.21-15.53.38:310][784]LogBlueprintUserMessages: [EntranceToRestictedArea_2] yeet
[2018.12.21-15.53.41:119][121]LogBlueprintUserMessages: [EntranceToRestictedArea2] yeet
[2018.12.21-15.53.41:286][141]LogBlueprintUserMessages: [EntranceToRestictedArea_2] yeet
[2018.12.21-15.53.41:344][148]LogBlueprintUserMessages: [EntranceToRestictedArea_2] yeet
[2018.12.21-15.53.44:887][573]LogBlueprintUserMessages: [EntranceToRestictedArea_2] yeet
[2018.12.21-15.53.44:937][579]LogBlueprintUserMessages: [EntranceToRestictedArea_2] yeet
[2018.12.21-15.53.47:980][944]LogBlueprintUserMessages: [EntranceToRestictedArea_2] yeet
[2018.12.21-15.53.48:038][951]LogBlueprintUserMessages: [EntranceToRestictedArea_2] yeet
[2018.12.21-15.53.48:105][959]LogBlueprintUserMessages: [EntranceToRestictedArea2] yeet
[2018.12.21-15.53.48:488][  5]LogBlueprintUserMessages: [EntranceToRestictedArea_2] yeet
[2018.12.21-15.53.48:547][ 12]LogBlueprintUserMessages: [EntranceToRestictedArea_2] yeet
[2018.12.21-15.53.50:814][284]LogBlueprintUserMessages: [EntranceToRestictedArea_2] yeet
[2018.12.21-15.53.50:880][292]LogBlueprintUserMessages: [EntranceToRestictedArea_2] yeet
[2018.12.21-15.53.56:415][956]LogBlueprintUserMessages: [EntranceToRestictedArea_2] yeet
[2018.12.21-15.53.56:482][964]LogBlueprintUserMessages: [EntranceToRestictedArea_2] yeet
[2018.12.21-15.53.56:482][964]LogBlueprintUserMessages: [EntranceToRestictedArea2] yeet
[2018.12.21-15.53.59:790][361]LogBlueprintUserMessages: [EntranceToRestictedArea_2] yeet
[2018.12.21-15.53.59:807][363]LogBlueprintUserMessages: [EntranceToRestictedArea_2] yeet
[2018.12.21-15.53.59:849][368]LogBlueprintUserMessages: [EntranceToRestictedArea_2] yeet
[2018.12.21-15.53.59:883][372]LogBlueprintUserMessages: [EntranceToRestictedArea_2] yeet
[2018.12.21-15.53.59:883][372]LogBlueprintUserMessages: [EntranceToRestictedArea2] yeet
[2018.12.21-15.54.05:458][ 41]LogBlueprintUserMessages: [EntranceToRestictedArea_2] yeet
[2018.12.21-15.54.05:525][ 49]LogBlueprintUserMessages: [EntranceToRestictedArea_2] yeet
[2018.12.21-15.54.08:893][453]LogBlueprintUserMessages: [EntranceToRestictedArea_2] yeet
[2018.12.21-15.54.08:959][461]LogBlueprintUserMessages: [EntranceToRestictedArea_2] yeet
[2018.12.21-15.54.08:976][463]LogBlueprintUserMessages: [EntranceToRestictedArea2] yeet
[2018.12.21-15.54.12:561][893]LogBlueprintUserMessages: [EntranceToRestictedArea_2] yeet
[2018.12.21-15.54.12:627][901]LogBlueprintUserMessages: [EntranceToRestictedArea_2] yeet
[2018.12.21-15.54.12:933][936]LogSlate: Window 'TGP_Project Game Preview Standalone (64-bit/PCD3D_SM5)' being destroyed
[2018.12.21-15.54.12:968][936]LogPlayLevel: Display: Shutting down PIE online subsystems
[2018.12.21-15.54.13:023][938]LogPlayLevel: Display: Destroying online subsystem :Context_11
[2018.12.21-15.57.00:838][ 42]BlueprintLog: New page: Compile Widget_Time
[2018.12.21-15.57.10:448][175]Cmd: OBJ SAVEPACKAGE PACKAGE="/Game/Widget_Time" FILE="D:/Documents/GitHub/TGP_PairProject/TGP_Project/Content/Widget_Time.uasset" SILENT=true
[2018.12.21-15.57.10:506][175]LogSavePackage: Moving 'D:/Documents/GitHub/TGP_PairProject/TGP_Project/Saved/Widget_Time07F798224644622C4E656894DFDA7674.tmp' to 'D:/Documents/GitHub/TGP_PairProject/TGP_Project/Content/Widget_Time.uasset'
[2018.12.21-15.57.12:492][409]LogTemp: Repeating last play command: Selected Viewport
[2018.12.21-15.57.12:513][409]LogPlayLevel: PlayLevel: No blueprints needed recompiling
[2018.12.21-15.57.12:513][409]PIE: New page: PIE session: BaseLevel (21 Dec 2018 15:57:12)
[2018.12.21-15.57.12:513][409]LogPlayLevel: Creating play world package: /Game/Levels/UEDPIE_0_BaseLevel
[2018.12.21-15.57.12:516][409]LogPlayLevel: PIE: StaticDuplicateObject took: (0.003091s)
[2018.12.21-15.57.12:517][409]LogAIModule: Creating AISystem for world BaseLevel
[2018.12.21-15.57.12:517][409]LogPlayLevel: PIE: World Init took: (0.000677s)
[2018.12.21-15.57.12:517][409]LogPlayLevel: PIE: Created PIE world by copying editor world from /Game/Levels/BaseLevel.BaseLevel to /Game/Levels/UEDPIE_0_BaseLevel.BaseLevel (0.003875s)
[2018.12.21-15.57.12:573][409]LogInit: XAudio2 using 'Speakers (Realtek High Definition Audio)' : 2 channels at 48 kHz using 32 bits per sample (channel mask 0x3)
[2018.12.21-15.57.12:597][409]LogInit: FAudioDevice initialized.
[2018.12.21-15.57.12:631][409]LogLoad: Game class is 'GM_GAME_C'
[2018.12.21-15.57.12:634][409]LogWorld: Bringing World /Game/Levels/UEDPIE_0_BaseLevel.BaseLevel up for play (max tick rate 0) at 2018.12.21-15.57.12
[2018.12.21-15.57.12:635][409]LogWorld: Bringing up level for play took: 0.002727
[2018.12.21-15.57.12:653][409]PIE: Play in editor start time for /Game/Levels/UEDPIE_0_BaseLevel -0.516
[2018.12.21-15.57.13:746][538]LogBlueprintUserMessages: [EntranceToRestictedArea_2] yeet
[2018.12.21-15.57.13:813][546]LogBlueprintUserMessages: [EntranceToRestictedArea_2] yeet
[2018.12.21-15.57.14:163][588]LogBlueprintUserMessages: [EntranceToRestictedArea_2] yeet
[2018.12.21-15.57.14:188][591]LogBlueprintUserMessages: [EntranceToRestictedArea_2] yeet
[2018.12.21-15.57.14:229][596]LogBlueprintUserMessages: [EntranceToRestictedArea_2] yeet
[2018.12.21-15.57.14:246][598]LogBlueprintUserMessages: [EntranceToRestictedArea_2] yeet
[2018.12.21-15.57.16:371][853]LogBlueprintUserMessages: [EntranceToRestictedArea_2] yeet
[2018.12.21-15.57.16:430][860]LogBlueprintUserMessages: [EntranceToRestictedArea_2] yeet
[2018.12.21-15.57.16:472][865]LogBlueprintUserMessages: [EntranceToRestictedArea2] yeet
[2018.12.21-15.57.22:265][560]LogBlueprintUserMessages: [EntranceToRestictedArea_2] yeet
[2018.12.21-15.57.22:323][567]LogBlueprintUserMessages: [EntranceToRestictedArea_2] yeet
[2018.12.21-15.57.22:581][598]LogBlueprintUserMessages: [EntranceToRestictedArea_2] yeet
[2018.12.21-15.57.22:648][606]LogBlueprintUserMessages: [EntranceToRestictedArea_2] yeet
[2018.12.21-15.57.22:732][616]LogBlueprintUserMessages: [EntranceToRestictedArea_2] yeet
[2018.12.21-15.57.22:790][623]LogBlueprintUserMessages: [EntranceToRestictedArea_2] yeet
[2018.12.21-15.57.22:848][630]LogBlueprintUserMessages: [EntranceToRestictedArea2] yeet
[2018.12.21-15.57.24:614][842]LogSlate: FSceneViewport::OnFocusLost() reason 0
[2018.12.21-15.57.24:690][851]LogNet: Browse: /Game/Levels/BaseLevel
[2018.12.21-15.57.24:690][851]LogLoad: LoadMap: /Game/Levels/BaseLevel
[2018.12.21-15.57.24:718][851]LogPlayLevel: Creating play world package: /Game/Levels/UEDPIE_0_BaseLevel
[2018.12.21-15.57.24:721][851]LogPlayLevel: PIE: StaticDuplicateObject took: (0.003118s)
[2018.12.21-15.57.24:721][851]LogAIModule: Creating AISystem for world BaseLevel
[2018.12.21-15.57.24:722][851]LogPlayLevel: PIE: World Init took: (0.000585s)
[2018.12.21-15.57.24:722][851]LogPlayLevel: PIE: Created PIE world by copying editor world from /Game/Levels/BaseLevel.BaseLevel to /Game/Levels/UEDPIE_0_BaseLevel.BaseLevel (0.003842s)
[2018.12.21-15.57.24:722][851]LogLoad: Game class is 'GM_GAME_C'
[2018.12.21-15.57.24:723][851]LogWorld: Bringing World /Game/Levels/UEDPIE_0_BaseLevel.BaseLevel up for play (max tick rate 0) at 2018.12.21-15.57.24
[2018.12.21-15.57.24:724][851]LogWorld: Bringing up level for play took: 0.001254
[2018.12.21-15.57.24:726][851]LogLoad: Took 0.035937 seconds to LoadMap(/Game/Levels/UEDPIE_0_BaseLevel)
[2018.12.21-15.57.25:979][  1]LogBlueprintUserMessages: [EntranceToRestictedArea_2] yeet
[2018.12.21-15.57.26:046][  9]LogBlueprintUserMessages: [EntranceToRestictedArea_2] yeet
[2018.12.21-15.57.27:663][203]LogBlueprintUserMessages: [EntranceToRestictedArea_2] yeet
[2018.12.21-15.57.27:721][210]LogBlueprintUserMessages: [EntranceToRestictedArea_2] yeet
[2018.12.21-15.57.28:796][339]LogSlate: FSceneViewport::OnFocusLost() reason 0
[2018.12.21-15.57.28:847][345]LogNet: Browse: /Game/Levels/MainMenu
[2018.12.21-15.57.28:847][345]LogLoad: LoadMap: /Game/Levels/MainMenu
[2018.12.21-15.57.28:929][345]LogLinker: Warning: Can't find file '/Game/Levels/MainMenu_BuiltData'
[2018.12.21-15.57.28:930][345]LogLinker: Warning: Can't find file for asset '/Game/Levels/MainMenu_BuiltData' while loading D:/Documents/GitHub/TGP_PairProject/TGP_Project/Content/Levels/MainMenu.umap.
[2018.12.21-15.57.28:930][345]LoadErrors: Error: /Game/Levels/MainMenu : Can't find file for asset. /Game/Levels/MainMenu_BuiltData
[2018.12.21-15.57.28:931][345]LogLinker: Warning: Can't find file '/Game/Levels/MainMenu_BuiltData'
[2018.12.21-15.57.28:932][345]LogLinker: Warning: Can't find file for asset '/Game/Levels/MainMenu_BuiltData' while loading D:/Documents/GitHub/TGP_PairProject/TGP_Project/Content/Levels/MainMenu.umap.
[2018.12.21-15.57.29:011][345]LogLinker: Warning: Can't find file '/Game/Levels/MainMenu_BuiltData'
[2018.12.21-15.57.29:012][345]LogLinker: Warning: Can't find file for asset '/Game/Levels/MainMenu_BuiltData' while loading NULL.
[2018.12.21-15.57.29:012][345]LogLinker: Warning: Can't find file '/Game/Levels/MainMenu_BuiltData'
[2018.12.21-15.57.29:013][345]LogLinker: Warning: Can't find file for asset '/Game/Levels/MainMenu_BuiltData' while loading NULL.
[2018.12.21-15.57.29:024][345]LogLinker: Warning: Can't find file '/Game/Levels/MainMenu_BuiltData'
[2018.12.21-15.57.29:024][345]LoadErrors: Failed to load /Game/Levels/MainMenu_BuiltData.MainMenu_BuiltData Referenced by PersistentLevel
[2018.12.21-15.57.29:025][345]LogLinker: Warning: Can't find file for asset '/Game/Levels/MainMenu_BuiltData' while loading NULL.
[2018.12.21-15.57.29:570][345]LogAIModule: Creating AISystem for world MainMenu
[2018.12.21-15.57.29:570][345]LogLoad: Game class is 'MenuGameMode_C'
[2018.12.21-15.57.29:588][345]LogWorld: Bringing World /Game/Levels/UEDPIE_0_MainMenu.MainMenu up for play (max tick rate 0) at 2018.12.21-15.57.29
[2018.12.21-15.57.29:588][345]LogWorld: Bringing up level for play took: 0.017117
[2018.12.21-15.57.29:588][345]LogGameMode: FindPlayerStart: PATHS NOT DEFINED or NO PLAYERSTART with positive rating
[2018.12.21-15.57.29:590][345]LogLoad: Took 0.742416 seconds to LoadMap(/Game/Levels/MainMenu)
[2018.12.21-15.57.30:631][458]LogNet: Browse: /Game/Levels/BaseLevel
[2018.12.21-15.57.30:631][458]LogLoad: LoadMap: /Game/Levels/BaseLevel
[2018.12.21-15.57.30:658][458]LogPlayLevel: Creating play world package: /Game/Levels/UEDPIE_0_BaseLevel
[2018.12.21-15.57.30:661][458]LogPlayLevel: PIE: StaticDuplicateObject took: (0.003202s)
[2018.12.21-15.57.30:662][458]LogAIModule: Creating AISystem for world BaseLevel
[2018.12.21-15.57.30:662][458]LogPlayLevel: PIE: World Init took: (0.000584s)
[2018.12.21-15.57.30:662][458]LogPlayLevel: PIE: Created PIE world by copying editor world from /Game/Levels/BaseLevel.BaseLevel to /Game/Levels/UEDPIE_0_BaseLevel.BaseLevel (0.003952s)
[2018.12.21-15.57.30:662][458]LogLoad: Game class is 'GM_GAME_C'
[2018.12.21-15.57.30:664][458]LogWorld: Bringing World /Game/Levels/UEDPIE_0_BaseLevel.BaseLevel up for play (max tick rate 0) at 2018.12.21-15.57.30
[2018.12.21-15.57.30:664][458]LogWorld: Bringing up level for play took: 0.001649
[2018.12.21-15.57.30:667][458]LogLoad: Took 0.035866 seconds to LoadMap(/Game/Levels/UEDPIE_0_BaseLevel)
[2018.12.21-15.57.31:895][605]LogBlueprintUserMessages: [EntranceToRestictedArea_2] yeet
[2018.12.21-15.57.31:962][613]LogBlueprintUserMessages: [EntranceToRestictedArea_2] yeet
[2018.12.21-15.57.32:187][640]LogBlueprintUserMessages: [EntranceToRestictedArea_2] yeet
[2018.12.21-15.57.32:254][648]LogBlueprintUserMessages: [EntranceToRestictedArea_2] yeet
[2018.12.21-15.57.37:036][218]LogBlueprintUserMessages: [EntranceToRestictedArea_2] yeet
[2018.12.21-15.57.37:094][225]LogBlueprintUserMessages: [EntranceToRestictedArea_2] yeet
[2018.12.21-15.57.37:678][295]LogSlate: Updating window title bar state: overlay mode, drag disabled, window buttons hidden, title bar hidden
[2018.12.21-15.57.37:713][295]LogPlayLevel: Display: Shutting down PIE online subsystems
[2018.12.21-15.57.37:741][295]LogSlate: Updating window title bar state: overlay mode, drag disabled, window buttons hidden, title bar hidden
[2018.12.21-15.57.37:783][299]LogPlayLevel: Display: Destroying online subsystem :Context_12
[2018.12.21-15.58.05:838][663]LogSlate: FSceneViewport::OnFocusLost() reason 0
[2018.12.21-15.58.12:214][428]LogEditorViewport: Clicking on Actor (LMB): RestrictedAreas_C (RestrictedAreas)
[2018.12.21-15.58.12:945][509]LogEditorViewport: Clicking Background
[2018.12.21-15.58.15:380][799]LogSlate: FSceneViewport::OnFocusLost() reason 0
[2018.12.21-15.58.15:547][818]LogAssetEditorManager: Opening Asset editor for WidgetBlueprint /Game/HUD.HUD
[2018.12.21-15.58.27:705][217]LogAssetEditorManager: Opening Asset editor for WidgetBlueprint /Game/Widget_WeaponAmmo.Widget_WeaponAmmo
[2018.12.21-16.00.01:981][710]BlueprintLog: New page: Compile Widget_WeaponAmmo
[2018.12.21-16.00.02:835][792]Cmd: OBJ SAVEPACKAGE PACKAGE="/Game/Widget_WeaponAmmo" FILE="D:/Documents/GitHub/TGP_PairProject/TGP_Project/Content/Widget_WeaponAmmo.uasset" SILENT=true
[2018.12.21-16.00.02:860][792]LogSavePackage: Moving 'D:/Documents/GitHub/TGP_PairProject/TGP_Project/Saved/Widget_WeaponAmmo98D1DD144E68694EA15E6ABEA30E41EF.tmp' to 'D:/Documents/GitHub/TGP_PairProject/TGP_Project/Content/Widget_WeaponAmmo.uasset'
[2018.12.21-16.01.43:381][635]LogSlate: Window 'TGP_Project - Unreal Editor' being destroyed
[2018.12.21-16.01.43:608][636]Cmd: QUIT_EDITOR
[2018.12.21-16.01.44:443][636]LogWindowsTextInputMethodSystem: Display: IME system now deactivated.
[2018.12.21-16.01.44:456][636]LogExit: Preparing to exit.
[2018.12.21-16.01.44:837][636]LogExit: Editor shut down
[2018.12.21-16.01.44:838][636]LogExit: Transaction tracking system shut down
[2018.12.21-16.01.45:760][636]LogExit: Object subsystem successfully closed.
[2018.12.21-16.01.45:778][636]LogShaderCompilers: Display: Shaders left to compile 0
[2018.12.21-16.01.45:788][636]LogD3D11RHI: Shutdown
[2018.12.21-16.01.45:788][636]LogD3D11RHI: CleanupD3DDevice
[2018.12.21-16.01.45:789][636]LogD3D11RHI: ~FD3D11DynamicRHI
[2018.12.21-16.01.45:842][636]LogModuleManager: Shutting down and abandoning module MovieSceneCapture (620)
[2018.12.21-16.01.45:842][636]LogModuleManager: Shutting down and abandoning module Voice (618)
[2018.12.21-16.01.45:842][636]LogModuleManager: Shutting down and abandoning module SequencerWidgets (616)
[2018.12.21-16.01.45:842][636]LogModuleManager: Shutting down and abandoning module BlueprintGraph (614)
[2018.12.21-16.01.45:842][636]LogModuleManager: Shutting down and abandoning module HierarchicalLODOutliner (612)
[2018.12.21-16.01.45:842][636]LogModuleManager: Shutting down and abandoning module SceneOutliner (610)
[2018.12.21-16.01.45:842][636]LogModuleManager: Shutting down and abandoning module AddContentDialog (608)
[2018.12.21-16.01.45:855][636]LogModuleManager: Shutting down and abandoning module WidgetCarousel (607)
[2018.12.21-16.01.45:855][636]LogModuleManager: Shutting down and abandoning module EditorWidgets (604)
[2018.12.21-16.01.45:855][636]LogModuleManager: Shutting down and abandoning module CollectionManager (602)
[2018.12.21-16.01.45:855][636]LogModuleManager: Shutting down and abandoning module StatsViewer (600)
[2018.12.21-16.01.45:855][636]LogModuleManager: Shutting down and abandoning module FoliageEdit (598)
[2018.12.21-16.01.45:855][636]LogModuleManager: Shutting down and abandoning module LandscapeEditor (596)
[2018.12.21-16.01.45:856][636]LogModuleManager: Shutting down and abandoning module MeshPaintMode (594)
[2018.12.21-16.01.45:856][636]LogModuleManager: Shutting down and abandoning module SceneDepthPickerMode (592)
[2018.12.21-16.01.45:856][636]LogModuleManager: Shutting down and abandoning module ActorPickerMode (590)
[2018.12.21-16.01.45:856][636]LogModuleManager: Shutting down and abandoning module GeometryMode (588)
[2018.12.21-16.01.45:856][636]LogModuleManager: Shutting down and abandoning module TextureAlignMode (586)
[2018.12.21-16.01.45:856][636]LogModuleManager: Shutting down and abandoning module BspMode (584)
[2018.12.21-16.01.45:856][636]LogModuleManager: Shutting down and abandoning module PIEPreviewDeviceProfileSelector (582)
[2018.12.21-16.01.45:856][636]LogModuleManager: Shutting down and abandoning module SequenceRecorderSections (580)
[2018.12.21-16.01.45:856][636]LogModuleManager: Shutting down and abandoning module AutomationWorker (578)
[2018.12.21-16.01.45:856][636]LogModuleManager: Shutting down and abandoning module AudioCaptureEditor (576)
[2018.12.21-16.01.45:856][636]LogModuleManager: Shutting down and abandoning module SequenceRecorder (575)
[2018.12.21-16.01.45:856][636]LogModuleManager: Shutting down and abandoning module MatineeToLevelSequence (572)
[2018.12.21-16.01.45:856][636]LogModuleManager: Shutting down and abandoning module LevelSequenceEditor (570)
[2018.12.21-16.01.45:856][636]LogModuleManager: Shutting down and abandoning module PlacementMode (569)
[2018.12.21-16.01.45:856][636]LogModuleManager: Shutting down and abandoning module MaterialEditor (568)
[2018.12.21-16.01.45:856][636]LogModuleManager: Shutting down and abandoning module WmfMediaFactory (564)
[2018.12.21-16.01.45:856][636]LogModuleManager: Shutting down and abandoning module WmfMediaEditor (562)
[2018.12.21-16.01.45:856][636]LogModuleManager: Shutting down and abandoning module MediaPlayerEditor (560)
[2018.12.21-16.01.45:856][636]LogModuleManager: Shutting down and abandoning module OpenExrWrapper (558)
[2018.12.21-16.01.45:856][636]LogModuleManager: Shutting down and abandoning module ImgMediaFactory (556)
[2018.12.21-16.01.45:856][636]LogModuleManager: Shutting down and abandoning module ImgMediaEditor (554)
[2018.12.21-16.01.45:856][636]LogModuleManager: Shutting down and abandoning module AvfMediaFactory (552)
[2018.12.21-16.01.45:856][636]LogModuleManager: Shutting down and abandoning module AvfMediaEditor (550)
[2018.12.21-16.01.45:856][636]LogModuleManager: Shutting down and abandoning module AndroidMediaFactory (548)
[2018.12.21-16.01.45:856][636]LogModuleManager: Shutting down and abandoning module AndroidMediaEditor (546)
[2018.12.21-16.01.45:856][636]LogModuleManager: Shutting down and abandoning module MagicLeapCameraPreviewFactory (544)
[2018.12.21-16.01.45:856][636]LogModuleManager: Shutting down and abandoning module MagicLeapMediaFactory (542)
[2018.12.21-16.01.45:856][636]LogModuleManager: Shutting down and abandoning module MagicLeapMediaEditor (540)
[2018.12.21-16.01.45:856][636]LogModuleManager: Shutting down and abandoning module CharacterAI (538)
[2018.12.21-16.01.45:856][636]LogModuleManager: Shutting down and abandoning module SmartSnapping (536)
[2018.12.21-16.01.45:856][636]LogModuleManager: Shutting down and abandoning module SessionServices (534)
[2018.12.21-16.01.45:856][636]LogModuleManager: Shutting down and abandoning module ViewportSnapping (532)
[2018.12.21-16.01.45:857][636]LogModuleManager: Shutting down and abandoning module ViewportInteraction (530)
[2018.12.21-16.01.45:857][636]LogModuleManager: Shutting down and abandoning module ClothPainter (528)
[2018.12.21-16.01.45:857][636]LogModuleManager: Shutting down and abandoning module SkeletalMeshEditor (527)
[2018.12.21-16.01.45:857][636]LogModuleManager: Shutting down and abandoning module LogVisualizer (524)
[2018.12.21-16.01.45:857][636]LogModuleManager: Shutting down and abandoning module IntroTutorials (522)
[2018.12.21-16.01.45:858][636]LogModuleManager: Shutting down and abandoning module GameProjectGeneration (521)
[2018.12.21-16.01.45:858][636]LogModuleManager: Shutting down and abandoning module LuminPlatformEditor (518)
[2018.12.21-16.01.45:858][636]LogModuleManager: Shutting down and abandoning module IOSPlatformEditor (516)
[2018.12.21-16.01.45:858][636]LogModuleManager: Shutting down and abandoning module HTML5PlatformEditor (514)
[2018.12.21-16.01.45:858][636]LogModuleManager: Shutting down and abandoning module AndroidPlatformEditor (512)
[2018.12.21-16.01.45:858][636]LogModuleManager: Shutting down and abandoning module AndroidDeviceDetection (511)
[2018.12.21-16.01.47:474][636]LogModuleManager: Shutting down and abandoning module WindowsPlatformEditor (508)
[2018.12.21-16.01.47:474][636]LogModuleManager: Shutting down and abandoning module LuminRuntimeSettings (506)
[2018.12.21-16.01.47:474][636]LogModuleManager: Shutting down and abandoning module IOSRuntimeSettings (504)
[2018.12.21-16.01.47:474][636]LogModuleManager: Shutting down and abandoning module AndroidRuntimeSettings (502)
[2018.12.21-16.01.47:474][636]LogModuleManager: Shutting down and abandoning module InputBindingEditor (500)
[2018.12.21-16.01.47:474][636]LogModuleManager: Shutting down and abandoning module MergeActors (498)
[2018.12.21-16.01.47:474][636]LogModuleManager: Shutting down and abandoning module LocalizationDashboard (496)
[2018.12.21-16.01.47:474][636]LogModuleManager: Shutting down and abandoning module LocalizationService (495)
[2018.12.21-16.01.47:475][636]LogModuleManager: Shutting down and abandoning module HardwareTargeting (492)
[2018.12.21-16.01.47:475][636]LogModuleManager: Shutting down and abandoning module DeviceProfileEditor (490)
[2018.12.21-16.01.47:475][636]LogModuleManager: Shutting down and abandoning module UndoHistory (488)
[2018.12.21-16.01.47:475][636]LogModuleManager: Shutting down and abandoning module XmlParser (486)
[2018.12.21-16.01.47:475][636]LogModuleManager: Shutting down and abandoning module Blutility (484)
[2018.12.21-16.01.47:475][636]LogModuleManager: Shutting down and abandoning module ProjectSettingsViewer (482)
[2018.12.21-16.01.47:475][636]LogModuleManager: Shutting down and abandoning module ProjectTargetPlatformEditor (481)
[2018.12.21-16.01.47:475][636]LogModuleManager: Shutting down and abandoning module EditorSettingsViewer (478)
[2018.12.21-16.01.47:475][636]LogModuleManager: Shutting down and abandoning module SettingsEditor (476)
[2018.12.21-16.01.47:475][636]LogModuleManager: Shutting down and abandoning module ProjectLauncher (474)
[2018.12.21-16.01.47:475][636]LogModuleManager: Shutting down and abandoning module SessionFrontend (472)
[2018.12.21-16.01.47:475][636]LogModuleManager: Shutting down and abandoning module ProfilerClient (470)
[2018.12.21-16.01.47:475][636]LogModuleManager: Shutting down and abandoning module DeviceManager (468)
[2018.12.21-16.01.47:475][636]LogModuleManager: Shutting down and abandoning module TargetDeviceServices (467)
[2018.12.21-16.01.47:543][636]LogModuleManager: Shutting down and abandoning module AutomationController (464)
[2018.12.21-16.01.47:543][636]LogModuleManager: Shutting down and abandoning module AutomationWindow (462)
[2018.12.21-16.01.47:543][636]LogModuleManager: Shutting down and abandoning module Layers (460)
[2018.12.21-16.01.47:543][636]LogModuleManager: Shutting down and abandoning module ComponentVisualizers (458)
[2018.12.21-16.01.47:543][636]LogModuleManager: Shutting down and abandoning module DetailCustomizations (456)
[2018.12.21-16.01.47:543][636]LogModuleManager: Shutting down and abandoning module PackagesDialog (454)
[2018.12.21-16.01.47:543][636]LogModuleManager: Shutting down and abandoning module Persona (452)
[2018.12.21-16.01.47:543][636]LogModuleManager: Shutting down and abandoning module AdvancedPreviewScene (451)
[2018.12.21-16.01.47:543][636]LogModuleManager: Shutting down and abandoning module AnimGraph (449)
[2018.12.21-16.01.47:543][636]LogModuleManager: Shutting down and abandoning module Kismet (446)
[2018.12.21-16.01.47:548][636]LogModuleManager: Shutting down and abandoning module GraphEditor (444)
[2018.12.21-16.01.47:548][636]LogModuleManager: Shutting down and abandoning module ClassViewer (442)
[2018.12.21-16.01.47:548][636]LogModuleManager: Shutting down and abandoning module Toolbox (440)
[2018.12.21-16.01.47:548][636]LogModuleManager: Shutting down and abandoning module DesktopPlatform (439)
[2018.12.21-16.01.47:548][636]LogModuleManager: Shutting down and abandoning module ModuleUI (436)
[2018.12.21-16.01.47:548][636]LogModuleManager: Shutting down and abandoning module MovieSceneTools (434)
[2018.12.21-16.01.47:548][636]LogModuleManager: Shutting down and abandoning module OutputLog (432)
[2018.12.21-16.01.47:548][636]LogModuleManager: Shutting down and abandoning module GammaUI (430)
[2018.12.21-16.01.47:548][636]LogModuleManager: Shutting down and abandoning module Documentation (428)
[2018.12.21-16.01.47:548][636]LogModuleManager: Shutting down and abandoning module MovieSceneTracks (426)
[2018.12.21-16.01.47:548][636]LogModuleManager: Shutting down and abandoning module MovieScene (424)
[2018.12.21-16.01.47:548][636]LogModuleManager: Shutting down and abandoning module StreamingPauseRendering (422)
[2018.12.21-16.01.47:548][636]LogModuleManager: Shutting down and abandoning module LauncherPlatform (420)
[2018.12.21-16.01.47:548][636]LogModuleManager: Shutting down and abandoning module AnalyticsET (418)
[2018.12.21-16.01.47:548][636]LogModuleManager: Shutting down and abandoning module PortalServices (416)
[2018.12.21-16.01.47:548][636]LogModuleManager: Shutting down and abandoning module PortalRpc (414)
[2018.12.21-16.01.47:549][636]LogModuleManager: Shutting down and abandoning module MessagingRpc (412)
[2018.12.21-16.01.47:549][636]LogModuleManager: Shutting down and abandoning module AIModule (410)
[2018.12.21-16.01.47:549][636]LogModuleManager: Shutting down and abandoning module GameplayDebugger (409)
[2018.12.21-16.01.47:549][636]LogModuleManager: Shutting down and abandoning module AITestSuite (407)
[2018.12.21-16.01.47:549][636]LogModuleManager: Shutting down and abandoning module NavigationSystem (405)
[2018.12.21-16.01.47:549][636]LogModuleManager: Shutting down and abandoning module ProfilerService (402)
[2018.12.21-16.01.47:659][636]LogModuleManager: Shutting down and abandoning module TaskGraph (400)
[2018.12.21-16.01.47:659][636]LogModuleManager: Shutting down and abandoning module SteamVRController (398)
[2018.12.21-16.01.47:659][636]LogModuleManager: Shutting down and abandoning module ProceduralMeshComponentEditor (396)
[2018.12.21-16.01.47:659][636]LogModuleManager: Shutting down and abandoning module ProceduralMeshComponent (394)
[2018.12.21-16.01.47:659][636]LogModuleManager: Shutting down and abandoning module OculusInput (392)
[2018.12.21-16.01.47:659][636]LogModuleManager: Shutting down and abandoning module MobilePatchingUtils (390)
[2018.12.21-16.01.47:659][636]LogModuleManager: Shutting down and abandoning module EditableMesh (388)
[2018.12.21-16.01.47:659][636]LogModuleManager: Shutting down and abandoning module CustomMeshComponent (386)
[2018.12.21-16.01.47:659][636]LogModuleManager: Shutting down and abandoning module CableComponent (384)
[2018.12.21-16.01.47:659][636]LogModuleManager: Shutting down and abandoning module AudioCapture (382)
[2018.12.21-16.01.47:659][636]LogModuleManager: Shutting down and abandoning module ArchVisCharacter (380)
[2018.12.21-16.01.47:659][636]LogModuleManager: Shutting down and abandoning module AndroidPermission (378)
[2018.12.21-16.01.47:659][636]LogModuleManager: Shutting down and abandoning module NUTUnrealEngine4 (376)
[2018.12.21-16.01.47:659][636]LogModuleManager: Shutting down and abandoning module NetcodeUnitTest (374)
[2018.12.21-16.01.47:660][636]LogModuleManager: Shutting down and abandoning module MediaCompositingEditor (372)
[2018.12.21-16.01.47:660][636]LogModuleManager: Shutting down and abandoning module MediaCompositing (370)
[2018.12.21-16.01.47:660][636]LogModuleManager: Shutting down and abandoning module LinearTimecode (368)
[2018.12.21-16.01.47:660][636]LogModuleManager: Shutting down and abandoning module ImgMedia (366)
[2018.12.21-16.01.47:662][636]LogModuleManager: Shutting down and abandoning module HTML5Networking (364)
[2018.12.21-16.01.47:662][636]LogModuleManager: Shutting down and abandoning module GeometryCacheTracks (362)
[2018.12.21-16.01.47:662][636]LogModuleManager: Shutting down and abandoning module GeometryCacheSequencer (360)
[2018.12.21-16.01.47:662][636]LogModuleManager: Shutting down and abandoning module BackChannel (358)
[2018.12.21-16.01.47:663][636]LogModuleManager: Shutting down and abandoning module AppleVision (356)
[2018.12.21-16.01.47:663][636]LogModuleManager: Shutting down and abandoning module AppleImageUtils (354)
[2018.12.21-16.01.47:663][636]LogModuleManager: Shutting down and abandoning module AlembicImporter (352)
[2018.12.21-16.01.47:663][636]LogModuleManager: Shutting down and abandoning module AlembicLibrary (351)
[2018.12.21-16.01.47:663][636]LogModuleManager: Shutting down and abandoning module GeometryCache (350)
[2018.12.21-16.01.47:663][636]LogModuleManager: Shutting down and abandoning module GeometryCacheEd (349)
[2018.12.21-16.01.47:663][636]LogModuleManager: Shutting down and abandoning module DatasmithContentEditor (344)
[2018.12.21-16.01.47:663][636]LogModuleManager: Shutting down and abandoning module DatasmithContent (342)
[2018.12.21-16.01.47:664][636]LogModuleManager: Shutting down and abandoning module SpeedTreeImporter (340)
[2018.12.21-16.01.47:664][636]LogModuleManager: Shutting down and abandoning module PluginBrowser (338)
[2018.12.21-16.01.47:664][636]LogModuleManager: Shutting down and abandoning module MobileLauncherProfileWizard (336)
[2018.12.21-16.01.47:665][636]LogModuleManager: Shutting down and abandoning module PolygonModeling (334)
[2018.12.21-16.01.47:665][636]LogModuleManager: Shutting down and abandoning module MeshEditor (332)
[2018.12.21-16.01.47:665][636]LogModuleManager: Shutting down and abandoning module CryptoKeysOpenSSL (330)
[2018.12.21-16.01.47:665][636]LogModuleManager: Shutting down and abandoning module CryptoKeys (328)
[2018.12.21-16.01.47:665][636]LogModuleManager: Shutting down and abandoning module VisualStudioSourceCodeAccess (326)
[2018.12.21-16.01.47:665][636]LogModuleManager: Shutting down and abandoning module VisualStudioCodeSourceCodeAccess (324)
[2018.12.21-16.01.47:665][636]LogModuleManager: Shutting down and abandoning module UObjectPlugin (322)
[2018.12.21-16.01.47:665][636]LogModuleManager: Shutting down and abandoning module SubversionSourceControl (320)
[2018.12.21-16.01.47:665][636]LogModuleManager: Shutting down and abandoning module PerforceSourceControl (318)
[2018.12.21-16.01.47:665][636]LogModuleManager: Shutting down and abandoning module GitSourceControl (316)
[2018.12.21-16.01.47:665][636]LogModuleManager: Shutting down and abandoning module SourceControl (315)
[2018.12.21-16.01.47:665][636]LogModuleManager: Shutting down and abandoning module CLionSourceCodeAccess (312)
[2018.12.21-16.01.47:665][636]LogModuleManager: Shutting down and abandoning module LightPropagationVolumeEditor (310)
[2018.12.21-16.01.47:665][636]LogModuleManager: Shutting down and abandoning module PaperTiledImporter (308)
[2018.12.21-16.01.47:665][636]LogModuleManager: Shutting down and abandoning module PaperSpriteSheetImporter (306)
[2018.12.21-16.01.47:665][636]LogModuleManager: Shutting down and abandoning module Paper2DEditor (304)
[2018.12.21-16.01.47:665][636]LogModuleManager: Shutting down and abandoning module MeshPaint (303)
[2018.12.21-16.01.47:665][636]LogModuleManager: Shutting down and abandoning module TGP_Project (300)
[2018.12.21-16.01.47:665][636]LogModuleManager: Shutting down and abandoning module RuntimePhysXCooking (298)
[2018.12.21-16.01.47:665][636]LogModuleManager: Shutting down and abandoning module PhysXVehiclesEditor (296)
[2018.12.21-16.01.47:665][636]LogModuleManager: Shutting down and abandoning module PhysXVehicles (294)
[2018.12.21-16.01.47:665][636]LogModuleManager: Shutting down and abandoning module OculusEditor (292)
[2018.12.21-16.01.47:665][636]LogModuleManager: Shutting down and abandoning module LocationServicesBPLibrary (290)
[2018.12.21-16.01.47:665][636]LogModuleManager: Shutting down and abandoning module ImmediatePhysicsEditor (288)
[2018.12.21-16.01.47:665][636]LogModuleManager: Shutting down and abandoning module ImmediatePhysics (286)
[2018.12.21-16.01.47:665][636]LogModuleManager: Shutting down and abandoning module ActorSequence (284)
[2018.12.21-16.01.47:665][636]LogModuleManager: Shutting down and abandoning module UdpMessaging (282)
[2018.12.21-16.01.47:766][636]LogModuleManager: Shutting down and abandoning module TcpMessaging (280)
[2018.12.21-16.01.47:867][636]LogModuleManager: Shutting down and abandoning module MagicLeapAudio (278)
[2018.12.21-16.01.47:867][636]LogModuleManager: Shutting down and abandoning module GameplayTagsEditor (276)
[2018.12.21-16.01.47:867][636]LogModuleManager: Shutting down and abandoning module FacialAnimationEditor (274)
[2018.12.21-16.01.47:867][636]LogModuleManager: Shutting down and abandoning module FacialAnimation (272)
[2018.12.21-16.01.47:867][636]LogModuleManager: Shutting down and abandoning module DataValidation (270)
[2018.12.21-16.01.47:867][636]LogModuleManager: Shutting down and abandoning module AssetManagerEditor (268)
[2018.12.21-16.01.47:867][636]LogModuleManager: Shutting down and abandoning module LevelEditor (267)
[2018.12.21-16.01.47:869][636]LogModuleManager: Shutting down and abandoning module PixelInspectorModule (266)
[2018.12.21-16.01.47:869][636]LogModuleManager: Shutting down and abandoning module CommonMenuExtensions (264)
[2018.12.21-16.01.47:869][636]LogModuleManager: Shutting down and abandoning module MainFrame (262)
[2018.12.21-16.01.47:869][636]LogModuleManager: Shutting down and abandoning module HotReload (261)
[2018.12.21-16.01.47:870][636]LogModuleManager: Shutting down and abandoning module ContentBrowser (257)
[2018.12.21-16.01.47:873][636]LogModuleManager: Shutting down and abandoning module TreeMap (255)
[2018.12.21-16.01.47:873][636]LogModuleManager: Shutting down and abandoning module LightPropagationVolumeRuntime (252)
[2018.12.21-16.01.47:873][636]LogModuleManager: Shutting down and abandoning module AISupportModule (250)
[2018.12.21-16.01.47:873][636]LogModuleManager: Shutting down and abandoning module Paper2D (248)
[2018.12.21-16.01.47:873][636]LogModuleManager: Shutting down and abandoning module WindowsMoviePlayer (246)
[2018.12.21-16.01.47:873][636]LogModuleManager: Shutting down and abandoning module WmfMedia (244)
[2018.12.21-16.01.47:874][636]LogModuleManager: Shutting down and abandoning module Media (243)
[2018.12.21-16.01.47:880][636]LogModuleManager: Shutting down and abandoning module PacketHandler (240)
[2018.12.21-16.01.47:880][636]LogModuleManager: Shutting down and abandoning module ClothingSystemEditor (238)
[2018.12.21-16.01.47:880][636]LogModuleManager: Shutting down and abandoning module ClothingSystemRuntime (236)
[2018.12.21-16.01.47:880][636]LogModuleManager: Shutting down and abandoning module MediaAssets (234)
[2018.12.21-16.01.47:880][636]LogModuleManager: Shutting down and abandoning module Overlay (232)
[2018.12.21-16.01.47:880][636]LogModuleManager: Shutting down and abandoning module OverlayEditor (231)
[2018.12.21-16.01.47:880][636]LogModuleManager: Shutting down and abandoning module VREditor (228)
[2018.12.21-16.01.47:880][636]LogModuleManager: Shutting down and abandoning module StringTableEditor (226)
[2018.12.21-16.01.47:880][636]LogModuleManager: Shutting down and abandoning module GameplayTasksEditor (224)
[2018.12.21-16.01.47:880][636]LogModuleManager: Shutting down and abandoning module BehaviorTreeEditor (222)
[2018.12.21-16.01.47:880][636]LogModuleManager: Shutting down and abandoning module FunctionalTesting (220)
[2018.12.21-16.01.47:880][636]LogModuleManager: Shutting down and abandoning module CollisionAnalyzer (218)
[2018.12.21-16.01.47:880][636]LogModuleManager: Shutting down and abandoning module WorkspaceMenuStructure (217)
[2018.12.21-16.01.47:880][636]LogModuleManager: Shutting down and abandoning module UMG (214)
[2018.12.21-16.01.47:881][636]LogModuleManager: Shutting down and abandoning module UMGEditor (213)
[2018.12.21-16.01.47:881][636]LogModuleManager: Shutting down and abandoning module Sequencer (212)
[2018.12.21-16.01.47:881][636]LogModuleManager: Shutting down and abandoning module MessageLog (209)
[2018.12.21-16.01.47:881][636]LogModuleManager: Shutting down and abandoning module SlateReflector (204)
[2018.12.21-16.01.47:881][636]LogModuleManager: Shutting down and abandoning module Slate (202)
[2018.12.21-16.01.47:881][636]LogModuleManager: Shutting down and abandoning module EditorStyle (200)
[2018.12.21-16.01.47:883][636]LogModuleManager: Shutting down and abandoning module MRMesh (198)
[2018.12.21-16.01.47:883][636]LogModuleManager: Shutting down and abandoning module SourceCodeAccess (196)
[2018.12.21-16.01.47:883][636]LogModuleManager: Shutting down and abandoning module HeadMountedDisplay (194)
[2018.12.21-16.01.47:884][636]LogModuleManager: Shutting down and abandoning module XAudio2 (192)
[2018.12.21-16.01.47:884][636]LogModuleManager: Shutting down and abandoning module Networking (190)
[2018.12.21-16.01.47:884][636]LogModuleManager: Shutting down and abandoning module Core (188)
[2018.12.21-16.01.47:884][636]LogModuleManager: Shutting down and abandoning module LevelSequence (186)
[2018.12.21-16.01.47:884][636]LogModuleManager: Shutting down and abandoning module KismetCompiler (184)
[2018.12.21-16.01.47:884][636]LogModuleManager: Shutting down and abandoning module MeshUtilities (182)
[2018.12.21-16.01.47:884][636]LogModuleManager: Shutting down and abandoning module MeshMergeUtilities (181)
[2018.12.21-16.01.47:884][636]LogModuleManager: Shutting down and abandoning module MeshReductionInterface (180)
[2018.12.21-16.01.47:884][636]LogModuleManager: Shutting down and abandoning module SimplygonSwarm (179)
[2018.12.21-16.01.47:884][636]LogModuleManager: Shutting down and abandoning module ProxyLODMeshReduction (177)
[2018.12.21-16.01.47:884][636]LogModuleManager: Shutting down and abandoning module SimplygonMeshReduction (175)
[2018.12.21-16.01.47:884][636]LogModuleManager: Shutting down and abandoning module QuadricMeshReduction (173)
[2018.12.21-16.01.47:884][636]LogModuleManager: Shutting down and abandoning module MaterialBaking (169)
[2018.12.21-16.01.47:884][636]LogModuleManager: Shutting down and abandoning module DirectoryWatcher (165)
[2018.12.21-16.01.47:885][636]LogModuleManager: Shutting down and abandoning module DerivedDataCache (162)
[2018.12.21-16.01.47:967][636]LogDerivedDataCache: Shutdown
[2018.12.21-16.01.47:967][636]LogModuleManager: Shutting down and abandoning module XGEController (160)
[2018.12.21-16.01.47:967][636]LogXGEController: Cleaning working directory: C:/Users/TDSSK/AppData/Local/Temp/UnrealXGEWorkingDir/
[2018.12.21-16.01.47:968][636]LogModuleManager: Shutting down and abandoning module TargetPlatform (158)
[2018.12.21-16.01.47:968][636]LogModuleManager: Shutting down and abandoning module VulkanShaderFormat (157)
[2018.12.21-16.01.47:968][636]LogModuleManager: Shutting down and abandoning module ShaderFormatVectorVM (155)
[2018.12.21-16.01.47:968][636]LogModuleManager: Shutting down and abandoning module ShaderFormatOpenGL (153)
[2018.12.21-16.01.47:968][636]LogModuleManager: Shutting down and abandoning module ShaderFormatD3D (151)
[2018.12.21-16.01.47:968][636]LogModuleManager: Shutting down and abandoning module MetalShaderFormat (149)
[2018.12.21-16.01.47:968][636]LogModuleManager: Shutting down and abandoning module TextureFormatUncompressed (147)
[2018.12.21-16.01.47:968][636]LogModuleManager: Shutting down and abandoning module TextureFormatPVR (145)
[2018.12.21-16.01.47:968][636]LogModuleManager: Shutting down and abandoning module TextureFormatDXT (143)
[2018.12.21-16.01.47:968][636]LogModuleManager: Shutting down and abandoning module TextureFormatIntelISPCTexComp (141)
[2018.12.21-16.01.47:968][636]LogModuleManager: Shutting down and abandoning module TextureFormatASTC (139)
[2018.12.21-16.01.47:968][636]LogModuleManager: Shutting down and abandoning module ImageWrapper (138)
[2018.12.21-16.01.47:968][636]LogModuleManager: Shutting down and abandoning module TextureFormatAndroid (135)
[2018.12.21-16.01.47:968][636]LogModuleManager: Shutting down and abandoning module AudioFormatOpus (133)
[2018.12.21-16.01.47:968][636]LogModuleManager: Shutting down and abandoning module AudioFormatOgg (131)
[2018.12.21-16.01.47:969][636]LogModuleManager: Shutting down and abandoning module AudioFormatADPCM (129)
[2018.12.21-16.01.47:969][636]LogModuleManager: Shutting down and abandoning module LuminTargetPlatform (127)
[2018.12.21-16.01.47:969][636]LogModuleManager: Shutting down and abandoning module LinuxTargetPlatform (125)
[2018.12.21-16.01.47:969][636]LogModuleManager: Shutting down and abandoning module LinuxServerTargetPlatform (123)
[2018.12.21-16.01.47:969][636]LogModuleManager: Shutting down and abandoning module LinuxNoEditorTargetPlatform (121)
[2018.12.21-16.01.47:969][636]LogModuleManager: Shutting down and abandoning module LinuxClientTargetPlatform (119)
[2018.12.21-16.01.47:969][636]LogModuleManager: Shutting down and abandoning module TVOSTargetPlatform (117)
[2018.12.21-16.01.47:974][636]LogModuleManager: Shutting down and abandoning module Messaging (115)
[2018.12.21-16.01.47:974][636]LogModuleManager: Shutting down and abandoning module IOSTargetPlatform (113)
[2018.12.21-16.01.47:975][636]LogModuleManager: Shutting down and abandoning module HTML5TargetPlatform (111)
[2018.12.21-16.01.47:975][636]LogModuleManager: Shutting down and abandoning module AndroidTargetPlatform (109)
[2018.12.21-16.01.47:980][636]LogModuleManager: Shutting down and abandoning module WindowsTargetPlatform (107)
[2018.12.21-16.01.47:981][636]LogModuleManager: Shutting down and abandoning module WindowsServerTargetPlatform (105)
[2018.12.21-16.01.47:981][636]LogModuleManager: Shutting down and abandoning module WindowsNoEditorTargetPlatform (103)
[2018.12.21-16.01.47:981][636]LogModuleManager: Shutting down and abandoning module WindowsClientTargetPlatform (101)
[2018.12.21-16.01.47:981][636]LogModuleManager: Shutting down and abandoning module MacTargetPlatform (99)
[2018.12.21-16.01.47:981][636]LogModuleManager: Shutting down and abandoning module MacServerTargetPlatform (97)
[2018.12.21-16.01.47:981][636]LogModuleManager: Shutting down and abandoning module MacNoEditorTargetPlatform (95)
[2018.12.21-16.01.47:981][636]LogModuleManager: Shutting down and abandoning module MacClientTargetPlatform (93)
[2018.12.21-16.01.47:981][636]LogModuleManager: Shutting down and abandoning module AllDesktopTargetPlatform (91)
[2018.12.21-16.01.47:981][636]LogModuleManager: Shutting down and abandoning module InputCore (88)
[2018.12.21-16.01.47:981][636]LogModuleManager: Shutting down and abandoning module Settings (86)
[2018.12.21-16.01.47:981][636]LogModuleManager: Shutting down and abandoning module PhysXCooking (84)
[2018.12.21-16.01.47:981][636]LogModuleManager: Shutting down and abandoning module SteamVR (82)
[2018.12.21-16.01.47:981][636]LogModuleManager: Shutting down and abandoning module OculusHMD (80)
[2018.12.21-16.01.47:981][636]LogModuleManager: Shutting down and abandoning module ExampleDeviceProfileSelector (78)
[2018.12.21-16.01.47:981][636]LogModuleManager: Shutting down and abandoning module LauncherChunkInstaller (76)
[2018.12.21-16.01.47:981][636]LogModuleManager: Shutting down and abandoning module OnlineBlueprintSupport (74)
[2018.12.21-16.01.47:981][636]LogModuleManager: Shutting down and abandoning module OnlineSubsystem (70)
[2018.12.21-16.01.47:982][636]LogModuleManager: Shutting down and abandoning module XMPP (65)
[2018.12.21-16.01.47:982][636]LogModuleManager: Shutting down and abandoning module WebSockets (64)
[2018.12.21-16.01.47:995][636]LogModuleManager: Shutting down and abandoning module HTTP (61)
[2018.12.21-16.01.47:995][636]LogHttp: Display: Http module shutting down, but needs to wait on 1 outstanding Http requests:
[2018.12.21-16.01.47:995][636]LogHttp: Display: 	verb=[POST] url=[https://datarouter.ol.epicgames.com/datarouter/api/v1/public/data?SessionID=%7BB91ECF6A-47E9-9E99-CBA2-A7A54675ECC9%7D&AppID=UEEditor.Rocket.Release&AppVersion=4.20.3-4369336%2B%2B%2BUE4%2BRelease-4.20&UserID=732877064c2d1d64b94795bb113caa3e%7Cb15aaf259a234981ac58d9a2d8097391%7C8c7a9a19-8aa6-48f6-bf7f-342c0723fb9e&AppEnvironment=datacollector-binary&UploadType=eteventstream] status=Processing
[2018.12.21-16.01.48:024][636]LogModuleManager: Shutting down and abandoning module SSL (60)
[2018.12.21-16.01.48:025][636]LogModuleManager: Shutting down and abandoning module MagicLeapEmulator (56)
[2018.12.21-16.01.48:025][636]LogModuleManager: Shutting down and abandoning module MagicLeapPrivileges (54)
[2018.12.21-16.01.48:025][636]LogModuleManager: Shutting down and abandoning module MagicLeapIdentity (52)
[2018.12.21-16.01.48:025][636]LogModuleManager: Shutting down and abandoning module MagicLeapHelperVulkan (50)
[2018.12.21-16.01.48:025][636]LogModuleManager: Shutting down and abandoning module MagicLeapHelperOpenGL (48)
[2018.12.21-16.01.48:025][636]LogModuleManager: Shutting down and abandoning module MagicLeapSecureStorage (46)
[2018.12.21-16.01.48:025][636]LogModuleManager: Shutting down and abandoning module MagicLeapGestures (44)
[2018.12.21-16.01.48:025][636]LogModuleManager: Shutting down and abandoning module MagicLeapEyeTracker (42)
[2018.12.21-16.01.48:025][636]LogModuleManager: Shutting down and abandoning module MagicLeapController (40)
[2018.12.21-16.01.48:025][636]LogSlate: Slate User Destroyed.  User Index 0, Is Virtual User: 0
[2018.12.21-16.01.48:025][636]LogModuleManager: Shutting down and abandoning module MagicLeap (38)
[2018.12.21-16.01.48:025][636]LogModuleManager: Shutting down and abandoning module AnimationModifiers (36)
[2018.12.21-16.01.48:026][636]LogModuleManager: Shutting down and abandoning module PropertyEditor (35)
[2018.12.21-16.01.48:026][636]LogModuleManager: Shutting down and abandoning module AudioEditor (32)
[2018.12.21-16.01.48:026][636]LogModuleManager: Shutting down and abandoning module TextureCompressor (30)
[2018.12.21-16.01.48:026][636]LogModuleManager: Shutting down and abandoning module ShaderCore (28)
[2018.12.21-16.01.48:026][636]LogModuleManager: Shutting down and abandoning module Landscape (26)
[2018.12.21-16.01.48:026][636]LogModuleManager: Shutting down and abandoning module SlateRHIRenderer (24)
[2018.12.21-16.01.48:027][636]LogModuleManager: Shutting down and abandoning module OpenGLDrv (22)
[2018.12.21-16.01.48:027][636]LogModuleManager: Shutting down and abandoning module D3D11RHI (20)
[2018.12.21-16.01.48:027][636]LogModuleManager: Shutting down and abandoning module AnimGraphRuntime (18)
[2018.12.21-16.01.48:027][636]LogModuleManager: Shutting down and abandoning module Renderer (16)
[2018.12.21-16.01.48:028][636]LogModuleManager: Shutting down and abandoning module Engine (14)
[2018.12.21-16.01.48:028][636]LogModuleManager: Shutting down and abandoning module CoreUObject (12)
[2018.12.21-16.01.48:028][636]LogModuleManager: Shutting down and abandoning module NetworkFile (10)
[2018.12.21-16.01.48:028][636]LogModuleManager: Shutting down and abandoning module CookedIterativeFile (8)
[2018.12.21-16.01.48:028][636]LogModuleManager: Shutting down and abandoning module StreamingFile (6)
[2018.12.21-16.01.48:028][636]LogModuleManager: Shutting down and abandoning module SandboxFile (4)
[2018.12.21-16.01.48:028][636]LogModuleManager: Shutting down and abandoning module PakFile (2)
[2018.12.21-16.01.48:031][636]LogExit: Exiting.
[2018.12.21-16.01.48:043][636]Log file closed, 12/21/18 16:01:48
