Log file open, 12/20/18 15:54:07
LogWindows: Failed to load 'aqProf.dll' (GetLastError=126)
LogWindows: File 'aqProf.dll' does not exist
LogWindows: Failed to load 'VSPerf140.dll' (GetLastError=126)
LogWindows: File 'VSPerf140.dll' does not exist
LogWindows: Failed to load 'VtuneApi.dll' (GetLastError=126)
LogWindows: File 'VtuneApi.dll' does not exist
LogWindows: Failed to load 'VtuneApi32e.dll' (GetLastError=126)
LogWindows: File 'VtuneApi32e.dll' does not exist
LogInit: Display: Running engine for game: TGP_Project
LogPlatformFile: Not using cached read wrapper
LogTaskGraph: Started task graph with 5 named threads and 14 total threads with 3 sets of task threads.
LogStats: Stats thread started at 0.277310
LogD3D11RHI: Loaded GFSDK_Aftermath_Lib.x64.dll
LogICUInternationalization: Display: ICU TimeZone Detection - Raw Offset: +0:00, Platform Override: ''
LogPluginManager: Mounting plugin Paper2D
LogPluginManager: Mounting plugin AISupport
LogPluginManager: Mounting plugin LightPropagationVolume
LogPluginManager: Mounting plugin CLionSourceCodeAccess
LogPluginManager: Mounting plugin CodeLiteSourceCodeAccess
LogPluginManager: Mounting plugin GitSourceControl
LogPluginManager: Mounting plugin KDevelopSourceCodeAccess
LogPluginManager: Mounting plugin NullSourceCodeAccess
LogPluginManager: Mounting plugin PerforceSourceControl
LogPluginManager: Mounting plugin SubversionSourceControl
LogPluginManager: Mounting plugin UObjectPlugin
LogPluginManager: Mounting plugin VisualStudioCodeSourceCodeAccess
LogPluginManager: Mounting plugin VisualStudioSourceCodeAccess
LogPluginManager: Mounting plugin XCodeSourceCodeAccess
LogPluginManager: Mounting plugin AssetManagerEditor
LogPluginManager: Mounting plugin CryptoKeys
LogPluginManager: Mounting plugin DataValidation
LogPluginManager: Mounting plugin FacialAnimation
LogPluginManager: Mounting plugin GameplayTagsEditor
LogPluginManager: Mounting plugin MacGraphicsSwitching
LogPluginManager: Mounting plugin MeshEditor
LogPluginManager: Mounting plugin MobileLauncherProfileWizard
LogPluginManager: Mounting plugin PluginBrowser
LogPluginManager: Mounting plugin SpeedTreeImporter
LogPluginManager: Mounting plugin DatasmithContent
LogPluginManager: Mounting plugin AlembicImporter
LogPluginManager: Mounting plugin AppleImageUtils
LogPluginManager: Mounting plugin AppleVision
LogPluginManager: Mounting plugin BackChannel
LogPluginManager: Mounting plugin CharacterAI
LogPluginManager: Mounting plugin GeometryCache
LogPluginManager: Mounting plugin HTML5Networking
LogPluginManager: Mounting plugin ProxyLODPlugin
LogPluginManager: Mounting plugin MagicLeap
LogPluginManager: Mounting plugin MagicLeapEmulator
LogPluginManager: Mounting plugin MagicLeapMedia
LogPluginManager: Mounting plugin AndroidMedia
LogPluginManager: Mounting plugin AvfMedia
LogPluginManager: Mounting plugin ImgMedia
LogPluginManager: Mounting plugin LinearTimecode
LogPluginManager: Mounting plugin MediaCompositing
LogPluginManager: Mounting plugin MediaPlayerEditor
LogPluginManager: Mounting plugin WmfMedia
LogPluginManager: Mounting plugin TcpMessaging
LogPluginManager: Mounting plugin UdpMessaging
LogPluginManager: Mounting plugin ActorSequence
LogPluginManager: Mounting plugin LevelSequenceEditor
LogPluginManager: Mounting plugin MatineeToLevelSequence
LogPluginManager: Mounting plugin NetcodeUnitTest
LogPluginManager: Mounting plugin NUTUnrealEngine4
LogPluginManager: Mounting plugin OnlineSubsystemGooglePlay
LogPluginManager: Mounting plugin OnlineSubsystemIOS
LogPluginManager: Mounting plugin OnlineSubsystem
LogPluginManager: Mounting plugin OnlineSubsystemNull
LogPluginManager: Mounting plugin OnlineSubsystemUtils
LogPluginManager: Mounting plugin LauncherChunkInstaller
LogPluginManager: Mounting plugin AndroidDeviceProfileSelector
LogPluginManager: Mounting plugin AndroidMoviePlayer
LogPluginManager: Mounting plugin AndroidPermission
LogPluginManager: Mounting plugin AppleMoviePlayer
LogPluginManager: Mounting plugin ArchVisCharacter
LogPluginManager: Mounting plugin AudioCapture
LogPluginManager: Mounting plugin CableComponent
LogPluginManager: Mounting plugin CustomMeshComponent
LogPluginManager: Mounting plugin EditableMesh
LogPluginManager: Mounting plugin ExampleDeviceProfileSelector
LogPluginManager: Mounting plugin GoogleCloudMessaging
LogPluginManager: Mounting plugin ImmediatePhysics
LogPluginManager: Mounting plugin IOSDeviceProfileSelector
LogPluginManager: Mounting plugin LinuxDeviceProfileSelector
LogPluginManager: Mounting plugin LocationServicesBPLibrary
LogPluginManager: Mounting plugin MobilePatchingUtils
LogPluginManager: Mounting plugin OculusVR
LogPluginManager: Plugin shader directory ../../../Engine/Plugins/Runtime/Oculus/OculusVR/Shaders found
LogPluginManager: Mapping shader source directory ../../../Engine/Plugins/Runtime/Oculus/OculusVR/Shaders to virtual directory /Plugin/OculusVR
LogPluginManager: Mounting plugin PhysXVehicles
LogPluginManager: Mounting plugin ProceduralMeshComponent
LogPluginManager: Mounting plugin RuntimePhysXCooking
LogPluginManager: Mounting plugin SteamVR
LogPluginManager: Mounting plugin WindowsMoviePlayer
LogStreaming: Display: Took  0.136s to configure plugins.
LogInit: Using libcurl 7.55.1-DEV
LogInit:  - built for x86_64-pc-win32
LogInit:  - supports SSL with OpenSSL/1.0.2h
LogInit:  - supports HTTP deflate (compression) using libz 1.2.8
LogInit:  - other features:
LogInit:      CURL_VERSION_SSL
LogInit:      CURL_VERSION_LIBZ
LogInit:      CURL_VERSION_IPV6
LogInit:      CURL_VERSION_ASYNCHDNS
LogInit:      CURL_VERSION_LARGEFILE
LogInit:      CURL_VERSION_IDN
LogInit:  CurlRequestOptions (configurable via config and command line):
LogInit:  - bVerifyPeer = false  - Libcurl will NOT verify peer certificate
LogInit:  - bUseHttpProxy = false  - Libcurl will NOT use HTTP proxy
LogInit:  - bDontReuseConnections = false  - Libcurl will reuse connections
LogInit:  - CertBundlePath = nullptr  - Libcurl will use whatever was configured at build time.
LogInit:  - MaxHostConnections = 16  - Libcurl will limit the number of connections to a host
LogInit:  - LocalHostAddr = Default
LogInit:  - BufferSize = 65536
LogInit: WinSock: version 1.1 (2.2), MaxSocks=32767, MaxUdp=65467
LogInit: Build: ++UE4+Release-4.20-CL-4369336
LogInit: Engine Version: 4.20.3-4369336+++UE4+Release-4.20
LogInit: Compatible Engine Version: 4.20.0-4212847+++UE4+Release-4.20
LogInit: Net CL: 4212847
LogInit: OS: Windows 10 (), CPU: Intel(R) Core(TM) i5-4590 CPU @ 3.30GHz, GPU: NVIDIA GeForce GTX 1060 6GB
LogInit: Compiled (64-bit): Sep 17 2018 12:26:19
LogInit: Compiled with Visual C++: 19.13.26129.00
LogInit: Build Configuration: Development
LogInit: Branch Name: ++UE4+Release-4.20
LogInit: Command Line:  -skipcompile
LogInit: Base Directory: C:/Program Files/Epic Games/UE_4.20/Engine/Binaries/Win64/
LogInit: Installed Engine Build: 1
LogDevObjectVersion: Number of dev versions registered: 20
LogDevObjectVersion:   Dev-Blueprints (B0D832E4-1F89-4F0D-ACCF-7EB736FD4AA2): 10
LogDevObjectVersion:   Dev-Build (E1C64328-A22C-4D53-A36C-8E866417BD8C): 0
LogDevObjectVersion:   Dev-Core (375EC13C-06E4-48FB-B500-84F0262A717E): 2
LogDevObjectVersion:   Dev-Editor (E4B068ED-F494-42E9-A231-DA0B2E46BB41): 24
LogDevObjectVersion:   Dev-Framework (CFFC743F-43B0-4480-9391-14DF171D2073): 34
LogDevObjectVersion:   Dev-Mobile (B02B49B5-BB20-44E9-A304-32B752E40360): 2
LogDevObjectVersion:   Dev-Networking (A4E4105C-59A1-49B5-A7C5-40C4547EDFEE): 0
LogDevObjectVersion:   Dev-Online (39C831C9-5AE6-47DC-9A44-9C173E1C8E7C): 0
LogDevObjectVersion:   Dev-Physics (78F01B33-EBEA-4F98-B9B4-84EACCB95AA2): 0
LogDevObjectVersion:   Dev-Platform (6631380F-2D4D-43E0-8009-CF276956A95A): 0
LogDevObjectVersion:   Dev-Rendering (12F88B9F-8875-4AFC-A67C-D90C383ABD29): 26
LogDevObjectVersion:   Dev-Sequencer (7B5AE74C-D270-4C10-A958-57980B212A5A): 9
LogDevObjectVersion:   Dev-VR (D7296918-1DD6-4BDD-9DE2-64A83CC13884): 2
LogDevObjectVersion:   Dev-LoadTimes (C2A15278-BFE7-4AFE-6C17-90FF531DF755): 1
LogDevObjectVersion:   Private-Geometry (6EACA3D4-40EC-4CC1-B786-8BED09428FC5): 3
LogDevObjectVersion:   Dev-AnimPhys (29E575DD-E0A3-4627-9D10-D276232CDCEA): 17
LogDevObjectVersion:   Dev-ReflectionCapture (6B266CEC-1EC7-4B8F-A30B-E4D90942FC07): 1
LogDevObjectVersion:   Dev-Automation (0DF73D61-A23F-47EA-B727-89E90C41499A): 1
LogDevObjectVersion:   FortniteMain (601D1886-AC64-4F84-AA16-D3DE0DEAC7D6): 12
LogDevObjectVersion:   Dev-Enterprise (9DFFBCD6-494F-0158-E221-12823C92A888): 1
LogStreaming: Display: Took  0.002s to delete old logs.
LogInit: Presizing for max 8388607 objects, including 0 objects not considered by GC, pre-allocating 0 bytes for permanent pool.
LogInit: Object subsystem initialized
[2018.12.20-15.54.07:918][  0]LogInit: Selected Device Profile: [Windows]
[2018.12.20-15.54.07:918][  0]LogInit: Applying CVar settings loaded from the selected device profile: [Windows]
[2018.12.20-15.54.07:930][  0]LogHAL: Display: Platform has ~ 16 GB [17009229824 / 17179869184 / 16], which maps to Larger [LargestMinGB=32, LargerMinGB=12, DefaultMinGB=8, SmallerMinGB=6, SmallestMinGB=0)
[2018.12.20-15.54.07:930][  0]LogInit: Setting Device Profile CVar: [[r.Vulkan.UseRealUBs:1]]
[2018.12.20-15.54.07:930][  0]LogInit: Going up to parent DeviceProfile []
[2018.12.20-15.54.07:931][  0]LogInit: Computer: GROUNDZERO
[2018.12.20-15.54.07:931][  0]LogInit: User: TDSSK
[2018.12.20-15.54.07:931][  0]LogInit: CPU Page size=4096, Cores=4
[2018.12.20-15.54.07:931][  0]LogInit: High frequency timer resolution =3.222657 MHz
[2018.12.20-15.54.07:931][  0]LogMemory: Memory total: Physical=15.8GB (16GB approx)
[2018.12.20-15.54.07:931][  0]LogMemory: Platform Memory Stats for Windows
[2018.12.20-15.54.07:931][  0]LogMemory: Process Physical Memory: 102.63 MB used, 102.63 MB peak
[2018.12.20-15.54.07:931][  0]LogMemory: Process Virtual Memory: 96.23 MB used, 96.23 MB peak
[2018.12.20-15.54.07:931][  0]LogMemory: Physical Memory: 9655.67 MB used,  6565.60 MB free, 16221.27 MB total
[2018.12.20-15.54.07:931][  0]LogMemory: Virtual Memory: 536.47 MB used,  6565.60 MB free, 134217728.00 MB total
[2018.12.20-15.54.08:048][  0]LogInit: Using OS detected language (en-GB).
[2018.12.20-15.54.08:049][  0]LogInit: Using OS detected locale (en-GB).
[2018.12.20-15.54.08:050][  0]LogTextLocalizationManager: No specific localization for 'en-GB' exists, so the 'en' localization will be used.
[2018.12.20-15.54.08:453][  0]LogStreaming: Display: Took  0.404s to InitEngineTextLocalization.
[2018.12.20-15.54.08:453][  0]LogInit: Setting process to per monitor DPI aware
[2018.12.20-15.54.08:507][  0]LogSlate: New Slate User Created.  User Index 0, Is Virtual User: 0
[2018.12.20-15.54.08:508][  0]LogSlate: Slate User Registered.  User Index 0, Is Virtual User: 0
[2018.12.20-15.54.08:781][  0]LogHMD: Failed to initialize OpenVR with code 110
[2018.12.20-15.54.08:782][  0]LogD3D11RHI: D3D11 adapters:
[2018.12.20-15.54.08:882][  0]LogD3D11RHI:    0. 'NVIDIA GeForce GTX 1060 6GB' (Feature Level 11_0)
[2018.12.20-15.54.08:882][  0]LogD3D11RHI:       6052/0/8110 MB DedicatedVideo/DedicatedSystem/SharedSystem, Outputs:1, VendorId:0x10de
[2018.12.20-15.54.08:899][  0]LogD3D11RHI:    1. 'Intel(R) HD Graphics 4600' (Feature Level 11_0)
[2018.12.20-15.54.08:899][  0]LogD3D11RHI:       112/0/2048 MB DedicatedVideo/DedicatedSystem/SharedSystem, Outputs:0, VendorId:0x8086
[2018.12.20-15.54.08:906][  0]LogD3D11RHI:    2. 'Microsoft Basic Render Driver' (Feature Level 11_0)
[2018.12.20-15.54.08:906][  0]LogD3D11RHI:       0/0/8110 MB DedicatedVideo/DedicatedSystem/SharedSystem, Outputs:0, VendorId:0x1414
[2018.12.20-15.54.08:906][  0]LogD3D11RHI: Chosen D3D11 Adapter: 0
[2018.12.20-15.54.08:919][  0]LogD3D11RHI: Creating new Direct3DDevice
[2018.12.20-15.54.08:919][  0]LogD3D11RHI:     GPU DeviceId: 0x1c03 (for the marketing name, search the web for "GPU Device Id")
[2018.12.20-15.54.08:919][  0]LogWindows: EnumDisplayDevices:
[2018.12.20-15.54.08:919][  0]LogWindows:    0. 'NVIDIA GeForce GTX 1060 6GB' (P:1 D:1)
[2018.12.20-15.54.08:920][  0]LogWindows:    1. 'NVIDIA GeForce GTX 1060 6GB' (P:0 D:0)
[2018.12.20-15.54.08:920][  0]LogWindows:    2. 'NVIDIA GeForce GTX 1060 6GB' (P:0 D:0)
[2018.12.20-15.54.08:921][  0]LogWindows:    3. 'NVIDIA GeForce GTX 1060 6GB' (P:0 D:0)
[2018.12.20-15.54.08:922][  0]LogWindows:    4. 'Intel(R) HD Graphics 4600' (P:0 D:0)
[2018.12.20-15.54.08:923][  0]LogWindows:    5. 'Intel(R) HD Graphics 4600' (P:0 D:0)
[2018.12.20-15.54.08:923][  0]LogWindows:    6. 'Intel(R) HD Graphics 4600' (P:0 D:0)
[2018.12.20-15.54.08:924][  0]LogWindows: DebugString: PrimaryIsNotTheChoosenAdapter PrimaryIsNotTheChoosenAdapter PrimaryIsNotTheChoosenAdapter FoundDriverCount:4 
[2018.12.20-15.54.08:924][  0]LogD3D11RHI:     Adapter Name: NVIDIA GeForce GTX 1060 6GB
[2018.12.20-15.54.08:924][  0]LogD3D11RHI:   Driver Version: 397.64 (internal:24.21.13.9764, unified:397.64)
[2018.12.20-15.54.08:924][  0]LogD3D11RHI:      Driver Date: 5-7-2018
[2018.12.20-15.54.08:924][  0]LogRHI: Texture pool is 4236 MB (70% of 6052 MB)
[2018.12.20-15.54.08:999][  0]LogD3D11RHI: Async texture creation enabled
[2018.12.20-15.54.09:060][  0]LogD3D11RHI: GPU Timing Frequency: 1000.000000 (Debug: 2 2)
[2018.12.20-15.54.09:062][  0]LogShaderCompilers: Guid format shader working directory is -2 characters bigger than the processId version (D:/Documents/GitHub/TGP_PairProject/TGP_Project/Intermediate/Shaders/WorkingDirectory/24700/).
[2018.12.20-15.54.09:062][  0]LogShaderCompilers: Cleaned the shader compiler working directory 'C:/Users/TDSSK/AppData/Local/Temp/UnrealShaderWorkingDir/9CB37FEF44DE389CA947529F0A83787E/'.
[2018.12.20-15.54.09:360][  0]LogTemp: Display: Loaded TP AllDesktopTargetPlatform
[2018.12.20-15.54.09:377][  0]LogTemp: Display: Loaded TP MacClientTargetPlatform
[2018.12.20-15.54.09:395][  0]LogTemp: Display: Loaded TP MacNoEditorTargetPlatform
[2018.12.20-15.54.09:412][  0]LogTemp: Display: Loaded TP MacServerTargetPlatform
[2018.12.20-15.54.09:430][  0]LogTemp: Display: Loaded TP MacTargetPlatform
[2018.12.20-15.54.09:448][  0]LogTemp: Display: Loaded TP WindowsClientTargetPlatform
[2018.12.20-15.54.09:466][  0]LogTemp: Display: Loaded TP WindowsNoEditorTargetPlatform
[2018.12.20-15.54.09:485][  0]LogTemp: Display: Loaded TP WindowsServerTargetPlatform
[2018.12.20-15.54.09:495][  0]LogTemp: Display: Loaded TP WindowsTargetPlatform
[2018.12.20-15.54.09:583][  0]LogTemp: Display: Loaded TP AndroidTargetPlatform
[2018.12.20-15.54.09:583][  0]LogTemp: Display: Loaded TP AndroidTargetPlatform
[2018.12.20-15.54.09:583][  0]LogTemp: Display: Loaded TP AndroidTargetPlatform
[2018.12.20-15.54.09:583][  0]LogTemp: Display: Loaded TP AndroidTargetPlatform
[2018.12.20-15.54.09:583][  0]LogTemp: Display: Loaded TP AndroidTargetPlatform
[2018.12.20-15.54.09:583][  0]LogTemp: Display: Loaded TP AndroidTargetPlatform
[2018.12.20-15.54.09:583][  0]LogTemp: Display: Loaded TP AndroidTargetPlatform
[2018.12.20-15.54.09:583][  0]LogTemp: Display: Loaded TP AndroidTargetPlatform
[2018.12.20-15.54.09:583][  0]LogTemp: Display: Loaded TP AndroidTargetPlatform
[2018.12.20-15.54.09:583][  0]LogTemp: Display: Loaded TP AndroidTargetPlatform
[2018.12.20-15.54.09:583][  0]LogTemp: Display: Loaded TP AndroidTargetPlatform
[2018.12.20-15.54.09:583][  0]LogTemp: Display: Loaded TP AndroidTargetPlatform
[2018.12.20-15.54.09:583][  0]LogTemp: Display: Loaded TP AndroidTargetPlatform
[2018.12.20-15.54.09:583][  0]LogTemp: Display: Loaded TP AndroidTargetPlatform
[2018.12.20-15.54.09:583][  0]LogTemp: Display: Loaded TP AndroidTargetPlatform
[2018.12.20-15.54.09:583][  0]LogTemp: Display: Loaded TP AndroidTargetPlatform
[2018.12.20-15.54.09:584][  0]LogTemp: Display: Loaded TP AndroidTargetPlatform
[2018.12.20-15.54.09:584][  0]LogTemp: Display: Loaded TP AndroidTargetPlatform
[2018.12.20-15.54.09:587][  0]LogTemp: Display: Loaded TP HTML5TargetPlatform
[2018.12.20-15.54.09:659][  0]LogTemp: Display: Loaded TP IOSTargetPlatform
[2018.12.20-15.54.09:659][  0]LogTemp: Display: Loaded TP IOSTargetPlatform
[2018.12.20-15.54.09:686][  0]LogTemp: Display: Loaded TP TVOSTargetPlatform
[2018.12.20-15.54.09:686][  0]LogTemp: Display: Loaded TP TVOSTargetPlatform
[2018.12.20-15.54.09:702][  0]LogTemp: Display: Loaded TP LinuxClientTargetPlatform
[2018.12.20-15.54.09:719][  0]LogTemp: Display: Loaded TP LinuxNoEditorTargetPlatform
[2018.12.20-15.54.09:735][  0]LogTemp: Display: Loaded TP LinuxServerTargetPlatform
[2018.12.20-15.54.09:752][  0]LogTemp: Display: Loaded TP LinuxTargetPlatform
[2018.12.20-15.54.09:765][  0]LogTemp: Display: Loaded TP LuminTargetPlatform
[2018.12.20-15.54.09:765][  0]LogTargetPlatformManager: Display: Building Assets For Windows
[2018.12.20-15.54.09:899][  0]LogXGEController: Cleaning working directory: C:/Users/TDSSK/AppData/Local/Temp/UnrealXGEWorkingDir/
[2018.12.20-15.54.09:899][  0]LogXGEController: Cannot use XGE Controller as Incredibuild is not installed on this machine.
[2018.12.20-15.54.09:899][  0]LogShaderCompilers: Cannot use XGE Shader Compiler as Incredibuild is not installed on this machine.
[2018.12.20-15.54.09:899][  0]LogShaderCompilers: Display: Using Local Shader Compiler.
[2018.12.20-15.54.10:853][  0]LogDerivedDataCache: Display: Max Cache Size: 512 MB
[2018.12.20-15.54.10:948][  0]LogDerivedDataCache: Loaded boot cache 0.09s 71MB C:/Users/TDSSK/AppData/Local/UnrealEngine/4.20/DerivedDataCache/Boot.ddc.
[2018.12.20-15.54.10:948][  0]LogDerivedDataCache: Display: Loaded Boot cache: C:/Users/TDSSK/AppData/Local/UnrealEngine/4.20/DerivedDataCache/Boot.ddc
[2018.12.20-15.54.10:948][  0]LogDerivedDataCache: FDerivedDataBackendGraph:  Pak pak cache file D:/Documents/GitHub/TGP_PairProject/TGP_Project/DerivedDataCache/DDC.ddp not found, will not use a pak cache.
[2018.12.20-15.54.10:948][  0]LogDerivedDataCache: Unable to find inner node Pak for hierarchical cache Hierarchy.
[2018.12.20-15.54.10:949][  0]LogDerivedDataCache: FDerivedDataBackendGraph:  CompressedPak pak cache file D:/Documents/GitHub/TGP_PairProject/TGP_Project/DerivedDataCache/Compressed.ddp not found, will not use a pak cache.
[2018.12.20-15.54.10:949][  0]LogDerivedDataCache: Unable to find inner node CompressedPak for hierarchical cache Hierarchy.
[2018.12.20-15.54.10:962][  0]LogDerivedDataCache: Display: Pak cache opened for reading ../../../Engine/DerivedDataCache/Compressed.ddp.
[2018.12.20-15.54.10:976][  0]LogDerivedDataCache: Using Local data cache path C:/Users/TDSSK/AppData/Local/UnrealEngine/Common/DerivedDataCache: Writable
[2018.12.20-15.54.10:976][  0]LogDerivedDataCache: Shared data cache path not found in *engine.ini, will not use an Shared cache.
[2018.12.20-15.54.10:976][  0]LogDerivedDataCache: Unable to find inner node Shared for hierarchical cache Hierarchy.
[2018.12.20-15.54.10:995][  0]LogMaterial: Verifying Global Shaders for PCD3D_SM5
[2018.12.20-15.54.10:997][  0]LogSlate: Using FreeType 2.6.0
[2018.12.20-15.54.10:998][  0]LogSlate: SlateFontServices - WITH_FREETYPE: 1, WITH_HARFBUZZ: 1
[2018.12.20-15.54.11:102][  0]LogAssetRegistry: FAssetRegistry took 0.0292 seconds to start up
[2018.12.20-15.54.11:451][  0]LogInit: Selected Device Profile: [Windows]
[2018.12.20-15.54.11:623][  0]LogSimplygon: Simplygon DLL not present - disabling.
[2018.12.20-15.54.11:633][  0]LogMeshReduction: Using SimplygonSwarm for distributed automatic mesh merging
[2018.12.20-15.54.11:633][  0]LogMeshReduction: Using ProxyLODMeshReduction for automatic mesh merging
[2018.12.20-15.54.11:633][  0]LogMeshReduction: Using QuadricMeshReduction for automatic static mesh reduction
[2018.12.20-15.54.11:633][  0]LogMeshReduction: No automatic skeletal mesh reduction module available
[2018.12.20-15.54.11:651][  0]LogNetVersion: TGP_Project 1.0.0, NetCL: 4212847, EngineNetVer: 5, GameNetVer: 0 (Checksum: 95638710)
[2018.12.20-15.54.12:276][  0]LogPackageLocalizationCache: Processed 11 localized package path(s) for 2 prioritized culture(s) in 0.092398 seconds
[2018.12.20-15.54.12:282][  0]LogUObjectArray: 38425 objects as part of root set at end of initial load.
[2018.12.20-15.54.12:282][  0]LogUObjectAllocator: 6690872 out of 0 bytes used by permanent object pool.
[2018.12.20-15.54.12:282][  0]LogUObjectArray: CloseDisregardForGC: 0/0 objects in disregard for GC pool
[2018.12.20-15.54.13:800][  0]LogTcpMessaging: Initializing TcpMessaging bridge
[2018.12.20-15.54.13:822][  0]LogUdpMessaging: Initializing bridge on interface 0.0.0.0:0 to multicast group 230.0.0.1:6666.
[2018.12.20-15.54.14:053][  0]SourceControl: Source control is disabled
[2018.12.20-15.54.14:053][  0]SourceControl: Source control is disabled
[2018.12.20-15.54.14:057][  0]SourceControl: Source control is disabled
[2018.12.20-15.54.14:060][  0]SourceControl: Source control is disabled
[2018.12.20-15.54.14:312][  0]LogAndroidPermission: UAndroidPermissionCallbackProxy::GetInstance
[2018.12.20-15.54.14:603][  0]LogOcInput: OculusInput pre-init called
[2018.12.20-15.54.14:683][  0]LogEngine: Initializing Engine...
[2018.12.20-15.54.14:684][  0]LogHMD: Failed to initialize OpenVR with code 110
[2018.12.20-15.54.14:686][  0]LogStats: UGameplayTagsManager::ConstructGameplayTagTree: ImportINI prefixes -  0.000 s
[2018.12.20-15.54.14:686][  0]LogStats: UGameplayTagsManager::ConstructGameplayTagTree: Construct from data asset -  0.000 s
[2018.12.20-15.54.14:686][  0]LogStats: UGameplayTagsManager::ConstructGameplayTagTree: ImportINI -  0.000 s
[2018.12.20-15.54.14:686][  0]LogStats: UGameplayTagsManager::ConstructGameplayTagTree: GameplayTagTreeChangedEvent.Broadcast -  0.000 s
[2018.12.20-15.54.14:931][  0]LogInit: Initializing FReadOnlyCVARCache
[2018.12.20-15.54.14:955][  0]LogAIModule: Creating AISystem for world Untitled
[2018.12.20-15.54.15:091][  0]LogInit: XAudio2 using 'Speakers (Realtek High Definition Audio)' : 2 channels at 48 kHz using 32 bits per sample (channel mask 0x3)
[2018.12.20-15.54.15:118][  0]LogInit: FAudioDevice initialized.
[2018.12.20-15.54.15:119][  0]LogNetVersion: Set ProjectVersion to 1.0.0.0. Version Checksum will be recalculated on next use.
[2018.12.20-15.54.15:464][  0]LogDerivedDataCache: Saved boot cache 0.34s 71MB C:/Users/TDSSK/AppData/Local/UnrealEngine/4.20/DerivedDataCache/Boot.ddc.
[2018.12.20-15.54.15:481][  0]LogInit: Texture streaming: Enabled
[2018.12.20-15.54.15:538][  0]LogEngineSessionManager: EngineSessionManager initialized
[2018.12.20-15.54.15:555][  0]LogInit: Transaction tracking system initialized
[2018.12.20-15.54.15:610][  0]BlueprintLog: New page: Editor Load
[2018.12.20-15.54.15:769][  0]LocalizationService: Localization service is disabled
[2018.12.20-15.54.16:086][  0]LogCook: Display: Max memory allowance for cook 16384mb min free memory 0mb
[2018.12.20-15.54.16:086][  0]LogCook: Display: Mobile HDR setting 1
[2018.12.20-15.54.16:086][  0]LogGameplayTags: Display: UGameplayTagsManager::DoneAddingNativeTags. DelegateIsBound: 0
[2018.12.20-15.54.16:086][  0]LogStats: UGameplayTagsManager::ConstructGameplayTagTree: ImportINI prefixes -  0.000 s
[2018.12.20-15.54.16:086][  0]LogStats: UGameplayTagsManager::ConstructGameplayTagTree: Construct from data asset -  0.000 s
[2018.12.20-15.54.16:087][  0]LogStats: UGameplayTagsManager::ConstructGameplayTagTree: ImportINI -  0.000 s
[2018.12.20-15.54.16:087][  0]LogStats: UGameplayTagsManager::ConstructGameplayTagTree: GameplayTagTreeChangedEvent.Broadcast -  0.000 s
[2018.12.20-15.54.16:288][  0]LogFileCache: Scanning file cache for directory 'D:/Documents/GitHub/TGP_PairProject/TGP_Project/Content/' took 0.01s
[2018.12.20-15.54.16:288][  0]SourceControl: Source control is disabled
[2018.12.20-15.54.16:288][  0]Cmd: MAP LOAD FILE="D:/Documents/GitHub/TGP_PairProject/TGP_Project/Content/Levels/BaseLevel.umap" TEMPLATE=0 SHOWPROGRESS=1 FEATURELEVEL=3
[2018.12.20-15.54.16:289][  0]LightingResults: New page: Lighting Build
[2018.12.20-15.54.16:293][  0]MapCheck: New page: Map Check
[2018.12.20-15.54.16:293][  0]LightingResults: New page: Lighting Build
[2018.12.20-15.54.16:449][  0]LogAIModule: Creating AISystem for world BaseLevel
[2018.12.20-15.54.16:457][  0]LogEditorServer: Finished looking for orphan Actors (0.000 secs)
[2018.12.20-15.54.16:480][  0]Cmd: MAP CHECKDEP NOCLEARLOG
[2018.12.20-15.54.16:607][  0]MapCheck: Map check complete: 0 Error(s), 0 Warning(s), took 126.951ms to complete.
[2018.12.20-15.54.16:607][  0]LogFileHelpers: Loading map 'BaseLevel' took 0.320
[2018.12.20-15.54.16:730][  0]LogSlate: Updating window title bar state: overlay mode, drag disabled, window buttons hidden, title bar hidden
[2018.12.20-15.54.16:742][  0]LogSlate: Updating window title bar state: overlay mode, drag disabled, window buttons hidden, title bar hidden
[2018.12.20-15.54.16:752][  0]LogSlate: Updating window title bar state: overlay mode, drag disabled, window buttons hidden, title bar hidden
[2018.12.20-15.54.16:762][  0]LogSlate: Updating window title bar state: overlay mode, drag disabled, window buttons hidden, title bar hidden
[2018.12.20-15.54.16:775][  0]LogCollectionManager: Loaded 0 collections in 0.003402 seconds
[2018.12.20-15.54.16:824][  0]LogFileCache: Scanning file cache for directory 'D:/Documents/GitHub/TGP_PairProject/TGP_Project/Saved/Collections/' took 0.01s
[2018.12.20-15.54.16:824][  0]LogFileCache: Scanning file cache for directory 'D:/Documents/GitHub/TGP_PairProject/TGP_Project/Content/Developers/TDSSK/Collections/' took 0.01s
[2018.12.20-15.54.16:824][  0]LogFileCache: Scanning file cache for directory 'D:/Documents/GitHub/TGP_PairProject/TGP_Project/Content/Collections/' took 0.01s
[2018.12.20-15.54.16:824][  0]LogCollectionManager: Rebuilt the GUID cache for 0 collections in 0.000000 seconds
[2018.12.20-15.54.16:834][  0]LogContentBrowser: Native class hierarchy populated in 0.0093 seconds. Added 2586 classes and 606 folders.
[2018.12.20-15.54.16:844][  0]LogContentBrowser: Native class hierarchy updated for 'WidgetCarousel' in 0.0003 seconds. Added 0 classes and 0 folders.
[2018.12.20-15.54.16:927][  0]LogContentBrowser: Native class hierarchy updated for 'AddContentDialog' in 0.0003 seconds. Added 0 classes and 0 folders.
[2018.12.20-15.54.16:935][  0]LogContentBrowser: Native class hierarchy updated for 'SceneOutliner' in 0.0003 seconds. Added 1 classes and 2 folders.
[2018.12.20-15.54.17:000][  0]LogSlate: Took 0.000617 seconds to synchronously load lazily loaded font '../../../Engine/Content/Slate/Fonts/Roboto-Regular.ttf' (155K)
[2018.12.20-15.54.17:003][  0]LogSlate: Took 0.000577 seconds to synchronously load lazily loaded font '../../../Engine/Content/Slate/Fonts/Roboto-Bold.ttf' (160K)
[2018.12.20-15.54.17:013][  0]LogSlate: Took 0.000574 seconds to synchronously load lazily loaded font '../../../Engine/Content/Editor/Slate/Fonts/FontAwesome.ttf' (139K)
[2018.12.20-15.54.17:103][  0]LogRenderer: Reallocating scene render targets to support 1208x600 Format 10 NumSamples 1 (Frame:1).
[2018.12.20-15.54.17:156][  0]LogSlate: Took 0.000660 seconds to synchronously load lazily loaded font '../../../Engine/Content/Slate/Fonts/Roboto-Light.ttf' (167K)
[2018.12.20-15.54.17:323][  0]LogContentBrowser: Native class hierarchy updated for 'HierarchicalLODOutliner' in 0.0004 seconds. Added 0 classes and 0 folders.
[2018.12.20-15.54.17:323][  0]LogLoad: (Engine Initialization) Total time: 11.81 seconds
[2018.12.20-15.54.17:323][  0]LogLoad: (Engine Initialization) Total Blueprint compile time: 0.00 seconds
[2018.12.20-15.54.17:334][  0]LogWindowsTextInputMethodSystem: Display: IME system now deactivated.
[2018.12.20-15.54.17:392][  0]LogContentStreaming: Texture pool size now 1000 MB
[2018.12.20-15.54.17:415][  1]LogFileCache: Retrieving MD5 hashes for directory 'D:/Documents/GitHub/TGP_PairProject/TGP_Project/Content/' took 0.07s
[2018.12.20-15.54.17:432][  1]LogAssetRegistry: Asset discovery search completed in 6.3538 seconds
[2018.12.20-15.54.17:434][  1]LogCollectionManager: Rebuilt the object cache for 0 collections in 0.000000 seconds (found 0 objects)
[2018.12.20-15.54.17:434][  1]LogCollectionManager: Fixed up redirectors for 0 collections in 0.000162 seconds (updated 0 objects)
[2018.12.20-15.54.21:719][510]LogEditorViewport: Clicking on Actor (LMB): StaticMeshActor (Floor)
[2018.12.20-15.54.22:334][562]Cmd: DELETE
[2018.12.20-15.54.22:334][562]Cmd: ACTOR DELETE
[2018.12.20-15.54.22:338][562]LogEditorActor: Deleted Actor: StaticMeshActor
[2018.12.20-15.54.22:358][562]LogEditorActor: Deleted 1 Actors (0.024 secs)
[2018.12.20-15.54.24:643][834]LogSlate: FSceneViewport::OnFocusLost() reason 0
[2018.12.20-15.54.34:321][831]LogSlate: Took 0.000236 seconds to synchronously load lazily loaded font '../../../Engine/Content/Slate/Fonts/Roboto-Light.ttf' (167K)
[2018.12.20-15.54.34:331][831]LogFactory: FactoryCreateFile: Texture with ReimportTextureFactory (0 0 D:\Desktop\BasicLevel.png)
[2018.12.20-15.54.34:346][831]LogTexture: Display: Building textures: BasicLevel (AutoDXT, 1024X1024)
[2018.12.20-15.54.48:728][429]LogSlate: FSceneViewport::OnFocusLost() reason 0
[2018.12.20-15.54.50:601][653]LogSlate: Took 0.000331 seconds to synchronously load lazily loaded font '../../../Engine/Content/Slate/Fonts/Roboto-Italic.ttf' (157K)
[2018.12.20-15.54.55:360][212]LogSlate: FSceneViewport::OnFocusLost() reason 0
[2018.12.20-15.55.02:215][ 10]LogEditorViewport: Clicking on Actor (LMB): RestrictedAreas_C (RestrictedAreas)
[2018.12.20-15.55.32:568][573]LogEditorViewport: Clicking on Actor (LMB): EntranceToRestictedArea_C (EntranceToRestictedArea)
[2018.12.20-15.56.05:863][481]LogEditorViewport: Clicking on Actor (LMB): PostProcessVolume (PostProcessVolume)
[2018.12.20-15.56.06:881][559]LogEditorViewport: Clicking on Actor (LMB): PostProcessVolume (PostProcessVolume)
[2018.12.20-15.56.08:870][786]LogEditorViewport: Clicking on Actor (LMB): PlayerStart (Player Start)
[2018.12.20-15.56.11:659][114]LogNavigationPoint: PostEditMove Clear paths rebuilt
[2018.12.20-15.56.18:069][844]LogNavigationPoint: PostEditMove Clear paths rebuilt
[2018.12.20-15.56.18:589][905]LogSlate: FSceneViewport::OnFocusLost() reason 0
[2018.12.20-15.56.18:664][914]LogTemp: Repeating last play command: Selected Viewport
[2018.12.20-15.56.18:681][914]LogPlayLevel: PlayLevel: No blueprints needed recompiling
[2018.12.20-15.56.18:695][914]PIE: New page: PIE session: BaseLevel (20 Dec 2018 15:56:18)
[2018.12.20-15.56.18:695][914]LogPlayLevel: Creating play world package: /Game/Levels/UEDPIE_0_BaseLevel
[2018.12.20-15.56.18:698][914]LogPlayLevel: PIE: StaticDuplicateObject took: (0.003125s)
[2018.12.20-15.56.18:699][914]LogAIModule: Creating AISystem for world BaseLevel
[2018.12.20-15.56.18:699][914]LogPlayLevel: PIE: World Init took: (0.000777s)
[2018.12.20-15.56.18:699][914]LogPlayLevel: PIE: Created PIE world by copying editor world from /Game/Levels/BaseLevel.BaseLevel to /Game/Levels/UEDPIE_0_BaseLevel.BaseLevel (0.004293s)
[2018.12.20-15.56.18:750][914]LogInit: XAudio2 using 'Speakers (Realtek High Definition Audio)' : 2 channels at 48 kHz using 32 bits per sample (channel mask 0x3)
[2018.12.20-15.56.18:773][914]LogInit: FAudioDevice initialized.
[2018.12.20-15.56.18:824][914]LogLoad: Game class is 'GM_GAME_C'
[2018.12.20-15.56.18:829][914]LogWorld: Bringing World /Game/Levels/UEDPIE_0_BaseLevel.BaseLevel up for play (max tick rate 0) at 2018.12.20-15.56.18
[2018.12.20-15.56.18:831][914]LogWorld: Bringing up level for play took: 0.003481
[2018.12.20-15.56.18:868][914]LogContentBrowser: Native class hierarchy updated for 'MovieSceneCapture' in 0.0009 seconds. Added 10 classes and 0 folders.
[2018.12.20-15.56.18:870][914]PIE: Play in editor start time for /Game/Levels/UEDPIE_0_BaseLevel 0.846
[2018.12.20-15.56.28:628][ 82]LogBlueprintUserMessages: [EntranceToRestictedArea_2] yeet
[2018.12.20-15.56.28:927][118]LogBlueprintUserMessages: [EntranceToRestictedArea2] yeet
[2018.12.20-15.56.29:294][162]LogBlueprintUserMessages: [EntranceToRestictedArea2] yeet
[2018.12.20-15.56.29:661][206]LogBlueprintUserMessages: [EntranceToRestictedArea_2] yeet
[2018.12.20-15.56.30:336][287]LogBlueprintUserMessages: [EntranceToRestictedArea_2] yeet
[2018.12.20-15.56.30:670][327]LogBlueprintUserMessages: [EntranceToRestictedArea2] yeet
[2018.12.20-15.56.32:411][536]LogSlate: FSceneViewport::OnFocusLost() reason 0
[2018.12.20-15.56.32:487][545]LogSlate: Updating window title bar state: overlay mode, drag disabled, window buttons hidden, title bar hidden
[2018.12.20-15.56.32:523][545]LogPlayLevel: Display: Shutting down PIE online subsystems
[2018.12.20-15.56.32:546][545]LogSlate: Updating window title bar state: overlay mode, drag disabled, window buttons hidden, title bar hidden
[2018.12.20-15.56.32:589][549]LogPlayLevel: Display: Destroying online subsystem :Context_5
[2018.12.20-15.56.34:703][679]LogSlate: Window 'Save Content' being destroyed
[2018.12.20-15.56.34:827][679]Cmd: OBJ SAVEPACKAGE PACKAGE="/Game/Levels/BaseLevel" FILE="D:/Documents/GitHub/TGP_PairProject/TGP_Project/Content/Levels/BaseLevel.umap" SILENT=true AUTOSAVING=false KEEPDIRTY=false
[2018.12.20-15.56.34:902][679]LogSavePackage: Moving 'D:/Documents/GitHub/TGP_PairProject/TGP_Project/Saved/BaseLevel44ECCDC24FC0172443C2A0A9C0169800.tmp' to 'D:/Documents/GitHub/TGP_PairProject/TGP_Project/Content/Levels/BaseLevel.umap'
[2018.12.20-15.56.34:935][679]LogFileHelpers: Saving map 'BaseLevel' took 0.215
[2018.12.20-15.56.34:978][679]Cmd: OBJ SAVEPACKAGE PACKAGE="/Game/Levels/BasicLevel" FILE="D:/Documents/GitHub/TGP_PairProject/TGP_Project/Content/Levels/BasicLevel.uasset" SILENT=true
[2018.12.20-15.56.35:032][679]LogSavePackage: Moving 'D:/Documents/GitHub/TGP_PairProject/TGP_Project/Saved/BasicLevel4FEF1F054D8A19AC322A8780E10102D4.tmp' to 'D:/Documents/GitHub/TGP_PairProject/TGP_Project/Content/Levels/BasicLevel.uasset'
[2018.12.20-15.56.35:046][679]Cmd: OBJ SAVEPACKAGE PACKAGE="/Game/Levels/BasicLevel_Sprite" FILE="D:/Documents/GitHub/TGP_PairProject/TGP_Project/Content/Levels/BasicLevel_Sprite.uasset" SILENT=true
[2018.12.20-15.56.35:066][679]LogSavePackage: Moving 'D:/Documents/GitHub/TGP_PairProject/TGP_Project/Saved/BasicLevel_Sprite83AF23C44931A008BC903984B2F31B96.tmp' to 'D:/Documents/GitHub/TGP_PairProject/TGP_Project/Content/Levels/BasicLevel_Sprite.uasset'
[2018.12.20-15.56.38:409][ 79]LogEditorViewport: Clicking on Actor (LMB): TargetPoint (TargetPoint2)
[2018.12.20-15.56.41:496][442]LogEditorViewport: Clicking on Actor (LMB): TargetPoint (TargetPoint)
[2018.12.20-15.56.45:385][888]LogEditorViewport: Clicking on Actor (LMB): TargetPoint (TargetPoint3)
[2018.12.20-15.56.47:827][176]LogEditorViewport: Clicking on Actor (LMB): BP_Civilian_C (BP_Civilian3)
[2018.12.20-15.56.50:980][541]LogEditorViewport: Clicking on Actor (LMB): BP_Civilian_C (BP_Civilian)
[2018.12.20-15.56.53:995][891]LogEditorViewport: Clicking on Actor (LMB): BP_Civilian_C (BP_Civilian2)
[2018.12.20-15.56.57:224][260]LogSlate: FSceneViewport::OnFocusLost() reason 0
[2018.12.20-15.58.36:826][ 55]LogEditorViewport: Clicking Background
[2018.12.20-15.58.42:177][694]LogEditorViewport: Clicking on Actor (LMB): BP_Civilian_C (BP_Civilian2)
[2018.12.20-15.58.43:263][814]LogEditorViewport: Clicking on Actor (CTRL LMB): BP_Civilian_C (BP_Civilian3)
[2018.12.20-15.58.44:193][915]LogEditorViewport: Clicking on Actor (CTRL LMB): BP_Civilian_C (BP_Civilian)
[2018.12.20-15.58.51:618][766]LogEditorViewport: Clicking on Actor (LMB): PaperSpriteActor (BasicLevel_Sprite)
[2018.12.20-15.58.52:268][839]LogEditorViewport: Clicking on Actor (LMB): PlayerStart (Player Start)
[2018.12.20-15.58.54:976][143]LogEditorViewport: Clicking on Actor (LMB): BP_Civilian_C (BP_Civilian2)
[2018.12.20-15.58.58:019][477]LogEditorViewport: Clicking on Actor (LMB): BP_Civilian_C (BP_Civilian3)
[2018.12.20-15.59.01:564][875]LogSlate: FSceneViewport::OnFocusLost() reason 0
[2018.12.20-15.59.15:420][512]LogEditorViewport: Clicking on Actor (LMB): PaperSpriteActor (BasicLevel_Sprite)
[2018.12.20-15.59.15:985][574]LogEditorViewport: Clicking on Actor (LMB): BP_Civilian_C (BP_Civilian2)
[2018.12.20-15.59.16:799][662]LogEditorViewport: Clicking on Actor (LMB): PaperSpriteActor (BasicLevel_Sprite)
[2018.12.20-15.59.17:343][722]LogEditorViewport: Clicking on Actor (LMB): BP_Civilian_C (BP_Civilian3)
[2018.12.20-15.59.25:134][635]LogSlate: FSceneViewport::OnFocusLost() reason 0
[2018.12.20-15.59.27:500][915]LogEditorViewport: Clicking on Actor (LMB): BP_Civilian_C (BP_Civilian2)
[2018.12.20-15.59.29:710][167]LogSlate: FSceneViewport::OnFocusLost() reason 0
[2018.12.20-15.59.44:475][924]LogEditorViewport: Clicking on Actor (LMB): BP_Civilian_C (BP_Civilian)
[2018.12.20-15.59.46:460][149]LogSlate: FSceneViewport::OnFocusLost() reason 0
[2018.12.20-15.59.50:670][647]LogEditorViewport: Clicking on Actor (LMB): PlayerStart (Player Start)
[2018.12.20-15.59.52:744][892]LogSlate: FSceneViewport::OnFocusLost() reason 0
[2018.12.20-15.59.56:141][293]LogTemp: Repeating last play command: Selected Viewport
[2018.12.20-15.59.56:157][293]LogPlayLevel: PlayLevel: No blueprints needed recompiling
[2018.12.20-15.59.56:157][293]PIE: New page: PIE session: BaseLevel (20 Dec 2018 15:59:56)
[2018.12.20-15.59.56:157][293]LogPlayLevel: Creating play world package: /Game/Levels/UEDPIE_0_BaseLevel
[2018.12.20-15.59.56:161][293]LogPlayLevel: PIE: StaticDuplicateObject took: (0.003124s)
[2018.12.20-15.59.56:161][293]LogAIModule: Creating AISystem for world BaseLevel
[2018.12.20-15.59.56:161][293]LogPlayLevel: PIE: World Init took: (0.000720s)
[2018.12.20-15.59.56:162][293]LogPlayLevel: PIE: Created PIE world by copying editor world from /Game/Levels/BaseLevel.BaseLevel to /Game/Levels/UEDPIE_0_BaseLevel.BaseLevel (0.004151s)
[2018.12.20-15.59.56:215][293]LogInit: XAudio2 using 'Speakers (Realtek High Definition Audio)' : 2 channels at 48 kHz using 32 bits per sample (channel mask 0x3)
[2018.12.20-15.59.56:238][293]LogInit: FAudioDevice initialized.
[2018.12.20-15.59.56:270][293]LogLoad: Game class is 'GM_GAME_C'
[2018.12.20-15.59.56:271][293]LogWorld: Bringing World /Game/Levels/UEDPIE_0_BaseLevel.BaseLevel up for play (max tick rate 0) at 2018.12.20-15.59.56
[2018.12.20-15.59.56:272][293]LogWorld: Bringing up level for play took: 0.001393
[2018.12.20-15.59.56:286][293]PIE: Play in editor start time for /Game/Levels/UEDPIE_0_BaseLevel 0.261
[2018.12.20-16.00.06:964][571]LogBlueprintUserMessages: [EntranceToRestictedArea3] yeet
[2018.12.20-16.00.07:414][625]LogSlate: FSceneViewport::OnFocusLost() reason 0
[2018.12.20-16.00.19:016][  8]LogSlate: FSceneViewport::OnFocusLost() reason 0
[2018.12.20-16.00.19:824][ 74]Cmd: CAMERA ALIGN ACTIVEVIEWPORTONLY
[2018.12.20-16.00.24:314][582]LogSlate: FSceneViewport::OnFocusLost() reason 0
[2018.12.20-16.00.28:826][118]LogSlate: FSceneViewport::OnFocusLost() reason 0
[2018.12.20-16.00.36:622][ 47]LogSlate: FSceneViewport::OnFocusLost() reason 0
[2018.12.20-16.00.36:689][ 55]LogSlate: Updating window title bar state: overlay mode, drag disabled, window buttons hidden, title bar hidden
[2018.12.20-16.00.36:722][ 55]LogPlayLevel: Display: Shutting down PIE online subsystems
[2018.12.20-16.00.36:745][ 55]LogSlate: Updating window title bar state: overlay mode, drag disabled, window buttons hidden, title bar hidden
[2018.12.20-16.00.36:792][ 60]LogPlayLevel: Display: Destroying online subsystem :Context_6
[2018.12.20-16.00.41:609][517]LogEditorViewport: Clicking on Actor (LMB): PaperSpriteActor (BasicLevel_Sprite)
[2018.12.20-16.00.42:391][605]Cmd: TRANSACTION UNDO
[2018.12.20-16.00.42:391][605]LogEditorTransaction: Undo Clicking on Actors
[2018.12.20-16.00.43:846][769]LogEditorViewport: Clicking Background
[2018.12.20-16.00.44:106][800]Cmd: TRANSACTION UNDO
[2018.12.20-16.00.44:106][800]LogEditorTransaction: Undo Clicking Background
[2018.12.20-16.00.48:980][384]LogEditorViewport: Clicking on Actor (LMB): PlayerStart (Player Start)
[2018.12.20-16.00.53:552][929]LogNavigationPoint: PostEditMove Clear paths rebuilt
[2018.12.20-16.00.54:645][ 59]LogEditorViewport: Clicking on Actor (LMB): BP_Civilian_C (BP_Civilian2)
[2018.12.20-16.00.55:772][184]LogEditorViewport: Clicking on Actor (LMB): PlayerStart (Player Start)
[2018.12.20-16.00.58:267][471]LogNavigationPoint: PostEditMove Clear paths rebuilt
[2018.12.20-16.00.59:377][603]LogNavigationPoint: PostEditMove Clear paths rebuilt
[2018.12.20-16.01.02:738][  5]LogNavigationPoint: PostEditMove Clear paths rebuilt
[2018.12.20-16.01.04:226][182]LogNavigationPoint: PostEditMove Clear paths rebuilt
[2018.12.20-16.01.11:122][  8]LogEditorViewport: Clicking on Actor (LMB): PaperSpriteActor (BasicLevel_Sprite)
[2018.12.20-16.01.12:261][139]LogEditorViewport: Clicking on Actor (LMB): BP_Civilian_C (BP_Civilian2)
[2018.12.20-16.01.17:551][761]LogEditorViewport: Clicking on Actor (LMB): PlayerStart (Player Start)
[2018.12.20-16.01.20:475][108]LogEditorViewport: Clicking on Actor (LMB): BP_Civilian_C (BP_Civilian2)
[2018.12.20-16.01.21:669][240]LogSlate: FSceneViewport::OnFocusLost() reason 0
[2018.12.20-16.01.24:536][582]LogEditorViewport: Clicking on Actor (LMB): PaperSpriteActor (BasicLevel_Sprite)
[2018.12.20-16.01.25:008][633]LogEditorViewport: Clicking on Actor (LMB): BP_Civilian_C (BP_Civilian3)
[2018.12.20-16.01.26:159][759]LogSlate: FSceneViewport::OnFocusLost() reason 0
[2018.12.20-16.01.30:185][212]LogEditorViewport: Clicking on Actor (LMB): PaperSpriteActor (BasicLevel_Sprite)
[2018.12.20-16.01.30:635][260]LogEditorViewport: Clicking on Actor (LMB): BP_Civilian_C (BP_Civilian)
[2018.12.20-16.01.31:844][393]LogSlate: FSceneViewport::OnFocusLost() reason 0
[2018.12.20-16.01.34:380][694]LogTemp: Repeating last play command: Selected Viewport
[2018.12.20-16.01.34:396][694]LogPlayLevel: PlayLevel: No blueprints needed recompiling
[2018.12.20-16.01.34:396][694]PIE: New page: PIE session: BaseLevel (20 Dec 2018 16:01:34)
[2018.12.20-16.01.34:396][694]LogPlayLevel: Creating play world package: /Game/Levels/UEDPIE_0_BaseLevel
[2018.12.20-16.01.34:399][694]LogPlayLevel: PIE: StaticDuplicateObject took: (0.003060s)
[2018.12.20-16.01.34:400][694]LogAIModule: Creating AISystem for world BaseLevel
[2018.12.20-16.01.34:401][694]LogPlayLevel: PIE: World Init took: (0.001046s)
[2018.12.20-16.01.34:401][694]LogPlayLevel: PIE: Created PIE world by copying editor world from /Game/Levels/BaseLevel.BaseLevel to /Game/Levels/UEDPIE_0_BaseLevel.BaseLevel (0.004540s)
[2018.12.20-16.01.34:452][694]LogInit: XAudio2 using 'Speakers (Realtek High Definition Audio)' : 2 channels at 48 kHz using 32 bits per sample (channel mask 0x3)
[2018.12.20-16.01.34:476][694]LogInit: FAudioDevice initialized.
[2018.12.20-16.01.34:510][694]LogLoad: Game class is 'GM_GAME_C'
[2018.12.20-16.01.34:511][694]LogWorld: Bringing World /Game/Levels/UEDPIE_0_BaseLevel.BaseLevel up for play (max tick rate 0) at 2018.12.20-16.01.34
[2018.12.20-16.01.34:512][694]LogWorld: Bringing up level for play took: 0.001400
[2018.12.20-16.01.34:526][694]PIE: Play in editor start time for /Game/Levels/UEDPIE_0_BaseLevel 0.501
[2018.12.20-16.01.43:494][767]LogSlate: FSceneViewport::OnFocusLost() reason 0
[2018.12.20-16.01.43:577][777]LogNet: Browse: /Game/Levels/BaseLevel
[2018.12.20-16.01.43:577][777]LogLoad: LoadMap: /Game/Levels/BaseLevel
[2018.12.20-16.01.43:599][777]LogPlayLevel: Creating play world package: /Game/Levels/UEDPIE_0_BaseLevel
[2018.12.20-16.01.43:602][777]LogPlayLevel: PIE: StaticDuplicateObject took: (0.002791s)
[2018.12.20-16.01.43:602][777]LogAIModule: Creating AISystem for world BaseLevel
[2018.12.20-16.01.43:603][777]LogPlayLevel: PIE: World Init took: (0.000708s)
[2018.12.20-16.01.43:603][777]LogPlayLevel: PIE: Created PIE world by copying editor world from /Game/Levels/BaseLevel.BaseLevel to /Game/Levels/UEDPIE_0_BaseLevel.BaseLevel (0.003885s)
[2018.12.20-16.01.43:603][777]LogLoad: Game class is 'GM_GAME_C'
[2018.12.20-16.01.43:604][777]LogWorld: Bringing World /Game/Levels/UEDPIE_0_BaseLevel.BaseLevel up for play (max tick rate 0) at 2018.12.20-16.01.43
[2018.12.20-16.01.43:605][777]LogWorld: Bringing up level for play took: 0.001140
[2018.12.20-16.01.43:606][777]LogLoad: Took 0.028858 seconds to LoadMap(/Game/Levels/UEDPIE_0_BaseLevel)
[2018.12.20-16.01.47:518][246]LogSlate: FSceneViewport::OnFocusLost() reason 0
[2018.12.20-16.01.47:585][254]LogSlate: Updating window title bar state: overlay mode, drag disabled, window buttons hidden, title bar hidden
[2018.12.20-16.01.47:618][254]LogPlayLevel: Display: Shutting down PIE online subsystems
[2018.12.20-16.01.47:640][254]LogSlate: Updating window title bar state: overlay mode, drag disabled, window buttons hidden, title bar hidden
[2018.12.20-16.01.47:686][259]LogPlayLevel: Display: Destroying online subsystem :Context_7
[2018.12.20-16.01.50:328][575]LogSlate: FSceneViewport::OnFocusLost() reason 0
[2018.12.20-16.01.50:395][583]LogTemp: Repeating last play command: Selected Viewport
[2018.12.20-16.01.50:411][583]LogPlayLevel: PlayLevel: No blueprints needed recompiling
[2018.12.20-16.01.50:412][583]PIE: New page: PIE session: BaseLevel (20 Dec 2018 16:01:50)
[2018.12.20-16.01.50:412][583]LogPlayLevel: Creating play world package: /Game/Levels/UEDPIE_0_BaseLevel
[2018.12.20-16.01.50:415][583]LogPlayLevel: PIE: StaticDuplicateObject took: (0.002871s)
[2018.12.20-16.01.50:416][583]LogAIModule: Creating AISystem for world BaseLevel
[2018.12.20-16.01.50:416][583]LogPlayLevel: PIE: World Init took: (0.001015s)
[2018.12.20-16.01.50:416][583]LogPlayLevel: PIE: Created PIE world by copying editor world from /Game/Levels/BaseLevel.BaseLevel to /Game/Levels/UEDPIE_0_BaseLevel.BaseLevel (0.004531s)
[2018.12.20-16.01.50:467][583]LogInit: XAudio2 using 'Speakers (Realtek High Definition Audio)' : 2 channels at 48 kHz using 32 bits per sample (channel mask 0x3)
[2018.12.20-16.01.50:490][583]LogInit: FAudioDevice initialized.
[2018.12.20-16.01.50:524][583]LogLoad: Game class is 'GM_GAME_C'
[2018.12.20-16.01.50:525][583]LogWorld: Bringing World /Game/Levels/UEDPIE_0_BaseLevel.BaseLevel up for play (max tick rate 0) at 2018.12.20-16.01.50
[2018.12.20-16.01.50:526][583]LogWorld: Bringing up level for play took: 0.001281
[2018.12.20-16.01.50:539][583]PIE: Play in editor start time for /Game/Levels/UEDPIE_0_BaseLevel 0.515
[2018.12.20-16.01.55:512][179]LogSlate: FSceneViewport::OnFocusLost() reason 0
[2018.12.20-16.02.06:662][510]LogSlate: FSceneViewport::OnFocusLost() reason 0
[2018.12.20-16.02.06:730][518]LogSlate: Updating window title bar state: overlay mode, drag disabled, window buttons hidden, title bar hidden
[2018.12.20-16.02.06:765][518]LogPlayLevel: Display: Shutting down PIE online subsystems
[2018.12.20-16.02.06:788][518]LogSlate: Updating window title bar state: overlay mode, drag disabled, window buttons hidden, title bar hidden
[2018.12.20-16.02.06:835][523]LogPlayLevel: Display: Destroying online subsystem :Context_8
[2018.12.20-16.02.07:812][640]LogEditorViewport: Clicking on Actor (LMB): BP_Civilian_C (BP_Civilian2)
[2018.12.20-16.02.09:703][855]LogEditorViewport: Clicking on Actor (LMB): PlayerStart (Player Start)
[2018.12.20-16.02.11:479][ 64]LogSlate: FSceneViewport::OnFocusLost() reason 0
[2018.12.20-16.02.11:521][ 69]LogTemp: Repeating last play command: Selected Viewport
[2018.12.20-16.02.11:537][ 69]LogPlayLevel: PlayLevel: No blueprints needed recompiling
[2018.12.20-16.02.11:537][ 69]PIE: New page: PIE session: BaseLevel (20 Dec 2018 16:02:11)
[2018.12.20-16.02.11:537][ 69]LogPlayLevel: Creating play world package: /Game/Levels/UEDPIE_0_BaseLevel
[2018.12.20-16.02.11:540][ 69]LogPlayLevel: PIE: StaticDuplicateObject took: (0.002793s)
[2018.12.20-16.02.11:541][ 69]LogAIModule: Creating AISystem for world BaseLevel
[2018.12.20-16.02.11:541][ 69]LogPlayLevel: PIE: World Init took: (0.000727s)
[2018.12.20-16.02.11:541][ 69]LogPlayLevel: PIE: Created PIE world by copying editor world from /Game/Levels/BaseLevel.BaseLevel to /Game/Levels/UEDPIE_0_BaseLevel.BaseLevel (0.003900s)
[2018.12.20-16.02.11:592][ 69]LogInit: XAudio2 using 'Speakers (Realtek High Definition Audio)' : 2 channels at 48 kHz using 32 bits per sample (channel mask 0x3)
[2018.12.20-16.02.11:616][ 69]LogInit: FAudioDevice initialized.
[2018.12.20-16.02.11:649][ 69]LogLoad: Game class is 'GM_GAME_C'
[2018.12.20-16.02.11:650][ 69]LogWorld: Bringing World /Game/Levels/UEDPIE_0_BaseLevel.BaseLevel up for play (max tick rate 0) at 2018.12.20-16.02.11
[2018.12.20-16.02.11:651][ 69]LogWorld: Bringing up level for play took: 0.001185
[2018.12.20-16.02.11:664][ 69]PIE: Play in editor start time for /Game/Levels/UEDPIE_0_BaseLevel -0.36
[2018.12.20-16.02.13:132][243]LogEditorViewport: Clicking on Actor (LMB): PlayerCharacter_C (PlayerCharacter)
[2018.12.20-16.02.18:045][771]LogEditorViewport: Clicking on Actor (LMB): BP_Civilian_C (BP_Civilian)
[2018.12.20-16.02.19:771][958]LogSlate: FSceneViewport::OnFocusLost() reason 0
[2018.12.20-16.02.19:831][965]LogSlate: Updating window title bar state: overlay mode, drag disabled, window buttons hidden, title bar hidden
[2018.12.20-16.02.19:867][965]LogPlayLevel: Display: Shutting down PIE online subsystems
[2018.12.20-16.02.19:889][965]LogSlate: Updating window title bar state: overlay mode, drag disabled, window buttons hidden, title bar hidden
[2018.12.20-16.02.19:935][970]LogPlayLevel: Display: Destroying online subsystem :Context_9
[2018.12.20-16.02.20:794][ 73]LogEditorViewport: Clicking on Actor (LMB): PaperSpriteActor (BasicLevel_Sprite)
[2018.12.20-16.02.21:387][139]LogEditorViewport: Clicking on Actor (LMB): PaperSpriteActor (BasicLevel_Sprite)
[2018.12.20-16.02.21:799][187]LogEditorViewport: Clicking on Actor (LMB): BP_Civilian_C (BP_Civilian)
[2018.12.20-16.02.30:817][238]LogSlate: FSceneViewport::OnFocusLost() reason 0
[2018.12.20-16.02.35:377][781]LogEditorViewport: Clicking on Actor (LMB): BP_Civilian_C (BP_Civilian2)
[2018.12.20-16.02.36:919][953]LogSlate: FSceneViewport::OnFocusLost() reason 0
[2018.12.20-16.02.41:291][461]LogEditorViewport: Clicking on Actor (LMB): PaperSpriteActor (BasicLevel_Sprite)
[2018.12.20-16.02.42:556][593]LogEditorViewport: Clicking on Actor (LMB): BP_Civilian_C (BP_Civilian3)
[2018.12.20-16.02.44:713][836]LogSlate: FSceneViewport::OnFocusLost() reason 0
[2018.12.20-16.02.48:889][330]LogTemp: Repeating last play command: Selected Viewport
[2018.12.20-16.02.48:905][330]LogPlayLevel: PlayLevel: No blueprints needed recompiling
[2018.12.20-16.02.48:905][330]PIE: New page: PIE session: BaseLevel (20 Dec 2018 16:02:48)
[2018.12.20-16.02.48:905][330]LogPlayLevel: Creating play world package: /Game/Levels/UEDPIE_0_BaseLevel
[2018.12.20-16.02.48:908][330]LogPlayLevel: PIE: StaticDuplicateObject took: (0.002621s)
[2018.12.20-16.02.48:909][330]LogAIModule: Creating AISystem for world BaseLevel
[2018.12.20-16.02.48:909][330]LogPlayLevel: PIE: World Init took: (0.000754s)
[2018.12.20-16.02.48:909][330]LogPlayLevel: PIE: Created PIE world by copying editor world from /Game/Levels/BaseLevel.BaseLevel to /Game/Levels/UEDPIE_0_BaseLevel.BaseLevel (0.003752s)
[2018.12.20-16.02.48:960][330]LogInit: XAudio2 using 'Speakers (Realtek High Definition Audio)' : 2 channels at 48 kHz using 32 bits per sample (channel mask 0x3)
[2018.12.20-16.02.48:980][330]LogInit: FAudioDevice initialized.
[2018.12.20-16.02.49:013][330]LogLoad: Game class is 'GM_GAME_C'
[2018.12.20-16.02.49:015][330]LogWorld: Bringing World /Game/Levels/UEDPIE_0_BaseLevel.BaseLevel up for play (max tick rate 0) at 2018.12.20-16.02.49
[2018.12.20-16.02.49:016][330]LogWorld: Bringing up level for play took: 0.001524
[2018.12.20-16.02.49:030][330]PIE: Play in editor start time for /Game/Levels/UEDPIE_0_BaseLevel 1.005
[2018.12.20-16.02.53:201][830]LogSlate: FSceneViewport::OnFocusLost() reason 0
[2018.12.20-16.02.53:260][837]LogNet: Browse: /Game/Levels/BaseLevel
[2018.12.20-16.02.53:260][837]LogLoad: LoadMap: /Game/Levels/BaseLevel
[2018.12.20-16.02.53:281][837]LogPlayLevel: Creating play world package: /Game/Levels/UEDPIE_0_BaseLevel
[2018.12.20-16.02.53:284][837]LogPlayLevel: PIE: StaticDuplicateObject took: (0.002700s)
[2018.12.20-16.02.53:285][837]LogAIModule: Creating AISystem for world BaseLevel
[2018.12.20-16.02.53:285][837]LogPlayLevel: PIE: World Init took: (0.000755s)
[2018.12.20-16.02.53:285][837]LogPlayLevel: PIE: Created PIE world by copying editor world from /Game/Levels/BaseLevel.BaseLevel to /Game/Levels/UEDPIE_0_BaseLevel.BaseLevel (0.003891s)
[2018.12.20-16.02.53:285][837]LogLoad: Game class is 'GM_GAME_C'
[2018.12.20-16.02.53:287][837]LogWorld: Bringing World /Game/Levels/UEDPIE_0_BaseLevel.BaseLevel up for play (max tick rate 0) at 2018.12.20-16.02.53
[2018.12.20-16.02.53:288][837]LogWorld: Bringing up level for play took: 0.001419
[2018.12.20-16.02.53:289][837]LogLoad: Took 0.028816 seconds to LoadMap(/Game/Levels/UEDPIE_0_BaseLevel)
[2018.12.20-16.02.54:633][998]LogSlate: FSceneViewport::OnFocusLost() reason 0
[2018.12.20-16.02.55:534][106]LogSlate: Updating window title bar state: overlay mode, drag disabled, window buttons hidden, title bar hidden
[2018.12.20-16.02.55:569][106]LogPlayLevel: Display: Shutting down PIE online subsystems
[2018.12.20-16.02.55:592][106]LogSlate: Updating window title bar state: overlay mode, drag disabled, window buttons hidden, title bar hidden
[2018.12.20-16.02.55:639][111]LogPlayLevel: Display: Destroying online subsystem :Context_10
[2018.12.20-16.02.58:351][435]LogEditorViewport: Clicking on Actor (LMB): PaperSpriteActor (BasicLevel_Sprite)
[2018.12.20-16.02.58:899][494]LogEditorViewport: Clicking on Actor (LMB): PaperSpriteActor (BasicLevel_Sprite)
[2018.12.20-16.03.00:361][667]LogEditorViewport: Clicking Background
[2018.12.20-16.03.05:445][272]LogSlate: FSceneViewport::OnFocusLost() reason 2
[2018.12.20-16.03.07:510][520]LogEditorViewport: Clicking Background
[2018.12.20-16.03.09:426][749]LogEditorViewport: Clicking on Actor (LMB): NavMeshBoundsVolume (NavMeshBoundsVolume)
[2018.12.20-16.03.32:509][467]LogSlate: FSceneViewport::OnFocusLost() reason 2
[2018.12.20-16.03.32:547][467]LogSlate: FSceneViewport::OnFocusLost() reason 2
[2018.12.20-16.03.48:422][341]Cmd: BRUSH SEPARATEPOLYS
[2018.12.20-16.03.50:641][597]Cmd: BRUSH MERGEPOLYS
[2018.12.20-16.03.57:265][386]LogEditorViewport: Clicking on Actor (LMB): PaperSpriteActor (BasicLevel_Sprite)
[2018.12.20-16.04.01:982][941]LogSlate: FSceneViewport::OnFocusLost() reason 0
[2018.12.20-16.04.08:659][737]LogEditorViewport: Clicking on Actor (LMB): PaperSpriteActor (BasicLevel_Sprite)
[2018.12.20-16.04.20:029][ 91]LogSlate: FSceneViewport::OnFocusLost() reason 0
[2018.12.20-16.04.20:112][101]LogTemp: Repeating last play command: Selected Viewport
[2018.12.20-16.04.20:128][101]LogPlayLevel: PlayLevel: No blueprints needed recompiling
[2018.12.20-16.04.20:128][101]PIE: New page: PIE session: BaseLevel (20 Dec 2018 16:04:20)
[2018.12.20-16.04.20:128][101]LogPlayLevel: Creating play world package: /Game/Levels/UEDPIE_0_BaseLevel
[2018.12.20-16.04.20:131][101]LogPlayLevel: PIE: StaticDuplicateObject took: (0.002954s)
[2018.12.20-16.04.20:132][101]LogAIModule: Creating AISystem for world BaseLevel
[2018.12.20-16.04.20:132][101]LogPlayLevel: PIE: World Init took: (0.000833s)
[2018.12.20-16.04.20:132][101]LogPlayLevel: PIE: Created PIE world by copying editor world from /Game/Levels/BaseLevel.BaseLevel to /Game/Levels/UEDPIE_0_BaseLevel.BaseLevel (0.004118s)
[2018.12.20-16.04.20:184][101]LogInit: XAudio2 using 'Speakers (Realtek High Definition Audio)' : 2 channels at 48 kHz using 32 bits per sample (channel mask 0x3)
[2018.12.20-16.04.20:207][101]LogInit: FAudioDevice initialized.
[2018.12.20-16.04.20:239][101]LogLoad: Game class is 'GM_GAME_C'
[2018.12.20-16.04.20:240][101]LogWorld: Bringing World /Game/Levels/UEDPIE_0_BaseLevel.BaseLevel up for play (max tick rate 0) at 2018.12.20-16.04.20
[2018.12.20-16.04.20:241][101]LogWorld: Bringing up level for play took: 0.001432
[2018.12.20-16.04.20:255][101]PIE: Play in editor start time for /Game/Levels/UEDPIE_0_BaseLevel 0.23
[2018.12.20-16.04.42:868][811]LogBlueprintUserMessages: [EntranceToRestictedArea3] yeet
[2018.12.20-16.04.43:110][840]LogBlueprintUserMessages: [EntranceToRestictedArea2] yeet
[2018.12.20-16.04.43:194][850]LogBlueprintUserMessages: [EntranceToRestictedArea3] yeet
[2018.12.20-16.04.45:316][103]LogSlate: FSceneViewport::OnFocusLost() reason 0
[2018.12.20-16.04.45:383][111]LogNet: Browse: /Game/Levels/BaseLevel
[2018.12.20-16.04.45:383][111]LogLoad: LoadMap: /Game/Levels/BaseLevel
[2018.12.20-16.04.45:405][111]LogPlayLevel: Creating play world package: /Game/Levels/UEDPIE_0_BaseLevel
[2018.12.20-16.04.45:408][111]LogPlayLevel: PIE: StaticDuplicateObject took: (0.002755s)
[2018.12.20-16.04.45:409][111]LogAIModule: Creating AISystem for world BaseLevel
[2018.12.20-16.04.45:409][111]LogPlayLevel: PIE: World Init took: (0.000814s)
[2018.12.20-16.04.45:409][111]LogPlayLevel: PIE: Created PIE world by copying editor world from /Game/Levels/BaseLevel.BaseLevel to /Game/Levels/UEDPIE_0_BaseLevel.BaseLevel (0.003937s)
[2018.12.20-16.04.45:409][111]LogLoad: Game class is 'GM_GAME_C'
[2018.12.20-16.04.45:411][111]LogWorld: Bringing World /Game/Levels/UEDPIE_0_BaseLevel.BaseLevel up for play (max tick rate 0) at 2018.12.20-16.04.45
[2018.12.20-16.04.45:411][111]LogWorld: Bringing up level for play took: 0.001305
[2018.12.20-16.04.45:413][111]LogLoad: Took 0.029856 seconds to LoadMap(/Game/Levels/UEDPIE_0_BaseLevel)
[2018.12.20-16.04.54:208][166]LogSlate: FSceneViewport::OnFocusLost() reason 0
[2018.12.20-16.04.54:275][174]LogNet: Browse: /Game/Levels/BaseLevel
[2018.12.20-16.04.54:275][174]LogLoad: LoadMap: /Game/Levels/BaseLevel
[2018.12.20-16.04.54:297][174]LogPlayLevel: Creating play world package: /Game/Levels/UEDPIE_0_BaseLevel
[2018.12.20-16.04.54:300][174]LogPlayLevel: PIE: StaticDuplicateObject took: (0.002726s)
[2018.12.20-16.04.54:301][174]LogAIModule: Creating AISystem for world BaseLevel
[2018.12.20-16.04.54:301][174]LogPlayLevel: PIE: World Init took: (0.000824s)
[2018.12.20-16.04.54:301][174]LogPlayLevel: PIE: Created PIE world by copying editor world from /Game/Levels/BaseLevel.BaseLevel to /Game/Levels/UEDPIE_0_BaseLevel.BaseLevel (0.004009s)
[2018.12.20-16.04.54:301][174]LogLoad: Game class is 'GM_GAME_C'
[2018.12.20-16.04.54:303][174]LogWorld: Bringing World /Game/Levels/UEDPIE_0_BaseLevel.BaseLevel up for play (max tick rate 0) at 2018.12.20-16.04.54
[2018.12.20-16.04.54:304][174]LogWorld: Bringing up level for play took: 0.001653
[2018.12.20-16.04.54:305][174]LogLoad: Took 0.029901 seconds to LoadMap(/Game/Levels/UEDPIE_0_BaseLevel)
[2018.12.20-16.04.58:590][688]LogSlate: FSceneViewport::OnFocusLost() reason 0
[2018.12.20-16.04.58:666][697]LogNet: Browse: /Game/Levels/BaseLevel
[2018.12.20-16.04.58:666][697]LogLoad: LoadMap: /Game/Levels/BaseLevel
[2018.12.20-16.04.58:688][697]LogPlayLevel: Creating play world package: /Game/Levels/UEDPIE_0_BaseLevel
[2018.12.20-16.04.58:691][697]LogPlayLevel: PIE: StaticDuplicateObject took: (0.002987s)
[2018.12.20-16.04.58:692][697]LogAIModule: Creating AISystem for world BaseLevel
[2018.12.20-16.04.58:692][697]LogPlayLevel: PIE: World Init took: (0.000775s)
[2018.12.20-16.04.58:692][697]LogPlayLevel: PIE: Created PIE world by copying editor world from /Game/Levels/BaseLevel.BaseLevel to /Game/Levels/UEDPIE_0_BaseLevel.BaseLevel (0.004223s)
[2018.12.20-16.04.58:692][697]LogLoad: Game class is 'GM_GAME_C'
[2018.12.20-16.04.58:693][697]LogWorld: Bringing World /Game/Levels/UEDPIE_0_BaseLevel.BaseLevel up for play (max tick rate 0) at 2018.12.20-16.04.58
[2018.12.20-16.04.58:694][697]LogWorld: Bringing up level for play took: 0.001327
[2018.12.20-16.04.58:696][697]LogLoad: Took 0.029371 seconds to LoadMap(/Game/Levels/UEDPIE_0_BaseLevel)
[2018.12.20-16.05.02:323][132]LogSlate: FSceneViewport::OnFocusLost() reason 0
[2018.12.20-16.05.02:390][140]LogNet: Browse: /Game/Levels/BaseLevel
[2018.12.20-16.05.02:390][140]LogLoad: LoadMap: /Game/Levels/BaseLevel
[2018.12.20-16.05.02:412][140]LogPlayLevel: Creating play world package: /Game/Levels/UEDPIE_0_BaseLevel
[2018.12.20-16.05.02:414][140]LogPlayLevel: PIE: StaticDuplicateObject took: (0.002686s)
[2018.12.20-16.05.02:415][140]LogAIModule: Creating AISystem for world BaseLevel
[2018.12.20-16.05.02:415][140]LogPlayLevel: PIE: World Init took: (0.000738s)
[2018.12.20-16.05.02:415][140]LogPlayLevel: PIE: Created PIE world by copying editor world from /Game/Levels/BaseLevel.BaseLevel to /Game/Levels/UEDPIE_0_BaseLevel.BaseLevel (0.003897s)
[2018.12.20-16.05.02:416][140]LogLoad: Game class is 'GM_GAME_C'
[2018.12.20-16.05.02:417][140]LogWorld: Bringing World /Game/Levels/UEDPIE_0_BaseLevel.BaseLevel up for play (max tick rate 0) at 2018.12.20-16.05.02
[2018.12.20-16.05.02:418][140]LogWorld: Bringing up level for play took: 0.001607
[2018.12.20-16.05.02:419][140]LogLoad: Took 0.029560 seconds to LoadMap(/Game/Levels/UEDPIE_0_BaseLevel)
[2018.12.20-16.05.06:103][579]LogCharacterMovement: BP_Civilian3_8 is stuck and failed to move! Velocity: X=23.53 Y=141.99 Z=0.00 Location: X=6.91 Y=-13.15 Z=95.15 Normal: X=0.96 Y=-0.29 Z=0.00 PenetrationDepth:0.913 Actor:BasicBullet_C_10 Component:Sphere BoneName:None (0 other events since notify)
[2018.12.20-16.05.07:049][693]LogBlueprintUserMessages: [EntranceToRestictedArea2] yeet
[2018.12.20-16.05.07:141][704]LogCharacterMovement: BP_Civilian3_8 is stuck and failed to move! Velocity: X=35.35 Y=130.38 Z=0.00 Location: X=6.95 Y=-12.33 Z=95.15 Normal: X=0.99 Y=-0.15 Z=0.00 PenetrationDepth:1.539 Actor:BasicBullet_C_26 Component:Sphere BoneName:None (0 other events since notify)
[2018.12.20-16.05.07:250][717]LogBlueprintUserMessages: [EntranceToRestictedArea2] yeet
[2018.12.20-16.05.07:441][740]LogBlueprintUserMessages: [EntranceToRestictedArea2] yeet
[2018.12.20-16.05.07:608][760]LogBlueprintUserMessages: [EntranceToRestictedArea2] yeet
[2018.12.20-16.05.12:109][300]LogSlate: FSceneViewport::OnFocusLost() reason 0
[2018.12.20-16.05.12:176][308]LogNet: Browse: /Game/Levels/BaseLevel
[2018.12.20-16.05.12:177][308]LogLoad: LoadMap: /Game/Levels/BaseLevel
[2018.12.20-16.05.12:198][308]LogPlayLevel: Creating play world package: /Game/Levels/UEDPIE_0_BaseLevel
[2018.12.20-16.05.12:201][308]LogPlayLevel: PIE: StaticDuplicateObject took: (0.002679s)
[2018.12.20-16.05.12:202][308]LogAIModule: Creating AISystem for world BaseLevel
[2018.12.20-16.05.12:202][308]LogPlayLevel: PIE: World Init took: (0.000687s)
[2018.12.20-16.05.12:202][308]LogPlayLevel: PIE: Created PIE world by copying editor world from /Game/Levels/BaseLevel.BaseLevel to /Game/Levels/UEDPIE_0_BaseLevel.BaseLevel (0.003767s)
[2018.12.20-16.05.12:202][308]LogLoad: Game class is 'GM_GAME_C'
[2018.12.20-16.05.12:204][308]LogWorld: Bringing World /Game/Levels/UEDPIE_0_BaseLevel.BaseLevel up for play (max tick rate 0) at 2018.12.20-16.05.12
[2018.12.20-16.05.12:205][308]LogWorld: Bringing up level for play took: 0.001662
[2018.12.20-16.05.12:206][308]LogLoad: Took 0.029560 seconds to LoadMap(/Game/Levels/UEDPIE_0_BaseLevel)
[2018.12.20-16.05.14:574][592]LogSlate: FSceneViewport::OnFocusLost() reason 0
[2018.12.20-16.05.14:675][604]LogNet: Browse: /Game/Levels/BaseLevel
[2018.12.20-16.05.14:675][604]LogLoad: LoadMap: /Game/Levels/BaseLevel
[2018.12.20-16.05.14:696][604]LogPlayLevel: Creating play world package: /Game/Levels/UEDPIE_0_BaseLevel
[2018.12.20-16.05.14:699][604]LogPlayLevel: PIE: StaticDuplicateObject took: (0.002701s)
[2018.12.20-16.05.14:700][604]LogAIModule: Creating AISystem for world BaseLevel
[2018.12.20-16.05.14:700][604]LogPlayLevel: PIE: World Init took: (0.000791s)
[2018.12.20-16.05.14:700][604]LogPlayLevel: PIE: Created PIE world by copying editor world from /Game/Levels/BaseLevel.BaseLevel to /Game/Levels/UEDPIE_0_BaseLevel.BaseLevel (0.003851s)
[2018.12.20-16.05.14:700][604]LogLoad: Game class is 'GM_GAME_C'
[2018.12.20-16.05.14:701][604]LogWorld: Bringing World /Game/Levels/UEDPIE_0_BaseLevel.BaseLevel up for play (max tick rate 0) at 2018.12.20-16.05.14
[2018.12.20-16.05.14:702][604]LogWorld: Bringing up level for play took: 0.001188
[2018.12.20-16.05.14:703][604]LogLoad: Took 0.028349 seconds to LoadMap(/Game/Levels/UEDPIE_0_BaseLevel)
[2018.12.20-16.05.21:091][370]LogCharacterMovement: BP_Civilian3_8 is stuck and failed to move! Velocity: X=25.71 Y=-56.89 Z=0.00 Location: X=-8.12 Y=-1.01 Z=95.15 Normal: X=0.98 Y=0.18 Z=0.00 PenetrationDepth:0.643 Actor:BasicBullet_C_42 Component:Sphere BoneName:None (0 other events since notify)
[2018.12.20-16.05.22:241][508]LogBlueprintUserMessages: [EntranceToRestictedArea2] yeet
[2018.12.20-16.05.22:533][543]LogBlueprintUserMessages: [EntranceToRestictedArea2] yeet
[2018.12.20-16.05.22:825][578]LogBlueprintUserMessages: [EntranceToRestictedArea2] yeet
[2018.12.20-16.05.25:342][880]LogBlueprintUserMessages: [EntranceToRestictedArea_2] yeet
[2018.12.20-16.05.25:992][958]LogBlueprintUserMessages: [EntranceToRestictedArea3] yeet
[2018.12.20-16.05.28:510][260]LogSlate: FSceneViewport::OnFocusLost() reason 0
[2018.12.20-16.05.28:586][269]LogSlate: Updating window title bar state: overlay mode, drag disabled, window buttons hidden, title bar hidden
[2018.12.20-16.05.28:621][269]LogPlayLevel: Display: Shutting down PIE online subsystems
[2018.12.20-16.05.28:644][269]LogSlate: Updating window title bar state: overlay mode, drag disabled, window buttons hidden, title bar hidden
[2018.12.20-16.05.28:691][274]LogPlayLevel: Display: Destroying online subsystem :Context_11
[2018.12.20-16.05.29:091][322]LogTemp: Repeating last play command: Selected Viewport
[2018.12.20-16.05.29:107][322]LogPlayLevel: PlayLevel: No blueprints needed recompiling
[2018.12.20-16.05.29:107][322]PIE: New page: PIE session: BaseLevel (20 Dec 2018 16:05:29)
[2018.12.20-16.05.29:107][322]LogPlayLevel: Creating play world package: /Game/Levels/UEDPIE_0_BaseLevel
[2018.12.20-16.05.29:110][322]LogPlayLevel: PIE: StaticDuplicateObject took: (0.002890s)
[2018.12.20-16.05.29:111][322]LogAIModule: Creating AISystem for world BaseLevel
[2018.12.20-16.05.29:111][322]LogPlayLevel: PIE: World Init took: (0.000782s)
[2018.12.20-16.05.29:112][322]LogPlayLevel: PIE: Created PIE world by copying editor world from /Game/Levels/BaseLevel.BaseLevel to /Game/Levels/UEDPIE_0_BaseLevel.BaseLevel (0.004174s)
[2018.12.20-16.05.29:162][322]LogInit: XAudio2 using 'Speakers (Realtek High Definition Audio)' : 2 channels at 48 kHz using 32 bits per sample (channel mask 0x3)
[2018.12.20-16.05.29:185][322]LogInit: FAudioDevice initialized.
[2018.12.20-16.05.29:222][322]LogLoad: Game class is 'GM_GAME_C'
[2018.12.20-16.05.29:224][322]LogWorld: Bringing World /Game/Levels/UEDPIE_0_BaseLevel.BaseLevel up for play (max tick rate 0) at 2018.12.20-16.05.29
[2018.12.20-16.05.29:224][322]LogWorld: Bringing up level for play took: 0.001387
[2018.12.20-16.05.29:239][322]PIE: Play in editor start time for /Game/Levels/UEDPIE_0_BaseLevel -0.786
[2018.12.20-16.05.33:354][815]LogSlate: FSceneViewport::OnFocusLost() reason 0
[2018.12.20-16.05.33:413][822]LogNet: Browse: /Game/Levels/BaseLevel
[2018.12.20-16.05.33:413][822]LogLoad: LoadMap: /Game/Levels/BaseLevel
[2018.12.20-16.05.33:434][822]LogPlayLevel: Creating play world package: /Game/Levels/UEDPIE_0_BaseLevel
[2018.12.20-16.05.33:437][822]LogPlayLevel: PIE: StaticDuplicateObject took: (0.002887s)
[2018.12.20-16.05.33:438][822]LogAIModule: Creating AISystem for world BaseLevel
[2018.12.20-16.05.33:438][822]LogPlayLevel: PIE: World Init took: (0.000689s)
[2018.12.20-16.05.33:438][822]LogPlayLevel: PIE: Created PIE world by copying editor world from /Game/Levels/BaseLevel.BaseLevel to /Game/Levels/UEDPIE_0_BaseLevel.BaseLevel (0.003983s)
[2018.12.20-16.05.33:438][822]LogLoad: Game class is 'GM_GAME_C'
[2018.12.20-16.05.33:440][822]LogWorld: Bringing World /Game/Levels/UEDPIE_0_BaseLevel.BaseLevel up for play (max tick rate 0) at 2018.12.20-16.05.33
[2018.12.20-16.05.33:440][822]LogWorld: Bringing up level for play took: 0.001467
[2018.12.20-16.05.33:442][822]LogLoad: Took 0.029129 seconds to LoadMap(/Game/Levels/UEDPIE_0_BaseLevel)
[2018.12.20-16.05.37:528][312]LogSlate: FSceneViewport::OnFocusLost() reason 0
[2018.12.20-16.05.37:612][322]LogNet: Browse: /Game/Levels/BaseLevel
[2018.12.20-16.05.37:612][322]LogLoad: LoadMap: /Game/Levels/BaseLevel
[2018.12.20-16.05.37:633][322]LogPlayLevel: Creating play world package: /Game/Levels/UEDPIE_0_BaseLevel
[2018.12.20-16.05.37:636][322]LogPlayLevel: PIE: StaticDuplicateObject took: (0.002691s)
[2018.12.20-16.05.37:637][322]LogAIModule: Creating AISystem for world BaseLevel
[2018.12.20-16.05.37:637][322]LogPlayLevel: PIE: World Init took: (0.000699s)
[2018.12.20-16.05.37:637][322]LogPlayLevel: PIE: Created PIE world by copying editor world from /Game/Levels/BaseLevel.BaseLevel to /Game/Levels/UEDPIE_0_BaseLevel.BaseLevel (0.003825s)
[2018.12.20-16.05.37:637][322]LogLoad: Game class is 'GM_GAME_C'
[2018.12.20-16.05.37:638][322]LogWorld: Bringing World /Game/Levels/UEDPIE_0_BaseLevel.BaseLevel up for play (max tick rate 0) at 2018.12.20-16.05.37
[2018.12.20-16.05.37:639][322]LogWorld: Bringing up level for play took: 0.001212
[2018.12.20-16.05.37:641][322]LogLoad: Took 0.028445 seconds to LoadMap(/Game/Levels/UEDPIE_0_BaseLevel)
[2018.12.20-16.05.47:201][467]LogSlate: FSceneViewport::OnFocusLost() reason 0
[2018.12.20-16.05.47:260][474]LogSlate: Updating window title bar state: overlay mode, drag disabled, window buttons hidden, title bar hidden
[2018.12.20-16.05.47:295][474]LogPlayLevel: Display: Shutting down PIE online subsystems
[2018.12.20-16.05.47:317][474]LogSlate: Updating window title bar state: overlay mode, drag disabled, window buttons hidden, title bar hidden
[2018.12.20-16.05.47:363][479]LogPlayLevel: Display: Destroying online subsystem :Context_12
