Log file open, 12/08/18 20:22:04
LogWindows: Failed to load 'aqProf.dll' (GetLastError=126)
LogWindows: File 'aqProf.dll' does not exist
LogWindows: Failed to load 'VSPerf140.dll' (GetLastError=126)
LogWindows: File 'VSPerf140.dll' does not exist
LogWindows: Failed to load 'VtuneApi.dll' (GetLastError=126)
LogWindows: File 'VtuneApi.dll' does not exist
LogWindows: Failed to load 'VtuneApi32e.dll' (GetLastError=126)
LogWindows: File 'VtuneApi32e.dll' does not exist
LogInit: Display: Running engine for game: TGP_Project
LogPlatformFile: Not using cached read wrapper
LogTaskGraph: Started task graph with 5 named threads and 14 total threads with 3 sets of task threads.
LogStats: Stats thread started at 0.175150
LogD3D11RHI: Loaded GFSDK_Aftermath_Lib.x64.dll
LogICUInternationalization: Display: ICU TimeZone Detection - Raw Offset: +0:00, Platform Override: ''
LogPluginManager: Mounting plugin Paper2D
LogPluginManager: Mounting plugin AISupport
LogPluginManager: Mounting plugin LightPropagationVolume
LogPluginManager: Mounting plugin CLionSourceCodeAccess
LogPluginManager: Mounting plugin CodeLiteSourceCodeAccess
LogPluginManager: Mounting plugin GitSourceControl
LogPluginManager: Mounting plugin KDevelopSourceCodeAccess
LogPluginManager: Mounting plugin NullSourceCodeAccess
LogPluginManager: Mounting plugin PerforceSourceControl
LogPluginManager: Mounting plugin SubversionSourceControl
LogPluginManager: Mounting plugin UObjectPlugin
LogPluginManager: Mounting plugin VisualStudioCodeSourceCodeAccess
LogPluginManager: Mounting plugin VisualStudioSourceCodeAccess
LogPluginManager: Mounting plugin XCodeSourceCodeAccess
LogPluginManager: Mounting plugin AssetManagerEditor
LogPluginManager: Mounting plugin CryptoKeys
LogPluginManager: Mounting plugin DataValidation
LogPluginManager: Mounting plugin FacialAnimation
LogPluginManager: Mounting plugin GameplayTagsEditor
LogPluginManager: Mounting plugin MacGraphicsSwitching
LogPluginManager: Mounting plugin MeshEditor
LogPluginManager: Mounting plugin MobileLauncherProfileWizard
LogPluginManager: Mounting plugin PluginBrowser
LogPluginManager: Mounting plugin SpeedTreeImporter
LogPluginManager: Mounting plugin DatasmithContent
LogPluginManager: Mounting plugin AlembicImporter
LogPluginManager: Mounting plugin AppleImageUtils
LogPluginManager: Mounting plugin AppleVision
LogPluginManager: Mounting plugin BackChannel
LogPluginManager: Mounting plugin CharacterAI
LogPluginManager: Mounting plugin GeometryCache
LogPluginManager: Mounting plugin HTML5Networking
LogPluginManager: Mounting plugin ProxyLODPlugin
LogPluginManager: Mounting plugin MagicLeap
LogPluginManager: Mounting plugin MagicLeapEmulator
LogPluginManager: Mounting plugin MagicLeapMedia
LogPluginManager: Mounting plugin AndroidMedia
LogPluginManager: Mounting plugin AvfMedia
LogPluginManager: Mounting plugin ImgMedia
LogPluginManager: Mounting plugin LinearTimecode
LogPluginManager: Mounting plugin MediaCompositing
LogPluginManager: Mounting plugin MediaPlayerEditor
LogPluginManager: Mounting plugin WmfMedia
LogPluginManager: Mounting plugin TcpMessaging
LogPluginManager: Mounting plugin UdpMessaging
LogPluginManager: Mounting plugin ActorSequence
LogPluginManager: Mounting plugin LevelSequenceEditor
LogPluginManager: Mounting plugin MatineeToLevelSequence
LogPluginManager: Mounting plugin NetcodeUnitTest
LogPluginManager: Mounting plugin NUTUnrealEngine4
LogPluginManager: Mounting plugin OnlineSubsystemGooglePlay
LogPluginManager: Mounting plugin OnlineSubsystemIOS
LogPluginManager: Mounting plugin OnlineSubsystem
LogPluginManager: Mounting plugin OnlineSubsystemNull
LogPluginManager: Mounting plugin OnlineSubsystemUtils
LogPluginManager: Mounting plugin LauncherChunkInstaller
LogPluginManager: Mounting plugin AndroidDeviceProfileSelector
LogPluginManager: Mounting plugin AndroidMoviePlayer
LogPluginManager: Mounting plugin AndroidPermission
LogPluginManager: Mounting plugin AppleMoviePlayer
LogPluginManager: Mounting plugin ArchVisCharacter
LogPluginManager: Mounting plugin AudioCapture
LogPluginManager: Mounting plugin CableComponent
LogPluginManager: Mounting plugin CustomMeshComponent
LogPluginManager: Mounting plugin EditableMesh
LogPluginManager: Mounting plugin ExampleDeviceProfileSelector
LogPluginManager: Mounting plugin GoogleCloudMessaging
LogPluginManager: Mounting plugin ImmediatePhysics
LogPluginManager: Mounting plugin IOSDeviceProfileSelector
LogPluginManager: Mounting plugin LinuxDeviceProfileSelector
LogPluginManager: Mounting plugin LocationServicesBPLibrary
LogPluginManager: Mounting plugin MobilePatchingUtils
LogPluginManager: Mounting plugin OculusVR
LogPluginManager: Plugin shader directory ../../../Engine/Plugins/Runtime/Oculus/OculusVR/Shaders found
LogPluginManager: Mapping shader source directory ../../../Engine/Plugins/Runtime/Oculus/OculusVR/Shaders to virtual directory /Plugin/OculusVR
LogPluginManager: Mounting plugin PhysXVehicles
LogPluginManager: Mounting plugin ProceduralMeshComponent
LogPluginManager: Mounting plugin RuntimePhysXCooking
LogPluginManager: Mounting plugin SteamVR
LogPluginManager: Mounting plugin WindowsMoviePlayer
LogStreaming: Display: Took  0.090s to configure plugins.
LogInit: Using libcurl 7.55.1-DEV
LogInit:  - built for x86_64-pc-win32
LogInit:  - supports SSL with OpenSSL/1.0.2h
LogInit:  - supports HTTP deflate (compression) using libz 1.2.8
LogInit:  - other features:
LogInit:      CURL_VERSION_SSL
LogInit:      CURL_VERSION_LIBZ
LogInit:      CURL_VERSION_IPV6
LogInit:      CURL_VERSION_ASYNCHDNS
LogInit:      CURL_VERSION_LARGEFILE
LogInit:      CURL_VERSION_IDN
LogInit:  CurlRequestOptions (configurable via config and command line):
LogInit:  - bVerifyPeer = false  - Libcurl will NOT verify peer certificate
LogInit:  - bUseHttpProxy = false  - Libcurl will NOT use HTTP proxy
LogInit:  - bDontReuseConnections = false  - Libcurl will reuse connections
LogInit:  - CertBundlePath = nullptr  - Libcurl will use whatever was configured at build time.
LogInit:  - MaxHostConnections = 16  - Libcurl will limit the number of connections to a host
LogInit:  - LocalHostAddr = Default
LogInit:  - BufferSize = 65536
LogInit: WinSock: version 1.1 (2.2), MaxSocks=32767, MaxUdp=65467
LogInit: Build: ++UE4+Release-4.20-CL-4369336
LogInit: Engine Version: 4.20.3-4369336+++UE4+Release-4.20
LogInit: Compatible Engine Version: 4.20.0-4212847+++UE4+Release-4.20
LogInit: Net CL: 4212847
LogInit: OS: Windows 10 (), CPU: Intel(R) Core(TM) i5-4590 CPU @ 3.30GHz, GPU: NVIDIA GeForce GTX 1060 6GB
LogInit: Compiled (64-bit): Sep 17 2018 12:26:19
LogInit: Compiled with Visual C++: 19.13.26129.00
LogInit: Build Configuration: Development
LogInit: Branch Name: ++UE4+Release-4.20
LogInit: Command Line:  
LogInit: Base Directory: C:/Program Files/Epic Games/UE_4.20/Engine/Binaries/Win64/
LogInit: Installed Engine Build: 1
LogDevObjectVersion: Number of dev versions registered: 20
LogDevObjectVersion:   Dev-Blueprints (B0D832E4-1F89-4F0D-ACCF-7EB736FD4AA2): 10
LogDevObjectVersion:   Dev-Build (E1C64328-A22C-4D53-A36C-8E866417BD8C): 0
LogDevObjectVersion:   Dev-Core (375EC13C-06E4-48FB-B500-84F0262A717E): 2
LogDevObjectVersion:   Dev-Editor (E4B068ED-F494-42E9-A231-DA0B2E46BB41): 24
LogDevObjectVersion:   Dev-Framework (CFFC743F-43B0-4480-9391-14DF171D2073): 34
LogDevObjectVersion:   Dev-Mobile (B02B49B5-BB20-44E9-A304-32B752E40360): 2
LogDevObjectVersion:   Dev-Networking (A4E4105C-59A1-49B5-A7C5-40C4547EDFEE): 0
LogDevObjectVersion:   Dev-Online (39C831C9-5AE6-47DC-9A44-9C173E1C8E7C): 0
LogDevObjectVersion:   Dev-Physics (78F01B33-EBEA-4F98-B9B4-84EACCB95AA2): 0
LogDevObjectVersion:   Dev-Platform (6631380F-2D4D-43E0-8009-CF276956A95A): 0
LogDevObjectVersion:   Dev-Rendering (12F88B9F-8875-4AFC-A67C-D90C383ABD29): 26
LogDevObjectVersion:   Dev-Sequencer (7B5AE74C-D270-4C10-A958-57980B212A5A): 9
LogDevObjectVersion:   Dev-VR (D7296918-1DD6-4BDD-9DE2-64A83CC13884): 2
LogDevObjectVersion:   Dev-LoadTimes (C2A15278-BFE7-4AFE-6C17-90FF531DF755): 1
LogDevObjectVersion:   Private-Geometry (6EACA3D4-40EC-4CC1-B786-8BED09428FC5): 3
LogDevObjectVersion:   Dev-AnimPhys (29E575DD-E0A3-4627-9D10-D276232CDCEA): 17
LogDevObjectVersion:   Dev-ReflectionCapture (6B266CEC-1EC7-4B8F-A30B-E4D90942FC07): 1
LogDevObjectVersion:   Dev-Automation (0DF73D61-A23F-47EA-B727-89E90C41499A): 1
LogDevObjectVersion:   FortniteMain (601D1886-AC64-4F84-AA16-D3DE0DEAC7D6): 12
LogDevObjectVersion:   Dev-Enterprise (9DFFBCD6-494F-0158-E221-12823C92A888): 1
LogStreaming: Display: Took  0.001s to delete old logs.
LogInit: Presizing for max 8388607 objects, including 0 objects not considered by GC, pre-allocating 0 bytes for permanent pool.
LogInit: Object subsystem initialized
[2018.12.08-20.22.05:067][  0]LogInit: Selected Device Profile: [Windows]
[2018.12.08-20.22.05:067][  0]LogInit: Applying CVar settings loaded from the selected device profile: [Windows]
[2018.12.08-20.22.05:077][  0]LogHAL: Display: Platform has ~ 16 GB [17009229824 / 17179869184 / 16], which maps to Larger [LargestMinGB=32, LargerMinGB=12, DefaultMinGB=8, SmallerMinGB=6, SmallestMinGB=0)
[2018.12.08-20.22.05:077][  0]LogInit: Setting Device Profile CVar: [[r.Vulkan.UseRealUBs:1]]
[2018.12.08-20.22.05:077][  0]LogInit: Going up to parent DeviceProfile []
[2018.12.08-20.22.05:077][  0]LogInit: Computer: GROUNDZERO
[2018.12.08-20.22.05:077][  0]LogInit: User: TDSSK
[2018.12.08-20.22.05:077][  0]LogInit: CPU Page size=4096, Cores=4
[2018.12.08-20.22.05:077][  0]LogInit: High frequency timer resolution =3.222652 MHz
[2018.12.08-20.22.05:077][  0]LogMemory: Memory total: Physical=15.8GB (16GB approx)
[2018.12.08-20.22.05:077][  0]LogMemory: Platform Memory Stats for Windows
[2018.12.08-20.22.05:077][  0]LogMemory: Process Physical Memory: 101.45 MB used, 101.45 MB peak
[2018.12.08-20.22.05:078][  0]LogMemory: Process Virtual Memory: 92.37 MB used, 92.37 MB peak
[2018.12.08-20.22.05:078][  0]LogMemory: Physical Memory: 11220.57 MB used,  5000.70 MB free, 16221.27 MB total
[2018.12.08-20.22.05:078][  0]LogMemory: Virtual Memory: 532.16 MB used,  5000.70 MB free, 134217728.00 MB total
[2018.12.08-20.22.05:094][  0]LogInit: Using OS detected language (en-GB).
[2018.12.08-20.22.05:094][  0]LogInit: Using OS detected locale (en-GB).
[2018.12.08-20.22.05:094][  0]LogTextLocalizationManager: No specific localization for 'en-GB' exists, so the 'en' localization will be used.
[2018.12.08-20.22.05:438][  0]LogStreaming: Display: Took  0.344s to InitEngineTextLocalization.
[2018.12.08-20.22.05:438][  0]LogInit: Setting process to per monitor DPI aware
[2018.12.08-20.22.05:464][  0]LogSlate: New Slate User Created.  User Index 0, Is Virtual User: 0
[2018.12.08-20.22.05:465][  0]LogSlate: Slate User Registered.  User Index 0, Is Virtual User: 0
[2018.12.08-20.22.05:662][  0]LogHMD: Failed to initialize OpenVR with code 110
[2018.12.08-20.22.05:662][  0]LogD3D11RHI: D3D11 adapters:
[2018.12.08-20.22.05:719][  0]LogD3D11RHI:    0. 'NVIDIA GeForce GTX 1060 6GB' (Feature Level 11_0)
[2018.12.08-20.22.05:719][  0]LogD3D11RHI:       6052/0/8110 MB DedicatedVideo/DedicatedSystem/SharedSystem, Outputs:1, VendorId:0x10de
[2018.12.08-20.22.05:725][  0]LogD3D11RHI:    1. 'Intel(R) HD Graphics 4600' (Feature Level 11_0)
[2018.12.08-20.22.05:725][  0]LogD3D11RHI:       112/0/2048 MB DedicatedVideo/DedicatedSystem/SharedSystem, Outputs:0, VendorId:0x8086
[2018.12.08-20.22.05:726][  0]LogD3D11RHI:    2. 'Microsoft Basic Render Driver' (Feature Level 11_0)
[2018.12.08-20.22.05:726][  0]LogD3D11RHI:       0/0/8110 MB DedicatedVideo/DedicatedSystem/SharedSystem, Outputs:0, VendorId:0x1414
[2018.12.08-20.22.05:726][  0]LogD3D11RHI: Chosen D3D11 Adapter: 0
[2018.12.08-20.22.05:734][  0]LogD3D11RHI: Creating new Direct3DDevice
[2018.12.08-20.22.05:734][  0]LogD3D11RHI:     GPU DeviceId: 0x1c03 (for the marketing name, search the web for "GPU Device Id")
[2018.12.08-20.22.05:734][  0]LogWindows: EnumDisplayDevices:
[2018.12.08-20.22.05:734][  0]LogWindows:    0. 'NVIDIA GeForce GTX 1060 6GB' (P:1 D:1)
[2018.12.08-20.22.05:734][  0]LogWindows:    1. 'NVIDIA GeForce GTX 1060 6GB' (P:0 D:0)
[2018.12.08-20.22.05:735][  0]LogWindows:    2. 'NVIDIA GeForce GTX 1060 6GB' (P:0 D:0)
[2018.12.08-20.22.05:735][  0]LogWindows:    3. 'NVIDIA GeForce GTX 1060 6GB' (P:0 D:0)
[2018.12.08-20.22.05:735][  0]LogWindows:    4. 'Intel(R) HD Graphics 4600' (P:0 D:0)
[2018.12.08-20.22.05:735][  0]LogWindows:    5. 'Intel(R) HD Graphics 4600' (P:0 D:0)
[2018.12.08-20.22.05:735][  0]LogWindows:    6. 'Intel(R) HD Graphics 4600' (P:0 D:0)
[2018.12.08-20.22.05:736][  0]LogWindows: DebugString: PrimaryIsNotTheChoosenAdapter PrimaryIsNotTheChoosenAdapter PrimaryIsNotTheChoosenAdapter FoundDriverCount:4 
[2018.12.08-20.22.05:736][  0]LogD3D11RHI:     Adapter Name: NVIDIA GeForce GTX 1060 6GB
[2018.12.08-20.22.05:736][  0]LogD3D11RHI:   Driver Version: 397.64 (internal:24.21.13.9764, unified:397.64)
[2018.12.08-20.22.05:736][  0]LogD3D11RHI:      Driver Date: 5-7-2018
[2018.12.08-20.22.05:736][  0]LogRHI: Texture pool is 4236 MB (70% of 6052 MB)
[2018.12.08-20.22.05:773][  0]LogD3D11RHI: Async texture creation enabled
[2018.12.08-20.22.05:975][  0]LogD3D11RHI: GPU Timing Frequency: 1000.000000 (Debug: 2 2)
[2018.12.08-20.22.05:976][  0]LogShaderCompilers: Guid format shader working directory is -2 characters bigger than the processId version (D:/Documents/GitHub/TGP_PairProject/TGP_Project/Intermediate/Shaders/WorkingDirectory/16048/).
[2018.12.08-20.22.05:977][  0]LogShaderCompilers: Cleaned the shader compiler working directory 'C:/Users/TDSSK/AppData/Local/Temp/UnrealShaderWorkingDir/BDEC622F45E233EF6F1EC69F1A47AC6A/'.
[2018.12.08-20.22.06:204][  0]LogTemp: Display: Loaded TP AllDesktopTargetPlatform
[2018.12.08-20.22.06:218][  0]LogTemp: Display: Loaded TP MacClientTargetPlatform
[2018.12.08-20.22.06:230][  0]LogTemp: Display: Loaded TP MacNoEditorTargetPlatform
[2018.12.08-20.22.06:244][  0]LogTemp: Display: Loaded TP MacServerTargetPlatform
[2018.12.08-20.22.06:257][  0]LogTemp: Display: Loaded TP MacTargetPlatform
[2018.12.08-20.22.06:270][  0]LogTemp: Display: Loaded TP WindowsClientTargetPlatform
[2018.12.08-20.22.06:283][  0]LogTemp: Display: Loaded TP WindowsNoEditorTargetPlatform
[2018.12.08-20.22.06:295][  0]LogTemp: Display: Loaded TP WindowsServerTargetPlatform
[2018.12.08-20.22.06:302][  0]LogTemp: Display: Loaded TP WindowsTargetPlatform
[2018.12.08-20.22.06:375][  0]LogTemp: Display: Loaded TP AndroidTargetPlatform
[2018.12.08-20.22.06:375][  0]LogTemp: Display: Loaded TP AndroidTargetPlatform
[2018.12.08-20.22.06:375][  0]LogTemp: Display: Loaded TP AndroidTargetPlatform
[2018.12.08-20.22.06:375][  0]LogTemp: Display: Loaded TP AndroidTargetPlatform
[2018.12.08-20.22.06:375][  0]LogTemp: Display: Loaded TP AndroidTargetPlatform
[2018.12.08-20.22.06:375][  0]LogTemp: Display: Loaded TP AndroidTargetPlatform
[2018.12.08-20.22.06:375][  0]LogTemp: Display: Loaded TP AndroidTargetPlatform
[2018.12.08-20.22.06:375][  0]LogTemp: Display: Loaded TP AndroidTargetPlatform
[2018.12.08-20.22.06:375][  0]LogTemp: Display: Loaded TP AndroidTargetPlatform
[2018.12.08-20.22.06:375][  0]LogTemp: Display: Loaded TP AndroidTargetPlatform
[2018.12.08-20.22.06:375][  0]LogTemp: Display: Loaded TP AndroidTargetPlatform
[2018.12.08-20.22.06:375][  0]LogTemp: Display: Loaded TP AndroidTargetPlatform
[2018.12.08-20.22.06:375][  0]LogTemp: Display: Loaded TP AndroidTargetPlatform
[2018.12.08-20.22.06:375][  0]LogTemp: Display: Loaded TP AndroidTargetPlatform
[2018.12.08-20.22.06:375][  0]LogTemp: Display: Loaded TP AndroidTargetPlatform
[2018.12.08-20.22.06:375][  0]LogTemp: Display: Loaded TP AndroidTargetPlatform
[2018.12.08-20.22.06:375][  0]LogTemp: Display: Loaded TP AndroidTargetPlatform
[2018.12.08-20.22.06:375][  0]LogTemp: Display: Loaded TP AndroidTargetPlatform
[2018.12.08-20.22.06:376][  0]LogTemp: Display: Loaded TP HTML5TargetPlatform
[2018.12.08-20.22.06:434][  0]LogTemp: Display: Loaded TP IOSTargetPlatform
[2018.12.08-20.22.06:434][  0]LogTemp: Display: Loaded TP IOSTargetPlatform
[2018.12.08-20.22.06:457][  0]LogTemp: Display: Loaded TP TVOSTargetPlatform
[2018.12.08-20.22.06:457][  0]LogTemp: Display: Loaded TP TVOSTargetPlatform
[2018.12.08-20.22.06:468][  0]LogTemp: Display: Loaded TP LinuxClientTargetPlatform
[2018.12.08-20.22.06:480][  0]LogTemp: Display: Loaded TP LinuxNoEditorTargetPlatform
[2018.12.08-20.22.06:491][  0]LogTemp: Display: Loaded TP LinuxServerTargetPlatform
[2018.12.08-20.22.06:503][  0]LogTemp: Display: Loaded TP LinuxTargetPlatform
[2018.12.08-20.22.06:511][  0]LogTemp: Display: Loaded TP LuminTargetPlatform
[2018.12.08-20.22.06:511][  0]LogTargetPlatformManager: Display: Building Assets For Windows
[2018.12.08-20.22.06:560][  0]LogXGEController: Cannot use XGE Controller as Incredibuild is not installed on this machine.
[2018.12.08-20.22.06:560][  0]LogShaderCompilers: Cannot use XGE Shader Compiler as Incredibuild is not installed on this machine.
[2018.12.08-20.22.06:560][  0]LogShaderCompilers: Display: Using Local Shader Compiler.
[2018.12.08-20.22.07:308][  0]LogDerivedDataCache: Display: Max Cache Size: 512 MB
[2018.12.08-20.22.07:356][  0]LogDerivedDataCache: Loaded boot cache 0.05s 71MB C:/Users/TDSSK/AppData/Local/UnrealEngine/4.20/DerivedDataCache/Boot.ddc.
[2018.12.08-20.22.07:356][  0]LogDerivedDataCache: Display: Loaded Boot cache: C:/Users/TDSSK/AppData/Local/UnrealEngine/4.20/DerivedDataCache/Boot.ddc
[2018.12.08-20.22.07:356][  0]LogDerivedDataCache: FDerivedDataBackendGraph:  Pak pak cache file D:/Documents/GitHub/TGP_PairProject/TGP_Project/DerivedDataCache/DDC.ddp not found, will not use a pak cache.
[2018.12.08-20.22.07:356][  0]LogDerivedDataCache: Unable to find inner node Pak for hierarchical cache Hierarchy.
[2018.12.08-20.22.07:356][  0]LogDerivedDataCache: FDerivedDataBackendGraph:  CompressedPak pak cache file D:/Documents/GitHub/TGP_PairProject/TGP_Project/DerivedDataCache/Compressed.ddp not found, will not use a pak cache.
[2018.12.08-20.22.07:356][  0]LogDerivedDataCache: Unable to find inner node CompressedPak for hierarchical cache Hierarchy.
[2018.12.08-20.22.07:368][  0]LogDerivedDataCache: Display: Pak cache opened for reading ../../../Engine/DerivedDataCache/Compressed.ddp.
[2018.12.08-20.22.07:381][  0]LogDerivedDataCache: Using Local data cache path C:/Users/TDSSK/AppData/Local/UnrealEngine/Common/DerivedDataCache: Writable
[2018.12.08-20.22.07:381][  0]LogDerivedDataCache: Shared data cache path not found in *engine.ini, will not use an Shared cache.
[2018.12.08-20.22.07:381][  0]LogDerivedDataCache: Unable to find inner node Shared for hierarchical cache Hierarchy.
[2018.12.08-20.22.07:397][  0]LogMaterial: Verifying Global Shaders for PCD3D_SM5
[2018.12.08-20.22.07:399][  0]LogSlate: Using FreeType 2.6.0
[2018.12.08-20.22.07:400][  0]LogSlate: SlateFontServices - WITH_FREETYPE: 1, WITH_HARFBUZZ: 1
[2018.12.08-20.22.07:488][  0]LogAssetRegistry: FAssetRegistry took 0.0264 seconds to start up
[2018.12.08-20.22.07:778][  0]LogInit: Selected Device Profile: [Windows]
[2018.12.08-20.22.07:901][  0]LogSimplygon: Simplygon DLL not present - disabling.
[2018.12.08-20.22.07:904][  0]LogMeshReduction: Using SimplygonSwarm for distributed automatic mesh merging
[2018.12.08-20.22.07:904][  0]LogMeshReduction: Using ProxyLODMeshReduction for automatic mesh merging
[2018.12.08-20.22.07:904][  0]LogMeshReduction: Using QuadricMeshReduction for automatic static mesh reduction
[2018.12.08-20.22.07:904][  0]LogMeshReduction: No automatic skeletal mesh reduction module available
[2018.12.08-20.22.07:917][  0]LogNetVersion: TGP_Project 1.0.0, NetCL: 4212847, EngineNetVer: 5, GameNetVer: 0 (Checksum: 95638710)
[2018.12.08-20.22.08:395][  0]LogPackageLocalizationCache: Processed 11 localized package path(s) for 2 prioritized culture(s) in 0.074338 seconds
[2018.12.08-20.22.08:400][  0]LogUObjectArray: 38425 objects as part of root set at end of initial load.
[2018.12.08-20.22.08:400][  0]LogUObjectAllocator: 6690864 out of 0 bytes used by permanent object pool.
[2018.12.08-20.22.08:401][  0]LogUObjectArray: CloseDisregardForGC: 0/0 objects in disregard for GC pool
[2018.12.08-20.22.09:862][  0]LogTcpMessaging: Initializing TcpMessaging bridge
[2018.12.08-20.22.09:874][  0]LogUdpMessaging: Initializing bridge on interface 0.0.0.0:0 to multicast group 230.0.0.1:6666.
[2018.12.08-20.22.10:065][  0]SourceControl: Source control is disabled
[2018.12.08-20.22.10:065][  0]SourceControl: Source control is disabled
[2018.12.08-20.22.10:066][  0]SourceControl: Source control is disabled
[2018.12.08-20.22.10:067][  0]SourceControl: Source control is disabled
[2018.12.08-20.22.10:238][  0]LogAndroidPermission: UAndroidPermissionCallbackProxy::GetInstance
[2018.12.08-20.22.10:326][  0]LogOcInput: OculusInput pre-init called
[2018.12.08-20.22.10:384][  0]LogEngine: Initializing Engine...
[2018.12.08-20.22.10:385][  0]LogHMD: Failed to initialize OpenVR with code 110
[2018.12.08-20.22.10:387][  0]LogStats: UGameplayTagsManager::ConstructGameplayTagTree: ImportINI prefixes -  0.000 s
[2018.12.08-20.22.10:387][  0]LogStats: UGameplayTagsManager::ConstructGameplayTagTree: Construct from data asset -  0.000 s
[2018.12.08-20.22.10:387][  0]LogStats: UGameplayTagsManager::ConstructGameplayTagTree: ImportINI -  0.000 s
[2018.12.08-20.22.10:387][  0]LogStats: UGameplayTagsManager::ConstructGameplayTagTree: GameplayTagTreeChangedEvent.Broadcast -  0.000 s
[2018.12.08-20.22.10:622][  0]LogInit: Initializing FReadOnlyCVARCache
[2018.12.08-20.22.10:632][  0]LogAIModule: Creating AISystem for world Untitled
[2018.12.08-20.22.10:652][  0]LogInit: XAudio2 using 'Speakers (Realtek High Definition Audio)' : 2 channels at 48 kHz using 32 bits per sample (channel mask 0x3)
[2018.12.08-20.22.10:686][  0]LogInit: FAudioDevice initialized.
[2018.12.08-20.22.10:687][  0]LogNetVersion: Set ProjectVersion to 1.0.0.0. Version Checksum will be recalculated on next use.
[2018.12.08-20.22.10:872][  0]LogDerivedDataCache: Saved boot cache 0.19s 71MB C:/Users/TDSSK/AppData/Local/UnrealEngine/4.20/DerivedDataCache/Boot.ddc.
[2018.12.08-20.22.10:881][  0]LogInit: Texture streaming: Enabled
[2018.12.08-20.22.10:907][  0]LogEngineSessionManager: EngineSessionManager initialized
[2018.12.08-20.22.10:907][  0]LogEngineSessionManager: EngineSessionManager sent abnormal shutdown report. Type=Debugger, SessionId={9E24B946-491C-407F-3BE1-A2B95F130E22}
[2018.12.08-20.22.10:924][  0]LogInit: Transaction tracking system initialized
[2018.12.08-20.22.10:945][  0]BlueprintLog: New page: Editor Load
[2018.12.08-20.22.11:012][  0]LocalizationService: Localization service is disabled
[2018.12.08-20.22.11:281][  0]LogCook: Display: Max memory allowance for cook 16384mb min free memory 0mb
[2018.12.08-20.22.11:281][  0]LogCook: Display: Mobile HDR setting 1
[2018.12.08-20.22.11:281][  0]LogGameplayTags: Display: UGameplayTagsManager::DoneAddingNativeTags. DelegateIsBound: 0
[2018.12.08-20.22.11:281][  0]LogStats: UGameplayTagsManager::ConstructGameplayTagTree: ImportINI prefixes -  0.000 s
[2018.12.08-20.22.11:281][  0]LogStats: UGameplayTagsManager::ConstructGameplayTagTree: Construct from data asset -  0.000 s
[2018.12.08-20.22.11:281][  0]LogStats: UGameplayTagsManager::ConstructGameplayTagTree: ImportINI -  0.000 s
[2018.12.08-20.22.11:281][  0]LogStats: UGameplayTagsManager::ConstructGameplayTagTree: GameplayTagTreeChangedEvent.Broadcast -  0.000 s
[2018.12.08-20.22.11:403][  0]LogFileCache: Scanning file cache for directory 'D:/Documents/GitHub/TGP_PairProject/TGP_Project/Content/' took 0.01s
[2018.12.08-20.22.11:403][  0]SourceControl: Source control is disabled
[2018.12.08-20.22.11:403][  0]Cmd: MAP LOAD FILE="D:/Documents/GitHub/TGP_PairProject/TGP_Project/Content/Levels/BaseLevel.umap" TEMPLATE=0 SHOWPROGRESS=1 FEATURELEVEL=3
[2018.12.08-20.22.11:404][  0]LightingResults: New page: Lighting Build
[2018.12.08-20.22.11:406][  0]MapCheck: New page: Map Check
[2018.12.08-20.22.11:406][  0]LightingResults: New page: Lighting Build
[2018.12.08-20.22.11:507][  0]LogAIModule: Creating AISystem for world BaseLevel
[2018.12.08-20.22.11:513][  0]LogEditorServer: Finished looking for orphan Actors (0.000 secs)
[2018.12.08-20.22.11:534][  0]Cmd: MAP CHECKDEP NOCLEARLOG
[2018.12.08-20.22.11:662][  0]MapCheck: Map check complete: 0 Error(s), 0 Warning(s), took 127.903ms to complete.
[2018.12.08-20.22.11:663][  0]LogFileHelpers: Loading map 'BaseLevel' took 0.259
[2018.12.08-20.22.11:759][  0]LogSlate: Updating window title bar state: overlay mode, drag disabled, window buttons hidden, title bar hidden
[2018.12.08-20.22.11:768][  0]LogSlate: Updating window title bar state: overlay mode, drag disabled, window buttons hidden, title bar hidden
[2018.12.08-20.22.11:776][  0]LogSlate: Updating window title bar state: overlay mode, drag disabled, window buttons hidden, title bar hidden
[2018.12.08-20.22.11:783][  0]LogSlate: Updating window title bar state: overlay mode, drag disabled, window buttons hidden, title bar hidden
[2018.12.08-20.22.11:789][  0]LogCollectionManager: Loaded 0 collections in 0.001388 seconds
[2018.12.08-20.22.11:827][  0]LogFileCache: Scanning file cache for directory 'D:/Documents/GitHub/TGP_PairProject/TGP_Project/Saved/Collections/' took 0.01s
[2018.12.08-20.22.11:827][  0]LogFileCache: Scanning file cache for directory 'D:/Documents/GitHub/TGP_PairProject/TGP_Project/Content/Developers/TDSSK/Collections/' took 0.01s
[2018.12.08-20.22.11:827][  0]LogFileCache: Scanning file cache for directory 'D:/Documents/GitHub/TGP_PairProject/TGP_Project/Content/Collections/' took 0.01s
[2018.12.08-20.22.11:827][  0]LogCollectionManager: Rebuilt the GUID cache for 0 collections in 0.000000 seconds
[2018.12.08-20.22.11:836][  0]LogContentBrowser: Native class hierarchy populated in 0.0089 seconds. Added 2585 classes and 606 folders.
[2018.12.08-20.22.11:841][  0]LogContentBrowser: Native class hierarchy updated for 'WidgetCarousel' in 0.0003 seconds. Added 0 classes and 0 folders.
[2018.12.08-20.22.11:903][  0]LogContentBrowser: Native class hierarchy updated for 'AddContentDialog' in 0.0003 seconds. Added 0 classes and 0 folders.
[2018.12.08-20.22.11:907][  0]LogContentBrowser: Native class hierarchy updated for 'SceneOutliner' in 0.0003 seconds. Added 1 classes and 2 folders.
[2018.12.08-20.22.11:962][  0]LogSlate: Took 0.001138 seconds to synchronously load lazily loaded font '../../../Engine/Content/Slate/Fonts/Roboto-Regular.ttf' (155K)
[2018.12.08-20.22.11:964][  0]LogSlate: Took 0.001112 seconds to synchronously load lazily loaded font '../../../Engine/Content/Slate/Fonts/Roboto-Bold.ttf' (160K)
[2018.12.08-20.22.11:970][  0]LogSlate: Took 0.001224 seconds to synchronously load lazily loaded font '../../../Engine/Content/Editor/Slate/Fonts/FontAwesome.ttf' (139K)
[2018.12.08-20.22.12:052][  0]LogRenderer: Reallocating scene render targets to support 1208x600 Format 10 NumSamples 1 (Frame:1).
[2018.12.08-20.22.12:081][  0]LogSlate: Took 0.001125 seconds to synchronously load lazily loaded font '../../../Engine/Content/Slate/Fonts/Roboto-Light.ttf' (167K)
[2018.12.08-20.22.12:177][  0]LogContentBrowser: Native class hierarchy updated for 'HierarchicalLODOutliner' in 0.0003 seconds. Added 0 classes and 0 folders.
[2018.12.08-20.22.12:177][  0]LogLoad: (Engine Initialization) Total time: 8.51 seconds
[2018.12.08-20.22.12:177][  0]LogLoad: (Engine Initialization) Total Blueprint compile time: 0.00 seconds
[2018.12.08-20.22.12:187][  0]LogWindowsTextInputMethodSystem: Display: IME system now deactivated.
[2018.12.08-20.22.12:210][  0]LogContentStreaming: Texture pool size now 1000 MB
[2018.12.08-20.22.12:381][  1]LogAssetRegistry: Asset discovery search completed in 4.9155 seconds
[2018.12.08-20.22.12:382][  1]LogCollectionManager: Rebuilt the object cache for 0 collections in 0.000001 seconds (found 0 objects)
[2018.12.08-20.22.12:382][  1]LogCollectionManager: Fixed up redirectors for 0 collections in 0.000038 seconds (updated 0 objects)
[2018.12.08-20.22.21:786][127]LogSlate: FSceneViewport::OnFocusLost() reason 0
[2018.12.08-20.22.21:853][135]LogTemp: Repeating last play command: New Editor Window (PIE)
[2018.12.08-20.22.21:866][135]LogPlayLevel: PlayLevel: No blueprints needed recompiling
[2018.12.08-20.22.21:878][135]PIE: New page: PIE session: BaseLevel (8 Dec 2018 20:22:21)
[2018.12.08-20.22.21:878][135]LogPlayLevel: Creating play world package: /Game/Levels/UEDPIE_0_BaseLevel
[2018.12.08-20.22.21:880][135]LogPlayLevel: PIE: StaticDuplicateObject took: (0.002181s)
[2018.12.08-20.22.21:881][135]LogAIModule: Creating AISystem for world BaseLevel
[2018.12.08-20.22.21:881][135]LogPlayLevel: PIE: World Init took: (0.000654s)
[2018.12.08-20.22.21:881][135]LogPlayLevel: PIE: Created PIE world by copying editor world from /Game/Levels/BaseLevel.BaseLevel to /Game/Levels/UEDPIE_0_BaseLevel.BaseLevel (0.002980s)
[2018.12.08-20.22.21:915][135]LogInit: XAudio2 using 'Speakers (Realtek High Definition Audio)' : 2 channels at 48 kHz using 32 bits per sample (channel mask 0x3)
[2018.12.08-20.22.21:928][135]LogInit: FAudioDevice initialized.
[2018.12.08-20.22.21:934][135]LogSlate: Updating window title bar state: overlay mode, drag disabled, window buttons hidden, title bar hidden
[2018.12.08-20.22.21:978][135]LogLoad: Game class is 'GM_GAME_C'
[2018.12.08-20.22.21:980][135]LogWorld: Bringing World /Game/Levels/UEDPIE_0_BaseLevel.BaseLevel up for play (max tick rate 0) at 2018.12.08-20.22.21
[2018.12.08-20.22.21:981][135]LogWorld: Bringing up level for play took: 0.001286
[2018.12.08-20.22.21:997][135]LogContentBrowser: Native class hierarchy updated for 'MovieSceneCapture' in 0.0004 seconds. Added 10 classes and 0 folders.
[2018.12.08-20.22.22:002][135]PIE: Play in editor start time for /Game/Levels/UEDPIE_0_BaseLevel -0.192
[2018.12.08-20.22.22:006][135]LogRenderer: Reallocating scene render targets to support 1292x756 Format 10 NumSamples 1 (Frame:1).
[2018.12.08-20.22.23:542][302]LogSlate: Updating window title bar state: overlay mode, drag disabled, window buttons hidden, title bar hidden
[2018.12.08-20.22.23:555][302]LogSlate: Window 'TGP_Project Game Preview Standalone (64-bit/PCD3D_SM5)' being destroyed
[2018.12.08-20.22.23:586][302]LogPlayLevel: Display: Shutting down PIE online subsystems
[2018.12.08-20.22.23:644][306]LogPlayLevel: Display: Destroying online subsystem :Context_1
[2018.12.08-20.22.26:273][621]LogSlate: Took 0.000223 seconds to synchronously load lazily loaded font '../../../Engine/Content/Slate/Fonts/Roboto-Light.ttf' (167K)
[2018.12.08-20.22.26:279][621]LogAssetEditorManager: Opening Asset editor for Blueprint /Game/Blueprints/PlayerCharacter.PlayerCharacter
[2018.12.08-20.22.26:720][621]LogContentBrowser: Native class hierarchy updated for 'BlueprintGraph' in 0.0006 seconds. Added 116 classes and 0 folders.
[2018.12.08-20.22.27:433][621]LogSlate: Took 0.000249 seconds to synchronously load lazily loaded font '../../../Engine/Content/Slate/Fonts/Roboto-BoldCondensed.ttf' (158K)
[2018.12.08-20.22.27:499][622]LogSlate: Took 0.000241 seconds to synchronously load lazily loaded font '../../../Engine/Content/Slate/Fonts/Roboto-Italic.ttf' (157K)
[2018.12.08-20.22.33:725][358]BlueprintLog: New page: Compile PlayerCharacter
[2018.12.08-20.22.34:928][476]LogTemp: Repeating last play command: New Editor Window (PIE)
[2018.12.08-20.22.34:946][476]LogPlayLevel: PlayLevel: No blueprints needed recompiling
[2018.12.08-20.22.34:947][476]PIE: New page: PIE session: BaseLevel (8 Dec 2018 20:22:34)
[2018.12.08-20.22.34:947][476]LogPlayLevel: Creating play world package: /Game/Levels/UEDPIE_0_BaseLevel
[2018.12.08-20.22.34:948][476]LogPlayLevel: PIE: StaticDuplicateObject took: (0.001691s)
[2018.12.08-20.22.34:949][476]LogAIModule: Creating AISystem for world BaseLevel
[2018.12.08-20.22.34:949][476]LogPlayLevel: PIE: World Init took: (0.000598s)
[2018.12.08-20.22.34:949][476]LogPlayLevel: PIE: Created PIE world by copying editor world from /Game/Levels/BaseLevel.BaseLevel to /Game/Levels/UEDPIE_0_BaseLevel.BaseLevel (0.002392s)
[2018.12.08-20.22.34:988][476]LogInit: XAudio2 using 'Speakers (Realtek High Definition Audio)' : 2 channels at 48 kHz using 32 bits per sample (channel mask 0x3)
[2018.12.08-20.22.35:000][476]LogInit: FAudioDevice initialized.
[2018.12.08-20.22.35:005][476]LogSlate: Updating window title bar state: overlay mode, drag disabled, window buttons hidden, title bar hidden
[2018.12.08-20.22.35:037][476]LogLoad: Game class is 'GM_GAME_C'
[2018.12.08-20.22.35:038][476]LogWorld: Bringing World /Game/Levels/UEDPIE_0_BaseLevel.BaseLevel up for play (max tick rate 0) at 2018.12.08-20.22.35
[2018.12.08-20.22.35:038][476]LogWorld: Bringing up level for play took: 0.000758
[2018.12.08-20.22.35:053][476]PIE: Play in editor start time for /Game/Levels/UEDPIE_0_BaseLevel 0.859
[2018.12.08-20.22.35:890][571]LogSlate: Updating window title bar state: overlay mode, drag disabled, window buttons hidden, title bar hidden
[2018.12.08-20.22.35:904][571]LogSlate: Window 'TGP_Project Game Preview Standalone (64-bit/PCD3D_SM5)' being destroyed
[2018.12.08-20.22.35:933][571]LogPlayLevel: Display: Shutting down PIE online subsystems
[2018.12.08-20.22.35:990][574]LogPlayLevel: Display: Destroying online subsystem :Context_3
[2018.12.08-20.22.41:727][249]BlueprintLog: New page: Compile PlayerCharacter
[2018.12.08-20.22.43:154][394]LogTemp: Repeating last play command: New Editor Window (PIE)
[2018.12.08-20.22.43:171][394]LogPlayLevel: PlayLevel: No blueprints needed recompiling
[2018.12.08-20.22.43:171][394]PIE: New page: PIE session: BaseLevel (8 Dec 2018 20:22:43)
[2018.12.08-20.22.43:171][394]LogPlayLevel: Creating play world package: /Game/Levels/UEDPIE_0_BaseLevel
[2018.12.08-20.22.43:173][394]LogPlayLevel: PIE: StaticDuplicateObject took: (0.001640s)
[2018.12.08-20.22.43:173][394]LogAIModule: Creating AISystem for world BaseLevel
[2018.12.08-20.22.43:173][394]LogPlayLevel: PIE: World Init took: (0.000505s)
[2018.12.08-20.22.43:173][394]LogPlayLevel: PIE: Created PIE world by copying editor world from /Game/Levels/BaseLevel.BaseLevel to /Game/Levels/UEDPIE_0_BaseLevel.BaseLevel (0.002238s)
[2018.12.08-20.22.43:215][394]LogInit: XAudio2 using 'Speakers (Realtek High Definition Audio)' : 2 channels at 48 kHz using 32 bits per sample (channel mask 0x3)
[2018.12.08-20.22.43:227][394]LogInit: FAudioDevice initialized.
[2018.12.08-20.22.43:232][394]LogSlate: Updating window title bar state: overlay mode, drag disabled, window buttons hidden, title bar hidden
[2018.12.08-20.22.43:266][394]LogLoad: Game class is 'GM_GAME_C'
[2018.12.08-20.22.43:267][394]LogWorld: Bringing World /Game/Levels/UEDPIE_0_BaseLevel.BaseLevel up for play (max tick rate 0) at 2018.12.08-20.22.43
[2018.12.08-20.22.43:268][394]LogWorld: Bringing up level for play took: 0.000847
[2018.12.08-20.22.43:282][394]PIE: Play in editor start time for /Game/Levels/UEDPIE_0_BaseLevel 1.088
[2018.12.08-20.22.44:311][512]LogSlate: Updating window title bar state: overlay mode, drag disabled, window buttons hidden, title bar hidden
[2018.12.08-20.22.44:325][512]LogSlate: Window 'TGP_Project Game Preview Standalone (64-bit/PCD3D_SM5)' being destroyed
[2018.12.08-20.22.44:354][512]LogPlayLevel: Display: Shutting down PIE online subsystems
[2018.12.08-20.22.44:418][516]LogPlayLevel: Display: Destroying online subsystem :Context_4
[2018.12.08-20.22.50:187][199]BlueprintLog: New page: Compile PlayerCharacter
[2018.12.08-20.22.51:514][333]LogTemp: Repeating last play command: New Editor Window (PIE)
[2018.12.08-20.22.51:531][333]LogPlayLevel: PlayLevel: No blueprints needed recompiling
[2018.12.08-20.22.51:531][333]PIE: New page: PIE session: BaseLevel (8 Dec 2018 20:22:51)
[2018.12.08-20.22.51:531][333]LogPlayLevel: Creating play world package: /Game/Levels/UEDPIE_0_BaseLevel
[2018.12.08-20.22.51:533][333]LogPlayLevel: PIE: StaticDuplicateObject took: (0.001589s)
[2018.12.08-20.22.51:533][333]LogAIModule: Creating AISystem for world BaseLevel
[2018.12.08-20.22.51:533][333]LogPlayLevel: PIE: World Init took: (0.000513s)
[2018.12.08-20.22.51:533][333]LogPlayLevel: PIE: Created PIE world by copying editor world from /Game/Levels/BaseLevel.BaseLevel to /Game/Levels/UEDPIE_0_BaseLevel.BaseLevel (0.002188s)
[2018.12.08-20.22.51:572][333]LogInit: XAudio2 using 'Speakers (Realtek High Definition Audio)' : 2 channels at 48 kHz using 32 bits per sample (channel mask 0x3)
[2018.12.08-20.22.51:585][333]LogInit: FAudioDevice initialized.
[2018.12.08-20.22.51:591][333]LogSlate: Updating window title bar state: overlay mode, drag disabled, window buttons hidden, title bar hidden
[2018.12.08-20.22.51:623][333]LogLoad: Game class is 'GM_GAME_C'
[2018.12.08-20.22.51:624][333]LogWorld: Bringing World /Game/Levels/UEDPIE_0_BaseLevel.BaseLevel up for play (max tick rate 0) at 2018.12.08-20.22.51
[2018.12.08-20.22.51:624][333]LogWorld: Bringing up level for play took: 0.000853
[2018.12.08-20.22.51:639][333]PIE: Play in editor start time for /Game/Levels/UEDPIE_0_BaseLevel -0.555
[2018.12.08-20.22.52:779][464]LogSlate: Updating window title bar state: overlay mode, drag disabled, window buttons hidden, title bar hidden
[2018.12.08-20.22.52:792][464]LogSlate: Window 'TGP_Project Game Preview Standalone (64-bit/PCD3D_SM5)' being destroyed
[2018.12.08-20.22.52:823][464]LogPlayLevel: Display: Shutting down PIE online subsystems
[2018.12.08-20.22.52:878][467]LogPlayLevel: Display: Destroying online subsystem :Context_5
[2018.12.08-20.22.55:092][723]Cmd: OBJ SAVEPACKAGE PACKAGE="/Game/Blueprints/PlayerCharacter" FILE="D:/Documents/GitHub/TGP_PairProject/TGP_Project/Content/Blueprints/PlayerCharacter.uasset" SILENT=true
[2018.12.08-20.22.55:110][723]LogSavePackage: Moving 'D:/Documents/GitHub/TGP_PairProject/TGP_Project/Saved/PlayerCharacterAD932A2B4C03BFFF3C5A5AA24D7D16D6.tmp' to 'D:/Documents/GitHub/TGP_PairProject/TGP_Project/Content/Blueprints/PlayerCharacter.uasset'
[2018.12.08-20.23.02:092][557]BlueprintLog: New page: Compile PlayerCharacter
[2018.12.08-20.23.03:048][646]LogTemp: Repeating last play command: New Editor Window (PIE)
[2018.12.08-20.23.03:065][646]LogPlayLevel: PlayLevel: No blueprints needed recompiling
[2018.12.08-20.23.03:066][646]PIE: New page: PIE session: BaseLevel (8 Dec 2018 20:23:03)
[2018.12.08-20.23.03:066][646]LogPlayLevel: Creating play world package: /Game/Levels/UEDPIE_0_BaseLevel
[2018.12.08-20.23.03:067][646]LogPlayLevel: PIE: StaticDuplicateObject took: (0.001695s)
[2018.12.08-20.23.03:068][646]LogAIModule: Creating AISystem for world BaseLevel
[2018.12.08-20.23.03:068][646]LogPlayLevel: PIE: World Init took: (0.000555s)
[2018.12.08-20.23.03:068][646]LogPlayLevel: PIE: Created PIE world by copying editor world from /Game/Levels/BaseLevel.BaseLevel to /Game/Levels/UEDPIE_0_BaseLevel.BaseLevel (0.002397s)
[2018.12.08-20.23.03:108][646]LogInit: XAudio2 using 'Speakers (Realtek High Definition Audio)' : 2 channels at 48 kHz using 32 bits per sample (channel mask 0x3)
[2018.12.08-20.23.03:121][646]LogInit: FAudioDevice initialized.
[2018.12.08-20.23.03:127][646]LogSlate: Updating window title bar state: overlay mode, drag disabled, window buttons hidden, title bar hidden
[2018.12.08-20.23.03:158][646]LogLoad: Game class is 'GM_GAME_C'
[2018.12.08-20.23.03:159][646]LogWorld: Bringing World /Game/Levels/UEDPIE_0_BaseLevel.BaseLevel up for play (max tick rate 0) at 2018.12.08-20.23.03
[2018.12.08-20.23.03:160][646]LogWorld: Bringing up level for play took: 0.000841
[2018.12.08-20.23.03:173][646]PIE: Play in editor start time for /Game/Levels/UEDPIE_0_BaseLevel 0.979
[2018.12.08-20.23.05:791][947]LogSlate: Updating window title bar state: overlay mode, drag disabled, window buttons hidden, title bar hidden
[2018.12.08-20.23.05:805][947]LogSlate: Window 'TGP_Project Game Preview Standalone (64-bit/PCD3D_SM5)' being destroyed
[2018.12.08-20.23.05:840][947]LogPlayLevel: Display: Shutting down PIE online subsystems
[2018.12.08-20.23.05:923][948]LogPlayLevel: Display: Destroying online subsystem :Context_6
[2018.12.08-20.23.08:164][215]LogTemp: Repeating last play command: New Editor Window (PIE)
[2018.12.08-20.23.08:177][215]LogPlayLevel: PlayLevel: No blueprints needed recompiling
[2018.12.08-20.23.08:178][215]PIE: New page: PIE session: BaseLevel (8 Dec 2018 20:23:08)
[2018.12.08-20.23.08:178][215]LogPlayLevel: Creating play world package: /Game/Levels/UEDPIE_0_BaseLevel
[2018.12.08-20.23.08:179][215]LogPlayLevel: PIE: StaticDuplicateObject took: (0.001688s)
[2018.12.08-20.23.08:180][215]LogAIModule: Creating AISystem for world BaseLevel
[2018.12.08-20.23.08:180][215]LogPlayLevel: PIE: World Init took: (0.000618s)
[2018.12.08-20.23.08:180][215]LogPlayLevel: PIE: Created PIE world by copying editor world from /Game/Levels/BaseLevel.BaseLevel to /Game/Levels/UEDPIE_0_BaseLevel.BaseLevel (0.002398s)
[2018.12.08-20.23.08:220][215]LogInit: XAudio2 using 'Speakers (Realtek High Definition Audio)' : 2 channels at 48 kHz using 32 bits per sample (channel mask 0x3)
[2018.12.08-20.23.08:233][215]LogInit: FAudioDevice initialized.
[2018.12.08-20.23.08:237][215]LogSlate: Updating window title bar state: overlay mode, drag disabled, window buttons hidden, title bar hidden
[2018.12.08-20.23.08:270][215]LogLoad: Game class is 'GM_GAME_C'
[2018.12.08-20.23.08:271][215]LogWorld: Bringing World /Game/Levels/UEDPIE_0_BaseLevel.BaseLevel up for play (max tick rate 0) at 2018.12.08-20.23.08
[2018.12.08-20.23.08:272][215]LogWorld: Bringing up level for play took: 0.000804
[2018.12.08-20.23.08:286][215]PIE: Play in editor start time for /Game/Levels/UEDPIE_0_BaseLevel 0.092
[2018.12.08-20.23.10:478][473]LogSlate: Window 'TGP_Project Game Preview Standalone (64-bit/PCD3D_SM5)' being destroyed
[2018.12.08-20.23.10:514][473]LogPlayLevel: Display: Shutting down PIE online subsystems
[2018.12.08-20.23.10:600][474]LogPlayLevel: Display: Destroying online subsystem :Context_7
[2018.12.08-20.23.12:819][734]LogPlayLevel: PlayLevel: No blueprints needed recompiling
[2018.12.08-20.23.12:820][734]PIE: New page: PIE session: BaseLevel (8 Dec 2018 20:23:12)
[2018.12.08-20.23.12:820][734]LogPlayLevel: Creating play world package: /Game/Levels/UEDPIE_0_BaseLevel
[2018.12.08-20.23.12:821][734]LogPlayLevel: PIE: StaticDuplicateObject took: (0.001853s)
[2018.12.08-20.23.12:822][734]LogAIModule: Creating AISystem for world BaseLevel
[2018.12.08-20.23.12:822][734]LogPlayLevel: PIE: World Init took: (0.000606s)
[2018.12.08-20.23.12:822][734]LogPlayLevel: PIE: Created PIE world by copying editor world from /Game/Levels/BaseLevel.BaseLevel to /Game/Levels/UEDPIE_0_BaseLevel.BaseLevel (0.002566s)
[2018.12.08-20.23.12:861][734]LogInit: XAudio2 using 'Speakers (Realtek High Definition Audio)' : 2 channels at 48 kHz using 32 bits per sample (channel mask 0x3)
[2018.12.08-20.23.12:875][734]LogInit: FAudioDevice initialized.
[2018.12.08-20.23.12:906][734]LogLoad: Game class is 'GM_GAME_C'
[2018.12.08-20.23.12:907][734]LogWorld: Bringing World /Game/Levels/UEDPIE_0_BaseLevel.BaseLevel up for play (max tick rate 0) at 2018.12.08-20.23.12
[2018.12.08-20.23.12:907][734]LogWorld: Bringing up level for play took: 0.000805
[2018.12.08-20.23.12:920][734]PIE: Play in editor start time for /Game/Levels/UEDPIE_0_BaseLevel 0.726
[2018.12.08-20.23.17:360][256]LogSlate: FSceneViewport::OnFocusLost() reason 0
[2018.12.08-20.23.17:445][265]LogSlate: Updating window title bar state: overlay mode, drag disabled, window buttons hidden, title bar hidden
[2018.12.08-20.23.17:479][265]LogPlayLevel: Display: Shutting down PIE online subsystems
[2018.12.08-20.23.17:505][265]LogSlate: Updating window title bar state: overlay mode, drag disabled, window buttons hidden, title bar hidden
[2018.12.08-20.23.17:542][269]LogPlayLevel: Display: Destroying online subsystem :Context_8
[2018.12.08-20.23.25:833][263]LogSlate: FSceneViewport::OnFocusLost() reason 0
[2018.12.08-20.23.52:268][424]BlueprintLog: New page: Compile PlayerCharacter
[2018.12.08-20.23.53:829][585]Cmd: OBJ SAVEPACKAGE PACKAGE="/Game/Blueprints/PlayerCharacter" FILE="D:/Documents/GitHub/TGP_PairProject/TGP_Project/Content/Blueprints/PlayerCharacter.uasset" SILENT=true
[2018.12.08-20.23.53:847][585]LogSavePackage: Moving 'D:/Documents/GitHub/TGP_PairProject/TGP_Project/Saved/PlayerCharacter9DF866F242FB02C19D1B0B9519F2011E.tmp' to 'D:/Documents/GitHub/TGP_PairProject/TGP_Project/Content/Blueprints/PlayerCharacter.uasset'
[2018.12.08-20.23.54:816][701]LogTemp: Repeating last play command: Selected Viewport
[2018.12.08-20.23.54:834][701]LogPlayLevel: PlayLevel: No blueprints needed recompiling
[2018.12.08-20.23.54:835][701]PIE: New page: PIE session: BaseLevel (8 Dec 2018 20:23:54)
[2018.12.08-20.23.54:835][701]LogPlayLevel: Creating play world package: /Game/Levels/UEDPIE_0_BaseLevel
[2018.12.08-20.23.54:836][701]LogPlayLevel: PIE: StaticDuplicateObject took: (0.001665s)
[2018.12.08-20.23.54:837][701]LogAIModule: Creating AISystem for world BaseLevel
[2018.12.08-20.23.54:837][701]LogPlayLevel: PIE: World Init took: (0.000515s)
[2018.12.08-20.23.54:837][701]LogPlayLevel: PIE: Created PIE world by copying editor world from /Game/Levels/BaseLevel.BaseLevel to /Game/Levels/UEDPIE_0_BaseLevel.BaseLevel (0.002280s)
[2018.12.08-20.23.54:876][701]LogInit: XAudio2 using 'Speakers (Realtek High Definition Audio)' : 2 channels at 48 kHz using 32 bits per sample (channel mask 0x3)
[2018.12.08-20.23.54:889][701]LogInit: FAudioDevice initialized.
[2018.12.08-20.23.54:920][701]LogLoad: Game class is 'GM_GAME_C'
[2018.12.08-20.23.54:922][701]LogWorld: Bringing World /Game/Levels/UEDPIE_0_BaseLevel.BaseLevel up for play (max tick rate 0) at 2018.12.08-20.23.54
[2018.12.08-20.23.54:922][701]LogWorld: Bringing up level for play took: 0.000823
[2018.12.08-20.23.54:934][701]PIE: Play in editor start time for /Game/Levels/UEDPIE_0_BaseLevel 0.74
[2018.12.08-20.23.56:895][936]LogSlate: FSceneViewport::OnFocusLost() reason 0
[2018.12.08-20.23.58:801][164]LogSlate: Updating window title bar state: overlay mode, drag disabled, window buttons hidden, title bar hidden
[2018.12.08-20.23.58:834][164]LogPlayLevel: Display: Shutting down PIE online subsystems
[2018.12.08-20.23.58:861][164]LogSlate: Updating window title bar state: overlay mode, drag disabled, window buttons hidden, title bar hidden
[2018.12.08-20.23.58:906][169]LogPlayLevel: Display: Destroying online subsystem :Context_9
[2018.12.08-20.24.06:199][262]LogSlate: FSceneViewport::OnFocusLost() reason 2
[2018.12.08-20.24.16:082][310]LogWindows: Error: === Critical error: ===
[2018.12.08-20.24.16:082][310]LogWindows: Error: 
[2018.12.08-20.24.16:082][310]LogWindows: Error: Fatal error!
[2018.12.08-20.24.16:082][310]LogWindows: Error: 
[2018.12.08-20.24.16:082][310]LogWindows: Error: Unhandled Exception: EXCEPTION_ACCESS_VIOLATION reading address 0x000000b8
[2018.12.08-20.24.16:082][310]LogWindows: Error: 
[2018.12.08-20.24.16:082][310]LogWindows: Error: [Callstack] 0x00007ffb979a7b57 UE4Editor-TGP_Project-8770.dll!ABasePlayer::BeginPlay() [d:\documents\github\tgp_pairproject\tgp_project\source\tgp_project\private\baseplayer.cpp:48]
[2018.12.08-20.24.16:082][310]LogWindows: Error: [Callstack] 0x00007ffbb0e7a752 UE4Editor-Engine.dll!UnknownFunction []
[2018.12.08-20.24.16:082][310]LogWindows: Error: [Callstack] 0x00007ffbb0ea3d4c UE4Editor-Engine.dll!UnknownFunction []
[2018.12.08-20.24.16:082][310]LogWindows: Error: [Callstack] 0x00007ffbb0e8892f UE4Editor-Engine.dll!UnknownFunction []
[2018.12.08-20.24.16:082][310]LogWindows: Error: [Callstack] 0x00007ffbb0ea76f3 UE4Editor-Engine.dll!UnknownFunction []
[2018.12.08-20.24.16:082][310]LogWindows: Error: [Callstack] 0x00007ffbb17ef646 UE4Editor-Engine.dll!UnknownFunction []
[2018.12.08-20.24.16:083][310]LogWindows: Error: [Callstack] 0x00007ffbb17efc87 UE4Editor-Engine.dll!UnknownFunction []
[2018.12.08-20.24.16:083][310]LogWindows: Error: [Callstack] 0x00007ffbacc48f26 UE4Editor-Kismet.dll!UnknownFunction []
[2018.12.08-20.24.16:083][310]LogWindows: Error: [Callstack] 0x00007ffbaceab5e8 UE4Editor-Kismet.dll!UnknownFunction []
[2018.12.08-20.24.16:083][310]LogWindows: Error: [Callstack] 0x00007ffbacf2bb68 UE4Editor-Kismet.dll!UnknownFunction []
[2018.12.08-20.24.16:083][310]LogWindows: Error: [Callstack] 0x00007ffbb07f29fe UE4Editor-Slate.dll!UnknownFunction []
[2018.12.08-20.24.16:083][310]LogWindows: Error: [Callstack] 0x00007ffbb08f5872 UE4Editor-Slate.dll!UnknownFunction []
[2018.12.08-20.24.16:083][310]LogWindows: Error: [Callstack] 0x00007ffbb08f4313 UE4Editor-Slate.dll!UnknownFunction []
[2018.12.08-20.24.16:083][310]LogWindows: Error: [Callstack] 0x00007ffbb08d34b9 UE4Editor-Slate.dll!UnknownFunction []
[2018.12.08-20.24.16:083][310]LogWindows: Error: [Callstack] 0x00007ffbb09b9ddd UE4Editor-Slate.dll!UnknownFunction []
[2018.12.08-20.24.16:083][310]LogWindows: Error: [Callstack] 0x00007ffbb07a94c5 UE4Editor-Slate.dll!UnknownFunction []
[2018.12.08-20.24.16:083][310]LogWindows: Error: [Callstack] 0x00007ffbb0841db2 UE4Editor-Slate.dll!UnknownFunction []
[2018.12.08-20.24.16:083][310]LogWindows: Error: [Callstack] 0x00007ffbb0827c7a UE4Editor-Slate.dll!UnknownFunction []
[2018.12.08-20.24.16:083][310]LogWindows: Error: [Callstack] 0x00007ffbb081b25c UE4Editor-Slate.dll!UnknownFunction []
[2018.12.08-20.24.16:083][310]LogWindows: Error: [Callstack] 0x00007ffbd55ed1c7 UE4Editor-ApplicationCore.dll!UnknownFunction []
[2018.12.08-20.24.16:083][310]LogWindows: Error: [Callstack] 0x00007ffbd55e0270 UE4Editor-ApplicationCore.dll!UnknownFunction []
[2018.12.08-20.24.16:083][310]LogWindows: Error: [Callstack] 0x00007ffbd55ef4c5 UE4Editor-ApplicationCore.dll!UnknownFunction []
[2018.12.08-20.24.16:083][310]LogWindows: Error: [Callstack] 0x00007ffbd55dc209 UE4Editor-ApplicationCore.dll!UnknownFunction []
[2018.12.08-20.24.16:083][310]LogWindows: Error: [Callstack] 0x00007ffbfebbb85d USER32.dll!UnknownFunction []
[2018.12.08-20.24.16:083][310]LogWindows: Error: [Callstack] 0x00007ffbfebbb1ef USER32.dll!UnknownFunction []
[2018.12.08-20.24.16:083][310]LogWindows: Error: [Callstack] 0x00007ffbd55f0646 UE4Editor-ApplicationCore.dll!UnknownFunction []
[2018.12.08-20.24.16:083][310]LogWindows: Error: [Callstack] 0x00007ff6eba154e5 UE4Editor.exe!UnknownFunction []
[2018.12.08-20.24.16:083][310]LogWindows: Error: [Callstack] 0x00007ff6eba25b3c UE4Editor.exe!UnknownFunction []
[2018.12.08-20.24.16:083][310]LogWindows: Error: [Callstack] 0x00007ff6eba25bba UE4Editor.exe!UnknownFunction []
[2018.12.08-20.24.16:083][310]LogWindows: Error: [Callstack] 0x00007ff6eba33dac UE4Editor.exe!UnknownFunction []
[2018.12.08-20.24.16:083][310]LogWindows: Error: [Callstack] 0x00007ff6eba35aaa UE4Editor.exe!UnknownFunction []
[2018.12.08-20.24.16:083][310]LogWindows: Error: [Callstack] 0x00007ffbff5c1fe4 KERNEL32.DLL!UnknownFunction []
[2018.12.08-20.24.16:083][310]LogWindows: Error: [Callstack] 0x00007ffc0173cb81 ntdll.dll!UnknownFunction []
[2018.12.08-20.24.16:083][310]LogWindows: Error: 
[2018.12.08-20.24.16:113][310]LogExit: Executing StaticShutdownAfterError
[2018.12.08-20.24.16:120][310]LogWindows: FPlatformMisc::RequestExit(1)
[2018.12.08-20.24.16:127][310]Log file closed, 12/08/18 20:24:16
