Log file open, 12/19/18 23:46:00
LogWindows: Failed to load 'aqProf.dll' (GetLastError=126)
LogWindows: File 'aqProf.dll' does not exist
LogWindows: Failed to load 'VSPerf140.dll' (GetLastError=126)
LogWindows: File 'VSPerf140.dll' does not exist
LogWindows: Failed to load 'VtuneApi.dll' (GetLastError=126)
LogWindows: File 'VtuneApi.dll' does not exist
LogWindows: Failed to load 'VtuneApi32e.dll' (GetLastError=126)
LogWindows: File 'VtuneApi32e.dll' does not exist
LogInit: Display: Running engine for game: TGP_Project
LogPlatformFile: Not using cached read wrapper
LogTaskGraph: Started task graph with 5 named threads and 14 total threads with 3 sets of task threads.
LogStats: Stats thread started at 0.271256
LogD3D11RHI: Loaded GFSDK_Aftermath_Lib.x64.dll
LogICUInternationalization: Display: ICU TimeZone Detection - Raw Offset: +0:00, Platform Override: ''
LogPluginManager: Mounting plugin Paper2D
LogPluginManager: Mounting plugin AISupport
LogPluginManager: Mounting plugin LightPropagationVolume
LogPluginManager: Mounting plugin CLionSourceCodeAccess
LogPluginManager: Mounting plugin CodeLiteSourceCodeAccess
LogPluginManager: Mounting plugin GitSourceControl
LogPluginManager: Mounting plugin KDevelopSourceCodeAccess
LogPluginManager: Mounting plugin NullSourceCodeAccess
LogPluginManager: Mounting plugin PerforceSourceControl
LogPluginManager: Mounting plugin SubversionSourceControl
LogPluginManager: Mounting plugin UObjectPlugin
LogPluginManager: Mounting plugin VisualStudioCodeSourceCodeAccess
LogPluginManager: Mounting plugin VisualStudioSourceCodeAccess
LogPluginManager: Mounting plugin XCodeSourceCodeAccess
LogPluginManager: Mounting plugin AssetManagerEditor
LogPluginManager: Mounting plugin CryptoKeys
LogPluginManager: Mounting plugin DataValidation
LogPluginManager: Mounting plugin FacialAnimation
LogPluginManager: Mounting plugin GameplayTagsEditor
LogPluginManager: Mounting plugin MacGraphicsSwitching
LogPluginManager: Mounting plugin MeshEditor
LogPluginManager: Mounting plugin MobileLauncherProfileWizard
LogPluginManager: Mounting plugin PluginBrowser
LogPluginManager: Mounting plugin SpeedTreeImporter
LogPluginManager: Mounting plugin DatasmithContent
LogPluginManager: Mounting plugin AlembicImporter
LogPluginManager: Mounting plugin AppleImageUtils
LogPluginManager: Mounting plugin AppleVision
LogPluginManager: Mounting plugin BackChannel
LogPluginManager: Mounting plugin CharacterAI
LogPluginManager: Mounting plugin GeometryCache
LogPluginManager: Mounting plugin HTML5Networking
LogPluginManager: Mounting plugin ProxyLODPlugin
LogPluginManager: Mounting plugin MagicLeap
LogPluginManager: Mounting plugin MagicLeapEmulator
LogPluginManager: Mounting plugin MagicLeapMedia
LogPluginManager: Mounting plugin AndroidMedia
LogPluginManager: Mounting plugin AvfMedia
LogPluginManager: Mounting plugin ImgMedia
LogPluginManager: Mounting plugin LinearTimecode
LogPluginManager: Mounting plugin MediaCompositing
LogPluginManager: Mounting plugin MediaPlayerEditor
LogPluginManager: Mounting plugin WmfMedia
LogPluginManager: Mounting plugin TcpMessaging
LogPluginManager: Mounting plugin UdpMessaging
LogPluginManager: Mounting plugin ActorSequence
LogPluginManager: Mounting plugin LevelSequenceEditor
LogPluginManager: Mounting plugin MatineeToLevelSequence
LogPluginManager: Mounting plugin NetcodeUnitTest
LogPluginManager: Mounting plugin NUTUnrealEngine4
LogPluginManager: Mounting plugin OnlineSubsystemGooglePlay
LogPluginManager: Mounting plugin OnlineSubsystemIOS
LogPluginManager: Mounting plugin OnlineSubsystem
LogPluginManager: Mounting plugin OnlineSubsystemNull
LogPluginManager: Mounting plugin OnlineSubsystemUtils
LogPluginManager: Mounting plugin LauncherChunkInstaller
LogPluginManager: Mounting plugin AndroidDeviceProfileSelector
LogPluginManager: Mounting plugin AndroidMoviePlayer
LogPluginManager: Mounting plugin AndroidPermission
LogPluginManager: Mounting plugin AppleMoviePlayer
LogPluginManager: Mounting plugin ArchVisCharacter
LogPluginManager: Mounting plugin AudioCapture
LogPluginManager: Mounting plugin CableComponent
LogPluginManager: Mounting plugin CustomMeshComponent
LogPluginManager: Mounting plugin EditableMesh
LogPluginManager: Mounting plugin ExampleDeviceProfileSelector
LogPluginManager: Mounting plugin GoogleCloudMessaging
LogPluginManager: Mounting plugin ImmediatePhysics
LogPluginManager: Mounting plugin IOSDeviceProfileSelector
LogPluginManager: Mounting plugin LinuxDeviceProfileSelector
LogPluginManager: Mounting plugin LocationServicesBPLibrary
LogPluginManager: Mounting plugin MobilePatchingUtils
LogPluginManager: Mounting plugin OculusVR
LogPluginManager: Plugin shader directory ../../../Engine/Plugins/Runtime/Oculus/OculusVR/Shaders found
LogPluginManager: Mapping shader source directory ../../../Engine/Plugins/Runtime/Oculus/OculusVR/Shaders to virtual directory /Plugin/OculusVR
LogPluginManager: Mounting plugin PhysXVehicles
LogPluginManager: Mounting plugin ProceduralMeshComponent
LogPluginManager: Mounting plugin RuntimePhysXCooking
LogPluginManager: Mounting plugin SteamVR
LogPluginManager: Mounting plugin WindowsMoviePlayer
LogStreaming: Display: Took  0.140s to configure plugins.
LogInit: Using libcurl 7.55.1-DEV
LogInit:  - built for x86_64-pc-win32
LogInit:  - supports SSL with OpenSSL/1.0.2h
LogInit:  - supports HTTP deflate (compression) using libz 1.2.8
LogInit:  - other features:
LogInit:      CURL_VERSION_SSL
LogInit:      CURL_VERSION_LIBZ
LogInit:      CURL_VERSION_IPV6
LogInit:      CURL_VERSION_ASYNCHDNS
LogInit:      CURL_VERSION_LARGEFILE
LogInit:      CURL_VERSION_IDN
LogInit:  CurlRequestOptions (configurable via config and command line):
LogInit:  - bVerifyPeer = false  - Libcurl will NOT verify peer certificate
LogInit:  - bUseHttpProxy = false  - Libcurl will NOT use HTTP proxy
LogInit:  - bDontReuseConnections = false  - Libcurl will reuse connections
LogInit:  - CertBundlePath = nullptr  - Libcurl will use whatever was configured at build time.
LogInit:  - MaxHostConnections = 16  - Libcurl will limit the number of connections to a host
LogInit:  - LocalHostAddr = Default
LogInit:  - BufferSize = 65536
LogInit: WinSock: version 1.1 (2.2), MaxSocks=32767, MaxUdp=65467
LogInit: Build: ++UE4+Release-4.20-CL-4369336
LogInit: Engine Version: 4.20.3-4369336+++UE4+Release-4.20
LogInit: Compatible Engine Version: 4.20.0-4212847+++UE4+Release-4.20
LogInit: Net CL: 4212847
LogInit: OS: Windows 10 (), CPU: Intel(R) Core(TM) i5-4590 CPU @ 3.30GHz, GPU: NVIDIA GeForce GTX 1060 6GB
LogInit: Compiled (64-bit): Sep 17 2018 12:26:19
LogInit: Compiled with Visual C++: 19.13.26129.00
LogInit: Build Configuration: Development
LogInit: Branch Name: ++UE4+Release-4.20
LogInit: Command Line:  -skipcompile
LogInit: Base Directory: C:/Program Files/Epic Games/UE_4.20/Engine/Binaries/Win64/
LogInit: Installed Engine Build: 1
LogDevObjectVersion: Number of dev versions registered: 20
LogDevObjectVersion:   Dev-Blueprints (B0D832E4-1F89-4F0D-ACCF-7EB736FD4AA2): 10
LogDevObjectVersion:   Dev-Build (E1C64328-A22C-4D53-A36C-8E866417BD8C): 0
LogDevObjectVersion:   Dev-Core (375EC13C-06E4-48FB-B500-84F0262A717E): 2
LogDevObjectVersion:   Dev-Editor (E4B068ED-F494-42E9-A231-DA0B2E46BB41): 24
LogDevObjectVersion:   Dev-Framework (CFFC743F-43B0-4480-9391-14DF171D2073): 34
LogDevObjectVersion:   Dev-Mobile (B02B49B5-BB20-44E9-A304-32B752E40360): 2
LogDevObjectVersion:   Dev-Networking (A4E4105C-59A1-49B5-A7C5-40C4547EDFEE): 0
LogDevObjectVersion:   Dev-Online (39C831C9-5AE6-47DC-9A44-9C173E1C8E7C): 0
LogDevObjectVersion:   Dev-Physics (78F01B33-EBEA-4F98-B9B4-84EACCB95AA2): 0
LogDevObjectVersion:   Dev-Platform (6631380F-2D4D-43E0-8009-CF276956A95A): 0
LogDevObjectVersion:   Dev-Rendering (12F88B9F-8875-4AFC-A67C-D90C383ABD29): 26
LogDevObjectVersion:   Dev-Sequencer (7B5AE74C-D270-4C10-A958-57980B212A5A): 9
LogDevObjectVersion:   Dev-VR (D7296918-1DD6-4BDD-9DE2-64A83CC13884): 2
LogDevObjectVersion:   Dev-LoadTimes (C2A15278-BFE7-4AFE-6C17-90FF531DF755): 1
LogDevObjectVersion:   Private-Geometry (6EACA3D4-40EC-4CC1-B786-8BED09428FC5): 3
LogDevObjectVersion:   Dev-AnimPhys (29E575DD-E0A3-4627-9D10-D276232CDCEA): 17
LogDevObjectVersion:   Dev-ReflectionCapture (6B266CEC-1EC7-4B8F-A30B-E4D90942FC07): 1
LogDevObjectVersion:   Dev-Automation (0DF73D61-A23F-47EA-B727-89E90C41499A): 1
LogDevObjectVersion:   FortniteMain (601D1886-AC64-4F84-AA16-D3DE0DEAC7D6): 12
LogDevObjectVersion:   Dev-Enterprise (9DFFBCD6-494F-0158-E221-12823C92A888): 1
LogStreaming: Display: Took  0.002s to delete old logs.
LogInit: Presizing for max 8388607 objects, including 0 objects not considered by GC, pre-allocating 0 bytes for permanent pool.
LogInit: Object subsystem initialized
[2018.12.19-23.46.00:733][  0]LogInit: Selected Device Profile: [Windows]
[2018.12.19-23.46.00:733][  0]LogInit: Applying CVar settings loaded from the selected device profile: [Windows]
[2018.12.19-23.46.00:744][  0]LogHAL: Display: Platform has ~ 16 GB [17009229824 / 17179869184 / 16], which maps to Larger [LargestMinGB=32, LargerMinGB=12, DefaultMinGB=8, SmallerMinGB=6, SmallestMinGB=0)
[2018.12.19-23.46.00:745][  0]LogInit: Setting Device Profile CVar: [[r.Vulkan.UseRealUBs:1]]
[2018.12.19-23.46.00:745][  0]LogInit: Going up to parent DeviceProfile []
[2018.12.19-23.46.00:745][  0]LogInit: Computer: GROUNDZERO
[2018.12.19-23.46.00:745][  0]LogInit: User: TDSSK
[2018.12.19-23.46.00:745][  0]LogInit: CPU Page size=4096, Cores=4
[2018.12.19-23.46.00:746][  0]LogInit: High frequency timer resolution =3.222657 MHz
[2018.12.19-23.46.00:746][  0]LogMemory: Memory total: Physical=15.8GB (16GB approx)
[2018.12.19-23.46.00:746][  0]LogMemory: Platform Memory Stats for Windows
[2018.12.19-23.46.00:746][  0]LogMemory: Process Physical Memory: 102.61 MB used, 102.61 MB peak
[2018.12.19-23.46.00:746][  0]LogMemory: Process Virtual Memory: 96.32 MB used, 96.32 MB peak
[2018.12.19-23.46.00:746][  0]LogMemory: Physical Memory: 13271.00 MB used,  2950.27 MB free, 16221.27 MB total
[2018.12.19-23.46.00:746][  0]LogMemory: Virtual Memory: 536.47 MB used,  2950.27 MB free, 134217728.00 MB total
[2018.12.19-23.46.00:894][  0]LogInit: Using OS detected language (en-GB).
[2018.12.19-23.46.00:894][  0]LogInit: Using OS detected locale (en-GB).
[2018.12.19-23.46.00:896][  0]LogTextLocalizationManager: No specific localization for 'en-GB' exists, so the 'en' localization will be used.
[2018.12.19-23.46.01:287][  0]LogStreaming: Display: Took  0.393s to InitEngineTextLocalization.
[2018.12.19-23.46.01:287][  0]LogInit: Setting process to per monitor DPI aware
[2018.12.19-23.46.01:336][  0]LogSlate: New Slate User Created.  User Index 0, Is Virtual User: 0
[2018.12.19-23.46.01:336][  0]LogSlate: Slate User Registered.  User Index 0, Is Virtual User: 0
[2018.12.19-23.46.01:600][  0]LogHMD: Failed to initialize OpenVR with code 110
[2018.12.19-23.46.01:600][  0]LogD3D11RHI: D3D11 adapters:
[2018.12.19-23.46.01:704][  0]LogD3D11RHI:    0. 'NVIDIA GeForce GTX 1060 6GB' (Feature Level 11_0)
[2018.12.19-23.46.01:704][  0]LogD3D11RHI:       6052/0/8110 MB DedicatedVideo/DedicatedSystem/SharedSystem, Outputs:1, VendorId:0x10de
[2018.12.19-23.46.01:718][  0]LogD3D11RHI:    1. 'Intel(R) HD Graphics 4600' (Feature Level 11_0)
[2018.12.19-23.46.01:718][  0]LogD3D11RHI:       112/0/2048 MB DedicatedVideo/DedicatedSystem/SharedSystem, Outputs:0, VendorId:0x8086
[2018.12.19-23.46.01:725][  0]LogD3D11RHI:    2. 'Microsoft Basic Render Driver' (Feature Level 11_0)
[2018.12.19-23.46.01:725][  0]LogD3D11RHI:       0/0/8110 MB DedicatedVideo/DedicatedSystem/SharedSystem, Outputs:0, VendorId:0x1414
[2018.12.19-23.46.01:725][  0]LogD3D11RHI: Chosen D3D11 Adapter: 0
[2018.12.19-23.46.01:739][  0]LogD3D11RHI: Creating new Direct3DDevice
[2018.12.19-23.46.01:739][  0]LogD3D11RHI:     GPU DeviceId: 0x1c03 (for the marketing name, search the web for "GPU Device Id")
[2018.12.19-23.46.01:739][  0]LogWindows: EnumDisplayDevices:
[2018.12.19-23.46.01:739][  0]LogWindows:    0. 'NVIDIA GeForce GTX 1060 6GB' (P:1 D:1)
[2018.12.19-23.46.01:740][  0]LogWindows:    1. 'NVIDIA GeForce GTX 1060 6GB' (P:0 D:0)
[2018.12.19-23.46.01:740][  0]LogWindows:    2. 'NVIDIA GeForce GTX 1060 6GB' (P:0 D:0)
[2018.12.19-23.46.01:741][  0]LogWindows:    3. 'NVIDIA GeForce GTX 1060 6GB' (P:0 D:0)
[2018.12.19-23.46.01:741][  0]LogWindows:    4. 'Intel(R) HD Graphics 4600' (P:0 D:0)
[2018.12.19-23.46.01:742][  0]LogWindows:    5. 'Intel(R) HD Graphics 4600' (P:0 D:0)
[2018.12.19-23.46.01:743][  0]LogWindows:    6. 'Intel(R) HD Graphics 4600' (P:0 D:0)
[2018.12.19-23.46.01:743][  0]LogWindows: DebugString: PrimaryIsNotTheChoosenAdapter PrimaryIsNotTheChoosenAdapter PrimaryIsNotTheChoosenAdapter FoundDriverCount:4 
[2018.12.19-23.46.01:743][  0]LogD3D11RHI:     Adapter Name: NVIDIA GeForce GTX 1060 6GB
[2018.12.19-23.46.01:743][  0]LogD3D11RHI:   Driver Version: 397.64 (internal:24.21.13.9764, unified:397.64)
[2018.12.19-23.46.01:743][  0]LogD3D11RHI:      Driver Date: 5-7-2018
[2018.12.19-23.46.01:743][  0]LogRHI: Texture pool is 4236 MB (70% of 6052 MB)
[2018.12.19-23.46.01:806][  0]LogD3D11RHI: Async texture creation enabled
[2018.12.19-23.46.01:899][  0]LogD3D11RHI: GPU Timing Frequency: 1000.000000 (Debug: 2 2)
[2018.12.19-23.46.01:902][  0]LogShaderCompilers: Guid format shader working directory is -2 characters bigger than the processId version (D:/Documents/GitHub/TGP_PairProject/TGP_Project/Intermediate/Shaders/WorkingDirectory/22760/).
[2018.12.19-23.46.01:902][  0]LogShaderCompilers: Cleaned the shader compiler working directory 'C:/Users/TDSSK/AppData/Local/Temp/UnrealShaderWorkingDir/2BF2F9A3484A8EB6AC47B3BA881D526A/'.
[2018.12.19-23.46.02:209][  0]LogTemp: Display: Loaded TP AllDesktopTargetPlatform
[2018.12.19-23.46.02:227][  0]LogTemp: Display: Loaded TP MacClientTargetPlatform
[2018.12.19-23.46.02:244][  0]LogTemp: Display: Loaded TP MacNoEditorTargetPlatform
[2018.12.19-23.46.02:260][  0]LogTemp: Display: Loaded TP MacServerTargetPlatform
[2018.12.19-23.46.02:278][  0]LogTemp: Display: Loaded TP MacTargetPlatform
[2018.12.19-23.46.02:295][  0]LogTemp: Display: Loaded TP WindowsClientTargetPlatform
[2018.12.19-23.46.02:313][  0]LogTemp: Display: Loaded TP WindowsNoEditorTargetPlatform
[2018.12.19-23.46.02:330][  0]LogTemp: Display: Loaded TP WindowsServerTargetPlatform
[2018.12.19-23.46.02:340][  0]LogTemp: Display: Loaded TP WindowsTargetPlatform
[2018.12.19-23.46.02:422][  0]LogTemp: Display: Loaded TP AndroidTargetPlatform
[2018.12.19-23.46.02:422][  0]LogTemp: Display: Loaded TP AndroidTargetPlatform
[2018.12.19-23.46.02:424][  0]LogTemp: Display: Loaded TP AndroidTargetPlatform
[2018.12.19-23.46.02:425][  0]LogTemp: Display: Loaded TP AndroidTargetPlatform
[2018.12.19-23.46.02:425][  0]LogTemp: Display: Loaded TP AndroidTargetPlatform
[2018.12.19-23.46.02:425][  0]LogTemp: Display: Loaded TP AndroidTargetPlatform
[2018.12.19-23.46.02:425][  0]LogTemp: Display: Loaded TP AndroidTargetPlatform
[2018.12.19-23.46.02:425][  0]LogTemp: Display: Loaded TP AndroidTargetPlatform
[2018.12.19-23.46.02:425][  0]LogTemp: Display: Loaded TP AndroidTargetPlatform
[2018.12.19-23.46.02:425][  0]LogTemp: Display: Loaded TP AndroidTargetPlatform
[2018.12.19-23.46.02:425][  0]LogTemp: Display: Loaded TP AndroidTargetPlatform
[2018.12.19-23.46.02:425][  0]LogTemp: Display: Loaded TP AndroidTargetPlatform
[2018.12.19-23.46.02:425][  0]LogTemp: Display: Loaded TP AndroidTargetPlatform
[2018.12.19-23.46.02:425][  0]LogTemp: Display: Loaded TP AndroidTargetPlatform
[2018.12.19-23.46.02:425][  0]LogTemp: Display: Loaded TP AndroidTargetPlatform
[2018.12.19-23.46.02:425][  0]LogTemp: Display: Loaded TP AndroidTargetPlatform
[2018.12.19-23.46.02:425][  0]LogTemp: Display: Loaded TP AndroidTargetPlatform
[2018.12.19-23.46.02:426][  0]LogTemp: Display: Loaded TP AndroidTargetPlatform
[2018.12.19-23.46.02:430][  0]LogTemp: Display: Loaded TP HTML5TargetPlatform
[2018.12.19-23.46.02:501][  0]LogTemp: Display: Loaded TP IOSTargetPlatform
[2018.12.19-23.46.02:501][  0]LogTemp: Display: Loaded TP IOSTargetPlatform
[2018.12.19-23.46.02:528][  0]LogTemp: Display: Loaded TP TVOSTargetPlatform
[2018.12.19-23.46.02:528][  0]LogTemp: Display: Loaded TP TVOSTargetPlatform
[2018.12.19-23.46.02:543][  0]LogTemp: Display: Loaded TP LinuxClientTargetPlatform
[2018.12.19-23.46.02:558][  0]LogTemp: Display: Loaded TP LinuxNoEditorTargetPlatform
[2018.12.19-23.46.02:577][  0]LogTemp: Display: Loaded TP LinuxServerTargetPlatform
[2018.12.19-23.46.02:594][  0]LogTemp: Display: Loaded TP LinuxTargetPlatform
[2018.12.19-23.46.02:606][  0]LogTemp: Display: Loaded TP LuminTargetPlatform
[2018.12.19-23.46.02:607][  0]LogTargetPlatformManager: Display: Building Assets For Windows
[2018.12.19-23.46.02:744][  0]LogXGEController: Cleaning working directory: C:/Users/TDSSK/AppData/Local/Temp/UnrealXGEWorkingDir/
[2018.12.19-23.46.02:744][  0]LogXGEController: Cannot use XGE Controller as Incredibuild is not installed on this machine.
[2018.12.19-23.46.02:744][  0]LogShaderCompilers: Cannot use XGE Shader Compiler as Incredibuild is not installed on this machine.
[2018.12.19-23.46.02:744][  0]LogShaderCompilers: Display: Using Local Shader Compiler.
[2018.12.19-23.46.03:674][  0]LogDerivedDataCache: Display: Max Cache Size: 512 MB
[2018.12.19-23.46.03:763][  0]LogDerivedDataCache: Loaded boot cache 0.09s 71MB C:/Users/TDSSK/AppData/Local/UnrealEngine/4.20/DerivedDataCache/Boot.ddc.
[2018.12.19-23.46.03:764][  0]LogDerivedDataCache: Display: Loaded Boot cache: C:/Users/TDSSK/AppData/Local/UnrealEngine/4.20/DerivedDataCache/Boot.ddc
[2018.12.19-23.46.03:764][  0]LogDerivedDataCache: FDerivedDataBackendGraph:  Pak pak cache file D:/Documents/GitHub/TGP_PairProject/TGP_Project/DerivedDataCache/DDC.ddp not found, will not use a pak cache.
[2018.12.19-23.46.03:764][  0]LogDerivedDataCache: Unable to find inner node Pak for hierarchical cache Hierarchy.
[2018.12.19-23.46.03:764][  0]LogDerivedDataCache: FDerivedDataBackendGraph:  CompressedPak pak cache file D:/Documents/GitHub/TGP_PairProject/TGP_Project/DerivedDataCache/Compressed.ddp not found, will not use a pak cache.
[2018.12.19-23.46.03:764][  0]LogDerivedDataCache: Unable to find inner node CompressedPak for hierarchical cache Hierarchy.
[2018.12.19-23.46.03:777][  0]LogDerivedDataCache: Display: Pak cache opened for reading ../../../Engine/DerivedDataCache/Compressed.ddp.
[2018.12.19-23.46.03:790][  0]LogDerivedDataCache: Using Local data cache path C:/Users/TDSSK/AppData/Local/UnrealEngine/Common/DerivedDataCache: Writable
[2018.12.19-23.46.03:791][  0]LogDerivedDataCache: Shared data cache path not found in *engine.ini, will not use an Shared cache.
[2018.12.19-23.46.03:791][  0]LogDerivedDataCache: Unable to find inner node Shared for hierarchical cache Hierarchy.
[2018.12.19-23.46.03:810][  0]LogMaterial: Verifying Global Shaders for PCD3D_SM5
[2018.12.19-23.46.03:811][  0]LogSlate: Using FreeType 2.6.0
[2018.12.19-23.46.03:812][  0]LogSlate: SlateFontServices - WITH_FREETYPE: 1, WITH_HARFBUZZ: 1
[2018.12.19-23.46.03:913][  0]LogAssetRegistry: FAssetRegistry took 0.0280 seconds to start up
[2018.12.19-23.46.04:243][  0]LogInit: Selected Device Profile: [Windows]
[2018.12.19-23.46.04:411][  0]LogSimplygon: Simplygon DLL not present - disabling.
[2018.12.19-23.46.04:420][  0]LogMeshReduction: Using SimplygonSwarm for distributed automatic mesh merging
[2018.12.19-23.46.04:420][  0]LogMeshReduction: Using ProxyLODMeshReduction for automatic mesh merging
[2018.12.19-23.46.04:420][  0]LogMeshReduction: Using QuadricMeshReduction for automatic static mesh reduction
[2018.12.19-23.46.04:420][  0]LogMeshReduction: No automatic skeletal mesh reduction module available
[2018.12.19-23.46.04:438][  0]LogNetVersion: TGP_Project 1.0.0, NetCL: 4212847, EngineNetVer: 5, GameNetVer: 0 (Checksum: 95638710)
[2018.12.19-23.46.05:040][  0]LogPackageLocalizationCache: Processed 11 localized package path(s) for 2 prioritized culture(s) in 0.087314 seconds
[2018.12.19-23.46.05:046][  0]LogUObjectArray: 38425 objects as part of root set at end of initial load.
[2018.12.19-23.46.05:046][  0]LogUObjectAllocator: 6690864 out of 0 bytes used by permanent object pool.
[2018.12.19-23.46.05:046][  0]LogUObjectArray: CloseDisregardForGC: 0/0 objects in disregard for GC pool
[2018.12.19-23.46.06:352][  0]LogTcpMessaging: Initializing TcpMessaging bridge
[2018.12.19-23.46.06:367][  0]LogUdpMessaging: Initializing bridge on interface 0.0.0.0:0 to multicast group 230.0.0.1:6666.
[2018.12.19-23.46.06:567][  0]SourceControl: Source control is disabled
[2018.12.19-23.46.06:568][  0]SourceControl: Source control is disabled
[2018.12.19-23.46.06:571][  0]SourceControl: Source control is disabled
[2018.12.19-23.46.06:574][  0]SourceControl: Source control is disabled
[2018.12.19-23.46.06:818][  0]LogAndroidPermission: UAndroidPermissionCallbackProxy::GetInstance
[2018.12.19-23.46.07:082][  0]LogOcInput: OculusInput pre-init called
[2018.12.19-23.46.07:160][  0]LogEngine: Initializing Engine...
[2018.12.19-23.46.07:161][  0]LogHMD: Failed to initialize OpenVR with code 110
[2018.12.19-23.46.07:163][  0]LogStats: UGameplayTagsManager::ConstructGameplayTagTree: ImportINI prefixes -  0.000 s
[2018.12.19-23.46.07:163][  0]LogStats: UGameplayTagsManager::ConstructGameplayTagTree: Construct from data asset -  0.000 s
[2018.12.19-23.46.07:163][  0]LogStats: UGameplayTagsManager::ConstructGameplayTagTree: ImportINI -  0.000 s
[2018.12.19-23.46.07:163][  0]LogStats: UGameplayTagsManager::ConstructGameplayTagTree: GameplayTagTreeChangedEvent.Broadcast -  0.000 s
[2018.12.19-23.46.07:382][  0]LogInit: Initializing FReadOnlyCVARCache
[2018.12.19-23.46.07:403][  0]LogAIModule: Creating AISystem for world Untitled
[2018.12.19-23.46.07:507][  0]LogInit: XAudio2 using 'Speakers (Realtek High Definition Audio)' : 2 channels at 48 kHz using 32 bits per sample (channel mask 0x3)
[2018.12.19-23.46.07:535][  0]LogInit: FAudioDevice initialized.
[2018.12.19-23.46.07:535][  0]LogNetVersion: Set ProjectVersion to 1.0.0.0. Version Checksum will be recalculated on next use.
[2018.12.19-23.46.07:740][  0]LogDerivedDataCache: Saved boot cache 0.21s 71MB C:/Users/TDSSK/AppData/Local/UnrealEngine/4.20/DerivedDataCache/Boot.ddc.
[2018.12.19-23.46.07:752][  0]LogInit: Texture streaming: Enabled
[2018.12.19-23.46.07:788][  0]LogEngineSessionManager: EngineSessionManager initialized
[2018.12.19-23.46.07:804][  0]LogInit: Transaction tracking system initialized
[2018.12.19-23.46.07:852][  0]BlueprintLog: New page: Editor Load
[2018.12.19-23.46.08:000][  0]LocalizationService: Localization service is disabled
[2018.12.19-23.46.08:318][  0]LogCook: Display: Max memory allowance for cook 16384mb min free memory 0mb
[2018.12.19-23.46.08:318][  0]LogCook: Display: Mobile HDR setting 1
[2018.12.19-23.46.08:318][  0]LogGameplayTags: Display: UGameplayTagsManager::DoneAddingNativeTags. DelegateIsBound: 0
[2018.12.19-23.46.08:318][  0]LogStats: UGameplayTagsManager::ConstructGameplayTagTree: ImportINI prefixes -  0.000 s
[2018.12.19-23.46.08:318][  0]LogStats: UGameplayTagsManager::ConstructGameplayTagTree: Construct from data asset -  0.000 s
[2018.12.19-23.46.08:319][  0]LogStats: UGameplayTagsManager::ConstructGameplayTagTree: ImportINI -  0.000 s
[2018.12.19-23.46.08:319][  0]LogStats: UGameplayTagsManager::ConstructGameplayTagTree: GameplayTagTreeChangedEvent.Broadcast -  0.000 s
[2018.12.19-23.46.08:526][  0]LogFileCache: Scanning file cache for directory 'D:/Documents/GitHub/TGP_PairProject/TGP_Project/Content/' took 0.01s
[2018.12.19-23.46.08:526][  0]SourceControl: Source control is disabled
[2018.12.19-23.46.08:526][  0]Cmd: MAP LOAD FILE="D:/Documents/GitHub/TGP_PairProject/TGP_Project/Content/Levels/BaseLevel.umap" TEMPLATE=0 SHOWPROGRESS=1 FEATURELEVEL=3
[2018.12.19-23.46.08:527][  0]LightingResults: New page: Lighting Build
[2018.12.19-23.46.08:531][  0]MapCheck: New page: Map Check
[2018.12.19-23.46.08:531][  0]LightingResults: New page: Lighting Build
[2018.12.19-23.46.08:691][  0]LogAIModule: Creating AISystem for world BaseLevel
[2018.12.19-23.46.08:698][  0]LogEditorServer: Finished looking for orphan Actors (0.000 secs)
[2018.12.19-23.46.08:719][  0]Cmd: MAP CHECKDEP NOCLEARLOG
[2018.12.19-23.46.08:853][  0]MapCheck: Map check complete: 0 Error(s), 0 Warning(s), took 134.033ms to complete.
[2018.12.19-23.46.08:854][  0]LogFileHelpers: Loading map 'BaseLevel' took 0.328
[2018.12.19-23.46.08:981][  0]LogSlate: Updating window title bar state: overlay mode, drag disabled, window buttons hidden, title bar hidden
[2018.12.19-23.46.08:995][  0]LogSlate: Updating window title bar state: overlay mode, drag disabled, window buttons hidden, title bar hidden
[2018.12.19-23.46.09:005][  0]LogSlate: Updating window title bar state: overlay mode, drag disabled, window buttons hidden, title bar hidden
[2018.12.19-23.46.09:014][  0]LogSlate: Updating window title bar state: overlay mode, drag disabled, window buttons hidden, title bar hidden
[2018.12.19-23.46.09:025][  0]LogCollectionManager: Loaded 0 collections in 0.003190 seconds
[2018.12.19-23.46.09:071][  0]LogFileCache: Scanning file cache for directory 'D:/Documents/GitHub/TGP_PairProject/TGP_Project/Saved/Collections/' took 0.01s
[2018.12.19-23.46.09:072][  0]LogFileCache: Scanning file cache for directory 'D:/Documents/GitHub/TGP_PairProject/TGP_Project/Content/Developers/TDSSK/Collections/' took 0.01s
[2018.12.19-23.46.09:072][  0]LogFileCache: Scanning file cache for directory 'D:/Documents/GitHub/TGP_PairProject/TGP_Project/Content/Collections/' took 0.01s
[2018.12.19-23.46.09:072][  0]LogCollectionManager: Rebuilt the GUID cache for 0 collections in 0.000000 seconds
[2018.12.19-23.46.09:081][  0]LogContentBrowser: Native class hierarchy populated in 0.0093 seconds. Added 2585 classes and 606 folders.
[2018.12.19-23.46.09:091][  0]LogContentBrowser: Native class hierarchy updated for 'WidgetCarousel' in 0.0003 seconds. Added 0 classes and 0 folders.
[2018.12.19-23.46.09:166][  0]LogContentBrowser: Native class hierarchy updated for 'AddContentDialog' in 0.0004 seconds. Added 0 classes and 0 folders.
[2018.12.19-23.46.09:176][  0]LogContentBrowser: Native class hierarchy updated for 'SceneOutliner' in 0.0004 seconds. Added 1 classes and 2 folders.
[2018.12.19-23.46.09:241][  0]LogSlate: Took 0.000620 seconds to synchronously load lazily loaded font '../../../Engine/Content/Slate/Fonts/Roboto-Regular.ttf' (155K)
[2018.12.19-23.46.09:245][  0]LogSlate: Took 0.000699 seconds to synchronously load lazily loaded font '../../../Engine/Content/Slate/Fonts/Roboto-Bold.ttf' (160K)
[2018.12.19-23.46.09:251][  0]LogSlate: Took 0.000619 seconds to synchronously load lazily loaded font '../../../Engine/Content/Editor/Slate/Fonts/FontAwesome.ttf' (139K)
[2018.12.19-23.46.09:336][  0]LogRenderer: Reallocating scene render targets to support 1208x600 Format 10 NumSamples 1 (Frame:1).
[2018.12.19-23.46.09:385][  0]LogSlate: Took 0.000602 seconds to synchronously load lazily loaded font '../../../Engine/Content/Slate/Fonts/Roboto-Light.ttf' (167K)
[2018.12.19-23.46.09:523][  0]LogContentBrowser: Native class hierarchy updated for 'HierarchicalLODOutliner' in 0.0004 seconds. Added 0 classes and 0 folders.
[2018.12.19-23.46.09:523][  0]LogLoad: (Engine Initialization) Total time: 11.15 seconds
[2018.12.19-23.46.09:523][  0]LogLoad: (Engine Initialization) Total Blueprint compile time: 0.00 seconds
[2018.12.19-23.46.09:534][  0]LogWindowsTextInputMethodSystem: Display: IME system now deactivated.
[2018.12.19-23.46.09:591][  0]LogContentStreaming: Texture pool size now 1000 MB
[2018.12.19-23.46.09:624][  1]LogFileCache: Retrieving MD5 hashes for directory 'D:/Documents/GitHub/TGP_PairProject/TGP_Project/Content/' took 0.08s
[2018.12.19-23.46.09:635][  1]LogAssetRegistry: Asset discovery search completed in 5.7446 seconds
[2018.12.19-23.46.09:637][  1]LogCollectionManager: Rebuilt the object cache for 0 collections in 0.000000 seconds (found 0 objects)
[2018.12.19-23.46.09:637][  1]LogCollectionManager: Fixed up redirectors for 0 collections in 0.000134 seconds (updated 0 objects)
[2018.12.19-23.47.59:791][192]LogSlate: FSceneViewport::OnFocusLost() reason 0
[2018.12.19-23.47.59:849][199]LogTemp: Repeating last play command: Selected Viewport
[2018.12.19-23.47.59:865][199]LogPlayLevel: PlayLevel: No blueprints needed recompiling
[2018.12.19-23.47.59:921][199]PIE: New page: PIE session: BaseLevel (19 Dec 2018 23:47:59)
[2018.12.19-23.47.59:921][199]LogPlayLevel: Creating play world package: /Game/Levels/UEDPIE_0_BaseLevel
[2018.12.19-23.47.59:937][199]LogPlayLevel: PIE: StaticDuplicateObject took: (0.016086s)
[2018.12.19-23.47.59:938][199]LogAIModule: Creating AISystem for world BaseLevel
[2018.12.19-23.47.59:938][199]LogPlayLevel: PIE: World Init took: (0.000884s)
[2018.12.19-23.47.59:938][199]LogPlayLevel: PIE: Created PIE world by copying editor world from /Game/Levels/BaseLevel.BaseLevel to /Game/Levels/UEDPIE_0_BaseLevel.BaseLevel (0.017459s)
[2018.12.19-23.47.59:990][199]LogInit: XAudio2 using 'Speakers (Realtek High Definition Audio)' : 2 channels at 48 kHz using 32 bits per sample (channel mask 0x3)
[2018.12.19-23.48.00:026][199]LogInit: FAudioDevice initialized.
[2018.12.19-23.48.00:070][199]LogLoad: Game class is 'GM_GAME_C'
[2018.12.19-23.48.00:072][199]LogWorld: Bringing World /Game/Levels/UEDPIE_0_BaseLevel.BaseLevel up for play (max tick rate 0) at 2018.12.19-23.48.00
[2018.12.19-23.48.00:073][199]LogWorld: Bringing up level for play took: 0.001682
[2018.12.19-23.48.00:111][199]LogContentBrowser: Native class hierarchy updated for 'MovieSceneCapture' in 0.0004 seconds. Added 10 classes and 0 folders.
[2018.12.19-23.48.00:113][199]PIE: Play in editor start time for /Game/Levels/UEDPIE_0_BaseLevel 0.528
[2018.12.19-23.48.06:122][916]LogBlueprintUserMessages: [EntranceToRestictedArea_2] yeet
[2018.12.19-23.48.06:130][917]LogBlueprintUserMessages: [EntranceToRestictedArea_2] yeet
[2018.12.19-23.48.06:178][923]LogBlueprintUserMessages: [EntranceToRestictedArea_2] yeet
[2018.12.19-23.48.06:188][924]LogBlueprintUserMessages: [EntranceToRestictedArea_2] yeet
[2018.12.19-23.48.06:239][930]LogBlueprintUserMessages: [EntranceToRestictedArea_2] yeet
[2018.12.19-23.48.06:279][935]LogBlueprintUserMessages: [EntranceToRestictedArea_2] yeet
[2018.12.19-23.48.06:329][941]LogBlueprintUserMessages: [EntranceToRestictedArea_2] yeet
[2018.12.19-23.48.06:379][947]LogBlueprintUserMessages: [EntranceToRestictedArea_2] yeet
[2018.12.19-23.48.06:429][953]LogBlueprintUserMessages: [EntranceToRestictedArea_2] yeet
[2018.12.19-23.48.06:517][960]LogBlueprintUserMessages: [EntranceToRestictedArea_2] yeet
[2018.12.19-23.48.06:810][993]LogBlueprintUserMessages: [EntranceToRestictedArea_2] yeet
[2018.12.19-23.48.06:812][993]LogBlueprintUserMessages: [EntranceToRestictedArea_2] yeet
[2018.12.19-23.48.06:818][994]LogBlueprintUserMessages: [EntranceToRestictedArea_2] yeet
[2018.12.19-23.48.06:819][994]LogBlueprintUserMessages: [EntranceToRestictedArea_2] yeet
[2018.12.19-23.48.06:827][995]LogBlueprintUserMessages: [EntranceToRestictedArea_2] yeet
[2018.12.19-23.48.06:836][996]LogBlueprintUserMessages: [EntranceToRestictedArea_2] yeet
[2018.12.19-23.48.06:845][997]LogBlueprintUserMessages: [EntranceToRestictedArea_2] yeet
[2018.12.19-23.48.06:845][997]LogBlueprintUserMessages: [EntranceToRestictedArea_2] yeet
[2018.12.19-23.48.06:854][998]LogBlueprintUserMessages: [EntranceToRestictedArea_2] yeet
[2018.12.19-23.48.06:862][999]LogBlueprintUserMessages: [EntranceToRestictedArea_2] yeet
[2018.12.19-23.48.06:870][  0]LogBlueprintUserMessages: [EntranceToRestictedArea_2] yeet
[2018.12.19-23.48.06:871][  0]LogBlueprintUserMessages: [EntranceToRestictedArea_2] yeet
[2018.12.19-23.48.06:879][  1]LogBlueprintUserMessages: [EntranceToRestictedArea_2] yeet
[2018.12.19-23.48.06:888][  2]LogBlueprintUserMessages: [EntranceToRestictedArea_2] yeet
[2018.12.19-23.48.06:898][  3]LogBlueprintUserMessages: [EntranceToRestictedArea_2] yeet
[2018.12.19-23.48.06:899][  3]LogBlueprintUserMessages: [EntranceToRestictedArea_2] yeet
[2018.12.19-23.48.06:906][  4]LogBlueprintUserMessages: [EntranceToRestictedArea_2] yeet
[2018.12.19-23.48.06:915][  5]LogBlueprintUserMessages: [EntranceToRestictedArea_2] yeet
[2018.12.19-23.48.06:924][  6]LogBlueprintUserMessages: [EntranceToRestictedArea_2] yeet
[2018.12.19-23.48.06:924][  6]LogBlueprintUserMessages: [EntranceToRestictedArea_2] yeet
[2018.12.19-23.48.06:932][  7]LogBlueprintUserMessages: [EntranceToRestictedArea_2] yeet
[2018.12.19-23.48.06:940][  8]LogBlueprintUserMessages: [EntranceToRestictedArea_2] yeet
[2018.12.19-23.48.06:940][  8]LogBlueprintUserMessages: [EntranceToRestictedArea_2] yeet
[2018.12.19-23.48.06:950][  9]LogBlueprintUserMessages: [EntranceToRestictedArea_2] yeet
[2018.12.19-23.48.06:959][ 10]LogBlueprintUserMessages: [EntranceToRestictedArea_2] yeet
[2018.12.19-23.48.06:966][ 11]LogBlueprintUserMessages: [EntranceToRestictedArea_2] yeet
[2018.12.19-23.48.06:966][ 11]LogBlueprintUserMessages: [EntranceToRestictedArea_2] yeet
[2018.12.19-23.48.06:975][ 12]LogBlueprintUserMessages: [EntranceToRestictedArea_2] yeet
[2018.12.19-23.48.06:984][ 13]LogBlueprintUserMessages: [EntranceToRestictedArea_2] yeet
[2018.12.19-23.48.06:991][ 14]LogBlueprintUserMessages: [EntranceToRestictedArea_2] yeet
[2018.12.19-23.48.06:991][ 14]LogBlueprintUserMessages: [EntranceToRestictedArea_2] yeet
[2018.12.19-23.48.07:000][ 15]LogBlueprintUserMessages: [EntranceToRestictedArea_2] yeet
[2018.12.19-23.48.07:003][ 15]LogBlueprintUserMessages: [EntranceToRestictedArea_2] yeet
[2018.12.19-23.48.07:011][ 16]LogBlueprintUserMessages: [EntranceToRestictedArea_2] yeet
[2018.12.19-23.48.07:011][ 16]LogBlueprintUserMessages: [EntranceToRestictedArea_2] yeet
[2018.12.19-23.48.07:018][ 17]LogBlueprintUserMessages: [EntranceToRestictedArea_2] yeet
[2018.12.19-23.48.07:026][ 18]LogBlueprintUserMessages: [EntranceToRestictedArea_2] yeet
[2018.12.19-23.48.07:026][ 18]LogBlueprintUserMessages: [EntranceToRestictedArea_2] yeet
[2018.12.19-23.48.07:129][ 30]LogBlueprintUserMessages: [EntranceToRestictedArea_2] yeet
[2018.12.19-23.48.07:549][ 79]LogBlueprintUserMessages: [EntranceToRestictedArea_2] yeet
[2018.12.19-23.48.07:656][ 92]LogBlueprintUserMessages: [EntranceToRestictedArea_2] yeet
[2018.12.19-23.48.07:700][ 97]LogBlueprintUserMessages: [EntranceToRestictedArea_2] yeet
[2018.12.19-23.48.07:742][102]LogBlueprintUserMessages: [EntranceToRestictedArea_2] yeet
[2018.12.19-23.48.07:750][103]LogBlueprintUserMessages: [EntranceToRestictedArea_2] yeet
[2018.12.19-23.48.08:697][212]LogBlueprintUserMessages: [EntranceToRestictedArea_2] yeet
[2018.12.19-23.48.08:722][215]LogBlueprintUserMessages: [EntranceToRestictedArea_2] yeet
[2018.12.19-23.48.08:796][223]LogBlueprintUserMessages: [EntranceToRestictedArea_2] yeet
[2018.12.19-23.48.08:883][233]LogBlueprintUserMessages: [EntranceToRestictedArea_2] yeet
[2018.12.19-23.48.09:033][250]LogBlueprintUserMessages: [EntranceToRestictedArea_2] yeet
[2018.12.19-23.48.09:102][258]LogBlueprintUserMessages: [EntranceToRestictedArea_2] yeet
[2018.12.19-23.48.09:459][300]LogBlueprintUserMessages: [EntranceToRestictedArea_2] yeet
[2018.12.19-23.48.09:712][329]LogBlueprintUserMessages: [EntranceToRestictedArea_2] yeet
[2018.12.19-23.48.10:479][418]LogBlueprintUserMessages: [EntranceToRestictedArea_2] yeet
[2018.12.19-23.48.10:965][474]LogBlueprintUserMessages: [EntranceToRestictedArea_2] yeet
[2018.12.19-23.48.11:656][557]LogBlueprintUserMessages: [EntranceToRestictedArea_2] yeet
[2018.12.19-23.48.11:706][563]LogBlueprintUserMessages: [EntranceToRestictedArea_2] yeet
[2018.12.19-23.48.11:781][572]LogBlueprintUserMessages: [EntranceToRestictedArea_2] yeet
[2018.12.19-23.48.11:789][573]LogBlueprintUserMessages: [EntranceToRestictedArea_2] yeet
[2018.12.19-23.48.11:866][582]LogBlueprintUserMessages: [EntranceToRestictedArea_2] yeet
[2018.12.19-23.48.11:925][589]LogBlueprintUserMessages: [EntranceToRestictedArea_2] yeet
[2018.12.19-23.48.11:991][597]LogBlueprintUserMessages: [EntranceToRestictedArea_2] yeet
[2018.12.19-23.48.12:066][606]LogBlueprintUserMessages: [EntranceToRestictedArea_2] yeet
[2018.12.19-23.48.12:116][612]LogBlueprintUserMessages: [EntranceToRestictedArea_2] yeet
[2018.12.19-23.48.12:191][621]LogBlueprintUserMessages: [EntranceToRestictedArea_2] yeet
[2018.12.19-23.48.12:257][629]LogBlueprintUserMessages: [EntranceToRestictedArea_2] yeet
[2018.12.19-23.48.12:332][638]LogBlueprintUserMessages: [EntranceToRestictedArea_2] yeet
[2018.12.19-23.48.12:416][648]LogBlueprintUserMessages: [EntranceToRestictedArea_2] yeet
[2018.12.19-23.48.14:245][865]LogCharacterMovement: BP_Bodyguard_2 is stuck and failed to move! Velocity: X=49.78 Y=86.73 Z=0.00 Location: X=2592.66 Y=-684.82 Z=110.15 Normal: X=0.77 Y=-0.64 Z=0.00 PenetrationDepth:1.036 Actor:BasicBullet_C_397 Component:Sphere BoneName:None (0 other events since notify)
[2018.12.19-23.48.22:076][582]LogSlate: FSceneViewport::OnFocusLost() reason 0
[2018.12.19-23.48.22:140][585]LogNet: Browse: /Game/Levels/BaseLevel
[2018.12.19-23.48.22:140][585]LogLoad: LoadMap: /Game/Levels/BaseLevel
[2018.12.19-23.48.22:242][585]LogPlayLevel: Creating play world package: /Game/Levels/UEDPIE_0_BaseLevel
[2018.12.19-23.48.22:248][585]LogPlayLevel: PIE: StaticDuplicateObject took: (0.005167s)
[2018.12.19-23.48.22:248][585]LogAIModule: Creating AISystem for world BaseLevel
[2018.12.19-23.48.22:248][585]LogPlayLevel: PIE: World Init took: (0.000655s)
[2018.12.19-23.48.22:249][585]LogPlayLevel: PIE: Created PIE world by copying editor world from /Game/Levels/BaseLevel.BaseLevel to /Game/Levels/UEDPIE_0_BaseLevel.BaseLevel (0.006189s)
[2018.12.19-23.48.22:249][585]LogLoad: Game class is 'GM_GAME_C'
[2018.12.19-23.48.22:250][585]LogWorld: Bringing World /Game/Levels/UEDPIE_0_BaseLevel.BaseLevel up for play (max tick rate 0) at 2018.12.19-23.48.22
[2018.12.19-23.48.22:250][585]LogWorld: Bringing up level for play took: 0.000989
[2018.12.19-23.48.22:252][585]LogLoad: Took 0.112525 seconds to LoadMap(/Game/Levels/UEDPIE_0_BaseLevel)
[2018.12.19-23.48.28:449][326]LogBlueprintUserMessages: [EntranceToRestictedArea_2] yeet
[2018.12.19-23.48.28:774][365]LogBlueprintUserMessages: [EntranceToRestictedArea_2] yeet
[2018.12.19-23.48.30:084][522]LogBlueprintUserMessages: [EntranceToRestictedArea_2] yeet
[2018.12.19-23.48.30:085][522]LogBlueprintUserMessages: [EntranceToRestictedArea_2] yeet
[2018.12.19-23.48.30:125][527]LogBlueprintUserMessages: [EntranceToRestictedArea_2] yeet
[2018.12.19-23.48.30:226][539]LogCharacterMovement: BP_Bodyguard_2 is stuck and failed to move! Velocity: X=91.61 Y=-40.10 Z=0.00 Location: X=2274.59 Y=-789.79 Z=110.15 Normal: X=-0.91 Y=0.42 Z=0.00 PenetrationDepth:2.579 Actor:ScatterBullet_C_21 Component:Sphere BoneName:None (0 other events since notify)
[2018.12.19-23.48.30:251][542]LogBlueprintUserMessages: [EntranceToRestictedArea_2] yeet
[2018.12.19-23.48.30:283][546]LogBlueprintUserMessages: [EntranceToRestictedArea_2] yeet
[2018.12.19-23.48.30:284][546]LogBlueprintUserMessages: [EntranceToRestictedArea_2] yeet
[2018.12.19-23.48.30:342][553]LogBlueprintUserMessages: [EntranceToRestictedArea_2] yeet
[2018.12.19-23.48.30:342][553]LogBlueprintUserMessages: [EntranceToRestictedArea_2] yeet
[2018.12.19-23.48.30:411][560]LogBlueprintUserMessages: [EntranceToRestictedArea_2] yeet
[2018.12.19-23.48.30:452][565]LogBlueprintUserMessages: [EntranceToRestictedArea_2] yeet
[2018.12.19-23.48.30:461][566]LogBlueprintUserMessages: [EntranceToRestictedArea_2] yeet
[2018.12.19-23.48.30:586][581]LogBlueprintUserMessages: [EntranceToRestictedArea_2] yeet
[2018.12.19-23.48.30:587][581]LogBlueprintUserMessages: [EntranceToRestictedArea_2] yeet
[2018.12.19-23.48.30:602][583]LogBlueprintUserMessages: [EntranceToRestictedArea_2] yeet
[2018.12.19-23.48.30:603][583]LogBlueprintUserMessages: [EntranceToRestictedArea_2] yeet
[2018.12.19-23.48.30:635][587]LogBlueprintUserMessages: [EntranceToRestictedArea_2] yeet
[2018.12.19-23.48.30:711][596]LogBlueprintUserMessages: [EntranceToRestictedArea_2] yeet
[2018.12.19-23.48.30:720][597]LogBlueprintUserMessages: [EntranceToRestictedArea_2] yeet
[2018.12.19-23.48.30:770][603]LogBlueprintUserMessages: [EntranceToRestictedArea_2] yeet
[2018.12.19-23.48.30:771][603]LogBlueprintUserMessages: [EntranceToRestictedArea_2] yeet
[2018.12.19-23.48.30:820][609]LogBlueprintUserMessages: [EntranceToRestictedArea_2] yeet
[2018.12.19-23.48.30:845][612]LogBlueprintUserMessages: [EntranceToRestictedArea_2] yeet
[2018.12.19-23.48.30:939][623]LogBlueprintUserMessages: [EntranceToRestictedArea_2] yeet
[2018.12.19-23.48.30:948][624]LogBlueprintUserMessages: [EntranceToRestictedArea_2] yeet
[2018.12.19-23.48.31:005][631]LogBlueprintUserMessages: [EntranceToRestictedArea_2] yeet
[2018.12.19-23.48.31:030][634]LogBlueprintUserMessages: [EntranceToRestictedArea_2] yeet
[2018.12.19-23.48.31:072][639]LogBlueprintUserMessages: [EntranceToRestictedArea_2] yeet
[2018.12.19-23.48.31:122][645]LogBlueprintUserMessages: [EntranceToRestictedArea_2] yeet
[2018.12.19-23.48.31:163][650]LogBlueprintUserMessages: [EntranceToRestictedArea_2] yeet
[2018.12.19-23.48.31:206][655]LogBlueprintUserMessages: [EntranceToRestictedArea_2] yeet
[2018.12.19-23.48.31:222][657]LogBlueprintUserMessages: [EntranceToRestictedArea_2] yeet
[2018.12.19-23.48.31:288][665]LogBlueprintUserMessages: [EntranceToRestictedArea_2] yeet
[2018.12.19-23.48.31:298][666]LogBlueprintUserMessages: [EntranceToRestictedArea_2] yeet
[2018.12.19-23.48.31:348][672]LogBlueprintUserMessages: [EntranceToRestictedArea_2] yeet
[2018.12.19-23.48.31:422][681]LogBlueprintUserMessages: [EntranceToRestictedArea_2] yeet
[2018.12.19-23.48.31:447][684]LogBlueprintUserMessages: [EntranceToRestictedArea_2] yeet
[2018.12.19-23.48.31:498][690]LogBlueprintUserMessages: [EntranceToRestictedArea_2] yeet
[2018.12.19-23.48.31:514][692]LogBlueprintUserMessages: [EntranceToRestictedArea_2] yeet
[2018.12.19-23.48.31:597][702]LogBlueprintUserMessages: [EntranceToRestictedArea_2] yeet
[2018.12.19-23.48.31:664][710]LogBlueprintUserMessages: [EntranceToRestictedArea_2] yeet
[2018.12.19-23.48.31:889][737]LogBlueprintUserMessages: [EntranceToRestictedArea_2] yeet
[2018.12.19-23.48.32:273][783]LogBlueprintUserMessages: [EntranceToRestictedArea_2] yeet
[2018.12.19-23.48.32:489][809]LogBlueprintUserMessages: [EntranceToRestictedArea_2] yeet
[2018.12.19-23.48.32:757][841]LogBlueprintUserMessages: [EntranceToRestictedArea_2] yeet
[2018.12.19-23.48.32:975][867]LogBlueprintUserMessages: [EntranceToRestictedArea_2] yeet
[2018.12.19-23.48.33:175][891]LogBlueprintUserMessages: [EntranceToRestictedArea_2] yeet
[2018.12.19-23.48.33:391][917]LogBlueprintUserMessages: [EntranceToRestictedArea_2] yeet
[2018.12.19-23.48.33:608][943]LogBlueprintUserMessages: [EntranceToRestictedArea_2] yeet
[2018.12.19-23.48.33:826][969]LogBlueprintUserMessages: [EntranceToRestictedArea_2] yeet
[2018.12.19-23.48.34:017][992]LogSlate: FSceneViewport::OnFocusLost() reason 0
[2018.12.19-23.48.34:051][996]LogBlueprintUserMessages: [EntranceToRestictedArea_2] yeet
[2018.12.19-23.48.35:949][218]LogSlate: Updating window title bar state: overlay mode, drag disabled, window buttons hidden, title bar hidden
[2018.12.19-23.48.36:154][218]LogPlayLevel: Display: Shutting down PIE online subsystems
[2018.12.19-23.48.36:224][218]LogSlate: Updating window title bar state: overlay mode, drag disabled, window buttons hidden, title bar hidden
[2018.12.19-23.48.36:276][219]LogPlayLevel: Display: Destroying online subsystem :Context_3
