Log file open, 11/29/18 10:45:17
LogWindows: Failed to load 'aqProf.dll' (GetLastError=126)
LogWindows: File 'aqProf.dll' does not exist
LogWindows: Failed to load 'VSPerf140.dll' (GetLastError=126)
LogWindows: File 'VSPerf140.dll' does not exist
LogWindows: Failed to load 'VtuneApi.dll' (GetLastError=126)
LogWindows: File 'VtuneApi.dll' does not exist
LogWindows: Failed to load 'VtuneApi32e.dll' (GetLastError=126)
LogWindows: File 'VtuneApi32e.dll' does not exist
LogInit: Display: Running engine for game: TGP_Project
LogPlatformFile: Not using cached read wrapper
LogTaskGraph: Started task graph with 5 named threads and 23 total threads with 3 sets of task threads.
LogStats: Stats thread started at 0.446678
LogD3D11RHI: Loaded GFSDK_Aftermath_Lib.x64.dll
LogICUInternationalization: Display: ICU TimeZone Detection - Raw Offset: +0:00, Platform Override: ''
LogPluginManager: Mounting plugin Paper2D
LogPluginManager: Mounting plugin AISupport
LogPluginManager: Mounting plugin LightPropagationVolume
LogPluginManager: Mounting plugin CLionSourceCodeAccess
LogPluginManager: Mounting plugin CodeLiteSourceCodeAccess
LogPluginManager: Mounting plugin GitSourceControl
LogPluginManager: Mounting plugin KDevelopSourceCodeAccess
LogPluginManager: Mounting plugin NullSourceCodeAccess
LogPluginManager: Mounting plugin PerforceSourceControl
LogPluginManager: Mounting plugin SubversionSourceControl
LogPluginManager: Mounting plugin UObjectPlugin
LogPluginManager: Mounting plugin VisualStudioCodeSourceCodeAccess
LogPluginManager: Mounting plugin VisualStudioSourceCodeAccess
LogPluginManager: Mounting plugin XCodeSourceCodeAccess
LogPluginManager: Mounting plugin AssetManagerEditor
LogPluginManager: Mounting plugin CryptoKeys
LogPluginManager: Mounting plugin DataValidation
LogPluginManager: Mounting plugin FacialAnimation
LogPluginManager: Mounting plugin GameplayTagsEditor
LogPluginManager: Mounting plugin MacGraphicsSwitching
LogPluginManager: Mounting plugin MeshEditor
LogPluginManager: Mounting plugin MobileLauncherProfileWizard
LogPluginManager: Mounting plugin PluginBrowser
LogPluginManager: Mounting plugin SpeedTreeImporter
LogPluginManager: Mounting plugin DatasmithContent
LogPluginManager: Mounting plugin AlembicImporter
LogPluginManager: Mounting plugin AppleImageUtils
LogPluginManager: Mounting plugin AppleVision
LogPluginManager: Mounting plugin BackChannel
LogPluginManager: Mounting plugin CharacterAI
LogPluginManager: Mounting plugin GeometryCache
LogPluginManager: Mounting plugin HTML5Networking
LogPluginManager: Mounting plugin ProxyLODPlugin
LogPluginManager: Mounting plugin MagicLeap
LogPluginManager: Mounting plugin MagicLeapEmulator
LogPluginManager: Mounting plugin MagicLeapMedia
LogPluginManager: Mounting plugin AndroidMedia
LogPluginManager: Mounting plugin AvfMedia
LogPluginManager: Mounting plugin ImgMedia
LogPluginManager: Mounting plugin LinearTimecode
LogPluginManager: Mounting plugin MediaCompositing
LogPluginManager: Mounting plugin MediaPlayerEditor
LogPluginManager: Mounting plugin WmfMedia
LogPluginManager: Mounting plugin TcpMessaging
LogPluginManager: Mounting plugin UdpMessaging
LogPluginManager: Mounting plugin ActorSequence
LogPluginManager: Mounting plugin LevelSequenceEditor
LogPluginManager: Mounting plugin MatineeToLevelSequence
LogPluginManager: Mounting plugin NetcodeUnitTest
LogPluginManager: Mounting plugin NUTUnrealEngine4
LogPluginManager: Mounting plugin OnlineSubsystemGooglePlay
LogPluginManager: Mounting plugin OnlineSubsystemIOS
LogPluginManager: Mounting plugin OnlineSubsystem
LogPluginManager: Mounting plugin OnlineSubsystemNull
LogPluginManager: Mounting plugin OnlineSubsystemUtils
LogPluginManager: Mounting plugin LauncherChunkInstaller
LogPluginManager: Mounting plugin AndroidDeviceProfileSelector
LogPluginManager: Mounting plugin AndroidMoviePlayer
LogPluginManager: Mounting plugin AndroidPermission
LogPluginManager: Mounting plugin AppleMoviePlayer
LogPluginManager: Mounting plugin ArchVisCharacter
LogPluginManager: Mounting plugin AudioCapture
LogPluginManager: Mounting plugin CableComponent
LogPluginManager: Mounting plugin CustomMeshComponent
LogPluginManager: Mounting plugin EditableMesh
LogPluginManager: Mounting plugin ExampleDeviceProfileSelector
LogPluginManager: Mounting plugin GoogleCloudMessaging
LogPluginManager: Mounting plugin ImmediatePhysics
LogPluginManager: Mounting plugin IOSDeviceProfileSelector
LogPluginManager: Mounting plugin LinuxDeviceProfileSelector
LogPluginManager: Mounting plugin LocationServicesBPLibrary
LogPluginManager: Mounting plugin MobilePatchingUtils
LogPluginManager: Mounting plugin OculusVR
LogPluginManager: Plugin shader directory ../../../Engine/Plugins/Runtime/Oculus/OculusVR/Shaders found
LogPluginManager: Mapping shader source directory ../../../Engine/Plugins/Runtime/Oculus/OculusVR/Shaders to virtual directory /Plugin/OculusVR
LogPluginManager: Mounting plugin PhysXVehicles
LogPluginManager: Mounting plugin ProceduralMeshComponent
LogPluginManager: Mounting plugin RuntimePhysXCooking
LogPluginManager: Mounting plugin SteamVR
LogPluginManager: Mounting plugin WindowsMoviePlayer
LogStreaming: Display: Took  0.190s to configure plugins.
LogInit: Using libcurl 7.55.1-DEV
LogInit:  - built for x86_64-pc-win32
LogInit:  - supports SSL with OpenSSL/1.0.2h
LogInit:  - supports HTTP deflate (compression) using libz 1.2.8
LogInit:  - other features:
LogInit:      CURL_VERSION_SSL
LogInit:      CURL_VERSION_LIBZ
LogInit:      CURL_VERSION_IPV6
LogInit:      CURL_VERSION_ASYNCHDNS
LogInit:      CURL_VERSION_LARGEFILE
LogInit:      CURL_VERSION_IDN
LogInit:  CurlRequestOptions (configurable via config and command line):
LogInit:  - bVerifyPeer = false  - Libcurl will NOT verify peer certificate
LogInit:  - bUseHttpProxy = false  - Libcurl will NOT use HTTP proxy
LogInit:  - bDontReuseConnections = false  - Libcurl will reuse connections
LogInit:  - CertBundlePath = nullptr  - Libcurl will use whatever was configured at build time.
LogInit:  - MaxHostConnections = 16  - Libcurl will limit the number of connections to a host
LogInit:  - LocalHostAddr = Default
LogInit:  - BufferSize = 65536
LogInit: WinSock: version 1.1 (2.2), MaxSocks=32767, MaxUdp=65467
LogInit: Build: ++UE4+Release-4.20-CL-4369336
LogInit: Engine Version: 4.20.3-4369336+++UE4+Release-4.20
LogInit: Compatible Engine Version: 4.20.0-4212847+++UE4+Release-4.20
LogInit: Net CL: 4212847
LogInit: OS: Windows 10 (), CPU: AMD FX(tm)-8320 Eight-Core Processor           , GPU: AMD Radeon (TM) R9 380 Series
LogInit: Compiled (64-bit): Sep 17 2018 12:26:19
LogInit: Compiled with Visual C++: 19.13.26129.00
LogInit: Build Configuration: Development
LogInit: Branch Name: ++UE4+Release-4.20
LogInit: Command Line:  -skipcompile
LogInit: Base Directory: C:/Users/blued/Documents/UE_4.20/Engine/Binaries/Win64/
LogInit: Installed Engine Build: 1
LogDevObjectVersion: Number of dev versions registered: 20
LogDevObjectVersion:   Dev-Blueprints (B0D832E4-1F89-4F0D-ACCF-7EB736FD4AA2): 10
LogDevObjectVersion:   Dev-Build (E1C64328-A22C-4D53-A36C-8E866417BD8C): 0
LogDevObjectVersion:   Dev-Core (375EC13C-06E4-48FB-B500-84F0262A717E): 2
LogDevObjectVersion:   Dev-Editor (E4B068ED-F494-42E9-A231-DA0B2E46BB41): 24
LogDevObjectVersion:   Dev-Framework (CFFC743F-43B0-4480-9391-14DF171D2073): 34
LogDevObjectVersion:   Dev-Mobile (B02B49B5-BB20-44E9-A304-32B752E40360): 2
LogDevObjectVersion:   Dev-Networking (A4E4105C-59A1-49B5-A7C5-40C4547EDFEE): 0
LogDevObjectVersion:   Dev-Online (39C831C9-5AE6-47DC-9A44-9C173E1C8E7C): 0
LogDevObjectVersion:   Dev-Physics (78F01B33-EBEA-4F98-B9B4-84EACCB95AA2): 0
LogDevObjectVersion:   Dev-Platform (6631380F-2D4D-43E0-8009-CF276956A95A): 0
LogDevObjectVersion:   Dev-Rendering (12F88B9F-8875-4AFC-A67C-D90C383ABD29): 26
LogDevObjectVersion:   Dev-Sequencer (7B5AE74C-D270-4C10-A958-57980B212A5A): 9
LogDevObjectVersion:   Dev-VR (D7296918-1DD6-4BDD-9DE2-64A83CC13884): 2
LogDevObjectVersion:   Dev-LoadTimes (C2A15278-BFE7-4AFE-6C17-90FF531DF755): 1
LogDevObjectVersion:   Private-Geometry (6EACA3D4-40EC-4CC1-B786-8BED09428FC5): 3
LogDevObjectVersion:   Dev-AnimPhys (29E575DD-E0A3-4627-9D10-D276232CDCEA): 17
LogDevObjectVersion:   Dev-ReflectionCapture (6B266CEC-1EC7-4B8F-A30B-E4D90942FC07): 1
LogDevObjectVersion:   Dev-Automation (0DF73D61-A23F-47EA-B727-89E90C41499A): 1
LogDevObjectVersion:   FortniteMain (601D1886-AC64-4F84-AA16-D3DE0DEAC7D6): 12
LogDevObjectVersion:   Dev-Enterprise (9DFFBCD6-494F-0158-E221-12823C92A888): 1
LogStreaming: Display: Took  0.007s to delete old logs.
LogInit: Presizing for max 8388607 objects, including 0 objects not considered by GC, pre-allocating 0 bytes for permanent pool.
LogInit: Object subsystem initialized
[2018.11.29-10.45.18:464][  0]LogInit: Selected Device Profile: [Windows]
[2018.11.29-10.45.18:464][  0]LogInit: Applying CVar settings loaded from the selected device profile: [Windows]
[2018.11.29-10.45.18:495][  0]LogHAL: Display: Platform has ~ 16 GB [17071263744 / 17179869184 / 16], which maps to Larger [LargestMinGB=32, LargerMinGB=12, DefaultMinGB=8, SmallerMinGB=6, SmallestMinGB=0)
[2018.11.29-10.45.18:495][  0]LogInit: Setting Device Profile CVar: [[r.Vulkan.UseRealUBs:1]]
[2018.11.29-10.45.18:495][  0]LogInit: Going up to parent DeviceProfile []
[2018.11.29-10.45.18:507][  0]LogInit: Computer: DESKTOP-JAN50R2
[2018.11.29-10.45.18:507][  0]LogInit: User: blued
[2018.11.29-10.45.18:507][  0]LogInit: CPU Page size=4096, Cores=4
[2018.11.29-10.45.18:507][  0]LogInit: High frequency timer resolution =3.429418 MHz
[2018.11.29-10.45.18:508][  0]LogMemory: Memory total: Physical=15.9GB (16GB approx)
[2018.11.29-10.45.18:508][  0]LogMemory: Platform Memory Stats for Windows
[2018.11.29-10.45.18:508][  0]LogMemory: Process Physical Memory: 101.58 MB used, 101.58 MB peak
[2018.11.29-10.45.18:508][  0]LogMemory: Process Virtual Memory: 89.27 MB used, 89.27 MB peak
[2018.11.29-10.45.18:508][  0]LogMemory: Physical Memory: 4158.54 MB used,  12121.89 MB free, 16280.43 MB total
[2018.11.29-10.45.18:508][  0]LogMemory: Virtual Memory: 4643.37 MB used,  12121.89 MB free, 134217728.00 MB total
[2018.11.29-10.45.18:827][  0]LogInit: Using OS detected language (en-US).
[2018.11.29-10.45.18:827][  0]LogInit: Using OS detected locale (en-GB).
[2018.11.29-10.45.18:831][  0]LogTextLocalizationManager: No specific localization for 'en-US' exists, so the 'en' localization will be used.
[2018.11.29-10.45.19:385][  0]LogStreaming: Display: Took  0.559s to InitEngineTextLocalization.
[2018.11.29-10.45.19:386][  0]LogInit: Setting process to per monitor DPI aware
[2018.11.29-10.45.19:555][  0]LogSlate: New Slate User Created.  User Index 0, Is Virtual User: 0
[2018.11.29-10.45.19:555][  0]LogSlate: Slate User Registered.  User Index 0, Is Virtual User: 0
[2018.11.29-10.45.21:499][  0]LogHMD: Failed to initialize OpenVR with code 110
[2018.11.29-10.45.21:499][  0]LogD3D11RHI: D3D11 adapters:
[2018.11.29-10.45.21:580][  0]LogD3D11RHI:    0. 'AMD Radeon (TM) R9 380 Series' (Feature Level 11_0)
[2018.11.29-10.45.21:580][  0]LogD3D11RHI:       4071/0/8140 MB DedicatedVideo/DedicatedSystem/SharedSystem, Outputs:2, VendorId:0x1002
[2018.11.29-10.45.21:589][  0]LogD3D11RHI:    1. 'Microsoft Basic Render Driver' (Feature Level 11_0)
[2018.11.29-10.45.21:589][  0]LogD3D11RHI:       0/0/8140 MB DedicatedVideo/DedicatedSystem/SharedSystem, Outputs:0, VendorId:0x1414
[2018.11.29-10.45.21:589][  0]LogD3D11RHI: Chosen D3D11 Adapter: 0
[2018.11.29-10.45.21:601][  0]LogD3D11RHI: Creating new Direct3DDevice
[2018.11.29-10.45.21:601][  0]LogD3D11RHI:     GPU DeviceId: 0x6938 (for the marketing name, search the web for "GPU Device Id")
[2018.11.29-10.45.21:602][  0]LogWindows: EnumDisplayDevices:
[2018.11.29-10.45.21:602][  0]LogWindows:    0. 'AMD Radeon (TM) R9 380 Series' (P:1 D:1)
[2018.11.29-10.45.21:603][  0]LogWindows:    1. 'AMD Radeon (TM) R9 380 Series' (P:0 D:1)
[2018.11.29-10.45.21:603][  0]LogWindows:    2. 'AMD Radeon (TM) R9 380 Series' (P:0 D:0)
[2018.11.29-10.45.21:604][  0]LogWindows:    3. 'AMD Radeon (TM) R9 380 Series' (P:0 D:0)
[2018.11.29-10.45.21:605][  0]LogWindows:    4. 'AMD Radeon (TM) R9 380 Series' (P:0 D:0)
[2018.11.29-10.45.21:605][  0]LogWindows:    5. 'AMD Radeon (TM) R9 380 Series' (P:0 D:0)
[2018.11.29-10.45.21:606][  0]LogWindows:    6. 'AMD Radeon (TM) R9 380 Series' (P:0 D:0)
[2018.11.29-10.45.21:606][  0]LogWindows:    7. 'AMD Radeon (TM) R9 380 Series' (P:0 D:0)
[2018.11.29-10.45.21:607][  0]LogWindows:    8. 'AMD Radeon (TM) R9 380 Series' (P:0 D:0)
[2018.11.29-10.45.21:608][  0]LogWindows:    9. 'AMD Radeon (TM) R9 380 Series' (P:0 D:0)
[2018.11.29-10.45.21:609][  0]LogWindows:    10. 'AMD Radeon (TM) R9 380 Series' (P:0 D:0)
[2018.11.29-10.45.21:609][  0]LogWindows:    11. 'AMD Radeon (TM) R9 380 Series' (P:0 D:0)
[2018.11.29-10.45.21:610][  0]LogWindows:    12. 'AMD Radeon (TM) R9 380 Series' (P:0 D:0)
[2018.11.29-10.45.21:611][  0]LogWindows:    13. 'AMD Radeon (TM) R9 380 Series' (P:0 D:0)
[2018.11.29-10.45.21:612][  0]LogWindows:    14. 'AMD Radeon (TM) R9 380 Series' (P:0 D:0)
[2018.11.29-10.45.21:613][  0]LogWindows:    15. 'AMD Radeon (TM) R9 380 Series' (P:0 D:0)
[2018.11.29-10.45.21:613][  0]LogWindows: DebugString: FoundDriverCount:16 
[2018.11.29-10.45.21:613][  0]LogD3D11RHI:     Adapter Name: AMD Radeon (TM) R9 380 Series
[2018.11.29-10.45.21:613][  0]LogD3D11RHI:   Driver Version: Adrenalin 18.10.2 (internal:25.20.14007.1000, unified:25.20.14007.1000)
[2018.11.29-10.45.21:614][  0]LogD3D11RHI:      Driver Date: 10-19-2018
[2018.11.29-10.45.21:614][  0]LogRHI: Texture pool is 2850 MB (70% of 4071 MB)
[2018.11.29-10.45.21:822][  0]LogD3D11RHI: Async texture creation enabled
[2018.11.29-10.45.21:848][  0]LogD3D11RHI: GPU Timing Frequency: 27.000000 (Debug: 2 1)
[2018.11.29-10.45.21:853][  0]LogShaderCompilers: Guid format shader working directory is 8 characters bigger than the processId version (D:/GitHub/TGP_PairProject/TGP_Project/Intermediate/Shaders/WorkingDirectory/10812/).
[2018.11.29-10.45.21:853][  0]LogShaderCompilers: Cleaned the shader compiler working directory 'C:/Users/blued/AppData/Local/Temp/UnrealShaderWorkingDir/EC1198E743E50E8E0D4C239E2C703237/'.
[2018.11.29-10.45.22:232][  0]LogTemp: Display: Loaded TP AllDesktopTargetPlatform
[2018.11.29-10.45.22:257][  0]LogTemp: Display: Loaded TP MacClientTargetPlatform
[2018.11.29-10.45.22:283][  0]LogTemp: Display: Loaded TP MacNoEditorTargetPlatform
[2018.11.29-10.45.22:309][  0]LogTemp: Display: Loaded TP MacServerTargetPlatform
[2018.11.29-10.45.22:337][  0]LogTemp: Display: Loaded TP MacTargetPlatform
[2018.11.29-10.45.22:363][  0]LogTemp: Display: Loaded TP WindowsClientTargetPlatform
[2018.11.29-10.45.22:388][  0]LogTemp: Display: Loaded TP WindowsNoEditorTargetPlatform
[2018.11.29-10.45.22:413][  0]LogTemp: Display: Loaded TP WindowsServerTargetPlatform
[2018.11.29-10.45.22:429][  0]LogTemp: Display: Loaded TP WindowsTargetPlatform
[2018.11.29-10.45.22:577][  0]LogTemp: Display: Loaded TP AndroidTargetPlatform
[2018.11.29-10.45.22:577][  0]LogTemp: Display: Loaded TP AndroidTargetPlatform
[2018.11.29-10.45.22:577][  0]LogTemp: Display: Loaded TP AndroidTargetPlatform
[2018.11.29-10.45.22:577][  0]LogTemp: Display: Loaded TP AndroidTargetPlatform
[2018.11.29-10.45.22:577][  0]LogTemp: Display: Loaded TP AndroidTargetPlatform
[2018.11.29-10.45.22:577][  0]LogTemp: Display: Loaded TP AndroidTargetPlatform
[2018.11.29-10.45.22:577][  0]LogTemp: Display: Loaded TP AndroidTargetPlatform
[2018.11.29-10.45.22:577][  0]LogTemp: Display: Loaded TP AndroidTargetPlatform
[2018.11.29-10.45.22:577][  0]LogTemp: Display: Loaded TP AndroidTargetPlatform
[2018.11.29-10.45.22:577][  0]LogTemp: Display: Loaded TP AndroidTargetPlatform
[2018.11.29-10.45.22:577][  0]LogTemp: Display: Loaded TP AndroidTargetPlatform
[2018.11.29-10.45.22:577][  0]LogTemp: Display: Loaded TP AndroidTargetPlatform
[2018.11.29-10.45.22:578][  0]LogTemp: Display: Loaded TP AndroidTargetPlatform
[2018.11.29-10.45.22:578][  0]LogTemp: Display: Loaded TP AndroidTargetPlatform
[2018.11.29-10.45.22:578][  0]LogTemp: Display: Loaded TP AndroidTargetPlatform
[2018.11.29-10.45.22:578][  0]LogTemp: Display: Loaded TP AndroidTargetPlatform
[2018.11.29-10.45.22:578][  0]LogTemp: Display: Loaded TP AndroidTargetPlatform
[2018.11.29-10.45.22:578][  0]LogTemp: Display: Loaded TP AndroidTargetPlatform
[2018.11.29-10.45.22:585][  0]LogTemp: Display: Loaded TP HTML5TargetPlatform
[2018.11.29-10.45.22:683][  0]LogTemp: Display: Loaded TP IOSTargetPlatform
[2018.11.29-10.45.22:683][  0]LogTemp: Display: Loaded TP IOSTargetPlatform
[2018.11.29-10.45.22:728][  0]LogTemp: Display: Loaded TP TVOSTargetPlatform
[2018.11.29-10.45.22:729][  0]LogTemp: Display: Loaded TP TVOSTargetPlatform
[2018.11.29-10.45.22:753][  0]LogTemp: Display: Loaded TP LinuxClientTargetPlatform
[2018.11.29-10.45.22:782][  0]LogTemp: Display: Loaded TP LinuxNoEditorTargetPlatform
[2018.11.29-10.45.22:807][  0]LogTemp: Display: Loaded TP LinuxServerTargetPlatform
[2018.11.29-10.45.22:839][  0]LogTemp: Display: Loaded TP LinuxTargetPlatform
[2018.11.29-10.45.22:860][  0]LogTemp: Display: Loaded TP LuminTargetPlatform
[2018.11.29-10.45.22:861][  0]LogTargetPlatformManager: Display: Building Assets For Windows
[2018.11.29-10.45.23:089][  0]LogXGEController: Cleaning working directory: C:/Users/blued/AppData/Local/Temp/UnrealXGEWorkingDir/
[2018.11.29-10.45.23:089][  0]LogXGEController: Cannot use XGE Controller as Incredibuild is not installed on this machine.
[2018.11.29-10.45.23:090][  0]LogShaderCompilers: Cannot use XGE Shader Compiler as Incredibuild is not installed on this machine.
[2018.11.29-10.45.23:090][  0]LogShaderCompilers: Display: Using Local Shader Compiler.
[2018.11.29-10.45.25:056][  0]LogDerivedDataCache: Display: Max Cache Size: 512 MB
[2018.11.29-10.45.25:412][  0]LogDerivedDataCache: Loaded boot cache 0.36s 71MB C:/Users/blued/AppData/Local/UnrealEngine/4.20/DerivedDataCache/Boot.ddc.
[2018.11.29-10.45.25:413][  0]LogDerivedDataCache: Display: Loaded Boot cache: C:/Users/blued/AppData/Local/UnrealEngine/4.20/DerivedDataCache/Boot.ddc
[2018.11.29-10.45.25:414][  0]LogDerivedDataCache: FDerivedDataBackendGraph:  Pak pak cache file D:/GitHub/TGP_PairProject/TGP_Project/DerivedDataCache/DDC.ddp not found, will not use a pak cache.
[2018.11.29-10.45.25:414][  0]LogDerivedDataCache: Unable to find inner node Pak for hierarchical cache Hierarchy.
[2018.11.29-10.45.25:414][  0]LogDerivedDataCache: FDerivedDataBackendGraph:  CompressedPak pak cache file D:/GitHub/TGP_PairProject/TGP_Project/DerivedDataCache/Compressed.ddp not found, will not use a pak cache.
[2018.11.29-10.45.25:414][  0]LogDerivedDataCache: Unable to find inner node CompressedPak for hierarchical cache Hierarchy.
[2018.11.29-10.45.25:438][  0]LogDerivedDataCache: Display: Pak cache opened for reading ../../../Engine/DerivedDataCache/Compressed.ddp.
[2018.11.29-10.45.25:454][  0]LogDerivedDataCache: Using Local data cache path C:/Users/blued/AppData/Local/UnrealEngine/Common/DerivedDataCache: Writable
[2018.11.29-10.45.25:454][  0]LogDerivedDataCache: Shared data cache path not found in *engine.ini, will not use an Shared cache.
[2018.11.29-10.45.25:454][  0]LogDerivedDataCache: Unable to find inner node Shared for hierarchical cache Hierarchy.
[2018.11.29-10.45.25:485][  0]LogMaterial: Verifying Global Shaders for PCD3D_SM5
[2018.11.29-10.45.25:491][  0]LogSlate: Using FreeType 2.6.0
[2018.11.29-10.45.25:502][  0]LogSlate: SlateFontServices - WITH_FREETYPE: 1, WITH_HARFBUZZ: 1
[2018.11.29-10.45.25:841][  0]LogAssetRegistry: FAssetRegistry took 0.0331 seconds to start up
[2018.11.29-10.45.26:525][  0]LogInit: Selected Device Profile: [Windows]
[2018.11.29-10.45.26:855][  0]LogSimplygon: Simplygon DLL not present - disabling.
[2018.11.29-10.45.26:878][  0]LogMeshReduction: Using SimplygonSwarm for distributed automatic mesh merging
[2018.11.29-10.45.26:878][  0]LogMeshReduction: Using ProxyLODMeshReduction for automatic mesh merging
[2018.11.29-10.45.26:879][  0]LogMeshReduction: Using QuadricMeshReduction for automatic static mesh reduction
[2018.11.29-10.45.26:879][  0]LogMeshReduction: No automatic skeletal mesh reduction module available
[2018.11.29-10.45.26:972][  0]LogNetVersion: TGP_Project 1.0.0, NetCL: 4212847, EngineNetVer: 5, GameNetVer: 0 (Checksum: 95638710)
[2018.11.29-10.45.28:093][  0]LogPackageLocalizationCache: Processed 11 localized package path(s) for 2 prioritized culture(s) in 0.108848 seconds
[2018.11.29-10.45.28:105][  0]LogUObjectArray: 38425 objects as part of root set at end of initial load.
[2018.11.29-10.45.28:105][  0]LogUObjectAllocator: 6690864 out of 0 bytes used by permanent object pool.
[2018.11.29-10.45.28:105][  0]LogUObjectArray: CloseDisregardForGC: 0/0 objects in disregard for GC pool
[2018.11.29-10.45.32:594][  0]LogTcpMessaging: Initializing TcpMessaging bridge
[2018.11.29-10.45.32:615][  0]LogUdpMessaging: Initializing bridge on interface 0.0.0.0:0 to multicast group 230.0.0.1:6666.
[2018.11.29-10.45.33:050][  0]SourceControl: Source control is disabled
[2018.11.29-10.45.33:050][  0]SourceControl: Source control is disabled
[2018.11.29-10.45.33:063][  0]SourceControl: Source control is disabled
[2018.11.29-10.45.33:070][  0]SourceControl: Source control is disabled
[2018.11.29-10.45.33:537][  0]LogAndroidPermission: UAndroidPermissionCallbackProxy::GetInstance
[2018.11.29-10.45.33:705][  0]LogOcInput: OculusInput pre-init called
[2018.11.29-10.45.33:859][  0]LogEngine: Initializing Engine...
[2018.11.29-10.45.33:861][  0]LogHMD: Failed to initialize OpenVR with code 110
[2018.11.29-10.45.33:865][  0]LogStats: UGameplayTagsManager::ConstructGameplayTagTree: ImportINI prefixes -  0.000 s
[2018.11.29-10.45.33:865][  0]LogStats: UGameplayTagsManager::ConstructGameplayTagTree: Construct from data asset -  0.000 s
[2018.11.29-10.45.33:866][  0]LogStats: UGameplayTagsManager::ConstructGameplayTagTree: ImportINI -  0.000 s
[2018.11.29-10.45.33:866][  0]LogStats: UGameplayTagsManager::ConstructGameplayTagTree: GameplayTagTreeChangedEvent.Broadcast -  0.000 s
[2018.11.29-10.45.34:232][  0]LogInit: Initializing FReadOnlyCVARCache
[2018.11.29-10.45.34:277][  0]LogAIModule: Creating AISystem for world Untitled
[2018.11.29-10.45.34:336][  0]LogInit: XAudio2 using 'Headphones (4- Turtle Beach Recon 60P)' : 2 channels at 48 kHz using 16 bits per sample (channel mask 0x3)
[2018.11.29-10.45.34:382][  0]LogInit: FAudioDevice initialized.
[2018.11.29-10.45.34:382][  0]LogNetVersion: Set ProjectVersion to 1.0.0.0. Version Checksum will be recalculated on next use.
[2018.11.29-10.45.34:487][  0]LogDerivedDataCache: Saved boot cache 0.10s 71MB C:/Users/blued/AppData/Local/UnrealEngine/4.20/DerivedDataCache/Boot.ddc.
[2018.11.29-10.45.34:502][  0]LogInit: Texture streaming: Enabled
[2018.11.29-10.45.34:546][  0]LogEngineSessionManager: EngineSessionManager initialized
[2018.11.29-10.45.34:546][  0]LogEngineSessionManager: EngineSessionManager sent abnormal shutdown report. Type=Debugger, SessionId={96C2E27A-4EEC-2FDC-4A03-45BB6D3047CC}
[2018.11.29-10.45.34:546][  0]LogEngineSessionManager: EngineSessionManager sent abnormal shutdown report. Type=Debugger, SessionId={468BC8D4-4C3B-5887-2443-F1823D0F8B13}
[2018.11.29-10.45.34:568][  0]LogInit: Transaction tracking system initialized
[2018.11.29-10.45.34:639][  0]BlueprintLog: New page: Editor Load
[2018.11.29-10.45.34:937][  0]LocalizationService: Localization service is disabled
[2018.11.29-10.45.35:551][  0]LogFileCache: Scanning file cache for directory 'D:/GitHub/TGP_PairProject/TGP_Project/Content/' took 0.02s
[2018.11.29-10.45.35:551][  0]LogCook: Display: Max memory allowance for cook 16384mb min free memory 0mb
[2018.11.29-10.45.35:553][  0]LogCook: Display: Mobile HDR setting 1
[2018.11.29-10.45.35:553][  0]LogGameplayTags: Display: UGameplayTagsManager::DoneAddingNativeTags. DelegateIsBound: 0
[2018.11.29-10.45.35:553][  0]LogStats: UGameplayTagsManager::ConstructGameplayTagTree: ImportINI prefixes -  0.000 s
[2018.11.29-10.45.35:553][  0]LogStats: UGameplayTagsManager::ConstructGameplayTagTree: Construct from data asset -  0.000 s
[2018.11.29-10.45.35:554][  0]LogStats: UGameplayTagsManager::ConstructGameplayTagTree: ImportINI -  0.000 s
[2018.11.29-10.45.35:554][  0]LogStats: UGameplayTagsManager::ConstructGameplayTagTree: GameplayTagTreeChangedEvent.Broadcast -  0.000 s
[2018.11.29-10.45.36:016][  0]SourceControl: Source control is disabled
[2018.11.29-10.45.36:017][  0]Cmd: MAP LOAD FILE="D:/GitHub/TGP_PairProject/TGP_Project/Content/BaseLevel.umap" TEMPLATE=0 SHOWPROGRESS=1 FEATURELEVEL=3
[2018.11.29-10.45.36:017][  0]LogEditorServer: Warning: Can't find file 'D:/GitHub/TGP_PairProject/TGP_Project/Content/BaseLevel.umap'
[2018.11.29-10.45.36:018][  0]Cmd: MAP CHECKDEP NOCLEARLOG
[2018.11.29-10.45.36:217][  0]MapCheck: Map check complete: 0 Error(s), 0 Warning(s), took 198.782ms to complete.
[2018.11.29-10.45.36:217][  0]LogFileHelpers: Loading map 'BaseLevel' took 0.200
[2018.11.29-10.45.36:541][  0]LogSlate: Updating window title bar state: overlay mode, drag disabled, window buttons hidden, title bar hidden
[2018.11.29-10.45.36:553][  0]LogSlate: Updating window title bar state: overlay mode, drag disabled, window buttons hidden, title bar hidden
[2018.11.29-10.45.36:565][  0]LogSlate: Updating window title bar state: overlay mode, drag disabled, window buttons hidden, title bar hidden
[2018.11.29-10.45.36:576][  0]LogSlate: Updating window title bar state: overlay mode, drag disabled, window buttons hidden, title bar hidden
[2018.11.29-10.45.36:596][  0]LogCollectionManager: Loaded 0 collections in 0.001218 seconds
[2018.11.29-10.45.36:696][  0]LogFileCache: Scanning file cache for directory 'D:/GitHub/TGP_PairProject/TGP_Project/Saved/Collections/' took 0.01s
[2018.11.29-10.45.36:696][  0]LogFileCache: Scanning file cache for directory 'D:/GitHub/TGP_PairProject/TGP_Project/Content/Developers/blued/Collections/' took 0.01s
[2018.11.29-10.45.36:696][  0]LogFileCache: Scanning file cache for directory 'D:/GitHub/TGP_PairProject/TGP_Project/Content/Collections/' took 0.01s
[2018.11.29-10.45.36:696][  0]LogCollectionManager: Rebuilt the GUID cache for 0 collections in 0.000000 seconds
[2018.11.29-10.45.36:718][  0]LogContentBrowser: Native class hierarchy populated in 0.0203 seconds. Added 2580 classes and 606 folders.
[2018.11.29-10.45.36:732][  0]LogContentBrowser: Native class hierarchy updated for 'WidgetCarousel' in 0.0004 seconds. Added 0 classes and 0 folders.
[2018.11.29-10.45.36:991][  0]LogContentBrowser: Native class hierarchy updated for 'AddContentDialog' in 0.0004 seconds. Added 0 classes and 0 folders.
[2018.11.29-10.45.37:010][  0]LogContentBrowser: Native class hierarchy updated for 'SceneOutliner' in 0.0007 seconds. Added 1 classes and 2 folders.
[2018.11.29-10.45.37:172][  0]LogSlate: Took 0.002612 seconds to synchronously load lazily loaded font '../../../Engine/Content/Slate/Fonts/Roboto-Regular.ttf' (155K)
[2018.11.29-10.45.37:179][  0]LogSlate: Took 0.003436 seconds to synchronously load lazily loaded font '../../../Engine/Content/Slate/Fonts/Roboto-Bold.ttf' (160K)
[2018.11.29-10.45.37:191][  0]LogSlate: Took 0.002209 seconds to synchronously load lazily loaded font '../../../Engine/Content/Editor/Slate/Fonts/FontAwesome.ttf' (139K)
[2018.11.29-10.45.37:347][  0]LogRenderer: Reallocating scene render targets to support 1208x552 Format 10 NumSamples 1 (Frame:1).
[2018.11.29-10.45.37:573][  0]LogContentBrowser: Native class hierarchy updated for 'HierarchicalLODOutliner' in 0.0004 seconds. Added 0 classes and 0 folders.
[2018.11.29-10.45.37:573][  0]LogLoad: (Engine Initialization) Total time: 23.05 seconds
[2018.11.29-10.45.37:573][  0]LogLoad: (Engine Initialization) Total Blueprint compile time: 0.00 seconds
[2018.11.29-10.45.37:587][  0]LogWindowsTextInputMethodSystem: Display: IME system now deactivated.
[2018.11.29-10.45.37:614][  0]LogContentStreaming: Texture pool size now 1000 MB
[2018.11.29-10.45.37:710][  2]LogAssetRegistry: Asset discovery search completed in 11.8936 seconds
[2018.11.29-10.45.37:712][  2]LogCollectionManager: Rebuilt the object cache for 0 collections in 0.000000 seconds (found 0 objects)
[2018.11.29-10.45.37:713][  2]LogCollectionManager: Fixed up redirectors for 0 collections in 0.000183 seconds (updated 0 objects)
[2018.11.29-10.45.42:025][156]LogSlate: Took 0.002423 seconds to synchronously load lazily loaded font '../../../Engine/Content/Slate/Fonts/Roboto-Light.ttf' (167K)
