Log file open, 12/20/18 16:06:20
LogWindows: Failed to load 'aqProf.dll' (GetLastError=126)
LogWindows: File 'aqProf.dll' does not exist
LogWindows: Failed to load 'VSPerf140.dll' (GetLastError=126)
LogWindows: File 'VSPerf140.dll' does not exist
LogWindows: Failed to load 'VtuneApi.dll' (GetLastError=126)
LogWindows: File 'VtuneApi.dll' does not exist
LogWindows: Failed to load 'VtuneApi32e.dll' (GetLastError=126)
LogWindows: File 'VtuneApi32e.dll' does not exist
LogInit: Display: Running engine for game: TGP_Project
LogPlatformFile: Not using cached read wrapper
LogTaskGraph: Started task graph with 5 named threads and 14 total threads with 3 sets of task threads.
LogStats: Stats thread started at 0.377786
LogD3D11RHI: Loaded GFSDK_Aftermath_Lib.x64.dll
LogICUInternationalization: Display: ICU TimeZone Detection - Raw Offset: +0:00, Platform Override: ''
LogPluginManager: Mounting plugin Paper2D
LogPluginManager: Mounting plugin AISupport
LogPluginManager: Mounting plugin LightPropagationVolume
LogPluginManager: Mounting plugin CLionSourceCodeAccess
LogPluginManager: Mounting plugin CodeLiteSourceCodeAccess
LogPluginManager: Mounting plugin GitSourceControl
LogPluginManager: Mounting plugin KDevelopSourceCodeAccess
LogPluginManager: Mounting plugin NullSourceCodeAccess
LogPluginManager: Mounting plugin PerforceSourceControl
LogPluginManager: Mounting plugin SubversionSourceControl
LogPluginManager: Mounting plugin UObjectPlugin
LogPluginManager: Mounting plugin VisualStudioCodeSourceCodeAccess
LogPluginManager: Mounting plugin VisualStudioSourceCodeAccess
LogPluginManager: Mounting plugin XCodeSourceCodeAccess
LogPluginManager: Mounting plugin AssetManagerEditor
LogPluginManager: Mounting plugin CryptoKeys
LogPluginManager: Mounting plugin DataValidation
LogPluginManager: Mounting plugin FacialAnimation
LogPluginManager: Mounting plugin GameplayTagsEditor
LogPluginManager: Mounting plugin MacGraphicsSwitching
LogPluginManager: Mounting plugin MeshEditor
LogPluginManager: Mounting plugin MobileLauncherProfileWizard
LogPluginManager: Mounting plugin PluginBrowser
LogPluginManager: Mounting plugin SpeedTreeImporter
LogPluginManager: Mounting plugin DatasmithContent
LogPluginManager: Mounting plugin AlembicImporter
LogPluginManager: Mounting plugin AppleImageUtils
LogPluginManager: Mounting plugin AppleVision
LogPluginManager: Mounting plugin BackChannel
LogPluginManager: Mounting plugin CharacterAI
LogPluginManager: Mounting plugin GeometryCache
LogPluginManager: Mounting plugin HTML5Networking
LogPluginManager: Mounting plugin ProxyLODPlugin
LogPluginManager: Mounting plugin MagicLeap
LogPluginManager: Mounting plugin MagicLeapEmulator
LogPluginManager: Mounting plugin MagicLeapMedia
LogPluginManager: Mounting plugin AndroidMedia
LogPluginManager: Mounting plugin AvfMedia
LogPluginManager: Mounting plugin ImgMedia
LogPluginManager: Mounting plugin LinearTimecode
LogPluginManager: Mounting plugin MediaCompositing
LogPluginManager: Mounting plugin MediaPlayerEditor
LogPluginManager: Mounting plugin WmfMedia
LogPluginManager: Mounting plugin TcpMessaging
LogPluginManager: Mounting plugin UdpMessaging
LogPluginManager: Mounting plugin ActorSequence
LogPluginManager: Mounting plugin LevelSequenceEditor
LogPluginManager: Mounting plugin MatineeToLevelSequence
LogPluginManager: Mounting plugin NetcodeUnitTest
LogPluginManager: Mounting plugin NUTUnrealEngine4
LogPluginManager: Mounting plugin OnlineSubsystemGooglePlay
LogPluginManager: Mounting plugin OnlineSubsystemIOS
LogPluginManager: Mounting plugin OnlineSubsystem
LogPluginManager: Mounting plugin OnlineSubsystemNull
LogPluginManager: Mounting plugin OnlineSubsystemUtils
LogPluginManager: Mounting plugin LauncherChunkInstaller
LogPluginManager: Mounting plugin AndroidDeviceProfileSelector
LogPluginManager: Mounting plugin AndroidMoviePlayer
LogPluginManager: Mounting plugin AndroidPermission
LogPluginManager: Mounting plugin AppleMoviePlayer
LogPluginManager: Mounting plugin ArchVisCharacter
LogPluginManager: Mounting plugin AudioCapture
LogPluginManager: Mounting plugin CableComponent
LogPluginManager: Mounting plugin CustomMeshComponent
LogPluginManager: Mounting plugin EditableMesh
LogPluginManager: Mounting plugin ExampleDeviceProfileSelector
LogPluginManager: Mounting plugin GoogleCloudMessaging
LogPluginManager: Mounting plugin ImmediatePhysics
LogPluginManager: Mounting plugin IOSDeviceProfileSelector
LogPluginManager: Mounting plugin LinuxDeviceProfileSelector
LogPluginManager: Mounting plugin LocationServicesBPLibrary
LogPluginManager: Mounting plugin MobilePatchingUtils
LogPluginManager: Mounting plugin OculusVR
LogPluginManager: Plugin shader directory ../../../Engine/Plugins/Runtime/Oculus/OculusVR/Shaders found
LogPluginManager: Mapping shader source directory ../../../Engine/Plugins/Runtime/Oculus/OculusVR/Shaders to virtual directory /Plugin/OculusVR
LogPluginManager: Mounting plugin PhysXVehicles
LogPluginManager: Mounting plugin ProceduralMeshComponent
LogPluginManager: Mounting plugin RuntimePhysXCooking
LogPluginManager: Mounting plugin SteamVR
LogPluginManager: Mounting plugin WindowsMoviePlayer
LogStreaming: Display: Took  0.141s to configure plugins.
LogInit: Using libcurl 7.55.1-DEV
LogInit:  - built for x86_64-pc-win32
LogInit:  - supports SSL with OpenSSL/1.0.2h
LogInit:  - supports HTTP deflate (compression) using libz 1.2.8
LogInit:  - other features:
LogInit:      CURL_VERSION_SSL
LogInit:      CURL_VERSION_LIBZ
LogInit:      CURL_VERSION_IPV6
LogInit:      CURL_VERSION_ASYNCHDNS
LogInit:      CURL_VERSION_LARGEFILE
LogInit:      CURL_VERSION_IDN
LogInit:  CurlRequestOptions (configurable via config and command line):
LogInit:  - bVerifyPeer = false  - Libcurl will NOT verify peer certificate
LogInit:  - bUseHttpProxy = false  - Libcurl will NOT use HTTP proxy
LogInit:  - bDontReuseConnections = false  - Libcurl will reuse connections
LogInit:  - CertBundlePath = nullptr  - Libcurl will use whatever was configured at build time.
LogInit:  - MaxHostConnections = 16  - Libcurl will limit the number of connections to a host
LogInit:  - LocalHostAddr = Default
LogInit:  - BufferSize = 65536
LogInit: WinSock: version 1.1 (2.2), MaxSocks=32767, MaxUdp=65467
LogInit: Build: ++UE4+Release-4.20-CL-4369336
LogInit: Engine Version: 4.20.3-4369336+++UE4+Release-4.20
LogInit: Compatible Engine Version: 4.20.0-4212847+++UE4+Release-4.20
LogInit: Net CL: 4212847
LogInit: OS: Windows 10 (), CPU: Intel(R) Core(TM) i5-4590 CPU @ 3.30GHz, GPU: NVIDIA GeForce GTX 1060 6GB
LogInit: Compiled (64-bit): Sep 17 2018 12:26:19
LogInit: Compiled with Visual C++: 19.13.26129.00
LogInit: Build Configuration: Development
LogInit: Branch Name: ++UE4+Release-4.20
LogInit: Command Line:  -skipcompile
LogInit: Base Directory: C:/Program Files/Epic Games/UE_4.20/Engine/Binaries/Win64/
LogInit: Installed Engine Build: 1
LogDevObjectVersion: Number of dev versions registered: 20
LogDevObjectVersion:   Dev-Blueprints (B0D832E4-1F89-4F0D-ACCF-7EB736FD4AA2): 10
LogDevObjectVersion:   Dev-Build (E1C64328-A22C-4D53-A36C-8E866417BD8C): 0
LogDevObjectVersion:   Dev-Core (375EC13C-06E4-48FB-B500-84F0262A717E): 2
LogDevObjectVersion:   Dev-Editor (E4B068ED-F494-42E9-A231-DA0B2E46BB41): 24
LogDevObjectVersion:   Dev-Framework (CFFC743F-43B0-4480-9391-14DF171D2073): 34
LogDevObjectVersion:   Dev-Mobile (B02B49B5-BB20-44E9-A304-32B752E40360): 2
LogDevObjectVersion:   Dev-Networking (A4E4105C-59A1-49B5-A7C5-40C4547EDFEE): 0
LogDevObjectVersion:   Dev-Online (39C831C9-5AE6-47DC-9A44-9C173E1C8E7C): 0
LogDevObjectVersion:   Dev-Physics (78F01B33-EBEA-4F98-B9B4-84EACCB95AA2): 0
LogDevObjectVersion:   Dev-Platform (6631380F-2D4D-43E0-8009-CF276956A95A): 0
LogDevObjectVersion:   Dev-Rendering (12F88B9F-8875-4AFC-A67C-D90C383ABD29): 26
LogDevObjectVersion:   Dev-Sequencer (7B5AE74C-D270-4C10-A958-57980B212A5A): 9
LogDevObjectVersion:   Dev-VR (D7296918-1DD6-4BDD-9DE2-64A83CC13884): 2
LogDevObjectVersion:   Dev-LoadTimes (C2A15278-BFE7-4AFE-6C17-90FF531DF755): 1
LogDevObjectVersion:   Private-Geometry (6EACA3D4-40EC-4CC1-B786-8BED09428FC5): 3
LogDevObjectVersion:   Dev-AnimPhys (29E575DD-E0A3-4627-9D10-D276232CDCEA): 17
LogDevObjectVersion:   Dev-ReflectionCapture (6B266CEC-1EC7-4B8F-A30B-E4D90942FC07): 1
LogDevObjectVersion:   Dev-Automation (0DF73D61-A23F-47EA-B727-89E90C41499A): 1
LogDevObjectVersion:   FortniteMain (601D1886-AC64-4F84-AA16-D3DE0DEAC7D6): 12
LogDevObjectVersion:   Dev-Enterprise (9DFFBCD6-494F-0158-E221-12823C92A888): 1
LogStreaming: Display: Took  0.002s to delete old logs.
LogInit: Presizing for max 8388607 objects, including 0 objects not considered by GC, pre-allocating 0 bytes for permanent pool.
LogInit: Object subsystem initialized
[2018.12.20-16.06.23:008][  0]LogInit: Selected Device Profile: [Windows]
[2018.12.20-16.06.23:008][  0]LogInit: Applying CVar settings loaded from the selected device profile: [Windows]
[2018.12.20-16.06.23:020][  0]LogHAL: Display: Platform has ~ 16 GB [17009229824 / 17179869184 / 16], which maps to Larger [LargestMinGB=32, LargerMinGB=12, DefaultMinGB=8, SmallerMinGB=6, SmallestMinGB=0)
[2018.12.20-16.06.23:020][  0]LogInit: Setting Device Profile CVar: [[r.Vulkan.UseRealUBs:1]]
[2018.12.20-16.06.23:020][  0]LogInit: Going up to parent DeviceProfile []
[2018.12.20-16.06.23:022][  0]LogInit: Computer: GROUNDZERO
[2018.12.20-16.06.23:022][  0]LogInit: User: TDSSK
[2018.12.20-16.06.23:022][  0]LogInit: CPU Page size=4096, Cores=4
[2018.12.20-16.06.23:022][  0]LogInit: High frequency timer resolution =3.222657 MHz
[2018.12.20-16.06.23:022][  0]LogMemory: Memory total: Physical=15.8GB (16GB approx)
[2018.12.20-16.06.23:022][  0]LogMemory: Platform Memory Stats for Windows
[2018.12.20-16.06.23:023][  0]LogMemory: Process Physical Memory: 101.86 MB used, 101.86 MB peak
[2018.12.20-16.06.23:023][  0]LogMemory: Process Virtual Memory: 84.34 MB used, 84.34 MB peak
[2018.12.20-16.06.23:023][  0]LogMemory: Physical Memory: 9429.72 MB used,  6791.55 MB free, 16221.27 MB total
[2018.12.20-16.06.23:023][  0]LogMemory: Virtual Memory: 524.47 MB used,  6791.55 MB free, 134217728.00 MB total
[2018.12.20-16.06.23:679][  0]LogInit: Using OS detected language (en-GB).
[2018.12.20-16.06.23:679][  0]LogInit: Using OS detected locale (en-GB).
[2018.12.20-16.06.23:680][  0]LogTextLocalizationManager: No specific localization for 'en-GB' exists, so the 'en' localization will be used.
[2018.12.20-16.06.24:060][  0]LogStreaming: Display: Took  0.381s to InitEngineTextLocalization.
[2018.12.20-16.06.24:060][  0]LogInit: Setting process to per monitor DPI aware
[2018.12.20-16.06.24:458][  0]LogSlate: New Slate User Created.  User Index 0, Is Virtual User: 0
[2018.12.20-16.06.24:458][  0]LogSlate: Slate User Registered.  User Index 0, Is Virtual User: 0
[2018.12.20-16.06.24:688][  0]LogHMD: Failed to initialize OpenVR with code 110
[2018.12.20-16.06.24:688][  0]LogD3D11RHI: D3D11 adapters:
[2018.12.20-16.06.25:723][  0]LogD3D11RHI:    0. 'NVIDIA GeForce GTX 1060 6GB' (Feature Level 11_0)
[2018.12.20-16.06.25:723][  0]LogD3D11RHI:       6052/0/8110 MB DedicatedVideo/DedicatedSystem/SharedSystem, Outputs:1, VendorId:0x10de
[2018.12.20-16.06.26:075][  0]LogD3D11RHI:    1. 'Intel(R) HD Graphics 4600' (Feature Level 11_0)
[2018.12.20-16.06.26:075][  0]LogD3D11RHI:       112/0/2048 MB DedicatedVideo/DedicatedSystem/SharedSystem, Outputs:0, VendorId:0x8086
[2018.12.20-16.06.26:100][  0]LogD3D11RHI:    2. 'Microsoft Basic Render Driver' (Feature Level 11_0)
[2018.12.20-16.06.26:100][  0]LogD3D11RHI:       0/0/8110 MB DedicatedVideo/DedicatedSystem/SharedSystem, Outputs:0, VendorId:0x1414
[2018.12.20-16.06.26:100][  0]LogD3D11RHI: Chosen D3D11 Adapter: 0
[2018.12.20-16.06.26:113][  0]LogD3D11RHI: Creating new Direct3DDevice
[2018.12.20-16.06.26:114][  0]LogD3D11RHI:     GPU DeviceId: 0x1c03 (for the marketing name, search the web for "GPU Device Id")
[2018.12.20-16.06.26:114][  0]LogWindows: EnumDisplayDevices:
[2018.12.20-16.06.26:114][  0]LogWindows:    0. 'NVIDIA GeForce GTX 1060 6GB' (P:1 D:1)
[2018.12.20-16.06.26:115][  0]LogWindows:    1. 'NVIDIA GeForce GTX 1060 6GB' (P:0 D:0)
[2018.12.20-16.06.26:115][  0]LogWindows:    2. 'NVIDIA GeForce GTX 1060 6GB' (P:0 D:0)
[2018.12.20-16.06.26:116][  0]LogWindows:    3. 'NVIDIA GeForce GTX 1060 6GB' (P:0 D:0)
[2018.12.20-16.06.26:116][  0]LogWindows:    4. 'Intel(R) HD Graphics 4600' (P:0 D:0)
[2018.12.20-16.06.26:117][  0]LogWindows:    5. 'Intel(R) HD Graphics 4600' (P:0 D:0)
[2018.12.20-16.06.26:118][  0]LogWindows:    6. 'Intel(R) HD Graphics 4600' (P:0 D:0)
[2018.12.20-16.06.26:118][  0]LogWindows: DebugString: PrimaryIsNotTheChoosenAdapter PrimaryIsNotTheChoosenAdapter PrimaryIsNotTheChoosenAdapter FoundDriverCount:4 
[2018.12.20-16.06.26:118][  0]LogD3D11RHI:     Adapter Name: NVIDIA GeForce GTX 1060 6GB
[2018.12.20-16.06.26:118][  0]LogD3D11RHI:   Driver Version: 397.64 (internal:24.21.13.9764, unified:397.64)
[2018.12.20-16.06.26:118][  0]LogD3D11RHI:      Driver Date: 5-7-2018
[2018.12.20-16.06.26:119][  0]LogRHI: Texture pool is 4236 MB (70% of 6052 MB)
[2018.12.20-16.06.26:179][  0]LogD3D11RHI: Async texture creation enabled
[2018.12.20-16.06.26:240][  0]LogD3D11RHI: GPU Timing Frequency: 1000.000000 (Debug: 2 2)
[2018.12.20-16.06.26:243][  0]LogShaderCompilers: Guid format shader working directory is -2 characters bigger than the processId version (D:/Documents/GitHub/TGP_PairProject/TGP_Project/Intermediate/Shaders/WorkingDirectory/22008/).
[2018.12.20-16.06.26:244][  0]LogShaderCompilers: Cleaned the shader compiler working directory 'C:/Users/TDSSK/AppData/Local/Temp/UnrealShaderWorkingDir/B9CB7E3B471A0E0E5EB2A2937666D22E/'.
[2018.12.20-16.06.26:573][  0]LogTemp: Display: Loaded TP AllDesktopTargetPlatform
[2018.12.20-16.06.26:605][  0]LogTemp: Display: Loaded TP MacClientTargetPlatform
[2018.12.20-16.06.26:634][  0]LogTemp: Display: Loaded TP MacNoEditorTargetPlatform
[2018.12.20-16.06.26:665][  0]LogTemp: Display: Loaded TP MacServerTargetPlatform
[2018.12.20-16.06.26:702][  0]LogTemp: Display: Loaded TP MacTargetPlatform
[2018.12.20-16.06.26:732][  0]LogTemp: Display: Loaded TP WindowsClientTargetPlatform
[2018.12.20-16.06.26:767][  0]LogTemp: Display: Loaded TP WindowsNoEditorTargetPlatform
[2018.12.20-16.06.26:818][  0]LogTemp: Display: Loaded TP WindowsServerTargetPlatform
[2018.12.20-16.06.26:844][  0]LogTemp: Display: Loaded TP WindowsTargetPlatform
[2018.12.20-16.06.26:952][  0]LogTemp: Display: Loaded TP AndroidTargetPlatform
[2018.12.20-16.06.26:952][  0]LogTemp: Display: Loaded TP AndroidTargetPlatform
[2018.12.20-16.06.26:952][  0]LogTemp: Display: Loaded TP AndroidTargetPlatform
[2018.12.20-16.06.26:952][  0]LogTemp: Display: Loaded TP AndroidTargetPlatform
[2018.12.20-16.06.26:952][  0]LogTemp: Display: Loaded TP AndroidTargetPlatform
[2018.12.20-16.06.26:952][  0]LogTemp: Display: Loaded TP AndroidTargetPlatform
[2018.12.20-16.06.26:952][  0]LogTemp: Display: Loaded TP AndroidTargetPlatform
[2018.12.20-16.06.26:952][  0]LogTemp: Display: Loaded TP AndroidTargetPlatform
[2018.12.20-16.06.26:952][  0]LogTemp: Display: Loaded TP AndroidTargetPlatform
[2018.12.20-16.06.26:952][  0]LogTemp: Display: Loaded TP AndroidTargetPlatform
[2018.12.20-16.06.26:952][  0]LogTemp: Display: Loaded TP AndroidTargetPlatform
[2018.12.20-16.06.26:952][  0]LogTemp: Display: Loaded TP AndroidTargetPlatform
[2018.12.20-16.06.26:952][  0]LogTemp: Display: Loaded TP AndroidTargetPlatform
[2018.12.20-16.06.26:953][  0]LogTemp: Display: Loaded TP AndroidTargetPlatform
[2018.12.20-16.06.26:953][  0]LogTemp: Display: Loaded TP AndroidTargetPlatform
[2018.12.20-16.06.26:953][  0]LogTemp: Display: Loaded TP AndroidTargetPlatform
[2018.12.20-16.06.26:953][  0]LogTemp: Display: Loaded TP AndroidTargetPlatform
[2018.12.20-16.06.26:953][  0]LogTemp: Display: Loaded TP AndroidTargetPlatform
[2018.12.20-16.06.26:971][  0]LogTemp: Display: Loaded TP HTML5TargetPlatform
[2018.12.20-16.06.27:120][  0]LogTemp: Display: Loaded TP IOSTargetPlatform
[2018.12.20-16.06.27:120][  0]LogTemp: Display: Loaded TP IOSTargetPlatform
[2018.12.20-16.06.27:164][  0]LogTemp: Display: Loaded TP TVOSTargetPlatform
[2018.12.20-16.06.27:164][  0]LogTemp: Display: Loaded TP TVOSTargetPlatform
[2018.12.20-16.06.27:194][  0]LogTemp: Display: Loaded TP LinuxClientTargetPlatform
[2018.12.20-16.06.27:219][  0]LogTemp: Display: Loaded TP LinuxNoEditorTargetPlatform
[2018.12.20-16.06.27:251][  0]LogTemp: Display: Loaded TP LinuxServerTargetPlatform
[2018.12.20-16.06.27:281][  0]LogTemp: Display: Loaded TP LinuxTargetPlatform
[2018.12.20-16.06.27:314][  0]LogTemp: Display: Loaded TP LuminTargetPlatform
[2018.12.20-16.06.27:314][  0]LogTargetPlatformManager: Display: Building Assets For Windows
[2018.12.20-16.06.28:321][  0]LogXGEController: Cleaning working directory: C:/Users/TDSSK/AppData/Local/Temp/UnrealXGEWorkingDir/
[2018.12.20-16.06.28:321][  0]LogXGEController: Cannot use XGE Controller as Incredibuild is not installed on this machine.
[2018.12.20-16.06.28:321][  0]LogShaderCompilers: Cannot use XGE Shader Compiler as Incredibuild is not installed on this machine.
[2018.12.20-16.06.28:321][  0]LogShaderCompilers: Display: Using Local Shader Compiler.
[2018.12.20-16.06.29:274][  0]LogDerivedDataCache: Display: Max Cache Size: 512 MB
[2018.12.20-16.06.29:369][  0]LogDerivedDataCache: Loaded boot cache 0.09s 71MB C:/Users/TDSSK/AppData/Local/UnrealEngine/4.20/DerivedDataCache/Boot.ddc.
[2018.12.20-16.06.29:369][  0]LogDerivedDataCache: Display: Loaded Boot cache: C:/Users/TDSSK/AppData/Local/UnrealEngine/4.20/DerivedDataCache/Boot.ddc
[2018.12.20-16.06.29:369][  0]LogDerivedDataCache: FDerivedDataBackendGraph:  Pak pak cache file D:/Documents/GitHub/TGP_PairProject/TGP_Project/DerivedDataCache/DDC.ddp not found, will not use a pak cache.
[2018.12.20-16.06.29:370][  0]LogDerivedDataCache: Unable to find inner node Pak for hierarchical cache Hierarchy.
[2018.12.20-16.06.29:370][  0]LogDerivedDataCache: FDerivedDataBackendGraph:  CompressedPak pak cache file D:/Documents/GitHub/TGP_PairProject/TGP_Project/DerivedDataCache/Compressed.ddp not found, will not use a pak cache.
[2018.12.20-16.06.29:370][  0]LogDerivedDataCache: Unable to find inner node CompressedPak for hierarchical cache Hierarchy.
[2018.12.20-16.06.29:383][  0]LogDerivedDataCache: Display: Pak cache opened for reading ../../../Engine/DerivedDataCache/Compressed.ddp.
[2018.12.20-16.06.29:396][  0]LogDerivedDataCache: Using Local data cache path C:/Users/TDSSK/AppData/Local/UnrealEngine/Common/DerivedDataCache: Writable
[2018.12.20-16.06.29:396][  0]LogDerivedDataCache: Shared data cache path not found in *engine.ini, will not use an Shared cache.
[2018.12.20-16.06.29:396][  0]LogDerivedDataCache: Unable to find inner node Shared for hierarchical cache Hierarchy.
[2018.12.20-16.06.29:416][  0]LogMaterial: Verifying Global Shaders for PCD3D_SM5
[2018.12.20-16.06.29:418][  0]LogSlate: Using FreeType 2.6.0
[2018.12.20-16.06.29:419][  0]LogSlate: SlateFontServices - WITH_FREETYPE: 1, WITH_HARFBUZZ: 1
[2018.12.20-16.06.29:514][  0]LogAssetRegistry: FAssetRegistry took 0.0291 seconds to start up
[2018.12.20-16.06.29:836][  0]LogInit: Selected Device Profile: [Windows]
[2018.12.20-16.06.30:360][  0]LogSimplygon: Simplygon DLL not present - disabling.
[2018.12.20-16.06.30:518][  0]LogMeshReduction: Using SimplygonSwarm for distributed automatic mesh merging
[2018.12.20-16.06.30:518][  0]LogMeshReduction: Using ProxyLODMeshReduction for automatic mesh merging
[2018.12.20-16.06.30:518][  0]LogMeshReduction: Using QuadricMeshReduction for automatic static mesh reduction
[2018.12.20-16.06.30:518][  0]LogMeshReduction: No automatic skeletal mesh reduction module available
[2018.12.20-16.06.30:536][  0]LogNetVersion: TGP_Project 1.0.0, NetCL: 4212847, EngineNetVer: 5, GameNetVer: 0 (Checksum: 95638710)
[2018.12.20-16.06.31:144][  0]LogPackageLocalizationCache: Processed 11 localized package path(s) for 2 prioritized culture(s) in 0.092056 seconds
[2018.12.20-16.06.31:150][  0]LogUObjectArray: 38425 objects as part of root set at end of initial load.
[2018.12.20-16.06.31:150][  0]LogUObjectAllocator: 6690872 out of 0 bytes used by permanent object pool.
[2018.12.20-16.06.31:150][  0]LogUObjectArray: CloseDisregardForGC: 0/0 objects in disregard for GC pool
[2018.12.20-16.06.34:157][  0]LogTcpMessaging: Initializing TcpMessaging bridge
[2018.12.20-16.06.34:210][  0]LogUdpMessaging: Initializing bridge on interface 0.0.0.0:0 to multicast group 230.0.0.1:6666.
[2018.12.20-16.06.34:918][  0]SourceControl: Source control is disabled
[2018.12.20-16.06.34:918][  0]SourceControl: Source control is disabled
[2018.12.20-16.06.35:087][  0]SourceControl: Source control is disabled
[2018.12.20-16.06.35:121][  0]SourceControl: Source control is disabled
[2018.12.20-16.06.36:625][  0]LogAndroidPermission: UAndroidPermissionCallbackProxy::GetInstance
[2018.12.20-16.06.37:287][  0]LogOcInput: OculusInput pre-init called
[2018.12.20-16.06.37:541][  0]LogEngine: Initializing Engine...
[2018.12.20-16.06.37:543][  0]LogHMD: Failed to initialize OpenVR with code 110
[2018.12.20-16.06.37:545][  0]LogStats: UGameplayTagsManager::ConstructGameplayTagTree: ImportINI prefixes -  0.000 s
[2018.12.20-16.06.37:545][  0]LogStats: UGameplayTagsManager::ConstructGameplayTagTree: Construct from data asset -  0.000 s
[2018.12.20-16.06.37:546][  0]LogStats: UGameplayTagsManager::ConstructGameplayTagTree: ImportINI -  0.000 s
[2018.12.20-16.06.37:546][  0]LogStats: UGameplayTagsManager::ConstructGameplayTagTree: GameplayTagTreeChangedEvent.Broadcast -  0.000 s
[2018.12.20-16.06.37:864][  0]LogInit: Initializing FReadOnlyCVARCache
[2018.12.20-16.06.38:006][  0]LogAIModule: Creating AISystem for world Untitled
[2018.12.20-16.06.38:096][  0]LogInit: XAudio2 using 'Speakers (Realtek High Definition Audio)' : 2 channels at 48 kHz using 32 bits per sample (channel mask 0x3)
[2018.12.20-16.06.38:250][  0]LogInit: FAudioDevice initialized.
[2018.12.20-16.06.38:250][  0]LogNetVersion: Set ProjectVersion to 1.0.0.0. Version Checksum will be recalculated on next use.
[2018.12.20-16.06.38:451][  0]LogDerivedDataCache: Saved boot cache 0.20s 71MB C:/Users/TDSSK/AppData/Local/UnrealEngine/4.20/DerivedDataCache/Boot.ddc.
[2018.12.20-16.06.38:453][  0]LogInit: Texture streaming: Enabled
[2018.12.20-16.06.38:618][  0]LogEngineSessionManager: EngineSessionManager initialized
[2018.12.20-16.06.38:618][  0]LogEngineSessionManager: EngineSessionManager sent abnormal shutdown report. Type=Debugger, SessionId={F58E2529-4D02-D36F-D904-87B6FD7A696A}
[2018.12.20-16.06.38:649][  0]LogInit: Transaction tracking system initialized
[2018.12.20-16.06.38:989][  0]BlueprintLog: New page: Editor Load
[2018.12.20-16.06.40:477][  0]LocalizationService: Localization service is disabled
[2018.12.20-16.06.41:328][  0]LogCook: Display: Max memory allowance for cook 16384mb min free memory 0mb
[2018.12.20-16.06.41:328][  0]LogCook: Display: Mobile HDR setting 1
[2018.12.20-16.06.41:328][  0]LogGameplayTags: Display: UGameplayTagsManager::DoneAddingNativeTags. DelegateIsBound: 0
[2018.12.20-16.06.41:328][  0]LogStats: UGameplayTagsManager::ConstructGameplayTagTree: ImportINI prefixes -  0.000 s
[2018.12.20-16.06.41:328][  0]LogStats: UGameplayTagsManager::ConstructGameplayTagTree: Construct from data asset -  0.000 s
[2018.12.20-16.06.41:329][  0]LogStats: UGameplayTagsManager::ConstructGameplayTagTree: ImportINI -  0.000 s
[2018.12.20-16.06.41:329][  0]LogStats: UGameplayTagsManager::ConstructGameplayTagTree: GameplayTagTreeChangedEvent.Broadcast -  0.000 s
[2018.12.20-16.06.42:304][  0]LogFileCache: Scanning file cache for directory 'D:/Documents/GitHub/TGP_PairProject/TGP_Project/Content/' took 0.01s
[2018.12.20-16.06.42:450][  0]SourceControl: Source control is disabled
[2018.12.20-16.06.42:450][  0]Cmd: MAP LOAD FILE="D:/Documents/GitHub/TGP_PairProject/TGP_Project/Content/Levels/BaseLevel.umap" TEMPLATE=0 SHOWPROGRESS=1 FEATURELEVEL=3
[2018.12.20-16.06.42:450][  0]LightingResults: New page: Lighting Build
[2018.12.20-16.06.42:455][  0]MapCheck: New page: Map Check
[2018.12.20-16.06.42:456][  0]LightingResults: New page: Lighting Build
[2018.12.20-16.06.42:600][  0]LogAIModule: Creating AISystem for world BaseLevel
[2018.12.20-16.06.42:607][  0]LogEditorServer: Finished looking for orphan Actors (0.000 secs)
[2018.12.20-16.06.42:629][  0]Cmd: MAP CHECKDEP NOCLEARLOG
[2018.12.20-16.06.42:733][  0]MapCheck: Map check complete: 0 Error(s), 0 Warning(s), took 103.442ms to complete.
[2018.12.20-16.06.42:733][  0]LogFileHelpers: Loading map 'BaseLevel' took 0.283
[2018.12.20-16.06.42:837][  0]LogSlate: Updating window title bar state: overlay mode, drag disabled, window buttons hidden, title bar hidden
[2018.12.20-16.06.42:849][  0]LogSlate: Updating window title bar state: overlay mode, drag disabled, window buttons hidden, title bar hidden
[2018.12.20-16.06.42:860][  0]LogSlate: Updating window title bar state: overlay mode, drag disabled, window buttons hidden, title bar hidden
[2018.12.20-16.06.42:869][  0]LogSlate: Updating window title bar state: overlay mode, drag disabled, window buttons hidden, title bar hidden
[2018.12.20-16.06.42:945][  0]LogCollectionManager: Loaded 0 collections in 0.003558 seconds
[2018.12.20-16.06.42:993][  0]LogFileCache: Scanning file cache for directory 'D:/Documents/GitHub/TGP_PairProject/TGP_Project/Saved/Collections/' took 0.01s
[2018.12.20-16.06.42:993][  0]LogFileCache: Scanning file cache for directory 'D:/Documents/GitHub/TGP_PairProject/TGP_Project/Content/Developers/TDSSK/Collections/' took 0.01s
[2018.12.20-16.06.42:993][  0]LogFileCache: Scanning file cache for directory 'D:/Documents/GitHub/TGP_PairProject/TGP_Project/Content/Collections/' took 0.01s
[2018.12.20-16.06.42:993][  0]LogCollectionManager: Rebuilt the GUID cache for 0 collections in 0.000000 seconds
[2018.12.20-16.06.43:004][  0]LogContentBrowser: Native class hierarchy populated in 0.0101 seconds. Added 2586 classes and 606 folders.
[2018.12.20-16.06.43:014][  0]LogContentBrowser: Native class hierarchy updated for 'WidgetCarousel' in 0.0003 seconds. Added 0 classes and 0 folders.
[2018.12.20-16.06.43:088][  0]LogContentBrowser: Native class hierarchy updated for 'AddContentDialog' in 0.0003 seconds. Added 0 classes and 0 folders.
[2018.12.20-16.06.43:141][  0]LogContentBrowser: Native class hierarchy updated for 'SceneOutliner' in 0.0003 seconds. Added 1 classes and 2 folders.
[2018.12.20-16.06.43:202][  0]LogSlate: Took 0.000254 seconds to synchronously load lazily loaded font '../../../Engine/Content/Slate/Fonts/Roboto-Regular.ttf' (155K)
[2018.12.20-16.06.43:205][  0]LogSlate: Took 0.000217 seconds to synchronously load lazily loaded font '../../../Engine/Content/Slate/Fonts/Roboto-Bold.ttf' (160K)
[2018.12.20-16.06.43:212][  0]LogSlate: Took 0.000241 seconds to synchronously load lazily loaded font '../../../Engine/Content/Editor/Slate/Fonts/FontAwesome.ttf' (139K)
[2018.12.20-16.06.43:295][  0]LogRenderer: Reallocating scene render targets to support 1208x600 Format 10 NumSamples 1 (Frame:1).
[2018.12.20-16.06.43:346][  0]LogSlate: Took 0.000282 seconds to synchronously load lazily loaded font '../../../Engine/Content/Slate/Fonts/Roboto-Light.ttf' (167K)
[2018.12.20-16.06.43:656][  0]LogContentBrowser: Native class hierarchy updated for 'HierarchicalLODOutliner' in 0.0006 seconds. Added 0 classes and 0 folders.
[2018.12.20-16.06.43:656][  0]LogLoad: (Engine Initialization) Total time: 25.49 seconds
[2018.12.20-16.06.43:656][  0]LogLoad: (Engine Initialization) Total Blueprint compile time: 0.00 seconds
[2018.12.20-16.06.43:723][  0]LogContentStreaming: Texture pool size now 1000 MB
[2018.12.20-16.06.43:745][  1]LogFileCache: Retrieving MD5 hashes for directory 'D:/Documents/GitHub/TGP_PairProject/TGP_Project/Content/' took 0.07s
[2018.12.20-16.06.43:761][  1]LogAssetRegistry: Asset discovery search completed in 14.2713 seconds
[2018.12.20-16.06.43:763][  1]LogCollectionManager: Rebuilt the object cache for 0 collections in 0.000000 seconds (found 0 objects)
[2018.12.20-16.06.43:763][  1]LogCollectionManager: Fixed up redirectors for 0 collections in 0.000105 seconds (updated 0 objects)
[2018.12.20-16.11.18:694][969]LogSlate: FSceneViewport::OnFocusLost() reason 0
[2018.12.20-16.11.26:966][959]LogEditorViewport: Clicking Background
[2018.12.20-16.11.29:237][230]LogEditorViewport: Clicking on Actor (LMB): PaperSpriteActor (BasicLevel_Sprite)
[2018.12.20-16.11.30:885][415]LogSlate: FSceneViewport::OnFocusLost() reason 0
[2018.12.20-16.11.30:969][425]LogTemp: Repeating last play command: Selected Viewport
[2018.12.20-16.11.30:986][425]LogPlayLevel: PlayLevel: No blueprints needed recompiling
[2018.12.20-16.11.31:000][425]PIE: New page: PIE session: BaseLevel (20 Dec 2018 16:11:31)
[2018.12.20-16.11.31:000][425]LogPlayLevel: Creating play world package: /Game/Levels/UEDPIE_0_BaseLevel
[2018.12.20-16.11.31:004][425]LogPlayLevel: PIE: StaticDuplicateObject took: (0.003268s)
[2018.12.20-16.11.31:005][425]LogAIModule: Creating AISystem for world BaseLevel
[2018.12.20-16.11.31:005][425]LogPlayLevel: PIE: World Init took: (0.001254s)
[2018.12.20-16.11.31:005][425]LogPlayLevel: PIE: Created PIE world by copying editor world from /Game/Levels/BaseLevel.BaseLevel to /Game/Levels/UEDPIE_0_BaseLevel.BaseLevel (0.005044s)
[2018.12.20-16.11.31:058][425]LogInit: XAudio2 using 'Speakers (Realtek High Definition Audio)' : 2 channels at 48 kHz using 32 bits per sample (channel mask 0x3)
[2018.12.20-16.11.31:083][425]LogInit: FAudioDevice initialized.
[2018.12.20-16.11.31:127][425]LogLoad: Game class is 'GM_GAME_C'
[2018.12.20-16.11.31:129][425]LogWorld: Bringing World /Game/Levels/UEDPIE_0_BaseLevel.BaseLevel up for play (max tick rate 0) at 2018.12.20-16.11.31
[2018.12.20-16.11.31:130][425]LogWorld: Bringing up level for play took: 0.001722
[2018.12.20-16.11.31:152][425]LogContentBrowser: Native class hierarchy updated for 'MovieSceneCapture' in 0.0004 seconds. Added 10 classes and 0 folders.
[2018.12.20-16.11.31:154][425]PIE: Play in editor start time for /Game/Levels/UEDPIE_0_BaseLevel 1.129
[2018.12.20-16.11.37:863][228]LogSlate: FSceneViewport::OnFocusLost() reason 0
[2018.12.20-16.11.37:931][236]LogSlate: Updating window title bar state: overlay mode, drag disabled, window buttons hidden, title bar hidden
[2018.12.20-16.11.37:971][236]LogPlayLevel: Display: Shutting down PIE online subsystems
[2018.12.20-16.11.37:995][236]LogSlate: Updating window title bar state: overlay mode, drag disabled, window buttons hidden, title bar hidden
[2018.12.20-16.11.38:034][240]LogPlayLevel: Display: Destroying online subsystem :Context_4
[2018.12.20-16.11.40:240][504]LogSlate: FSceneViewport::OnFocusLost() reason 0
[2018.12.20-16.11.45:999][132]LogEditorViewport: Clicking on Actor (LMB): BP_Civilian_C (BP_Civilian2)
[2018.12.20-16.11.49:332][518]LogEditorViewport: Clicking on Actor (LMB): BP_Civilian_C (BP_Civilian3)
[2018.12.20-16.11.59:738][744]LogEditorViewport: Clicking Background
[2018.12.20-16.12.03:472][191]LogEditorViewport: Clicking on Actor (LMB): TargetPoint (TargetPoint)
[2018.12.20-16.12.04:539][314]LogEditorViewport: Clicking on Actor (CTRL LMB): TargetPoint (TargetPoint3)
[2018.12.20-16.12.05:620][440]LogEditorViewport: Clicking on Actor (CTRL LMB): TargetPoint (TargetPoint2)
[2018.12.20-16.12.08:935][833]LogSlate: FSceneViewport::OnFocusLost() reason 0
[2018.12.20-16.12.09:009][842]LogTemp: Repeating last play command: Selected Viewport
[2018.12.20-16.12.09:025][842]LogPlayLevel: PlayLevel: No blueprints needed recompiling
[2018.12.20-16.12.09:025][842]PIE: New page: PIE session: BaseLevel (20 Dec 2018 16:12:09)
[2018.12.20-16.12.09:025][842]LogPlayLevel: Creating play world package: /Game/Levels/UEDPIE_0_BaseLevel
[2018.12.20-16.12.09:029][842]LogPlayLevel: PIE: StaticDuplicateObject took: (0.002973s)
[2018.12.20-16.12.09:029][842]LogAIModule: Creating AISystem for world BaseLevel
[2018.12.20-16.12.09:030][842]LogPlayLevel: PIE: World Init took: (0.000795s)
[2018.12.20-16.12.09:030][842]LogPlayLevel: PIE: Created PIE world by copying editor world from /Game/Levels/BaseLevel.BaseLevel to /Game/Levels/UEDPIE_0_BaseLevel.BaseLevel (0.004213s)
[2018.12.20-16.12.09:080][842]LogInit: XAudio2 using 'Speakers (Realtek High Definition Audio)' : 2 channels at 48 kHz using 32 bits per sample (channel mask 0x3)
[2018.12.20-16.12.09:106][842]LogInit: FAudioDevice initialized.
[2018.12.20-16.12.09:140][842]LogLoad: Game class is 'GM_GAME_C'
[2018.12.20-16.12.09:142][842]LogWorld: Bringing World /Game/Levels/UEDPIE_0_BaseLevel.BaseLevel up for play (max tick rate 0) at 2018.12.20-16.12.09
[2018.12.20-16.12.09:142][842]LogWorld: Bringing up level for play took: 0.001356
[2018.12.20-16.12.09:156][842]PIE: Play in editor start time for /Game/Levels/UEDPIE_0_BaseLevel -0.868
[2018.12.20-16.12.11:037][ 67]LogSlate: FSceneViewport::OnFocusLost() reason 0
[2018.12.20-16.12.11:095][ 74]LogSlate: Updating window title bar state: overlay mode, drag disabled, window buttons hidden, title bar hidden
[2018.12.20-16.12.11:129][ 74]LogPlayLevel: Display: Shutting down PIE online subsystems
[2018.12.20-16.12.11:151][ 74]LogSlate: Updating window title bar state: overlay mode, drag disabled, window buttons hidden, title bar hidden
[2018.12.20-16.12.11:199][ 79]LogPlayLevel: Display: Destroying online subsystem :Context_5
[2018.12.20-16.12.13:549][360]LogEditorViewport: Clicking on Actor (LMB): NavMeshBoundsVolume (NavMeshBoundsVolume)
[2018.12.20-16.12.17:876][859]LogSlate: FSceneViewport::OnFocusLost() reason 0
[2018.12.20-16.12.23:568][503]LogEditorViewport: Clicking on Actor (LMB): BP_Civilian_C (BP_Civilian3)
[2018.12.20-16.12.25:153][680]LogEditorViewport: Clicking on Actor (CTRL LMB): BP_Civilian_C (BP_Civilian2)
[2018.12.20-16.12.29:681][186]LogEditorViewport: Clicking on Actor (CTRL LMB): BP_Civilian_C (BP_Civilian)
[2018.12.20-16.12.30:609][286]LogSlate: FSceneViewport::OnFocusLost() reason 0
[2018.12.20-16.12.36:188][940]LogSlate: FSceneViewport::OnFocusLost() reason 0
[2018.12.20-16.12.36:271][950]LogTemp: Repeating last play command: Selected Viewport
[2018.12.20-16.12.36:287][950]LogPlayLevel: PlayLevel: No blueprints needed recompiling
[2018.12.20-16.12.36:287][950]PIE: New page: PIE session: BaseLevel (20 Dec 2018 16:12:36)
[2018.12.20-16.12.36:288][950]LogPlayLevel: Creating play world package: /Game/Levels/UEDPIE_0_BaseLevel
[2018.12.20-16.12.36:291][950]LogPlayLevel: PIE: StaticDuplicateObject took: (0.002905s)
[2018.12.20-16.12.36:291][950]LogAIModule: Creating AISystem for world BaseLevel
[2018.12.20-16.12.36:291][950]LogPlayLevel: PIE: World Init took: (0.000696s)
[2018.12.20-16.12.36:292][950]LogPlayLevel: PIE: Created PIE world by copying editor world from /Game/Levels/BaseLevel.BaseLevel to /Game/Levels/UEDPIE_0_BaseLevel.BaseLevel (0.004026s)
[2018.12.20-16.12.36:343][950]LogInit: XAudio2 using 'Speakers (Realtek High Definition Audio)' : 2 channels at 48 kHz using 32 bits per sample (channel mask 0x3)
[2018.12.20-16.12.36:366][950]LogInit: FAudioDevice initialized.
[2018.12.20-16.12.36:400][950]LogLoad: Game class is 'GM_GAME_C'
[2018.12.20-16.12.36:401][950]LogWorld: Bringing World /Game/Levels/UEDPIE_0_BaseLevel.BaseLevel up for play (max tick rate 0) at 2018.12.20-16.12.36
[2018.12.20-16.12.36:401][950]LogWorld: Bringing up level for play took: 0.001217
[2018.12.20-16.12.36:415][950]PIE: Play in editor start time for /Game/Levels/UEDPIE_0_BaseLevel 0.391
[2018.12.20-16.12.39:862][363]LogSlate: FSceneViewport::OnFocusLost() reason 0
[2018.12.20-16.12.39:912][369]LogNet: Browse: /Game/Levels/BaseLevel
[2018.12.20-16.12.39:913][369]LogLoad: LoadMap: /Game/Levels/BaseLevel
[2018.12.20-16.12.39:934][369]LogPlayLevel: Creating play world package: /Game/Levels/UEDPIE_0_BaseLevel
[2018.12.20-16.12.39:937][369]LogPlayLevel: PIE: StaticDuplicateObject took: (0.002971s)
[2018.12.20-16.12.39:938][369]LogAIModule: Creating AISystem for world BaseLevel
[2018.12.20-16.12.39:938][369]LogPlayLevel: PIE: World Init took: (0.000950s)
[2018.12.20-16.12.39:938][369]LogPlayLevel: PIE: Created PIE world by copying editor world from /Game/Levels/BaseLevel.BaseLevel to /Game/Levels/UEDPIE_0_BaseLevel.BaseLevel (0.004413s)
[2018.12.20-16.12.39:939][369]LogLoad: Game class is 'GM_GAME_C'
[2018.12.20-16.12.39:940][369]LogWorld: Bringing World /Game/Levels/UEDPIE_0_BaseLevel.BaseLevel up for play (max tick rate 0) at 2018.12.20-16.12.39
[2018.12.20-16.12.39:941][369]LogWorld: Bringing up level for play took: 0.001299
[2018.12.20-16.12.39:942][369]LogLoad: Took 0.029823 seconds to LoadMap(/Game/Levels/UEDPIE_0_BaseLevel)
[2018.12.20-16.12.47:321][254]LogSlate: Updating window title bar state: overlay mode, drag disabled, window buttons hidden, title bar hidden
[2018.12.20-16.12.47:355][254]LogPlayLevel: Display: Shutting down PIE online subsystems
[2018.12.20-16.12.47:377][254]LogSlate: Updating window title bar state: overlay mode, drag disabled, window buttons hidden, title bar hidden
[2018.12.20-16.12.47:424][259]LogPlayLevel: Display: Destroying online subsystem :Context_6
[2018.12.20-16.12.52:014][809]LogEditorViewport: Clicking on Actor (LMB): PaperSpriteActor (BasicLevel_Sprite)
[2018.12.20-16.12.52:916][912]LogEditorViewport: Clicking on Actor (LMB): BP_Civilian_C (BP_Civilian)
[2018.12.20-16.13.16:212][645]LogSlate: FSceneViewport::OnFocusLost() reason 0
[2018.12.20-16.13.17:492][656]LogSlate: Window 'Save Content' being destroyed
[2018.12.20-16.13.17:503][656]LogSlate: Took 0.000251 seconds to synchronously load lazily loaded font '../../../Engine/Content/Slate/Fonts/Roboto-Light.ttf' (167K)
[2018.12.20-16.13.17:619][656]Cmd: OBJ SAVEPACKAGE PACKAGE="/Game/Levels/BaseLevel" FILE="D:/Documents/GitHub/TGP_PairProject/TGP_Project/Content/Levels/BaseLevel.umap" SILENT=true AUTOSAVING=false KEEPDIRTY=false
[2018.12.20-16.13.17:712][656]LogSavePackage: Moving 'D:/Documents/GitHub/TGP_PairProject/TGP_Project/Saved/BaseLevel7B6C2A2F4D7323FB3AB34D8D6D8F90CF.tmp' to 'D:/Documents/GitHub/TGP_PairProject/TGP_Project/Content/Levels/BaseLevel.umap'
[2018.12.20-16.13.17:743][656]LogFileHelpers: Saving map 'BaseLevel' took 0.229
[2018.12.20-16.13.42:900][636]LogSlate: FSceneViewport::OnFocusLost() reason 0
[2018.12.20-16.13.43:771][730]LogSlate: Window 'TGP_Project - Unreal Editor' being destroyed
[2018.12.20-16.13.43:957][731]Cmd: QUIT_EDITOR
[2018.12.20-16.13.44:308][731]LogWindowsTextInputMethodSystem: Display: IME system now deactivated.
[2018.12.20-16.13.44:319][731]LogExit: Preparing to exit.
[2018.12.20-16.13.44:968][731]LogExit: Editor shut down
[2018.12.20-16.13.44:968][731]LogExit: Transaction tracking system shut down
[2018.12.20-16.13.45:698][731]LogExit: Object subsystem successfully closed.
[2018.12.20-16.13.45:723][731]LogShaderCompilers: Display: Shaders left to compile 0
[2018.12.20-16.13.45:727][731]LogD3D11RHI: Shutdown
[2018.12.20-16.13.45:727][731]LogD3D11RHI: CleanupD3DDevice
[2018.12.20-16.13.45:732][731]LogD3D11RHI: ~FD3D11DynamicRHI
[2018.12.20-16.13.45:774][731]LogModuleManager: Shutting down and abandoning module MovieSceneCapture (616)
[2018.12.20-16.13.45:774][731]LogModuleManager: Shutting down and abandoning module Voice (614)
[2018.12.20-16.13.45:774][731]LogModuleManager: Shutting down and abandoning module HierarchicalLODOutliner (612)
[2018.12.20-16.13.45:774][731]LogModuleManager: Shutting down and abandoning module SceneOutliner (610)
[2018.12.20-16.13.45:775][731]LogModuleManager: Shutting down and abandoning module AddContentDialog (608)
[2018.12.20-16.13.45:775][731]LogModuleManager: Shutting down and abandoning module WidgetCarousel (607)
[2018.12.20-16.13.45:775][731]LogModuleManager: Shutting down and abandoning module EditorWidgets (604)
[2018.12.20-16.13.45:775][731]LogModuleManager: Shutting down and abandoning module CollectionManager (602)
[2018.12.20-16.13.45:776][731]LogModuleManager: Shutting down and abandoning module StatsViewer (600)
[2018.12.20-16.13.45:776][731]LogModuleManager: Shutting down and abandoning module FoliageEdit (598)
[2018.12.20-16.13.45:776][731]LogModuleManager: Shutting down and abandoning module LandscapeEditor (596)
[2018.12.20-16.13.45:776][731]LogModuleManager: Shutting down and abandoning module MeshPaintMode (594)
[2018.12.20-16.13.45:776][731]LogModuleManager: Shutting down and abandoning module SceneDepthPickerMode (592)
[2018.12.20-16.13.45:776][731]LogModuleManager: Shutting down and abandoning module ActorPickerMode (590)
[2018.12.20-16.13.45:776][731]LogModuleManager: Shutting down and abandoning module GeometryMode (588)
[2018.12.20-16.13.45:777][731]LogModuleManager: Shutting down and abandoning module TextureAlignMode (586)
[2018.12.20-16.13.45:777][731]LogModuleManager: Shutting down and abandoning module BspMode (584)
[2018.12.20-16.13.45:777][731]LogModuleManager: Shutting down and abandoning module PIEPreviewDeviceProfileSelector (582)
[2018.12.20-16.13.45:777][731]LogModuleManager: Shutting down and abandoning module SequenceRecorderSections (580)
[2018.12.20-16.13.45:777][731]LogModuleManager: Shutting down and abandoning module AutomationWorker (578)
[2018.12.20-16.13.45:777][731]LogModuleManager: Shutting down and abandoning module AudioCaptureEditor (576)
[2018.12.20-16.13.45:777][731]LogModuleManager: Shutting down and abandoning module SequenceRecorder (575)
[2018.12.20-16.13.45:777][731]LogModuleManager: Shutting down and abandoning module MatineeToLevelSequence (572)
[2018.12.20-16.13.45:777][731]LogModuleManager: Shutting down and abandoning module LevelSequenceEditor (570)
[2018.12.20-16.13.45:778][731]LogModuleManager: Shutting down and abandoning module PlacementMode (569)
[2018.12.20-16.13.45:778][731]LogModuleManager: Shutting down and abandoning module MaterialEditor (568)
[2018.12.20-16.13.45:778][731]LogModuleManager: Shutting down and abandoning module WmfMediaFactory (564)
[2018.12.20-16.13.45:778][731]LogModuleManager: Shutting down and abandoning module WmfMediaEditor (562)
[2018.12.20-16.13.45:778][731]LogModuleManager: Shutting down and abandoning module MediaPlayerEditor (560)
[2018.12.20-16.13.45:778][731]LogModuleManager: Shutting down and abandoning module OpenExrWrapper (558)
[2018.12.20-16.13.45:778][731]LogModuleManager: Shutting down and abandoning module ImgMediaFactory (556)
[2018.12.20-16.13.45:778][731]LogModuleManager: Shutting down and abandoning module ImgMediaEditor (554)
[2018.12.20-16.13.45:779][731]LogModuleManager: Shutting down and abandoning module AvfMediaFactory (552)
[2018.12.20-16.13.45:779][731]LogModuleManager: Shutting down and abandoning module AvfMediaEditor (550)
[2018.12.20-16.13.45:779][731]LogModuleManager: Shutting down and abandoning module AndroidMediaFactory (548)
[2018.12.20-16.13.45:779][731]LogModuleManager: Shutting down and abandoning module AndroidMediaEditor (546)
[2018.12.20-16.13.45:779][731]LogModuleManager: Shutting down and abandoning module MagicLeapCameraPreviewFactory (544)
[2018.12.20-16.13.45:779][731]LogModuleManager: Shutting down and abandoning module MagicLeapMediaFactory (542)
[2018.12.20-16.13.45:779][731]LogModuleManager: Shutting down and abandoning module MagicLeapMediaEditor (540)
[2018.12.20-16.13.45:779][731]LogModuleManager: Shutting down and abandoning module CharacterAI (538)
[2018.12.20-16.13.45:779][731]LogModuleManager: Shutting down and abandoning module SmartSnapping (536)
[2018.12.20-16.13.45:779][731]LogModuleManager: Shutting down and abandoning module SessionServices (534)
[2018.12.20-16.13.45:779][731]LogModuleManager: Shutting down and abandoning module ViewportSnapping (532)
[2018.12.20-16.13.45:779][731]LogModuleManager: Shutting down and abandoning module ViewportInteraction (530)
[2018.12.20-16.13.45:779][731]LogModuleManager: Shutting down and abandoning module ClothPainter (528)
[2018.12.20-16.13.45:780][731]LogModuleManager: Shutting down and abandoning module SkeletalMeshEditor (527)
[2018.12.20-16.13.45:780][731]LogModuleManager: Shutting down and abandoning module LogVisualizer (524)
[2018.12.20-16.13.45:780][731]LogModuleManager: Shutting down and abandoning module IntroTutorials (522)
[2018.12.20-16.13.45:780][731]LogModuleManager: Shutting down and abandoning module GameProjectGeneration (521)
[2018.12.20-16.13.45:780][731]LogModuleManager: Shutting down and abandoning module LuminPlatformEditor (518)
[2018.12.20-16.13.45:780][731]LogModuleManager: Shutting down and abandoning module IOSPlatformEditor (516)
[2018.12.20-16.13.45:780][731]LogModuleManager: Shutting down and abandoning module HTML5PlatformEditor (514)
[2018.12.20-16.13.45:780][731]LogModuleManager: Shutting down and abandoning module AndroidPlatformEditor (512)
[2018.12.20-16.13.45:780][731]LogModuleManager: Shutting down and abandoning module AndroidDeviceDetection (511)
