Log file open, 11/19/18 20:42:02
LogWindows: Failed to load 'aqProf.dll' (GetLastError=126)
LogWindows: File 'aqProf.dll' does not exist
LogWindows: Failed to load 'VSPerf140.dll' (GetLastError=126)
LogWindows: File 'VSPerf140.dll' does not exist
LogWindows: Failed to load 'VtuneApi.dll' (GetLastError=126)
LogWindows: File 'VtuneApi.dll' does not exist
LogWindows: Failed to load 'VtuneApi32e.dll' (GetLastError=126)
LogWindows: File 'VtuneApi32e.dll' does not exist
LogInit: Display: Running engine for game: TGP_Project
LogPlatformFile: Not using cached read wrapper
LogTaskGraph: Started task graph with 5 named threads and 23 total threads with 3 sets of task threads.
LogStats: Stats thread started at 0.326588
LogD3D11RHI: Loaded GFSDK_Aftermath_Lib.x64.dll
LogICUInternationalization: Display: ICU TimeZone Detection - Raw Offset: +0:00, Platform Override: ''
LogPluginManager: Mounting plugin Paper2D
LogPluginManager: Mounting plugin AISupport
LogPluginManager: Mounting plugin LightPropagationVolume
LogPluginManager: Mounting plugin CLionSourceCodeAccess
LogPluginManager: Mounting plugin CodeLiteSourceCodeAccess
LogPluginManager: Mounting plugin GitSourceControl
LogPluginManager: Mounting plugin KDevelopSourceCodeAccess
LogPluginManager: Mounting plugin NullSourceCodeAccess
LogPluginManager: Mounting plugin PerforceSourceControl
LogPluginManager: Mounting plugin SubversionSourceControl
LogPluginManager: Mounting plugin UObjectPlugin
LogPluginManager: Mounting plugin VisualStudioCodeSourceCodeAccess
LogPluginManager: Mounting plugin VisualStudioSourceCodeAccess
LogPluginManager: Mounting plugin XCodeSourceCodeAccess
LogPluginManager: Mounting plugin AssetManagerEditor
LogPluginManager: Mounting plugin CryptoKeys
LogPluginManager: Mounting plugin DataValidation
LogPluginManager: Mounting plugin FacialAnimation
LogPluginManager: Mounting plugin GameplayTagsEditor
LogPluginManager: Mounting plugin MacGraphicsSwitching
LogPluginManager: Mounting plugin MeshEditor
LogPluginManager: Mounting plugin MobileLauncherProfileWizard
LogPluginManager: Mounting plugin PluginBrowser
LogPluginManager: Mounting plugin SpeedTreeImporter
LogPluginManager: Mounting plugin DatasmithContent
LogPluginManager: Mounting plugin AlembicImporter
LogPluginManager: Mounting plugin AppleImageUtils
LogPluginManager: Mounting plugin AppleVision
LogPluginManager: Mounting plugin BackChannel
LogPluginManager: Mounting plugin CharacterAI
LogPluginManager: Mounting plugin GeometryCache
LogPluginManager: Mounting plugin HTML5Networking
LogPluginManager: Mounting plugin ProxyLODPlugin
LogPluginManager: Mounting plugin MagicLeap
LogPluginManager: Mounting plugin MagicLeapEmulator
LogPluginManager: Mounting plugin MagicLeapMedia
LogPluginManager: Mounting plugin AndroidMedia
LogPluginManager: Mounting plugin AvfMedia
LogPluginManager: Mounting plugin ImgMedia
LogPluginManager: Mounting plugin LinearTimecode
LogPluginManager: Mounting plugin MediaCompositing
LogPluginManager: Mounting plugin MediaPlayerEditor
LogPluginManager: Mounting plugin WmfMedia
LogPluginManager: Mounting plugin TcpMessaging
LogPluginManager: Mounting plugin UdpMessaging
LogPluginManager: Mounting plugin ActorSequence
LogPluginManager: Mounting plugin LevelSequenceEditor
LogPluginManager: Mounting plugin MatineeToLevelSequence
LogPluginManager: Mounting plugin NetcodeUnitTest
LogPluginManager: Mounting plugin NUTUnrealEngine4
LogPluginManager: Mounting plugin OnlineSubsystemGooglePlay
LogPluginManager: Mounting plugin OnlineSubsystemIOS
LogPluginManager: Mounting plugin OnlineSubsystem
LogPluginManager: Mounting plugin OnlineSubsystemNull
LogPluginManager: Mounting plugin OnlineSubsystemUtils
LogPluginManager: Mounting plugin LauncherChunkInstaller
LogPluginManager: Mounting plugin AndroidDeviceProfileSelector
LogPluginManager: Mounting plugin AndroidMoviePlayer
LogPluginManager: Mounting plugin AndroidPermission
LogPluginManager: Mounting plugin AppleMoviePlayer
LogPluginManager: Mounting plugin ArchVisCharacter
LogPluginManager: Mounting plugin AudioCapture
LogPluginManager: Mounting plugin CableComponent
LogPluginManager: Mounting plugin CustomMeshComponent
LogPluginManager: Mounting plugin EditableMesh
LogPluginManager: Mounting plugin ExampleDeviceProfileSelector
LogPluginManager: Mounting plugin GoogleCloudMessaging
LogPluginManager: Mounting plugin ImmediatePhysics
LogPluginManager: Mounting plugin IOSDeviceProfileSelector
LogPluginManager: Mounting plugin LinuxDeviceProfileSelector
LogPluginManager: Mounting plugin LocationServicesBPLibrary
LogPluginManager: Mounting plugin MobilePatchingUtils
LogPluginManager: Mounting plugin OculusVR
LogPluginManager: Plugin shader directory ../../../Engine/Plugins/Runtime/Oculus/OculusVR/Shaders found
LogPluginManager: Mapping shader source directory ../../../Engine/Plugins/Runtime/Oculus/OculusVR/Shaders to virtual directory /Plugin/OculusVR
LogPluginManager: Mounting plugin PhysXVehicles
LogPluginManager: Mounting plugin ProceduralMeshComponent
LogPluginManager: Mounting plugin RuntimePhysXCooking
LogPluginManager: Mounting plugin SteamVR
LogPluginManager: Mounting plugin WindowsMoviePlayer
LogStreaming: Display: Took  0.243s to configure plugins.
LogInit: Using libcurl 7.55.1-DEV
LogInit:  - built for x86_64-pc-win32
LogInit:  - supports SSL with OpenSSL/1.0.2h
LogInit:  - supports HTTP deflate (compression) using libz 1.2.8
LogInit:  - other features:
LogInit:      CURL_VERSION_SSL
LogInit:      CURL_VERSION_LIBZ
LogInit:      CURL_VERSION_IPV6
LogInit:      CURL_VERSION_ASYNCHDNS
LogInit:      CURL_VERSION_LARGEFILE
LogInit:      CURL_VERSION_IDN
LogInit:  CurlRequestOptions (configurable via config and command line):
LogInit:  - bVerifyPeer = false  - Libcurl will NOT verify peer certificate
LogInit:  - bUseHttpProxy = false  - Libcurl will NOT use HTTP proxy
LogInit:  - bDontReuseConnections = false  - Libcurl will reuse connections
LogInit:  - CertBundlePath = nullptr  - Libcurl will use whatever was configured at build time.
LogInit:  - MaxHostConnections = 16  - Libcurl will limit the number of connections to a host
LogInit:  - LocalHostAddr = Default
LogInit:  - BufferSize = 65536
LogInit: WinSock: version 1.1 (2.2), MaxSocks=32767, MaxUdp=65467
LogInit: Build: ++UE4+Release-4.20-CL-4369336
LogInit: Engine Version: 4.20.3-4369336+++UE4+Release-4.20
LogInit: Compatible Engine Version: 4.20.0-4212847+++UE4+Release-4.20
LogInit: Net CL: 4212847
LogInit: OS: Windows 10 (), CPU: Intel(R) Xeon(R) CPU E5-1620 v4 @ 3.50GHz, GPU: NVIDIA GeForce GTX 1070
LogInit: Compiled (64-bit): Sep 17 2018 12:26:19
LogInit: Compiled with Visual C++: 19.13.26129.00
LogInit: Build Configuration: Development
LogInit: Branch Name: ++UE4+Release-4.20
LogInit: Command Line:  
LogInit: Base Directory: C:/Epic/UE4/UE_4.20/Engine/Binaries/Win64/
LogInit: Installed Engine Build: 1
LogDevObjectVersion: Number of dev versions registered: 20
LogDevObjectVersion:   Dev-Blueprints (B0D832E4-1F89-4F0D-ACCF-7EB736FD4AA2): 10
LogDevObjectVersion:   Dev-Build (E1C64328-A22C-4D53-A36C-8E866417BD8C): 0
LogDevObjectVersion:   Dev-Core (375EC13C-06E4-48FB-B500-84F0262A717E): 2
LogDevObjectVersion:   Dev-Editor (E4B068ED-F494-42E9-A231-DA0B2E46BB41): 24
LogDevObjectVersion:   Dev-Framework (CFFC743F-43B0-4480-9391-14DF171D2073): 34
LogDevObjectVersion:   Dev-Mobile (B02B49B5-BB20-44E9-A304-32B752E40360): 2
LogDevObjectVersion:   Dev-Networking (A4E4105C-59A1-49B5-A7C5-40C4547EDFEE): 0
LogDevObjectVersion:   Dev-Online (39C831C9-5AE6-47DC-9A44-9C173E1C8E7C): 0
LogDevObjectVersion:   Dev-Physics (78F01B33-EBEA-4F98-B9B4-84EACCB95AA2): 0
LogDevObjectVersion:   Dev-Platform (6631380F-2D4D-43E0-8009-CF276956A95A): 0
LogDevObjectVersion:   Dev-Rendering (12F88B9F-8875-4AFC-A67C-D90C383ABD29): 26
LogDevObjectVersion:   Dev-Sequencer (7B5AE74C-D270-4C10-A958-57980B212A5A): 9
LogDevObjectVersion:   Dev-VR (D7296918-1DD6-4BDD-9DE2-64A83CC13884): 2
LogDevObjectVersion:   Dev-LoadTimes (C2A15278-BFE7-4AFE-6C17-90FF531DF755): 1
LogDevObjectVersion:   Private-Geometry (6EACA3D4-40EC-4CC1-B786-8BED09428FC5): 3
LogDevObjectVersion:   Dev-AnimPhys (29E575DD-E0A3-4627-9D10-D276232CDCEA): 17
LogDevObjectVersion:   Dev-ReflectionCapture (6B266CEC-1EC7-4B8F-A30B-E4D90942FC07): 1
LogDevObjectVersion:   Dev-Automation (0DF73D61-A23F-47EA-B727-89E90C41499A): 1
LogDevObjectVersion:   FortniteMain (601D1886-AC64-4F84-AA16-D3DE0DEAC7D6): 12
LogDevObjectVersion:   Dev-Enterprise (9DFFBCD6-494F-0158-E221-12823C92A888): 1
LogStreaming: Display: Took  0.006s to delete old logs.
LogInit: Presizing for max 8388607 objects, including 0 objects not considered by GC, pre-allocating 0 bytes for permanent pool.
LogInit: Object subsystem initialized
[2018.11.19-20.42.03:160][  0]LogInit: Selected Device Profile: [Windows]
[2018.11.19-20.42.03:160][  0]LogInit: Applying CVar settings loaded from the selected device profile: [Windows]
[2018.11.19-20.42.03:186][  0]LogHAL: Display: Platform has ~ 32 GB [34272002048 / 34359738368 / 32], which maps to Largest [LargestMinGB=32, LargerMinGB=12, DefaultMinGB=8, SmallerMinGB=6, SmallestMinGB=0)
[2018.11.19-20.42.03:186][  0]LogInit: Setting Device Profile CVar: [[r.Vulkan.UseRealUBs:1]]
[2018.11.19-20.42.03:186][  0]LogInit: Going up to parent DeviceProfile []
[2018.11.19-20.42.03:186][  0]LogInit: Computer: D105-31
[2018.11.19-20.42.03:186][  0]LogInit: User: m013603g
[2018.11.19-20.42.03:186][  0]LogInit: CPU Page size=4096, Cores=4
[2018.11.19-20.42.03:186][  0]LogInit: High frequency timer resolution =3.410069 MHz
[2018.11.19-20.42.03:187][  0]LogMemory: Memory total: Physical=31.9GB (32GB approx)
[2018.11.19-20.42.03:187][  0]LogMemory: Platform Memory Stats for Windows
[2018.11.19-20.42.03:187][  0]LogMemory: Process Physical Memory: 99.70 MB used, 99.70 MB peak
[2018.11.19-20.42.03:187][  0]LogMemory: Process Virtual Memory: 90.82 MB used, 90.82 MB peak
[2018.11.19-20.42.03:187][  0]LogMemory: Physical Memory: 11403.00 MB used,  21281.33 MB free, 32684.33 MB total
[2018.11.19-20.42.03:187][  0]LogMemory: Virtual Memory: 4640.09 MB used,  21281.33 MB free, 134217728.00 MB total
[2018.11.19-20.42.03:222][  0]LogInit: Using OS detected language (en-US).
[2018.11.19-20.42.03:222][  0]LogInit: Using OS detected locale (en-GB).
[2018.11.19-20.42.03:224][  0]LogTextLocalizationManager: No specific localization for 'en-US' exists, so the 'en' localization will be used.
[2018.11.19-20.42.03:611][  0]LogStreaming: Display: Took  0.388s to InitEngineTextLocalization.
[2018.11.19-20.42.03:611][  0]LogInit: Setting process to per monitor DPI aware
[2018.11.19-20.42.03:666][  0]LogSlate: New Slate User Created.  User Index 0, Is Virtual User: 0
[2018.11.19-20.42.03:666][  0]LogSlate: Slate User Registered.  User Index 0, Is Virtual User: 0
[2018.11.19-20.42.04:015][  0]LogHMD: Failed to initialize OpenVR with code 110
[2018.11.19-20.42.04:015][  0]LogD3D11RHI: D3D11 adapters:
[2018.11.19-20.42.04:085][  0]LogD3D11RHI:    0. 'NVIDIA GeForce GTX 1070' (Feature Level 11_0)
[2018.11.19-20.42.04:085][  0]LogD3D11RHI:       8088/0/16342 MB DedicatedVideo/DedicatedSystem/SharedSystem, Outputs:2, VendorId:0x10de
[2018.11.19-20.42.04:088][  0]LogD3D11RHI:    1. 'Microsoft Basic Render Driver' (Feature Level 11_0)
[2018.11.19-20.42.04:088][  0]LogD3D11RHI:       0/0/16342 MB DedicatedVideo/DedicatedSystem/SharedSystem, Outputs:0, VendorId:0x1414
[2018.11.19-20.42.04:088][  0]LogD3D11RHI: Chosen D3D11 Adapter: 0
[2018.11.19-20.42.04:098][  0]LogD3D11RHI: Creating new Direct3DDevice
[2018.11.19-20.42.04:098][  0]LogD3D11RHI:     GPU DeviceId: 0x1b81 (for the marketing name, search the web for "GPU Device Id")
[2018.11.19-20.42.04:098][  0]LogWindows: EnumDisplayDevices:
[2018.11.19-20.42.04:098][  0]LogWindows:    0. 'NVIDIA GeForce GTX 1070' (P:1 D:1)
[2018.11.19-20.42.04:099][  0]LogWindows:    1. 'NVIDIA GeForce GTX 1070' (P:0 D:1)
[2018.11.19-20.42.04:099][  0]LogWindows:    2. 'NVIDIA GeForce GTX 1070' (P:0 D:0)
[2018.11.19-20.42.04:099][  0]LogWindows:    3. 'NVIDIA GeForce GTX 1070' (P:0 D:0)
[2018.11.19-20.42.04:099][  0]LogWindows: DebugString: FoundDriverCount:4 
[2018.11.19-20.42.04:099][  0]LogD3D11RHI:     Adapter Name: NVIDIA GeForce GTX 1070
[2018.11.19-20.42.04:100][  0]LogD3D11RHI:   Driver Version: 398.82 (internal:24.21.13.9882, unified:398.82)
[2018.11.19-20.42.04:100][  0]LogD3D11RHI:      Driver Date: 7-30-2018
[2018.11.19-20.42.04:100][  0]LogRHI: Texture pool is 5661 MB (70% of 8088 MB)
[2018.11.19-20.42.04:145][  0]LogD3D11RHI: Async texture creation enabled
[2018.11.19-20.42.04:165][  0]LogD3D11RHI: GPU Timing Frequency: 1000.000000 (Debug: 2 2)
[2018.11.19-20.42.04:251][  0]LogShaderCompilers: Guid format shader working directory is -28 characters bigger than the processId version (../../../../../../Users/m013603g/Documents/GitHub/TGP_PairProject/TGP_Project/Intermediate/Shaders/WorkingDirectory/1728/).
[2018.11.19-20.42.04:252][  0]LogShaderCompilers: Cleaned the shader compiler working directory 'C:/Users/m013603g/AppData/Local/Temp/UnrealShaderWorkingDir/C5E3F237435D501CB0F3F8B01F4D120B/'.
[2018.11.19-20.42.04:619][  0]LogTemp: Display: Loaded TP AllDesktopTargetPlatform
[2018.11.19-20.42.04:644][  0]LogTemp: Display: Loaded TP MacClientTargetPlatform
[2018.11.19-20.42.04:662][  0]LogTemp: Display: Loaded TP MacNoEditorTargetPlatform
[2018.11.19-20.42.04:680][  0]LogTemp: Display: Loaded TP MacServerTargetPlatform
[2018.11.19-20.42.04:698][  0]LogTemp: Display: Loaded TP MacTargetPlatform
[2018.11.19-20.42.04:723][  0]LogTemp: Display: Loaded TP WindowsClientTargetPlatform
[2018.11.19-20.42.04:740][  0]LogTemp: Display: Loaded TP WindowsNoEditorTargetPlatform
[2018.11.19-20.42.04:758][  0]LogTemp: Display: Loaded TP WindowsServerTargetPlatform
[2018.11.19-20.42.04:767][  0]LogTemp: Display: Loaded TP WindowsTargetPlatform
[2018.11.19-20.42.04:854][  0]LogTemp: Display: Loaded TP AndroidTargetPlatform
[2018.11.19-20.42.04:854][  0]LogTemp: Display: Loaded TP AndroidTargetPlatform
[2018.11.19-20.42.04:854][  0]LogTemp: Display: Loaded TP AndroidTargetPlatform
[2018.11.19-20.42.04:854][  0]LogTemp: Display: Loaded TP AndroidTargetPlatform
[2018.11.19-20.42.04:854][  0]LogTemp: Display: Loaded TP AndroidTargetPlatform
[2018.11.19-20.42.04:854][  0]LogTemp: Display: Loaded TP AndroidTargetPlatform
[2018.11.19-20.42.04:854][  0]LogTemp: Display: Loaded TP AndroidTargetPlatform
[2018.11.19-20.42.04:854][  0]LogTemp: Display: Loaded TP AndroidTargetPlatform
[2018.11.19-20.42.04:854][  0]LogTemp: Display: Loaded TP AndroidTargetPlatform
[2018.11.19-20.42.04:854][  0]LogTemp: Display: Loaded TP AndroidTargetPlatform
[2018.11.19-20.42.04:854][  0]LogTemp: Display: Loaded TP AndroidTargetPlatform
[2018.11.19-20.42.04:854][  0]LogTemp: Display: Loaded TP AndroidTargetPlatform
[2018.11.19-20.42.04:854][  0]LogTemp: Display: Loaded TP AndroidTargetPlatform
[2018.11.19-20.42.04:854][  0]LogTemp: Display: Loaded TP AndroidTargetPlatform
[2018.11.19-20.42.04:854][  0]LogTemp: Display: Loaded TP AndroidTargetPlatform
[2018.11.19-20.42.04:854][  0]LogTemp: Display: Loaded TP AndroidTargetPlatform
[2018.11.19-20.42.04:854][  0]LogTemp: Display: Loaded TP AndroidTargetPlatform
[2018.11.19-20.42.04:854][  0]LogTemp: Display: Loaded TP AndroidTargetPlatform
[2018.11.19-20.42.04:856][  0]LogTemp: Display: Loaded TP HTML5TargetPlatform
[2018.11.19-20.42.04:921][  0]LogTemp: Display: Loaded TP IOSTargetPlatform
[2018.11.19-20.42.04:921][  0]LogTemp: Display: Loaded TP IOSTargetPlatform
[2018.11.19-20.42.04:947][  0]LogTemp: Display: Loaded TP TVOSTargetPlatform
[2018.11.19-20.42.04:947][  0]LogTemp: Display: Loaded TP TVOSTargetPlatform
[2018.11.19-20.42.04:962][  0]LogTemp: Display: Loaded TP LinuxClientTargetPlatform
[2018.11.19-20.42.04:976][  0]LogTemp: Display: Loaded TP LinuxNoEditorTargetPlatform
[2018.11.19-20.42.04:994][  0]LogTemp: Display: Loaded TP LinuxServerTargetPlatform
[2018.11.19-20.42.05:012][  0]LogTemp: Display: Loaded TP LinuxTargetPlatform
[2018.11.19-20.42.05:023][  0]LogTemp: Display: Loaded TP LuminTargetPlatform
[2018.11.19-20.42.05:023][  0]LogTargetPlatformManager: Display: Building Assets For Windows
[2018.11.19-20.42.05:139][  0]LogXGEController: Cleaning working directory: C:/Users/m013603g/AppData/Local/Temp/UnrealXGEWorkingDir/
[2018.11.19-20.42.05:140][  0]LogXGEController: Cannot use XGE Controller as Incredibuild is not installed on this machine.
[2018.11.19-20.42.05:140][  0]LogShaderCompilers: Cannot use XGE Shader Compiler as Incredibuild is not installed on this machine.
[2018.11.19-20.42.05:140][  0]LogShaderCompilers: Display: Using Local Shader Compiler.
[2018.11.19-20.42.06:183][  0]LogDerivedDataCache: Display: Max Cache Size: 512 MB
[2018.11.19-20.42.06:274][  0]LogDerivedDataCache: Loaded boot cache 0.09s 71MB C:/Users/m013603g/AppData/Local/UnrealEngine/4.20/DerivedDataCache/Boot.ddc.
[2018.11.19-20.42.06:275][  0]LogDerivedDataCache: Display: Loaded Boot cache: C:/Users/m013603g/AppData/Local/UnrealEngine/4.20/DerivedDataCache/Boot.ddc
[2018.11.19-20.42.06:275][  0]LogDerivedDataCache: FDerivedDataBackendGraph:  Pak pak cache file ../../../../../../Users/m013603g/Documents/GitHub/TGP_PairProject/TGP_Project/DerivedDataCache/DDC.ddp not found, will not use a pak cache.
[2018.11.19-20.42.06:275][  0]LogDerivedDataCache: Unable to find inner node Pak for hierarchical cache Hierarchy.
[2018.11.19-20.42.06:275][  0]LogDerivedDataCache: FDerivedDataBackendGraph:  CompressedPak pak cache file ../../../../../../Users/m013603g/Documents/GitHub/TGP_PairProject/TGP_Project/DerivedDataCache/Compressed.ddp not found, will not use a pak cache.
[2018.11.19-20.42.06:275][  0]LogDerivedDataCache: Unable to find inner node CompressedPak for hierarchical cache Hierarchy.
[2018.11.19-20.42.06:288][  0]LogDerivedDataCache: Display: Pak cache opened for reading ../../../Engine/DerivedDataCache/Compressed.ddp.
[2018.11.19-20.42.06:301][  0]LogDerivedDataCache: Using Local data cache path C:/Users/m013603g/AppData/Local/UnrealEngine/Common/DerivedDataCache: Writable
[2018.11.19-20.42.06:301][  0]LogDerivedDataCache: Shared data cache path not found in *engine.ini, will not use an Shared cache.
[2018.11.19-20.42.06:301][  0]LogDerivedDataCache: Unable to find inner node Shared for hierarchical cache Hierarchy.
[2018.11.19-20.42.06:321][  0]LogMaterial: Verifying Global Shaders for PCD3D_SM5
[2018.11.19-20.42.06:322][  0]LogSlate: Using FreeType 2.6.0
[2018.11.19-20.42.06:323][  0]LogSlate: SlateFontServices - WITH_FREETYPE: 1, WITH_HARFBUZZ: 1
[2018.11.19-20.42.06:408][  0]LogAssetRegistry: FAssetRegistry took 0.0267 seconds to start up
[2018.11.19-20.42.06:854][  0]LogInit: Selected Device Profile: [Windows]
[2018.11.19-20.42.07:019][  0]LogSimplygon: Simplygon DLL not present - disabling.
[2018.11.19-20.42.07:025][  0]LogMeshReduction: Using SimplygonSwarm for distributed automatic mesh merging
[2018.11.19-20.42.07:026][  0]LogMeshReduction: Using ProxyLODMeshReduction for automatic mesh merging
[2018.11.19-20.42.07:026][  0]LogMeshReduction: Using QuadricMeshReduction for automatic static mesh reduction
[2018.11.19-20.42.07:026][  0]LogMeshReduction: No automatic skeletal mesh reduction module available
[2018.11.19-20.42.07:055][  0]LogNetVersion: TGP_Project 1.0.0, NetCL: 4212847, EngineNetVer: 5, GameNetVer: 0 (Checksum: 95638710)
[2018.11.19-20.42.07:657][  0]LogPackageLocalizationCache: Processed 11 localized package path(s) for 2 prioritized culture(s) in 0.143068 seconds
[2018.11.19-20.42.07:666][  0]LogUObjectArray: 38425 objects as part of root set at end of initial load.
[2018.11.19-20.42.07:666][  0]LogUObjectAllocator: 6690872 out of 0 bytes used by permanent object pool.
[2018.11.19-20.42.07:666][  0]LogUObjectArray: CloseDisregardForGC: 0/0 objects in disregard for GC pool
[2018.11.19-20.42.08:737][  0]LogTcpMessaging: Initializing TcpMessaging bridge
[2018.11.19-20.42.08:751][  0]LogUdpMessaging: Initializing bridge on interface 0.0.0.0:0 to multicast group 230.0.0.1:6666.
[2018.11.19-20.42.08:962][  0]SourceControl: Source control is disabled
[2018.11.19-20.42.08:962][  0]SourceControl: Source control is disabled
[2018.11.19-20.42.08:965][  0]SourceControl: Source control is disabled
[2018.11.19-20.42.08:966][  0]SourceControl: Source control is disabled
[2018.11.19-20.42.09:184][  0]LogAndroidPermission: UAndroidPermissionCallbackProxy::GetInstance
[2018.11.19-20.42.09:284][  0]LogOcInput: OculusInput pre-init called
[2018.11.19-20.42.09:370][  0]LogEngine: Initializing Engine...
[2018.11.19-20.42.09:371][  0]LogHMD: Failed to initialize OpenVR with code 110
[2018.11.19-20.42.09:372][  0]LogStats: UGameplayTagsManager::ConstructGameplayTagTree: ImportINI prefixes -  0.000 s
[2018.11.19-20.42.09:372][  0]LogStats: UGameplayTagsManager::ConstructGameplayTagTree: Construct from data asset -  0.000 s
[2018.11.19-20.42.09:372][  0]LogStats: UGameplayTagsManager::ConstructGameplayTagTree: ImportINI -  0.000 s
[2018.11.19-20.42.09:373][  0]LogStats: UGameplayTagsManager::ConstructGameplayTagTree: GameplayTagTreeChangedEvent.Broadcast -  0.000 s
[2018.11.19-20.42.09:640][  0]LogInit: Initializing FReadOnlyCVARCache
[2018.11.19-20.42.09:661][  0]LogAIModule: Creating AISystem for world Untitled
[2018.11.19-20.42.09:673][  0]LogInit: XAudio2 using 'Speakers (Realtek High Definition Audio)' : 2 channels at 48 kHz using 32 bits per sample (channel mask 0x3)
[2018.11.19-20.42.09:692][  0]LogInit: FAudioDevice initialized.
[2018.11.19-20.42.09:692][  0]LogNetVersion: Set ProjectVersion to 1.0.0.0. Version Checksum will be recalculated on next use.
[2018.11.19-20.42.09:810][  0]LogDerivedDataCache: Saved boot cache 0.12s 71MB C:/Users/m013603g/AppData/Local/UnrealEngine/4.20/DerivedDataCache/Boot.ddc.
[2018.11.19-20.42.09:873][  0]LogInit: Texture streaming: Enabled
[2018.11.19-20.42.09:905][  0]LogEngineSessionManager: EngineSessionManager initialized
[2018.11.19-20.42.09:929][  0]LogInit: Transaction tracking system initialized
[2018.11.19-20.42.09:969][  0]BlueprintLog: New page: Editor Load
[2018.11.19-20.42.10:113][  0]LocalizationService: Localization service is disabled
[2018.11.19-20.42.10:454][  0]LogCook: Display: Max memory allowance for cook 16384mb min free memory 0mb
[2018.11.19-20.42.10:454][  0]LogCook: Display: Mobile HDR setting 1
[2018.11.19-20.42.10:454][  0]LogGameplayTags: Display: UGameplayTagsManager::DoneAddingNativeTags. DelegateIsBound: 0
[2018.11.19-20.42.10:454][  0]LogStats: UGameplayTagsManager::ConstructGameplayTagTree: ImportINI prefixes -  0.000 s
[2018.11.19-20.42.10:454][  0]LogStats: UGameplayTagsManager::ConstructGameplayTagTree: Construct from data asset -  0.000 s
[2018.11.19-20.42.10:454][  0]LogStats: UGameplayTagsManager::ConstructGameplayTagTree: ImportINI -  0.000 s
[2018.11.19-20.42.10:454][  0]LogStats: UGameplayTagsManager::ConstructGameplayTagTree: GameplayTagTreeChangedEvent.Broadcast -  0.000 s
[2018.11.19-20.42.10:620][  0]LogFileCache: Scanning file cache for directory 'C:/Users/m013603g/Documents/GitHub/TGP_PairProject/TGP_Project/Content/' took 0.02s
[2018.11.19-20.42.10:620][  0]SourceControl: Source control is disabled
[2018.11.19-20.42.10:620][  0]Cmd: MAP LOAD FILE="../../../Engine/Content/Maps/Templates/Template_Default.umap" TEMPLATE=1 SHOWPROGRESS=1 FEATURELEVEL=3
[2018.11.19-20.42.10:621][  0]LightingResults: New page: Lighting Build
[2018.11.19-20.42.10:626][  0]MapCheck: New page: Map Check
[2018.11.19-20.42.10:626][  0]LightingResults: New page: Lighting Build
[2018.11.19-20.42.10:917][  0]LogAIModule: Creating AISystem for world Untitled_1
[2018.11.19-20.42.10:927][  0]LogEditorServer: Finished looking for orphan Actors (0.000 secs)
[2018.11.19-20.42.10:955][  0]Cmd: MAP CHECKDEP NOCLEARLOG
[2018.11.19-20.42.11:138][  0]MapCheck: Map check complete: 0 Error(s), 0 Warning(s), took 182.456ms to complete.
[2018.11.19-20.42.11:138][  0]LogFileHelpers: Loading map 'Template_Default' took 0.517
[2018.11.19-20.42.11:267][  0]LogSlate: Updating window title bar state: overlay mode, drag disabled, window buttons hidden, title bar hidden
[2018.11.19-20.42.11:275][  0]LogSlate: Updating window title bar state: overlay mode, drag disabled, window buttons hidden, title bar hidden
[2018.11.19-20.42.11:282][  0]LogSlate: Updating window title bar state: overlay mode, drag disabled, window buttons hidden, title bar hidden
[2018.11.19-20.42.11:289][  0]LogSlate: Updating window title bar state: overlay mode, drag disabled, window buttons hidden, title bar hidden
[2018.11.19-20.42.11:300][  0]LogCollectionManager: Loaded 0 collections in 0.004301 seconds
[2018.11.19-20.42.11:359][  0]LogFileCache: Scanning file cache for directory 'C:/Users/m013603g/Documents/GitHub/TGP_PairProject/TGP_Project/Saved/Collections/' took 0.01s
[2018.11.19-20.42.11:359][  0]LogFileCache: Scanning file cache for directory 'C:/Users/m013603g/Documents/GitHub/TGP_PairProject/TGP_Project/Content/Developers/m013603g/Collections/' took 0.01s
[2018.11.19-20.42.11:359][  0]LogFileCache: Scanning file cache for directory 'C:/Users/m013603g/Documents/GitHub/TGP_PairProject/TGP_Project/Content/Collections/' took 0.01s
[2018.11.19-20.42.11:359][  0]LogCollectionManager: Rebuilt the GUID cache for 0 collections in 0.000000 seconds
[2018.11.19-20.42.11:375][  0]LogContentBrowser: Native class hierarchy populated in 0.0162 seconds. Added 2576 classes and 606 folders.
[2018.11.19-20.42.11:391][  0]LogContentBrowser: Native class hierarchy updated for 'WidgetCarousel' in 0.0005 seconds. Added 0 classes and 0 folders.
[2018.11.19-20.42.11:480][  0]LogContentBrowser: Native class hierarchy updated for 'AddContentDialog' in 0.0005 seconds. Added 0 classes and 0 folders.
[2018.11.19-20.42.11:487][  0]LogContentBrowser: Native class hierarchy updated for 'SceneOutliner' in 0.0005 seconds. Added 1 classes and 2 folders.
[2018.11.19-20.42.11:502][  0]LogSlate: Took 0.000330 seconds to synchronously load lazily loaded font '../../../Engine/Content/Slate/Fonts/Roboto-Regular.ttf' (155K)
[2018.11.19-20.42.11:506][  0]LogSlate: Took 0.000312 seconds to synchronously load lazily loaded font '../../../Engine/Content/Slate/Fonts/Roboto-Bold.ttf' (160K)
[2018.11.19-20.42.11:512][  0]LogSlate: Took 0.000355 seconds to synchronously load lazily loaded font '../../../Engine/Content/Editor/Slate/Fonts/FontAwesome.ttf' (139K)
[2018.11.19-20.42.11:590][  0]LogRenderer: Reallocating scene render targets to support 1208x576 Format 10 NumSamples 1 (Frame:1).
[2018.11.19-20.42.11:687][  0]LogSlate: FSceneViewport::OnFocusLost() reason 2
[2018.11.19-20.42.11:706][  0]LogSlate: Window 'Tutorials' being destroyed
[2018.11.19-20.42.11:739][  0]LogContentBrowser: Native class hierarchy updated for 'HierarchicalLODOutliner' in 0.0005 seconds. Added 0 classes and 0 folders.
[2018.11.19-20.42.11:739][  0]LogLoad: (Engine Initialization) Total time: 11.58 seconds
[2018.11.19-20.42.11:739][  0]LogLoad: (Engine Initialization) Total Blueprint compile time: 0.00 seconds
[2018.11.19-20.42.11:749][  0]LogWindowsTextInputMethodSystem: Display: IME system now deactivated.
[2018.11.19-20.42.11:770][  0]LogContentStreaming: Texture pool size now 1000 MB
[2018.11.19-20.42.11:787][  0]LogSlate: Took 0.000300 seconds to synchronously load lazily loaded font '../../../Engine/Content/Slate/Fonts/Roboto-Light.ttf' (167K)
[2018.11.19-20.42.11:879][  1]LogAssetRegistry: Asset discovery search completed in 5.4930 seconds
[2018.11.19-20.42.11:881][  1]LogCollectionManager: Rebuilt the object cache for 0 collections in 0.000000 seconds (found 0 objects)
[2018.11.19-20.42.11:881][  1]LogCollectionManager: Fixed up redirectors for 0 collections in 0.000048 seconds (updated 0 objects)
[2018.11.19-20.42.19:603][853]LogSlate: FSceneViewport::OnFocusLost() reason 0
[2018.11.19-20.42.24:878][361]LogSlate: Took 0.000343 seconds to synchronously load lazily loaded font '../../../Engine/Content/Slate/Fonts/Roboto-Italic.ttf' (157K)
[2018.11.19-20.42.26:670][519]LogSlate: FSceneViewport::OnFocusLost() reason 0
[2018.11.19-20.42.27:658][610]LogSlate: Took 0.000285 seconds to synchronously load lazily loaded font '../../../Engine/Content/Slate/Fonts/Roboto-Light.ttf' (167K)
[2018.11.19-20.42.33:768][228]LogSlate: FSceneViewport::OnFocusLost() reason 2
[2018.11.19-20.43.39:411][246]LogSlate: FSceneViewport::OnFocusLost() reason 0
[2018.11.19-20.44.01:938][140]Candidate modules for hot reload:
[2018.11.19-20.44.01:938][140]  TGP_Project
[2018.11.19-20.44.01:938][140]Launching UnrealBuildTool... [C:/Epic/UE4/UE_4.20/Engine/Binaries/DotNET/UnrealBuildTool.exe  -ModuleWithSuffix=TGP_Project,1950 Win64 Development -TargetType=Editor -Project="../../../../../../Users/m013603g/Documents/GitHub/TGP_PairProject/TGP_Project/TGP_Project.uproject" -canskiplink "C:/Users/m013603g/Documents/GitHub/TGP_PairProject/TGP_Project/TGP_Project.uproject" ]
[2018.11.19-20.44.01:944][140]Warning: Starting HotReload took  0.0s.
[2018.11.19-20.44.08:003][652]CompilerResultsLog: New page: Compilation - 19 Nov 2018 20:44:08
[2018.11.19-20.44.08:003][652]CompilerResultsLog: Using 'git status' to determine working set for adaptive non-unity build.
[2018.11.19-20.44.08:003][652]CompilerResultsLog: Compiling game modules for hot reload
[2018.11.19-20.44.08:003][652]CompilerResultsLog: Building 3 actions with 8 processes...
[2018.11.19-20.44.08:003][652]CompilerResultsLog:   [1/3] BasePlayer.cpp
[2018.11.19-20.44.08:003][652]CompilerResultsLog:   [2/3] UE4Editor-TGP_Project-1950.lib
[2018.11.19-20.44.08:003][652]CompilerResultsLog:      Creating library C:\Users\m013603g\Documents\GitHub\TGP_PairProject\TGP_Project\Intermediate\Build\Win64\UE4Editor\Development\TGP_Project\UE4Editor-TGP_Project-1950.lib and object C:\Users\m013603g\Documents\GitHub\TGP_PairProject\TGP_Project\Intermediate\Build\Win64\UE4Editor\Development\TGP_Project\UE4Editor-TGP_Project-1950.exp
[2018.11.19-20.44.08:003][652]CompilerResultsLog:   [3/3] UE4Editor-TGP_Project-1950.dll
[2018.11.19-20.44.08:003][652]CompilerResultsLog:      Creating library C:\Users\m013603g\Documents\GitHub\TGP_PairProject\TGP_Project\Intermediate\Build\Win64\UE4Editor\Development\TGP_Project\UE4Editor-TGP_Project-1950.suppressed.lib and object C:\Users\m013603g\Documents\GitHub\TGP_PairProject\TGP_Project\Intermediate\Build\Win64\UE4Editor\Development\TGP_Project\UE4Editor-TGP_Project-1950.suppressed.exp
[2018.11.19-20.44.08:003][652]CompilerResultsLog: Total build time: 5.72 seconds (Parallel executor: 2.09 seconds)
[2018.11.19-20.44.08:003][652]LogMainFrame: MainFrame: Module compiling took 6.072 seconds
[2018.11.19-20.44.08:055][652]LogHotReload: Re-instancing BasePlayer after hot-reload.
[2018.11.19-20.44.08:241][652]LogContentBrowser: Native class hierarchy updated for 'TGP_Project' in 0.0005 seconds. Added 4 classes and 3 folders.
[2018.11.19-20.44.08:243][652]Display: HotReload successful (0 functions remapped  0 scriptstructs remapped)
[2018.11.19-20.44.08:382][652]LogContentBrowser: Native class hierarchy populated in 0.0090 seconds. Added 2577 classes and 608 folders.
[2018.11.19-20.44.08:382][652]Display: HotReload took  6.5s.
[2018.11.19-20.44.10:770][892]LogEditorViewport: Clicking on Component (LMB): PaperFlipbookComponent (Sprite)
[2018.11.19-20.44.12:661][ 74]LogSlate: FSceneViewport::OnFocusLost() reason 0
[2018.11.19-20.44.14:174][204]LogEditorViewport: Clicking on Actor (LMB): PlayerCharacter_C (PlayerCharacter)
[2018.11.19-20.44.14:836][255]Cmd: DELETE
[2018.11.19-20.44.14:836][255]Cmd: ACTOR DELETE
[2018.11.19-20.44.14:839][255]LogEditorActor: Deleted Actor: PlayerCharacter_C
[2018.11.19-20.44.14:889][255]LogEditorActor: Deleted 1 Actors (0.053 secs)
[2018.11.19-20.44.15:238][296]LogEditorViewport: Clicking on Actor (LMB): PlayerCharacter_C (PlayerCharacter2)
[2018.11.19-20.44.38:882][646]LogSlate: FSceneViewport::OnFocusLost() reason 0
[2018.11.19-20.44.38:969][653]Candidate modules for hot reload:
[2018.11.19-20.44.38:969][653]  TGP_Project
[2018.11.19-20.44.38:969][653]Launching UnrealBuildTool... [C:/Epic/UE4/UE_4.20/Engine/Binaries/DotNET/UnrealBuildTool.exe  -ModuleWithSuffix=TGP_Project,6650 Win64 Development -TargetType=Editor -Project="../../../../../../Users/m013603g/Documents/GitHub/TGP_PairProject/TGP_Project/TGP_Project.uproject" -canskiplink "C:/Users/m013603g/Documents/GitHub/TGP_PairProject/TGP_Project/TGP_Project.uproject" ]
[2018.11.19-20.44.38:978][653]Warning: Starting HotReload took  0.0s.
[2018.11.19-20.44.44:847][ 85]CompilerResultsLog: New page: Compilation - 19 Nov 2018 20:44:44
[2018.11.19-20.44.44:847][ 85]CompilerResultsLog: Using 'git status' to determine working set for adaptive non-unity build.
[2018.11.19-20.44.44:847][ 85]CompilerResultsLog: Compiling game modules for hot reload
[2018.11.19-20.44.44:847][ 85]CompilerResultsLog: Building 3 actions with 8 processes...
[2018.11.19-20.44.44:847][ 85]CompilerResultsLog:   [1/3] BasePlayer.cpp
[2018.11.19-20.44.44:847][ 85]CompilerResultsLog:   [2/3] UE4Editor-TGP_Project-6650.lib
[2018.11.19-20.44.44:847][ 85]CompilerResultsLog:      Creating library C:\Users\m013603g\Documents\GitHub\TGP_PairProject\TGP_Project\Intermediate\Build\Win64\UE4Editor\Development\TGP_Project\UE4Editor-TGP_Project-6650.lib and object C:\Users\m013603g\Documents\GitHub\TGP_PairProject\TGP_Project\Intermediate\Build\Win64\UE4Editor\Development\TGP_Project\UE4Editor-TGP_Project-6650.exp
[2018.11.19-20.44.44:847][ 85]CompilerResultsLog:   [3/3] UE4Editor-TGP_Project-6650.dll
[2018.11.19-20.44.44:847][ 85]CompilerResultsLog:      Creating library C:\Users\m013603g\Documents\GitHub\TGP_PairProject\TGP_Project\Intermediate\Build\Win64\UE4Editor\Development\TGP_Project\UE4Editor-TGP_Project-6650.suppressed.lib and object C:\Users\m013603g\Documents\GitHub\TGP_PairProject\TGP_Project\Intermediate\Build\Win64\UE4Editor\Development\TGP_Project\UE4Editor-TGP_Project-6650.suppressed.exp
[2018.11.19-20.44.44:848][ 85]CompilerResultsLog: Total build time: 5.53 seconds (Parallel executor: 2.10 seconds)
[2018.11.19-20.44.44:848][ 85]LogMainFrame: MainFrame: Module compiling took 5.887 seconds
[2018.11.19-20.44.44:895][ 85]LogHotReload: Re-instancing BasePlayer after hot-reload.
[2018.11.19-20.44.45:138][ 85]LogContentBrowser: Native class hierarchy updated for 'TGP_Project' in 0.0007 seconds. Added 4 classes and 3 folders.
[2018.11.19-20.44.45:140][ 85]Display: HotReload successful (0 functions remapped  0 scriptstructs remapped)
[2018.11.19-20.44.45:194][ 85]LogContentBrowser: Native class hierarchy populated in 0.0089 seconds. Added 2577 classes and 608 folders.
[2018.11.19-20.44.45:194][ 85]Display: HotReload took  6.2s.
[2018.11.19-20.44.52:038][702]LogSlate: FSceneViewport::OnFocusLost() reason 0
[2018.11.19-20.44.53:115][709]LogSlate: Window 'Save Content' being destroyed
[2018.11.19-20.44.53:202][709]LogSlate: Window 'TGP_Project - Unreal Editor' being destroyed
[2018.11.19-20.44.53:442][710]Cmd: QUIT_EDITOR
[2018.11.19-20.44.53:466][710]LogWindowsTextInputMethodSystem: Display: IME system now deactivated.
[2018.11.19-20.44.53:483][710]LogExit: Preparing to exit.
[2018.11.19-20.44.53:899][710]LogExit: Editor shut down
[2018.11.19-20.44.53:899][710]LogExit: Transaction tracking system shut down
[2018.11.19-20.44.54:237][710]LogExit: Object subsystem successfully closed.
[2018.11.19-20.44.54:254][710]LogShaderCompilers: Display: Shaders left to compile 0
[2018.11.19-20.44.54:257][710]LogD3D11RHI: Shutdown
[2018.11.19-20.44.54:258][710]LogD3D11RHI: CleanupD3DDevice
[2018.11.19-20.44.54:260][710]LogD3D11RHI: ~FD3D11DynamicRHI
[2018.11.19-20.44.54:300][710]LogModuleManager: Shutting down and abandoning module TGP_Project (616)
[2018.11.19-20.44.54:300][710]LogModuleManager: Shutting down and abandoning module HierarchicalLODOutliner (614)
[2018.11.19-20.44.54:300][710]LogModuleManager: Shutting down and abandoning module SceneOutliner (612)
[2018.11.19-20.44.54:300][710]LogModuleManager: Shutting down and abandoning module AddContentDialog (610)
[2018.11.19-20.44.54:300][710]LogModuleManager: Shutting down and abandoning module WidgetCarousel (609)
[2018.11.19-20.44.54:300][710]LogModuleManager: Shutting down and abandoning module EditorWidgets (606)
[2018.11.19-20.44.54:300][710]LogModuleManager: Shutting down and abandoning module CollectionManager (604)
[2018.11.19-20.44.54:301][710]LogModuleManager: Shutting down and abandoning module HierarchicalLODUtilities (602)
[2018.11.19-20.44.54:301][710]LogModuleManager: Shutting down and abandoning module StatsViewer (600)
[2018.11.19-20.44.54:301][710]LogModuleManager: Shutting down and abandoning module FoliageEdit (598)
[2018.11.19-20.44.54:301][710]LogModuleManager: Shutting down and abandoning module LandscapeEditor (596)
[2018.11.19-20.44.54:301][710]LogModuleManager: Shutting down and abandoning module MeshPaintMode (594)
[2018.11.19-20.44.54:301][710]LogModuleManager: Shutting down and abandoning module SceneDepthPickerMode (592)
[2018.11.19-20.44.54:301][710]LogModuleManager: Shutting down and abandoning module ActorPickerMode (590)
[2018.11.19-20.44.54:301][710]LogModuleManager: Shutting down and abandoning module GeometryMode (588)
[2018.11.19-20.44.54:301][710]LogModuleManager: Shutting down and abandoning module TextureAlignMode (586)
[2018.11.19-20.44.54:301][710]LogModuleManager: Shutting down and abandoning module BspMode (584)
[2018.11.19-20.44.54:301][710]LogModuleManager: Shutting down and abandoning module PIEPreviewDeviceProfileSelector (582)
[2018.11.19-20.44.54:301][710]LogModuleManager: Shutting down and abandoning module SequenceRecorderSections (580)
[2018.11.19-20.44.54:301][710]LogModuleManager: Shutting down and abandoning module AutomationWorker (578)
[2018.11.19-20.44.54:301][710]LogModuleManager: Shutting down and abandoning module AudioCaptureEditor (576)
[2018.11.19-20.44.54:301][710]LogModuleManager: Shutting down and abandoning module SequenceRecorder (575)
[2018.11.19-20.44.54:301][710]LogModuleManager: Shutting down and abandoning module MatineeToLevelSequence (572)
[2018.11.19-20.44.54:301][710]LogModuleManager: Shutting down and abandoning module LevelSequenceEditor (570)
[2018.11.19-20.44.54:301][710]LogModuleManager: Shutting down and abandoning module PlacementMode (569)
[2018.11.19-20.44.54:301][710]LogModuleManager: Shutting down and abandoning module MaterialEditor (568)
[2018.11.19-20.44.54:301][710]LogModuleManager: Shutting down and abandoning module WmfMediaFactory (564)
[2018.11.19-20.44.54:301][710]LogModuleManager: Shutting down and abandoning module WmfMediaEditor (562)
[2018.11.19-20.44.54:301][710]LogModuleManager: Shutting down and abandoning module MediaPlayerEditor (560)
[2018.11.19-20.44.54:301][710]LogModuleManager: Shutting down and abandoning module OpenExrWrapper (558)
[2018.11.19-20.44.54:301][710]LogModuleManager: Shutting down and abandoning module ImgMediaFactory (556)
[2018.11.19-20.44.54:301][710]LogModuleManager: Shutting down and abandoning module ImgMediaEditor (554)
[2018.11.19-20.44.54:301][710]LogModuleManager: Shutting down and abandoning module AvfMediaFactory (552)
[2018.11.19-20.44.54:301][710]LogModuleManager: Shutting down and abandoning module AvfMediaEditor (550)
[2018.11.19-20.44.54:301][710]LogModuleManager: Shutting down and abandoning module AndroidMediaFactory (548)
[2018.11.19-20.44.54:301][710]LogModuleManager: Shutting down and abandoning module AndroidMediaEditor (546)
[2018.11.19-20.44.54:301][710]LogModuleManager: Shutting down and abandoning module MagicLeapCameraPreviewFactory (544)
[2018.11.19-20.44.54:301][710]LogModuleManager: Shutting down and abandoning module MagicLeapMediaFactory (542)
[2018.11.19-20.44.54:301][710]LogModuleManager: Shutting down and abandoning module MagicLeapMediaEditor (540)
[2018.11.19-20.44.54:301][710]LogModuleManager: Shutting down and abandoning module CharacterAI (538)
[2018.11.19-20.44.54:301][710]LogModuleManager: Shutting down and abandoning module SmartSnapping (536)
[2018.11.19-20.44.54:301][710]LogModuleManager: Shutting down and abandoning module SessionServices (534)
[2018.11.19-20.44.54:301][710]LogModuleManager: Shutting down and abandoning module ViewportSnapping (532)
[2018.11.19-20.44.54:301][710]LogModuleManager: Shutting down and abandoning module ViewportInteraction (530)
[2018.11.19-20.44.54:302][710]LogModuleManager: Shutting down and abandoning module ClothPainter (528)
[2018.11.19-20.44.54:302][710]LogModuleManager: Shutting down and abandoning module SkeletalMeshEditor (527)
[2018.11.19-20.44.54:302][710]LogModuleManager: Shutting down and abandoning module LogVisualizer (524)
[2018.11.19-20.44.54:302][710]LogModuleManager: Shutting down and abandoning module IntroTutorials (522)
[2018.11.19-20.44.54:302][710]LogModuleManager: Shutting down and abandoning module GameProjectGeneration (521)
[2018.11.19-20.44.54:302][710]LogModuleManager: Shutting down and abandoning module LuminPlatformEditor (518)
[2018.11.19-20.44.54:302][710]LogModuleManager: Shutting down and abandoning module IOSPlatformEditor (516)
[2018.11.19-20.44.54:302][710]LogModuleManager: Shutting down and abandoning module HTML5PlatformEditor (514)
[2018.11.19-20.44.54:302][710]LogModuleManager: Shutting down and abandoning module AndroidPlatformEditor (512)
[2018.11.19-20.44.54:302][710]LogModuleManager: Shutting down and abandoning module AndroidDeviceDetection (511)
[2018.11.19-20.44.55:248][710]LogModuleManager: Shutting down and abandoning module WindowsPlatformEditor (508)
[2018.11.19-20.44.55:248][710]LogModuleManager: Shutting down and abandoning module LuminRuntimeSettings (506)
[2018.11.19-20.44.55:249][710]LogModuleManager: Shutting down and abandoning module IOSRuntimeSettings (504)
[2018.11.19-20.44.55:249][710]LogModuleManager: Shutting down and abandoning module AndroidRuntimeSettings (502)
[2018.11.19-20.44.55:249][710]LogModuleManager: Shutting down and abandoning module InputBindingEditor (500)
[2018.11.19-20.44.55:249][710]LogModuleManager: Shutting down and abandoning module MergeActors (498)
[2018.11.19-20.44.55:249][710]LogModuleManager: Shutting down and abandoning module LocalizationDashboard (496)
[2018.11.19-20.44.55:249][710]LogModuleManager: Shutting down and abandoning module LocalizationService (495)
[2018.11.19-20.44.55:249][710]LogModuleManager: Shutting down and abandoning module HardwareTargeting (492)
[2018.11.19-20.44.55:249][710]LogModuleManager: Shutting down and abandoning module DeviceProfileEditor (490)
[2018.11.19-20.44.55:249][710]LogModuleManager: Shutting down and abandoning module UndoHistory (488)
[2018.11.19-20.44.55:249][710]LogModuleManager: Shutting down and abandoning module XmlParser (486)
[2018.11.19-20.44.55:249][710]LogModuleManager: Shutting down and abandoning module Blutility (484)
[2018.11.19-20.44.55:249][710]LogModuleManager: Shutting down and abandoning module ProjectSettingsViewer (482)
[2018.11.19-20.44.55:249][710]LogModuleManager: Shutting down and abandoning module ProjectTargetPlatformEditor (481)
[2018.11.19-20.44.55:249][710]LogModuleManager: Shutting down and abandoning module EditorSettingsViewer (478)
[2018.11.19-20.44.55:249][710]LogModuleManager: Shutting down and abandoning module SettingsEditor (476)
[2018.11.19-20.44.55:249][710]LogModuleManager: Shutting down and abandoning module ProjectLauncher (474)
[2018.11.19-20.44.55:249][710]LogModuleManager: Shutting down and abandoning module SessionFrontend (472)
[2018.11.19-20.44.55:249][710]LogModuleManager: Shutting down and abandoning module ProfilerClient (470)
[2018.11.19-20.44.55:249][710]LogModuleManager: Shutting down and abandoning module DeviceManager (468)
[2018.11.19-20.44.55:249][710]LogModuleManager: Shutting down and abandoning module TargetDeviceServices (467)
[2018.11.19-20.44.55:316][710]LogModuleManager: Shutting down and abandoning module AutomationController (464)
[2018.11.19-20.44.55:316][710]LogModuleManager: Shutting down and abandoning module AutomationWindow (462)
[2018.11.19-20.44.55:316][710]LogModuleManager: Shutting down and abandoning module Layers (460)
[2018.11.19-20.44.55:316][710]LogModuleManager: Shutting down and abandoning module ComponentVisualizers (458)
[2018.11.19-20.44.55:316][710]LogModuleManager: Shutting down and abandoning module DetailCustomizations (456)
[2018.11.19-20.44.55:316][710]LogModuleManager: Shutting down and abandoning module PackagesDialog (454)
[2018.11.19-20.44.55:316][710]LogModuleManager: Shutting down and abandoning module Persona (452)
[2018.11.19-20.44.55:316][710]LogModuleManager: Shutting down and abandoning module AdvancedPreviewScene (451)
[2018.11.19-20.44.55:316][710]LogModuleManager: Shutting down and abandoning module AnimGraph (449)
[2018.11.19-20.44.55:316][710]LogModuleManager: Shutting down and abandoning module Kismet (446)
[2018.11.19-20.44.55:317][710]LogModuleManager: Shutting down and abandoning module GraphEditor (444)
[2018.11.19-20.44.55:317][710]LogModuleManager: Shutting down and abandoning module ClassViewer (442)
[2018.11.19-20.44.55:317][710]LogModuleManager: Shutting down and abandoning module Toolbox (440)
[2018.11.19-20.44.55:317][710]LogModuleManager: Shutting down and abandoning module DesktopPlatform (439)
[2018.11.19-20.44.55:317][710]LogModuleManager: Shutting down and abandoning module ModuleUI (436)
[2018.11.19-20.44.55:317][710]LogModuleManager: Shutting down and abandoning module MovieSceneTools (434)
[2018.11.19-20.44.55:317][710]LogModuleManager: Shutting down and abandoning module OutputLog (432)
[2018.11.19-20.44.55:317][710]LogModuleManager: Shutting down and abandoning module GammaUI (430)
[2018.11.19-20.44.55:317][710]LogModuleManager: Shutting down and abandoning module Documentation (428)
[2018.11.19-20.44.55:317][710]LogModuleManager: Shutting down and abandoning module MovieSceneTracks (426)
[2018.11.19-20.44.55:317][710]LogModuleManager: Shutting down and abandoning module MovieScene (424)
[2018.11.19-20.44.55:317][710]LogModuleManager: Shutting down and abandoning module StreamingPauseRendering (422)
[2018.11.19-20.44.55:317][710]LogModuleManager: Shutting down and abandoning module LauncherPlatform (420)
[2018.11.19-20.44.55:317][710]LogModuleManager: Shutting down and abandoning module AnalyticsET (418)
[2018.11.19-20.44.55:317][710]LogModuleManager: Shutting down and abandoning module PortalServices (416)
[2018.11.19-20.44.55:317][710]LogModuleManager: Shutting down and abandoning module PortalRpc (414)
[2018.11.19-20.44.55:317][710]LogModuleManager: Shutting down and abandoning module MessagingRpc (412)
[2018.11.19-20.44.55:317][710]LogModuleManager: Shutting down and abandoning module AIModule (410)
[2018.11.19-20.44.55:317][710]LogModuleManager: Shutting down and abandoning module GameplayDebugger (409)
[2018.11.19-20.44.55:317][710]LogModuleManager: Shutting down and abandoning module AITestSuite (407)
[2018.11.19-20.44.55:317][710]LogModuleManager: Shutting down and abandoning module NavigationSystem (405)
[2018.11.19-20.44.55:317][710]LogModuleManager: Shutting down and abandoning module ProfilerService (402)
[2018.11.19-20.44.55:527][710]LogModuleManager: Shutting down and abandoning module TaskGraph (400)
[2018.11.19-20.44.55:527][710]LogModuleManager: Shutting down and abandoning module SteamVRController (398)
[2018.11.19-20.44.55:527][710]LogModuleManager: Shutting down and abandoning module ProceduralMeshComponentEditor (396)
[2018.11.19-20.44.55:528][710]LogModuleManager: Shutting down and abandoning module ProceduralMeshComponent (394)
[2018.11.19-20.44.55:528][710]LogModuleManager: Shutting down and abandoning module OculusInput (392)
[2018.11.19-20.44.55:528][710]LogModuleManager: Shutting down and abandoning module MobilePatchingUtils (390)
[2018.11.19-20.44.55:528][710]LogModuleManager: Shutting down and abandoning module EditableMesh (388)
[2018.11.19-20.44.55:528][710]LogModuleManager: Shutting down and abandoning module CustomMeshComponent (386)
[2018.11.19-20.44.55:528][710]LogModuleManager: Shutting down and abandoning module CableComponent (384)
[2018.11.19-20.44.55:528][710]LogModuleManager: Shutting down and abandoning module AudioCapture (382)
[2018.11.19-20.44.55:528][710]LogModuleManager: Shutting down and abandoning module ArchVisCharacter (380)
[2018.11.19-20.44.55:528][710]LogModuleManager: Shutting down and abandoning module AndroidPermission (378)
[2018.11.19-20.44.55:528][710]LogModuleManager: Shutting down and abandoning module NUTUnrealEngine4 (376)
[2018.11.19-20.44.55:528][710]LogModuleManager: Shutting down and abandoning module NetcodeUnitTest (374)
[2018.11.19-20.44.55:528][710]LogModuleManager: Shutting down and abandoning module MediaCompositingEditor (372)
[2018.11.19-20.44.55:528][710]LogModuleManager: Shutting down and abandoning module MediaCompositing (370)
[2018.11.19-20.44.55:528][710]LogModuleManager: Shutting down and abandoning module LinearTimecode (368)
[2018.11.19-20.44.55:528][710]LogModuleManager: Shutting down and abandoning module ImgMedia (366)
[2018.11.19-20.44.55:532][710]LogModuleManager: Shutting down and abandoning module HTML5Networking (364)
[2018.11.19-20.44.55:532][710]LogModuleManager: Shutting down and abandoning module GeometryCacheTracks (362)
[2018.11.19-20.44.55:532][710]LogModuleManager: Shutting down and abandoning module GeometryCacheSequencer (360)
[2018.11.19-20.44.55:532][710]LogModuleManager: Shutting down and abandoning module BackChannel (358)
[2018.11.19-20.44.55:532][710]LogModuleManager: Shutting down and abandoning module AppleVision (356)
[2018.11.19-20.44.55:532][710]LogModuleManager: Shutting down and abandoning module AppleImageUtils (354)
[2018.11.19-20.44.55:532][710]LogModuleManager: Shutting down and abandoning module AlembicImporter (352)
[2018.11.19-20.44.55:532][710]LogModuleManager: Shutting down and abandoning module AlembicLibrary (351)
[2018.11.19-20.44.55:532][710]LogModuleManager: Shutting down and abandoning module GeometryCache (350)
[2018.11.19-20.44.55:532][710]LogModuleManager: Shutting down and abandoning module GeometryCacheEd (349)
[2018.11.19-20.44.55:532][710]LogModuleManager: Shutting down and abandoning module DatasmithContentEditor (344)
[2018.11.19-20.44.55:532][710]LogModuleManager: Shutting down and abandoning module DatasmithContent (342)
[2018.11.19-20.44.55:533][710]LogModuleManager: Shutting down and abandoning module SpeedTreeImporter (340)
[2018.11.19-20.44.55:533][710]LogModuleManager: Shutting down and abandoning module PluginBrowser (338)
[2018.11.19-20.44.55:534][710]LogModuleManager: Shutting down and abandoning module MobileLauncherProfileWizard (336)
[2018.11.19-20.44.55:534][710]LogModuleManager: Shutting down and abandoning module PolygonModeling (334)
[2018.11.19-20.44.55:534][710]LogModuleManager: Shutting down and abandoning module MeshEditor (332)
[2018.11.19-20.44.55:534][710]LogModuleManager: Shutting down and abandoning module CryptoKeysOpenSSL (330)
[2018.11.19-20.44.55:534][710]LogModuleManager: Shutting down and abandoning module CryptoKeys (328)
[2018.11.19-20.44.55:534][710]LogModuleManager: Shutting down and abandoning module VisualStudioSourceCodeAccess (326)
[2018.11.19-20.44.55:534][710]LogModuleManager: Shutting down and abandoning module VisualStudioCodeSourceCodeAccess (324)
[2018.11.19-20.44.55:534][710]LogModuleManager: Shutting down and abandoning module UObjectPlugin (322)
[2018.11.19-20.44.55:534][710]LogModuleManager: Shutting down and abandoning module SubversionSourceControl (320)
[2018.11.19-20.44.55:534][710]LogModuleManager: Shutting down and abandoning module PerforceSourceControl (318)
[2018.11.19-20.44.55:534][710]LogModuleManager: Shutting down and abandoning module GitSourceControl (316)
[2018.11.19-20.44.55:534][710]LogModuleManager: Shutting down and abandoning module SourceControl (315)
[2018.11.19-20.44.55:534][710]LogModuleManager: Shutting down and abandoning module CLionSourceCodeAccess (312)
[2018.11.19-20.44.55:534][710]LogModuleManager: Shutting down and abandoning module LightPropagationVolumeEditor (310)
[2018.11.19-20.44.55:534][710]LogModuleManager: Shutting down and abandoning module PaperTiledImporter (308)
[2018.11.19-20.44.55:534][710]LogModuleManager: Shutting down and abandoning module PaperSpriteSheetImporter (306)
[2018.11.19-20.44.55:534][710]LogModuleManager: Shutting down and abandoning module Paper2DEditor (304)
[2018.11.19-20.44.55:534][710]LogModuleManager: Shutting down and abandoning module MeshPaint (303)
[2018.11.19-20.44.55:534][710]LogModuleManager: Shutting down and abandoning module RuntimePhysXCooking (298)
[2018.11.19-20.44.55:534][710]LogModuleManager: Shutting down and abandoning module PhysXVehiclesEditor (296)
[2018.11.19-20.44.55:534][710]LogModuleManager: Shutting down and abandoning module PhysXVehicles (294)
[2018.11.19-20.44.55:535][710]LogModuleManager: Shutting down and abandoning module OculusEditor (292)
[2018.11.19-20.44.55:535][710]LogModuleManager: Shutting down and abandoning module LocationServicesBPLibrary (290)
[2018.11.19-20.44.55:535][710]LogModuleManager: Shutting down and abandoning module ImmediatePhysicsEditor (288)
[2018.11.19-20.44.55:535][710]LogModuleManager: Shutting down and abandoning module ImmediatePhysics (286)
[2018.11.19-20.44.55:535][710]LogModuleManager: Shutting down and abandoning module ActorSequence (284)
[2018.11.19-20.44.55:535][710]LogModuleManager: Shutting down and abandoning module UdpMessaging (282)
[2018.11.19-20.44.55:636][710]LogModuleManager: Shutting down and abandoning module TcpMessaging (280)
[2018.11.19-20.44.55:737][710]LogModuleManager: Shutting down and abandoning module MagicLeapAudio (278)
[2018.11.19-20.44.55:737][710]LogModuleManager: Shutting down and abandoning module GameplayTagsEditor (276)
[2018.11.19-20.44.55:737][710]LogModuleManager: Shutting down and abandoning module FacialAnimationEditor (274)
[2018.11.19-20.44.55:737][710]LogModuleManager: Shutting down and abandoning module FacialAnimation (272)
[2018.11.19-20.44.55:737][710]LogModuleManager: Shutting down and abandoning module DataValidation (270)
[2018.11.19-20.44.55:737][710]LogModuleManager: Shutting down and abandoning module AssetManagerEditor (268)
[2018.11.19-20.44.55:737][710]LogModuleManager: Shutting down and abandoning module LevelEditor (267)
[2018.11.19-20.44.55:739][710]LogModuleManager: Shutting down and abandoning module PixelInspectorModule (266)
[2018.11.19-20.44.55:739][710]LogModuleManager: Shutting down and abandoning module CommonMenuExtensions (264)
[2018.11.19-20.44.55:739][710]LogModuleManager: Shutting down and abandoning module MainFrame (262)
[2018.11.19-20.44.55:739][710]LogModuleManager: Shutting down and abandoning module HotReload (261)
[2018.11.19-20.44.55:740][710]LogModuleManager: Shutting down and abandoning module ContentBrowser (257)
[2018.11.19-20.44.55:742][710]LogModuleManager: Shutting down and abandoning module TreeMap (255)
[2018.11.19-20.44.55:742][710]LogModuleManager: Shutting down and abandoning module LightPropagationVolumeRuntime (252)
[2018.11.19-20.44.55:743][710]LogModuleManager: Shutting down and abandoning module AISupportModule (250)
[2018.11.19-20.44.55:743][710]LogModuleManager: Shutting down and abandoning module Paper2D (248)
[2018.11.19-20.44.55:743][710]LogModuleManager: Shutting down and abandoning module WindowsMoviePlayer (246)
[2018.11.19-20.44.55:743][710]LogModuleManager: Shutting down and abandoning module WmfMedia (244)
[2018.11.19-20.44.55:745][710]LogModuleManager: Shutting down and abandoning module Media (243)
[2018.11.19-20.44.55:751][710]LogModuleManager: Shutting down and abandoning module PacketHandler (240)
[2018.11.19-20.44.55:751][710]LogModuleManager: Shutting down and abandoning module ClothingSystemEditor (238)
[2018.11.19-20.44.55:751][710]LogModuleManager: Shutting down and abandoning module ClothingSystemRuntime (236)
[2018.11.19-20.44.55:752][710]LogModuleManager: Shutting down and abandoning module MediaAssets (234)
[2018.11.19-20.44.55:752][710]LogModuleManager: Shutting down and abandoning module Overlay (232)
[2018.11.19-20.44.55:752][710]LogModuleManager: Shutting down and abandoning module OverlayEditor (231)
[2018.11.19-20.44.55:752][710]LogModuleManager: Shutting down and abandoning module VREditor (228)
[2018.11.19-20.44.55:752][710]LogModuleManager: Shutting down and abandoning module StringTableEditor (226)
[2018.11.19-20.44.55:752][710]LogModuleManager: Shutting down and abandoning module GameplayTasksEditor (224)
[2018.11.19-20.44.55:752][710]LogModuleManager: Shutting down and abandoning module BehaviorTreeEditor (222)
[2018.11.19-20.44.55:752][710]LogModuleManager: Shutting down and abandoning module FunctionalTesting (220)
[2018.11.19-20.44.55:752][710]LogModuleManager: Shutting down and abandoning module CollisionAnalyzer (218)
[2018.11.19-20.44.55:752][710]LogModuleManager: Shutting down and abandoning module WorkspaceMenuStructure (217)
[2018.11.19-20.44.55:752][710]LogModuleManager: Shutting down and abandoning module UMG (214)
[2018.11.19-20.44.55:752][710]LogModuleManager: Shutting down and abandoning module UMGEditor (213)
[2018.11.19-20.44.55:752][710]LogModuleManager: Shutting down and abandoning module Sequencer (212)
[2018.11.19-20.44.55:753][710]LogModuleManager: Shutting down and abandoning module MessageLog (209)
[2018.11.19-20.44.55:753][710]LogModuleManager: Shutting down and abandoning module SlateReflector (204)
[2018.11.19-20.44.55:753][710]LogModuleManager: Shutting down and abandoning module Slate (202)
[2018.11.19-20.44.55:753][710]LogModuleManager: Shutting down and abandoning module EditorStyle (200)
[2018.11.19-20.44.55:756][710]LogModuleManager: Shutting down and abandoning module MRMesh (198)
[2018.11.19-20.44.55:757][710]LogModuleManager: Shutting down and abandoning module SourceCodeAccess (196)
[2018.11.19-20.44.55:757][710]LogModuleManager: Shutting down and abandoning module HeadMountedDisplay (194)
[2018.11.19-20.44.55:757][710]LogModuleManager: Shutting down and abandoning module XAudio2 (192)
[2018.11.19-20.44.55:757][710]LogModuleManager: Shutting down and abandoning module Networking (190)
[2018.11.19-20.44.55:757][710]LogModuleManager: Shutting down and abandoning module Core (188)
[2018.11.19-20.44.55:757][710]LogModuleManager: Shutting down and abandoning module LevelSequence (186)
[2018.11.19-20.44.55:757][710]LogModuleManager: Shutting down and abandoning module KismetCompiler (184)
[2018.11.19-20.44.55:757][710]LogModuleManager: Shutting down and abandoning module MeshUtilities (182)
[2018.11.19-20.44.55:757][710]LogModuleManager: Shutting down and abandoning module MeshMergeUtilities (181)
[2018.11.19-20.44.55:757][710]LogModuleManager: Shutting down and abandoning module MeshReductionInterface (180)
[2018.11.19-20.44.55:757][710]LogModuleManager: Shutting down and abandoning module SimplygonSwarm (179)
[2018.11.19-20.44.55:757][710]LogModuleManager: Shutting down and abandoning module ProxyLODMeshReduction (177)
[2018.11.19-20.44.55:757][710]LogModuleManager: Shutting down and abandoning module SimplygonMeshReduction (175)
[2018.11.19-20.44.55:757][710]LogModuleManager: Shutting down and abandoning module QuadricMeshReduction (173)
[2018.11.19-20.44.55:757][710]LogModuleManager: Shutting down and abandoning module MaterialBaking (169)
[2018.11.19-20.44.55:757][710]LogModuleManager: Shutting down and abandoning module DirectoryWatcher (165)
[2018.11.19-20.44.55:758][710]LogModuleManager: Shutting down and abandoning module DerivedDataCache (162)
[2018.11.19-20.44.55:800][710]LogDerivedDataCache: Shutdown
[2018.11.19-20.44.55:800][710]LogModuleManager: Shutting down and abandoning module XGEController (160)
[2018.11.19-20.44.55:800][710]LogXGEController: Cleaning working directory: C:/Users/m013603g/AppData/Local/Temp/UnrealXGEWorkingDir/
[2018.11.19-20.44.55:800][710]LogModuleManager: Shutting down and abandoning module TargetPlatform (158)
[2018.11.19-20.44.55:800][710]LogModuleManager: Shutting down and abandoning module VulkanShaderFormat (157)
[2018.11.19-20.44.55:800][710]LogModuleManager: Shutting down and abandoning module ShaderFormatVectorVM (155)
[2018.11.19-20.44.55:800][710]LogModuleManager: Shutting down and abandoning module ShaderFormatOpenGL (153)
[2018.11.19-20.44.55:800][710]LogModuleManager: Shutting down and abandoning module ShaderFormatD3D (151)
[2018.11.19-20.44.55:800][710]LogModuleManager: Shutting down and abandoning module MetalShaderFormat (149)
[2018.11.19-20.44.55:800][710]LogModuleManager: Shutting down and abandoning module TextureFormatUncompressed (147)
[2018.11.19-20.44.55:801][710]LogModuleManager: Shutting down and abandoning module TextureFormatPVR (145)
[2018.11.19-20.44.55:801][710]LogModuleManager: Shutting down and abandoning module TextureFormatDXT (143)
[2018.11.19-20.44.55:801][710]LogModuleManager: Shutting down and abandoning module TextureFormatIntelISPCTexComp (141)
[2018.11.19-20.44.55:801][710]LogModuleManager: Shutting down and abandoning module TextureFormatASTC (139)
[2018.11.19-20.44.55:801][710]LogModuleManager: Shutting down and abandoning module ImageWrapper (138)
[2018.11.19-20.44.55:801][710]LogModuleManager: Shutting down and abandoning module TextureFormatAndroid (135)
[2018.11.19-20.44.55:801][710]LogModuleManager: Shutting down and abandoning module AudioFormatOpus (133)
[2018.11.19-20.44.55:801][710]LogModuleManager: Shutting down and abandoning module AudioFormatOgg (131)
[2018.11.19-20.44.55:801][710]LogModuleManager: Shutting down and abandoning module AudioFormatADPCM (129)
[2018.11.19-20.44.55:801][710]LogModuleManager: Shutting down and abandoning module LuminTargetPlatform (127)
[2018.11.19-20.44.55:801][710]LogModuleManager: Shutting down and abandoning module LinuxTargetPlatform (125)
[2018.11.19-20.44.55:801][710]LogModuleManager: Shutting down and abandoning module LinuxServerTargetPlatform (123)
[2018.11.19-20.44.55:801][710]LogModuleManager: Shutting down and abandoning module LinuxNoEditorTargetPlatform (121)
[2018.11.19-20.44.55:801][710]LogModuleManager: Shutting down and abandoning module LinuxClientTargetPlatform (119)
[2018.11.19-20.44.55:801][710]LogModuleManager: Shutting down and abandoning module TVOSTargetPlatform (117)
[2018.11.19-20.44.55:802][710]LogModuleManager: Shutting down and abandoning module Messaging (115)
[2018.11.19-20.44.55:802][710]LogModuleManager: Shutting down and abandoning module IOSTargetPlatform (113)
[2018.11.19-20.44.55:803][710]LogModuleManager: Shutting down and abandoning module HTML5TargetPlatform (111)
[2018.11.19-20.44.55:803][710]LogModuleManager: Shutting down and abandoning module AndroidTargetPlatform (109)
[2018.11.19-20.44.55:812][710]LogModuleManager: Shutting down and abandoning module WindowsTargetPlatform (107)
[2018.11.19-20.44.55:812][710]LogModuleManager: Shutting down and abandoning module WindowsServerTargetPlatform (105)
[2018.11.19-20.44.55:812][710]LogModuleManager: Shutting down and abandoning module WindowsNoEditorTargetPlatform (103)
[2018.11.19-20.44.55:813][710]LogModuleManager: Shutting down and abandoning module WindowsClientTargetPlatform (101)
[2018.11.19-20.44.55:813][710]LogModuleManager: Shutting down and abandoning module MacTargetPlatform (99)
[2018.11.19-20.44.55:813][710]LogModuleManager: Shutting down and abandoning module MacServerTargetPlatform (97)
[2018.11.19-20.44.55:813][710]LogModuleManager: Shutting down and abandoning module MacNoEditorTargetPlatform (95)
[2018.11.19-20.44.55:813][710]LogModuleManager: Shutting down and abandoning module MacClientTargetPlatform (93)
[2018.11.19-20.44.55:813][710]LogModuleManager: Shutting down and abandoning module AllDesktopTargetPlatform (91)
[2018.11.19-20.44.55:813][710]LogModuleManager: Shutting down and abandoning module InputCore (88)
[2018.11.19-20.44.55:813][710]LogModuleManager: Shutting down and abandoning module Settings (86)
[2018.11.19-20.44.55:813][710]LogModuleManager: Shutting down and abandoning module PhysXCooking (84)
[2018.11.19-20.44.55:813][710]LogModuleManager: Shutting down and abandoning module SteamVR (82)
[2018.11.19-20.44.55:813][710]LogModuleManager: Shutting down and abandoning module OculusHMD (80)
[2018.11.19-20.44.55:813][710]LogModuleManager: Shutting down and abandoning module ExampleDeviceProfileSelector (78)
[2018.11.19-20.44.55:813][710]LogModuleManager: Shutting down and abandoning module LauncherChunkInstaller (76)
[2018.11.19-20.44.55:813][710]LogModuleManager: Shutting down and abandoning module OnlineBlueprintSupport (74)
[2018.11.19-20.44.55:813][710]LogModuleManager: Shutting down and abandoning module OnlineSubsystem (70)
[2018.11.19-20.44.55:814][710]LogModuleManager: Shutting down and abandoning module XMPP (65)
[2018.11.19-20.44.55:814][710]LogModuleManager: Shutting down and abandoning module WebSockets (64)
[2018.11.19-20.44.55:825][710]LogModuleManager: Shutting down and abandoning module HTTP (61)
[2018.11.19-20.44.55:825][710]LogHttp: Display: Http module shutting down, but needs to wait on 1 outstanding Http requests:
[2018.11.19-20.44.55:825][710]LogHttp: Display: 	verb=[POST] url=[https://datarouter.ol.epicgames.com/datarouter/api/v1/public/data?SessionID=%7B5DE3A8CF-4655-9F92-AA54-D0AC46436C3E%7D&AppID=UEEditor.Rocket.Release&AppVersion=4.20.3-4369336%2B%2B%2BUE4%2BRelease-4.20&UserID=001767f341922cd4da643e9233a819bf%7C%7C9e4f2092-7ee7-4001-b697-c7760c4e84ac&AppEnvironment=datacollector-binary&UploadType=eteventstream] status=Processing
[2018.11.19-20.44.55:837][710]LogModuleManager: Shutting down and abandoning module SSL (60)
[2018.11.19-20.44.55:838][710]LogModuleManager: Shutting down and abandoning module MagicLeapEmulator (56)
[2018.11.19-20.44.55:838][710]LogModuleManager: Shutting down and abandoning module MagicLeapPrivileges (54)
[2018.11.19-20.44.55:838][710]LogModuleManager: Shutting down and abandoning module MagicLeapIdentity (52)
[2018.11.19-20.44.55:838][710]LogModuleManager: Shutting down and abandoning module MagicLeapHelperVulkan (50)
[2018.11.19-20.44.55:838][710]LogModuleManager: Shutting down and abandoning module MagicLeapHelperOpenGL (48)
[2018.11.19-20.44.55:838][710]LogModuleManager: Shutting down and abandoning module MagicLeapSecureStorage (46)
[2018.11.19-20.44.55:838][710]LogModuleManager: Shutting down and abandoning module MagicLeapGestures (44)
[2018.11.19-20.44.55:838][710]LogModuleManager: Shutting down and abandoning module MagicLeapEyeTracker (42)
[2018.11.19-20.44.55:838][710]LogModuleManager: Shutting down and abandoning module MagicLeapController (40)
[2018.11.19-20.44.55:839][710]LogSlate: Slate User Destroyed.  User Index 0, Is Virtual User: 0
[2018.11.19-20.44.55:839][710]LogModuleManager: Shutting down and abandoning module MagicLeap (38)
[2018.11.19-20.44.55:839][710]LogModuleManager: Shutting down and abandoning module AnimationModifiers (36)
[2018.11.19-20.44.55:839][710]LogModuleManager: Shutting down and abandoning module PropertyEditor (35)
[2018.11.19-20.44.55:839][710]LogModuleManager: Shutting down and abandoning module AudioEditor (32)
[2018.11.19-20.44.55:839][710]LogModuleManager: Shutting down and abandoning module TextureCompressor (30)
[2018.11.19-20.44.55:839][710]LogModuleManager: Shutting down and abandoning module ShaderCore (28)
[2018.11.19-20.44.55:839][710]LogModuleManager: Shutting down and abandoning module Landscape (26)
[2018.11.19-20.44.55:839][710]LogModuleManager: Shutting down and abandoning module SlateRHIRenderer (24)
[2018.11.19-20.44.55:840][710]LogModuleManager: Shutting down and abandoning module OpenGLDrv (22)
[2018.11.19-20.44.55:840][710]LogModuleManager: Shutting down and abandoning module D3D11RHI (20)
[2018.11.19-20.44.55:840][710]LogModuleManager: Shutting down and abandoning module AnimGraphRuntime (18)
[2018.11.19-20.44.55:840][710]LogModuleManager: Shutting down and abandoning module Renderer (16)
[2018.11.19-20.44.55:840][710]LogModuleManager: Shutting down and abandoning module Engine (14)
[2018.11.19-20.44.55:840][710]LogModuleManager: Shutting down and abandoning module CoreUObject (12)
[2018.11.19-20.44.55:840][710]LogModuleManager: Shutting down and abandoning module NetworkFile (10)
[2018.11.19-20.44.55:840][710]LogModuleManager: Shutting down and abandoning module CookedIterativeFile (8)
[2018.11.19-20.44.55:840][710]LogModuleManager: Shutting down and abandoning module StreamingFile (6)
[2018.11.19-20.44.55:840][710]LogModuleManager: Shutting down and abandoning module SandboxFile (4)
[2018.11.19-20.44.55:840][710]LogModuleManager: Shutting down and abandoning module PakFile (2)
[2018.11.19-20.44.55:848][710]LogExit: Exiting.
[2018.11.19-20.44.55:859][710]Log file closed, 11/19/18 20:44:55
