Log file open, 12/21/18 16:25:25
LogWindows: Failed to load 'aqProf.dll' (GetLastError=126)
LogWindows: File 'aqProf.dll' does not exist
LogWindows: Failed to load 'VSPerf140.dll' (GetLastError=126)
LogWindows: File 'VSPerf140.dll' does not exist
LogWindows: Failed to load 'VtuneApi.dll' (GetLastError=126)
LogWindows: File 'VtuneApi.dll' does not exist
LogWindows: Failed to load 'VtuneApi32e.dll' (GetLastError=126)
LogWindows: File 'VtuneApi32e.dll' does not exist
LogInit: Display: Running engine for game: TGP_Project
LogPlatformFile: Not using cached read wrapper
LogTaskGraph: Started task graph with 5 named threads and 14 total threads with 3 sets of task threads.
LogStats: Stats thread started at 0.429457
LogD3D11RHI: Loaded GFSDK_Aftermath_Lib.x64.dll
LogICUInternationalization: Display: ICU TimeZone Detection - Raw Offset: +0:00, Platform Override: ''
LogPluginManager: Mounting plugin Paper2D
LogPluginManager: Mounting plugin AISupport
LogPluginManager: Mounting plugin LightPropagationVolume
LogPluginManager: Mounting plugin CLionSourceCodeAccess
LogPluginManager: Mounting plugin CodeLiteSourceCodeAccess
LogPluginManager: Mounting plugin GitSourceControl
LogPluginManager: Mounting plugin KDevelopSourceCodeAccess
LogPluginManager: Mounting plugin NullSourceCodeAccess
LogPluginManager: Mounting plugin PerforceSourceControl
LogPluginManager: Mounting plugin SubversionSourceControl
LogPluginManager: Mounting plugin UObjectPlugin
LogPluginManager: Mounting plugin VisualStudioCodeSourceCodeAccess
LogPluginManager: Mounting plugin VisualStudioSourceCodeAccess
LogPluginManager: Mounting plugin XCodeSourceCodeAccess
LogPluginManager: Mounting plugin AssetManagerEditor
LogPluginManager: Mounting plugin CryptoKeys
LogPluginManager: Mounting plugin DataValidation
LogPluginManager: Mounting plugin FacialAnimation
LogPluginManager: Mounting plugin GameplayTagsEditor
LogPluginManager: Mounting plugin MacGraphicsSwitching
LogPluginManager: Mounting plugin MeshEditor
LogPluginManager: Mounting plugin MobileLauncherProfileWizard
LogPluginManager: Mounting plugin PluginBrowser
LogPluginManager: Mounting plugin SpeedTreeImporter
LogPluginManager: Mounting plugin DatasmithContent
LogPluginManager: Mounting plugin AlembicImporter
LogPluginManager: Mounting plugin AppleImageUtils
LogPluginManager: Mounting plugin AppleVision
LogPluginManager: Mounting plugin BackChannel
LogPluginManager: Mounting plugin CharacterAI
LogPluginManager: Mounting plugin GeometryCache
LogPluginManager: Mounting plugin HTML5Networking
LogPluginManager: Mounting plugin ProxyLODPlugin
LogPluginManager: Mounting plugin MagicLeap
LogPluginManager: Mounting plugin MagicLeapEmulator
LogPluginManager: Mounting plugin MagicLeapMedia
LogPluginManager: Mounting plugin AndroidMedia
LogPluginManager: Mounting plugin AvfMedia
LogPluginManager: Mounting plugin ImgMedia
LogPluginManager: Mounting plugin LinearTimecode
LogPluginManager: Mounting plugin MediaCompositing
LogPluginManager: Mounting plugin MediaPlayerEditor
LogPluginManager: Mounting plugin WmfMedia
LogPluginManager: Mounting plugin TcpMessaging
LogPluginManager: Mounting plugin UdpMessaging
LogPluginManager: Mounting plugin ActorSequence
LogPluginManager: Mounting plugin LevelSequenceEditor
LogPluginManager: Mounting plugin MatineeToLevelSequence
LogPluginManager: Mounting plugin NetcodeUnitTest
LogPluginManager: Mounting plugin NUTUnrealEngine4
LogPluginManager: Mounting plugin OnlineSubsystemGooglePlay
LogPluginManager: Mounting plugin OnlineSubsystemIOS
LogPluginManager: Mounting plugin OnlineSubsystem
LogPluginManager: Mounting plugin OnlineSubsystemNull
LogPluginManager: Mounting plugin OnlineSubsystemUtils
LogPluginManager: Mounting plugin LauncherChunkInstaller
LogPluginManager: Mounting plugin AndroidDeviceProfileSelector
LogPluginManager: Mounting plugin AndroidMoviePlayer
LogPluginManager: Mounting plugin AndroidPermission
LogPluginManager: Mounting plugin AppleMoviePlayer
LogPluginManager: Mounting plugin ArchVisCharacter
LogPluginManager: Mounting plugin AudioCapture
LogPluginManager: Mounting plugin CableComponent
LogPluginManager: Mounting plugin CustomMeshComponent
LogPluginManager: Mounting plugin EditableMesh
LogPluginManager: Mounting plugin ExampleDeviceProfileSelector
LogPluginManager: Mounting plugin GoogleCloudMessaging
LogPluginManager: Mounting plugin ImmediatePhysics
LogPluginManager: Mounting plugin IOSDeviceProfileSelector
LogPluginManager: Mounting plugin LinuxDeviceProfileSelector
LogPluginManager: Mounting plugin LocationServicesBPLibrary
LogPluginManager: Mounting plugin MobilePatchingUtils
LogPluginManager: Mounting plugin OculusVR
LogPluginManager: Plugin shader directory ../../../Engine/Plugins/Runtime/Oculus/OculusVR/Shaders found
LogPluginManager: Mapping shader source directory ../../../Engine/Plugins/Runtime/Oculus/OculusVR/Shaders to virtual directory /Plugin/OculusVR
LogPluginManager: Mounting plugin PhysXVehicles
LogPluginManager: Mounting plugin ProceduralMeshComponent
LogPluginManager: Mounting plugin RuntimePhysXCooking
LogPluginManager: Mounting plugin SteamVR
LogPluginManager: Mounting plugin WindowsMoviePlayer
LogStreaming: Display: Took  0.133s to configure plugins.
LogInit: Using libcurl 7.55.1-DEV
LogInit:  - built for x86_64-pc-win32
LogInit:  - supports SSL with OpenSSL/1.0.2h
LogInit:  - supports HTTP deflate (compression) using libz 1.2.8
LogInit:  - other features:
LogInit:      CURL_VERSION_SSL
LogInit:      CURL_VERSION_LIBZ
LogInit:      CURL_VERSION_IPV6
LogInit:      CURL_VERSION_ASYNCHDNS
LogInit:      CURL_VERSION_LARGEFILE
LogInit:      CURL_VERSION_IDN
LogInit:  CurlRequestOptions (configurable via config and command line):
LogInit:  - bVerifyPeer = false  - Libcurl will NOT verify peer certificate
LogInit:  - bUseHttpProxy = false  - Libcurl will NOT use HTTP proxy
LogInit:  - bDontReuseConnections = false  - Libcurl will reuse connections
LogInit:  - CertBundlePath = nullptr  - Libcurl will use whatever was configured at build time.
LogInit:  - MaxHostConnections = 16  - Libcurl will limit the number of connections to a host
LogInit:  - LocalHostAddr = Default
LogInit:  - BufferSize = 65536
LogInit: WinSock: version 1.1 (2.2), MaxSocks=32767, MaxUdp=65467
LogInit: Build: ++UE4+Release-4.20-CL-4369336
LogInit: Engine Version: 4.20.3-4369336+++UE4+Release-4.20
LogInit: Compatible Engine Version: 4.20.0-4212847+++UE4+Release-4.20
LogInit: Net CL: 4212847
LogInit: OS: Windows 10 (), CPU: Intel(R) Core(TM) i5-4590 CPU @ 3.30GHz, GPU: NVIDIA GeForce GTX 1060 6GB
LogInit: Compiled (64-bit): Sep 17 2018 12:26:19
LogInit: Compiled with Visual C++: 19.13.26129.00
LogInit: Build Configuration: Development
LogInit: Branch Name: ++UE4+Release-4.20
LogInit: Command Line:  -skipcompile
LogInit: Base Directory: C:/Program Files/Epic Games/UE_4.20/Engine/Binaries/Win64/
LogInit: Installed Engine Build: 1
LogDevObjectVersion: Number of dev versions registered: 20
LogDevObjectVersion:   Dev-Blueprints (B0D832E4-1F89-4F0D-ACCF-7EB736FD4AA2): 10
LogDevObjectVersion:   Dev-Build (E1C64328-A22C-4D53-A36C-8E866417BD8C): 0
LogDevObjectVersion:   Dev-Core (375EC13C-06E4-48FB-B500-84F0262A717E): 2
LogDevObjectVersion:   Dev-Editor (E4B068ED-F494-42E9-A231-DA0B2E46BB41): 24
LogDevObjectVersion:   Dev-Framework (CFFC743F-43B0-4480-9391-14DF171D2073): 34
LogDevObjectVersion:   Dev-Mobile (B02B49B5-BB20-44E9-A304-32B752E40360): 2
LogDevObjectVersion:   Dev-Networking (A4E4105C-59A1-49B5-A7C5-40C4547EDFEE): 0
LogDevObjectVersion:   Dev-Online (39C831C9-5AE6-47DC-9A44-9C173E1C8E7C): 0
LogDevObjectVersion:   Dev-Physics (78F01B33-EBEA-4F98-B9B4-84EACCB95AA2): 0
LogDevObjectVersion:   Dev-Platform (6631380F-2D4D-43E0-8009-CF276956A95A): 0
LogDevObjectVersion:   Dev-Rendering (12F88B9F-8875-4AFC-A67C-D90C383ABD29): 26
LogDevObjectVersion:   Dev-Sequencer (7B5AE74C-D270-4C10-A958-57980B212A5A): 9
LogDevObjectVersion:   Dev-VR (D7296918-1DD6-4BDD-9DE2-64A83CC13884): 2
LogDevObjectVersion:   Dev-LoadTimes (C2A15278-BFE7-4AFE-6C17-90FF531DF755): 1
LogDevObjectVersion:   Private-Geometry (6EACA3D4-40EC-4CC1-B786-8BED09428FC5): 3
LogDevObjectVersion:   Dev-AnimPhys (29E575DD-E0A3-4627-9D10-D276232CDCEA): 17
LogDevObjectVersion:   Dev-ReflectionCapture (6B266CEC-1EC7-4B8F-A30B-E4D90942FC07): 1
LogDevObjectVersion:   Dev-Automation (0DF73D61-A23F-47EA-B727-89E90C41499A): 1
LogDevObjectVersion:   FortniteMain (601D1886-AC64-4F84-AA16-D3DE0DEAC7D6): 12
LogDevObjectVersion:   Dev-Enterprise (9DFFBCD6-494F-0158-E221-12823C92A888): 1
LogStreaming: Display: Took  0.003s to delete old logs.
LogInit: Presizing for max 8388607 objects, including 0 objects not considered by GC, pre-allocating 0 bytes for permanent pool.
LogInit: Object subsystem initialized
[2018.12.21-16.25.27:556][  0]LogInit: Selected Device Profile: [Windows]
[2018.12.21-16.25.27:556][  0]LogInit: Applying CVar settings loaded from the selected device profile: [Windows]
[2018.12.21-16.25.27:570][  0]LogHAL: Display: Platform has ~ 16 GB [17009229824 / 17179869184 / 16], which maps to Larger [LargestMinGB=32, LargerMinGB=12, DefaultMinGB=8, SmallerMinGB=6, SmallestMinGB=0)
[2018.12.21-16.25.27:571][  0]LogInit: Setting Device Profile CVar: [[r.Vulkan.UseRealUBs:1]]
[2018.12.21-16.25.27:571][  0]LogInit: Going up to parent DeviceProfile []
[2018.12.21-16.25.27:571][  0]LogInit: Computer: GROUNDZERO
[2018.12.21-16.25.27:571][  0]LogInit: User: TDSSK
[2018.12.21-16.25.27:571][  0]LogInit: CPU Page size=4096, Cores=4
[2018.12.21-16.25.27:571][  0]LogInit: High frequency timer resolution =3.222648 MHz
[2018.12.21-16.25.27:572][  0]LogMemory: Memory total: Physical=15.8GB (16GB approx)
[2018.12.21-16.25.27:572][  0]LogMemory: Platform Memory Stats for Windows
[2018.12.21-16.25.27:572][  0]LogMemory: Process Physical Memory: 101.88 MB used, 101.88 MB peak
[2018.12.21-16.25.27:572][  0]LogMemory: Process Virtual Memory: 84.28 MB used, 84.28 MB peak
[2018.12.21-16.25.27:572][  0]LogMemory: Physical Memory: 8940.59 MB used,  7280.68 MB free, 16221.27 MB total
[2018.12.21-16.25.27:572][  0]LogMemory: Virtual Memory: 524.47 MB used,  7280.68 MB free, 134217728.00 MB total
[2018.12.21-16.25.28:242][  0]LogInit: Using OS detected language (en-GB).
[2018.12.21-16.25.28:243][  0]LogInit: Using OS detected locale (en-GB).
[2018.12.21-16.25.28:244][  0]LogTextLocalizationManager: No specific localization for 'en-GB' exists, so the 'en' localization will be used.
[2018.12.21-16.25.28:615][  0]LogStreaming: Display: Took  0.372s to InitEngineTextLocalization.
[2018.12.21-16.25.28:615][  0]LogInit: Setting process to per monitor DPI aware
[2018.12.21-16.25.28:772][  0]LogSlate: New Slate User Created.  User Index 0, Is Virtual User: 0
[2018.12.21-16.25.28:772][  0]LogSlate: Slate User Registered.  User Index 0, Is Virtual User: 0
[2018.12.21-16.25.29:006][  0]LogHMD: Failed to initialize OpenVR with code 110
[2018.12.21-16.25.29:006][  0]LogD3D11RHI: D3D11 adapters:
[2018.12.21-16.25.29:251][  0]LogD3D11RHI:    0. 'NVIDIA GeForce GTX 1060 6GB' (Feature Level 11_0)
[2018.12.21-16.25.29:251][  0]LogD3D11RHI:       6052/0/8110 MB DedicatedVideo/DedicatedSystem/SharedSystem, Outputs:1, VendorId:0x10de
[2018.12.21-16.25.29:268][  0]LogD3D11RHI:    1. 'Intel(R) HD Graphics 4600' (Feature Level 11_0)
[2018.12.21-16.25.29:268][  0]LogD3D11RHI:       112/0/2048 MB DedicatedVideo/DedicatedSystem/SharedSystem, Outputs:0, VendorId:0x8086
[2018.12.21-16.25.29:291][  0]LogD3D11RHI:    2. 'Microsoft Basic Render Driver' (Feature Level 11_0)
[2018.12.21-16.25.29:291][  0]LogD3D11RHI:       0/0/8110 MB DedicatedVideo/DedicatedSystem/SharedSystem, Outputs:0, VendorId:0x1414
[2018.12.21-16.25.29:291][  0]LogD3D11RHI: Chosen D3D11 Adapter: 0
[2018.12.21-16.25.29:303][  0]LogD3D11RHI: Creating new Direct3DDevice
[2018.12.21-16.25.29:303][  0]LogD3D11RHI:     GPU DeviceId: 0x1c03 (for the marketing name, search the web for "GPU Device Id")
[2018.12.21-16.25.29:303][  0]LogWindows: EnumDisplayDevices:
[2018.12.21-16.25.29:303][  0]LogWindows:    0. 'NVIDIA GeForce GTX 1060 6GB' (P:1 D:1)
[2018.12.21-16.25.29:304][  0]LogWindows:    1. 'NVIDIA GeForce GTX 1060 6GB' (P:0 D:0)
[2018.12.21-16.25.29:304][  0]LogWindows:    2. 'NVIDIA GeForce GTX 1060 6GB' (P:0 D:0)
[2018.12.21-16.25.29:305][  0]LogWindows:    3. 'NVIDIA GeForce GTX 1060 6GB' (P:0 D:0)
[2018.12.21-16.25.29:305][  0]LogWindows:    4. 'Intel(R) HD Graphics 4600' (P:0 D:0)
[2018.12.21-16.25.29:306][  0]LogWindows:    5. 'Intel(R) HD Graphics 4600' (P:0 D:0)
[2018.12.21-16.25.29:306][  0]LogWindows:    6. 'Intel(R) HD Graphics 4600' (P:0 D:0)
[2018.12.21-16.25.29:307][  0]LogWindows: DebugString: PrimaryIsNotTheChoosenAdapter PrimaryIsNotTheChoosenAdapter PrimaryIsNotTheChoosenAdapter FoundDriverCount:4 
[2018.12.21-16.25.29:307][  0]LogD3D11RHI:     Adapter Name: NVIDIA GeForce GTX 1060 6GB
[2018.12.21-16.25.29:307][  0]LogD3D11RHI:   Driver Version: 397.64 (internal:24.21.13.9764, unified:397.64)
[2018.12.21-16.25.29:307][  0]LogD3D11RHI:      Driver Date: 5-7-2018
[2018.12.21-16.25.29:307][  0]LogRHI: Texture pool is 4236 MB (70% of 6052 MB)
[2018.12.21-16.25.29:362][  0]LogD3D11RHI: Async texture creation enabled
[2018.12.21-16.25.29:427][  0]LogD3D11RHI: GPU Timing Frequency: 1000.000000 (Debug: 2 2)
[2018.12.21-16.25.29:430][  0]LogShaderCompilers: Guid format shader working directory is -2 characters bigger than the processId version (D:/Documents/GitHub/TGP_PairProject/TGP_Project/Intermediate/Shaders/WorkingDirectory/12708/).
[2018.12.21-16.25.29:430][  0]LogShaderCompilers: Cleaned the shader compiler working directory 'C:/Users/TDSSK/AppData/Local/Temp/UnrealShaderWorkingDir/799EE02D470E54B3026690A284E9E393/'.
[2018.12.21-16.25.29:757][  0]LogTemp: Display: Loaded TP AllDesktopTargetPlatform
[2018.12.21-16.25.29:810][  0]LogTemp: Display: Loaded TP MacClientTargetPlatform
[2018.12.21-16.25.29:845][  0]LogTemp: Display: Loaded TP MacNoEditorTargetPlatform
[2018.12.21-16.25.29:898][  0]LogTemp: Display: Loaded TP MacServerTargetPlatform
[2018.12.21-16.25.29:934][  0]LogTemp: Display: Loaded TP MacTargetPlatform
[2018.12.21-16.25.29:972][  0]LogTemp: Display: Loaded TP WindowsClientTargetPlatform
[2018.12.21-16.25.30:006][  0]LogTemp: Display: Loaded TP WindowsNoEditorTargetPlatform
[2018.12.21-16.25.30:039][  0]LogTemp: Display: Loaded TP WindowsServerTargetPlatform
[2018.12.21-16.25.30:066][  0]LogTemp: Display: Loaded TP WindowsTargetPlatform
[2018.12.21-16.25.30:176][  0]LogTemp: Display: Loaded TP AndroidTargetPlatform
[2018.12.21-16.25.30:176][  0]LogTemp: Display: Loaded TP AndroidTargetPlatform
[2018.12.21-16.25.30:176][  0]LogTemp: Display: Loaded TP AndroidTargetPlatform
[2018.12.21-16.25.30:176][  0]LogTemp: Display: Loaded TP AndroidTargetPlatform
[2018.12.21-16.25.30:176][  0]LogTemp: Display: Loaded TP AndroidTargetPlatform
[2018.12.21-16.25.30:176][  0]LogTemp: Display: Loaded TP AndroidTargetPlatform
[2018.12.21-16.25.30:176][  0]LogTemp: Display: Loaded TP AndroidTargetPlatform
[2018.12.21-16.25.30:176][  0]LogTemp: Display: Loaded TP AndroidTargetPlatform
[2018.12.21-16.25.30:176][  0]LogTemp: Display: Loaded TP AndroidTargetPlatform
[2018.12.21-16.25.30:176][  0]LogTemp: Display: Loaded TP AndroidTargetPlatform
[2018.12.21-16.25.30:176][  0]LogTemp: Display: Loaded TP AndroidTargetPlatform
[2018.12.21-16.25.30:176][  0]LogTemp: Display: Loaded TP AndroidTargetPlatform
[2018.12.21-16.25.30:176][  0]LogTemp: Display: Loaded TP AndroidTargetPlatform
[2018.12.21-16.25.30:177][  0]LogTemp: Display: Loaded TP AndroidTargetPlatform
[2018.12.21-16.25.30:177][  0]LogTemp: Display: Loaded TP AndroidTargetPlatform
[2018.12.21-16.25.30:177][  0]LogTemp: Display: Loaded TP AndroidTargetPlatform
[2018.12.21-16.25.30:177][  0]LogTemp: Display: Loaded TP AndroidTargetPlatform
[2018.12.21-16.25.30:177][  0]LogTemp: Display: Loaded TP AndroidTargetPlatform
[2018.12.21-16.25.30:201][  0]LogTemp: Display: Loaded TP HTML5TargetPlatform
[2018.12.21-16.25.30:358][  0]LogTemp: Display: Loaded TP IOSTargetPlatform
[2018.12.21-16.25.30:358][  0]LogTemp: Display: Loaded TP IOSTargetPlatform
[2018.12.21-16.25.30:424][  0]LogTemp: Display: Loaded TP TVOSTargetPlatform
[2018.12.21-16.25.30:424][  0]LogTemp: Display: Loaded TP TVOSTargetPlatform
[2018.12.21-16.25.30:449][  0]LogTemp: Display: Loaded TP LinuxClientTargetPlatform
[2018.12.21-16.25.30:494][  0]LogTemp: Display: Loaded TP LinuxNoEditorTargetPlatform
[2018.12.21-16.25.30:526][  0]LogTemp: Display: Loaded TP LinuxServerTargetPlatform
[2018.12.21-16.25.30:566][  0]LogTemp: Display: Loaded TP LinuxTargetPlatform
[2018.12.21-16.25.30:597][  0]LogTemp: Display: Loaded TP LuminTargetPlatform
[2018.12.21-16.25.30:597][  0]LogTargetPlatformManager: Display: Building Assets For Windows
[2018.12.21-16.25.31:570][  0]LogXGEController: Cleaning working directory: C:/Users/TDSSK/AppData/Local/Temp/UnrealXGEWorkingDir/
[2018.12.21-16.25.31:571][  0]LogXGEController: Cannot use XGE Controller as Incredibuild is not installed on this machine.
[2018.12.21-16.25.31:571][  0]LogShaderCompilers: Cannot use XGE Shader Compiler as Incredibuild is not installed on this machine.
[2018.12.21-16.25.31:571][  0]LogShaderCompilers: Display: Using Local Shader Compiler.
[2018.12.21-16.25.32:514][  0]LogDerivedDataCache: Display: Max Cache Size: 512 MB
[2018.12.21-16.25.32:613][  0]LogDerivedDataCache: Loaded boot cache 0.10s 71MB C:/Users/TDSSK/AppData/Local/UnrealEngine/4.20/DerivedDataCache/Boot.ddc.
[2018.12.21-16.25.32:613][  0]LogDerivedDataCache: Display: Loaded Boot cache: C:/Users/TDSSK/AppData/Local/UnrealEngine/4.20/DerivedDataCache/Boot.ddc
[2018.12.21-16.25.32:613][  0]LogDerivedDataCache: FDerivedDataBackendGraph:  Pak pak cache file D:/Documents/GitHub/TGP_PairProject/TGP_Project/DerivedDataCache/DDC.ddp not found, will not use a pak cache.
[2018.12.21-16.25.32:614][  0]LogDerivedDataCache: Unable to find inner node Pak for hierarchical cache Hierarchy.
[2018.12.21-16.25.32:614][  0]LogDerivedDataCache: FDerivedDataBackendGraph:  CompressedPak pak cache file D:/Documents/GitHub/TGP_PairProject/TGP_Project/DerivedDataCache/Compressed.ddp not found, will not use a pak cache.
[2018.12.21-16.25.32:614][  0]LogDerivedDataCache: Unable to find inner node CompressedPak for hierarchical cache Hierarchy.
[2018.12.21-16.25.32:627][  0]LogDerivedDataCache: Display: Pak cache opened for reading ../../../Engine/DerivedDataCache/Compressed.ddp.
[2018.12.21-16.25.32:640][  0]LogDerivedDataCache: Using Local data cache path C:/Users/TDSSK/AppData/Local/UnrealEngine/Common/DerivedDataCache: Writable
[2018.12.21-16.25.32:640][  0]LogDerivedDataCache: Shared data cache path not found in *engine.ini, will not use an Shared cache.
[2018.12.21-16.25.32:640][  0]LogDerivedDataCache: Unable to find inner node Shared for hierarchical cache Hierarchy.
[2018.12.21-16.25.32:658][  0]LogMaterial: Verifying Global Shaders for PCD3D_SM5
[2018.12.21-16.25.32:660][  0]LogSlate: Using FreeType 2.6.0
[2018.12.21-16.25.32:661][  0]LogSlate: SlateFontServices - WITH_FREETYPE: 1, WITH_HARFBUZZ: 1
[2018.12.21-16.25.32:754][  0]LogAssetRegistry: FAssetRegistry took 0.0300 seconds to start up
[2018.12.21-16.25.33:066][  0]LogInit: Selected Device Profile: [Windows]
[2018.12.21-16.25.33:664][  0]LogSimplygon: Simplygon DLL not present - disabling.
[2018.12.21-16.25.33:818][  0]LogMeshReduction: Using SimplygonSwarm for distributed automatic mesh merging
[2018.12.21-16.25.33:818][  0]LogMeshReduction: Using ProxyLODMeshReduction for automatic mesh merging
[2018.12.21-16.25.33:818][  0]LogMeshReduction: Using QuadricMeshReduction for automatic static mesh reduction
[2018.12.21-16.25.33:818][  0]LogMeshReduction: No automatic skeletal mesh reduction module available
[2018.12.21-16.25.33:838][  0]LogNetVersion: TGP_Project 1.0.0, NetCL: 4212847, EngineNetVer: 5, GameNetVer: 0 (Checksum: 95638710)
[2018.12.21-16.25.34:482][  0]LogPackageLocalizationCache: Processed 11 localized package path(s) for 2 prioritized culture(s) in 0.079163 seconds
[2018.12.21-16.25.34:488][  0]LogUObjectArray: 38425 objects as part of root set at end of initial load.
[2018.12.21-16.25.34:488][  0]LogUObjectAllocator: 6690864 out of 0 bytes used by permanent object pool.
[2018.12.21-16.25.34:488][  0]LogUObjectArray: CloseDisregardForGC: 0/0 objects in disregard for GC pool
[2018.12.21-16.25.37:393][  0]LogTcpMessaging: Initializing TcpMessaging bridge
[2018.12.21-16.25.37:448][  0]LogUdpMessaging: Initializing bridge on interface 0.0.0.0:0 to multicast group 230.0.0.1:6666.
[2018.12.21-16.25.38:217][  0]SourceControl: Source control is disabled
[2018.12.21-16.25.38:218][  0]SourceControl: Source control is disabled
[2018.12.21-16.25.38:370][  0]SourceControl: Source control is disabled
[2018.12.21-16.25.38:415][  0]SourceControl: Source control is disabled
[2018.12.21-16.25.40:099][  0]LogAndroidPermission: UAndroidPermissionCallbackProxy::GetInstance
[2018.12.21-16.25.40:570][  0]LogOcInput: OculusInput pre-init called
[2018.12.21-16.25.40:813][  0]LogEngine: Initializing Engine...
[2018.12.21-16.25.40:814][  0]LogHMD: Failed to initialize OpenVR with code 110
[2018.12.21-16.25.40:816][  0]LogStats: UGameplayTagsManager::ConstructGameplayTagTree: ImportINI prefixes -  0.000 s
[2018.12.21-16.25.40:816][  0]LogStats: UGameplayTagsManager::ConstructGameplayTagTree: Construct from data asset -  0.000 s
[2018.12.21-16.25.40:816][  0]LogStats: UGameplayTagsManager::ConstructGameplayTagTree: ImportINI -  0.000 s
[2018.12.21-16.25.40:816][  0]LogStats: UGameplayTagsManager::ConstructGameplayTagTree: GameplayTagTreeChangedEvent.Broadcast -  0.000 s
[2018.12.21-16.25.41:021][  0]LogInit: Initializing FReadOnlyCVARCache
[2018.12.21-16.25.41:093][  0]LogAIModule: Creating AISystem for world Untitled
[2018.12.21-16.25.41:298][  0]LogInit: XAudio2 using 'Speakers (Realtek High Definition Audio)' : 2 channels at 48 kHz using 32 bits per sample (channel mask 0x3)
[2018.12.21-16.25.41:371][  0]LogInit: FAudioDevice initialized.
[2018.12.21-16.25.41:372][  0]LogNetVersion: Set ProjectVersion to 1.0.0.0. Version Checksum will be recalculated on next use.
[2018.12.21-16.25.41:576][  0]LogDerivedDataCache: Saved boot cache 0.20s 71MB C:/Users/TDSSK/AppData/Local/UnrealEngine/4.20/DerivedDataCache/Boot.ddc.
[2018.12.21-16.25.41:577][  0]LogInit: Texture streaming: Enabled
[2018.12.21-16.25.41:749][  0]LogEngineSessionManager: EngineSessionManager initialized
[2018.12.21-16.25.41:788][  0]LogInit: Transaction tracking system initialized
[2018.12.21-16.25.42:122][  0]BlueprintLog: New page: Editor Load
[2018.12.21-16.25.43:572][  0]LocalizationService: Localization service is disabled
[2018.12.21-16.25.44:637][  0]LogCook: Display: Max memory allowance for cook 16384mb min free memory 0mb
[2018.12.21-16.25.44:637][  0]LogCook: Display: Mobile HDR setting 1
[2018.12.21-16.25.44:637][  0]LogGameplayTags: Display: UGameplayTagsManager::DoneAddingNativeTags. DelegateIsBound: 0
[2018.12.21-16.25.44:637][  0]LogStats: UGameplayTagsManager::ConstructGameplayTagTree: ImportINI prefixes -  0.000 s
[2018.12.21-16.25.44:637][  0]LogStats: UGameplayTagsManager::ConstructGameplayTagTree: Construct from data asset -  0.000 s
[2018.12.21-16.25.44:637][  0]LogStats: UGameplayTagsManager::ConstructGameplayTagTree: ImportINI -  0.000 s
[2018.12.21-16.25.44:637][  0]LogStats: UGameplayTagsManager::ConstructGameplayTagTree: GameplayTagTreeChangedEvent.Broadcast -  0.000 s
[2018.12.21-16.25.45:389][  0]LogFileCache: Scanning file cache for directory 'D:/Documents/GitHub/TGP_PairProject/TGP_Project/Content/' took 0.01s
[2018.12.21-16.25.46:261][  0]SourceControl: Source control is disabled
[2018.12.21-16.25.46:261][  0]Cmd: MAP LOAD FILE="D:/Documents/GitHub/TGP_PairProject/TGP_Project/Content/Levels/BaseLevel.umap" TEMPLATE=0 SHOWPROGRESS=1 FEATURELEVEL=3
[2018.12.21-16.25.46:261][  0]LightingResults: New page: Lighting Build
[2018.12.21-16.25.46:266][  0]MapCheck: New page: Map Check
[2018.12.21-16.25.46:266][  0]LightingResults: New page: Lighting Build
[2018.12.21-16.25.46:455][  0]LogAIModule: Creating AISystem for world BaseLevel
[2018.12.21-16.25.46:462][  0]LogEditorServer: Finished looking for orphan Actors (0.000 secs)
[2018.12.21-16.25.46:484][  0]Cmd: MAP CHECKDEP NOCLEARLOG
[2018.12.21-16.25.46:589][  0]MapCheck: Map check complete: 0 Error(s), 0 Warning(s), took 104.599ms to complete.
[2018.12.21-16.25.46:589][  0]LogFileHelpers: Loading map 'BaseLevel' took 0.328
[2018.12.21-16.25.46:748][  0]LogSlate: Updating window title bar state: overlay mode, drag disabled, window buttons hidden, title bar hidden
[2018.12.21-16.25.46:758][  0]LogSlate: Updating window title bar state: overlay mode, drag disabled, window buttons hidden, title bar hidden
[2018.12.21-16.25.46:768][  0]LogSlate: Updating window title bar state: overlay mode, drag disabled, window buttons hidden, title bar hidden
[2018.12.21-16.25.46:775][  0]LogSlate: Updating window title bar state: overlay mode, drag disabled, window buttons hidden, title bar hidden
[2018.12.21-16.25.46:884][  0]LogCollectionManager: Loaded 0 collections in 0.012556 seconds
[2018.12.21-16.25.46:943][  0]LogFileCache: Scanning file cache for directory 'D:/Documents/GitHub/TGP_PairProject/TGP_Project/Saved/Collections/' took 0.01s
[2018.12.21-16.25.46:943][  0]LogFileCache: Scanning file cache for directory 'D:/Documents/GitHub/TGP_PairProject/TGP_Project/Content/Developers/TDSSK/Collections/' took 0.01s
[2018.12.21-16.25.46:943][  0]LogFileCache: Scanning file cache for directory 'D:/Documents/GitHub/TGP_PairProject/TGP_Project/Content/Collections/' took 0.01s
[2018.12.21-16.25.46:943][  0]LogCollectionManager: Rebuilt the GUID cache for 0 collections in 0.000000 seconds
[2018.12.21-16.25.46:952][  0]LogContentBrowser: Native class hierarchy populated in 0.0092 seconds. Added 2586 classes and 606 folders.
[2018.12.21-16.25.46:962][  0]LogContentBrowser: Native class hierarchy updated for 'WidgetCarousel' in 0.0003 seconds. Added 0 classes and 0 folders.
[2018.12.21-16.25.47:031][  0]LogContentBrowser: Native class hierarchy updated for 'AddContentDialog' in 0.0003 seconds. Added 0 classes and 0 folders.
[2018.12.21-16.25.47:098][  0]LogContentBrowser: Native class hierarchy updated for 'SceneOutliner' in 0.0004 seconds. Added 1 classes and 2 folders.
[2018.12.21-16.25.47:114][  0]LogSlate: Took 0.000262 seconds to synchronously load lazily loaded font '../../../Engine/Content/Slate/Fonts/Roboto-Regular.ttf' (155K)
[2018.12.21-16.25.47:117][  0]LogSlate: Took 0.000252 seconds to synchronously load lazily loaded font '../../../Engine/Content/Slate/Fonts/Roboto-Bold.ttf' (160K)
[2018.12.21-16.25.47:124][  0]LogSlate: Took 0.000237 seconds to synchronously load lazily loaded font '../../../Engine/Content/Editor/Slate/Fonts/FontAwesome.ttf' (139K)
[2018.12.21-16.25.47:207][  0]LogRenderer: Reallocating scene render targets to support 1208x600 Format 10 NumSamples 1 (Frame:1).
[2018.12.21-16.25.47:259][  0]LogSlate: Took 0.000281 seconds to synchronously load lazily loaded font '../../../Engine/Content/Slate/Fonts/Roboto-Light.ttf' (167K)
[2018.12.21-16.25.47:511][  0]LogContentBrowser: Native class hierarchy updated for 'HierarchicalLODOutliner' in 0.0004 seconds. Added 0 classes and 0 folders.
[2018.12.21-16.25.47:512][  0]LogLoad: (Engine Initialization) Total time: 24.81 seconds
[2018.12.21-16.25.47:512][  0]LogLoad: (Engine Initialization) Total Blueprint compile time: 0.00 seconds
[2018.12.21-16.25.47:581][  0]LogContentStreaming: Texture pool size now 1000 MB
[2018.12.21-16.25.47:604][  1]LogFileCache: Retrieving MD5 hashes for directory 'D:/Documents/GitHub/TGP_PairProject/TGP_Project/Content/' took 0.07s
[2018.12.21-16.25.47:625][  1]LogAssetRegistry: Asset discovery search completed in 14.8964 seconds
[2018.12.21-16.25.47:627][  1]LogCollectionManager: Rebuilt the object cache for 0 collections in 0.000001 seconds (found 0 objects)
[2018.12.21-16.25.47:627][  1]LogCollectionManager: Fixed up redirectors for 0 collections in 0.000146 seconds (updated 0 objects)
[2018.12.21-16.25.48:546][100]LogSlate: Took 0.000298 seconds to synchronously load lazily loaded font '../../../Engine/Content/Slate/Fonts/Roboto-Light.ttf' (167K)
[2018.12.21-16.29.23:851][315]LogSlate: FSceneViewport::OnFocusLost() reason 0
[2018.12.21-16.29.24:010][333]LogAssetEditorManager: Opening Asset editor for WidgetBlueprint /Game/Widget_WeaponAmmo.Widget_WeaponAmmo
[2018.12.21-16.29.24:495][333]LogContentBrowser: Native class hierarchy updated for 'BlueprintGraph' in 0.0007 seconds. Added 116 classes and 0 folders.
[2018.12.21-16.29.25:269][333]LogSlate: Took 0.000215 seconds to synchronously load lazily loaded font '../../../Engine/Content/Slate/Fonts/Roboto-BoldCondensed.ttf' (158K)
[2018.12.21-16.29.35:429][429]LogSlate: Took 0.000279 seconds to synchronously load lazily loaded font '../../../Engine/Content/Slate/Fonts/Roboto-Italic.ttf' (157K)
[2018.12.21-16.30.42:801][162]LogSlate: Took 0.003630 seconds to synchronously load lazily loaded font '../../../Engine/Content/Slate/Fonts/DroidSansFallback.ttf' (3848K)
[2018.12.21-16.31.15:107][604]BlueprintLog: New page: Compile Widget_WeaponAmmo
[2018.12.21-16.31.15:991][685]LogSlate: Window 'Widget_WeaponAmmo*' being destroyed
[2018.12.21-16.31.16:871][789]Cmd: OBJ SAVEPACKAGE PACKAGE="/Game/Widget_WeaponAmmo" FILE="D:/Documents/GitHub/TGP_PairProject/TGP_Project/Content/Widget_WeaponAmmo.uasset" SILENT=true
[2018.12.21-16.31.16:905][789]LogSavePackage: Moving 'D:/Documents/GitHub/TGP_PairProject/TGP_Project/Saved/Widget_WeaponAmmo14B4EEE043B6141FD206149CFE1CBB14.tmp' to 'D:/Documents/GitHub/TGP_PairProject/TGP_Project/Content/Widget_WeaponAmmo.uasset'
[2018.12.21-16.31.18:029][923]LogTemp: Repeating last play command: Selected Viewport
[2018.12.21-16.31.18:052][923]LogPlayLevel: PlayLevel: No blueprints needed recompiling
[2018.12.21-16.31.18:066][923]PIE: New page: PIE session: BaseLevel (21 Dec 2018 16:31:18)
[2018.12.21-16.31.18:066][923]LogPlayLevel: Creating play world package: /Game/Levels/UEDPIE_0_BaseLevel
[2018.12.21-16.31.18:069][923]LogPlayLevel: PIE: StaticDuplicateObject took: (0.003181s)
[2018.12.21-16.31.18:070][923]LogAIModule: Creating AISystem for world BaseLevel
[2018.12.21-16.31.18:071][923]LogPlayLevel: PIE: World Init took: (0.000940s)
[2018.12.21-16.31.18:071][923]LogPlayLevel: PIE: Created PIE world by copying editor world from /Game/Levels/BaseLevel.BaseLevel to /Game/Levels/UEDPIE_0_BaseLevel.BaseLevel (0.004539s)
[2018.12.21-16.31.18:127][923]LogInit: XAudio2 using 'Speakers (Realtek High Definition Audio)' : 2 channels at 48 kHz using 32 bits per sample (channel mask 0x3)
[2018.12.21-16.31.18:151][923]LogInit: FAudioDevice initialized.
[2018.12.21-16.31.18:200][923]LogLoad: Game class is 'GM_GAME_C'
[2018.12.21-16.31.18:202][923]LogWorld: Bringing World /Game/Levels/UEDPIE_0_BaseLevel.BaseLevel up for play (max tick rate 0) at 2018.12.21-16.31.18
[2018.12.21-16.31.18:203][923]LogWorld: Bringing up level for play took: 0.002253
[2018.12.21-16.31.18:229][923]LogContentBrowser: Native class hierarchy updated for 'MovieSceneCapture' in 0.0004 seconds. Added 10 classes and 0 folders.
[2018.12.21-16.31.18:249][923]PIE: Play in editor start time for /Game/Levels/UEDPIE_0_BaseLevel 1.081
[2018.12.21-16.31.18:261][923]LogScript: Warning: Accessed None trying to read property PlayerCurrentWeapon
	Widget_WeaponAmmo_C /Engine/Transient.UnrealEdEngine_0:GameInstance_0.HUD_C_0.WidgetTree_0.Widget_WeaponAmmo
	Function /Game/Widget_WeaponAmmo.Widget_WeaponAmmo_C:ExecuteUbergraph_Widget_WeaponAmmo:00F0
[2018.12.21-16.31.18:262][923]LogScript: Warning: Accessed None trying to read property PlayerCurrentWeapon
	Widget_WeaponAmmo_C /Engine/Transient.UnrealEdEngine_0:GameInstance_0.HUD_C_0.WidgetTree_0.Widget_WeaponAmmo
	Function /Game/Widget_WeaponAmmo.Widget_WeaponAmmo_C:ExecuteUbergraph_Widget_WeaponAmmo:0198
[2018.12.21-16.31.18:282][924]LogScript: Warning: Accessed None trying to read property PlayerCurrentWeapon
	Widget_WeaponAmmo_C /Engine/Transient.UnrealEdEngine_0:GameInstance_0.HUD_C_0.WidgetTree_0.Widget_WeaponAmmo
	Function /Game/Widget_WeaponAmmo.Widget_WeaponAmmo_C:ExecuteUbergraph_Widget_WeaponAmmo:00F0
[2018.12.21-16.31.18:282][924]LogScript: Warning: Accessed None trying to read property PlayerCurrentWeapon
	Widget_WeaponAmmo_C /Engine/Transient.UnrealEdEngine_0:GameInstance_0.HUD_C_0.WidgetTree_0.Widget_WeaponAmmo
	Function /Game/Widget_WeaponAmmo.Widget_WeaponAmmo_C:ExecuteUbergraph_Widget_WeaponAmmo:0198
[2018.12.21-16.31.18:288][925]LogScript: Warning: Accessed None trying to read property PlayerCurrentWeapon
	Widget_WeaponAmmo_C /Engine/Transient.UnrealEdEngine_0:GameInstance_0.HUD_C_0.WidgetTree_0.Widget_WeaponAmmo
	Function /Game/Widget_WeaponAmmo.Widget_WeaponAmmo_C:ExecuteUbergraph_Widget_WeaponAmmo:00F0
[2018.12.21-16.31.18:288][925]LogScript: Warning: Accessed None trying to read property PlayerCurrentWeapon
	Widget_WeaponAmmo_C /Engine/Transient.UnrealEdEngine_0:GameInstance_0.HUD_C_0.WidgetTree_0.Widget_WeaponAmmo
	Function /Game/Widget_WeaponAmmo.Widget_WeaponAmmo_C:ExecuteUbergraph_Widget_WeaponAmmo:0198
[2018.12.21-16.31.18:296][926]LogScript: Warning: Accessed None trying to read property PlayerCurrentWeapon
	Widget_WeaponAmmo_C /Engine/Transient.UnrealEdEngine_0:GameInstance_0.HUD_C_0.WidgetTree_0.Widget_WeaponAmmo
	Function /Game/Widget_WeaponAmmo.Widget_WeaponAmmo_C:ExecuteUbergraph_Widget_WeaponAmmo:00F0
[2018.12.21-16.31.18:296][926]LogScript: Warning: Accessed None trying to read property PlayerCurrentWeapon
	Widget_WeaponAmmo_C /Engine/Transient.UnrealEdEngine_0:GameInstance_0.HUD_C_0.WidgetTree_0.Widget_WeaponAmmo
	Function /Game/Widget_WeaponAmmo.Widget_WeaponAmmo_C:ExecuteUbergraph_Widget_WeaponAmmo:0198
[2018.12.21-16.31.18:304][927]LogScript: Warning: Accessed None trying to read property PlayerCurrentWeapon
	Widget_WeaponAmmo_C /Engine/Transient.UnrealEdEngine_0:GameInstance_0.HUD_C_0.WidgetTree_0.Widget_WeaponAmmo
	Function /Game/Widget_WeaponAmmo.Widget_WeaponAmmo_C:ExecuteUbergraph_Widget_WeaponAmmo:00F0
[2018.12.21-16.31.18:304][927]LogScript: Warning: Accessed None trying to read property PlayerCurrentWeapon
	Widget_WeaponAmmo_C /Engine/Transient.UnrealEdEngine_0:GameInstance_0.HUD_C_0.WidgetTree_0.Widget_WeaponAmmo
	Function /Game/Widget_WeaponAmmo.Widget_WeaponAmmo_C:ExecuteUbergraph_Widget_WeaponAmmo:0198
[2018.12.21-16.31.18:313][928]LogScript: Warning: Accessed None trying to read property PlayerCurrentWeapon
	Widget_WeaponAmmo_C /Engine/Transient.UnrealEdEngine_0:GameInstance_0.HUD_C_0.WidgetTree_0.Widget_WeaponAmmo
	Function /Game/Widget_WeaponAmmo.Widget_WeaponAmmo_C:ExecuteUbergraph_Widget_WeaponAmmo:00F0
[2018.12.21-16.31.18:313][928]LogScript: Warning: Accessed None trying to read property PlayerCurrentWeapon
	Widget_WeaponAmmo_C /Engine/Transient.UnrealEdEngine_0:GameInstance_0.HUD_C_0.WidgetTree_0.Widget_WeaponAmmo
	Function /Game/Widget_WeaponAmmo.Widget_WeaponAmmo_C:ExecuteUbergraph_Widget_WeaponAmmo:0198
[2018.12.21-16.31.18:321][929]LogScript: Warning: Accessed None trying to read property PlayerCurrentWeapon
	Widget_WeaponAmmo_C /Engine/Transient.UnrealEdEngine_0:GameInstance_0.HUD_C_0.WidgetTree_0.Widget_WeaponAmmo
	Function /Game/Widget_WeaponAmmo.Widget_WeaponAmmo_C:ExecuteUbergraph_Widget_WeaponAmmo:00F0
[2018.12.21-16.31.18:321][929]LogScript: Warning: Accessed None trying to read property PlayerCurrentWeapon
	Widget_WeaponAmmo_C /Engine/Transient.UnrealEdEngine_0:GameInstance_0.HUD_C_0.WidgetTree_0.Widget_WeaponAmmo
	Function /Game/Widget_WeaponAmmo.Widget_WeaponAmmo_C:ExecuteUbergraph_Widget_WeaponAmmo:0198
[2018.12.21-16.31.18:329][930]LogScript: Warning: Accessed None trying to read property PlayerCurrentWeapon
	Widget_WeaponAmmo_C /Engine/Transient.UnrealEdEngine_0:GameInstance_0.HUD_C_0.WidgetTree_0.Widget_WeaponAmmo
	Function /Game/Widget_WeaponAmmo.Widget_WeaponAmmo_C:ExecuteUbergraph_Widget_WeaponAmmo:00F0
[2018.12.21-16.31.18:329][930]LogScript: Warning: Accessed None trying to read property PlayerCurrentWeapon
	Widget_WeaponAmmo_C /Engine/Transient.UnrealEdEngine_0:GameInstance_0.HUD_C_0.WidgetTree_0.Widget_WeaponAmmo
	Function /Game/Widget_WeaponAmmo.Widget_WeaponAmmo_C:ExecuteUbergraph_Widget_WeaponAmmo:0198
[2018.12.21-16.31.18:337][931]LogScript: Warning: Accessed None trying to read property PlayerCurrentWeapon
	Widget_WeaponAmmo_C /Engine/Transient.UnrealEdEngine_0:GameInstance_0.HUD_C_0.WidgetTree_0.Widget_WeaponAmmo
	Function /Game/Widget_WeaponAmmo.Widget_WeaponAmmo_C:ExecuteUbergraph_Widget_WeaponAmmo:00F0
[2018.12.21-16.31.19:272][ 43]LogBlueprintUserMessages: [EntranceToRestictedArea_2] yeet
[2018.12.21-16.31.19:331][ 50]LogBlueprintUserMessages: [EntranceToRestictedArea_2] yeet
[2018.12.21-16.31.19:763][102]LogBlueprintUserMessages: [EntranceToRestictedArea_2] yeet
[2018.12.21-16.31.19:788][105]LogBlueprintUserMessages: [EntranceToRestictedArea_2] yeet
[2018.12.21-16.31.19:797][106]LogBlueprintUserMessages: [EntranceToRestictedArea_2] yeet
[2018.12.21-16.31.19:830][110]LogBlueprintUserMessages: [EntranceToRestictedArea_2] yeet
[2018.12.21-16.31.19:855][113]LogBlueprintUserMessages: [EntranceToRestictedArea_2] yeet
[2018.12.21-16.31.20:699][214]LogSlate: Updating window title bar state: overlay mode, drag disabled, window buttons hidden, title bar hidden
[2018.12.21-16.31.20:738][214]LogPlayLevel: Display: Shutting down PIE online subsystems
[2018.12.21-16.31.20:767][214]LogSlate: Updating window title bar state: overlay mode, drag disabled, window buttons hidden, title bar hidden
[2018.12.21-16.31.20:805][218]LogPlayLevel: Display: Destroying online subsystem :Context_6
[2018.12.21-16.31.22:009][362]LogSlate: FSceneViewport::OnFocusLost() reason 0
[2018.12.21-16.31.47:785][827]Cmd: OBJ SAVEPACKAGE PACKAGE="/Game/Widget_WeaponAmmo" FILE="D:/Documents/GitHub/TGP_PairProject/TGP_Project/Content/Widget_WeaponAmmo.uasset" SILENT=true
[2018.12.21-16.31.47:817][827]LogSavePackage: Moving 'D:/Documents/GitHub/TGP_PairProject/TGP_Project/Saved/Widget_WeaponAmmoBAD39023418432A5D9FC949A17A4657F.tmp' to 'D:/Documents/GitHub/TGP_PairProject/TGP_Project/Content/Widget_WeaponAmmo.uasset'
[2018.12.21-16.35.31:401][740]BlueprintLog: New page: Compile Widget_WeaponAmmo
[2018.12.21-16.35.32:065][812]LogTemp: Repeating last play command: Selected Viewport
[2018.12.21-16.35.32:084][812]LogPlayLevel: PlayLevel: No blueprints needed recompiling
[2018.12.21-16.35.32:085][812]PIE: New page: PIE session: BaseLevel (21 Dec 2018 16:35:32)
[2018.12.21-16.35.32:085][812]LogPlayLevel: Creating play world package: /Game/Levels/UEDPIE_0_BaseLevel
[2018.12.21-16.35.32:088][812]LogPlayLevel: PIE: StaticDuplicateObject took: (0.003196s)
[2018.12.21-16.35.32:089][812]LogAIModule: Creating AISystem for world BaseLevel
[2018.12.21-16.35.32:090][812]LogPlayLevel: PIE: World Init took: (0.001002s)
[2018.12.21-16.35.32:090][812]LogPlayLevel: PIE: Created PIE world by copying editor world from /Game/Levels/BaseLevel.BaseLevel to /Game/Levels/UEDPIE_0_BaseLevel.BaseLevel (0.005082s)
[2018.12.21-16.35.32:148][812]LogInit: XAudio2 using 'Speakers (Realtek High Definition Audio)' : 2 channels at 48 kHz using 32 bits per sample (channel mask 0x3)
[2018.12.21-16.35.32:173][812]LogInit: FAudioDevice initialized.
[2018.12.21-16.35.32:181][812]LogSlate: Updating window title bar state: overlay mode, drag disabled, window buttons hidden, title bar hidden
[2018.12.21-16.35.32:236][812]LogLoad: Game class is 'GM_GAME_C'
[2018.12.21-16.35.32:238][812]LogWorld: Bringing World /Game/Levels/UEDPIE_0_BaseLevel.BaseLevel up for play (max tick rate 0) at 2018.12.21-16.35.32
[2018.12.21-16.35.32:239][812]LogWorld: Bringing up level for play took: 0.001571
[2018.12.21-16.35.32:259][812]PIE: Play in editor start time for /Game/Levels/UEDPIE_0_BaseLevel 1.09
[2018.12.21-16.35.32:273][812]LogRenderer: Reallocating scene render targets to support 1292x756 Format 10 NumSamples 1 (Frame:1).
[2018.12.21-16.35.33:423][945]LogBlueprintUserMessages: [EntranceToRestictedArea_2] yeet
[2018.12.21-16.35.33:490][953]LogBlueprintUserMessages: [EntranceToRestictedArea_2] yeet
[2018.12.21-16.35.33:801][989]LogBlueprintUserMessages: [EntranceToRestictedArea_2] yeet
[2018.12.21-16.35.33:868][997]LogBlueprintUserMessages: [EntranceToRestictedArea_2] yeet
[2018.12.21-16.35.34:001][ 13]LogBlueprintUserMessages: [EntranceToRestictedArea_2] yeet
[2018.12.21-16.35.34:068][ 21]LogBlueprintUserMessages: [EntranceToRestictedArea_2] yeet
[2018.12.21-16.35.34:110][ 26]LogBlueprintUserMessages: [EntranceToRestictedArea2] yeet
[2018.12.21-16.35.35:740][221]LogBlueprintUserMessages: [EntranceToRestictedArea_2] yeet
[2018.12.21-16.35.38:844][593]LogSlate: FSceneViewport::OnFocusLost() reason 0
[2018.12.21-16.35.38:903][600]LogNet: Browse: /Game/Levels/MainMenu
[2018.12.21-16.35.38:903][600]LogLoad: LoadMap: /Game/Levels/MainMenu
[2018.12.21-16.35.38:936][600]LogLinker: Warning: Can't find file '/Game/Levels/MainMenu_BuiltData'
[2018.12.21-16.35.38:937][600]LogLinker: Warning: Can't find file for asset '/Game/Levels/MainMenu_BuiltData' while loading D:/Documents/GitHub/TGP_PairProject/TGP_Project/Content/Levels/MainMenu.umap.
[2018.12.21-16.35.38:937][600]LoadErrors: Error: /Game/Levels/MainMenu : Can't find file for asset. /Game/Levels/MainMenu_BuiltData
[2018.12.21-16.35.38:937][600]LogLinker: Warning: Can't find file '/Game/Levels/MainMenu_BuiltData'
[2018.12.21-16.35.38:937][600]LogLinker: Warning: Can't find file for asset '/Game/Levels/MainMenu_BuiltData' while loading D:/Documents/GitHub/TGP_PairProject/TGP_Project/Content/Levels/MainMenu.umap.
[2018.12.21-16.35.38:944][600]LogLinker: Warning: Can't find file '/Game/Levels/MainMenu_BuiltData'
[2018.12.21-16.35.38:944][600]LogLinker: Warning: Can't find file for asset '/Game/Levels/MainMenu_BuiltData' while loading NULL.
[2018.12.21-16.35.38:944][600]LogLinker: Warning: Can't find file '/Game/Levels/MainMenu_BuiltData'
[2018.12.21-16.35.38:944][600]LogLinker: Warning: Can't find file for asset '/Game/Levels/MainMenu_BuiltData' while loading NULL.
[2018.12.21-16.35.38:947][600]LogLinker: Warning: Can't find file '/Game/Levels/MainMenu_BuiltData'
[2018.12.21-16.35.38:947][600]LoadErrors: Failed to load /Game/Levels/MainMenu_BuiltData.MainMenu_BuiltData Referenced by PersistentLevel
[2018.12.21-16.35.38:948][600]LogLinker: Warning: Can't find file for asset '/Game/Levels/MainMenu_BuiltData' while loading NULL.
[2018.12.21-16.35.39:244][600]LogAIModule: Creating AISystem for world MainMenu
[2018.12.21-16.35.39:245][600]LogLoad: Game class is 'MenuGameMode_C'
[2018.12.21-16.35.39:246][600]LogWorld: Bringing World /Game/Levels/UEDPIE_0_MainMenu.MainMenu up for play (max tick rate 0) at 2018.12.21-16.35.39
[2018.12.21-16.35.39:246][600]LogWorld: Bringing up level for play took: 0.000771
[2018.12.21-16.35.39:246][600]LogGameMode: FindPlayerStart: PATHS NOT DEFINED or NO PLAYERSTART with positive rating
[2018.12.21-16.35.39:248][600]LogLoad: Took 0.344557 seconds to LoadMap(/Game/Levels/MainMenu)
[2018.12.21-16.35.40:598][759]LogSlate: Window 'TGP_Project Game Preview Standalone (64-bit/PCD3D_SM5)' being destroyed
[2018.12.21-16.35.40:638][759]LogPlayLevel: Display: Shutting down PIE online subsystems
[2018.12.21-16.35.40:684][761]LogPlayLevel: Display: Destroying online subsystem :Context_7
[2018.12.21-16.35.46:699][477]BlueprintLog: New page: Compile Widget_WeaponAmmo
[2018.12.21-16.35.47:511][567]LogTemp: Repeating last play command: Selected Viewport
[2018.12.21-16.35.47:531][567]LogPlayLevel: PlayLevel: No blueprints needed recompiling
[2018.12.21-16.35.47:532][567]PIE: New page: PIE session: BaseLevel (21 Dec 2018 16:35:47)
[2018.12.21-16.35.47:532][567]LogPlayLevel: Creating play world package: /Game/Levels/UEDPIE_0_BaseLevel
[2018.12.21-16.35.47:535][567]LogPlayLevel: PIE: StaticDuplicateObject took: (0.003190s)
[2018.12.21-16.35.47:536][567]LogAIModule: Creating AISystem for world BaseLevel
[2018.12.21-16.35.47:536][567]LogPlayLevel: PIE: World Init took: (0.000702s)
[2018.12.21-16.35.47:536][567]LogPlayLevel: PIE: Created PIE world by copying editor world from /Game/Levels/BaseLevel.BaseLevel to /Game/Levels/UEDPIE_0_BaseLevel.BaseLevel (0.004273s)
[2018.12.21-16.35.47:593][567]LogInit: XAudio2 using 'Speakers (Realtek High Definition Audio)' : 2 channels at 48 kHz using 32 bits per sample (channel mask 0x3)
[2018.12.21-16.35.47:616][567]LogInit: FAudioDevice initialized.
[2018.12.21-16.35.47:623][567]LogSlate: Updating window title bar state: overlay mode, drag disabled, window buttons hidden, title bar hidden
[2018.12.21-16.35.47:658][567]LogLoad: Game class is 'GM_GAME_C'
[2018.12.21-16.35.47:659][567]LogWorld: Bringing World /Game/Levels/UEDPIE_0_BaseLevel.BaseLevel up for play (max tick rate 0) at 2018.12.21-16.35.47
[2018.12.21-16.35.47:660][567]LogWorld: Bringing up level for play took: 0.001488
[2018.12.21-16.35.47:674][567]PIE: Error: Blueprint Runtime Error: "Accessed None trying to read property PlayerCurrentWeapon". Blueprint:  Widget_WeaponAmmo Function:  Execute Ubergraph Widget Weapon Ammo Graph:  EventGraph Node:  SetText (Text)
[2018.12.21-16.35.47:675][567]PIE: Error: Blueprint Runtime Error: "Accessed None trying to read property PlayerCurrentWeapon". Blueprint:  Widget_WeaponAmmo Function:  Execute Ubergraph Widget Weapon Ammo Graph:  EventGraph Node:  SetText (Text)
[2018.12.21-16.35.47:676][567]PIE: Play in editor start time for /Game/Levels/UEDPIE_0_BaseLevel 0.508
[2018.12.21-16.35.48:762][692]LogBlueprintUserMessages: [EntranceToRestictedArea_2] yeet
[2018.12.21-16.35.48:820][699]LogBlueprintUserMessages: [EntranceToRestictedArea_2] yeet
[2018.12.21-16.35.49:237][749]LogBlueprintUserMessages: [EntranceToRestictedArea_2] yeet
[2018.12.21-16.35.49:303][757]LogBlueprintUserMessages: [EntranceToRestictedArea_2] yeet
[2018.12.21-16.35.49:871][825]LogBlueprintUserMessages: [EntranceToRestictedArea_2] yeet
[2018.12.21-16.35.49:929][832]LogBlueprintUserMessages: [EntranceToRestictedArea_2] yeet
[2018.12.21-16.35.49:995][840]LogBlueprintUserMessages: [EntranceToRestictedArea2] yeet
[2018.12.21-16.35.52:105][ 93]LogBlueprintUserMessages: [EntranceToRestictedArea_2] yeet
[2018.12.21-16.35.52:155][ 99]LogBlueprintUserMessages: [EntranceToRestictedArea_2] yeet
[2018.12.21-16.35.55:592][511]LogBlueprintUserMessages: [EntranceToRestictedArea_2] yeet
[2018.12.21-16.35.56:718][646]LogBlueprintUserMessages: [EntranceToRestictedArea_2] yeet
[2018.12.21-16.36.13:172][619]LogSlate: FSceneViewport::OnFocusLost() reason 0
[2018.12.21-16.36.13:230][626]LogNet: Browse: /Game/Levels/BaseLevel
[2018.12.21-16.36.13:231][626]LogLoad: LoadMap: /Game/Levels/BaseLevel
[2018.12.21-16.36.13:260][626]LogPlayLevel: Creating play world package: /Game/Levels/UEDPIE_0_BaseLevel
[2018.12.21-16.36.13:263][626]LogPlayLevel: PIE: StaticDuplicateObject took: (0.002985s)
[2018.12.21-16.36.13:264][626]LogAIModule: Creating AISystem for world BaseLevel
[2018.12.21-16.36.13:264][626]LogPlayLevel: PIE: World Init took: (0.000780s)
[2018.12.21-16.36.13:264][626]LogPlayLevel: PIE: Created PIE world by copying editor world from /Game/Levels/BaseLevel.BaseLevel to /Game/Levels/UEDPIE_0_BaseLevel.BaseLevel (0.004164s)
[2018.12.21-16.36.13:264][626]LogLoad: Game class is 'GM_GAME_C'
[2018.12.21-16.36.13:266][626]LogWorld: Bringing World /Game/Levels/UEDPIE_0_BaseLevel.BaseLevel up for play (max tick rate 0) at 2018.12.21-16.36.13
[2018.12.21-16.36.13:266][626]LogWorld: Bringing up level for play took: 0.001577
[2018.12.21-16.36.13:269][626]PIE: Error: Blueprint Runtime Error: "Accessed None trying to read property PlayerCurrentWeapon". Blueprint:  Widget_WeaponAmmo Function:  Execute Ubergraph Widget Weapon Ammo Graph:  EventGraph Node:  SetText (Text)
[2018.12.21-16.36.13:269][626]PIE: Error: Blueprint Runtime Error: "Accessed None trying to read property PlayerCurrentWeapon". Blueprint:  Widget_WeaponAmmo Function:  Execute Ubergraph Widget Weapon Ammo Graph:  EventGraph Node:  SetText (Text)
[2018.12.21-16.36.13:270][626]LogLoad: Took 0.038601 seconds to LoadMap(/Game/Levels/UEDPIE_0_BaseLevel)
[2018.12.21-16.36.14:788][808]LogBlueprintUserMessages: [EntranceToRestictedArea_2] yeet
[2018.12.21-16.36.14:856][816]LogBlueprintUserMessages: [EntranceToRestictedArea_2] yeet
[2018.12.21-16.36.17:826][172]LogBlueprintUserMessages: [EntranceToRestictedArea_2] yeet
[2018.12.21-16.36.17:876][178]LogBlueprintUserMessages: [EntranceToRestictedArea_2] yeet
[2018.12.21-16.36.19:760][404]LogBlueprintUserMessages: [EntranceToRestictedArea3] yeet
[2018.12.21-16.39.12:374][ 80]LogSlate: FSceneViewport::OnFocusLost() reason 0
[2018.12.21-16.39.12:438][ 86]LogSlate: Window 'TGP_Project Game Preview Standalone (64-bit/PCD3D_SM5)' being destroyed
[2018.12.21-16.39.12:476][ 86]LogPlayLevel: Display: Shutting down PIE online subsystems
[2018.12.21-16.39.12:524][ 87]LogPlayLevel: Display: Destroying online subsystem :Context_8
[2018.12.21-16.39.15:371][280]LogSlate: Window 'Save Content' being destroyed
[2018.12.21-16.39.15:388][280]Cmd: OBJ SAVEPACKAGE PACKAGE="/Game/Widget_WeaponAmmo" FILE="D:/Documents/GitHub/TGP_PairProject/TGP_Project/Content/Widget_WeaponAmmo.uasset" SILENT=true
[2018.12.21-16.39.15:421][280]LogSavePackage: Moving 'D:/Documents/GitHub/TGP_PairProject/TGP_Project/Saved/Widget_WeaponAmmoF29A41224CBB7041D8DA37B88C45EB0E.tmp' to 'D:/Documents/GitHub/TGP_PairProject/TGP_Project/Content/Widget_WeaponAmmo.uasset'
[2018.12.21-16.40.58:979][161]LogAssetEditorManager: Opening Asset editor for Blueprint /Game/RestrictedAreas.RestrictedAreas
[2018.12.21-16.41.04:021][698]BlueprintLog: New page: Compile RestrictedAreas
[2018.12.21-16.41.05:923][903]Cmd: OBJ SAVEPACKAGE PACKAGE="/Game/Levels/BaseLevel" FILE="D:/Documents/GitHub/TGP_PairProject/TGP_Project/Content/Levels/BaseLevel.umap" SILENT=true AUTOSAVING=false KEEPDIRTY=false
[2018.12.21-16.41.06:019][903]LogSavePackage: Moving 'D:/Documents/GitHub/TGP_PairProject/TGP_Project/Saved/BaseLevel44F333E4473111E4B191E895D3AA924B.tmp' to 'D:/Documents/GitHub/TGP_PairProject/TGP_Project/Content/Levels/BaseLevel.umap'
[2018.12.21-16.41.53:082][433]Cmd: OBJ SAVEPACKAGE PACKAGE="/Game/Levels/BaseLevel" FILE="D:/Documents/GitHub/TGP_PairProject/TGP_Project/Content/Levels/BaseLevel.umap" SILENT=true AUTOSAVING=false KEEPDIRTY=false
[2018.12.21-16.41.53:174][433]LogSavePackage: Moving 'D:/Documents/GitHub/TGP_PairProject/TGP_Project/Saved/BaseLevelFE2668B841C798EA59CB05AC07F268E9.tmp' to 'D:/Documents/GitHub/TGP_PairProject/TGP_Project/Content/Levels/BaseLevel.umap'
[2018.12.21-16.41.57:519][946]LogAssetEditorManager: Opening Asset editor for WidgetBlueprint /Game/HUD.HUD
[2018.12.21-16.43.13:526][924]LogAssetEditorManager: Opening Asset editor for Blueprint /Game/Blueprints/PlayerCharacter.PlayerCharacter
[2018.12.21-16.44.09:332][ 98]LogEditorViewport: Clicking on Actor (LMB): TriggerBox (TriggerBox8)
[2018.12.21-16.44.10:111][170]LogEditorViewport: Clicking on Actor (LMB): TriggerBox (TriggerBox8)
[2018.12.21-16.44.11:036][279]LogEditorViewport: Clicking on Actor (LMB): EntranceToRestictedArea_C (EntranceToRestictedArea2)
[2018.12.21-16.44.22:814][655]LogSlate: FSceneViewport::OnFocusLost() reason 0
[2018.12.21-16.44.32:912][781]LogEditorViewport: Clicking on Actor (LMB): PaperSpriteActor (BasicLevel_Sprite)
[2018.12.21-16.44.33:528][848]LogEditorViewport: Clicking on Actor (LMB): PaperSpriteActor (BasicLevel_Sprite)
[2018.12.21-16.44.33:990][902]LogEditorViewport: Clicking on Actor (LMB): PaperSpriteActor (BasicLevel_Sprite)
[2018.12.21-16.44.34:417][952]LogEditorViewport: Clicking on Actor (LMB): PaperSpriteActor (BasicLevel_Sprite)
[2018.12.21-16.44.34:953][ 15]LogEditorViewport: Clicking on Actor (LMB): PaperSpriteActor (BasicLevel_Sprite)
[2018.12.21-16.44.35:440][ 72]LogEditorViewport: Clicking on Actor (LMB): PaperSpriteActor (BasicLevel_Sprite)
[2018.12.21-16.44.36:035][142]LogEditorViewport: Clicking on Actor (LMB): PaperSpriteActor (BasicLevel_Sprite)
[2018.12.21-16.44.36:513][198]LogEditorViewport: Clicking on Actor (LMB): PaperSpriteActor (BasicLevel_Sprite)
[2018.12.21-16.44.37:167][275]LogEditorViewport: Clicking on Actor (LMB): EntranceToRestictedArea_C (EntranceToRestictedArea2)
[2018.12.21-16.44.47:147][447]LogEditorViewport: Clicking on Actor (LMB): BP_Bodyguard_C (BP_Bodyguard)
[2018.12.21-16.44.47:616][495]Cmd: DELETE
[2018.12.21-16.44.47:616][495]Cmd: ACTOR DELETE
[2018.12.21-16.44.47:697][495]LogEditorActor: Deleted Actor: BP_Bodyguard_C
[2018.12.21-16.44.47:767][495]LogEditorActor: Deleted 1 Actors (0.082 secs)
[2018.12.21-16.45.02:906][973]LogSlate: FSceneViewport::OnFocusLost() reason 0
[2018.12.21-16.45.07:261][456]LogEditorViewport: Clicking on Actor (LMB): EntranceToRestictedArea_C (EntranceToRestictedArea2)
[2018.12.21-16.45.10:672][857]LogSlate: FSceneViewport::OnFocusLost() reason 0
[2018.12.21-16.45.17:568][641]LogSlate: FSceneViewport::OnFocusLost() reason 0
[2018.12.21-16.45.17:635][649]LogTemp: Repeating last play command: Selected Viewport
[2018.12.21-16.45.17:659][649]BlueprintLog: New page: Pre-Play auto-recompile
[2018.12.21-16.45.17:668][649]LogPlayLevel: [PlayLevel] Compiling PlayerCharacter before play...
[2018.12.21-16.45.17:817][649]LogPlayLevel: PlayLevel: Blueprint regeneration took 157 ms (1 blueprints)
[2018.12.21-16.45.17:818][649]PIE: New page: PIE session: BaseLevel (21 Dec 2018 16:45:17)
[2018.12.21-16.45.17:818][649]LogPlayLevel: Creating play world package: /Game/Levels/UEDPIE_0_BaseLevel
[2018.12.21-16.45.17:821][649]LogPlayLevel: PIE: StaticDuplicateObject took: (0.003461s)
[2018.12.21-16.45.17:822][649]LogAIModule: Creating AISystem for world BaseLevel
[2018.12.21-16.45.17:823][649]LogPlayLevel: PIE: World Init took: (0.001091s)
[2018.12.21-16.45.17:823][649]LogPlayLevel: PIE: Created PIE world by copying editor world from /Game/Levels/BaseLevel.BaseLevel to /Game/Levels/UEDPIE_0_BaseLevel.BaseLevel (0.004843s)
[2018.12.21-16.45.17:880][649]LogInit: XAudio2 using 'Speakers (Realtek High Definition Audio)' : 2 channels at 48 kHz using 32 bits per sample (channel mask 0x3)
[2018.12.21-16.45.17:903][649]LogInit: FAudioDevice initialized.
[2018.12.21-16.45.17:937][649]LogLoad: Game class is 'GM_GAME_C'
[2018.12.21-16.45.17:938][649]LogWorld: Bringing World /Game/Levels/UEDPIE_0_BaseLevel.BaseLevel up for play (max tick rate 0) at 2018.12.21-16.45.17
[2018.12.21-16.45.17:939][649]LogWorld: Bringing up level for play took: 0.001597
[2018.12.21-16.45.17:952][649]LogBlueprintUserMessages: [EntranceToRestictedArea_2] yeet
[2018.12.21-16.45.17:953][649]LogBlueprintUserMessages: [EntranceToRestictedArea2] yeet
[2018.12.21-16.45.17:954][649]PIE: Error: Blueprint Runtime Error: "Accessed None trying to read property PlayerCurrentWeapon". Blueprint:  Widget_WeaponAmmo Function:  Execute Ubergraph Widget Weapon Ammo Graph:  EventGraph Node:  SetText (Text)
[2018.12.21-16.45.17:954][649]PIE: Error: Blueprint Runtime Error: "Accessed None trying to read property PlayerCurrentWeapon". Blueprint:  Widget_WeaponAmmo Function:  Execute Ubergraph Widget Weapon Ammo Graph:  EventGraph Node:  SetText (Text)
[2018.12.21-16.45.17:955][649]PIE: Play in editor start time for /Game/Levels/UEDPIE_0_BaseLevel 0.786
[2018.12.21-16.45.18:883][759]LogBlueprintUserMessages: [EntranceToRestictedArea_2] yeet
[2018.12.21-16.45.18:950][767]LogBlueprintUserMessages: [EntranceToRestictedArea_2] yeet
[2018.12.21-16.45.19:459][828]LogBlueprintUserMessages: [EntranceToRestictedArea_2] yeet
[2018.12.21-16.45.19:525][836]LogBlueprintUserMessages: [EntranceToRestictedArea_2] yeet
[2018.12.21-16.45.21:762][104]LogBlueprintUserMessages: [EntranceToRestictedArea_2] yeet
[2018.12.21-16.45.21:828][112]LogBlueprintUserMessages: [EntranceToRestictedArea_2] yeet
[2018.12.21-16.45.23:554][319]LogBlueprintUserMessages: [EntranceToRestictedArea_2] yeet
[2018.12.21-16.45.23:896][360]LogBlueprintUserMessages: [EntranceToRestictedArea2] yeet
[2018.12.21-16.45.24:505][433]LogBlueprintUserMessages: [EntranceToRestictedArea2] yeet
[2018.12.21-16.45.24:746][462]LogBlueprintUserMessages: [EntranceToRestictedArea2] yeet
[2018.12.21-16.45.25:021][495]LogBlueprintUserMessages: [EntranceToRestictedArea2] yeet
[2018.12.21-16.45.25:088][503]LogBlueprintUserMessages: [EntranceToRestictedArea_2] yeet
[2018.12.21-16.45.25:330][532]LogBlueprintUserMessages: [EntranceToRestictedArea_2] yeet
[2018.12.21-16.45.25:880][598]LogBlueprintUserMessages: [EntranceToRestictedArea_2] yeet
[2018.12.21-16.45.26:122][627]LogBlueprintUserMessages: [EntranceToRestictedArea_2] yeet
[2018.12.21-16.45.27:392][700]LogBlueprintUserMessages: [EntranceToRestictedArea_2] yeet
[2018.12.21-16.45.27:393][700]LogBlueprintUserMessages: [EntranceToRestictedArea2] yeet
[2018.12.21-16.45.27:393][700]LogBlueprintUserMessages: [EntranceToRestictedArea_2] yeet
[2018.12.21-16.45.27:727][701]LogBlueprintUserMessages: [EntranceToRestictedArea_2] yeet
[2018.12.21-16.45.27:728][701]LogBlueprintUserMessages: [EntranceToRestictedArea2] yeet
[2018.12.21-16.45.28:058][702]LogBlueprintUserMessages: [EntranceToRestictedArea2] yeet
[2018.12.21-16.45.28:058][702]LogBlueprintUserMessages: [EntranceToRestictedArea_2] yeet
[2018.12.21-16.45.28:728][704]LogBlueprintUserMessages: [EntranceToRestictedArea_2] yeet
[2018.12.21-16.45.28:729][704]LogBlueprintUserMessages: [EntranceToRestictedArea2] yeet
[2018.12.21-16.45.28:729][704]LogBlueprintUserMessages: [EntranceToRestictedArea_2] yeet
[2018.12.21-16.45.35:953][827]LogSlate: FSceneViewport::OnFocusLost() reason 0
[2018.12.21-16.45.36:021][835]Cmd: OBJ SAVEPACKAGE PACKAGE="/Game/Levels/BaseLevel" FILE="D:/Documents/GitHub/TGP_PairProject/TGP_Project/Content/Levels/BaseLevel.umap" SILENT=true AUTOSAVING=false KEEPDIRTY=false
[2018.12.21-16.45.36:121][835]LogSavePackage: Moving 'D:/Documents/GitHub/TGP_PairProject/TGP_Project/Saved/BaseLevel03D1C10D412CD44893F2CBB64BFE78CA.tmp' to 'D:/Documents/GitHub/TGP_PairProject/TGP_Project/Content/Levels/BaseLevel.umap'
[2018.12.21-16.45.37:861][898]LogSlate: Window 'Save Content' being destroyed
[2018.12.21-16.45.37:867][898]Cmd: OBJ SAVEPACKAGE PACKAGE="/Game/Blueprints/PlayerCharacter" FILE="D:/Documents/GitHub/TGP_PairProject/TGP_Project/Content/Blueprints/PlayerCharacter.uasset" SILENT=true
[2018.12.21-16.45.37:896][898]LogSavePackage: Moving 'D:/Documents/GitHub/TGP_PairProject/TGP_Project/Saved/PlayerCharacterFE92A7E54555D2C6AE3524B7DC07CE9B.tmp' to 'D:/Documents/GitHub/TGP_PairProject/TGP_Project/Content/Blueprints/PlayerCharacter.uasset'
[2018.12.21-16.45.37:899][898]Cmd: OBJ SAVEPACKAGE PACKAGE="/Game/Widget_WeaponAmmo" FILE="D:/Documents/GitHub/TGP_PairProject/TGP_Project/Content/Widget_WeaponAmmo.uasset" SILENT=true
[2018.12.21-16.45.37:932][898]LogSavePackage: Moving 'D:/Documents/GitHub/TGP_PairProject/TGP_Project/Saved/Widget_WeaponAmmoB900E41D44CDC4799C0482B3775C1117.tmp' to 'D:/Documents/GitHub/TGP_PairProject/TGP_Project/Content/Widget_WeaponAmmo.uasset'
[2018.12.21-16.46.03:329][256]LogSlate: Updating window title bar state: overlay mode, drag disabled, window buttons hidden, title bar hidden
[2018.12.21-16.46.03:369][256]LogPlayLevel: Display: Shutting down PIE online subsystems
[2018.12.21-16.46.03:401][256]LogSlate: Updating window title bar state: overlay mode, drag disabled, window buttons hidden, title bar hidden
[2018.12.21-16.46.03:430][258]LogPlayLevel: Display: Destroying online subsystem :Context_13
[2018.12.21-16.46.08:148][817]LogEditorViewport: Clicking on Actor (context menu): BP_Bodyguard_C (BP_Bodyguard)
[2018.12.21-16.46.08:225][817]LogSlate: FSceneViewport::OnFocusLost() reason 2
[2018.12.21-16.46.10:227][ 43]LogAssetEditorManager: Opening Asset editor for Blueprint /Game/Blueprints/BP_Bodyguard.BP_Bodyguard
[2018.12.21-16.46.11:942][198]LogAssetEditorManager: Opening Asset editor for Blueprint /Game/Blueprints/BP_Bodyguard.BP_Bodyguard
[2018.12.21-16.47.00:059][849]LogSlate: FSceneViewport::OnFocusLost() reason 0
[2018.12.21-16.47.00:134][858]BlueprintLog: New page: Compile BP_Bodyguard
[2018.12.21-16.47.02:625][114]LogTemp: Repeating last play command: Selected Viewport
[2018.12.21-16.47.02:650][114]LogPlayLevel: PlayLevel: No blueprints needed recompiling
[2018.12.21-16.47.02:650][114]PIE: New page: PIE session: BaseLevel (21 Dec 2018 16:47:02)
[2018.12.21-16.47.02:651][114]LogPlayLevel: Creating play world package: /Game/Levels/UEDPIE_0_BaseLevel
[2018.12.21-16.47.02:654][114]LogPlayLevel: PIE: StaticDuplicateObject took: (0.003217s)
[2018.12.21-16.47.02:654][114]LogAIModule: Creating AISystem for world BaseLevel
[2018.12.21-16.47.02:655][114]LogPlayLevel: PIE: World Init took: (0.000668s)
[2018.12.21-16.47.02:655][114]LogPlayLevel: PIE: Created PIE world by copying editor world from /Game/Levels/BaseLevel.BaseLevel to /Game/Levels/UEDPIE_0_BaseLevel.BaseLevel (0.004175s)
[2018.12.21-16.47.02:716][114]LogInit: XAudio2 using 'Speakers (Realtek High Definition Audio)' : 2 channels at 48 kHz using 32 bits per sample (channel mask 0x3)
[2018.12.21-16.47.02:741][114]LogInit: FAudioDevice initialized.
[2018.12.21-16.47.02:775][114]LogLoad: Game class is 'GM_GAME_C'
[2018.12.21-16.47.02:776][114]LogWorld: Bringing World /Game/Levels/UEDPIE_0_BaseLevel.BaseLevel up for play (max tick rate 0) at 2018.12.21-16.47.02
[2018.12.21-16.47.02:777][114]LogWorld: Bringing up level for play took: 0.001627
[2018.12.21-16.47.02:791][114]LogBlueprintUserMessages: [EntranceToRestictedArea_2] yeet
[2018.12.21-16.47.02:791][114]LogBlueprintUserMessages: [EntranceToRestictedArea2] yeet
[2018.12.21-16.47.02:793][114]PIE: Error: Blueprint Runtime Error: "Accessed None trying to read property PlayerCurrentWeapon". Blueprint:  Widget_WeaponAmmo Function:  Execute Ubergraph Widget Weapon Ammo Graph:  EventGraph Node:  SetText (Text)
[2018.12.21-16.47.02:793][114]PIE: Error: Blueprint Runtime Error: "Accessed None trying to read property PlayerCurrentWeapon". Blueprint:  Widget_WeaponAmmo Function:  Execute Ubergraph Widget Weapon Ammo Graph:  EventGraph Node:  SetText (Text)
[2018.12.21-16.47.02:793][114]PIE: Play in editor start time for /Game/Levels/UEDPIE_0_BaseLevel -0.375
[2018.12.21-16.47.04:125][273]LogBlueprintUserMessages: [EntranceToRestictedArea_2] yeet
[2018.12.21-16.47.04:183][280]LogBlueprintUserMessages: [EntranceToRestictedArea_2] yeet
[2018.12.21-16.47.04:308][295]LogBlueprintUserMessages: [EntranceToRestictedArea_2] yeet
[2018.12.21-16.47.04:375][303]LogBlueprintUserMessages: [EntranceToRestictedArea_2] yeet
[2018.12.21-16.47.09:061][842]LogBlueprintUserMessages: [EntranceToRestictedArea2] yeet
[2018.12.21-16.47.09:095][846]LogBlueprintUserMessages: [EntranceToRestictedArea_2] yeet
[2018.12.21-16.47.12:106][207]LogBlueprintUserMessages: [EntranceToRestictedArea2] yeet
[2018.12.21-16.47.12:140][211]LogBlueprintUserMessages: [EntranceToRestictedArea_2] yeet
[2018.12.21-16.47.12:348][236]LogBlueprintUserMessages: [EntranceToRestictedArea_2] yeet
[2018.12.21-16.47.12:415][244]LogBlueprintUserMessages: [EntranceToRestictedArea_2] yeet
[2018.12.21-16.47.12:448][248]LogBlueprintUserMessages: [EntranceToRestictedArea2] yeet
[2018.12.21-16.47.14:616][508]LogBlueprintUserMessages: [EntranceToRestictedArea_2] yeet
[2018.12.21-16.47.15:050][560]LogBlueprintUserMessages: [EntranceToRestictedArea_2] yeet
[2018.12.21-16.47.15:058][561]LogBlueprintUserMessages: [EntranceToRestictedArea_2] yeet
[2018.12.21-16.47.15:116][568]LogBlueprintUserMessages: [EntranceToRestictedArea_2] yeet
[2018.12.21-16.47.15:375][599]LogBlueprintUserMessages: [EntranceToRestictedArea2] yeet
[2018.12.21-16.47.15:616][628]LogBlueprintUserMessages: [EntranceToRestictedArea2] yeet
[2018.12.21-16.47.18:500][974]LogBlueprintUserMessages: [EntranceToRestictedArea2] yeet
[2018.12.21-16.47.19:817][132]LogBlueprintUserMessages: [EntranceToRestictedArea2] yeet
[2018.12.21-16.47.20:059][161]LogBlueprintUserMessages: [EntranceToRestictedArea2] yeet
[2018.12.21-16.47.20:401][202]LogBlueprintUserMessages: [EntranceToRestictedArea_2] yeet
[2018.12.21-16.47.20:609][227]LogBlueprintUserMessages: [EntranceToRestictedArea2] yeet
[2018.12.21-16.47.20:642][231]LogBlueprintUserMessages: [EntranceToRestictedArea_2] yeet
[2018.12.21-16.47.21:267][306]LogBlueprintUserMessages: [EntranceToRestictedArea_2] yeet
[2018.12.21-16.47.21:526][337]LogBlueprintUserMessages: [EntranceToRestictedArea_2] yeet
[2018.12.21-16.47.31:768][566]LogSlate: FSceneViewport::OnFocusLost() reason 0
[2018.12.21-16.47.31:852][576]LogNet: Browse: /Game/Levels/MainMenu
[2018.12.21-16.47.31:853][576]LogLoad: LoadMap: /Game/Levels/MainMenu
[2018.12.21-16.47.31:888][576]LogLinker: Warning: Can't find file '/Game/Levels/MainMenu_BuiltData'
[2018.12.21-16.47.31:889][576]LogLinker: Warning: Can't find file for asset '/Game/Levels/MainMenu_BuiltData' while loading D:/Documents/GitHub/TGP_PairProject/TGP_Project/Content/Levels/MainMenu.umap.
[2018.12.21-16.47.31:889][576]LogLinker: Warning: Can't find file '/Game/Levels/MainMenu_BuiltData'
[2018.12.21-16.47.31:889][576]LogLinker: Warning: Can't find file for asset '/Game/Levels/MainMenu_BuiltData' while loading D:/Documents/GitHub/TGP_PairProject/TGP_Project/Content/Levels/MainMenu.umap.
[2018.12.21-16.47.31:892][576]LogLinker: Warning: Can't find file '/Game/Levels/MainMenu_BuiltData'
[2018.12.21-16.47.31:892][576]LogLinker: Warning: Can't find file for asset '/Game/Levels/MainMenu_BuiltData' while loading NULL.
[2018.12.21-16.47.31:893][576]LogLinker: Warning: Can't find file '/Game/Levels/MainMenu_BuiltData'
[2018.12.21-16.47.31:893][576]LogLinker: Warning: Can't find file for asset '/Game/Levels/MainMenu_BuiltData' while loading NULL.
[2018.12.21-16.47.31:896][576]LogLinker: Warning: Can't find file '/Game/Levels/MainMenu_BuiltData'
[2018.12.21-16.47.31:896][576]LogLinker: Warning: Can't find file for asset '/Game/Levels/MainMenu_BuiltData' while loading NULL.
[2018.12.21-16.47.31:905][576]LogAIModule: Creating AISystem for world MainMenu
[2018.12.21-16.47.31:905][576]LogLoad: Game class is 'MenuGameMode_C'
[2018.12.21-16.47.31:906][576]LogWorld: Bringing World /Game/Levels/UEDPIE_0_MainMenu.MainMenu up for play (max tick rate 0) at 2018.12.21-16.47.31
[2018.12.21-16.47.31:907][576]LogWorld: Bringing up level for play took: 0.000662
[2018.12.21-16.47.31:907][576]LogGameMode: FindPlayerStart: PATHS NOT DEFINED or NO PLAYERSTART with positive rating
[2018.12.21-16.47.31:908][576]LogLoad: Took 0.055713 seconds to LoadMap(/Game/Levels/MainMenu)
[2018.12.21-16.47.33:036][710]LogSlate: Updating window title bar state: overlay mode, drag disabled, window buttons hidden, title bar hidden
[2018.12.21-16.47.33:073][710]LogPlayLevel: Display: Shutting down PIE online subsystems
[2018.12.21-16.47.33:105][710]LogSlate: Updating window title bar state: overlay mode, drag disabled, window buttons hidden, title bar hidden
[2018.12.21-16.47.33:135][712]LogPlayLevel: Display: Destroying online subsystem :Context_16
[2018.12.21-16.47.36:188][ 72]Cmd: OBJ SAVEPACKAGE PACKAGE="/Game/Blueprints/BP_Bodyguard" FILE="D:/Documents/GitHub/TGP_PairProject/TGP_Project/Content/Blueprints/BP_Bodyguard.uasset" SILENT=true
[2018.12.21-16.47.36:214][ 72]LogSavePackage: Moving 'D:/Documents/GitHub/TGP_PairProject/TGP_Project/Saved/BP_Bodyguard73CD399140B944233AB4C68707075013.tmp' to 'D:/Documents/GitHub/TGP_PairProject/TGP_Project/Content/Blueprints/BP_Bodyguard.uasset'
[2018.12.21-16.47.55:076][209]LogTemp: Repeating last play command: Selected Viewport
[2018.12.21-16.47.55:107][209]LogPlayLevel: PlayLevel: No blueprints needed recompiling
[2018.12.21-16.47.55:107][209]PIE: New page: PIE session: BaseLevel (21 Dec 2018 16:47:55)
[2018.12.21-16.47.55:107][209]LogPlayLevel: Creating play world package: /Game/Levels/UEDPIE_0_BaseLevel
[2018.12.21-16.47.55:110][209]LogPlayLevel: PIE: StaticDuplicateObject took: (0.003412s)
[2018.12.21-16.47.55:111][209]LogAIModule: Creating AISystem for world BaseLevel
[2018.12.21-16.47.55:111][209]LogPlayLevel: PIE: World Init took: (0.000803s)
[2018.12.21-16.47.55:111][209]LogPlayLevel: PIE: Created PIE world by copying editor world from /Game/Levels/BaseLevel.BaseLevel to /Game/Levels/UEDPIE_0_BaseLevel.BaseLevel (0.004524s)
[2018.12.21-16.47.55:175][209]LogInit: XAudio2 using 'Speakers (Realtek High Definition Audio)' : 2 channels at 48 kHz using 32 bits per sample (channel mask 0x3)
[2018.12.21-16.47.55:199][209]LogInit: FAudioDevice initialized.
[2018.12.21-16.47.55:207][209]LogSlate: Updating window title bar state: overlay mode, drag disabled, window buttons hidden, title bar hidden
[2018.12.21-16.47.55:243][209]LogLoad: Game class is 'GM_GAME_C'
[2018.12.21-16.47.55:245][209]LogWorld: Bringing World /Game/Levels/UEDPIE_0_BaseLevel.BaseLevel up for play (max tick rate 0) at 2018.12.21-16.47.55
[2018.12.21-16.47.55:246][209]LogWorld: Bringing up level for play took: 0.001834
[2018.12.21-16.47.55:259][209]LogBlueprintUserMessages: [EntranceToRestictedArea_2] yeet
[2018.12.21-16.47.55:259][209]LogBlueprintUserMessages: [EntranceToRestictedArea2] yeet
[2018.12.21-16.47.55:261][209]PIE: Error: Blueprint Runtime Error: "Accessed None trying to read property PlayerCurrentWeapon". Blueprint:  Widget_WeaponAmmo Function:  Execute Ubergraph Widget Weapon Ammo Graph:  EventGraph Node:  SetText (Text)
[2018.12.21-16.47.55:261][209]PIE: Error: Blueprint Runtime Error: "Accessed None trying to read property PlayerCurrentWeapon". Blueprint:  Widget_WeaponAmmo Function:  Execute Ubergraph Widget Weapon Ammo Graph:  EventGraph Node:  SetText (Text)
[2018.12.21-16.47.55:263][209]PIE: Play in editor start time for /Game/Levels/UEDPIE_0_BaseLevel 0.094
[2018.12.21-16.47.56:335][328]LogBlueprintUserMessages: [EntranceToRestictedArea_2] yeet
[2018.12.21-16.47.56:393][335]LogBlueprintUserMessages: [EntranceToRestictedArea_2] yeet
[2018.12.21-16.47.56:793][383]LogBlueprintUserMessages: [EntranceToRestictedArea_2] yeet
[2018.12.21-16.47.56:828][387]LogBlueprintUserMessages: [EntranceToRestictedArea_2] yeet
[2018.12.21-16.47.56:861][391]LogBlueprintUserMessages: [EntranceToRestictedArea_2] yeet
[2018.12.21-16.47.56:886][394]LogBlueprintUserMessages: [EntranceToRestictedArea_2] yeet
[2018.12.21-16.47.57:886][514]LogSlate: FSceneViewport::OnFocusLost() reason 0
[2018.12.21-16.47.57:967][522]LogSlate: Window 'TGP_Project Game Preview Standalone (64-bit/PCD3D_SM5)' being destroyed
[2018.12.21-16.47.58:008][522]LogPlayLevel: Display: Shutting down PIE online subsystems
[2018.12.21-16.47.58:060][523]LogPlayLevel: Display: Destroying online subsystem :Context_17
[2018.12.21-16.48.00:239][783]LogTemp: Repeating last play command: Selected Viewport
[2018.12.21-16.48.00:263][783]LogPlayLevel: PlayLevel: No blueprints needed recompiling
[2018.12.21-16.48.00:264][783]PIE: New page: PIE session: BaseLevel (21 Dec 2018 16:48:00)
[2018.12.21-16.48.00:264][783]LogPlayLevel: Creating play world package: /Game/Levels/UEDPIE_0_BaseLevel
[2018.12.21-16.48.00:268][783]LogPlayLevel: PIE: StaticDuplicateObject took: (0.003891s)
[2018.12.21-16.48.00:268][783]LogAIModule: Creating AISystem for world BaseLevel
[2018.12.21-16.48.00:269][783]LogPlayLevel: PIE: World Init took: (0.000780s)
[2018.12.21-16.48.00:269][783]LogPlayLevel: PIE: Created PIE world by copying editor world from /Game/Levels/BaseLevel.BaseLevel to /Game/Levels/UEDPIE_0_BaseLevel.BaseLevel (0.005024s)
[2018.12.21-16.48.00:329][783]LogInit: XAudio2 using 'Speakers (Realtek High Definition Audio)' : 2 channels at 48 kHz using 32 bits per sample (channel mask 0x3)
[2018.12.21-16.48.00:352][783]LogInit: FAudioDevice initialized.
[2018.12.21-16.48.00:361][783]LogSlate: Updating window title bar state: overlay mode, drag disabled, window buttons hidden, title bar hidden
[2018.12.21-16.48.00:394][783]LogLoad: Game class is 'GM_GAME_C'
[2018.12.21-16.48.00:396][783]LogWorld: Bringing World /Game/Levels/UEDPIE_0_BaseLevel.BaseLevel up for play (max tick rate 0) at 2018.12.21-16.48.00
[2018.12.21-16.48.00:397][783]LogWorld: Bringing up level for play took: 0.001853
[2018.12.21-16.48.00:410][783]LogBlueprintUserMessages: [EntranceToRestictedArea_2] yeet
[2018.12.21-16.48.00:411][783]LogBlueprintUserMessages: [EntranceToRestictedArea2] yeet
[2018.12.21-16.48.00:412][783]PIE: Error: Blueprint Runtime Error: "Accessed None trying to read property PlayerCurrentWeapon". Blueprint:  Widget_WeaponAmmo Function:  Execute Ubergraph Widget Weapon Ammo Graph:  EventGraph Node:  SetText (Text)
[2018.12.21-16.48.00:412][783]PIE: Error: Blueprint Runtime Error: "Accessed None trying to read property PlayerCurrentWeapon". Blueprint:  Widget_WeaponAmmo Function:  Execute Ubergraph Widget Weapon Ammo Graph:  EventGraph Node:  SetText (Text)
[2018.12.21-16.48.00:414][783]PIE: Play in editor start time for /Game/Levels/UEDPIE_0_BaseLevel -0.754
[2018.12.21-16.48.01:577][916]LogBlueprintUserMessages: [EntranceToRestictedArea_2] yeet
[2018.12.21-16.48.01:635][923]LogBlueprintUserMessages: [EntranceToRestictedArea_2] yeet
[2018.12.21-16.48.01:961][962]LogBlueprintUserMessages: [EntranceToRestictedArea_2] yeet
[2018.12.21-16.48.02:027][970]LogBlueprintUserMessages: [EntranceToRestictedArea_2] yeet
[2018.12.21-16.48.02:194][990]LogBlueprintUserMessages: [EntranceToRestictedArea_2] yeet
[2018.12.21-16.48.02:252][997]LogBlueprintUserMessages: [EntranceToRestictedArea_2] yeet
[2018.12.21-16.48.02:286][  1]LogBlueprintUserMessages: [EntranceToRestictedArea2] yeet
[2018.12.21-16.48.02:502][ 27]LogSlate: FSceneViewport::OnFocusLost() reason 0
[2018.12.21-16.48.02:574][ 34]LogSlate: Window 'TGP_Project Game Preview Standalone (64-bit/PCD3D_SM5)' being destroyed
[2018.12.21-16.48.02:613][ 34]LogPlayLevel: Display: Shutting down PIE online subsystems
[2018.12.21-16.48.02:663][ 35]LogPlayLevel: Display: Destroying online subsystem :Context_18
[2018.12.21-16.48.10:085][913]LogTemp: Repeating last play command: Selected Viewport
[2018.12.21-16.48.10:110][913]BlueprintLog: New page: Pre-Play auto-recompile
[2018.12.21-16.48.10:115][913]LogPlayLevel: [PlayLevel] Compiling Widget_WeaponAmmo before play...
[2018.12.21-16.48.10:267][913]LogPlayLevel: PlayLevel: Blueprint regeneration took 157 ms (1 blueprints)
[2018.12.21-16.48.10:267][913]PIE: New page: PIE session: BaseLevel (21 Dec 2018 16:48:10)
[2018.12.21-16.48.10:267][913]LogPlayLevel: Creating play world package: /Game/Levels/UEDPIE_0_BaseLevel
[2018.12.21-16.48.10:271][913]LogPlayLevel: PIE: StaticDuplicateObject took: (0.003324s)
[2018.12.21-16.48.10:271][913]LogAIModule: Creating AISystem for world BaseLevel
[2018.12.21-16.48.10:272][913]LogPlayLevel: PIE: World Init took: (0.000755s)
[2018.12.21-16.48.10:272][913]LogPlayLevel: PIE: Created PIE world by copying editor world from /Game/Levels/BaseLevel.BaseLevel to /Game/Levels/UEDPIE_0_BaseLevel.BaseLevel (0.004961s)
[2018.12.21-16.48.10:334][913]LogInit: XAudio2 using 'Speakers (Realtek High Definition Audio)' : 2 channels at 48 kHz using 32 bits per sample (channel mask 0x3)
[2018.12.21-16.48.10:356][913]LogInit: FAudioDevice initialized.
[2018.12.21-16.48.10:363][913]LogSlate: Updating window title bar state: overlay mode, drag disabled, window buttons hidden, title bar hidden
[2018.12.21-16.48.10:400][913]LogLoad: Game class is 'GM_GAME_C'
[2018.12.21-16.48.10:402][913]LogWorld: Bringing World /Game/Levels/UEDPIE_0_BaseLevel.BaseLevel up for play (max tick rate 0) at 2018.12.21-16.48.10
[2018.12.21-16.48.10:402][913]LogWorld: Bringing up level for play took: 0.001669
[2018.12.21-16.48.10:416][913]LogBlueprintUserMessages: [EntranceToRestictedArea_2] yeet
[2018.12.21-16.48.10:416][913]LogBlueprintUserMessages: [EntranceToRestictedArea2] yeet
[2018.12.21-16.48.10:418][913]PIE: Play in editor start time for /Game/Levels/UEDPIE_0_BaseLevel 1.25
[2018.12.21-16.48.11:327][ 15]LogBlueprintUserMessages: [EntranceToRestictedArea_2] yeet
[2018.12.21-16.48.11:386][ 22]LogBlueprintUserMessages: [EntranceToRestictedArea_2] yeet
[2018.12.21-16.48.12:015][ 97]LogBlueprintUserMessages: [EntranceToRestictedArea_2] yeet
[2018.12.21-16.48.12:065][103]LogSlate: FSceneViewport::OnFocusLost() reason 0
[2018.12.21-16.48.12:138][110]LogSlate: Window 'TGP_Project Game Preview Standalone (64-bit/PCD3D_SM5)' being destroyed
[2018.12.21-16.48.12:178][110]LogPlayLevel: Display: Shutting down PIE online subsystems
[2018.12.21-16.48.12:230][111]LogPlayLevel: Display: Destroying online subsystem :Context_19
[2018.12.21-16.48.13:853][298]Cmd: OBJ SAVEPACKAGE PACKAGE="/Game/Widget_WeaponAmmo" FILE="D:/Documents/GitHub/TGP_PairProject/TGP_Project/Content/Widget_WeaponAmmo.uasset" SILENT=true
[2018.12.21-16.48.13:884][298]LogSavePackage: Moving 'D:/Documents/GitHub/TGP_PairProject/TGP_Project/Saved/Widget_WeaponAmmo2235F96E4B5E114E94313AB74DD00276.tmp' to 'D:/Documents/GitHub/TGP_PairProject/TGP_Project/Content/Widget_WeaponAmmo.uasset'
[2018.12.21-16.48.15:339][469]Cmd: OBJ SAVEPACKAGE PACKAGE="/Game/Levels/BaseLevel" FILE="D:/Documents/GitHub/TGP_PairProject/TGP_Project/Content/Levels/BaseLevel.umap" SILENT=true AUTOSAVING=false KEEPDIRTY=false
[2018.12.21-16.48.15:442][469]LogSavePackage: Moving 'D:/Documents/GitHub/TGP_PairProject/TGP_Project/Saved/BaseLevelBBCF272D46DB99F3585296910215F71F.tmp' to 'D:/Documents/GitHub/TGP_PairProject/TGP_Project/Content/Levels/BaseLevel.umap'
[2018.12.21-16.48.24:798][586]LogSlate: Window 'Message Log' being destroyed
[2018.12.21-16.48.24:802][586]LogSlate: Window 'Message Log' being destroyed
[2018.12.21-16.48.25:620][683]Cmd: OBJ SAVEPACKAGE PACKAGE="/Game/Levels/BaseLevel" FILE="D:/Documents/GitHub/TGP_PairProject/TGP_Project/Content/Levels/BaseLevel.umap" SILENT=true AUTOSAVING=false KEEPDIRTY=false
[2018.12.21-16.48.25:720][683]LogSavePackage: Moving 'D:/Documents/GitHub/TGP_PairProject/TGP_Project/Saved/BaseLevelB56A3DA1447F0993ACA9E3AB54EB92AD.tmp' to 'D:/Documents/GitHub/TGP_PairProject/TGP_Project/Content/Levels/BaseLevel.umap'
[2018.12.21-16.48.38:172][161]LogSlate: FSceneViewport::OnFocusLost() reason 0
[2018.12.21-16.48.38:246][170]LogTemp: Repeating last play command: Selected Viewport
[2018.12.21-16.48.38:271][170]LogPlayLevel: PlayLevel: No blueprints needed recompiling
[2018.12.21-16.48.38:272][170]PIE: New page: PIE session: BaseLevel (21 Dec 2018 16:48:38)
[2018.12.21-16.48.38:272][170]LogPlayLevel: Creating play world package: /Game/Levels/UEDPIE_0_BaseLevel
[2018.12.21-16.48.38:275][170]LogPlayLevel: PIE: StaticDuplicateObject took: (0.003287s)
[2018.12.21-16.48.38:276][170]LogAIModule: Creating AISystem for world BaseLevel
[2018.12.21-16.48.38:277][170]LogPlayLevel: PIE: World Init took: (0.001107s)
[2018.12.21-16.48.38:277][170]LogPlayLevel: PIE: Created PIE world by copying editor world from /Game/Levels/BaseLevel.BaseLevel to /Game/Levels/UEDPIE_0_BaseLevel.BaseLevel (0.004732s)
[2018.12.21-16.48.38:340][170]LogInit: XAudio2 using 'Speakers (Realtek High Definition Audio)' : 2 channels at 48 kHz using 32 bits per sample (channel mask 0x3)
[2018.12.21-16.48.38:362][170]LogInit: FAudioDevice initialized.
[2018.12.21-16.48.38:396][170]LogLoad: Game class is 'GM_GAME_C'
[2018.12.21-16.48.38:398][170]LogWorld: Bringing World /Game/Levels/UEDPIE_0_BaseLevel.BaseLevel up for play (max tick rate 0) at 2018.12.21-16.48.38
[2018.12.21-16.48.38:399][170]LogWorld: Bringing up level for play took: 0.001633
[2018.12.21-16.48.38:413][170]LogBlueprintUserMessages: [EntranceToRestictedArea_2] yeet
[2018.12.21-16.48.38:413][170]LogBlueprintUserMessages: [EntranceToRestictedArea2] yeet
[2018.12.21-16.48.38:415][170]PIE: Play in editor start time for /Game/Levels/UEDPIE_0_BaseLevel -0.754
[2018.12.21-16.48.39:497][299]LogBlueprintUserMessages: [EntranceToRestictedArea_2] yeet
[2018.12.21-16.48.39:556][306]LogBlueprintUserMessages: [EntranceToRestictedArea_2] yeet
[2018.12.21-16.48.39:947][353]LogBlueprintUserMessages: [EntranceToRestictedArea_2] yeet
[2018.12.21-16.48.40:006][360]LogBlueprintUserMessages: [EntranceToRestictedArea_2] yeet
[2018.12.21-16.48.41:323][518]LogBlueprintUserMessages: [EntranceToRestictedArea_2] yeet
[2018.12.21-16.48.41:373][524]LogBlueprintUserMessages: [EntranceToRestictedArea2] yeet
[2018.12.21-16.48.41:390][526]LogBlueprintUserMessages: [EntranceToRestictedArea_2] yeet
[2018.12.21-16.48.41:757][570]LogBlueprintUserMessages: [EntranceToRestictedArea_2] yeet
[2018.12.21-16.48.41:815][577]LogBlueprintUserMessages: [EntranceToRestictedArea_2] yeet
[2018.12.21-16.48.41:832][579]LogBlueprintUserMessages: [EntranceToRestictedArea2] yeet
[2018.12.21-16.48.50:913][662]LogBlueprintUserMessages: [EntranceToRestictedArea2] yeet
[2018.12.21-16.48.51:538][737]LogBlueprintUserMessages: [EntranceToRestictedArea_2] yeet
[2018.12.21-16.49.07:584][661]LogBlueprintUserMessages: [EntranceToRestictedArea3] yeet
[2018.12.21-16.49.25:058][757]LogSlate: FSceneViewport::OnFocusLost() reason 0
[2018.12.21-16.49.25:143][767]LogSlate: Updating window title bar state: overlay mode, drag disabled, window buttons hidden, title bar hidden
[2018.12.21-16.49.25:181][767]LogPlayLevel: Display: Shutting down PIE online subsystems
[2018.12.21-16.49.25:215][767]LogSlate: Updating window title bar state: overlay mode, drag disabled, window buttons hidden, title bar hidden
[2018.12.21-16.49.25:251][770]LogPlayLevel: Display: Destroying online subsystem :Context_20
[2018.12.21-16.50.24:802][391]LogActorComponent: UnregisterComponent: (/Engine/Transient.EditorFloorComp) Not registered. Aborting.
[2018.12.21-16.50.24:855][391]LogActorComponent: UnregisterComponent: (/Engine/Transient.EditorFloorComp) Not registered. Aborting.
[2018.12.21-16.50.24:914][391]LogSlate: Window 'TGP_Project - Unreal Editor' being destroyed
[2018.12.21-16.50.24:914][391]LogWindowsTextInputMethodSystem: Display: IME system now deactivated.
[2018.12.21-16.50.25:293][392]Cmd: QUIT_EDITOR
[2018.12.21-16.50.25:963][392]LogExit: Preparing to exit.
