Log file open, 01/04/19 20:37:23
LogWindows: Failed to load 'aqProf.dll' (GetLastError=126)
LogWindows: File 'aqProf.dll' does not exist
LogWindows: Failed to load 'VSPerf140.dll' (GetLastError=126)
LogWindows: File 'VSPerf140.dll' does not exist
LogWindows: Failed to load 'VtuneApi.dll' (GetLastError=126)
LogWindows: File 'VtuneApi.dll' does not exist
LogWindows: Failed to load 'VtuneApi32e.dll' (GetLastError=126)
LogWindows: File 'VtuneApi32e.dll' does not exist
LogInit: Display: Running engine for game: TGP_Project
LogPlatformFile: Not using cached read wrapper
LogTaskGraph: Started task graph with 5 named threads and 14 total threads with 3 sets of task threads.
LogStats: Stats thread started at 0.298891
LogD3D11RHI: Loaded GFSDK_Aftermath_Lib.x64.dll
LogICUInternationalization: Display: ICU TimeZone Detection - Raw Offset: +0:00, Platform Override: ''
LogPluginManager: Mounting plugin Paper2D
LogPluginManager: Mounting plugin AISupport
LogPluginManager: Mounting plugin LightPropagationVolume
LogPluginManager: Mounting plugin CLionSourceCodeAccess
LogPluginManager: Mounting plugin CodeLiteSourceCodeAccess
LogPluginManager: Mounting plugin GitSourceControl
LogPluginManager: Mounting plugin KDevelopSourceCodeAccess
LogPluginManager: Mounting plugin NullSourceCodeAccess
LogPluginManager: Mounting plugin PerforceSourceControl
LogPluginManager: Mounting plugin SubversionSourceControl
LogPluginManager: Mounting plugin UObjectPlugin
LogPluginManager: Mounting plugin VisualStudioCodeSourceCodeAccess
LogPluginManager: Mounting plugin VisualStudioSourceCodeAccess
LogPluginManager: Mounting plugin XCodeSourceCodeAccess
LogPluginManager: Mounting plugin AssetManagerEditor
LogPluginManager: Mounting plugin CryptoKeys
LogPluginManager: Mounting plugin DataValidation
LogPluginManager: Mounting plugin FacialAnimation
LogPluginManager: Mounting plugin GameplayTagsEditor
LogPluginManager: Mounting plugin MacGraphicsSwitching
LogPluginManager: Mounting plugin MeshEditor
LogPluginManager: Mounting plugin MobileLauncherProfileWizard
LogPluginManager: Mounting plugin PluginBrowser
LogPluginManager: Mounting plugin SpeedTreeImporter
LogPluginManager: Mounting plugin DatasmithContent
LogPluginManager: Mounting plugin AlembicImporter
LogPluginManager: Mounting plugin AppleImageUtils
LogPluginManager: Mounting plugin AppleVision
LogPluginManager: Mounting plugin BackChannel
LogPluginManager: Mounting plugin CharacterAI
LogPluginManager: Mounting plugin GeometryCache
LogPluginManager: Mounting plugin HTML5Networking
LogPluginManager: Mounting plugin ProxyLODPlugin
LogPluginManager: Mounting plugin MagicLeap
LogPluginManager: Mounting plugin MagicLeapEmulator
LogPluginManager: Mounting plugin MagicLeapMedia
LogPluginManager: Mounting plugin AndroidMedia
LogPluginManager: Mounting plugin AvfMedia
LogPluginManager: Mounting plugin ImgMedia
LogPluginManager: Mounting plugin LinearTimecode
LogPluginManager: Mounting plugin MediaCompositing
LogPluginManager: Mounting plugin MediaPlayerEditor
LogPluginManager: Mounting plugin WmfMedia
LogPluginManager: Mounting plugin TcpMessaging
LogPluginManager: Mounting plugin UdpMessaging
LogPluginManager: Mounting plugin ActorSequence
LogPluginManager: Mounting plugin LevelSequenceEditor
LogPluginManager: Mounting plugin MatineeToLevelSequence
LogPluginManager: Mounting plugin NetcodeUnitTest
LogPluginManager: Mounting plugin NUTUnrealEngine4
LogPluginManager: Mounting plugin OnlineSubsystemGooglePlay
LogPluginManager: Mounting plugin OnlineSubsystemIOS
LogPluginManager: Mounting plugin OnlineSubsystem
LogPluginManager: Mounting plugin OnlineSubsystemNull
LogPluginManager: Mounting plugin OnlineSubsystemUtils
LogPluginManager: Mounting plugin LauncherChunkInstaller
LogPluginManager: Mounting plugin AndroidDeviceProfileSelector
LogPluginManager: Mounting plugin AndroidMoviePlayer
LogPluginManager: Mounting plugin AndroidPermission
LogPluginManager: Mounting plugin AppleMoviePlayer
LogPluginManager: Mounting plugin ArchVisCharacter
LogPluginManager: Mounting plugin AudioCapture
LogPluginManager: Mounting plugin CableComponent
LogPluginManager: Mounting plugin CustomMeshComponent
LogPluginManager: Mounting plugin EditableMesh
LogPluginManager: Mounting plugin ExampleDeviceProfileSelector
LogPluginManager: Mounting plugin GoogleCloudMessaging
LogPluginManager: Mounting plugin ImmediatePhysics
LogPluginManager: Mounting plugin IOSDeviceProfileSelector
LogPluginManager: Mounting plugin LinuxDeviceProfileSelector
LogPluginManager: Mounting plugin LocationServicesBPLibrary
LogPluginManager: Mounting plugin MobilePatchingUtils
LogPluginManager: Mounting plugin OculusVR
LogPluginManager: Plugin shader directory ../../../Engine/Plugins/Runtime/Oculus/OculusVR/Shaders found
LogPluginManager: Mapping shader source directory ../../../Engine/Plugins/Runtime/Oculus/OculusVR/Shaders to virtual directory /Plugin/OculusVR
LogPluginManager: Mounting plugin PhysXVehicles
LogPluginManager: Mounting plugin ProceduralMeshComponent
LogPluginManager: Mounting plugin RuntimePhysXCooking
LogPluginManager: Mounting plugin SteamVR
LogPluginManager: Mounting plugin WindowsMoviePlayer
LogStreaming: Display: Took  0.155s to configure plugins.
LogInit: Using libcurl 7.55.1-DEV
LogInit:  - built for x86_64-pc-win32
LogInit:  - supports SSL with OpenSSL/1.0.2h
LogInit:  - supports HTTP deflate (compression) using libz 1.2.8
LogInit:  - other features:
LogInit:      CURL_VERSION_SSL
LogInit:      CURL_VERSION_LIBZ
LogInit:      CURL_VERSION_IPV6
LogInit:      CURL_VERSION_ASYNCHDNS
LogInit:      CURL_VERSION_LARGEFILE
LogInit:      CURL_VERSION_IDN
LogInit:  CurlRequestOptions (configurable via config and command line):
LogInit:  - bVerifyPeer = false  - Libcurl will NOT verify peer certificate
LogInit:  - bUseHttpProxy = false  - Libcurl will NOT use HTTP proxy
LogInit:  - bDontReuseConnections = false  - Libcurl will reuse connections
LogInit:  - CertBundlePath = nullptr  - Libcurl will use whatever was configured at build time.
LogInit:  - MaxHostConnections = 16  - Libcurl will limit the number of connections to a host
LogInit:  - LocalHostAddr = Default
LogInit:  - BufferSize = 65536
LogInit: WinSock: version 1.1 (2.2), MaxSocks=32767, MaxUdp=65467
LogInit: Build: ++UE4+Release-4.20-CL-4369336
LogInit: Engine Version: 4.20.3-4369336+++UE4+Release-4.20
LogInit: Compatible Engine Version: 4.20.0-4212847+++UE4+Release-4.20
LogInit: Net CL: 4212847
LogInit: OS: Windows 10 (), CPU: Intel(R) Core(TM) i5-4590 CPU @ 3.30GHz, GPU: NVIDIA GeForce GTX 1060 6GB
LogInit: Compiled (64-bit): Sep 17 2018 12:26:19
LogInit: Compiled with Visual C++: 19.13.26129.00
LogInit: Build Configuration: Development
LogInit: Branch Name: ++UE4+Release-4.20
LogInit: Command Line:  -skipcompile
LogInit: Base Directory: C:/Program Files/Epic Games/UE_4.20/Engine/Binaries/Win64/
LogInit: Installed Engine Build: 1
LogDevObjectVersion: Number of dev versions registered: 20
LogDevObjectVersion:   Dev-Blueprints (B0D832E4-1F89-4F0D-ACCF-7EB736FD4AA2): 10
LogDevObjectVersion:   Dev-Build (E1C64328-A22C-4D53-A36C-8E866417BD8C): 0
LogDevObjectVersion:   Dev-Core (375EC13C-06E4-48FB-B500-84F0262A717E): 2
LogDevObjectVersion:   Dev-Editor (E4B068ED-F494-42E9-A231-DA0B2E46BB41): 24
LogDevObjectVersion:   Dev-Framework (CFFC743F-43B0-4480-9391-14DF171D2073): 34
LogDevObjectVersion:   Dev-Mobile (B02B49B5-BB20-44E9-A304-32B752E40360): 2
LogDevObjectVersion:   Dev-Networking (A4E4105C-59A1-49B5-A7C5-40C4547EDFEE): 0
LogDevObjectVersion:   Dev-Online (39C831C9-5AE6-47DC-9A44-9C173E1C8E7C): 0
LogDevObjectVersion:   Dev-Physics (78F01B33-EBEA-4F98-B9B4-84EACCB95AA2): 0
LogDevObjectVersion:   Dev-Platform (6631380F-2D4D-43E0-8009-CF276956A95A): 0
LogDevObjectVersion:   Dev-Rendering (12F88B9F-8875-4AFC-A67C-D90C383ABD29): 26
LogDevObjectVersion:   Dev-Sequencer (7B5AE74C-D270-4C10-A958-57980B212A5A): 9
LogDevObjectVersion:   Dev-VR (D7296918-1DD6-4BDD-9DE2-64A83CC13884): 2
LogDevObjectVersion:   Dev-LoadTimes (C2A15278-BFE7-4AFE-6C17-90FF531DF755): 1
LogDevObjectVersion:   Private-Geometry (6EACA3D4-40EC-4CC1-B786-8BED09428FC5): 3
LogDevObjectVersion:   Dev-AnimPhys (29E575DD-E0A3-4627-9D10-D276232CDCEA): 17
LogDevObjectVersion:   Dev-ReflectionCapture (6B266CEC-1EC7-4B8F-A30B-E4D90942FC07): 1
LogDevObjectVersion:   Dev-Automation (0DF73D61-A23F-47EA-B727-89E90C41499A): 1
LogDevObjectVersion:   FortniteMain (601D1886-AC64-4F84-AA16-D3DE0DEAC7D6): 12
LogDevObjectVersion:   Dev-Enterprise (9DFFBCD6-494F-0158-E221-12823C92A888): 1
LogStreaming: Display: Took  0.001s to delete old logs.
LogInit: Presizing for max 8388607 objects, including 0 objects not considered by GC, pre-allocating 0 bytes for permanent pool.
LogInit: Object subsystem initialized
[2019.01.04-20.37.24:376][  0]LogInit: Selected Device Profile: [Windows]
[2019.01.04-20.37.24:376][  0]LogInit: Applying CVar settings loaded from the selected device profile: [Windows]
[2019.01.04-20.37.24:417][  0]LogHAL: Display: Platform has ~ 16 GB [17009229824 / 17179869184 / 16], which maps to Larger [LargestMinGB=32, LargerMinGB=12, DefaultMinGB=8, SmallerMinGB=6, SmallestMinGB=0)
[2019.01.04-20.37.24:417][  0]LogInit: Setting Device Profile CVar: [[r.Vulkan.UseRealUBs:1]]
[2019.01.04-20.37.24:417][  0]LogInit: Going up to parent DeviceProfile []
[2019.01.04-20.37.24:418][  0]LogInit: Computer: GROUNDZERO
[2019.01.04-20.37.24:418][  0]LogInit: User: TDSSK
[2019.01.04-20.37.24:419][  0]LogInit: CPU Page size=4096, Cores=4
[2019.01.04-20.37.24:419][  0]LogInit: High frequency timer resolution =3.222657 MHz
[2019.01.04-20.37.24:419][  0]LogMemory: Memory total: Physical=15.8GB (16GB approx)
[2019.01.04-20.37.24:419][  0]LogMemory: Platform Memory Stats for Windows
[2019.01.04-20.37.24:420][  0]LogMemory: Process Physical Memory: 102.59 MB used, 102.59 MB peak
[2019.01.04-20.37.24:420][  0]LogMemory: Process Virtual Memory: 96.17 MB used, 96.17 MB peak
[2019.01.04-20.37.24:420][  0]LogMemory: Physical Memory: 9042.94 MB used,  7178.33 MB free, 16221.27 MB total
[2019.01.04-20.37.24:420][  0]LogMemory: Virtual Memory: 536.43 MB used,  7178.33 MB free, 134217728.00 MB total
[2019.01.04-20.37.24:540][  0]LogInit: Using OS detected language (en-GB).
[2019.01.04-20.37.24:540][  0]LogInit: Using OS detected locale (en-GB).
[2019.01.04-20.37.24:541][  0]LogTextLocalizationManager: No specific localization for 'en-GB' exists, so the 'en' localization will be used.
[2019.01.04-20.37.24:908][  0]LogStreaming: Display: Took  0.369s to InitEngineTextLocalization.
[2019.01.04-20.37.24:908][  0]LogInit: Setting process to per monitor DPI aware
[2019.01.04-20.37.24:962][  0]LogSlate: New Slate User Created.  User Index 0, Is Virtual User: 0
[2019.01.04-20.37.24:962][  0]LogSlate: Slate User Registered.  User Index 0, Is Virtual User: 0
[2019.01.04-20.37.25:209][  0]LogHMD: Failed to initialize OpenVR with code 110
[2019.01.04-20.37.25:209][  0]LogD3D11RHI: D3D11 adapters:
[2019.01.04-20.37.25:307][  0]LogD3D11RHI:    0. 'NVIDIA GeForce GTX 1060 6GB' (Feature Level 11_0)
[2019.01.04-20.37.25:307][  0]LogD3D11RHI:       6052/0/8110 MB DedicatedVideo/DedicatedSystem/SharedSystem, Outputs:1, VendorId:0x10de
[2019.01.04-20.37.25:322][  0]LogD3D11RHI:    1. 'Intel(R) HD Graphics 4600' (Feature Level 11_0)
[2019.01.04-20.37.25:322][  0]LogD3D11RHI:       112/0/2048 MB DedicatedVideo/DedicatedSystem/SharedSystem, Outputs:0, VendorId:0x8086
[2019.01.04-20.37.25:329][  0]LogD3D11RHI:    2. 'Microsoft Basic Render Driver' (Feature Level 11_0)
[2019.01.04-20.37.25:329][  0]LogD3D11RHI:       0/0/8110 MB DedicatedVideo/DedicatedSystem/SharedSystem, Outputs:0, VendorId:0x1414
[2019.01.04-20.37.25:329][  0]LogD3D11RHI: Chosen D3D11 Adapter: 0
[2019.01.04-20.37.25:342][  0]LogD3D11RHI: Creating new Direct3DDevice
[2019.01.04-20.37.25:343][  0]LogD3D11RHI:     GPU DeviceId: 0x1c03 (for the marketing name, search the web for "GPU Device Id")
[2019.01.04-20.37.25:343][  0]LogWindows: EnumDisplayDevices:
[2019.01.04-20.37.25:343][  0]LogWindows:    0. 'NVIDIA GeForce GTX 1060 6GB' (P:1 D:1)
[2019.01.04-20.37.25:343][  0]LogWindows:    1. 'NVIDIA GeForce GTX 1060 6GB' (P:0 D:0)
[2019.01.04-20.37.25:344][  0]LogWindows:    2. 'NVIDIA GeForce GTX 1060 6GB' (P:0 D:0)
[2019.01.04-20.37.25:344][  0]LogWindows:    3. 'NVIDIA GeForce GTX 1060 6GB' (P:0 D:0)
[2019.01.04-20.37.25:344][  0]LogWindows:    4. 'Intel(R) HD Graphics 4600' (P:0 D:0)
[2019.01.04-20.37.25:345][  0]LogWindows:    5. 'Intel(R) HD Graphics 4600' (P:0 D:0)
[2019.01.04-20.37.25:346][  0]LogWindows:    6. 'Intel(R) HD Graphics 4600' (P:0 D:0)
[2019.01.04-20.37.25:346][  0]LogWindows: DebugString: PrimaryIsNotTheChoosenAdapter PrimaryIsNotTheChoosenAdapter PrimaryIsNotTheChoosenAdapter FoundDriverCount:4 
[2019.01.04-20.37.25:346][  0]LogD3D11RHI:     Adapter Name: NVIDIA GeForce GTX 1060 6GB
[2019.01.04-20.37.25:346][  0]LogD3D11RHI:   Driver Version: 397.64 (internal:24.21.13.9764, unified:397.64)
[2019.01.04-20.37.25:346][  0]LogD3D11RHI:      Driver Date: 5-7-2018
[2019.01.04-20.37.25:346][  0]LogRHI: Texture pool is 4236 MB (70% of 6052 MB)
[2019.01.04-20.37.25:406][  0]LogD3D11RHI: Async texture creation enabled
[2019.01.04-20.37.25:481][  0]LogD3D11RHI: GPU Timing Frequency: 1000.000000 (Debug: 2 2)
[2019.01.04-20.37.25:484][  0]LogShaderCompilers: Guid format shader working directory is -2 characters bigger than the processId version (D:/Documents/GitHub/TGP_PairProject/TGP_Project/Intermediate/Shaders/WorkingDirectory/17856/).
[2019.01.04-20.37.25:484][  0]LogShaderCompilers: Cleaned the shader compiler working directory 'C:/Users/TDSSK/AppData/Local/Temp/UnrealShaderWorkingDir/3A02C62545E85299537AFD910705176B/'.
[2019.01.04-20.37.25:835][  0]LogTemp: Display: Loaded TP AllDesktopTargetPlatform
[2019.01.04-20.37.25:851][  0]LogTemp: Display: Loaded TP MacClientTargetPlatform
[2019.01.04-20.37.25:869][  0]LogTemp: Display: Loaded TP MacNoEditorTargetPlatform
[2019.01.04-20.37.25:886][  0]LogTemp: Display: Loaded TP MacServerTargetPlatform
[2019.01.04-20.37.25:906][  0]LogTemp: Display: Loaded TP MacTargetPlatform
[2019.01.04-20.37.25:923][  0]LogTemp: Display: Loaded TP WindowsClientTargetPlatform
[2019.01.04-20.37.25:940][  0]LogTemp: Display: Loaded TP WindowsNoEditorTargetPlatform
[2019.01.04-20.37.25:957][  0]LogTemp: Display: Loaded TP WindowsServerTargetPlatform
[2019.01.04-20.37.25:966][  0]LogTemp: Display: Loaded TP WindowsTargetPlatform
[2019.01.04-20.37.26:045][  0]LogTemp: Display: Loaded TP AndroidTargetPlatform
[2019.01.04-20.37.26:045][  0]LogTemp: Display: Loaded TP AndroidTargetPlatform
[2019.01.04-20.37.26:045][  0]LogTemp: Display: Loaded TP AndroidTargetPlatform
[2019.01.04-20.37.26:045][  0]LogTemp: Display: Loaded TP AndroidTargetPlatform
[2019.01.04-20.37.26:045][  0]LogTemp: Display: Loaded TP AndroidTargetPlatform
[2019.01.04-20.37.26:045][  0]LogTemp: Display: Loaded TP AndroidTargetPlatform
[2019.01.04-20.37.26:045][  0]LogTemp: Display: Loaded TP AndroidTargetPlatform
[2019.01.04-20.37.26:045][  0]LogTemp: Display: Loaded TP AndroidTargetPlatform
[2019.01.04-20.37.26:045][  0]LogTemp: Display: Loaded TP AndroidTargetPlatform
[2019.01.04-20.37.26:045][  0]LogTemp: Display: Loaded TP AndroidTargetPlatform
[2019.01.04-20.37.26:046][  0]LogTemp: Display: Loaded TP AndroidTargetPlatform
[2019.01.04-20.37.26:046][  0]LogTemp: Display: Loaded TP AndroidTargetPlatform
[2019.01.04-20.37.26:046][  0]LogTemp: Display: Loaded TP AndroidTargetPlatform
[2019.01.04-20.37.26:046][  0]LogTemp: Display: Loaded TP AndroidTargetPlatform
[2019.01.04-20.37.26:046][  0]LogTemp: Display: Loaded TP AndroidTargetPlatform
[2019.01.04-20.37.26:046][  0]LogTemp: Display: Loaded TP AndroidTargetPlatform
[2019.01.04-20.37.26:046][  0]LogTemp: Display: Loaded TP AndroidTargetPlatform
[2019.01.04-20.37.26:046][  0]LogTemp: Display: Loaded TP AndroidTargetPlatform
[2019.01.04-20.37.26:050][  0]LogTemp: Display: Loaded TP HTML5TargetPlatform
[2019.01.04-20.37.26:121][  0]LogTemp: Display: Loaded TP IOSTargetPlatform
[2019.01.04-20.37.26:121][  0]LogTemp: Display: Loaded TP IOSTargetPlatform
[2019.01.04-20.37.26:148][  0]LogTemp: Display: Loaded TP TVOSTargetPlatform
[2019.01.04-20.37.26:148][  0]LogTemp: Display: Loaded TP TVOSTargetPlatform
[2019.01.04-20.37.26:164][  0]LogTemp: Display: Loaded TP LinuxClientTargetPlatform
[2019.01.04-20.37.26:179][  0]LogTemp: Display: Loaded TP LinuxNoEditorTargetPlatform
[2019.01.04-20.37.26:194][  0]LogTemp: Display: Loaded TP LinuxServerTargetPlatform
[2019.01.04-20.37.26:210][  0]LogTemp: Display: Loaded TP LinuxTargetPlatform
[2019.01.04-20.37.26:222][  0]LogTemp: Display: Loaded TP LuminTargetPlatform
[2019.01.04-20.37.26:222][  0]LogTargetPlatformManager: Display: Building Assets For Windows
[2019.01.04-20.37.26:350][  0]LogXGEController: Cleaning working directory: C:/Users/TDSSK/AppData/Local/Temp/UnrealXGEWorkingDir/
[2019.01.04-20.37.26:351][  0]LogXGEController: Cannot use XGE Controller as Incredibuild is not installed on this machine.
[2019.01.04-20.37.26:351][  0]LogShaderCompilers: Cannot use XGE Shader Compiler as Incredibuild is not installed on this machine.
[2019.01.04-20.37.26:351][  0]LogShaderCompilers: Display: Using Local Shader Compiler.
[2019.01.04-20.37.27:229][  0]LogDerivedDataCache: Display: Max Cache Size: 512 MB
[2019.01.04-20.37.27:605][  0]LogDerivedDataCache: Loaded boot cache 0.38s 71MB C:/Users/TDSSK/AppData/Local/UnrealEngine/4.20/DerivedDataCache/Boot.ddc.
[2019.01.04-20.37.27:606][  0]LogDerivedDataCache: Display: Loaded Boot cache: C:/Users/TDSSK/AppData/Local/UnrealEngine/4.20/DerivedDataCache/Boot.ddc
[2019.01.04-20.37.27:606][  0]LogDerivedDataCache: FDerivedDataBackendGraph:  Pak pak cache file D:/Documents/GitHub/TGP_PairProject/TGP_Project/DerivedDataCache/DDC.ddp not found, will not use a pak cache.
[2019.01.04-20.37.27:606][  0]LogDerivedDataCache: Unable to find inner node Pak for hierarchical cache Hierarchy.
[2019.01.04-20.37.27:606][  0]LogDerivedDataCache: FDerivedDataBackendGraph:  CompressedPak pak cache file D:/Documents/GitHub/TGP_PairProject/TGP_Project/DerivedDataCache/Compressed.ddp not found, will not use a pak cache.
[2019.01.04-20.37.27:606][  0]LogDerivedDataCache: Unable to find inner node CompressedPak for hierarchical cache Hierarchy.
[2019.01.04-20.37.27:619][  0]LogDerivedDataCache: Display: Pak cache opened for reading ../../../Engine/DerivedDataCache/Compressed.ddp.
[2019.01.04-20.37.27:633][  0]LogDerivedDataCache: Using Local data cache path C:/Users/TDSSK/AppData/Local/UnrealEngine/Common/DerivedDataCache: Writable
[2019.01.04-20.37.27:633][  0]LogDerivedDataCache: Shared data cache path not found in *engine.ini, will not use an Shared cache.
[2019.01.04-20.37.27:633][  0]LogDerivedDataCache: Unable to find inner node Shared for hierarchical cache Hierarchy.
[2019.01.04-20.37.27:652][  0]LogMaterial: Verifying Global Shaders for PCD3D_SM5
[2019.01.04-20.37.27:654][  0]LogSlate: Using FreeType 2.6.0
[2019.01.04-20.37.27:669][  0]LogSlate: SlateFontServices - WITH_FREETYPE: 1, WITH_HARFBUZZ: 1
[2019.01.04-20.37.28:935][  0]LogAssetRegistry: FAssetRegistry took 0.0290 seconds to start up
[2019.01.04-20.37.29:254][  0]LogInit: Selected Device Profile: [Windows]
[2019.01.04-20.37.29:410][  0]LogSimplygon: Simplygon DLL not present - disabling.
[2019.01.04-20.37.29:419][  0]LogMeshReduction: Using SimplygonSwarm for distributed automatic mesh merging
[2019.01.04-20.37.29:419][  0]LogMeshReduction: Using ProxyLODMeshReduction for automatic mesh merging
[2019.01.04-20.37.29:419][  0]LogMeshReduction: Using QuadricMeshReduction for automatic static mesh reduction
[2019.01.04-20.37.29:419][  0]LogMeshReduction: No automatic skeletal mesh reduction module available
[2019.01.04-20.37.29:436][  0]LogNetVersion: TGP_Project 1.0.0, NetCL: 4212847, EngineNetVer: 5, GameNetVer: 0 (Checksum: 95638710)
[2019.01.04-20.37.30:011][  0]LogPackageLocalizationCache: Processed 11 localized package path(s) for 2 prioritized culture(s) in 0.083842 seconds
[2019.01.04-20.37.30:017][  0]LogUObjectArray: 38425 objects as part of root set at end of initial load.
[2019.01.04-20.37.30:017][  0]LogUObjectAllocator: 6690872 out of 0 bytes used by permanent object pool.
[2019.01.04-20.37.30:017][  0]LogUObjectArray: CloseDisregardForGC: 0/0 objects in disregard for GC pool
[2019.01.04-20.37.49:953][  0]LogTcpMessaging: Initializing TcpMessaging bridge
[2019.01.04-20.37.49:968][  0]LogUdpMessaging: Initializing bridge on interface 0.0.0.0:0 to multicast group 230.0.0.1:6666.
[2019.01.04-20.37.50:506][  0]SourceControl: Source control is disabled
[2019.01.04-20.37.50:506][  0]SourceControl: Source control is disabled
[2019.01.04-20.37.50:509][  0]SourceControl: Source control is disabled
[2019.01.04-20.37.50:512][  0]SourceControl: Source control is disabled
[2019.01.04-20.37.50:883][  0]LogAndroidPermission: UAndroidPermissionCallbackProxy::GetInstance
[2019.01.04-20.37.51:110][  0]LogOcInput: OculusInput pre-init called
[2019.01.04-20.37.51:194][  0]LogEngine: Initializing Engine...
[2019.01.04-20.37.51:195][  0]LogHMD: Failed to initialize OpenVR with code 110
[2019.01.04-20.37.51:196][  0]LogStats: UGameplayTagsManager::ConstructGameplayTagTree: ImportINI prefixes -  0.000 s
[2019.01.04-20.37.51:196][  0]LogStats: UGameplayTagsManager::ConstructGameplayTagTree: Construct from data asset -  0.000 s
[2019.01.04-20.37.51:196][  0]LogStats: UGameplayTagsManager::ConstructGameplayTagTree: ImportINI -  0.000 s
[2019.01.04-20.37.51:197][  0]LogStats: UGameplayTagsManager::ConstructGameplayTagTree: GameplayTagTreeChangedEvent.Broadcast -  0.000 s
[2019.01.04-20.37.51:400][  0]LogInit: Initializing FReadOnlyCVARCache
[2019.01.04-20.37.51:421][  0]LogAIModule: Creating AISystem for world Untitled
[2019.01.04-20.37.51:542][  0]LogInit: XAudio2 using 'Speakers (Realtek High Definition Audio)' : 2 channels at 48 kHz using 32 bits per sample (channel mask 0x3)
[2019.01.04-20.37.51:610][  0]LogInit: FAudioDevice initialized.
[2019.01.04-20.37.51:610][  0]LogNetVersion: Set ProjectVersion to 1.0.0.0. Version Checksum will be recalculated on next use.
[2019.01.04-20.37.51:813][  0]LogDerivedDataCache: Saved boot cache 0.20s 71MB C:/Users/TDSSK/AppData/Local/UnrealEngine/4.20/DerivedDataCache/Boot.ddc.
[2019.01.04-20.37.51:814][  0]LogInit: Texture streaming: Enabled
[2019.01.04-20.37.51:887][  0]LogEngineSessionManager: EngineSessionManager initialized
[2019.01.04-20.37.51:902][  0]LogInit: Transaction tracking system initialized
[2019.01.04-20.37.51:950][  0]BlueprintLog: New page: Editor Load
[2019.01.04-20.37.52:154][  0]LocalizationService: Localization service is disabled
[2019.01.04-20.37.52:497][  0]LogCook: Display: Max memory allowance for cook 16384mb min free memory 0mb
[2019.01.04-20.37.52:497][  0]LogCook: Display: Mobile HDR setting 1
[2019.01.04-20.37.52:497][  0]LogGameplayTags: Display: UGameplayTagsManager::DoneAddingNativeTags. DelegateIsBound: 0
[2019.01.04-20.37.52:497][  0]LogStats: UGameplayTagsManager::ConstructGameplayTagTree: ImportINI prefixes -  0.000 s
[2019.01.04-20.37.52:497][  0]LogStats: UGameplayTagsManager::ConstructGameplayTagTree: Construct from data asset -  0.000 s
[2019.01.04-20.37.52:498][  0]LogStats: UGameplayTagsManager::ConstructGameplayTagTree: ImportINI -  0.000 s
[2019.01.04-20.37.52:498][  0]LogStats: UGameplayTagsManager::ConstructGameplayTagTree: GameplayTagTreeChangedEvent.Broadcast -  0.000 s
[2019.01.04-20.37.53:117][  0]LogFileCache: Scanning file cache for directory 'D:/Documents/GitHub/TGP_PairProject/TGP_Project/Content/' took 0.01s
[2019.01.04-20.37.53:134][  0]SourceControl: Source control is disabled
[2019.01.04-20.37.53:134][  0]Cmd: MAP LOAD FILE="D:/Documents/GitHub/TGP_PairProject/TGP_Project/Content/Levels/BaseLevel.umap" TEMPLATE=0 SHOWPROGRESS=1 FEATURELEVEL=3
[2019.01.04-20.37.53:135][  0]LightingResults: New page: Lighting Build
[2019.01.04-20.37.53:141][  0]MapCheck: New page: Map Check
[2019.01.04-20.37.53:141][  0]LightingResults: New page: Lighting Build
[2019.01.04-20.37.53:458][  0]LogAIModule: Creating AISystem for world BaseLevel
[2019.01.04-20.37.53:476][  0]LogEditorServer: Finished looking for orphan Actors (0.000 secs)
[2019.01.04-20.37.53:513][  0]Cmd: MAP CHECKDEP NOCLEARLOG
[2019.01.04-20.37.53:621][  0]MapCheck: Map check complete: 0 Error(s), 0 Warning(s), took 107.04ms to complete.
[2019.01.04-20.37.53:621][  0]LogFileHelpers: Loading map 'BaseLevel' took 0.486
[2019.01.04-20.37.53:810][  0]LogSlate: Updating window title bar state: overlay mode, drag disabled, window buttons hidden, title bar hidden
[2019.01.04-20.37.53:822][  0]LogSlate: Updating window title bar state: overlay mode, drag disabled, window buttons hidden, title bar hidden
[2019.01.04-20.37.53:832][  0]LogSlate: Updating window title bar state: overlay mode, drag disabled, window buttons hidden, title bar hidden
[2019.01.04-20.37.53:841][  0]LogSlate: Updating window title bar state: overlay mode, drag disabled, window buttons hidden, title bar hidden
[2019.01.04-20.37.53:852][  0]LogCollectionManager: Loaded 0 collections in 0.002956 seconds
[2019.01.04-20.37.53:906][  0]LogFileCache: Scanning file cache for directory 'D:/Documents/GitHub/TGP_PairProject/TGP_Project/Saved/Collections/' took 0.01s
[2019.01.04-20.37.53:907][  0]LogFileCache: Scanning file cache for directory 'D:/Documents/GitHub/TGP_PairProject/TGP_Project/Content/Developers/TDSSK/Collections/' took 0.01s
[2019.01.04-20.37.53:907][  0]LogFileCache: Scanning file cache for directory 'D:/Documents/GitHub/TGP_PairProject/TGP_Project/Content/Collections/' took 0.01s
[2019.01.04-20.37.53:907][  0]LogCollectionManager: Rebuilt the GUID cache for 0 collections in 0.000000 seconds
[2019.01.04-20.37.53:925][  0]LogContentBrowser: Native class hierarchy populated in 0.0174 seconds. Added 2586 classes and 606 folders.
[2019.01.04-20.37.53:937][  0]LogContentBrowser: Native class hierarchy updated for 'WidgetCarousel' in 0.0004 seconds. Added 0 classes and 0 folders.
[2019.01.04-20.37.54:487][  0]LogContentBrowser: Native class hierarchy updated for 'AddContentDialog' in 0.0008 seconds. Added 0 classes and 0 folders.
[2019.01.04-20.37.54:506][  0]LogContentBrowser: Native class hierarchy updated for 'SceneOutliner' in 0.0009 seconds. Added 1 classes and 2 folders.
[2019.01.04-20.37.54:555][  0]LogSlate: Took 0.021950 seconds to synchronously load lazily loaded font '../../../Engine/Content/Slate/Fonts/Roboto-Regular.ttf' (155K)
[2019.01.04-20.37.54:574][  0]LogSlate: Took 0.017089 seconds to synchronously load lazily loaded font '../../../Engine/Content/Slate/Fonts/Roboto-Bold.ttf' (160K)
[2019.01.04-20.37.54:592][  0]LogSlate: Took 0.013801 seconds to synchronously load lazily loaded font '../../../Engine/Content/Editor/Slate/Fonts/FontAwesome.ttf' (139K)
[2019.01.04-20.37.54:673][  0]LogRenderer: Reallocating scene render targets to support 1208x600 Format 10 NumSamples 1 (Frame:1).
[2019.01.04-20.37.54:745][  0]LogSlate: Took 0.019021 seconds to synchronously load lazily loaded font '../../../Engine/Content/Slate/Fonts/Roboto-Light.ttf' (167K)
[2019.01.04-20.37.54:890][  0]LogContentBrowser: Native class hierarchy updated for 'HierarchicalLODOutliner' in 0.0004 seconds. Added 0 classes and 0 folders.
[2019.01.04-20.37.54:890][  0]LogLoad: (Engine Initialization) Total time: 33.05 seconds
[2019.01.04-20.37.54:891][  0]LogLoad: (Engine Initialization) Total Blueprint compile time: 0.00 seconds
[2019.01.04-20.37.54:901][  0]LogWindowsTextInputMethodSystem: Display: IME system now deactivated.
[2019.01.04-20.37.54:958][  0]LogContentStreaming: Texture pool size now 1000 MB
[2019.01.04-20.37.54:991][  1]LogFileCache: Retrieving MD5 hashes for directory 'D:/Documents/GitHub/TGP_PairProject/TGP_Project/Content/' took 0.08s
[2019.01.04-20.37.55:009][  1]LogAssetRegistry: Asset discovery search completed in 26.0989 seconds
[2019.01.04-20.37.55:011][  1]LogCollectionManager: Rebuilt the object cache for 0 collections in 0.000000 seconds (found 0 objects)
[2019.01.04-20.37.55:011][  1]LogCollectionManager: Fixed up redirectors for 0 collections in 0.000169 seconds (updated 0 objects)
[2019.01.04-20.38.02:426][883]LogSlate: FSceneViewport::OnFocusLost() reason 0
[2019.01.04-20.38.02:498][891]LogSlate: Took 0.000402 seconds to synchronously load lazily loaded font '../../../Engine/Content/Slate/Fonts/Roboto-Light.ttf' (167K)
[2019.01.04-20.38.02:506][891]LogAssetEditorManager: Opening Asset editor for WidgetBlueprint /Game/Widget_Target.Widget_Target
[2019.01.04-20.38.02:983][891]LogContentBrowser: Native class hierarchy updated for 'BlueprintGraph' in 0.0007 seconds. Added 116 classes and 0 folders.
[2019.01.04-20.38.03:811][891]LogSlate: Took 0.015790 seconds to synchronously load lazily loaded font '../../../Engine/Content/Slate/Fonts/Roboto-BoldCondensed.ttf' (158K)
[2019.01.04-20.38.33:455][943]LogSlate: Took 0.062132 seconds to synchronously load lazily loaded font '../../../Engine/Content/Slate/Fonts/Roboto-Italic.ttf' (157K)
[2019.01.04-20.41.30:341][990]LogSlate: Took 0.013973 seconds to synchronously load lazily loaded font '../../../Engine/Content/Slate/Fonts/Roboto-BoldCondensedItalic.ttf' (160K)
[2019.01.04-20.42.04:029][295]BlueprintLog: New page: Compile Widget_Target
[2019.01.04-20.42.04:648][322]Cmd: OBJ SAVEPACKAGE PACKAGE="/Game/Widget_Target" FILE="D:/Documents/GitHub/TGP_PairProject/TGP_Project/Content/Widget_Target.uasset" SILENT=true
[2019.01.04-20.42.04:682][322]LogSavePackage: Moving 'D:/Documents/GitHub/TGP_PairProject/TGP_Project/Saved/Widget_TargetA707CB984C3BB475CA0129A3E8825238.tmp' to 'D:/Documents/GitHub/TGP_PairProject/TGP_Project/Content/Widget_Target.uasset'
[2019.01.04-20.42.05:569][388]LogSlate: Window 'Widget_Target' being destroyed
[2019.01.04-20.42.06:849][538]LogTemp: Repeating last play command: Selected Viewport
[2019.01.04-20.42.06:897][538]LogPlayLevel: PlayLevel: No blueprints needed recompiling
[2019.01.04-20.42.06:993][538]PIE: New page: PIE session: BaseLevel (4 Jan 2019 20:42:06)
[2019.01.04-20.42.06:994][538]LogPlayLevel: Creating play world package: /Game/Levels/UEDPIE_0_BaseLevel
[2019.01.04-20.42.07:024][538]LogPlayLevel: PIE: StaticDuplicateObject took: (0.029952s)
[2019.01.04-20.42.07:025][538]LogAIModule: Creating AISystem for world BaseLevel
[2019.01.04-20.42.07:025][538]LogPlayLevel: PIE: World Init took: (0.000945s)
[2019.01.04-20.42.07:025][538]LogPlayLevel: PIE: Created PIE world by copying editor world from /Game/Levels/BaseLevel.BaseLevel to /Game/Levels/UEDPIE_0_BaseLevel.BaseLevel (0.031373s)
[2019.01.04-20.42.07:186][538]LogInit: XAudio2 using 'Speakers (Realtek High Definition Audio)' : 2 channels at 48 kHz using 32 bits per sample (channel mask 0x3)
[2019.01.04-20.42.07:210][538]LogInit: FAudioDevice initialized.
[2019.01.04-20.42.07:261][538]LogLoad: Game class is 'GM_GAME_C'
[2019.01.04-20.42.07:294][538]LogWorld: Bringing World /Game/Levels/UEDPIE_0_BaseLevel.BaseLevel up for play (max tick rate 0) at 2019.01.04-20.42.07
[2019.01.04-20.42.07:490][538]LogWorld: Bringing up level for play took: 0.227803
[2019.01.04-20.42.07:611][538]LogContentBrowser: Native class hierarchy updated for 'MovieSceneCapture' in 0.0005 seconds. Added 10 classes and 0 folders.
[2019.01.04-20.42.07:729][538]LogBlueprintUserMessages: [EntranceToRestictedArea_2] yeet
[2019.01.04-20.42.07:734][538]LogBlueprintUserMessages: [EntranceToRestictedArea2] yeet
[2019.01.04-20.42.07:753][538]PIE: Play in editor start time for /Game/Levels/UEDPIE_0_BaseLevel 0.405
[2019.01.04-20.42.10:886][883]LogBlueprintUserMessages: [EntranceToRestictedArea2] yeet
[2019.01.04-20.42.11:511][958]LogBlueprintUserMessages: [EntranceToRestictedArea_2] yeet
[2019.01.04-20.42.15:569][443]LogSlate: FSceneViewport::OnFocusLost() reason 0
[2019.01.04-20.42.15:651][450]LogNet: Browse: /Game/Levels/BaseLevel
[2019.01.04-20.42.15:662][450]LogLoad: LoadMap: /Game/Levels/BaseLevel
[2019.01.04-20.42.15:741][450]LogPlayLevel: Creating play world package: /Game/Levels/UEDPIE_0_BaseLevel
[2019.01.04-20.42.15:745][450]LogPlayLevel: PIE: StaticDuplicateObject took: (0.003629s)
[2019.01.04-20.42.15:746][450]LogAIModule: Creating AISystem for world BaseLevel
[2019.01.04-20.42.15:746][450]LogPlayLevel: PIE: World Init took: (0.000675s)
[2019.01.04-20.42.15:746][450]LogPlayLevel: PIE: Created PIE world by copying editor world from /Game/Levels/BaseLevel.BaseLevel to /Game/Levels/UEDPIE_0_BaseLevel.BaseLevel (0.004655s)
[2019.01.04-20.42.15:746][450]LogLoad: Game class is 'GM_GAME_C'
[2019.01.04-20.42.15:748][450]LogWorld: Bringing World /Game/Levels/UEDPIE_0_BaseLevel.BaseLevel up for play (max tick rate 0) at 2019.01.04-20.42.15
[2019.01.04-20.42.15:749][450]LogWorld: Bringing up level for play took: 0.001934
[2019.01.04-20.42.15:750][450]LogBlueprintUserMessages: [EntranceToRestictedArea_2] yeet
[2019.01.04-20.42.15:750][450]LogBlueprintUserMessages: [EntranceToRestictedArea2] yeet
[2019.01.04-20.42.15:752][450]LogLoad: Took 0.090156 seconds to LoadMap(/Game/Levels/UEDPIE_0_BaseLevel)
[2019.01.04-20.42.23:181][336]LogBlueprintUserMessages: [EntranceToRestictedArea_2] yeet
[2019.01.04-20.42.25:115][568]LogSlate: FSceneViewport::OnFocusLost() reason 0
[2019.01.04-20.42.25:173][575]LogNet: Browse: /Game/Levels/MainMenu
[2019.01.04-20.42.25:174][575]LogLoad: LoadMap: /Game/Levels/MainMenu
[2019.01.04-20.42.25:232][575]LogLinker: Warning: Can't find file '/Game/Levels/MainMenu_BuiltData'
[2019.01.04-20.42.25:232][575]LogLinker: Warning: Can't find file for asset '/Game/Levels/MainMenu_BuiltData' while loading D:/Documents/GitHub/TGP_PairProject/TGP_Project/Content/Levels/MainMenu.umap.
[2019.01.04-20.42.25:233][575]LoadErrors: Error: /Game/Levels/MainMenu : Can't find file for asset. /Game/Levels/MainMenu_BuiltData
[2019.01.04-20.42.25:233][575]LogLinker: Warning: Can't find file '/Game/Levels/MainMenu_BuiltData'
[2019.01.04-20.42.25:233][575]LogLinker: Warning: Can't find file for asset '/Game/Levels/MainMenu_BuiltData' while loading D:/Documents/GitHub/TGP_PairProject/TGP_Project/Content/Levels/MainMenu.umap.
[2019.01.04-20.42.25:274][575]LogLinker: Warning: Can't find file '/Game/Levels/MainMenu_BuiltData'
[2019.01.04-20.42.25:275][575]LogLinker: Warning: Can't find file for asset '/Game/Levels/MainMenu_BuiltData' while loading NULL.
[2019.01.04-20.42.25:275][575]LogLinker: Warning: Can't find file '/Game/Levels/MainMenu_BuiltData'
[2019.01.04-20.42.25:276][575]LogLinker: Warning: Can't find file for asset '/Game/Levels/MainMenu_BuiltData' while loading NULL.
[2019.01.04-20.42.25:281][575]LogLinker: Warning: Can't find file '/Game/Levels/MainMenu_BuiltData'
[2019.01.04-20.42.25:282][575]LoadErrors: Failed to load /Game/Levels/MainMenu_BuiltData.MainMenu_BuiltData Referenced by PersistentLevel
[2019.01.04-20.42.25:282][575]LogLinker: Warning: Can't find file for asset '/Game/Levels/MainMenu_BuiltData' while loading NULL.
[2019.01.04-20.42.25:735][575]LogAIModule: Creating AISystem for world MainMenu
[2019.01.04-20.42.25:735][575]LogLoad: Game class is 'MenuGameMode_C'
[2019.01.04-20.42.25:736][575]LogWorld: Bringing World /Game/Levels/UEDPIE_0_MainMenu.MainMenu up for play (max tick rate 0) at 2019.01.04-20.42.25
[2019.01.04-20.42.25:737][575]LogWorld: Bringing up level for play took: 0.000690
[2019.01.04-20.42.25:737][575]LogGameMode: FindPlayerStart: PATHS NOT DEFINED or NO PLAYERSTART with positive rating
[2019.01.04-20.42.25:738][575]LogLoad: Took 0.564885 seconds to LoadMap(/Game/Levels/MainMenu)
[2019.01.04-20.42.27:522][780]LogSlate: Updating window title bar state: overlay mode, drag disabled, window buttons hidden, title bar hidden
[2019.01.04-20.42.27:569][780]LogPlayLevel: Display: Shutting down PIE online subsystems
[2019.01.04-20.42.27:598][780]LogSlate: Updating window title bar state: overlay mode, drag disabled, window buttons hidden, title bar hidden
[2019.01.04-20.42.27:620][781]LogPlayLevel: Display: Destroying online subsystem :Context_6
[2019.01.04-20.43.54:179][784]BlueprintLog: New page: Compile Widget_Target
[2019.01.04-20.43.56:901][970]Candidate modules for hot reload:
[2019.01.04-20.43.56:902][970]  TGP_Project
[2019.01.04-20.43.56:902][970]Launching UnrealBuildTool... [C:/Program Files/Epic Games/UE_4.20/Engine/Binaries/DotNET/UnrealBuildTool.exe  -ModuleWithSuffix=TGP_Project,398 Win64 Development -TargetType=Editor -Project="D:/Documents/GitHub/TGP_PairProject/TGP_Project/TGP_Project.uproject" -canskiplink "D:/Documents/GitHub/TGP_PairProject/TGP_Project/TGP_Project.uproject" ]
[2019.01.04-20.43.56:908][970]Warning: Starting HotReload took  1.0s.
[2019.01.04-20.44.34:979][526]CompilerResultsLog: New page: Compilation - 4 Jan 2019 20:44:34
[2019.01.04-20.44.34:979][526]CompilerResultsLog: Using 'git status' to determine working set for adaptive non-unity build.
[2019.01.04-20.44.34:979][526]CompilerResultsLog: Creating makefile for hot reloading TGP_ProjectEditor (game project files are newer)
[2019.01.04-20.44.34:979][526]CompilerResultsLog: Compiling game modules for hot reload
[2019.01.04-20.44.34:980][526]CompilerResultsLog: Using Visual Studio 2017 14.16.27023 toolchain (C:\Program Files (x86)\Microsoft Visual Studio\2017\Community\VC\Tools\MSVC\14.16.27023) and Windows 10.0.17763.0 SDK (C:\Program Files (x86)\Windows Kits\10).
[2019.01.04-20.44.34:980][526]CompilerResultsLog: Target is up to date
[2019.01.04-20.44.34:980][526]CompilerResultsLog: Total build time: 37.65 seconds (NoActionsToExecute executor: 0.00 seconds)
[2019.01.04-20.44.34:980][526]LogMainFrame: MainFrame: Module compiling took 38.113 seconds
[2019.01.04-20.44.35:272][526]LogContentBrowser: Native class hierarchy populated in 0.0091 seconds. Added 2587 classes and 608 folders.
[2019.01.04-20.44.35:272][526]Display: HotReload took 39.4s.
[2019.01.04-20.44.36:683][691]LogSlate: FSceneViewport::OnFocusLost() reason 0
[2019.01.04-20.44.36:749][699]LogTemp: Repeating last play command: Selected Viewport
[2019.01.04-20.44.36:776][699]LogPlayLevel: PlayLevel: No blueprints needed recompiling
[2019.01.04-20.44.36:776][699]PIE: New page: PIE session: BaseLevel (4 Jan 2019 20:44:36)
[2019.01.04-20.44.36:776][699]LogPlayLevel: Creating play world package: /Game/Levels/UEDPIE_0_BaseLevel
[2019.01.04-20.44.36:780][699]LogPlayLevel: PIE: StaticDuplicateObject took: (0.003504s)
[2019.01.04-20.44.36:780][699]LogAIModule: Creating AISystem for world BaseLevel
[2019.01.04-20.44.36:781][699]LogPlayLevel: PIE: World Init took: (0.000725s)
[2019.01.04-20.44.36:781][699]LogPlayLevel: PIE: Created PIE world by copying editor world from /Game/Levels/BaseLevel.BaseLevel to /Game/Levels/UEDPIE_0_BaseLevel.BaseLevel (0.004510s)
[2019.01.04-20.44.36:853][699]LogInit: XAudio2 using 'Speakers (Realtek High Definition Audio)' : 2 channels at 48 kHz using 32 bits per sample (channel mask 0x3)
[2019.01.04-20.44.36:875][699]LogInit: FAudioDevice initialized.
[2019.01.04-20.44.36:909][699]LogLoad: Game class is 'GM_GAME_C'
[2019.01.04-20.44.36:911][699]LogWorld: Bringing World /Game/Levels/UEDPIE_0_BaseLevel.BaseLevel up for play (max tick rate 0) at 2019.01.04-20.44.36
[2019.01.04-20.44.36:912][699]LogWorld: Bringing up level for play took: 0.001667
[2019.01.04-20.44.36:925][699]LogBlueprintUserMessages: [EntranceToRestictedArea_2] yeet
[2019.01.04-20.44.36:926][699]LogBlueprintUserMessages: [EntranceToRestictedArea2] yeet
[2019.01.04-20.44.36:927][699]PIE: Play in editor start time for /Game/Levels/UEDPIE_0_BaseLevel -0.42
[2019.01.04-20.44.47:421][953]LogBlueprintUserMessages: [EntranceToRestictedArea2] yeet
[2019.01.04-20.44.48:046][ 28]LogBlueprintUserMessages: [EntranceToRestictedArea_2] yeet
[2019.01.04-20.44.49:482][200]LogSlate: FSceneViewport::OnFocusLost() reason 0
[2019.01.04-20.44.49:524][205]LogSlate: Updating window title bar state: overlay mode, drag disabled, window buttons hidden, title bar hidden
[2019.01.04-20.44.49:564][205]LogPlayLevel: Display: Shutting down PIE online subsystems
[2019.01.04-20.44.49:596][205]LogSlate: Updating window title bar state: overlay mode, drag disabled, window buttons hidden, title bar hidden
[2019.01.04-20.44.49:627][207]LogPlayLevel: Display: Destroying online subsystem :Context_7
[2019.01.04-20.44.52:400][536]Cmd: OBJ SAVEPACKAGE PACKAGE="/Game/Widget_Target" FILE="D:/Documents/GitHub/TGP_PairProject/TGP_Project/Content/Widget_Target.uasset" SILENT=true
[2019.01.04-20.44.52:432][536]LogSavePackage: Moving 'D:/Documents/GitHub/TGP_PairProject/TGP_Project/Saved/Widget_Target4278B3C24F08382566276DBAA6E2B749.tmp' to 'D:/Documents/GitHub/TGP_PairProject/TGP_Project/Content/Widget_Target.uasset'
[2019.01.04-20.45.02:266][691]LogTemp: Repeating last play command: Selected Viewport
[2019.01.04-20.45.02:294][691]BlueprintLog: New page: Pre-Play auto-recompile
[2019.01.04-20.45.02:298][691]LogPlayLevel: [PlayLevel] Compiling Widget_Target before play...
[2019.01.04-20.45.02:477][691]LogPlayLevel: PlayLevel: Blueprint regeneration took 182 ms (1 blueprints)
[2019.01.04-20.45.02:477][691]PIE: New page: PIE session: BaseLevel (4 Jan 2019 20:45:02)
[2019.01.04-20.45.02:477][691]LogPlayLevel: Creating play world package: /Game/Levels/UEDPIE_0_BaseLevel
[2019.01.04-20.45.02:480][691]LogPlayLevel: PIE: StaticDuplicateObject took: (0.003304s)
[2019.01.04-20.45.02:481][691]LogAIModule: Creating AISystem for world BaseLevel
[2019.01.04-20.45.02:481][691]LogPlayLevel: PIE: World Init took: (0.000635s)
[2019.01.04-20.45.02:481][691]LogPlayLevel: PIE: Created PIE world by copying editor world from /Game/Levels/BaseLevel.BaseLevel to /Game/Levels/UEDPIE_0_BaseLevel.BaseLevel (0.004221s)
[2019.01.04-20.45.02:538][691]LogInit: XAudio2 using 'Speakers (Realtek High Definition Audio)' : 2 channels at 48 kHz using 32 bits per sample (channel mask 0x3)
[2019.01.04-20.45.02:559][691]LogInit: FAudioDevice initialized.
[2019.01.04-20.45.02:593][691]LogLoad: Game class is 'GM_GAME_C'
[2019.01.04-20.45.02:594][691]LogWorld: Bringing World /Game/Levels/UEDPIE_0_BaseLevel.BaseLevel up for play (max tick rate 0) at 2019.01.04-20.45.02
[2019.01.04-20.45.02:595][691]LogWorld: Bringing up level for play took: 0.001713
[2019.01.04-20.45.02:609][691]LogBlueprintUserMessages: [EntranceToRestictedArea_2] yeet
[2019.01.04-20.45.02:610][691]LogBlueprintUserMessages: [EntranceToRestictedArea2] yeet
[2019.01.04-20.45.02:611][691]PIE: Play in editor start time for /Game/Levels/UEDPIE_0_BaseLevel 1.264
[2019.01.04-20.45.03:977][854]LogSlate: Updating window title bar state: overlay mode, drag disabled, window buttons hidden, title bar hidden
[2019.01.04-20.45.04:014][854]LogPlayLevel: Display: Shutting down PIE online subsystems
[2019.01.04-20.45.04:046][854]LogSlate: Updating window title bar state: overlay mode, drag disabled, window buttons hidden, title bar hidden
[2019.01.04-20.45.04:079][857]LogPlayLevel: Display: Destroying online subsystem :Context_8
[2019.01.04-20.45.27:470][614]LogTemp: Repeating last play command: Selected Viewport
[2019.01.04-20.45.27:499][614]BlueprintLog: New page: Pre-Play auto-recompile
[2019.01.04-20.45.27:504][614]LogPlayLevel: [PlayLevel] Compiling Widget_Target before play...
[2019.01.04-20.45.27:709][614]LogPlayLevel: PlayLevel: Blueprint regeneration took 209 ms (1 blueprints)
[2019.01.04-20.45.27:710][614]PIE: New page: PIE session: BaseLevel (4 Jan 2019 20:45:27)
[2019.01.04-20.45.27:710][614]LogPlayLevel: Creating play world package: /Game/Levels/UEDPIE_0_BaseLevel
[2019.01.04-20.45.27:713][614]LogPlayLevel: PIE: StaticDuplicateObject took: (0.003315s)
[2019.01.04-20.45.27:714][614]LogAIModule: Creating AISystem for world BaseLevel
[2019.01.04-20.45.27:714][614]LogPlayLevel: PIE: World Init took: (0.000827s)
[2019.01.04-20.45.27:714][614]LogPlayLevel: PIE: Created PIE world by copying editor world from /Game/Levels/BaseLevel.BaseLevel to /Game/Levels/UEDPIE_0_BaseLevel.BaseLevel (0.004446s)
[2019.01.04-20.45.27:771][614]LogInit: XAudio2 using 'Speakers (Realtek High Definition Audio)' : 2 channels at 48 kHz using 32 bits per sample (channel mask 0x3)
[2019.01.04-20.45.27:793][614]LogInit: FAudioDevice initialized.
[2019.01.04-20.45.27:823][614]LogLoad: Game class is 'GM_GAME_C'
[2019.01.04-20.45.27:824][614]LogWorld: Bringing World /Game/Levels/UEDPIE_0_BaseLevel.BaseLevel up for play (max tick rate 0) at 2019.01.04-20.45.27
[2019.01.04-20.45.27:825][614]LogWorld: Bringing up level for play took: 0.001818
[2019.01.04-20.45.27:839][614]LogBlueprintUserMessages: [EntranceToRestictedArea_2] yeet
[2019.01.04-20.45.27:839][614]LogBlueprintUserMessages: [EntranceToRestictedArea2] yeet
[2019.01.04-20.45.27:841][614]PIE: Play in editor start time for /Game/Levels/UEDPIE_0_BaseLevel 0.493
[2019.01.04-20.45.28:723][716]LogSlate: Updating window title bar state: overlay mode, drag disabled, window buttons hidden, title bar hidden
[2019.01.04-20.45.28:760][716]LogPlayLevel: Display: Shutting down PIE online subsystems
[2019.01.04-20.45.28:789][716]LogSlate: Updating window title bar state: overlay mode, drag disabled, window buttons hidden, title bar hidden
[2019.01.04-20.45.28:840][718]LogPlayLevel: Display: Destroying online subsystem :Context_9
[2019.01.04-20.45.39:605][987]BlueprintLog: New page: Compile Widget_Target
[2019.01.04-20.45.40:133][ 42]LogTemp: Repeating last play command: Selected Viewport
[2019.01.04-20.45.40:154][ 42]LogPlayLevel: PlayLevel: No blueprints needed recompiling
[2019.01.04-20.45.40:154][ 42]PIE: New page: PIE session: BaseLevel (4 Jan 2019 20:45:40)
[2019.01.04-20.45.40:154][ 42]LogPlayLevel: Creating play world package: /Game/Levels/UEDPIE_0_BaseLevel
[2019.01.04-20.45.40:158][ 42]LogPlayLevel: PIE: StaticDuplicateObject took: (0.003217s)
[2019.01.04-20.45.40:158][ 42]LogAIModule: Creating AISystem for world BaseLevel
[2019.01.04-20.45.40:159][ 42]LogPlayLevel: PIE: World Init took: (0.000718s)
[2019.01.04-20.45.40:159][ 42]LogPlayLevel: PIE: Created PIE world by copying editor world from /Game/Levels/BaseLevel.BaseLevel to /Game/Levels/UEDPIE_0_BaseLevel.BaseLevel (0.004530s)
[2019.01.04-20.45.40:217][ 42]LogInit: XAudio2 using 'Speakers (Realtek High Definition Audio)' : 2 channels at 48 kHz using 32 bits per sample (channel mask 0x3)
[2019.01.04-20.45.40:239][ 42]LogInit: FAudioDevice initialized.
[2019.01.04-20.45.40:247][ 42]LogSlate: Updating window title bar state: overlay mode, drag disabled, window buttons hidden, title bar hidden
[2019.01.04-20.45.40:281][ 42]LogLoad: Game class is 'GM_GAME_C'
[2019.01.04-20.45.40:283][ 42]LogWorld: Bringing World /Game/Levels/UEDPIE_0_BaseLevel.BaseLevel up for play (max tick rate 0) at 2019.01.04-20.45.40
[2019.01.04-20.45.40:284][ 42]LogWorld: Bringing up level for play took: 0.001615
[2019.01.04-20.45.40:297][ 42]LogBlueprintUserMessages: [EntranceToRestictedArea_2] yeet
[2019.01.04-20.45.40:297][ 42]LogBlueprintUserMessages: [EntranceToRestictedArea2] yeet
[2019.01.04-20.45.40:300][ 42]PIE: Play in editor start time for /Game/Levels/UEDPIE_0_BaseLevel 0.952
[2019.01.04-20.45.40:314][ 42]LogRenderer: Reallocating scene render targets to support 1292x756 Format 10 NumSamples 1 (Frame:1).
[2019.01.04-20.45.41:624][192]LogSlate: Updating window title bar state: overlay mode, drag disabled, window buttons hidden, title bar hidden
[2019.01.04-20.45.41:641][192]LogSlate: Window 'TGP_Project Game Preview Standalone (64-bit/PCD3D_SM5)' being destroyed
[2019.01.04-20.45.41:680][192]LogPlayLevel: Display: Shutting down PIE online subsystems
[2019.01.04-20.45.41:737][193]LogPlayLevel: Display: Destroying online subsystem :Context_10
[2019.01.04-20.45.46:450][751]LogTemp: Repeating last play command: Selected Viewport
[2019.01.04-20.45.46:470][751]BlueprintLog: New page: Pre-Play auto-recompile
[2019.01.04-20.45.46:475][751]LogPlayLevel: [PlayLevel] Compiling Widget_Target before play...
[2019.01.04-20.45.46:637][751]LogPlayLevel: PlayLevel: Blueprint regeneration took 166 ms (1 blueprints)
[2019.01.04-20.45.46:637][751]PIE: New page: PIE session: BaseLevel (4 Jan 2019 20:45:46)
[2019.01.04-20.45.46:637][751]LogPlayLevel: Creating play world package: /Game/Levels/UEDPIE_0_BaseLevel
[2019.01.04-20.45.46:640][751]LogPlayLevel: PIE: StaticDuplicateObject took: (0.003160s)
[2019.01.04-20.45.46:641][751]LogAIModule: Creating AISystem for world BaseLevel
[2019.01.04-20.45.46:641][751]LogPlayLevel: PIE: World Init took: (0.000708s)
[2019.01.04-20.45.46:641][751]LogPlayLevel: PIE: Created PIE world by copying editor world from /Game/Levels/BaseLevel.BaseLevel to /Game/Levels/UEDPIE_0_BaseLevel.BaseLevel (0.004195s)
[2019.01.04-20.45.46:700][751]LogInit: XAudio2 using 'Speakers (Realtek High Definition Audio)' : 2 channels at 48 kHz using 32 bits per sample (channel mask 0x3)
[2019.01.04-20.45.46:723][751]LogInit: FAudioDevice initialized.
[2019.01.04-20.45.46:730][751]LogSlate: Updating window title bar state: overlay mode, drag disabled, window buttons hidden, title bar hidden
[2019.01.04-20.45.46:766][751]LogLoad: Game class is 'GM_GAME_C'
[2019.01.04-20.45.46:768][751]LogWorld: Bringing World /Game/Levels/UEDPIE_0_BaseLevel.BaseLevel up for play (max tick rate 0) at 2019.01.04-20.45.46
[2019.01.04-20.45.46:769][751]LogWorld: Bringing up level for play took: 0.001596
[2019.01.04-20.45.46:782][751]LogBlueprintUserMessages: [EntranceToRestictedArea_2] yeet
[2019.01.04-20.45.46:782][751]LogBlueprintUserMessages: [EntranceToRestictedArea2] yeet
[2019.01.04-20.45.46:785][751]PIE: Play in editor start time for /Game/Levels/UEDPIE_0_BaseLevel -0.563
[2019.01.04-20.45.49:379][ 51]LogSlate: FSceneViewport::OnFocusLost() reason 0
[2019.01.04-20.45.49:437][ 58]LogSlate: Updating window title bar state: overlay mode, drag disabled, window buttons hidden, title bar hidden
[2019.01.04-20.45.49:455][ 58]LogSlate: Window 'TGP_Project Game Preview Standalone (64-bit/PCD3D_SM5)' being destroyed
[2019.01.04-20.45.49:484][ 58]LogPlayLevel: Display: Shutting down PIE online subsystems
[2019.01.04-20.45.49:542][ 61]LogPlayLevel: Display: Destroying online subsystem :Context_11
[2019.01.04-20.45.58:245][ 77]LogUObjectHash: Warning: Ambiguous search, could be Overlay /Game/Widget_Target.Widget_Target:WidgetTree.Overlay_0 or Overlay /Engine/Transient.World_4:Widget_Target_C_43.WidgetTree_0.Overlay_0
[2019.01.04-20.45.58:245][ 77]LogUObjectHash: Warning: Ambiguous search, could be Overlay /Game/Widget_Target.Widget_Target:WidgetTree.Overlay_0 or Overlay /Engine/Transient.World_4:Widget_Target_C_42.WidgetTree_0.Overlay_0
[2019.01.04-20.45.58:245][ 77]LogUObjectHash: Warning: Ambiguous search, could be Overlay /Game/Widget_Target.Widget_Target:WidgetTree.Overlay_0 or Overlay /Game/Widget_Target.Widget_Target_C:WidgetTree.Overlay_0
[2019.01.04-20.45.58:246][ 77]LogUObjectHash: Warning: Ambiguous search, could be Overlay /Game/Widget_Target.Widget_Target:WidgetTree.Overlay_0 or Overlay /Engine/Transient.REINST_Widget_Target_C_29:WidgetTree.Overlay_0
[2019.01.04-20.45.58:246][ 77]LogUObjectHash: Warning: Ambiguous search, could be Overlay /Game/Widget_Target.Widget_Target:WidgetTree.Overlay_0 or Overlay /Engine/Transient.World_4:Widget_Target_C_5.WidgetTree_0.Overlay_0
[2019.01.04-20.45.58:246][ 77]LogUObjectHash: Warning: Ambiguous search, could be Overlay /Game/Widget_Target.Widget_Target:WidgetTree.Overlay_0 or Overlay /Engine/Transient.World_4:Widget_Target_C_6.WidgetTree_0.Overlay_0
[2019.01.04-20.45.58:246][ 77]LogUObjectHash: Warning: Ambiguous search, could be Overlay /Game/Widget_Target.Widget_Target:WidgetTree.Overlay_0 or Overlay /Engine/Transient.World_4:Widget_Target_C_7.WidgetTree_0.Overlay_0
[2019.01.04-20.45.58:246][ 77]LogUObjectHash: Warning: Ambiguous search, could be Overlay /Game/Widget_Target.Widget_Target:WidgetTree.Overlay_0 or Overlay /Engine/Transient.REINST_Widget_Target_C_23:WidgetTree.Overlay_0
[2019.01.04-20.45.58:246][ 77]LogUObjectHash: Warning: Ambiguous search, could be Overlay /Game/Widget_Target.Widget_Target:WidgetTree.Overlay_0 or Overlay /Engine/Transient.World_4:Widget_Target_C_9.WidgetTree_0.Overlay_0
[2019.01.04-20.45.58:246][ 77]LogUObjectHash: Warning: Ambiguous search, could be Overlay /Game/Widget_Target.Widget_Target:WidgetTree.Overlay_0 or Overlay /Engine/Transient.World_4:Widget_Target_C_10.WidgetTree_0.Overlay_0
[2019.01.04-20.45.58:246][ 77]LogUObjectHash: Warning: Ambiguous search, could be Overlay /Game/Widget_Target.Widget_Target:WidgetTree.Overlay_0 or Overlay /Engine/Transient.World_4:Widget_Target_C_11.WidgetTree_0.Overlay_0
[2019.01.04-20.45.58:246][ 77]LogUObjectHash: Warning: Ambiguous search, could be Overlay /Game/Widget_Target.Widget_Target:WidgetTree.Overlay_0 or Overlay /Engine/Transient.World_4:Widget_Target_C_12.WidgetTree_0.Overlay_0
[2019.01.04-20.45.58:246][ 77]LogUObjectHash: Warning: Ambiguous search, could be Overlay /Game/Widget_Target.Widget_Target:WidgetTree.Overlay_0 or Overlay /Engine/Transient.World_4:Widget_Target_C_22.WidgetTree_0.Overlay_0
[2019.01.04-20.45.58:246][ 77]LogUObjectHash: Warning: Ambiguous search, could be Overlay /Game/Widget_Target.Widget_Target:WidgetTree.Overlay_0 or Overlay /Engine/Transient.World_4:Widget_Target_C_14.WidgetTree_0.Overlay_0
[2019.01.04-20.45.58:247][ 77]LogUObjectHash: Warning: Ambiguous search, could be Overlay /Game/Widget_Target.Widget_Target:WidgetTree.Overlay_0 or Overlay /Engine/Transient.World_4:Widget_Target_C_15.WidgetTree_0.Overlay_0
[2019.01.04-20.45.58:247][ 77]LogUObjectHash: Warning: Ambiguous search, could be Overlay /Game/Widget_Target.Widget_Target:WidgetTree.Overlay_0 or Overlay /Engine/Transient.World_4:Widget_Target_C_21.WidgetTree_0.Overlay_0
[2019.01.04-20.45.58:247][ 77]LogUObjectHash: Warning: Ambiguous search, could be Overlay /Game/Widget_Target.Widget_Target:WidgetTree.Overlay_0 or Overlay /Engine/Transient.REINST_Widget_Target_C_17:WidgetTree.Overlay_0
[2019.01.04-20.45.58:247][ 77]LogUObjectHash: Warning: Ambiguous search, could be Overlay /Game/Widget_Target.Widget_Target:WidgetTree.Overlay_0 or Overlay /Engine/Transient.World_4:REINST_Widget_Target_C_0.WidgetTree_0.Overlay_0
[2019.01.04-20.45.58:247][ 77]LogProperty: Warning: Illegal TEXT reference to a private object in external package (OverlaySlot /Game/Widget_Target.Widget_Target:WidgetTree.Overlay_0.OverlaySlot_0) from referencer (Image /Engine/UMG/Editor/Transient.Target_Image).  Import failed...
[2019.01.04-20.45.58:247][ 77]LogProperty: Warning: ObjectProperty /Script/UMG.Widget:Slot: unresolved reference to 'OverlaySlot'"Overlay_0.OverlaySlot_0"''
[2019.01.04-20.46.29:192][714]LogSlate: Window 'Color Picker' being destroyed
[2019.01.04-20.46.48:612][994]LogSlate: Window 'Color Picker' being destroyed
[2019.01.04-20.46.49:411][ 88]BlueprintLog: New page: Compile Widget_Target
[2019.01.04-20.46.50:977][259]LogTemp: Repeating last play command: Selected Viewport
[2019.01.04-20.46.51:006][259]LogPlayLevel: PlayLevel: No blueprints needed recompiling
[2019.01.04-20.46.51:006][259]PIE: New page: PIE session: BaseLevel (4 Jan 2019 20:46:51)
[2019.01.04-20.46.51:007][259]LogPlayLevel: Creating play world package: /Game/Levels/UEDPIE_0_BaseLevel
[2019.01.04-20.46.51:010][259]LogPlayLevel: PIE: StaticDuplicateObject took: (0.003596s)
[2019.01.04-20.46.51:011][259]LogAIModule: Creating AISystem for world BaseLevel
[2019.01.04-20.46.51:011][259]LogPlayLevel: PIE: World Init took: (0.000836s)
[2019.01.04-20.46.51:011][259]LogPlayLevel: PIE: Created PIE world by copying editor world from /Game/Levels/BaseLevel.BaseLevel to /Game/Levels/UEDPIE_0_BaseLevel.BaseLevel (0.004875s)
[2019.01.04-20.46.51:071][259]LogInit: XAudio2 using 'Speakers (Realtek High Definition Audio)' : 2 channels at 48 kHz using 32 bits per sample (channel mask 0x3)
[2019.01.04-20.46.51:092][259]LogInit: FAudioDevice initialized.
[2019.01.04-20.46.51:122][259]LogLoad: Game class is 'GM_GAME_C'
[2019.01.04-20.46.51:123][259]LogWorld: Bringing World /Game/Levels/UEDPIE_0_BaseLevel.BaseLevel up for play (max tick rate 0) at 2019.01.04-20.46.51
[2019.01.04-20.46.51:124][259]LogWorld: Bringing up level for play took: 0.001767
[2019.01.04-20.46.51:138][259]LogBlueprintUserMessages: [EntranceToRestictedArea_2] yeet
[2019.01.04-20.46.51:138][259]LogBlueprintUserMessages: [EntranceToRestictedArea2] yeet
[2019.01.04-20.46.51:139][259]PIE: Play in editor start time for /Game/Levels/UEDPIE_0_BaseLevel -0.208
[2019.01.04-20.46.53:104][494]LogSlate: Updating window title bar state: overlay mode, drag disabled, window buttons hidden, title bar hidden
[2019.01.04-20.46.53:146][494]LogPlayLevel: Display: Shutting down PIE online subsystems
[2019.01.04-20.46.53:204][494]LogSlate: Updating window title bar state: overlay mode, drag disabled, window buttons hidden, title bar hidden
[2019.01.04-20.46.53:225][495]LogPlayLevel: Display: Destroying online subsystem :Context_12
[2019.01.04-20.47.21:834][856]LogTemp: Repeating last play command: Selected Viewport
[2019.01.04-20.47.21:855][856]BlueprintLog: New page: Pre-Play auto-recompile
[2019.01.04-20.47.21:860][856]LogPlayLevel: [PlayLevel] Compiling Widget_Target before play...
[2019.01.04-20.47.22:064][856]LogPlayLevel: PlayLevel: Blueprint regeneration took 209 ms (1 blueprints)
[2019.01.04-20.47.22:064][856]PIE: New page: PIE session: BaseLevel (4 Jan 2019 20:47:22)
[2019.01.04-20.47.22:064][856]LogPlayLevel: Creating play world package: /Game/Levels/UEDPIE_0_BaseLevel
[2019.01.04-20.47.22:068][856]LogPlayLevel: PIE: StaticDuplicateObject took: (0.003227s)
[2019.01.04-20.47.22:068][856]LogAIModule: Creating AISystem for world BaseLevel
[2019.01.04-20.47.22:068][856]LogPlayLevel: PIE: World Init took: (0.000674s)
[2019.01.04-20.47.22:068][856]LogPlayLevel: PIE: Created PIE world by copying editor world from /Game/Levels/BaseLevel.BaseLevel to /Game/Levels/UEDPIE_0_BaseLevel.BaseLevel (0.004171s)
[2019.01.04-20.47.22:125][856]LogInit: XAudio2 using 'Speakers (Realtek High Definition Audio)' : 2 channels at 48 kHz using 32 bits per sample (channel mask 0x3)
[2019.01.04-20.47.22:147][856]LogInit: FAudioDevice initialized.
[2019.01.04-20.47.22:178][856]LogLoad: Game class is 'GM_GAME_C'
[2019.01.04-20.47.22:180][856]LogWorld: Bringing World /Game/Levels/UEDPIE_0_BaseLevel.BaseLevel up for play (max tick rate 0) at 2019.01.04-20.47.22
[2019.01.04-20.47.22:180][856]LogWorld: Bringing up level for play took: 0.001782
[2019.01.04-20.47.22:194][856]LogBlueprintUserMessages: [EntranceToRestictedArea_2] yeet
[2019.01.04-20.47.22:194][856]LogBlueprintUserMessages: [EntranceToRestictedArea2] yeet
[2019.01.04-20.47.22:196][856]PIE: Play in editor start time for /Game/Levels/UEDPIE_0_BaseLevel 0.849
[2019.01.04-20.47.24:615][143]LogSlate: Updating window title bar state: overlay mode, drag disabled, window buttons hidden, title bar hidden
[2019.01.04-20.47.24:651][143]LogPlayLevel: Display: Shutting down PIE online subsystems
[2019.01.04-20.47.24:681][143]LogSlate: Updating window title bar state: overlay mode, drag disabled, window buttons hidden, title bar hidden
[2019.01.04-20.47.24:724][145]LogPlayLevel: Display: Destroying online subsystem :Context_13
[2019.01.04-20.47.34:770][333]Cmd: OBJ SAVEPACKAGE PACKAGE="/Game/Widget_Target" FILE="D:/Documents/GitHub/TGP_PairProject/TGP_Project/Content/Widget_Target.uasset" SILENT=true
[2019.01.04-20.47.34:804][333]LogSavePackage: Moving 'D:/Documents/GitHub/TGP_PairProject/TGP_Project/Saved/Widget_Target76580E4F44C6D3C86BFE259E11FA7B54.tmp' to 'D:/Documents/GitHub/TGP_PairProject/TGP_Project/Content/Widget_Target.uasset'
