Log file open, 12/07/18 21:25:53
LogWindows: Failed to load 'aqProf.dll' (GetLastError=126)
LogWindows: File 'aqProf.dll' does not exist
LogWindows: Failed to load 'VSPerf140.dll' (GetLastError=126)
LogWindows: File 'VSPerf140.dll' does not exist
LogWindows: Failed to load 'VtuneApi.dll' (GetLastError=126)
LogWindows: File 'VtuneApi.dll' does not exist
LogWindows: Failed to load 'VtuneApi32e.dll' (GetLastError=126)
LogWindows: File 'VtuneApi32e.dll' does not exist
LogInit: Display: Running engine for game: TGP_Project
LogPlatformFile: Not using cached read wrapper
LogTaskGraph: Started task graph with 5 named threads and 14 total threads with 3 sets of task threads.
LogStats: Stats thread started at 0.827214
LogD3D11RHI: Loaded GFSDK_Aftermath_Lib.x64.dll
LogICUInternationalization: Display: ICU TimeZone Detection - Raw Offset: +0:00, Platform Override: ''
LogPluginManager: Mounting plugin Paper2D
LogPluginManager: Mounting plugin AISupport
LogPluginManager: Mounting plugin LightPropagationVolume
LogPluginManager: Mounting plugin CLionSourceCodeAccess
LogPluginManager: Mounting plugin CodeLiteSourceCodeAccess
LogPluginManager: Mounting plugin GitSourceControl
LogPluginManager: Mounting plugin KDevelopSourceCodeAccess
LogPluginManager: Mounting plugin NullSourceCodeAccess
LogPluginManager: Mounting plugin PerforceSourceControl
LogPluginManager: Mounting plugin SubversionSourceControl
LogPluginManager: Mounting plugin UObjectPlugin
LogPluginManager: Mounting plugin VisualStudioCodeSourceCodeAccess
LogPluginManager: Mounting plugin VisualStudioSourceCodeAccess
LogPluginManager: Mounting plugin XCodeSourceCodeAccess
LogPluginManager: Mounting plugin AssetManagerEditor
LogPluginManager: Mounting plugin CryptoKeys
LogPluginManager: Mounting plugin DataValidation
LogPluginManager: Mounting plugin FacialAnimation
LogPluginManager: Mounting plugin GameplayTagsEditor
LogPluginManager: Mounting plugin MacGraphicsSwitching
LogPluginManager: Mounting plugin MeshEditor
LogPluginManager: Mounting plugin MobileLauncherProfileWizard
LogPluginManager: Mounting plugin PluginBrowser
LogPluginManager: Mounting plugin SpeedTreeImporter
LogPluginManager: Mounting plugin DatasmithContent
LogPluginManager: Mounting plugin AlembicImporter
LogPluginManager: Mounting plugin AppleImageUtils
LogPluginManager: Mounting plugin AppleVision
LogPluginManager: Mounting plugin BackChannel
LogPluginManager: Mounting plugin CharacterAI
LogPluginManager: Mounting plugin GeometryCache
LogPluginManager: Mounting plugin HTML5Networking
LogPluginManager: Mounting plugin ProxyLODPlugin
LogPluginManager: Mounting plugin MagicLeap
LogPluginManager: Mounting plugin MagicLeapEmulator
LogPluginManager: Mounting plugin MagicLeapMedia
LogPluginManager: Mounting plugin AndroidMedia
LogPluginManager: Mounting plugin AvfMedia
LogPluginManager: Mounting plugin ImgMedia
LogPluginManager: Mounting plugin LinearTimecode
LogPluginManager: Mounting plugin MediaCompositing
LogPluginManager: Mounting plugin MediaPlayerEditor
LogPluginManager: Mounting plugin WmfMedia
LogPluginManager: Mounting plugin TcpMessaging
LogPluginManager: Mounting plugin UdpMessaging
LogPluginManager: Mounting plugin ActorSequence
LogPluginManager: Mounting plugin LevelSequenceEditor
LogPluginManager: Mounting plugin MatineeToLevelSequence
LogPluginManager: Mounting plugin NetcodeUnitTest
LogPluginManager: Mounting plugin NUTUnrealEngine4
LogPluginManager: Mounting plugin OnlineSubsystemGooglePlay
LogPluginManager: Mounting plugin OnlineSubsystemIOS
LogPluginManager: Mounting plugin OnlineSubsystem
LogPluginManager: Mounting plugin OnlineSubsystemNull
LogPluginManager: Mounting plugin OnlineSubsystemUtils
LogPluginManager: Mounting plugin LauncherChunkInstaller
LogPluginManager: Mounting plugin AndroidDeviceProfileSelector
LogPluginManager: Mounting plugin AndroidMoviePlayer
LogPluginManager: Mounting plugin AndroidPermission
LogPluginManager: Mounting plugin AppleMoviePlayer
LogPluginManager: Mounting plugin ArchVisCharacter
LogPluginManager: Mounting plugin AudioCapture
LogPluginManager: Mounting plugin CableComponent
LogPluginManager: Mounting plugin CustomMeshComponent
LogPluginManager: Mounting plugin EditableMesh
LogPluginManager: Mounting plugin ExampleDeviceProfileSelector
LogPluginManager: Mounting plugin GoogleCloudMessaging
LogPluginManager: Mounting plugin ImmediatePhysics
LogPluginManager: Mounting plugin IOSDeviceProfileSelector
LogPluginManager: Mounting plugin LinuxDeviceProfileSelector
LogPluginManager: Mounting plugin LocationServicesBPLibrary
LogPluginManager: Mounting plugin MobilePatchingUtils
LogPluginManager: Mounting plugin OculusVR
LogPluginManager: Plugin shader directory ../../../Engine/Plugins/Runtime/Oculus/OculusVR/Shaders found
LogPluginManager: Mapping shader source directory ../../../Engine/Plugins/Runtime/Oculus/OculusVR/Shaders to virtual directory /Plugin/OculusVR
LogPluginManager: Mounting plugin PhysXVehicles
LogPluginManager: Mounting plugin ProceduralMeshComponent
LogPluginManager: Mounting plugin RuntimePhysXCooking
LogPluginManager: Mounting plugin SteamVR
LogPluginManager: Mounting plugin WindowsMoviePlayer
LogStreaming: Display: Took  0.133s to configure plugins.
LogInit: Using libcurl 7.55.1-DEV
LogInit:  - built for x86_64-pc-win32
LogInit:  - supports SSL with OpenSSL/1.0.2h
LogInit:  - supports HTTP deflate (compression) using libz 1.2.8
LogInit:  - other features:
LogInit:      CURL_VERSION_SSL
LogInit:      CURL_VERSION_LIBZ
LogInit:      CURL_VERSION_IPV6
LogInit:      CURL_VERSION_ASYNCHDNS
LogInit:      CURL_VERSION_LARGEFILE
LogInit:      CURL_VERSION_IDN
LogInit:  CurlRequestOptions (configurable via config and command line):
LogInit:  - bVerifyPeer = false  - Libcurl will NOT verify peer certificate
LogInit:  - bUseHttpProxy = false  - Libcurl will NOT use HTTP proxy
LogInit:  - bDontReuseConnections = false  - Libcurl will reuse connections
LogInit:  - CertBundlePath = nullptr  - Libcurl will use whatever was configured at build time.
LogInit:  - MaxHostConnections = 16  - Libcurl will limit the number of connections to a host
LogInit:  - LocalHostAddr = Default
LogInit:  - BufferSize = 65536
LogInit: WinSock: version 1.1 (2.2), MaxSocks=32767, MaxUdp=65467
LogInit: Build: ++UE4+Release-4.20-CL-4369336
LogInit: Engine Version: 4.20.3-4369336+++UE4+Release-4.20
LogInit: Compatible Engine Version: 4.20.0-4212847+++UE4+Release-4.20
LogInit: Net CL: 4212847
LogInit: OS: Windows 10 (), CPU: Intel(R) Core(TM) i5-4590 CPU @ 3.30GHz, GPU: NVIDIA GeForce GTX 1060 6GB
LogInit: Compiled (64-bit): Sep 17 2018 12:26:19
LogInit: Compiled with Visual C++: 19.13.26129.00
LogInit: Build Configuration: Development
LogInit: Branch Name: ++UE4+Release-4.20
LogInit: Command Line: 
LogInit: Base Directory: C:/Program Files/Epic Games/UE_4.20/Engine/Binaries/Win64/
LogInit: Installed Engine Build: 1
LogDevObjectVersion: Number of dev versions registered: 20
LogDevObjectVersion:   Dev-Blueprints (B0D832E4-1F89-4F0D-ACCF-7EB736FD4AA2): 10
LogDevObjectVersion:   Dev-Build (E1C64328-A22C-4D53-A36C-8E866417BD8C): 0
LogDevObjectVersion:   Dev-Core (375EC13C-06E4-48FB-B500-84F0262A717E): 2
LogDevObjectVersion:   Dev-Editor (E4B068ED-F494-42E9-A231-DA0B2E46BB41): 24
LogDevObjectVersion:   Dev-Framework (CFFC743F-43B0-4480-9391-14DF171D2073): 34
LogDevObjectVersion:   Dev-Mobile (B02B49B5-BB20-44E9-A304-32B752E40360): 2
LogDevObjectVersion:   Dev-Networking (A4E4105C-59A1-49B5-A7C5-40C4547EDFEE): 0
LogDevObjectVersion:   Dev-Online (39C831C9-5AE6-47DC-9A44-9C173E1C8E7C): 0
LogDevObjectVersion:   Dev-Physics (78F01B33-EBEA-4F98-B9B4-84EACCB95AA2): 0
LogDevObjectVersion:   Dev-Platform (6631380F-2D4D-43E0-8009-CF276956A95A): 0
LogDevObjectVersion:   Dev-Rendering (12F88B9F-8875-4AFC-A67C-D90C383ABD29): 26
LogDevObjectVersion:   Dev-Sequencer (7B5AE74C-D270-4C10-A958-57980B212A5A): 9
LogDevObjectVersion:   Dev-VR (D7296918-1DD6-4BDD-9DE2-64A83CC13884): 2
LogDevObjectVersion:   Dev-LoadTimes (C2A15278-BFE7-4AFE-6C17-90FF531DF755): 1
LogDevObjectVersion:   Private-Geometry (6EACA3D4-40EC-4CC1-B786-8BED09428FC5): 3
LogDevObjectVersion:   Dev-AnimPhys (29E575DD-E0A3-4627-9D10-D276232CDCEA): 17
LogDevObjectVersion:   Dev-ReflectionCapture (6B266CEC-1EC7-4B8F-A30B-E4D90942FC07): 1
LogDevObjectVersion:   Dev-Automation (0DF73D61-A23F-47EA-B727-89E90C41499A): 1
LogDevObjectVersion:   FortniteMain (601D1886-AC64-4F84-AA16-D3DE0DEAC7D6): 12
LogDevObjectVersion:   Dev-Enterprise (9DFFBCD6-494F-0158-E221-12823C92A888): 1
LogStreaming: Display: Took  0.009s to delete old logs.
LogInit: Presizing for max 8388607 objects, including 0 objects not considered by GC, pre-allocating 0 bytes for permanent pool.
LogInit: Object subsystem initialized
[2018.12.07-21.25.54:691][  0]LogInit: Selected Device Profile: [Windows]
[2018.12.07-21.25.54:691][  0]LogInit: Applying CVar settings loaded from the selected device profile: [Windows]
[2018.12.07-21.25.54:772][  0]LogHAL: Display: Platform has ~ 16 GB [17009229824 / 17179869184 / 16], which maps to Larger [LargestMinGB=32, LargerMinGB=12, DefaultMinGB=8, SmallerMinGB=6, SmallestMinGB=0)
[2018.12.07-21.25.54:772][  0]LogInit: Setting Device Profile CVar: [[r.Vulkan.UseRealUBs:1]]
[2018.12.07-21.25.54:772][  0]LogInit: Going up to parent DeviceProfile []
[2018.12.07-21.25.54:773][  0]LogInit: Computer: GROUNDZERO
[2018.12.07-21.25.54:773][  0]LogInit: User: TDSSK
[2018.12.07-21.25.54:773][  0]LogInit: CPU Page size=4096, Cores=4
[2018.12.07-21.25.54:773][  0]LogInit: High frequency timer resolution =3.222656 MHz
[2018.12.07-21.25.54:773][  0]LogMemory: Memory total: Physical=15.8GB (16GB approx)
[2018.12.07-21.25.54:773][  0]LogMemory: Platform Memory Stats for Windows
[2018.12.07-21.25.54:773][  0]LogMemory: Process Physical Memory: 101.04 MB used, 101.04 MB peak
[2018.12.07-21.25.54:773][  0]LogMemory: Process Virtual Memory: 84.26 MB used, 84.26 MB peak
[2018.12.07-21.25.54:773][  0]LogMemory: Physical Memory: 9885.79 MB used,  6335.48 MB free, 16221.27 MB total
[2018.12.07-21.25.54:773][  0]LogMemory: Virtual Memory: 524.16 MB used,  6335.48 MB free, 134217728.00 MB total
[2018.12.07-21.25.55:047][  0]LogInit: Using OS detected language (en-GB).
[2018.12.07-21.25.55:047][  0]LogInit: Using OS detected locale (en-GB).
[2018.12.07-21.25.55:048][  0]LogTextLocalizationManager: No specific localization for 'en-GB' exists, so the 'en' localization will be used.
[2018.12.07-21.25.55:806][  0]LogStreaming: Display: Took  0.759s to InitEngineTextLocalization.
[2018.12.07-21.25.55:807][  0]LogInit: Setting process to per monitor DPI aware
[2018.12.07-21.25.55:892][  0]LogSlate: New Slate User Created.  User Index 0, Is Virtual User: 0
[2018.12.07-21.25.55:892][  0]LogSlate: Slate User Registered.  User Index 0, Is Virtual User: 0
[2018.12.07-21.25.57:411][  0]LogHMD: Failed to initialize OpenVR with code 110
[2018.12.07-21.25.57:411][  0]LogD3D11RHI: D3D11 adapters:
[2018.12.07-21.25.57:566][  0]LogD3D11RHI:    0. 'NVIDIA GeForce GTX 1060 6GB' (Feature Level 11_0)
[2018.12.07-21.25.57:566][  0]LogD3D11RHI:       6052/0/8110 MB DedicatedVideo/DedicatedSystem/SharedSystem, Outputs:1, VendorId:0x10de
[2018.12.07-21.25.57:572][  0]LogD3D11RHI:    1. 'Intel(R) HD Graphics 4600' (Feature Level 11_0)
[2018.12.07-21.25.57:572][  0]LogD3D11RHI:       112/0/2048 MB DedicatedVideo/DedicatedSystem/SharedSystem, Outputs:0, VendorId:0x8086
[2018.12.07-21.25.57:599][  0]LogD3D11RHI:    2. 'Microsoft Basic Render Driver' (Feature Level 11_0)
[2018.12.07-21.25.57:599][  0]LogD3D11RHI:       0/0/8110 MB DedicatedVideo/DedicatedSystem/SharedSystem, Outputs:0, VendorId:0x1414
[2018.12.07-21.25.57:599][  0]LogD3D11RHI: Chosen D3D11 Adapter: 0
[2018.12.07-21.25.57:606][  0]LogD3D11RHI: Creating new Direct3DDevice
[2018.12.07-21.25.57:607][  0]LogD3D11RHI:     GPU DeviceId: 0x1c03 (for the marketing name, search the web for "GPU Device Id")
[2018.12.07-21.25.57:607][  0]LogWindows: EnumDisplayDevices:
[2018.12.07-21.25.57:607][  0]LogWindows:    0. 'NVIDIA GeForce GTX 1060 6GB' (P:1 D:1)
[2018.12.07-21.25.57:607][  0]LogWindows:    1. 'NVIDIA GeForce GTX 1060 6GB' (P:0 D:0)
[2018.12.07-21.25.57:607][  0]LogWindows:    2. 'NVIDIA GeForce GTX 1060 6GB' (P:0 D:0)
[2018.12.07-21.25.57:607][  0]LogWindows:    3. 'NVIDIA GeForce GTX 1060 6GB' (P:0 D:0)
[2018.12.07-21.25.57:608][  0]LogWindows:    4. 'Intel(R) HD Graphics 4600' (P:0 D:0)
[2018.12.07-21.25.57:608][  0]LogWindows:    5. 'Intel(R) HD Graphics 4600' (P:0 D:0)
[2018.12.07-21.25.57:608][  0]LogWindows:    6. 'Intel(R) HD Graphics 4600' (P:0 D:0)
[2018.12.07-21.25.57:608][  0]LogWindows: DebugString: PrimaryIsNotTheChoosenAdapter PrimaryIsNotTheChoosenAdapter PrimaryIsNotTheChoosenAdapter FoundDriverCount:4 
[2018.12.07-21.25.57:608][  0]LogD3D11RHI:     Adapter Name: NVIDIA GeForce GTX 1060 6GB
[2018.12.07-21.25.57:608][  0]LogD3D11RHI:   Driver Version: 397.64 (internal:24.21.13.9764, unified:397.64)
[2018.12.07-21.25.57:608][  0]LogD3D11RHI:      Driver Date: 5-7-2018
[2018.12.07-21.25.57:608][  0]LogRHI: Texture pool is 4236 MB (70% of 6052 MB)
[2018.12.07-21.25.57:646][  0]LogD3D11RHI: Async texture creation enabled
[2018.12.07-21.25.57:732][  0]LogD3D11RHI: GPU Timing Frequency: 1000.000000 (Debug: 2 2)
[2018.12.07-21.25.57:733][  0]LogShaderCompilers: Guid format shader working directory is -2 characters bigger than the processId version (D:/Documents/GitHub/TGP_PairProject/TGP_Project/Intermediate/Shaders/WorkingDirectory/17192/).
[2018.12.07-21.25.57:733][  0]LogShaderCompilers: Cleaned the shader compiler working directory 'C:/Users/TDSSK/AppData/Local/Temp/UnrealShaderWorkingDir/1C2D28324B412B99B786A8A6794B6855/'.
[2018.12.07-21.25.58:522][  0]LogTemp: Display: Loaded TP AllDesktopTargetPlatform
[2018.12.07-21.25.58:535][  0]LogTemp: Display: Loaded TP MacClientTargetPlatform
[2018.12.07-21.25.58:549][  0]LogTemp: Display: Loaded TP MacNoEditorTargetPlatform
[2018.12.07-21.25.58:562][  0]LogTemp: Display: Loaded TP MacServerTargetPlatform
[2018.12.07-21.25.58:612][  0]LogTemp: Display: Loaded TP MacTargetPlatform
[2018.12.07-21.25.58:642][  0]LogTemp: Display: Loaded TP WindowsClientTargetPlatform
[2018.12.07-21.25.58:664][  0]LogTemp: Display: Loaded TP WindowsNoEditorTargetPlatform
[2018.12.07-21.25.58:683][  0]LogTemp: Display: Loaded TP WindowsServerTargetPlatform
[2018.12.07-21.25.58:698][  0]LogTemp: Display: Loaded TP WindowsTargetPlatform
[2018.12.07-21.25.58:827][  0]LogTemp: Display: Loaded TP AndroidTargetPlatform
[2018.12.07-21.25.58:827][  0]LogTemp: Display: Loaded TP AndroidTargetPlatform
[2018.12.07-21.25.58:827][  0]LogTemp: Display: Loaded TP AndroidTargetPlatform
[2018.12.07-21.25.58:827][  0]LogTemp: Display: Loaded TP AndroidTargetPlatform
[2018.12.07-21.25.58:827][  0]LogTemp: Display: Loaded TP AndroidTargetPlatform
[2018.12.07-21.25.58:827][  0]LogTemp: Display: Loaded TP AndroidTargetPlatform
[2018.12.07-21.25.58:827][  0]LogTemp: Display: Loaded TP AndroidTargetPlatform
[2018.12.07-21.25.58:827][  0]LogTemp: Display: Loaded TP AndroidTargetPlatform
[2018.12.07-21.25.58:827][  0]LogTemp: Display: Loaded TP AndroidTargetPlatform
[2018.12.07-21.25.58:827][  0]LogTemp: Display: Loaded TP AndroidTargetPlatform
[2018.12.07-21.25.58:827][  0]LogTemp: Display: Loaded TP AndroidTargetPlatform
[2018.12.07-21.25.58:827][  0]LogTemp: Display: Loaded TP AndroidTargetPlatform
[2018.12.07-21.25.58:827][  0]LogTemp: Display: Loaded TP AndroidTargetPlatform
[2018.12.07-21.25.58:827][  0]LogTemp: Display: Loaded TP AndroidTargetPlatform
[2018.12.07-21.25.58:827][  0]LogTemp: Display: Loaded TP AndroidTargetPlatform
[2018.12.07-21.25.58:827][  0]LogTemp: Display: Loaded TP AndroidTargetPlatform
[2018.12.07-21.25.58:827][  0]LogTemp: Display: Loaded TP AndroidTargetPlatform
[2018.12.07-21.25.58:827][  0]LogTemp: Display: Loaded TP AndroidTargetPlatform
[2018.12.07-21.25.58:833][  0]LogTemp: Display: Loaded TP HTML5TargetPlatform
[2018.12.07-21.25.58:968][  0]LogTemp: Display: Loaded TP IOSTargetPlatform
[2018.12.07-21.25.58:968][  0]LogTemp: Display: Loaded TP IOSTargetPlatform
[2018.12.07-21.25.58:992][  0]LogTemp: Display: Loaded TP TVOSTargetPlatform
[2018.12.07-21.25.58:992][  0]LogTemp: Display: Loaded TP TVOSTargetPlatform
[2018.12.07-21.25.59:022][  0]LogTemp: Display: Loaded TP LinuxClientTargetPlatform
[2018.12.07-21.25.59:035][  0]LogTemp: Display: Loaded TP LinuxNoEditorTargetPlatform
[2018.12.07-21.25.59:056][  0]LogTemp: Display: Loaded TP LinuxServerTargetPlatform
[2018.12.07-21.25.59:104][  0]LogTemp: Display: Loaded TP LinuxTargetPlatform
[2018.12.07-21.25.59:113][  0]LogTemp: Display: Loaded TP LuminTargetPlatform
[2018.12.07-21.25.59:113][  0]LogTargetPlatformManager: Display: Building Assets For Windows
[2018.12.07-21.25.59:399][  0]LogXGEController: Cleaning working directory: C:/Users/TDSSK/AppData/Local/Temp/UnrealXGEWorkingDir/
[2018.12.07-21.25.59:399][  0]LogXGEController: Cannot use XGE Controller as Incredibuild is not installed on this machine.
[2018.12.07-21.25.59:399][  0]LogShaderCompilers: Cannot use XGE Shader Compiler as Incredibuild is not installed on this machine.
[2018.12.07-21.25.59:399][  0]LogShaderCompilers: Display: Using Local Shader Compiler.
[2018.12.07-21.26.02:596][  0]LogDerivedDataCache: Display: Max Cache Size: 512 MB
[2018.12.07-21.26.03:312][  0]LogDerivedDataCache: Loaded boot cache 0.72s 71MB C:/Users/TDSSK/AppData/Local/UnrealEngine/4.20/DerivedDataCache/Boot.ddc.
[2018.12.07-21.26.03:313][  0]LogDerivedDataCache: Display: Loaded Boot cache: C:/Users/TDSSK/AppData/Local/UnrealEngine/4.20/DerivedDataCache/Boot.ddc
[2018.12.07-21.26.03:313][  0]LogDerivedDataCache: FDerivedDataBackendGraph:  Pak pak cache file D:/Documents/GitHub/TGP_PairProject/TGP_Project/DerivedDataCache/DDC.ddp not found, will not use a pak cache.
[2018.12.07-21.26.03:313][  0]LogDerivedDataCache: Unable to find inner node Pak for hierarchical cache Hierarchy.
[2018.12.07-21.26.03:313][  0]LogDerivedDataCache: FDerivedDataBackendGraph:  CompressedPak pak cache file D:/Documents/GitHub/TGP_PairProject/TGP_Project/DerivedDataCache/Compressed.ddp not found, will not use a pak cache.
[2018.12.07-21.26.03:313][  0]LogDerivedDataCache: Unable to find inner node CompressedPak for hierarchical cache Hierarchy.
[2018.12.07-21.26.03:355][  0]LogDerivedDataCache: Display: Pak cache opened for reading ../../../Engine/DerivedDataCache/Compressed.ddp.
[2018.12.07-21.26.03:367][  0]LogDerivedDataCache: Using Local data cache path C:/Users/TDSSK/AppData/Local/UnrealEngine/Common/DerivedDataCache: Writable
[2018.12.07-21.26.03:367][  0]LogDerivedDataCache: Shared data cache path not found in *engine.ini, will not use an Shared cache.
[2018.12.07-21.26.03:367][  0]LogDerivedDataCache: Unable to find inner node Shared for hierarchical cache Hierarchy.
[2018.12.07-21.26.03:393][  0]LogMaterial: Verifying Global Shaders for PCD3D_SM5
[2018.12.07-21.26.03:395][  0]LogSlate: Using FreeType 2.6.0
[2018.12.07-21.26.03:395][  0]LogSlate: SlateFontServices - WITH_FREETYPE: 1, WITH_HARFBUZZ: 1
[2018.12.07-21.26.03:496][  0]LogAssetRegistry: FAssetRegistry took 0.0253 seconds to start up
[2018.12.07-21.26.04:193][  0]LogInit: Selected Device Profile: [Windows]
[2018.12.07-21.26.05:116][  0]LogSimplygon: Simplygon DLL not present - disabling.
[2018.12.07-21.26.05:224][  0]LogMeshReduction: Using SimplygonSwarm for distributed automatic mesh merging
[2018.12.07-21.26.05:224][  0]LogMeshReduction: Using ProxyLODMeshReduction for automatic mesh merging
[2018.12.07-21.26.05:224][  0]LogMeshReduction: Using QuadricMeshReduction for automatic static mesh reduction
[2018.12.07-21.26.05:224][  0]LogMeshReduction: No automatic skeletal mesh reduction module available
[2018.12.07-21.26.05:313][  0]LogNetVersion: TGP_Project 1.0.0, NetCL: 4212847, EngineNetVer: 5, GameNetVer: 0 (Checksum: 95638710)
[2018.12.07-21.26.06:812][  0]LogPackageLocalizationCache: Processed 11 localized package path(s) for 2 prioritized culture(s) in 0.079878 seconds
[2018.12.07-21.26.06:818][  0]LogUObjectArray: 38425 objects as part of root set at end of initial load.
[2018.12.07-21.26.06:818][  0]LogUObjectAllocator: 6690864 out of 0 bytes used by permanent object pool.
[2018.12.07-21.26.06:818][  0]LogUObjectArray: CloseDisregardForGC: 0/0 objects in disregard for GC pool
[2018.12.07-21.26.26:603][  0]LogTcpMessaging: Initializing TcpMessaging bridge
[2018.12.07-21.26.26:623][  0]LogUdpMessaging: Initializing bridge on interface 0.0.0.0:0 to multicast group 230.0.0.1:6666.
[2018.12.07-21.26.27:622][  0]LogWindows: Error: === Critical error: ===
[2018.12.07-21.26.27:622][  0]LogWindows: Error: 
[2018.12.07-21.26.27:622][  0]LogWindows: Error: Fatal error!
[2018.12.07-21.26.27:622][  0]LogWindows: Error: 
[2018.12.07-21.26.27:622][  0]LogWindows: Error: Unhandled Exception: EXCEPTION_ACCESS_VIOLATION reading address 0x0000017c
[2018.12.07-21.26.27:622][  0]LogWindows: Error: 
[2018.12.07-21.26.27:622][  0]LogWindows: Error: [Callstack] 0x00007ff99cc5d37a UE4Editor-Engine.dll!UnknownFunction []
[2018.12.07-21.26.27:622][  0]LogWindows: Error: [Callstack] 0x00007ff9823fa5c0 UE4Editor-TGP_Project-1448.dll!AProjectileBase::AProjectileBase() [d:\documents\github\tgp_pairproject\tgp_project\source\tgp_project\private\projectilebase.cpp:12]
[2018.12.07-21.26.27:622][  0]LogWindows: Error: [Callstack] 0x00007ff9a6bfaafd UE4Editor-CoreUObject.dll!UnknownFunction []
[2018.12.07-21.26.27:622][  0]LogWindows: Error: [Callstack] 0x00007ff9a6eddcf8 UE4Editor-CoreUObject.dll!UnknownFunction []
[2018.12.07-21.26.27:622][  0]LogWindows: Error: [Callstack] 0x00007ff9a6ebda9f UE4Editor-CoreUObject.dll!UnknownFunction []
[2018.12.07-21.26.27:622][  0]LogWindows: Error: [Callstack] 0x00007ff9a6c00a57 UE4Editor-CoreUObject.dll!UnknownFunction []
[2018.12.07-21.26.27:622][  0]LogWindows: Error: [Callstack] 0x00007ff9a931e08e UE4Editor-Core.dll!UnknownFunction []
[2018.12.07-21.26.27:622][  0]LogWindows: Error: [Callstack] 0x00007ff9a94d7851 UE4Editor-Core.dll!UnknownFunction []
[2018.12.07-21.26.27:622][  0]LogWindows: Error: [Callstack] 0x00007ff9b56cd11c UE4Editor-Projects.dll!UnknownFunction []
[2018.12.07-21.26.27:622][  0]LogWindows: Error: [Callstack] 0x00007ff9b56cd404 UE4Editor-Projects.dll!UnknownFunction []
[2018.12.07-21.26.27:622][  0]LogWindows: Error: [Callstack] 0x00007ff768c88521 UE4Editor.exe!UnknownFunction []
[2018.12.07-21.26.27:622][  0]LogWindows: Error: [Callstack] 0x00007ff768c8d907 UE4Editor.exe!UnknownFunction []
[2018.12.07-21.26.27:622][  0]LogWindows: Error: [Callstack] 0x00007ff768c85968 UE4Editor.exe!UnknownFunction []
[2018.12.07-21.26.27:622][  0]LogWindows: Error: [Callstack] 0x00007ff768c85bba UE4Editor.exe!UnknownFunction []
[2018.12.07-21.26.27:622][  0]LogWindows: Error: [Callstack] 0x00007ff768c93dac UE4Editor.exe!UnknownFunction []
[2018.12.07-21.26.27:622][  0]LogWindows: Error: [Callstack] 0x00007ff768c95aaa UE4Editor.exe!UnknownFunction []
[2018.12.07-21.26.27:622][  0]LogWindows: Error: [Callstack] 0x00007ff9dc1d1fe4 KERNEL32.DLL!UnknownFunction []
[2018.12.07-21.26.27:622][  0]LogWindows: Error: [Callstack] 0x00007ff9de69cb81 ntdll.dll!UnknownFunction []
[2018.12.07-21.26.27:622][  0]LogWindows: Error: 
[2018.12.07-21.26.27:635][  0]LogExit: Executing StaticShutdownAfterError
[2018.12.07-21.26.27:637][  0]LogWindows: FPlatformMisc::RequestExit(1)
[2018.12.07-21.26.27:645][  0]Log file closed, 12/07/18 21:26:27
