Log file open, 12/10/18 18:48:23
LogWindows: Failed to load 'aqProf.dll' (GetLastError=126)
LogWindows: File 'aqProf.dll' does not exist
LogWindows: Failed to load 'VSPerf140.dll' (GetLastError=126)
LogWindows: File 'VSPerf140.dll' does not exist
LogWindows: Failed to load 'VtuneApi.dll' (GetLastError=126)
LogWindows: File 'VtuneApi.dll' does not exist
LogWindows: Failed to load 'VtuneApi32e.dll' (GetLastError=126)
LogWindows: File 'VtuneApi32e.dll' does not exist
LogInit: Display: Running engine for game: TGP_Project
LogPlatformFile: Not using cached read wrapper
LogTaskGraph: Started task graph with 5 named threads and 23 total threads with 3 sets of task threads.
LogStats: Stats thread started at 0.423897
LogD3D11RHI: Loaded GFSDK_Aftermath_Lib.x64.dll
LogICUInternationalization: Display: ICU TimeZone Detection - Raw Offset: +0:00, Platform Override: ''
LogPluginManager: Mounting plugin Paper2D
LogPluginManager: Mounting plugin AISupport
LogPluginManager: Mounting plugin LightPropagationVolume
LogPluginManager: Mounting plugin CLionSourceCodeAccess
LogPluginManager: Mounting plugin CodeLiteSourceCodeAccess
LogPluginManager: Mounting plugin GitSourceControl
LogPluginManager: Mounting plugin KDevelopSourceCodeAccess
LogPluginManager: Mounting plugin NullSourceCodeAccess
LogPluginManager: Mounting plugin PerforceSourceControl
LogPluginManager: Mounting plugin SubversionSourceControl
LogPluginManager: Mounting plugin UObjectPlugin
LogPluginManager: Mounting plugin VisualStudioCodeSourceCodeAccess
LogPluginManager: Mounting plugin VisualStudioSourceCodeAccess
LogPluginManager: Mounting plugin XCodeSourceCodeAccess
LogPluginManager: Mounting plugin AssetManagerEditor
LogPluginManager: Mounting plugin CryptoKeys
LogPluginManager: Mounting plugin DataValidation
LogPluginManager: Mounting plugin FacialAnimation
LogPluginManager: Mounting plugin GameplayTagsEditor
LogPluginManager: Mounting plugin MacGraphicsSwitching
LogPluginManager: Mounting plugin MeshEditor
LogPluginManager: Mounting plugin MobileLauncherProfileWizard
LogPluginManager: Mounting plugin PluginBrowser
LogPluginManager: Mounting plugin SpeedTreeImporter
LogPluginManager: Mounting plugin DatasmithContent
LogPluginManager: Mounting plugin AlembicImporter
LogPluginManager: Mounting plugin AppleImageUtils
LogPluginManager: Mounting plugin AppleVision
LogPluginManager: Mounting plugin BackChannel
LogPluginManager: Mounting plugin CharacterAI
LogPluginManager: Mounting plugin GeometryCache
LogPluginManager: Mounting plugin HTML5Networking
LogPluginManager: Mounting plugin ProxyLODPlugin
LogPluginManager: Mounting plugin MagicLeap
LogPluginManager: Mounting plugin MagicLeapEmulator
LogPluginManager: Mounting plugin MagicLeapMedia
LogPluginManager: Mounting plugin AndroidMedia
LogPluginManager: Mounting plugin AvfMedia
LogPluginManager: Mounting plugin ImgMedia
LogPluginManager: Mounting plugin LinearTimecode
LogPluginManager: Mounting plugin MediaCompositing
LogPluginManager: Mounting plugin MediaPlayerEditor
LogPluginManager: Mounting plugin WmfMedia
LogPluginManager: Mounting plugin TcpMessaging
LogPluginManager: Mounting plugin UdpMessaging
LogPluginManager: Mounting plugin ActorSequence
LogPluginManager: Mounting plugin LevelSequenceEditor
LogPluginManager: Mounting plugin MatineeToLevelSequence
LogPluginManager: Mounting plugin NetcodeUnitTest
LogPluginManager: Mounting plugin NUTUnrealEngine4
LogPluginManager: Mounting plugin OnlineSubsystemGooglePlay
LogPluginManager: Mounting plugin OnlineSubsystemIOS
LogPluginManager: Mounting plugin OnlineSubsystem
LogPluginManager: Mounting plugin OnlineSubsystemNull
LogPluginManager: Mounting plugin OnlineSubsystemUtils
LogPluginManager: Mounting plugin LauncherChunkInstaller
LogPluginManager: Mounting plugin AndroidDeviceProfileSelector
LogPluginManager: Mounting plugin AndroidMoviePlayer
LogPluginManager: Mounting plugin AndroidPermission
LogPluginManager: Mounting plugin AppleMoviePlayer
LogPluginManager: Mounting plugin ArchVisCharacter
LogPluginManager: Mounting plugin AudioCapture
LogPluginManager: Mounting plugin CableComponent
LogPluginManager: Mounting plugin CustomMeshComponent
LogPluginManager: Mounting plugin EditableMesh
LogPluginManager: Mounting plugin ExampleDeviceProfileSelector
LogPluginManager: Mounting plugin GoogleCloudMessaging
LogPluginManager: Mounting plugin ImmediatePhysics
LogPluginManager: Mounting plugin IOSDeviceProfileSelector
LogPluginManager: Mounting plugin LinuxDeviceProfileSelector
LogPluginManager: Mounting plugin LocationServicesBPLibrary
LogPluginManager: Mounting plugin MobilePatchingUtils
LogPluginManager: Mounting plugin OculusVR
LogPluginManager: Plugin shader directory ../../../Engine/Plugins/Runtime/Oculus/OculusVR/Shaders found
LogPluginManager: Mapping shader source directory ../../../Engine/Plugins/Runtime/Oculus/OculusVR/Shaders to virtual directory /Plugin/OculusVR
LogPluginManager: Mounting plugin PhysXVehicles
LogPluginManager: Mounting plugin ProceduralMeshComponent
LogPluginManager: Mounting plugin RuntimePhysXCooking
LogPluginManager: Mounting plugin SteamVR
LogPluginManager: Mounting plugin WindowsMoviePlayer
LogStreaming: Display: Took  0.149s to configure plugins.
LogInit: Using libcurl 7.55.1-DEV
LogInit:  - built for x86_64-pc-win32
LogInit:  - supports SSL with OpenSSL/1.0.2h
LogInit:  - supports HTTP deflate (compression) using libz 1.2.8
LogInit:  - other features:
LogInit:      CURL_VERSION_SSL
LogInit:      CURL_VERSION_LIBZ
LogInit:      CURL_VERSION_IPV6
LogInit:      CURL_VERSION_ASYNCHDNS
LogInit:      CURL_VERSION_LARGEFILE
LogInit:      CURL_VERSION_IDN
LogInit:  CurlRequestOptions (configurable via config and command line):
LogInit:  - bVerifyPeer = false  - Libcurl will NOT verify peer certificate
LogInit:  - bUseHttpProxy = false  - Libcurl will NOT use HTTP proxy
LogInit:  - bDontReuseConnections = false  - Libcurl will reuse connections
LogInit:  - CertBundlePath = nullptr  - Libcurl will use whatever was configured at build time.
LogInit:  - MaxHostConnections = 16  - Libcurl will limit the number of connections to a host
LogInit:  - LocalHostAddr = Default
LogInit:  - BufferSize = 65536
LogInit: WinSock: version 1.1 (2.2), MaxSocks=32767, MaxUdp=65467
LogInit: Build: ++UE4+Release-4.20-CL-4369336
LogInit: Engine Version: 4.20.3-4369336+++UE4+Release-4.20
LogInit: Compatible Engine Version: 4.20.0-4212847+++UE4+Release-4.20
LogInit: Net CL: 4212847
LogInit: OS: Windows 10 (), CPU: AMD FX(tm)-8320 Eight-Core Processor           , GPU: AMD Radeon (TM) R9 380 Series
LogInit: Compiled (64-bit): Sep 17 2018 12:26:19
LogInit: Compiled with Visual C++: 19.13.26129.00
LogInit: Build Configuration: Development
LogInit: Branch Name: ++UE4+Release-4.20
LogInit: Command Line:  -skipcompile
LogInit: Base Directory: C:/Users/blued/Documents/UE_4.20/Engine/Binaries/Win64/
LogInit: Installed Engine Build: 1
LogDevObjectVersion: Number of dev versions registered: 20
LogDevObjectVersion:   Dev-Blueprints (B0D832E4-1F89-4F0D-ACCF-7EB736FD4AA2): 10
LogDevObjectVersion:   Dev-Build (E1C64328-A22C-4D53-A36C-8E866417BD8C): 0
LogDevObjectVersion:   Dev-Core (375EC13C-06E4-48FB-B500-84F0262A717E): 2
LogDevObjectVersion:   Dev-Editor (E4B068ED-F494-42E9-A231-DA0B2E46BB41): 24
LogDevObjectVersion:   Dev-Framework (CFFC743F-43B0-4480-9391-14DF171D2073): 34
LogDevObjectVersion:   Dev-Mobile (B02B49B5-BB20-44E9-A304-32B752E40360): 2
LogDevObjectVersion:   Dev-Networking (A4E4105C-59A1-49B5-A7C5-40C4547EDFEE): 0
LogDevObjectVersion:   Dev-Online (39C831C9-5AE6-47DC-9A44-9C173E1C8E7C): 0
LogDevObjectVersion:   Dev-Physics (78F01B33-EBEA-4F98-B9B4-84EACCB95AA2): 0
LogDevObjectVersion:   Dev-Platform (6631380F-2D4D-43E0-8009-CF276956A95A): 0
LogDevObjectVersion:   Dev-Rendering (12F88B9F-8875-4AFC-A67C-D90C383ABD29): 26
LogDevObjectVersion:   Dev-Sequencer (7B5AE74C-D270-4C10-A958-57980B212A5A): 9
LogDevObjectVersion:   Dev-VR (D7296918-1DD6-4BDD-9DE2-64A83CC13884): 2
LogDevObjectVersion:   Dev-LoadTimes (C2A15278-BFE7-4AFE-6C17-90FF531DF755): 1
LogDevObjectVersion:   Private-Geometry (6EACA3D4-40EC-4CC1-B786-8BED09428FC5): 3
LogDevObjectVersion:   Dev-AnimPhys (29E575DD-E0A3-4627-9D10-D276232CDCEA): 17
LogDevObjectVersion:   Dev-ReflectionCapture (6B266CEC-1EC7-4B8F-A30B-E4D90942FC07): 1
LogDevObjectVersion:   Dev-Automation (0DF73D61-A23F-47EA-B727-89E90C41499A): 1
LogDevObjectVersion:   FortniteMain (601D1886-AC64-4F84-AA16-D3DE0DEAC7D6): 12
LogDevObjectVersion:   Dev-Enterprise (9DFFBCD6-494F-0158-E221-12823C92A888): 1
LogStreaming: Display: Took  0.002s to delete old logs.
LogInit: Presizing for max 8388607 objects, including 0 objects not considered by GC, pre-allocating 0 bytes for permanent pool.
LogInit: Object subsystem initialized
[2018.12.10-18.48.23:855][  0]LogInit: Selected Device Profile: [Windows]
[2018.12.10-18.48.23:855][  0]LogInit: Applying CVar settings loaded from the selected device profile: [Windows]
[2018.12.10-18.48.23:870][  0]LogHAL: Display: Platform has ~ 16 GB [17071263744 / 17179869184 / 16], which maps to Larger [LargestMinGB=32, LargerMinGB=12, DefaultMinGB=8, SmallerMinGB=6, SmallestMinGB=0)
[2018.12.10-18.48.23:870][  0]LogInit: Setting Device Profile CVar: [[r.Vulkan.UseRealUBs:1]]
[2018.12.10-18.48.23:870][  0]LogInit: Going up to parent DeviceProfile []
[2018.12.10-18.48.23:871][  0]LogInit: Computer: DESKTOP-JAN50R2
[2018.12.10-18.48.23:871][  0]LogInit: User: blued
[2018.12.10-18.48.23:871][  0]LogInit: CPU Page size=4096, Cores=4
[2018.12.10-18.48.23:871][  0]LogInit: High frequency timer resolution =3.429411 MHz
[2018.12.10-18.48.23:872][  0]LogMemory: Memory total: Physical=15.9GB (16GB approx)
[2018.12.10-18.48.23:872][  0]LogMemory: Platform Memory Stats for Windows
[2018.12.10-18.48.23:872][  0]LogMemory: Process Physical Memory: 102.29 MB used, 102.29 MB peak
[2018.12.10-18.48.23:872][  0]LogMemory: Process Virtual Memory: 89.45 MB used, 89.45 MB peak
[2018.12.10-18.48.23:872][  0]LogMemory: Physical Memory: 7420.99 MB used,  8859.44 MB free, 16280.43 MB total
[2018.12.10-18.48.23:873][  0]LogMemory: Virtual Memory: 4643.36 MB used,  8859.44 MB free, 134217728.00 MB total
[2018.12.10-18.48.24:039][  0]LogInit: Using OS detected language (en-US).
[2018.12.10-18.48.24:040][  0]LogInit: Using OS detected locale (en-GB).
[2018.12.10-18.48.24:041][  0]LogTextLocalizationManager: No specific localization for 'en-US' exists, so the 'en' localization will be used.
[2018.12.10-18.48.24:549][  0]LogStreaming: Display: Took  0.510s to InitEngineTextLocalization.
[2018.12.10-18.48.24:549][  0]LogInit: Setting process to per monitor DPI aware
[2018.12.10-18.48.24:680][  0]LogSlate: New Slate User Created.  User Index 0, Is Virtual User: 0
[2018.12.10-18.48.24:680][  0]LogSlate: Slate User Registered.  User Index 0, Is Virtual User: 0
[2018.12.10-18.48.25:654][  0]LogHMD: Failed to initialize OpenVR with code 110
[2018.12.10-18.48.25:654][  0]LogD3D11RHI: D3D11 adapters:
[2018.12.10-18.48.25:735][  0]LogD3D11RHI:    0. 'AMD Radeon (TM) R9 380 Series' (Feature Level 11_0)
[2018.12.10-18.48.25:735][  0]LogD3D11RHI:       4071/0/8140 MB DedicatedVideo/DedicatedSystem/SharedSystem, Outputs:2, VendorId:0x1002
[2018.12.10-18.48.25:742][  0]LogD3D11RHI:    1. 'Microsoft Basic Render Driver' (Feature Level 11_0)
[2018.12.10-18.48.25:742][  0]LogD3D11RHI:       0/0/8140 MB DedicatedVideo/DedicatedSystem/SharedSystem, Outputs:0, VendorId:0x1414
[2018.12.10-18.48.25:742][  0]LogD3D11RHI: Chosen D3D11 Adapter: 0
[2018.12.10-18.48.25:754][  0]LogD3D11RHI: Creating new Direct3DDevice
[2018.12.10-18.48.25:754][  0]LogD3D11RHI:     GPU DeviceId: 0x6938 (for the marketing name, search the web for "GPU Device Id")
[2018.12.10-18.48.25:754][  0]LogWindows: EnumDisplayDevices:
[2018.12.10-18.48.25:754][  0]LogWindows:    0. 'AMD Radeon (TM) R9 380 Series' (P:1 D:1)
[2018.12.10-18.48.25:755][  0]LogWindows:    1. 'AMD Radeon (TM) R9 380 Series' (P:0 D:1)
[2018.12.10-18.48.25:756][  0]LogWindows:    2. 'AMD Radeon (TM) R9 380 Series' (P:0 D:0)
[2018.12.10-18.48.25:756][  0]LogWindows:    3. 'AMD Radeon (TM) R9 380 Series' (P:0 D:0)
[2018.12.10-18.48.25:757][  0]LogWindows:    4. 'AMD Radeon (TM) R9 380 Series' (P:0 D:0)
[2018.12.10-18.48.25:757][  0]LogWindows:    5. 'AMD Radeon (TM) R9 380 Series' (P:0 D:0)
[2018.12.10-18.48.25:758][  0]LogWindows:    6. 'AMD Radeon (TM) R9 380 Series' (P:0 D:0)
[2018.12.10-18.48.25:758][  0]LogWindows:    7. 'AMD Radeon (TM) R9 380 Series' (P:0 D:0)
[2018.12.10-18.48.25:759][  0]LogWindows:    8. 'AMD Radeon (TM) R9 380 Series' (P:0 D:0)
[2018.12.10-18.48.25:760][  0]LogWindows:    9. 'AMD Radeon (TM) R9 380 Series' (P:0 D:0)
[2018.12.10-18.48.25:760][  0]LogWindows:    10. 'AMD Radeon (TM) R9 380 Series' (P:0 D:0)
[2018.12.10-18.48.25:761][  0]LogWindows:    11. 'AMD Radeon (TM) R9 380 Series' (P:0 D:0)
[2018.12.10-18.48.25:761][  0]LogWindows:    12. 'AMD Radeon (TM) R9 380 Series' (P:0 D:0)
[2018.12.10-18.48.25:762][  0]LogWindows:    13. 'AMD Radeon (TM) R9 380 Series' (P:0 D:0)
[2018.12.10-18.48.25:763][  0]LogWindows:    14. 'AMD Radeon (TM) R9 380 Series' (P:0 D:0)
[2018.12.10-18.48.25:763][  0]LogWindows:    15. 'AMD Radeon (TM) R9 380 Series' (P:0 D:0)
[2018.12.10-18.48.25:764][  0]LogWindows: DebugString: FoundDriverCount:16 
[2018.12.10-18.48.25:764][  0]LogD3D11RHI:     Adapter Name: AMD Radeon (TM) R9 380 Series
[2018.12.10-18.48.25:764][  0]LogD3D11RHI:   Driver Version: Adrenalin 18.10.2 (internal:25.20.14007.1000, unified:25.20.14007.1000)
[2018.12.10-18.48.25:764][  0]LogD3D11RHI:      Driver Date: 10-19-2018
[2018.12.10-18.48.25:764][  0]LogRHI: Texture pool is 2850 MB (70% of 4071 MB)
[2018.12.10-18.48.25:949][  0]LogD3D11RHI: Async texture creation enabled
[2018.12.10-18.48.25:962][  0]LogD3D11RHI: GPU Timing Frequency: 27.000000 (Debug: 2 1)
[2018.12.10-18.48.25:964][  0]LogShaderCompilers: Guid format shader working directory is 9 characters bigger than the processId version (D:/GitHub/TGP_PairProject/TGP_Project/Intermediate/Shaders/WorkingDirectory/2540/).
[2018.12.10-18.48.25:965][  0]LogShaderCompilers: Cleaned the shader compiler working directory 'C:/Users/blued/AppData/Local/Temp/UnrealShaderWorkingDir/706BF7064AB48C25488F958DA7012909/'.
[2018.12.10-18.48.26:346][  0]LogTemp: Display: Loaded TP AllDesktopTargetPlatform
[2018.12.10-18.48.26:373][  0]LogTemp: Display: Loaded TP MacClientTargetPlatform
[2018.12.10-18.48.26:401][  0]LogTemp: Display: Loaded TP MacNoEditorTargetPlatform
[2018.12.10-18.48.26:427][  0]LogTemp: Display: Loaded TP MacServerTargetPlatform
[2018.12.10-18.48.26:455][  0]LogTemp: Display: Loaded TP MacTargetPlatform
[2018.12.10-18.48.26:482][  0]LogTemp: Display: Loaded TP WindowsClientTargetPlatform
[2018.12.10-18.48.26:510][  0]LogTemp: Display: Loaded TP WindowsNoEditorTargetPlatform
[2018.12.10-18.48.26:536][  0]LogTemp: Display: Loaded TP WindowsServerTargetPlatform
[2018.12.10-18.48.26:553][  0]LogTemp: Display: Loaded TP WindowsTargetPlatform
[2018.12.10-18.48.26:702][  0]LogTemp: Display: Loaded TP AndroidTargetPlatform
[2018.12.10-18.48.26:702][  0]LogTemp: Display: Loaded TP AndroidTargetPlatform
[2018.12.10-18.48.26:702][  0]LogTemp: Display: Loaded TP AndroidTargetPlatform
[2018.12.10-18.48.26:702][  0]LogTemp: Display: Loaded TP AndroidTargetPlatform
[2018.12.10-18.48.26:702][  0]LogTemp: Display: Loaded TP AndroidTargetPlatform
[2018.12.10-18.48.26:702][  0]LogTemp: Display: Loaded TP AndroidTargetPlatform
[2018.12.10-18.48.26:703][  0]LogTemp: Display: Loaded TP AndroidTargetPlatform
[2018.12.10-18.48.26:703][  0]LogTemp: Display: Loaded TP AndroidTargetPlatform
[2018.12.10-18.48.26:703][  0]LogTemp: Display: Loaded TP AndroidTargetPlatform
[2018.12.10-18.48.26:703][  0]LogTemp: Display: Loaded TP AndroidTargetPlatform
[2018.12.10-18.48.26:703][  0]LogTemp: Display: Loaded TP AndroidTargetPlatform
[2018.12.10-18.48.26:703][  0]LogTemp: Display: Loaded TP AndroidTargetPlatform
[2018.12.10-18.48.26:703][  0]LogTemp: Display: Loaded TP AndroidTargetPlatform
[2018.12.10-18.48.26:703][  0]LogTemp: Display: Loaded TP AndroidTargetPlatform
[2018.12.10-18.48.26:703][  0]LogTemp: Display: Loaded TP AndroidTargetPlatform
[2018.12.10-18.48.26:704][  0]LogTemp: Display: Loaded TP AndroidTargetPlatform
[2018.12.10-18.48.26:704][  0]LogTemp: Display: Loaded TP AndroidTargetPlatform
[2018.12.10-18.48.26:704][  0]LogTemp: Display: Loaded TP AndroidTargetPlatform
[2018.12.10-18.48.26:709][  0]LogTemp: Display: Loaded TP HTML5TargetPlatform
[2018.12.10-18.48.26:805][  0]LogTemp: Display: Loaded TP IOSTargetPlatform
[2018.12.10-18.48.26:805][  0]LogTemp: Display: Loaded TP IOSTargetPlatform
[2018.12.10-18.48.26:857][  0]LogTemp: Display: Loaded TP TVOSTargetPlatform
[2018.12.10-18.48.26:857][  0]LogTemp: Display: Loaded TP TVOSTargetPlatform
[2018.12.10-18.48.26:884][  0]LogTemp: Display: Loaded TP LinuxClientTargetPlatform
[2018.12.10-18.48.26:910][  0]LogTemp: Display: Loaded TP LinuxNoEditorTargetPlatform
[2018.12.10-18.48.26:936][  0]LogTemp: Display: Loaded TP LinuxServerTargetPlatform
[2018.12.10-18.48.26:968][  0]LogTemp: Display: Loaded TP LinuxTargetPlatform
[2018.12.10-18.48.26:987][  0]LogTemp: Display: Loaded TP LuminTargetPlatform
[2018.12.10-18.48.26:987][  0]LogTargetPlatformManager: Display: Building Assets For Windows
[2018.12.10-18.48.27:149][  0]LogXGEController: Cleaning working directory: C:/Users/blued/AppData/Local/Temp/UnrealXGEWorkingDir/
[2018.12.10-18.48.27:149][  0]LogXGEController: Cannot use XGE Controller as Incredibuild is not installed on this machine.
[2018.12.10-18.48.27:150][  0]LogShaderCompilers: Cannot use XGE Shader Compiler as Incredibuild is not installed on this machine.
[2018.12.10-18.48.27:150][  0]LogShaderCompilers: Display: Using Local Shader Compiler.
[2018.12.10-18.48.28:541][  0]LogDerivedDataCache: Display: Max Cache Size: 512 MB
[2018.12.10-18.48.28:629][  0]LogDerivedDataCache: Loaded boot cache 0.09s 71MB C:/Users/blued/AppData/Local/UnrealEngine/4.20/DerivedDataCache/Boot.ddc.
[2018.12.10-18.48.28:630][  0]LogDerivedDataCache: Display: Loaded Boot cache: C:/Users/blued/AppData/Local/UnrealEngine/4.20/DerivedDataCache/Boot.ddc
[2018.12.10-18.48.28:630][  0]LogDerivedDataCache: FDerivedDataBackendGraph:  Pak pak cache file D:/GitHub/TGP_PairProject/TGP_Project/DerivedDataCache/DDC.ddp not found, will not use a pak cache.
[2018.12.10-18.48.28:630][  0]LogDerivedDataCache: Unable to find inner node Pak for hierarchical cache Hierarchy.
[2018.12.10-18.48.28:630][  0]LogDerivedDataCache: FDerivedDataBackendGraph:  CompressedPak pak cache file D:/GitHub/TGP_PairProject/TGP_Project/DerivedDataCache/Compressed.ddp not found, will not use a pak cache.
[2018.12.10-18.48.28:630][  0]LogDerivedDataCache: Unable to find inner node CompressedPak for hierarchical cache Hierarchy.
[2018.12.10-18.48.28:646][  0]LogDerivedDataCache: Display: Pak cache opened for reading ../../../Engine/DerivedDataCache/Compressed.ddp.
[2018.12.10-18.48.28:660][  0]LogDerivedDataCache: Using Local data cache path C:/Users/blued/AppData/Local/UnrealEngine/Common/DerivedDataCache: Writable
[2018.12.10-18.48.28:660][  0]LogDerivedDataCache: Shared data cache path not found in *engine.ini, will not use an Shared cache.
[2018.12.10-18.48.28:660][  0]LogDerivedDataCache: Unable to find inner node Shared for hierarchical cache Hierarchy.
[2018.12.10-18.48.28:692][  0]LogMaterial: Verifying Global Shaders for PCD3D_SM5
[2018.12.10-18.48.28:694][  0]LogSlate: Using FreeType 2.6.0
[2018.12.10-18.48.28:698][  0]LogSlate: SlateFontServices - WITH_FREETYPE: 1, WITH_HARFBUZZ: 1
[2018.12.10-18.48.28:899][  0]LogAssetRegistry: FAssetRegistry took 0.0328 seconds to start up
[2018.12.10-18.48.29:466][  0]LogInit: Selected Device Profile: [Windows]
[2018.12.10-18.48.29:683][  0]LogSimplygon: Simplygon DLL not present - disabling.
[2018.12.10-18.48.29:694][  0]LogMeshReduction: Using SimplygonSwarm for distributed automatic mesh merging
[2018.12.10-18.48.29:695][  0]LogMeshReduction: Using ProxyLODMeshReduction for automatic mesh merging
[2018.12.10-18.48.29:695][  0]LogMeshReduction: Using QuadricMeshReduction for automatic static mesh reduction
[2018.12.10-18.48.29:695][  0]LogMeshReduction: No automatic skeletal mesh reduction module available
[2018.12.10-18.48.29:761][  0]LogNetVersion: TGP_Project 1.0.0, NetCL: 4212847, EngineNetVer: 5, GameNetVer: 0 (Checksum: 95638710)
[2018.12.10-18.48.30:485][  0]LogPackageLocalizationCache: Processed 11 localized package path(s) for 2 prioritized culture(s) in 0.111097 seconds
[2018.12.10-18.48.30:493][  0]LogUObjectArray: 38425 objects as part of root set at end of initial load.
[2018.12.10-18.48.30:494][  0]LogUObjectAllocator: 6690864 out of 0 bytes used by permanent object pool.
[2018.12.10-18.48.30:494][  0]LogUObjectArray: CloseDisregardForGC: 0/0 objects in disregard for GC pool
[2018.12.10-18.48.33:020][  0]LogTcpMessaging: Initializing TcpMessaging bridge
[2018.12.10-18.48.33:038][  0]LogUdpMessaging: Initializing bridge on interface 0.0.0.0:0 to multicast group 230.0.0.1:6666.
[2018.12.10-18.48.33:316][  0]SourceControl: Source control is disabled
[2018.12.10-18.48.33:316][  0]SourceControl: Source control is disabled
[2018.12.10-18.48.33:321][  0]SourceControl: Source control is disabled
[2018.12.10-18.48.33:324][  0]SourceControl: Source control is disabled
[2018.12.10-18.48.33:646][  0]LogAndroidPermission: UAndroidPermissionCallbackProxy::GetInstance
[2018.12.10-18.48.33:799][  0]LogOcInput: OculusInput pre-init called
[2018.12.10-18.48.33:896][  0]LogEngine: Initializing Engine...
[2018.12.10-18.48.33:898][  0]LogHMD: Failed to initialize OpenVR with code 110
[2018.12.10-18.48.33:901][  0]LogStats: UGameplayTagsManager::ConstructGameplayTagTree: ImportINI prefixes -  0.000 s
[2018.12.10-18.48.33:901][  0]LogStats: UGameplayTagsManager::ConstructGameplayTagTree: Construct from data asset -  0.000 s
[2018.12.10-18.48.33:901][  0]LogStats: UGameplayTagsManager::ConstructGameplayTagTree: ImportINI -  0.000 s
[2018.12.10-18.48.33:901][  0]LogStats: UGameplayTagsManager::ConstructGameplayTagTree: GameplayTagTreeChangedEvent.Broadcast -  0.000 s
[2018.12.10-18.48.34:204][  0]LogInit: Initializing FReadOnlyCVARCache
[2018.12.10-18.48.34:229][  0]LogAIModule: Creating AISystem for world Untitled
[2018.12.10-18.48.34:262][  0]LogInit: XAudio2 using 'Headphones (4- Turtle Beach Recon 60P)' : 2 channels at 48 kHz using 16 bits per sample (channel mask 0x3)
[2018.12.10-18.48.34:288][  0]LogInit: FAudioDevice initialized.
[2018.12.10-18.48.34:288][  0]LogNetVersion: Set ProjectVersion to 1.0.0.0. Version Checksum will be recalculated on next use.
[2018.12.10-18.48.34:399][  0]LogDerivedDataCache: Saved boot cache 0.11s 71MB C:/Users/blued/AppData/Local/UnrealEngine/4.20/DerivedDataCache/Boot.ddc.
[2018.12.10-18.48.34:415][  0]LogInit: Texture streaming: Enabled
[2018.12.10-18.48.34:450][  0]LogEngineSessionManager: EngineSessionManager initialized
[2018.12.10-18.48.34:450][  0]LogEngineSessionManager: EngineSessionManager sent abnormal shutdown report. Type=Debugger, SessionId={BEABA44B-4562-820B-499C-2F920D761856}
[2018.12.10-18.48.34:450][  0]LogEngineSessionManager: EngineSessionManager sent abnormal shutdown report. Type=Debugger, SessionId={0FDD7BFA-403A-6932-455B-EF94C7D96738}
[2018.12.10-18.48.34:465][  0]LogInit: Transaction tracking system initialized
[2018.12.10-18.48.34:514][  0]BlueprintLog: New page: Editor Load
[2018.12.10-18.48.34:688][  0]LocalizationService: Localization service is disabled
[2018.12.10-18.48.35:104][  0]LogCook: Display: Max memory allowance for cook 16384mb min free memory 0mb
[2018.12.10-18.48.35:105][  0]LogCook: Display: Mobile HDR setting 1
[2018.12.10-18.48.35:105][  0]LogGameplayTags: Display: UGameplayTagsManager::DoneAddingNativeTags. DelegateIsBound: 0
[2018.12.10-18.48.35:105][  0]LogStats: UGameplayTagsManager::ConstructGameplayTagTree: ImportINI prefixes -  0.000 s
[2018.12.10-18.48.35:105][  0]LogStats: UGameplayTagsManager::ConstructGameplayTagTree: Construct from data asset -  0.000 s
[2018.12.10-18.48.35:105][  0]LogStats: UGameplayTagsManager::ConstructGameplayTagTree: ImportINI -  0.000 s
[2018.12.10-18.48.35:105][  0]LogStats: UGameplayTagsManager::ConstructGameplayTagTree: GameplayTagTreeChangedEvent.Broadcast -  0.000 s
[2018.12.10-18.48.35:399][  0]LogFileCache: Scanning file cache for directory 'D:/GitHub/TGP_PairProject/TGP_Project/Content/' took 0.02s
[2018.12.10-18.48.35:399][  0]SourceControl: Source control is disabled
[2018.12.10-18.48.35:399][  0]Cmd: MAP LOAD FILE="D:/GitHub/TGP_PairProject/TGP_Project/Content/Levels/BaseLevel.umap" TEMPLATE=0 SHOWPROGRESS=1 FEATURELEVEL=3
[2018.12.10-18.48.35:400][  0]LightingResults: New page: Lighting Build
[2018.12.10-18.48.35:403][  0]MapCheck: New page: Map Check
[2018.12.10-18.48.35:403][  0]LightingResults: New page: Lighting Build
[2018.12.10-18.48.35:700][  0]LogAIModule: Creating AISystem for world BaseLevel
[2018.12.10-18.48.35:708][  0]LogEditorServer: Finished looking for orphan Actors (0.000 secs)
[2018.12.10-18.48.35:836][  0]Cmd: MAP CHECKDEP NOCLEARLOG
[2018.12.10-18.48.36:041][  0]MapCheck: Map check complete: 0 Error(s), 0 Warning(s), took 204.318ms to complete.
[2018.12.10-18.48.36:041][  0]LogFileHelpers: Loading map 'BaseLevel' took 0.642
[2018.12.10-18.48.36:339][  0]LogSlate: Updating window title bar state: overlay mode, drag disabled, window buttons hidden, title bar hidden
[2018.12.10-18.48.36:355][  0]LogSlate: Updating window title bar state: overlay mode, drag disabled, window buttons hidden, title bar hidden
[2018.12.10-18.48.36:371][  0]LogSlate: Updating window title bar state: overlay mode, drag disabled, window buttons hidden, title bar hidden
[2018.12.10-18.48.36:383][  0]LogSlate: Updating window title bar state: overlay mode, drag disabled, window buttons hidden, title bar hidden
[2018.12.10-18.48.36:394][  0]LogCollectionManager: Loaded 0 collections in 0.001787 seconds
[2018.12.10-18.48.36:489][  0]LogFileCache: Scanning file cache for directory 'D:/GitHub/TGP_PairProject/TGP_Project/Saved/Collections/' took 0.01s
[2018.12.10-18.48.36:489][  0]LogFileCache: Scanning file cache for directory 'D:/GitHub/TGP_PairProject/TGP_Project/Content/Developers/blued/Collections/' took 0.01s
[2018.12.10-18.48.36:489][  0]LogFileCache: Scanning file cache for directory 'D:/GitHub/TGP_PairProject/TGP_Project/Content/Collections/' took 0.01s
[2018.12.10-18.48.36:489][  0]LogCollectionManager: Rebuilt the GUID cache for 0 collections in 0.000000 seconds
[2018.12.10-18.48.36:508][  0]LogContentBrowser: Native class hierarchy populated in 0.0185 seconds. Added 2585 classes and 606 folders.
[2018.12.10-18.48.36:518][  0]LogContentBrowser: Native class hierarchy updated for 'WidgetCarousel' in 0.0004 seconds. Added 0 classes and 0 folders.
[2018.12.10-18.48.36:644][  0]LogContentBrowser: Native class hierarchy updated for 'AddContentDialog' in 0.0004 seconds. Added 0 classes and 0 folders.
[2018.12.10-18.48.36:655][  0]LogContentBrowser: Native class hierarchy updated for 'SceneOutliner' in 0.0004 seconds. Added 1 classes and 2 folders.
[2018.12.10-18.48.36:736][  0]LogSlate: Took 0.001217 seconds to synchronously load lazily loaded font '../../../Engine/Content/Slate/Fonts/Roboto-Regular.ttf' (155K)
[2018.12.10-18.48.36:740][  0]LogSlate: Took 0.000941 seconds to synchronously load lazily loaded font '../../../Engine/Content/Slate/Fonts/Roboto-Bold.ttf' (160K)
[2018.12.10-18.48.36:749][  0]LogSlate: Took 0.001056 seconds to synchronously load lazily loaded font '../../../Engine/Content/Editor/Slate/Fonts/FontAwesome.ttf' (139K)
[2018.12.10-18.48.36:880][  0]LogRenderer: Reallocating scene render targets to support 1208x552 Format 10 NumSamples 1 (Frame:1).
[2018.12.10-18.48.36:978][  0]LogSlate: Took 0.001223 seconds to synchronously load lazily loaded font '../../../Engine/Content/Slate/Fonts/Roboto-Light.ttf' (167K)
[2018.12.10-18.48.37:101][  0]LogContentBrowser: Native class hierarchy updated for 'HierarchicalLODOutliner' in 0.0004 seconds. Added 0 classes and 0 folders.
[2018.12.10-18.48.37:102][  0]LogLoad: (Engine Initialization) Total time: 15.74 seconds
[2018.12.10-18.48.37:102][  0]LogLoad: (Engine Initialization) Total Blueprint compile time: 0.00 seconds
[2018.12.10-18.48.37:113][  0]LogWindowsTextInputMethodSystem: Display: IME system now deactivated.
[2018.12.10-18.48.37:167][  0]LogContentStreaming: Texture pool size now 1000 MB
[2018.12.10-18.48.37:275][  2]LogAssetRegistry: Asset discovery search completed in 8.4007 seconds
[2018.12.10-18.48.37:278][  2]LogCollectionManager: Rebuilt the object cache for 0 collections in 0.000001 seconds (found 0 objects)
[2018.12.10-18.48.37:278][  2]LogCollectionManager: Fixed up redirectors for 0 collections in 0.000311 seconds (updated 0 objects)
[2018.12.10-18.49.35:382][155]LogSlate: FSceneViewport::OnFocusLost() reason 0
[2018.12.10-18.49.35:423][160]MapCheck: New page: Map Check
[2018.12.10-18.49.35:488][160]Cmd: MAP REBUILD ALLVISIBLE
[2018.12.10-18.49.35:489][160]LogEditorServer: Rebuildmap Clear paths rebuilt
[2018.12.10-18.49.35:754][160]LogMaterial: Display: Missing cached shader map for material FDebugViewModeMaterialProxy DefaultMaterial, compiling. 
[2018.12.10-18.49.36:465][160]LogShaderCompilers: Display: Shaders left to compile 1
[2018.12.10-18.49.36:465][160]TextureStreamingBuild: Display: Compiling optional shaders took 0.717 seconds.
[2018.12.10-18.49.36:469][160]LogLevel: Display: Export Material TexCoord Scales took 0.004 seconds.
[2018.12.10-18.49.36:479][160]TextureStreamingBuild: Display: Build Texture Streaming took 0.009 seconds.
[2018.12.10-18.49.36:607][160]LightingResults: New page: Lighting Build - 10 Dec 2018 18:49:36
[2018.12.10-18.49.36:684][160]LogSwarmInterface: [OpenConnection] Registering TCP channel ...
[2018.12.10-18.49.36:822][160]LogSwarmInterface: [OpenConnection] Connecting to agent ...
[2018.12.10-18.49.36:861][160]LogSwarmInterface: [TryOpenConnection] Testing the Agent
[2018.12.10-18.49.37:373][160]LogSwarmInterface: [TryOpenConnection] Opening Connection to Agent
[2018.12.10-18.49.37:373][160]LogSwarmInterface: [TryOpenConnection] Local Process ID is 2540
[2018.12.10-18.49.42:085][160]LogStaticLightingSystem: Warning: No importance volume found, so the scene bounding box was used.  You can optimize your scene's quality and lighting build times by adding importance volumes.
[2018.12.10-18.49.42:086][160]LogStaticLightingSystem: Running Lightmass w/ ImmediateImport mode ENABLED
[2018.12.10-18.49.42:086][160]LogStaticLightingSystem: Running Lightmass w/ ImmediateProcess mode ENABLED
[2018.12.10-18.49.42:086][160]LogStaticLightingSystem: Running Lightmass w/ Sorting mode ENABLED
[2018.12.10-18.49.42:086][160]LogStaticLightingSystem: Running Lightmass w/ Mapping paddings ENABLED
[2018.12.10-18.49.42:086][160]LogStaticLightingSystem: Running Lightmass w/ Mapping debug paddings DISABLED
[2018.12.10-18.49.42:241][160]Cmd: MAP CHECK DONTDISPLAYDIALOG
[2018.12.10-18.49.42:241][160]MapCheck: New page: BaseLevel - 10 Dec 2018 18:49:42
[2018.12.10-18.49.42:242][160]MapCheck: Error: WorldSettings_1 Maps need lighting rebuilt 
[2018.12.10-18.49.42:394][160]MapCheck: Map check complete: 1 Error(s), 0 Warning(s), took 153.532ms to complete.
[2018.12.10-18.49.42:421][160]LogEditorBuildUtils: Build time 0:06
[2018.12.10-18.49.44:347][249]Job is a success!
[2018.12.10-18.49.44:460][250]LogSlate: Took 0.000432 seconds to synchronously load lazily loaded font '../../../Engine/Content/Slate/Fonts/Roboto-Light.ttf' (167K)
[2018.12.10-18.49.44:519][250]LogVolumetricLightmapImport: Imported Volumetric Lightmap in 0.033s
[2018.12.10-18.49.44:519][250]LogVolumetricLightmapImport:      Indirection Texture 16x16x16 = 0.0Mb
[2018.12.10-18.49.44:520][250]LogVolumetricLightmapImport:      BrickData 365x5x5 = 0.3Mb (trimmed 0.0Mb due to 0.010000 MinBrickError)
[2018.12.10-18.49.44:520][250]LogVolumetricLightmapImport:      Bricks at Level
[2018.12.10-18.49.44:520][250]LogVolumetricLightmapImport:          0: 1.4% covering 100.0% of volume
[2018.12.10-18.49.44:520][250]LogVolumetricLightmapImport:          1: 12.3% covering 14.1% of volume
[2018.12.10-18.49.44:520][250]LogVolumetricLightmapImport:          2: 86.3% covering 1.5% of volume
[2018.12.10-18.49.44:560][250]LogTexture: Display: Building textures: HQ_Lightmap0_1 (AutoDXT, 256X256)
[2018.12.10-18.49.44:560][250]LogTexture: Display: Building textures: LQ_Lightmap_0_1 (DXT1, 256X256)
[2018.12.10-18.49.44:561][250]LogTexture: Display: Building textures: ShadowMapTexture2D_0 (G8, 128X128)
[2018.12.10-18.49.44:610][250]Lightmass on DESKTOP-JAN50R2: 1.15 sec total, 108 ms importing, 6 ms setup, 413 ms photons, 578 ms processing, 0 ms extra exporting [1/1 mappings]. Threads: 3.88 sec total, 184 ms processing.
[2018.12.10-18.49.44:803][250]LogStaticLightingSystem: Illumination: 8.10 sec (10 ms encoding lightmaps, 13 ms encoding shadowmaps)
[2018.12.10-18.49.44:803][250]LogStaticLightingSystem: Lightmap texture memory:  0.1 MB (0.1 MB streaming, 0.0 MB non-streaming), 2 textures
[2018.12.10-18.49.44:803][250]LogStaticLightingSystem: Shadowmap texture memory: 0.0 MB (0.0 MB streaming, 0.0 MB non-streaming), 1 textures
[2018.12.10-18.49.45:110][250]DumpUnbuiltLightIteractions
[2018.12.10-18.49.45:110][250]Lights with unbuilt interactions: 0
[2018.12.10-18.49.45:110][250]
[2018.12.10-18.49.45:110][250]Primitives with unbuilt interactions: 0
[2018.12.10-18.49.45:282][251]Cmd: MAP CHECK NOTIFYRESULTS
[2018.12.10-18.49.45:282][251]MapCheck: New page: BaseLevel - 10 Dec 2018 18:49:45
[2018.12.10-18.49.45:449][251]MapCheck: Map check complete: 0 Error(s), 0 Warning(s), took 166.66ms to complete.
[2018.12.10-18.49.47:108][444]LogSlate: Window 'Message Log' being destroyed
[2018.12.10-18.49.58:902][842]LogAssetEditorManager: Opening Asset editor for Blueprint /Game/Blueprints/BP_Bodyguard.BP_Bodyguard
[2018.12.10-18.49.59:833][842]LogContentBrowser: Native class hierarchy updated for 'BlueprintGraph' in 0.0014 seconds. Added 116 classes and 0 folders.
[2018.12.10-18.50.03:168][ 25]LogSlate: Window 'BP_Bodyguard' being destroyed
[2018.12.10-18.50.03:330][ 25]LogAssetEditorManager: Opening Asset editor for Blueprint /Game/Blueprints/BP_Bodyguard.BP_Bodyguard
[2018.12.10-18.50.03:855][ 25]LogSlate: Took 0.001196 seconds to synchronously load lazily loaded font '../../../Engine/Content/Slate/Fonts/Roboto-BoldCondensed.ttf' (158K)
[2018.12.10-18.50.05:391][130]LogSlate: Window 'BP_Bodyguard' being destroyed
[2018.12.10-18.50.06:251][232]LogSlate: Took 0.001042 seconds to synchronously load lazily loaded font '../../../Engine/Content/Slate/Fonts/Roboto-Italic.ttf' (157K)
[2018.12.10-18.50.31:459][236]LogEditorViewport: Clicking Background
[2018.12.10-18.53.08:768][ 33]LogSlate: FSceneViewport::OnFocusLost() reason 0
[2018.12.10-18.55.06:385][ 82]LogAssetEditorManager: Opening Asset editor for Blueprint /Game/Blueprints/PlayerCharacter.PlayerCharacter
[2018.12.10-18.55.54:017][691]LogSlate: FSceneViewport::OnFocusLost() reason 0
[2018.12.10-18.55.54:128][697]Cmd: OBJ SAVEPACKAGE PACKAGE="/Game/Levels/BaseLevel" FILE="D:/GitHub/TGP_PairProject/TGP_Project/Content/Levels/BaseLevel.umap" SILENT=true AUTOSAVING=false KEEPDIRTY=false
[2018.12.10-18.55.54:319][697]LogSavePackage: Moving 'D:/GitHub/TGP_PairProject/TGP_Project/Saved/BaseLevelF116C81E43AADFA7B06D54B8C8C8B071.tmp' to 'D:/GitHub/TGP_PairProject/TGP_Project/Content/Levels/BaseLevel.umap'
[2018.12.10-18.55.54:372][697]Cmd: OBJ SAVEPACKAGE PACKAGE="/Game/Levels/BaseLevel_BuiltData" FILE="D:/GitHub/TGP_PairProject/TGP_Project/Content/Levels/BaseLevel_BuiltData.uasset" SILENT=true
[2018.12.10-18.55.54:401][697]LogSavePackage: Moving 'D:/GitHub/TGP_PairProject/TGP_Project/Saved/BaseLevel_BuiltData5B7D232040C2FAD2FA3E6FA536721CB9.tmp' to 'D:/GitHub/TGP_PairProject/TGP_Project/Content/Levels/BaseLevel_BuiltData.uasset'
[2018.12.10-18.55.55:988][882]MapCheck: New page: Map Check
[2018.12.10-18.55.56:042][882]Cmd: MAP REBUILD ALLVISIBLE
[2018.12.10-18.55.56:043][882]LogEditorServer: Rebuildmap Clear paths rebuilt
[2018.12.10-18.55.56:302][882]LogMaterial: Display: Missing cached shader map for material FDebugViewModeMaterialProxy DefaultMaterial, compiling. 
[2018.12.10-18.55.56:965][882]LogShaderCompilers: Display: Shaders left to compile 1
[2018.12.10-18.55.56:965][882]TextureStreamingBuild: Display: Compiling optional shaders took 0.667 seconds.
[2018.12.10-18.55.56:968][882]LogLevel: Display: Export Material TexCoord Scales took 0.003 seconds.
[2018.12.10-18.55.56:979][882]TextureStreamingBuild: Display: Build Texture Streaming took 0.011 seconds.
[2018.12.10-18.55.57:112][882]LightingResults: New page: Lighting Build - 10 Dec 2018 18:55:57
[2018.12.10-18.55.57:122][882]LogSwarmInterface: [OpenConnection] Registering TCP channel ...
[2018.12.10-18.55.57:126][882]LogSwarmInterface: [OpenConnection] Connecting to agent ...
[2018.12.10-18.55.57:126][882]LogSwarmInterface: [TryOpenConnection] Testing the Agent
[2018.12.10-18.55.57:127][882]LogSwarmInterface: [TryOpenConnection] Opening Connection to Agent
[2018.12.10-18.55.57:127][882]LogSwarmInterface: [TryOpenConnection] Local Process ID is 2540
[2018.12.10-18.56.01:681][882]LogStaticLightingSystem: Warning: No importance volume found, so the scene bounding box was used.  You can optimize your scene's quality and lighting build times by adding importance volumes.
[2018.12.10-18.56.01:681][882]LogStaticLightingSystem: Running Lightmass w/ ImmediateImport mode ENABLED
[2018.12.10-18.56.01:681][882]LogStaticLightingSystem: Running Lightmass w/ ImmediateProcess mode ENABLED
[2018.12.10-18.56.01:681][882]LogStaticLightingSystem: Running Lightmass w/ Sorting mode ENABLED
[2018.12.10-18.56.01:681][882]LogStaticLightingSystem: Running Lightmass w/ Mapping paddings ENABLED
[2018.12.10-18.56.01:681][882]LogStaticLightingSystem: Running Lightmass w/ Mapping debug paddings DISABLED
[2018.12.10-18.56.01:778][882]Cmd: MAP CHECK DONTDISPLAYDIALOG
[2018.12.10-18.56.01:778][882]MapCheck: New page: BaseLevel - 10 Dec 2018 18:56:01
[2018.12.10-18.56.01:936][882]MapCheck: Map check complete: 0 Error(s), 0 Warning(s), took 158.091ms to complete.
[2018.12.10-18.56.01:964][882]LogEditorBuildUtils: Build time 0:05
[2018.12.10-18.56.03:659][972]Job is a success!
[2018.12.10-18.56.03:821][974]LogVolumetricLightmapImport: Imported Volumetric Lightmap in 0.029s
[2018.12.10-18.56.03:821][974]LogVolumetricLightmapImport:      Indirection Texture 16x16x16 = 0.0Mb
[2018.12.10-18.56.03:822][974]LogVolumetricLightmapImport:      BrickData 365x5x5 = 0.3Mb (trimmed 0.0Mb due to 0.010000 MinBrickError)
[2018.12.10-18.56.03:822][974]LogVolumetricLightmapImport:      Bricks at Level
[2018.12.10-18.56.03:822][974]LogVolumetricLightmapImport:          0: 1.4% covering 100.0% of volume
[2018.12.10-18.56.03:822][974]LogVolumetricLightmapImport:          1: 12.3% covering 14.1% of volume
[2018.12.10-18.56.03:822][974]LogVolumetricLightmapImport:          2: 86.3% covering 1.5% of volume
[2018.12.10-18.56.03:857][974]LogTexture: Display: Building textures: HQ_Lightmap1_1 (AutoDXT, 256X256)
[2018.12.10-18.56.03:858][974]LogTexture: Display: Building textures: LQ_Lightmap_1_1 (DXT1, 256X256)
[2018.12.10-18.56.03:858][974]LogTexture: Display: Building textures: ShadowMapTexture2D_1 (G8, 128X128)
[2018.12.10-18.56.03:872][974]Lightmass on DESKTOP-JAN50R2: 1.13 sec total, 103 ms importing, 5 ms setup, 412 ms photons, 564 ms processing, 0 ms extra exporting [1/1 mappings]. Threads: 3.78 sec total, 220 ms processing.
[2018.12.10-18.56.04:015][974]LogStaticLightingSystem: Illumination: 6.84 sec (8 ms encoding lightmaps, 13 ms encoding shadowmaps)
[2018.12.10-18.56.04:015][974]LogStaticLightingSystem: Lightmap texture memory:  0.1 MB (0.1 MB streaming, 0.0 MB non-streaming), 2 textures
[2018.12.10-18.56.04:015][974]LogStaticLightingSystem: Shadowmap texture memory: 0.0 MB (0.0 MB streaming, 0.0 MB non-streaming), 1 textures
[2018.12.10-18.56.04:698][974]DumpUnbuiltLightIteractions
[2018.12.10-18.56.04:698][974]Lights with unbuilt interactions: 0
[2018.12.10-18.56.04:698][974]
[2018.12.10-18.56.04:698][974]Primitives with unbuilt interactions: 0
[2018.12.10-18.56.04:765][975]Cmd: MAP CHECK NOTIFYRESULTS
[2018.12.10-18.56.04:766][975]MapCheck: New page: BaseLevel - 10 Dec 2018 18:56:04
[2018.12.10-18.56.04:931][975]MapCheck: Map check complete: 0 Error(s), 0 Warning(s), took 165.269ms to complete.
[2018.12.10-18.57.08:291][847]BlueprintLog: New page: Compile BP_Bodyguard
[2018.12.10-18.57.21:029][319]LogTemp: Repeating last play command: Selected Viewport
[2018.12.10-18.57.21:067][319]LogPlayLevel: PlayLevel: No blueprints needed recompiling
[2018.12.10-18.57.21:082][319]PIE: New page: PIE session: BaseLevel (10 Dec 2018 18:57:21)
[2018.12.10-18.57.21:083][319]LogPlayLevel: Creating play world package: /Game/Levels/UEDPIE_0_BaseLevel
[2018.12.10-18.57.21:090][319]LogPlayLevel: PIE: StaticDuplicateObject took: (0.006958s)
[2018.12.10-18.57.21:091][319]LogAIModule: Creating AISystem for world BaseLevel
[2018.12.10-18.57.21:091][319]LogPlayLevel: PIE: World Init took: (0.001307s)
[2018.12.10-18.57.21:092][319]LogPlayLevel: PIE: Created PIE world by copying editor world from /Game/Levels/BaseLevel.BaseLevel to /Game/Levels/UEDPIE_0_BaseLevel.BaseLevel (0.008906s)
[2018.12.10-18.57.21:243][319]LogInit: XAudio2 using 'Headphones (4- Turtle Beach Recon 60P)' : 2 channels at 48 kHz using 16 bits per sample (channel mask 0x3)
[2018.12.10-18.57.21:260][319]LogInit: FAudioDevice initialized.
[2018.12.10-18.57.21:317][319]LogSlate: Updating window title bar state: overlay mode, drag disabled, window buttons hidden, title bar hidden
[2018.12.10-18.57.21:512][319]LogLoad: Game class is 'GM_GAME_C'
[2018.12.10-18.57.21:515][319]LogWorld: Bringing World /Game/Levels/UEDPIE_0_BaseLevel.BaseLevel up for play (max tick rate 0) at 2018.12.10-18.57.21
[2018.12.10-18.57.21:516][319]LogWorld: Bringing up level for play took: 0.002111
[2018.12.10-18.57.21:536][319]LogContentBrowser: Native class hierarchy updated for 'MovieSceneCapture' in 0.0005 seconds. Added 10 classes and 0 folders.
[2018.12.10-18.57.21:540][319]PIE: Play in editor start time for /Game/Levels/UEDPIE_0_BaseLevel -0.512
[2018.12.10-18.57.21:607][319]LogRenderer: Reallocating scene render targets to support 1292x756 Format 10 NumSamples 1 (Frame:1).
[2018.12.10-18.57.23:876][564]LogSlate: Window 'TGP_Project Game Preview Standalone (64-bit/PCD3D_SM5)' being destroyed
[2018.12.10-18.57.23:928][564]LogPlayLevel: Display: Shutting down PIE online subsystems
[2018.12.10-18.57.24:116][565]LogPlayLevel: Display: Destroying online subsystem :Context_6
[2018.12.10-18.57.27:645][972]BlueprintLog: New page: Compile BP_Bodyguard
[2018.12.10-18.57.29:746][172]Cmd: OBJ SAVEPACKAGE PACKAGE="/Game/Levels/BaseLevel" FILE="D:/GitHub/TGP_PairProject/TGP_Project/Content/Levels/BaseLevel.umap" SILENT=true AUTOSAVING=false KEEPDIRTY=false
[2018.12.10-18.57.29:898][172]LogSavePackage: Moving 'D:/GitHub/TGP_PairProject/TGP_Project/Saved/BaseLevel571CB081424CB5ED427AE281208CDFDD.tmp' to 'D:/GitHub/TGP_PairProject/TGP_Project/Content/Levels/BaseLevel.umap'
[2018.12.10-18.57.29:945][172]Cmd: OBJ SAVEPACKAGE PACKAGE="/Game/Levels/BaseLevel_BuiltData" FILE="D:/GitHub/TGP_PairProject/TGP_Project/Content/Levels/BaseLevel_BuiltData.uasset" SILENT=true
[2018.12.10-18.57.29:968][172]LogSavePackage: Moving 'D:/GitHub/TGP_PairProject/TGP_Project/Saved/BaseLevel_BuiltData19506C0A46E164AC26C215A9AC90831E.tmp' to 'D:/GitHub/TGP_PairProject/TGP_Project/Content/Levels/BaseLevel_BuiltData.uasset'
[2018.12.10-18.57.31:668][372]LogTemp: Repeating last play command: Selected Viewport
[2018.12.10-18.57.31:701][372]LogPlayLevel: PlayLevel: No blueprints needed recompiling
[2018.12.10-18.57.31:701][372]PIE: New page: PIE session: BaseLevel (10 Dec 2018 18:57:31)
[2018.12.10-18.57.31:701][372]LogPlayLevel: Creating play world package: /Game/Levels/UEDPIE_0_BaseLevel
[2018.12.10-18.57.31:705][372]LogPlayLevel: PIE: StaticDuplicateObject took: (0.003805s)
[2018.12.10-18.57.31:706][372]LogAIModule: Creating AISystem for world BaseLevel
[2018.12.10-18.57.31:707][372]LogPlayLevel: PIE: World Init took: (0.001298s)
[2018.12.10-18.57.31:707][372]LogPlayLevel: PIE: Created PIE world by copying editor world from /Game/Levels/BaseLevel.BaseLevel to /Game/Levels/UEDPIE_0_BaseLevel.BaseLevel (0.005628s)
[2018.12.10-18.57.31:841][372]LogInit: XAudio2 using 'Headphones (4- Turtle Beach Recon 60P)' : 2 channels at 48 kHz using 16 bits per sample (channel mask 0x3)
[2018.12.10-18.57.31:855][372]LogInit: FAudioDevice initialized.
[2018.12.10-18.57.31:894][372]LogLoad: Game class is 'GM_GAME_C'
[2018.12.10-18.57.31:896][372]LogWorld: Bringing World /Game/Levels/UEDPIE_0_BaseLevel.BaseLevel up for play (max tick rate 0) at 2018.12.10-18.57.31
[2018.12.10-18.57.31:897][372]LogWorld: Bringing up level for play took: 0.001726
[2018.12.10-18.57.31:913][372]PIE: Play in editor start time for /Game/Levels/UEDPIE_0_BaseLevel -0.139
[2018.12.10-18.57.39:703][ 19]LogSlate: FSceneViewport::OnFocusLost() reason 0
[2018.12.10-18.57.39:753][ 23]LogSlate: Updating window title bar state: overlay mode, drag disabled, window buttons hidden, title bar hidden
[2018.12.10-18.57.39:800][ 23]LogPlayLevel: Display: Shutting down PIE online subsystems
[2018.12.10-18.57.39:918][ 23]LogSlate: Updating window title bar state: overlay mode, drag disabled, window buttons hidden, title bar hidden
[2018.12.10-18.57.39:938][ 24]LogPlayLevel: Display: Destroying online subsystem :Context_7
[2018.12.10-18.57.40:522][ 94]LogTemp: Repeating last play command: Selected Viewport
[2018.12.10-18.57.40:548][ 94]LogPlayLevel: PlayLevel: No blueprints needed recompiling
[2018.12.10-18.57.40:548][ 94]PIE: New page: PIE session: BaseLevel (10 Dec 2018 18:57:40)
[2018.12.10-18.57.40:549][ 94]LogPlayLevel: Creating play world package: /Game/Levels/UEDPIE_0_BaseLevel
[2018.12.10-18.57.40:553][ 94]LogPlayLevel: PIE: StaticDuplicateObject took: (0.003762s)
[2018.12.10-18.57.40:553][ 94]LogAIModule: Creating AISystem for world BaseLevel
[2018.12.10-18.57.40:554][ 94]LogPlayLevel: PIE: World Init took: (0.001116s)
[2018.12.10-18.57.40:554][ 94]LogPlayLevel: PIE: Created PIE world by copying editor world from /Game/Levels/BaseLevel.BaseLevel to /Game/Levels/UEDPIE_0_BaseLevel.BaseLevel (0.005620s)
[2018.12.10-18.57.40:704][ 94]LogInit: XAudio2 using 'Headphones (4- Turtle Beach Recon 60P)' : 2 channels at 48 kHz using 16 bits per sample (channel mask 0x3)
[2018.12.10-18.57.40:719][ 94]LogInit: FAudioDevice initialized.
[2018.12.10-18.57.40:759][ 94]LogLoad: Game class is 'GM_GAME_C'
[2018.12.10-18.57.40:761][ 94]LogWorld: Bringing World /Game/Levels/UEDPIE_0_BaseLevel.BaseLevel up for play (max tick rate 0) at 2018.12.10-18.57.40
[2018.12.10-18.57.40:761][ 94]LogWorld: Bringing up level for play took: 0.001414
[2018.12.10-18.57.40:776][ 94]PIE: Play in editor start time for /Game/Levels/UEDPIE_0_BaseLevel 0.725
[2018.12.10-18.57.51:594][981]LogSlate: FSceneViewport::OnFocusLost() reason 0
[2018.12.10-18.57.51:647][985]LogSlate: Updating window title bar state: overlay mode, drag disabled, window buttons hidden, title bar hidden
[2018.12.10-18.57.51:693][985]LogPlayLevel: Display: Shutting down PIE online subsystems
[2018.12.10-18.57.51:807][985]LogSlate: Updating window title bar state: overlay mode, drag disabled, window buttons hidden, title bar hidden
[2018.12.10-18.57.51:828][986]LogPlayLevel: Display: Destroying online subsystem :Context_8
[2018.12.10-18.57.52:685][ 86]LogTemp: Repeating last play command: Selected Viewport
[2018.12.10-18.57.52:712][ 86]LogPlayLevel: PlayLevel: No blueprints needed recompiling
[2018.12.10-18.57.52:713][ 86]PIE: New page: PIE session: BaseLevel (10 Dec 2018 18:57:52)
[2018.12.10-18.57.52:713][ 86]LogPlayLevel: Creating play world package: /Game/Levels/UEDPIE_0_BaseLevel
[2018.12.10-18.57.52:717][ 86]LogPlayLevel: PIE: StaticDuplicateObject took: (0.003939s)
[2018.12.10-18.57.52:718][ 86]LogAIModule: Creating AISystem for world BaseLevel
[2018.12.10-18.57.52:719][ 86]LogPlayLevel: PIE: World Init took: (0.001230s)
[2018.12.10-18.57.52:719][ 86]LogPlayLevel: PIE: Created PIE world by copying editor world from /Game/Levels/BaseLevel.BaseLevel to /Game/Levels/UEDPIE_0_BaseLevel.BaseLevel (0.005941s)
[2018.12.10-18.57.52:872][ 86]LogInit: XAudio2 using 'Headphones (4- Turtle Beach Recon 60P)' : 2 channels at 48 kHz using 16 bits per sample (channel mask 0x3)
[2018.12.10-18.57.52:887][ 86]LogInit: FAudioDevice initialized.
[2018.12.10-18.57.52:928][ 86]LogLoad: Game class is 'GM_GAME_C'
[2018.12.10-18.57.52:930][ 86]LogWorld: Bringing World /Game/Levels/UEDPIE_0_BaseLevel.BaseLevel up for play (max tick rate 0) at 2018.12.10-18.57.52
[2018.12.10-18.57.52:930][ 86]LogWorld: Bringing up level for play took: 0.001366
[2018.12.10-18.57.52:947][ 86]PIE: Play in editor start time for /Game/Levels/UEDPIE_0_BaseLevel 0.895
[2018.12.10-18.58.23:554][510]LogSlate: FSceneViewport::OnFocusLost() reason 0
[2018.12.10-18.58.31:776][265]LogSlate: FSceneViewport::OnFocusLost() reason 0
[2018.12.10-18.58.36:493][652]LogSlate: FSceneViewport::OnFocusLost() reason 0
[2018.12.10-18.59.09:387][227]LogEditorViewport: Clicking on Actor (LMB): BP_Bodyguard_C (BP_Bodyguard)
[2018.12.10-18.59.22:521][368]LogSlate: FSceneViewport::OnFocusLost() reason 0
[2018.12.10-18.59.26:800][734]LogEditorViewport: Clicking on Actor (LMB): PlayerCharacter_C (PlayerCharacter)
