Log file open, 12/06/18 10:34:26
LogWindows: Failed to load 'aqProf.dll' (GetLastError=126)
LogWindows: File 'aqProf.dll' does not exist
LogWindows: Failed to load 'VSPerf140.dll' (GetLastError=126)
LogWindows: File 'VSPerf140.dll' does not exist
LogWindows: Failed to load 'VtuneApi.dll' (GetLastError=126)
LogWindows: File 'VtuneApi.dll' does not exist
LogWindows: Failed to load 'VtuneApi32e.dll' (GetLastError=126)
LogWindows: File 'VtuneApi32e.dll' does not exist
LogInit: Display: Running engine for game: TGP_Project
LogPlatformFile: Not using cached read wrapper
LogTaskGraph: Started task graph with 5 named threads and 23 total threads with 3 sets of task threads.
LogStats: Stats thread started at 0.309466
LogD3D11RHI: Loaded GFSDK_Aftermath_Lib.x64.dll
LogICUInternationalization: Display: ICU TimeZone Detection - Raw Offset: +0:00, Platform Override: ''
LogPluginManager: Mounting plugin Paper2D
LogPluginManager: Mounting plugin AISupport
LogPluginManager: Mounting plugin LightPropagationVolume
LogPluginManager: Mounting plugin CLionSourceCodeAccess
LogPluginManager: Mounting plugin CodeLiteSourceCodeAccess
LogPluginManager: Mounting plugin GitSourceControl
LogPluginManager: Mounting plugin KDevelopSourceCodeAccess
LogPluginManager: Mounting plugin NullSourceCodeAccess
LogPluginManager: Mounting plugin PerforceSourceControl
LogPluginManager: Mounting plugin SubversionSourceControl
LogPluginManager: Mounting plugin UObjectPlugin
LogPluginManager: Mounting plugin VisualStudioCodeSourceCodeAccess
LogPluginManager: Mounting plugin VisualStudioSourceCodeAccess
LogPluginManager: Mounting plugin XCodeSourceCodeAccess
LogPluginManager: Mounting plugin AssetManagerEditor
LogPluginManager: Mounting plugin CryptoKeys
LogPluginManager: Mounting plugin DataValidation
LogPluginManager: Mounting plugin FacialAnimation
LogPluginManager: Mounting plugin GameplayTagsEditor
LogPluginManager: Mounting plugin MacGraphicsSwitching
LogPluginManager: Mounting plugin MeshEditor
LogPluginManager: Mounting plugin MobileLauncherProfileWizard
LogPluginManager: Mounting plugin PluginBrowser
LogPluginManager: Mounting plugin SpeedTreeImporter
LogPluginManager: Mounting plugin DatasmithContent
LogPluginManager: Mounting plugin AlembicImporter
LogPluginManager: Mounting plugin AppleImageUtils
LogPluginManager: Mounting plugin AppleVision
LogPluginManager: Mounting plugin BackChannel
LogPluginManager: Mounting plugin CharacterAI
LogPluginManager: Mounting plugin GeometryCache
LogPluginManager: Mounting plugin HTML5Networking
LogPluginManager: Mounting plugin ProxyLODPlugin
LogPluginManager: Mounting plugin MagicLeap
LogPluginManager: Mounting plugin MagicLeapEmulator
LogPluginManager: Mounting plugin MagicLeapMedia
LogPluginManager: Mounting plugin AndroidMedia
LogPluginManager: Mounting plugin AvfMedia
LogPluginManager: Mounting plugin ImgMedia
LogPluginManager: Mounting plugin LinearTimecode
LogPluginManager: Mounting plugin MediaCompositing
LogPluginManager: Mounting plugin MediaPlayerEditor
LogPluginManager: Mounting plugin WmfMedia
LogPluginManager: Mounting plugin TcpMessaging
LogPluginManager: Mounting plugin UdpMessaging
LogPluginManager: Mounting plugin ActorSequence
LogPluginManager: Mounting plugin LevelSequenceEditor
LogPluginManager: Mounting plugin MatineeToLevelSequence
LogPluginManager: Mounting plugin NetcodeUnitTest
LogPluginManager: Mounting plugin NUTUnrealEngine4
LogPluginManager: Mounting plugin OnlineSubsystemGooglePlay
LogPluginManager: Mounting plugin OnlineSubsystemIOS
LogPluginManager: Mounting plugin OnlineSubsystem
LogPluginManager: Mounting plugin OnlineSubsystemNull
LogPluginManager: Mounting plugin OnlineSubsystemUtils
LogPluginManager: Mounting plugin LauncherChunkInstaller
LogPluginManager: Mounting plugin AndroidDeviceProfileSelector
LogPluginManager: Mounting plugin AndroidMoviePlayer
LogPluginManager: Mounting plugin AndroidPermission
LogPluginManager: Mounting plugin AppleMoviePlayer
LogPluginManager: Mounting plugin ArchVisCharacter
LogPluginManager: Mounting plugin AudioCapture
LogPluginManager: Mounting plugin CableComponent
LogPluginManager: Mounting plugin CustomMeshComponent
LogPluginManager: Mounting plugin EditableMesh
LogPluginManager: Mounting plugin ExampleDeviceProfileSelector
LogPluginManager: Mounting plugin GoogleCloudMessaging
LogPluginManager: Mounting plugin ImmediatePhysics
LogPluginManager: Mounting plugin IOSDeviceProfileSelector
LogPluginManager: Mounting plugin LinuxDeviceProfileSelector
LogPluginManager: Mounting plugin LocationServicesBPLibrary
LogPluginManager: Mounting plugin MobilePatchingUtils
LogPluginManager: Mounting plugin OculusVR
LogPluginManager: Plugin shader directory ../../../Engine/Plugins/Runtime/Oculus/OculusVR/Shaders found
LogPluginManager: Mapping shader source directory ../../../Engine/Plugins/Runtime/Oculus/OculusVR/Shaders to virtual directory /Plugin/OculusVR
LogPluginManager: Mounting plugin PhysXVehicles
LogPluginManager: Mounting plugin ProceduralMeshComponent
LogPluginManager: Mounting plugin RuntimePhysXCooking
LogPluginManager: Mounting plugin SteamVR
LogPluginManager: Mounting plugin WindowsMoviePlayer
LogStreaming: Display: Took  0.156s to configure plugins.
LogInit: Using libcurl 7.55.1-DEV
LogInit:  - built for x86_64-pc-win32
LogInit:  - supports SSL with OpenSSL/1.0.2h
LogInit:  - supports HTTP deflate (compression) using libz 1.2.8
LogInit:  - other features:
LogInit:      CURL_VERSION_SSL
LogInit:      CURL_VERSION_LIBZ
LogInit:      CURL_VERSION_IPV6
LogInit:      CURL_VERSION_ASYNCHDNS
LogInit:      CURL_VERSION_LARGEFILE
LogInit:      CURL_VERSION_IDN
LogInit:  CurlRequestOptions (configurable via config and command line):
LogInit:  - bVerifyPeer = false  - Libcurl will NOT verify peer certificate
LogInit:  - bUseHttpProxy = false  - Libcurl will NOT use HTTP proxy
LogInit:  - bDontReuseConnections = false  - Libcurl will reuse connections
LogInit:  - CertBundlePath = nullptr  - Libcurl will use whatever was configured at build time.
LogInit:  - MaxHostConnections = 16  - Libcurl will limit the number of connections to a host
LogInit:  - LocalHostAddr = Default
LogInit:  - BufferSize = 65536
LogInit: WinSock: version 1.1 (2.2), MaxSocks=32767, MaxUdp=65467
LogInit: Build: ++UE4+Release-4.20-CL-4369336
LogInit: Engine Version: 4.20.3-4369336+++UE4+Release-4.20
LogInit: Compatible Engine Version: 4.20.0-4212847+++UE4+Release-4.20
LogInit: Net CL: 4212847
LogInit: OS: Windows 10 (), CPU: Intel(R) Xeon(R) W-2123 CPU @ 3.60GHz, GPU: NVIDIA GeForce GTX 1070
LogInit: Compiled (64-bit): Sep 17 2018 12:26:19
LogInit: Compiled with Visual C++: 19.13.26129.00
LogInit: Build Configuration: Development
LogInit: Branch Name: ++UE4+Release-4.20
LogInit: Command Line:  
LogInit: Base Directory: C:/Epic/UE4/UE_4.20/Engine/Binaries/Win64/
LogInit: Installed Engine Build: 1
LogDevObjectVersion: Number of dev versions registered: 20
LogDevObjectVersion:   Dev-Blueprints (B0D832E4-1F89-4F0D-ACCF-7EB736FD4AA2): 10
LogDevObjectVersion:   Dev-Build (E1C64328-A22C-4D53-A36C-8E866417BD8C): 0
LogDevObjectVersion:   Dev-Core (375EC13C-06E4-48FB-B500-84F0262A717E): 2
LogDevObjectVersion:   Dev-Editor (E4B068ED-F494-42E9-A231-DA0B2E46BB41): 24
LogDevObjectVersion:   Dev-Framework (CFFC743F-43B0-4480-9391-14DF171D2073): 34
LogDevObjectVersion:   Dev-Mobile (B02B49B5-BB20-44E9-A304-32B752E40360): 2
LogDevObjectVersion:   Dev-Networking (A4E4105C-59A1-49B5-A7C5-40C4547EDFEE): 0
LogDevObjectVersion:   Dev-Online (39C831C9-5AE6-47DC-9A44-9C173E1C8E7C): 0
LogDevObjectVersion:   Dev-Physics (78F01B33-EBEA-4F98-B9B4-84EACCB95AA2): 0
LogDevObjectVersion:   Dev-Platform (6631380F-2D4D-43E0-8009-CF276956A95A): 0
LogDevObjectVersion:   Dev-Rendering (12F88B9F-8875-4AFC-A67C-D90C383ABD29): 26
LogDevObjectVersion:   Dev-Sequencer (7B5AE74C-D270-4C10-A958-57980B212A5A): 9
LogDevObjectVersion:   Dev-VR (D7296918-1DD6-4BDD-9DE2-64A83CC13884): 2
LogDevObjectVersion:   Dev-LoadTimes (C2A15278-BFE7-4AFE-6C17-90FF531DF755): 1
LogDevObjectVersion:   Private-Geometry (6EACA3D4-40EC-4CC1-B786-8BED09428FC5): 3
LogDevObjectVersion:   Dev-AnimPhys (29E575DD-E0A3-4627-9D10-D276232CDCEA): 17
LogDevObjectVersion:   Dev-ReflectionCapture (6B266CEC-1EC7-4B8F-A30B-E4D90942FC07): 1
LogDevObjectVersion:   Dev-Automation (0DF73D61-A23F-47EA-B727-89E90C41499A): 1
LogDevObjectVersion:   FortniteMain (601D1886-AC64-4F84-AA16-D3DE0DEAC7D6): 12
LogDevObjectVersion:   Dev-Enterprise (9DFFBCD6-494F-0158-E221-12823C92A888): 1
LogStreaming: Display: Took  0.005s to delete old logs.
LogInit: Presizing for max 8388607 objects, including 0 objects not considered by GC, pre-allocating 0 bytes for permanent pool.
LogInit: Object subsystem initialized
[2018.12.06-10.34.26:678][  0]LogInit: Selected Device Profile: [Windows]
[2018.12.06-10.34.26:678][  0]LogInit: Applying CVar settings loaded from the selected device profile: [Windows]
[2018.12.06-10.34.26:696][  0]LogHAL: Display: Platform has ~ 32 GB [34065870848 / 34359738368 / 32], which maps to Largest [LargestMinGB=32, LargerMinGB=12, DefaultMinGB=8, SmallerMinGB=6, SmallestMinGB=0)
[2018.12.06-10.34.26:696][  0]LogInit: Setting Device Profile CVar: [[r.Vulkan.UseRealUBs:1]]
[2018.12.06-10.34.26:696][  0]LogInit: Going up to parent DeviceProfile []
[2018.12.06-10.34.26:697][  0]LogInit: Computer: C117B-023
[2018.12.06-10.34.26:697][  0]LogInit: User: m018585h
[2018.12.06-10.34.26:697][  0]LogInit: CPU Page size=4096, Cores=4
[2018.12.06-10.34.26:697][  0]LogInit: High frequency timer resolution =3.515620 MHz
[2018.12.06-10.34.26:697][  0]LogMemory: Memory total: Physical=31.7GB (32GB approx)
[2018.12.06-10.34.26:697][  0]LogMemory: Platform Memory Stats for Windows
[2018.12.06-10.34.26:697][  0]LogMemory: Process Physical Memory: 100.45 MB used, 100.45 MB peak
[2018.12.06-10.34.26:697][  0]LogMemory: Process Virtual Memory: 89.27 MB used, 89.27 MB peak
[2018.12.06-10.34.26:697][  0]LogMemory: Physical Memory: 8044.09 MB used,  24443.66 MB free, 32487.75 MB total
[2018.12.06-10.34.26:697][  0]LogMemory: Virtual Memory: 4638.52 MB used,  24443.66 MB free, 134217728.00 MB total
[2018.12.06-10.34.26:718][  0]LogInit: Using OS detected language (en-US).
[2018.12.06-10.34.26:718][  0]LogInit: Using OS detected locale (en-GB).
[2018.12.06-10.34.26:719][  0]LogTextLocalizationManager: No specific localization for 'en-US' exists, so the 'en' localization will be used.
[2018.12.06-10.34.27:079][  0]LogStreaming: Display: Took  0.361s to InitEngineTextLocalization.
[2018.12.06-10.34.27:079][  0]LogInit: Setting process to per monitor DPI aware
[2018.12.06-10.34.27:113][  0]LogSlate: New Slate User Created.  User Index 0, Is Virtual User: 0
[2018.12.06-10.34.27:113][  0]LogSlate: Slate User Registered.  User Index 0, Is Virtual User: 0
[2018.12.06-10.34.27:363][  0]LogHMD: Failed to initialize OpenVR with code 110
[2018.12.06-10.34.27:363][  0]LogD3D11RHI: D3D11 adapters:
[2018.12.06-10.34.27:423][  0]LogD3D11RHI:    0. 'NVIDIA GeForce GTX 1070' (Feature Level 11_0)
[2018.12.06-10.34.27:423][  0]LogD3D11RHI:       8096/0/16243 MB DedicatedVideo/DedicatedSystem/SharedSystem, Outputs:2, VendorId:0x10de
[2018.12.06-10.34.27:425][  0]LogD3D11RHI:    1. 'Microsoft Basic Render Driver' (Feature Level 11_0)
[2018.12.06-10.34.27:425][  0]LogD3D11RHI:       0/0/16243 MB DedicatedVideo/DedicatedSystem/SharedSystem, Outputs:0, VendorId:0x1414
[2018.12.06-10.34.27:425][  0]LogD3D11RHI: Chosen D3D11 Adapter: 0
[2018.12.06-10.34.27:432][  0]LogD3D11RHI: Creating new Direct3DDevice
[2018.12.06-10.34.27:432][  0]LogD3D11RHI:     GPU DeviceId: 0x1b81 (for the marketing name, search the web for "GPU Device Id")
[2018.12.06-10.34.27:432][  0]LogWindows: EnumDisplayDevices:
[2018.12.06-10.34.27:432][  0]LogWindows:    0. 'NVIDIA GeForce GTX 1070' (P:0 D:1)
[2018.12.06-10.34.27:432][  0]LogWindows:    1. 'NVIDIA GeForce GTX 1070' (P:1 D:1)
[2018.12.06-10.34.27:433][  0]LogWindows:    2. 'NVIDIA GeForce GTX 1070' (P:0 D:0)
[2018.12.06-10.34.27:433][  0]LogWindows:    3. 'NVIDIA GeForce GTX 1070' (P:0 D:0)
[2018.12.06-10.34.27:433][  0]LogWindows: DebugString: FoundDriverCount:4 
[2018.12.06-10.34.27:433][  0]LogD3D11RHI:     Adapter Name: NVIDIA GeForce GTX 1070
[2018.12.06-10.34.27:433][  0]LogD3D11RHI:   Driver Version: 388.13 (internal:23.21.13.8813, unified:388.13)
[2018.12.06-10.34.27:433][  0]LogD3D11RHI:      Driver Date: 10-27-2017
[2018.12.06-10.34.27:433][  0]LogRHI: Texture pool is 5667 MB (70% of 8096 MB)
[2018.12.06-10.34.27:458][  0]LogD3D11RHI: Async texture creation enabled
[2018.12.06-10.34.27:468][  0]LogD3D11RHI: GPU Timing Frequency: 1000.000000 (Debug: 2 1)
[2018.12.06-10.34.27:470][  0]LogShaderCompilers: Guid format shader working directory is -28 characters bigger than the processId version (../../../../../../Users/m018585h/Documents/GitHub/TGP_PairProject/TGP_Project/Intermediate/Shaders/WorkingDirectory/8480/).
[2018.12.06-10.34.27:470][  0]LogShaderCompilers: Cleaned the shader compiler working directory 'C:/Users/m018585h/AppData/Local/Temp/UnrealShaderWorkingDir/5DD8487241E6B7CDBB228B81900EEF48/'.
[2018.12.06-10.34.27:753][  0]LogTemp: Display: Loaded TP AllDesktopTargetPlatform
[2018.12.06-10.34.27:767][  0]LogTemp: Display: Loaded TP MacClientTargetPlatform
[2018.12.06-10.34.27:783][  0]LogTemp: Display: Loaded TP MacNoEditorTargetPlatform
[2018.12.06-10.34.27:796][  0]LogTemp: Display: Loaded TP MacServerTargetPlatform
[2018.12.06-10.34.27:812][  0]LogTemp: Display: Loaded TP MacTargetPlatform
[2018.12.06-10.34.27:832][  0]LogTemp: Display: Loaded TP WindowsClientTargetPlatform
[2018.12.06-10.34.27:846][  0]LogTemp: Display: Loaded TP WindowsNoEditorTargetPlatform
[2018.12.06-10.34.27:864][  0]LogTemp: Display: Loaded TP WindowsServerTargetPlatform
[2018.12.06-10.34.27:874][  0]LogTemp: Display: Loaded TP WindowsTargetPlatform
[2018.12.06-10.34.27:961][  0]LogTemp: Display: Loaded TP AndroidTargetPlatform
[2018.12.06-10.34.27:961][  0]LogTemp: Display: Loaded TP AndroidTargetPlatform
[2018.12.06-10.34.27:961][  0]LogTemp: Display: Loaded TP AndroidTargetPlatform
[2018.12.06-10.34.27:961][  0]LogTemp: Display: Loaded TP AndroidTargetPlatform
[2018.12.06-10.34.27:961][  0]LogTemp: Display: Loaded TP AndroidTargetPlatform
[2018.12.06-10.34.27:961][  0]LogTemp: Display: Loaded TP AndroidTargetPlatform
[2018.12.06-10.34.27:961][  0]LogTemp: Display: Loaded TP AndroidTargetPlatform
[2018.12.06-10.34.27:961][  0]LogTemp: Display: Loaded TP AndroidTargetPlatform
[2018.12.06-10.34.27:961][  0]LogTemp: Display: Loaded TP AndroidTargetPlatform
[2018.12.06-10.34.27:961][  0]LogTemp: Display: Loaded TP AndroidTargetPlatform
[2018.12.06-10.34.27:961][  0]LogTemp: Display: Loaded TP AndroidTargetPlatform
[2018.12.06-10.34.27:961][  0]LogTemp: Display: Loaded TP AndroidTargetPlatform
[2018.12.06-10.34.27:961][  0]LogTemp: Display: Loaded TP AndroidTargetPlatform
[2018.12.06-10.34.27:961][  0]LogTemp: Display: Loaded TP AndroidTargetPlatform
[2018.12.06-10.34.27:961][  0]LogTemp: Display: Loaded TP AndroidTargetPlatform
[2018.12.06-10.34.27:961][  0]LogTemp: Display: Loaded TP AndroidTargetPlatform
[2018.12.06-10.34.27:961][  0]LogTemp: Display: Loaded TP AndroidTargetPlatform
[2018.12.06-10.34.27:961][  0]LogTemp: Display: Loaded TP AndroidTargetPlatform
[2018.12.06-10.34.27:963][  0]LogTemp: Display: Loaded TP HTML5TargetPlatform
[2018.12.06-10.34.28:028][  0]LogTemp: Display: Loaded TP IOSTargetPlatform
[2018.12.06-10.34.28:028][  0]LogTemp: Display: Loaded TP IOSTargetPlatform
[2018.12.06-10.34.28:057][  0]LogTemp: Display: Loaded TP TVOSTargetPlatform
[2018.12.06-10.34.28:057][  0]LogTemp: Display: Loaded TP TVOSTargetPlatform
[2018.12.06-10.34.28:072][  0]LogTemp: Display: Loaded TP LinuxClientTargetPlatform
[2018.12.06-10.34.28:091][  0]LogTemp: Display: Loaded TP LinuxNoEditorTargetPlatform
[2018.12.06-10.34.28:104][  0]LogTemp: Display: Loaded TP LinuxServerTargetPlatform
[2018.12.06-10.34.28:119][  0]LogTemp: Display: Loaded TP LinuxTargetPlatform
[2018.12.06-10.34.28:128][  0]LogTemp: Display: Loaded TP LuminTargetPlatform
[2018.12.06-10.34.28:128][  0]LogTargetPlatformManager: Display: Building Assets For Windows
[2018.12.06-10.34.28:217][  0]LogXGEController: Cleaning working directory: C:/Users/m018585h/AppData/Local/Temp/UnrealXGEWorkingDir/
[2018.12.06-10.34.28:218][  0]LogXGEController: Cannot use XGE Controller as Incredibuild is not installed on this machine.
[2018.12.06-10.34.28:218][  0]LogShaderCompilers: Cannot use XGE Shader Compiler as Incredibuild is not installed on this machine.
[2018.12.06-10.34.28:218][  0]LogShaderCompilers: Display: Using Local Shader Compiler.
[2018.12.06-10.34.29:037][  0]LogDerivedDataCache: Display: Max Cache Size: 512 MB
[2018.12.06-10.34.29:098][  0]LogDerivedDataCache: Loaded boot cache 0.06s 71MB C:/Users/m018585h/AppData/Local/UnrealEngine/4.20/DerivedDataCache/Boot.ddc.
[2018.12.06-10.34.29:099][  0]LogDerivedDataCache: Display: Loaded Boot cache: C:/Users/m018585h/AppData/Local/UnrealEngine/4.20/DerivedDataCache/Boot.ddc
[2018.12.06-10.34.29:099][  0]LogDerivedDataCache: FDerivedDataBackendGraph:  Pak pak cache file ../../../../../../Users/m018585h/Documents/GitHub/TGP_PairProject/TGP_Project/DerivedDataCache/DDC.ddp not found, will not use a pak cache.
[2018.12.06-10.34.29:099][  0]LogDerivedDataCache: Unable to find inner node Pak for hierarchical cache Hierarchy.
[2018.12.06-10.34.29:099][  0]LogDerivedDataCache: FDerivedDataBackendGraph:  CompressedPak pak cache file ../../../../../../Users/m018585h/Documents/GitHub/TGP_PairProject/TGP_Project/DerivedDataCache/Compressed.ddp not found, will not use a pak cache.
[2018.12.06-10.34.29:099][  0]LogDerivedDataCache: Unable to find inner node CompressedPak for hierarchical cache Hierarchy.
[2018.12.06-10.34.29:110][  0]LogDerivedDataCache: Display: Pak cache opened for reading ../../../Engine/DerivedDataCache/Compressed.ddp.
[2018.12.06-10.34.29:123][  0]LogDerivedDataCache: Using Local data cache path C:/Users/m018585h/AppData/Local/UnrealEngine/Common/DerivedDataCache: Writable
[2018.12.06-10.34.29:123][  0]LogDerivedDataCache: Shared data cache path not found in *engine.ini, will not use an Shared cache.
[2018.12.06-10.34.29:123][  0]LogDerivedDataCache: Unable to find inner node Shared for hierarchical cache Hierarchy.
[2018.12.06-10.34.29:141][  0]LogMaterial: Verifying Global Shaders for PCD3D_SM5
[2018.12.06-10.34.29:143][  0]LogSlate: Using FreeType 2.6.0
[2018.12.06-10.34.29:143][  0]LogSlate: SlateFontServices - WITH_FREETYPE: 1, WITH_HARFBUZZ: 1
[2018.12.06-10.34.29:217][  0]LogAssetRegistry: FAssetRegistry took 0.0270 seconds to start up
[2018.12.06-10.34.29:567][  0]LogInit: Selected Device Profile: [Windows]
[2018.12.06-10.34.29:622][  0]LogSimplygon: Simplygon DLL not present - disabling.
[2018.12.06-10.34.29:627][  0]LogMeshReduction: Using SimplygonSwarm for distributed automatic mesh merging
[2018.12.06-10.34.29:627][  0]LogMeshReduction: Using ProxyLODMeshReduction for automatic mesh merging
[2018.12.06-10.34.29:627][  0]LogMeshReduction: Using QuadricMeshReduction for automatic static mesh reduction
[2018.12.06-10.34.29:627][  0]LogMeshReduction: No automatic skeletal mesh reduction module available
[2018.12.06-10.34.29:728][  0]LogNetVersion: TGP_Project 1.0.0, NetCL: 4212847, EngineNetVer: 5, GameNetVer: 0 (Checksum: 95638710)
[2018.12.06-10.34.30:323][  0]LogPackageLocalizationCache: Processed 11 localized package path(s) for 2 prioritized culture(s) in 0.161129 seconds
[2018.12.06-10.34.30:330][  0]LogUObjectArray: 38425 objects as part of root set at end of initial load.
[2018.12.06-10.34.30:330][  0]LogUObjectAllocator: 6690872 out of 0 bytes used by permanent object pool.
[2018.12.06-10.34.30:330][  0]LogUObjectArray: CloseDisregardForGC: 0/0 objects in disregard for GC pool
[2018.12.06-10.34.31:213][  0]LogTcpMessaging: Initializing TcpMessaging bridge
[2018.12.06-10.34.31:227][  0]LogUdpMessaging: Initializing bridge on interface 0.0.0.0:0 to multicast group 230.0.0.1:6666.
[2018.12.06-10.34.31:378][  0]SourceControl: Source control is disabled
[2018.12.06-10.34.31:378][  0]SourceControl: Source control is disabled
[2018.12.06-10.34.31:379][  0]SourceControl: Source control is disabled
[2018.12.06-10.34.31:380][  0]SourceControl: Source control is disabled
[2018.12.06-10.34.31:558][  0]LogAndroidPermission: UAndroidPermissionCallbackProxy::GetInstance
[2018.12.06-10.34.31:604][  0]LogOcInput: OculusInput pre-init called
[2018.12.06-10.34.31:658][  0]LogEngine: Initializing Engine...
[2018.12.06-10.34.31:658][  0]LogHMD: Failed to initialize OpenVR with code 110
[2018.12.06-10.34.31:660][  0]LogStats: UGameplayTagsManager::ConstructGameplayTagTree: ImportINI prefixes -  0.000 s
[2018.12.06-10.34.31:660][  0]LogStats: UGameplayTagsManager::ConstructGameplayTagTree: Construct from data asset -  0.000 s
[2018.12.06-10.34.31:660][  0]LogStats: UGameplayTagsManager::ConstructGameplayTagTree: ImportINI -  0.000 s
[2018.12.06-10.34.31:660][  0]LogStats: UGameplayTagsManager::ConstructGameplayTagTree: GameplayTagTreeChangedEvent.Broadcast -  0.000 s
[2018.12.06-10.34.31:862][  0]LogInit: Initializing FReadOnlyCVARCache
[2018.12.06-10.34.31:877][  0]LogAIModule: Creating AISystem for world Untitled
[2018.12.06-10.34.31:888][  0]LogInit: XAudio2 using 'Speakers (Realtek High Definition Audio)' : 2 channels at 48 kHz using 32 bits per sample (channel mask 0x3)
[2018.12.06-10.34.31:972][  0]LogInit: FAudioDevice initialized.
[2018.12.06-10.34.31:972][  0]LogNetVersion: Set ProjectVersion to 1.0.0.0. Version Checksum will be recalculated on next use.
[2018.12.06-10.34.32:028][  0]LogDerivedDataCache: Saved boot cache 0.06s 71MB C:/Users/m018585h/AppData/Local/UnrealEngine/4.20/DerivedDataCache/Boot.ddc.
[2018.12.06-10.34.32:045][  0]LogInit: Texture streaming: Enabled
[2018.12.06-10.34.32:068][  0]LogEngineSessionManager: EngineSessionManager initialized
[2018.12.06-10.34.32:082][  0]LogInit: Transaction tracking system initialized
[2018.12.06-10.34.32:116][  0]BlueprintLog: New page: Editor Load
[2018.12.06-10.34.32:207][  0]LocalizationService: Localization service is disabled
[2018.12.06-10.34.32:505][  0]LogCook: Display: Max memory allowance for cook 16384mb min free memory 0mb
[2018.12.06-10.34.32:505][  0]LogCook: Display: Mobile HDR setting 1
[2018.12.06-10.34.32:505][  0]LogGameplayTags: Display: UGameplayTagsManager::DoneAddingNativeTags. DelegateIsBound: 0
[2018.12.06-10.34.32:505][  0]LogStats: UGameplayTagsManager::ConstructGameplayTagTree: ImportINI prefixes -  0.000 s
[2018.12.06-10.34.32:505][  0]LogStats: UGameplayTagsManager::ConstructGameplayTagTree: Construct from data asset -  0.000 s
[2018.12.06-10.34.32:505][  0]LogStats: UGameplayTagsManager::ConstructGameplayTagTree: ImportINI -  0.000 s
[2018.12.06-10.34.32:506][  0]LogStats: UGameplayTagsManager::ConstructGameplayTagTree: GameplayTagTreeChangedEvent.Broadcast -  0.000 s
[2018.12.06-10.34.32:646][  0]LogFileCache: Scanning file cache for directory 'C:/Users/m018585h/Documents/GitHub/TGP_PairProject/TGP_Project/Content/' took 0.02s
[2018.12.06-10.34.32:646][  0]SourceControl: Source control is disabled
[2018.12.06-10.34.32:646][  0]Cmd: MAP LOAD FILE="../../../../../../Users/m018585h/Documents/GitHub/TGP_PairProject/TGP_Project/Content/Levels/BaseLevel.umap" TEMPLATE=0 SHOWPROGRESS=1 FEATURELEVEL=3
[2018.12.06-10.34.32:647][  0]LightingResults: New page: Lighting Build
[2018.12.06-10.34.32:650][  0]MapCheck: New page: Map Check
[2018.12.06-10.34.32:650][  0]LightingResults: New page: Lighting Build
[2018.12.06-10.34.32:749][  0]LogAIModule: Creating AISystem for world BaseLevel
[2018.12.06-10.34.32:753][  0]LogEditorServer: Finished looking for orphan Actors (0.000 secs)
[2018.12.06-10.34.32:781][  0]Cmd: MAP CHECKDEP NOCLEARLOG
[2018.12.06-10.34.32:892][  0]MapCheck: Map check complete: 0 Error(s), 0 Warning(s), took 112.295ms to complete.
[2018.12.06-10.34.32:892][  0]LogFileHelpers: Loading map 'BaseLevel' took 0.247
[2018.12.06-10.34.32:994][  0]LogSlate: Updating window title bar state: overlay mode, drag disabled, window buttons hidden, title bar hidden
[2018.12.06-10.34.33:003][  0]LogSlate: Updating window title bar state: overlay mode, drag disabled, window buttons hidden, title bar hidden
[2018.12.06-10.34.33:013][  0]LogSlate: Updating window title bar state: overlay mode, drag disabled, window buttons hidden, title bar hidden
[2018.12.06-10.34.33:022][  0]LogSlate: Updating window title bar state: overlay mode, drag disabled, window buttons hidden, title bar hidden
[2018.12.06-10.34.33:029][  0]LogCollectionManager: Loaded 0 collections in 0.001928 seconds
[2018.12.06-10.34.33:075][  0]LogFileCache: Scanning file cache for directory 'C:/Users/m018585h/Documents/GitHub/TGP_PairProject/TGP_Project/Saved/Collections/' took 0.01s
[2018.12.06-10.34.33:075][  0]LogFileCache: Scanning file cache for directory 'C:/Users/m018585h/Documents/GitHub/TGP_PairProject/TGP_Project/Content/Developers/m018585h/Collections/' took 0.01s
[2018.12.06-10.34.33:075][  0]LogFileCache: Scanning file cache for directory 'C:/Users/m018585h/Documents/GitHub/TGP_PairProject/TGP_Project/Content/Collections/' took 0.01s
[2018.12.06-10.34.33:075][  0]LogCollectionManager: Rebuilt the GUID cache for 0 collections in 0.000001 seconds
[2018.12.06-10.34.33:090][  0]LogContentBrowser: Native class hierarchy populated in 0.0150 seconds. Added 2583 classes and 607 folders.
[2018.12.06-10.34.33:099][  0]LogContentBrowser: Native class hierarchy updated for 'WidgetCarousel' in 0.0005 seconds. Added 0 classes and 0 folders.
[2018.12.06-10.34.33:157][  0]LogContentBrowser: Native class hierarchy updated for 'AddContentDialog' in 0.0006 seconds. Added 0 classes and 0 folders.
[2018.12.06-10.34.33:164][  0]LogContentBrowser: Native class hierarchy updated for 'SceneOutliner' in 0.0005 seconds. Added 1 classes and 2 folders.
[2018.12.06-10.34.33:187][  0]LogSlate: Took 0.000222 seconds to synchronously load lazily loaded font '../../../Engine/Content/Slate/Fonts/Roboto-Regular.ttf' (155K)
[2018.12.06-10.34.33:189][  0]LogSlate: Took 0.000205 seconds to synchronously load lazily loaded font '../../../Engine/Content/Slate/Fonts/Roboto-Bold.ttf' (160K)
[2018.12.06-10.34.33:196][  0]LogSlate: Took 0.000222 seconds to synchronously load lazily loaded font '../../../Engine/Content/Editor/Slate/Fonts/FontAwesome.ttf' (139K)
[2018.12.06-10.34.33:272][  0]LogRenderer: Reallocating scene render targets to support 1208x576 Format 10 NumSamples 1 (Frame:1).
[2018.12.06-10.34.33:310][  0]LogSlate: Took 0.000158 seconds to synchronously load lazily loaded font '../../../Engine/Content/Slate/Fonts/Roboto-Light.ttf' (167K)
[2018.12.06-10.34.33:375][  0]LogContentBrowser: Native class hierarchy updated for 'HierarchicalLODOutliner' in 0.0004 seconds. Added 0 classes and 0 folders.
[2018.12.06-10.34.33:375][  0]LogLoad: (Engine Initialization) Total time: 8.71 seconds
[2018.12.06-10.34.33:375][  0]LogLoad: (Engine Initialization) Total Blueprint compile time: 0.00 seconds
[2018.12.06-10.34.33:384][  0]LogWindowsTextInputMethodSystem: Display: IME system now deactivated.
[2018.12.06-10.34.33:408][  0]LogContentStreaming: Texture pool size now 1000 MB
[2018.12.06-10.34.33:459][  1]LogAssetRegistry: Asset discovery search completed in 4.2648 seconds
[2018.12.06-10.34.33:461][  1]LogCollectionManager: Rebuilt the object cache for 0 collections in 0.000001 seconds (found 0 objects)
[2018.12.06-10.34.33:461][  1]LogCollectionManager: Fixed up redirectors for 0 collections in 0.000076 seconds (updated 0 objects)
[2018.12.06-10.34.41:383][321]LogSlate: FSceneViewport::OnFocusLost() reason 0
[2018.12.06-10.34.46:039][878]LogSlate: FSceneViewport::OnFocusLost() reason 0
[2018.12.06-10.35.04:522][ 70]LogSlate: FSceneViewport::OnFocusLost() reason 0
[2018.12.06-10.35.06:866][336]LogEditorViewport: Clicking on Actor (LMB): TargetPoint (TargetPoint)
[2018.12.06-10.35.07:650][426]LogSlate: FSceneViewport::OnFocusLost() reason 0
[2018.12.06-10.35.10:643][778]LogEditorViewport: Clicking on Actor (LMB): BP_Bodyguard_C (BP_Bodyguard)
[2018.12.06-10.35.14:640][247]LogSlate: FSceneViewport::OnFocusLost() reason 2
[2018.12.06-10.35.17:172][549]LogSlate: FSceneViewport::OnFocusLost() reason 0
[2018.12.06-10.35.26:255][628]LogEditorViewport: Clicking on Actor (LMB): BP_Bodyguard_C (BP_Bodyguard)
[2018.12.06-10.35.28:336][866]LogSlate: FSceneViewport::OnFocusLost() reason 0
[2018.12.06-10.35.32:885][407]LogTemp: Repeating last play command: Selected Viewport
[2018.12.06-10.35.32:909][407]LogPlayLevel: PlayLevel: No blueprints needed recompiling
[2018.12.06-10.35.32:922][407]PIE: New page: PIE session: BaseLevel (6 Dec 2018 10:35:32)
[2018.12.06-10.35.32:922][407]LogPlayLevel: Creating play world package: /Game/Levels/UEDPIE_0_BaseLevel
[2018.12.06-10.35.32:924][407]LogPlayLevel: PIE: StaticDuplicateObject took: (0.002319s)
[2018.12.06-10.35.32:925][407]LogAIModule: Creating AISystem for world BaseLevel
[2018.12.06-10.35.32:925][407]LogPlayLevel: PIE: World Init took: (0.000825s)
[2018.12.06-10.35.32:925][407]LogPlayLevel: PIE: Created PIE world by copying editor world from /Game/Levels/BaseLevel.BaseLevel to /Game/Levels/UEDPIE_0_BaseLevel.BaseLevel (0.003301s)
[2018.12.06-10.35.32:957][407]LogInit: XAudio2 using 'Speakers (Realtek High Definition Audio)' : 2 channels at 48 kHz using 32 bits per sample (channel mask 0x3)
[2018.12.06-10.35.32:973][407]LogInit: FAudioDevice initialized.
[2018.12.06-10.35.33:017][407]LogLoad: Game class is 'GM_GAME_C'
[2018.12.06-10.35.33:018][407]LogWorld: Bringing World /Game/Levels/UEDPIE_0_BaseLevel.BaseLevel up for play (max tick rate 0) at 2018.12.06-10.35.33
[2018.12.06-10.35.33:020][407]LogWorld: Bringing up level for play took: 0.002495
[2018.12.06-10.35.33:043][407]LogContentBrowser: Native class hierarchy updated for 'MovieSceneCapture' in 0.0005 seconds. Added 10 classes and 0 folders.
[2018.12.06-10.35.33:044][407]PIE: Play in editor start time for /Game/Levels/UEDPIE_0_BaseLevel 1.096
[2018.12.06-10.36.08:527][523]LogSlate: FSceneViewport::OnFocusLost() reason 0
[2018.12.06-10.36.18:756][719]LogSlate: Updating window title bar state: overlay mode, drag disabled, window buttons hidden, title bar hidden
[2018.12.06-10.36.18:788][719]LogPlayLevel: Display: Shutting down PIE online subsystems
[2018.12.06-10.36.18:817][719]LogSlate: Updating window title bar state: overlay mode, drag disabled, window buttons hidden, title bar hidden
[2018.12.06-10.36.18:854][723]LogPlayLevel: Display: Destroying online subsystem :Context_1
[2018.12.06-10.36.20:554][927]LogEditorViewport: Clicking on Actor (LMB): StaticMeshActor (Floor)
[2018.12.06-10.36.22:747][182]LogSlate: FSceneViewport::OnFocusLost() reason 0
[2018.12.06-10.36.22:805][189]LogTemp: Repeating last play command: Selected Viewport
[2018.12.06-10.36.22:824][189]LogPlayLevel: PlayLevel: No blueprints needed recompiling
[2018.12.06-10.36.22:824][189]PIE: New page: PIE session: BaseLevel (6 Dec 2018 10:36:22)
[2018.12.06-10.36.22:824][189]LogPlayLevel: Creating play world package: /Game/Levels/UEDPIE_0_BaseLevel
[2018.12.06-10.36.22:826][189]LogPlayLevel: PIE: StaticDuplicateObject took: (0.001955s)
[2018.12.06-10.36.22:826][189]LogAIModule: Creating AISystem for world BaseLevel
[2018.12.06-10.36.22:826][189]LogPlayLevel: PIE: World Init took: (0.000689s)
[2018.12.06-10.36.22:827][189]LogPlayLevel: PIE: Created PIE world by copying editor world from /Game/Levels/BaseLevel.BaseLevel to /Game/Levels/UEDPIE_0_BaseLevel.BaseLevel (0.002791s)
[2018.12.06-10.36.22:859][189]LogInit: XAudio2 using 'Speakers (Realtek High Definition Audio)' : 2 channels at 48 kHz using 32 bits per sample (channel mask 0x3)
[2018.12.06-10.36.22:874][189]LogInit: FAudioDevice initialized.
[2018.12.06-10.36.22:903][189]LogLoad: Game class is 'GM_GAME_C'
[2018.12.06-10.36.22:904][189]LogWorld: Bringing World /Game/Levels/UEDPIE_0_BaseLevel.BaseLevel up for play (max tick rate 0) at 2018.12.06-10.36.22
[2018.12.06-10.36.22:905][189]LogWorld: Bringing up level for play took: 0.000941
[2018.12.06-10.36.22:918][189]PIE: Play in editor start time for /Game/Levels/UEDPIE_0_BaseLevel 0.97
[2018.12.06-10.36.31:455][153]LogSlate: FSceneViewport::OnFocusLost() reason 2
[2018.12.06-10.36.31:474][153]LogSlate: Took 0.000212 seconds to synchronously load lazily loaded font '../../../Engine/Content/Slate/Fonts/Roboto-Light.ttf' (167K)
[2018.12.06-10.36.33:188][334]LogEditorViewport: Clicking Background
[2018.12.06-10.36.33:962][426]LogSlate: FSceneViewport::OnFocusLost() reason 0
[2018.12.06-10.36.34:029][434]LogSlate: Updating window title bar state: overlay mode, drag disabled, window buttons hidden, title bar hidden
[2018.12.06-10.36.34:061][434]LogPlayLevel: Display: Shutting down PIE online subsystems
[2018.12.06-10.36.34:089][434]LogSlate: Updating window title bar state: overlay mode, drag disabled, window buttons hidden, title bar hidden
[2018.12.06-10.36.34:136][439]LogPlayLevel: Display: Destroying online subsystem :Context_3
[2018.12.06-10.36.57:498][213]LogSlate: FSceneViewport::OnFocusLost() reason 0
[2018.12.06-10.36.57:556][220]LogTemp: Repeating last play command: Selected Viewport
[2018.12.06-10.36.57:579][220]LogPlayLevel: PlayLevel: No blueprints needed recompiling
[2018.12.06-10.36.57:579][220]PIE: New page: PIE session: BaseLevel (6 Dec 2018 10:36:57)
[2018.12.06-10.36.57:579][220]LogPlayLevel: Creating play world package: /Game/Levels/UEDPIE_0_BaseLevel
[2018.12.06-10.36.57:582][220]LogPlayLevel: PIE: StaticDuplicateObject took: (0.002875s)
[2018.12.06-10.36.57:583][220]LogAIModule: Creating AISystem for world BaseLevel
[2018.12.06-10.36.57:583][220]LogPlayLevel: PIE: World Init took: (0.000623s)
[2018.12.06-10.36.57:583][220]LogPlayLevel: PIE: Created PIE world by copying editor world from /Game/Levels/BaseLevel.BaseLevel to /Game/Levels/UEDPIE_0_BaseLevel.BaseLevel (0.003629s)
[2018.12.06-10.36.57:615][220]LogInit: XAudio2 using 'Speakers (Realtek High Definition Audio)' : 2 channels at 48 kHz using 32 bits per sample (channel mask 0x3)
[2018.12.06-10.36.57:630][220]LogInit: FAudioDevice initialized.
[2018.12.06-10.36.57:665][220]LogLoad: Game class is 'GM_GAME_C'
[2018.12.06-10.36.57:666][220]LogWorld: Bringing World /Game/Levels/UEDPIE_0_BaseLevel.BaseLevel up for play (max tick rate 0) at 2018.12.06-10.36.57
[2018.12.06-10.36.57:666][220]LogWorld: Bringing up level for play took: 0.000870
[2018.12.06-10.36.57:679][220]PIE: Play in editor start time for /Game/Levels/UEDPIE_0_BaseLevel -0.269
[2018.12.06-10.37.27:643][550]LogSlate: FSceneViewport::OnFocusLost() reason 0
[2018.12.06-10.37.51:073][  7]LogSlate: Took 0.014321 seconds to synchronously load lazily loaded font '../../../Engine/Content/Slate/Fonts/Roboto-Italic.ttf' (157K)
[2018.12.06-10.38.17:167][926]LogSlate: Updating window title bar state: overlay mode, drag disabled, window buttons hidden, title bar hidden
[2018.12.06-10.38.17:198][926]LogPlayLevel: Display: Shutting down PIE online subsystems
[2018.12.06-10.38.17:227][926]LogSlate: Updating window title bar state: overlay mode, drag disabled, window buttons hidden, title bar hidden
[2018.12.06-10.38.17:273][931]LogPlayLevel: Display: Destroying online subsystem :Context_4
[2018.12.06-10.38.23:475][652]LogSlate: FSceneViewport::OnFocusLost() reason 0
[2018.12.06-10.38.24:504][768]LogTemp: Repeating last play command: Selected Viewport
[2018.12.06-10.38.24:523][768]LogPlayLevel: PlayLevel: No blueprints needed recompiling
[2018.12.06-10.38.24:523][768]PIE: New page: PIE session: BaseLevel (6 Dec 2018 10:38:24)
[2018.12.06-10.38.24:523][768]LogPlayLevel: Creating play world package: /Game/Levels/UEDPIE_0_BaseLevel
[2018.12.06-10.38.24:526][768]LogPlayLevel: PIE: StaticDuplicateObject took: (0.002582s)
[2018.12.06-10.38.24:526][768]LogAIModule: Creating AISystem for world BaseLevel
[2018.12.06-10.38.24:526][768]LogPlayLevel: PIE: World Init took: (0.000606s)
[2018.12.06-10.38.24:526][768]LogPlayLevel: PIE: Created PIE world by copying editor world from /Game/Levels/BaseLevel.BaseLevel to /Game/Levels/UEDPIE_0_BaseLevel.BaseLevel (0.003309s)
[2018.12.06-10.38.24:559][768]LogInit: XAudio2 using 'Speakers (Realtek High Definition Audio)' : 2 channels at 48 kHz using 32 bits per sample (channel mask 0x3)
[2018.12.06-10.38.24:573][768]LogInit: FAudioDevice initialized.
[2018.12.06-10.38.24:607][768]LogLoad: Game class is 'GM_GAME_C'
[2018.12.06-10.38.24:609][768]LogWorld: Bringing World /Game/Levels/UEDPIE_0_BaseLevel.BaseLevel up for play (max tick rate 0) at 2018.12.06-10.38.24
[2018.12.06-10.38.24:610][768]LogWorld: Bringing up level for play took: 0.001993
[2018.12.06-10.38.24:625][768]PIE: Play in editor start time for /Game/Levels/UEDPIE_0_BaseLevel 0.677
[2018.12.06-10.38.27:400][836]LogWindows: Error: === Critical error: ===
[2018.12.06-10.38.27:400][836]LogWindows: Error: 
[2018.12.06-10.38.27:400][836]LogWindows: Error: Fatal error!
[2018.12.06-10.38.27:400][836]LogWindows: Error: 
[2018.12.06-10.38.27:400][836]LogWindows: Error: Unhandled Exception: EXCEPTION_ACCESS_VIOLATION reading address 0x00000170
[2018.12.06-10.38.27:400][836]LogWindows: Error: 
[2018.12.06-10.38.27:400][836]LogWindows: Error: [Callstack] 0x00007ffdcdea9b6f UE4Editor-TGP_Project.dll!ACivilianAI::Tick() [c:\users\m018585h\documents\github\tgp_pairproject\tgp_project\source\tgp_project\private\civilianai.cpp:58]
[2018.12.06-10.38.27:400][836]LogWindows: Error: [Callstack] 0x00007ffddfb9730c UE4Editor-Engine.dll!UnknownFunction []
[2018.12.06-10.38.27:400][836]LogWindows: Error: [Callstack] 0x00007ffddfb55630 UE4Editor-Engine.dll!UnknownFunction []
[2018.12.06-10.38.27:400][836]LogWindows: Error: [Callstack] 0x00007ffde0d516bd UE4Editor-Engine.dll!UnknownFunction []
[2018.12.06-10.38.27:400][836]LogWindows: Error: [Callstack] 0x00007ffdf3751f92 UE4Editor-Core.dll!UnknownFunction []
[2018.12.06-10.38.27:400][836]LogWindows: Error: [Callstack] 0x00007ffdf3752456 UE4Editor-Core.dll!UnknownFunction []
[2018.12.06-10.38.27:400][836]LogWindows: Error: [Callstack] 0x00007ffdf3766d25 UE4Editor-Core.dll!UnknownFunction []
[2018.12.06-10.38.27:400][836]LogWindows: Error: [Callstack] 0x00007ffde0da5b04 UE4Editor-Engine.dll!UnknownFunction []
[2018.12.06-10.38.27:400][836]LogWindows: Error: [Callstack] 0x00007ffde0db4d92 UE4Editor-Engine.dll!UnknownFunction []
[2018.12.06-10.38.27:400][836]LogWindows: Error: [Callstack] 0x00007ffde04b87e4 UE4Editor-Engine.dll!UnknownFunction []
[2018.12.06-10.38.27:400][836]LogWindows: Error: [Callstack] 0x00007ffde04c4003 UE4Editor-Engine.dll!UnknownFunction []
[2018.12.06-10.38.27:400][836]LogWindows: Error: [Callstack] 0x00007ffdf1ea7335 UE4Editor-UnrealEd.dll!UnknownFunction []
[2018.12.06-10.38.27:400][836]LogWindows: Error: [Callstack] 0x00007ffdf279f666 UE4Editor-UnrealEd.dll!UnknownFunction []
[2018.12.06-10.38.27:401][836]LogWindows: Error: [Callstack] 0x00007ff7e5ba5cbd UE4Editor.exe!UnknownFunction []
[2018.12.06-10.38.27:401][836]LogWindows: Error: [Callstack] 0x00007ff7e5bb5b3c UE4Editor.exe!UnknownFunction []
[2018.12.06-10.38.27:401][836]LogWindows: Error: [Callstack] 0x00007ff7e5bb5bba UE4Editor.exe!UnknownFunction []
[2018.12.06-10.38.27:401][836]LogWindows: Error: [Callstack] 0x00007ff7e5bc3dac UE4Editor.exe!UnknownFunction []
[2018.12.06-10.38.27:401][836]LogWindows: Error: [Callstack] 0x00007ff7e5bc5aaa UE4Editor.exe!UnknownFunction []
[2018.12.06-10.38.27:401][836]LogWindows: Error: [Callstack] 0x00007ffe36763034 KERNEL32.DLL!UnknownFunction []
[2018.12.06-10.38.27:401][836]LogWindows: Error: [Callstack] 0x00007ffe36a61471 ntdll.dll!UnknownFunction []
[2018.12.06-10.38.27:401][836]LogWindows: Error: 
[2018.12.06-10.38.27:422][836]LogExit: Executing StaticShutdownAfterError
[2018.12.06-10.38.27:433][836]LogWindows: FPlatformMisc::RequestExit(1)
[2018.12.06-10.38.27:444][836]Log file closed, 12/06/18 10:38:27
