Log file open, 11/29/18 10:55:29
LogWindows: Failed to load 'aqProf.dll' (GetLastError=126)
LogWindows: File 'aqProf.dll' does not exist
LogWindows: Failed to load 'VSPerf140.dll' (GetLastError=126)
LogWindows: File 'VSPerf140.dll' does not exist
LogWindows: Failed to load 'VtuneApi.dll' (GetLastError=126)
LogWindows: File 'VtuneApi.dll' does not exist
LogWindows: Failed to load 'VtuneApi32e.dll' (GetLastError=126)
LogWindows: File 'VtuneApi32e.dll' does not exist
LogInit: Display: Running engine for game: TGP_Project
LogPlatformFile: Not using cached read wrapper
LogTaskGraph: Started task graph with 5 named threads and 23 total threads with 3 sets of task threads.
LogStats: Stats thread started at 0.428877
LogD3D11RHI: Loaded GFSDK_Aftermath_Lib.x64.dll
LogICUInternationalization: Display: ICU TimeZone Detection - Raw Offset: +0:00, Platform Override: ''
LogPluginManager: Mounting plugin Paper2D
LogPluginManager: Mounting plugin AISupport
LogPluginManager: Mounting plugin LightPropagationVolume
LogPluginManager: Mounting plugin CLionSourceCodeAccess
LogPluginManager: Mounting plugin CodeLiteSourceCodeAccess
LogPluginManager: Mounting plugin GitSourceControl
LogPluginManager: Mounting plugin KDevelopSourceCodeAccess
LogPluginManager: Mounting plugin NullSourceCodeAccess
LogPluginManager: Mounting plugin PerforceSourceControl
LogPluginManager: Mounting plugin SubversionSourceControl
LogPluginManager: Mounting plugin UObjectPlugin
LogPluginManager: Mounting plugin VisualStudioCodeSourceCodeAccess
LogPluginManager: Mounting plugin VisualStudioSourceCodeAccess
LogPluginManager: Mounting plugin XCodeSourceCodeAccess
LogPluginManager: Mounting plugin AssetManagerEditor
LogPluginManager: Mounting plugin CryptoKeys
LogPluginManager: Mounting plugin DataValidation
LogPluginManager: Mounting plugin FacialAnimation
LogPluginManager: Mounting plugin GameplayTagsEditor
LogPluginManager: Mounting plugin MacGraphicsSwitching
LogPluginManager: Mounting plugin MeshEditor
LogPluginManager: Mounting plugin MobileLauncherProfileWizard
LogPluginManager: Mounting plugin PluginBrowser
LogPluginManager: Mounting plugin SpeedTreeImporter
LogPluginManager: Mounting plugin DatasmithContent
LogPluginManager: Mounting plugin AlembicImporter
LogPluginManager: Mounting plugin AppleImageUtils
LogPluginManager: Mounting plugin AppleVision
LogPluginManager: Mounting plugin BackChannel
LogPluginManager: Mounting plugin CharacterAI
LogPluginManager: Mounting plugin GeometryCache
LogPluginManager: Mounting plugin HTML5Networking
LogPluginManager: Mounting plugin ProxyLODPlugin
LogPluginManager: Mounting plugin MagicLeap
LogPluginManager: Mounting plugin MagicLeapEmulator
LogPluginManager: Mounting plugin MagicLeapMedia
LogPluginManager: Mounting plugin AndroidMedia
LogPluginManager: Mounting plugin AvfMedia
LogPluginManager: Mounting plugin ImgMedia
LogPluginManager: Mounting plugin LinearTimecode
LogPluginManager: Mounting plugin MediaCompositing
LogPluginManager: Mounting plugin MediaPlayerEditor
LogPluginManager: Mounting plugin WmfMedia
LogPluginManager: Mounting plugin TcpMessaging
LogPluginManager: Mounting plugin UdpMessaging
LogPluginManager: Mounting plugin ActorSequence
LogPluginManager: Mounting plugin LevelSequenceEditor
LogPluginManager: Mounting plugin MatineeToLevelSequence
LogPluginManager: Mounting plugin NetcodeUnitTest
LogPluginManager: Mounting plugin NUTUnrealEngine4
LogPluginManager: Mounting plugin OnlineSubsystemGooglePlay
LogPluginManager: Mounting plugin OnlineSubsystemIOS
LogPluginManager: Mounting plugin OnlineSubsystem
LogPluginManager: Mounting plugin OnlineSubsystemNull
LogPluginManager: Mounting plugin OnlineSubsystemUtils
LogPluginManager: Mounting plugin LauncherChunkInstaller
LogPluginManager: Mounting plugin AndroidDeviceProfileSelector
LogPluginManager: Mounting plugin AndroidMoviePlayer
LogPluginManager: Mounting plugin AndroidPermission
LogPluginManager: Mounting plugin AppleMoviePlayer
LogPluginManager: Mounting plugin ArchVisCharacter
LogPluginManager: Mounting plugin AudioCapture
LogPluginManager: Mounting plugin CableComponent
LogPluginManager: Mounting plugin CustomMeshComponent
LogPluginManager: Mounting plugin EditableMesh
LogPluginManager: Mounting plugin ExampleDeviceProfileSelector
LogPluginManager: Mounting plugin GoogleCloudMessaging
LogPluginManager: Mounting plugin ImmediatePhysics
LogPluginManager: Mounting plugin IOSDeviceProfileSelector
LogPluginManager: Mounting plugin LinuxDeviceProfileSelector
LogPluginManager: Mounting plugin LocationServicesBPLibrary
LogPluginManager: Mounting plugin MobilePatchingUtils
LogPluginManager: Mounting plugin OculusVR
LogPluginManager: Plugin shader directory ../../../Engine/Plugins/Runtime/Oculus/OculusVR/Shaders found
LogPluginManager: Mapping shader source directory ../../../Engine/Plugins/Runtime/Oculus/OculusVR/Shaders to virtual directory /Plugin/OculusVR
LogPluginManager: Mounting plugin PhysXVehicles
LogPluginManager: Mounting plugin ProceduralMeshComponent
LogPluginManager: Mounting plugin RuntimePhysXCooking
LogPluginManager: Mounting plugin SteamVR
LogPluginManager: Mounting plugin WindowsMoviePlayer
LogStreaming: Display: Took  0.141s to configure plugins.
LogInit: Using libcurl 7.55.1-DEV
LogInit:  - built for x86_64-pc-win32
LogInit:  - supports SSL with OpenSSL/1.0.2h
LogInit:  - supports HTTP deflate (compression) using libz 1.2.8
LogInit:  - other features:
LogInit:      CURL_VERSION_SSL
LogInit:      CURL_VERSION_LIBZ
LogInit:      CURL_VERSION_IPV6
LogInit:      CURL_VERSION_ASYNCHDNS
LogInit:      CURL_VERSION_LARGEFILE
LogInit:      CURL_VERSION_IDN
LogInit:  CurlRequestOptions (configurable via config and command line):
LogInit:  - bVerifyPeer = false  - Libcurl will NOT verify peer certificate
LogInit:  - bUseHttpProxy = false  - Libcurl will NOT use HTTP proxy
LogInit:  - bDontReuseConnections = false  - Libcurl will reuse connections
LogInit:  - CertBundlePath = nullptr  - Libcurl will use whatever was configured at build time.
LogInit:  - MaxHostConnections = 16  - Libcurl will limit the number of connections to a host
LogInit:  - LocalHostAddr = Default
LogInit:  - BufferSize = 65536
LogInit: WinSock: version 1.1 (2.2), MaxSocks=32767, MaxUdp=65467
LogInit: Build: ++UE4+Release-4.20-CL-4369336
LogInit: Engine Version: 4.20.3-4369336+++UE4+Release-4.20
LogInit: Compatible Engine Version: 4.20.0-4212847+++UE4+Release-4.20
LogInit: Net CL: 4212847
LogInit: OS: Windows 10 (), CPU: AMD FX(tm)-8320 Eight-Core Processor           , GPU: AMD Radeon (TM) R9 380 Series
LogInit: Compiled (64-bit): Sep 17 2018 12:26:19
LogInit: Compiled with Visual C++: 19.13.26129.00
LogInit: Build Configuration: Development
LogInit: Branch Name: ++UE4+Release-4.20
LogInit: Command Line:  -skipcompile
LogInit: Base Directory: C:/Users/blued/Documents/UE_4.20/Engine/Binaries/Win64/
LogInit: Installed Engine Build: 1
LogDevObjectVersion: Number of dev versions registered: 20
LogDevObjectVersion:   Dev-Blueprints (B0D832E4-1F89-4F0D-ACCF-7EB736FD4AA2): 10
LogDevObjectVersion:   Dev-Build (E1C64328-A22C-4D53-A36C-8E866417BD8C): 0
LogDevObjectVersion:   Dev-Core (375EC13C-06E4-48FB-B500-84F0262A717E): 2
LogDevObjectVersion:   Dev-Editor (E4B068ED-F494-42E9-A231-DA0B2E46BB41): 24
LogDevObjectVersion:   Dev-Framework (CFFC743F-43B0-4480-9391-14DF171D2073): 34
LogDevObjectVersion:   Dev-Mobile (B02B49B5-BB20-44E9-A304-32B752E40360): 2
LogDevObjectVersion:   Dev-Networking (A4E4105C-59A1-49B5-A7C5-40C4547EDFEE): 0
LogDevObjectVersion:   Dev-Online (39C831C9-5AE6-47DC-9A44-9C173E1C8E7C): 0
LogDevObjectVersion:   Dev-Physics (78F01B33-EBEA-4F98-B9B4-84EACCB95AA2): 0
LogDevObjectVersion:   Dev-Platform (6631380F-2D4D-43E0-8009-CF276956A95A): 0
LogDevObjectVersion:   Dev-Rendering (12F88B9F-8875-4AFC-A67C-D90C383ABD29): 26
LogDevObjectVersion:   Dev-Sequencer (7B5AE74C-D270-4C10-A958-57980B212A5A): 9
LogDevObjectVersion:   Dev-VR (D7296918-1DD6-4BDD-9DE2-64A83CC13884): 2
LogDevObjectVersion:   Dev-LoadTimes (C2A15278-BFE7-4AFE-6C17-90FF531DF755): 1
LogDevObjectVersion:   Private-Geometry (6EACA3D4-40EC-4CC1-B786-8BED09428FC5): 3
LogDevObjectVersion:   Dev-AnimPhys (29E575DD-E0A3-4627-9D10-D276232CDCEA): 17
LogDevObjectVersion:   Dev-ReflectionCapture (6B266CEC-1EC7-4B8F-A30B-E4D90942FC07): 1
LogDevObjectVersion:   Dev-Automation (0DF73D61-A23F-47EA-B727-89E90C41499A): 1
LogDevObjectVersion:   FortniteMain (601D1886-AC64-4F84-AA16-D3DE0DEAC7D6): 12
LogDevObjectVersion:   Dev-Enterprise (9DFFBCD6-494F-0158-E221-12823C92A888): 1
LogStreaming: Display: Took  0.001s to delete old logs.
LogInit: Presizing for max 8388607 objects, including 0 objects not considered by GC, pre-allocating 0 bytes for permanent pool.
LogInit: Object subsystem initialized
[2018.11.29-10.55.29:841][  0]LogInit: Selected Device Profile: [Windows]
[2018.11.29-10.55.29:841][  0]LogInit: Applying CVar settings loaded from the selected device profile: [Windows]
[2018.11.29-10.55.29:855][  0]LogHAL: Display: Platform has ~ 16 GB [17071263744 / 17179869184 / 16], which maps to Larger [LargestMinGB=32, LargerMinGB=12, DefaultMinGB=8, SmallerMinGB=6, SmallestMinGB=0)
[2018.11.29-10.55.29:855][  0]LogInit: Setting Device Profile CVar: [[r.Vulkan.UseRealUBs:1]]
[2018.11.29-10.55.29:855][  0]LogInit: Going up to parent DeviceProfile []
[2018.11.29-10.55.29:856][  0]LogInit: Computer: DESKTOP-JAN50R2
[2018.11.29-10.55.29:856][  0]LogInit: User: blued
[2018.11.29-10.55.29:856][  0]LogInit: CPU Page size=4096, Cores=4
[2018.11.29-10.55.29:856][  0]LogInit: High frequency timer resolution =3.429418 MHz
[2018.11.29-10.55.29:856][  0]LogMemory: Memory total: Physical=15.9GB (16GB approx)
[2018.11.29-10.55.29:856][  0]LogMemory: Platform Memory Stats for Windows
[2018.11.29-10.55.29:856][  0]LogMemory: Process Physical Memory: 102.34 MB used, 102.34 MB peak
[2018.11.29-10.55.29:856][  0]LogMemory: Process Virtual Memory: 89.47 MB used, 89.47 MB peak
[2018.11.29-10.55.29:856][  0]LogMemory: Physical Memory: 5071.52 MB used,  11208.91 MB free, 16280.43 MB total
[2018.11.29-10.55.29:856][  0]LogMemory: Virtual Memory: 4643.37 MB used,  11208.91 MB free, 134217728.00 MB total
[2018.11.29-10.55.30:020][  0]LogInit: Using OS detected language (en-US).
[2018.11.29-10.55.30:020][  0]LogInit: Using OS detected locale (en-GB).
[2018.11.29-10.55.30:020][  0]LogTextLocalizationManager: No specific localization for 'en-US' exists, so the 'en' localization will be used.
[2018.11.29-10.55.30:518][  0]LogStreaming: Display: Took  0.499s to InitEngineTextLocalization.
[2018.11.29-10.55.30:519][  0]LogInit: Setting process to per monitor DPI aware
[2018.11.29-10.55.30:652][  0]LogSlate: New Slate User Created.  User Index 0, Is Virtual User: 0
[2018.11.29-10.55.30:652][  0]LogSlate: Slate User Registered.  User Index 0, Is Virtual User: 0
[2018.11.29-10.55.31:654][  0]LogHMD: Failed to initialize OpenVR with code 110
[2018.11.29-10.55.31:654][  0]LogD3D11RHI: D3D11 adapters:
[2018.11.29-10.55.31:766][  0]LogD3D11RHI:    0. 'AMD Radeon (TM) R9 380 Series' (Feature Level 11_0)
[2018.11.29-10.55.31:766][  0]LogD3D11RHI:       4071/0/8140 MB DedicatedVideo/DedicatedSystem/SharedSystem, Outputs:2, VendorId:0x1002
[2018.11.29-10.55.31:774][  0]LogD3D11RHI:    1. 'Microsoft Basic Render Driver' (Feature Level 11_0)
[2018.11.29-10.55.31:774][  0]LogD3D11RHI:       0/0/8140 MB DedicatedVideo/DedicatedSystem/SharedSystem, Outputs:0, VendorId:0x1414
[2018.11.29-10.55.31:774][  0]LogD3D11RHI: Chosen D3D11 Adapter: 0
[2018.11.29-10.55.31:785][  0]LogD3D11RHI: Creating new Direct3DDevice
[2018.11.29-10.55.31:785][  0]LogD3D11RHI:     GPU DeviceId: 0x6938 (for the marketing name, search the web for "GPU Device Id")
[2018.11.29-10.55.31:785][  0]LogWindows: EnumDisplayDevices:
[2018.11.29-10.55.31:786][  0]LogWindows:    0. 'AMD Radeon (TM) R9 380 Series' (P:1 D:1)
[2018.11.29-10.55.31:786][  0]LogWindows:    1. 'AMD Radeon (TM) R9 380 Series' (P:0 D:1)
[2018.11.29-10.55.31:787][  0]LogWindows:    2. 'AMD Radeon (TM) R9 380 Series' (P:0 D:0)
[2018.11.29-10.55.31:788][  0]LogWindows:    3. 'AMD Radeon (TM) R9 380 Series' (P:0 D:0)
[2018.11.29-10.55.31:788][  0]LogWindows:    4. 'AMD Radeon (TM) R9 380 Series' (P:0 D:0)
[2018.11.29-10.55.31:789][  0]LogWindows:    5. 'AMD Radeon (TM) R9 380 Series' (P:0 D:0)
[2018.11.29-10.55.31:790][  0]LogWindows:    6. 'AMD Radeon (TM) R9 380 Series' (P:0 D:0)
[2018.11.29-10.55.31:790][  0]LogWindows:    7. 'AMD Radeon (TM) R9 380 Series' (P:0 D:0)
[2018.11.29-10.55.31:791][  0]LogWindows:    8. 'AMD Radeon (TM) R9 380 Series' (P:0 D:0)
[2018.11.29-10.55.31:791][  0]LogWindows:    9. 'AMD Radeon (TM) R9 380 Series' (P:0 D:0)
[2018.11.29-10.55.31:792][  0]LogWindows:    10. 'AMD Radeon (TM) R9 380 Series' (P:0 D:0)
[2018.11.29-10.55.31:793][  0]LogWindows:    11. 'AMD Radeon (TM) R9 380 Series' (P:0 D:0)
[2018.11.29-10.55.31:793][  0]LogWindows:    12. 'AMD Radeon (TM) R9 380 Series' (P:0 D:0)
[2018.11.29-10.55.31:794][  0]LogWindows:    13. 'AMD Radeon (TM) R9 380 Series' (P:0 D:0)
[2018.11.29-10.55.31:794][  0]LogWindows:    14. 'AMD Radeon (TM) R9 380 Series' (P:0 D:0)
[2018.11.29-10.55.31:795][  0]LogWindows:    15. 'AMD Radeon (TM) R9 380 Series' (P:0 D:0)
[2018.11.29-10.55.31:795][  0]LogWindows: DebugString: FoundDriverCount:16 
[2018.11.29-10.55.31:796][  0]LogD3D11RHI:     Adapter Name: AMD Radeon (TM) R9 380 Series
[2018.11.29-10.55.31:796][  0]LogD3D11RHI:   Driver Version: Adrenalin 18.10.2 (internal:25.20.14007.1000, unified:25.20.14007.1000)
[2018.11.29-10.55.31:796][  0]LogD3D11RHI:      Driver Date: 10-19-2018
[2018.11.29-10.55.31:796][  0]LogRHI: Texture pool is 2850 MB (70% of 4071 MB)
[2018.11.29-10.55.31:984][  0]LogD3D11RHI: Async texture creation enabled
[2018.11.29-10.55.31:997][  0]LogD3D11RHI: GPU Timing Frequency: 27.000000 (Debug: 2 1)
[2018.11.29-10.55.31:999][  0]LogShaderCompilers: Guid format shader working directory is 9 characters bigger than the processId version (D:/GitHub/TGP_PairProject/TGP_Project/Intermediate/Shaders/WorkingDirectory/2676/).
[2018.11.29-10.55.31:999][  0]LogShaderCompilers: Cleaned the shader compiler working directory 'C:/Users/blued/AppData/Local/Temp/UnrealShaderWorkingDir/1FE402094A9C9D470A543BAA9D972BD9/'.
[2018.11.29-10.55.32:347][  0]LogTemp: Display: Loaded TP AllDesktopTargetPlatform
[2018.11.29-10.55.32:371][  0]LogTemp: Display: Loaded TP MacClientTargetPlatform
[2018.11.29-10.55.32:397][  0]LogTemp: Display: Loaded TP MacNoEditorTargetPlatform
[2018.11.29-10.55.32:421][  0]LogTemp: Display: Loaded TP MacServerTargetPlatform
[2018.11.29-10.55.32:447][  0]LogTemp: Display: Loaded TP MacTargetPlatform
[2018.11.29-10.55.32:472][  0]LogTemp: Display: Loaded TP WindowsClientTargetPlatform
[2018.11.29-10.55.32:498][  0]LogTemp: Display: Loaded TP WindowsNoEditorTargetPlatform
[2018.11.29-10.55.32:523][  0]LogTemp: Display: Loaded TP WindowsServerTargetPlatform
[2018.11.29-10.55.32:538][  0]LogTemp: Display: Loaded TP WindowsTargetPlatform
[2018.11.29-10.55.32:676][  0]LogTemp: Display: Loaded TP AndroidTargetPlatform
[2018.11.29-10.55.32:676][  0]LogTemp: Display: Loaded TP AndroidTargetPlatform
[2018.11.29-10.55.32:677][  0]LogTemp: Display: Loaded TP AndroidTargetPlatform
[2018.11.29-10.55.32:677][  0]LogTemp: Display: Loaded TP AndroidTargetPlatform
[2018.11.29-10.55.32:677][  0]LogTemp: Display: Loaded TP AndroidTargetPlatform
[2018.11.29-10.55.32:677][  0]LogTemp: Display: Loaded TP AndroidTargetPlatform
[2018.11.29-10.55.32:677][  0]LogTemp: Display: Loaded TP AndroidTargetPlatform
[2018.11.29-10.55.32:677][  0]LogTemp: Display: Loaded TP AndroidTargetPlatform
[2018.11.29-10.55.32:677][  0]LogTemp: Display: Loaded TP AndroidTargetPlatform
[2018.11.29-10.55.32:677][  0]LogTemp: Display: Loaded TP AndroidTargetPlatform
[2018.11.29-10.55.32:677][  0]LogTemp: Display: Loaded TP AndroidTargetPlatform
[2018.11.29-10.55.32:677][  0]LogTemp: Display: Loaded TP AndroidTargetPlatform
[2018.11.29-10.55.32:677][  0]LogTemp: Display: Loaded TP AndroidTargetPlatform
[2018.11.29-10.55.32:678][  0]LogTemp: Display: Loaded TP AndroidTargetPlatform
[2018.11.29-10.55.32:678][  0]LogTemp: Display: Loaded TP AndroidTargetPlatform
[2018.11.29-10.55.32:678][  0]LogTemp: Display: Loaded TP AndroidTargetPlatform
[2018.11.29-10.55.32:678][  0]LogTemp: Display: Loaded TP AndroidTargetPlatform
[2018.11.29-10.55.32:678][  0]LogTemp: Display: Loaded TP AndroidTargetPlatform
[2018.11.29-10.55.32:683][  0]LogTemp: Display: Loaded TP HTML5TargetPlatform
[2018.11.29-10.55.32:776][  0]LogTemp: Display: Loaded TP IOSTargetPlatform
[2018.11.29-10.55.32:776][  0]LogTemp: Display: Loaded TP IOSTargetPlatform
[2018.11.29-10.55.32:824][  0]LogTemp: Display: Loaded TP TVOSTargetPlatform
[2018.11.29-10.55.32:824][  0]LogTemp: Display: Loaded TP TVOSTargetPlatform
[2018.11.29-10.55.32:849][  0]LogTemp: Display: Loaded TP LinuxClientTargetPlatform
[2018.11.29-10.55.32:873][  0]LogTemp: Display: Loaded TP LinuxNoEditorTargetPlatform
[2018.11.29-10.55.32:899][  0]LogTemp: Display: Loaded TP LinuxServerTargetPlatform
[2018.11.29-10.55.32:925][  0]LogTemp: Display: Loaded TP LinuxTargetPlatform
[2018.11.29-10.55.32:944][  0]LogTemp: Display: Loaded TP LuminTargetPlatform
[2018.11.29-10.55.32:944][  0]LogTargetPlatformManager: Display: Building Assets For Windows
[2018.11.29-10.55.33:103][  0]LogXGEController: Cleaning working directory: C:/Users/blued/AppData/Local/Temp/UnrealXGEWorkingDir/
[2018.11.29-10.55.33:104][  0]LogXGEController: Cannot use XGE Controller as Incredibuild is not installed on this machine.
[2018.11.29-10.55.33:104][  0]LogShaderCompilers: Cannot use XGE Shader Compiler as Incredibuild is not installed on this machine.
[2018.11.29-10.55.33:104][  0]LogShaderCompilers: Display: Using Local Shader Compiler.
[2018.11.29-10.55.34:493][  0]LogDerivedDataCache: Display: Max Cache Size: 512 MB
[2018.11.29-10.55.34:577][  0]LogDerivedDataCache: Loaded boot cache 0.08s 71MB C:/Users/blued/AppData/Local/UnrealEngine/4.20/DerivedDataCache/Boot.ddc.
[2018.11.29-10.55.34:578][  0]LogDerivedDataCache: Display: Loaded Boot cache: C:/Users/blued/AppData/Local/UnrealEngine/4.20/DerivedDataCache/Boot.ddc
[2018.11.29-10.55.34:578][  0]LogDerivedDataCache: FDerivedDataBackendGraph:  Pak pak cache file D:/GitHub/TGP_PairProject/TGP_Project/DerivedDataCache/DDC.ddp not found, will not use a pak cache.
[2018.11.29-10.55.34:578][  0]LogDerivedDataCache: Unable to find inner node Pak for hierarchical cache Hierarchy.
[2018.11.29-10.55.34:579][  0]LogDerivedDataCache: FDerivedDataBackendGraph:  CompressedPak pak cache file D:/GitHub/TGP_PairProject/TGP_Project/DerivedDataCache/Compressed.ddp not found, will not use a pak cache.
[2018.11.29-10.55.34:579][  0]LogDerivedDataCache: Unable to find inner node CompressedPak for hierarchical cache Hierarchy.
[2018.11.29-10.55.34:594][  0]LogDerivedDataCache: Display: Pak cache opened for reading ../../../Engine/DerivedDataCache/Compressed.ddp.
[2018.11.29-10.55.34:609][  0]LogDerivedDataCache: Using Local data cache path C:/Users/blued/AppData/Local/UnrealEngine/Common/DerivedDataCache: Writable
[2018.11.29-10.55.34:609][  0]LogDerivedDataCache: Shared data cache path not found in *engine.ini, will not use an Shared cache.
[2018.11.29-10.55.34:609][  0]LogDerivedDataCache: Unable to find inner node Shared for hierarchical cache Hierarchy.
[2018.11.29-10.55.34:639][  0]LogMaterial: Verifying Global Shaders for PCD3D_SM5
[2018.11.29-10.55.34:641][  0]LogSlate: Using FreeType 2.6.0
[2018.11.29-10.55.34:646][  0]LogSlate: SlateFontServices - WITH_FREETYPE: 1, WITH_HARFBUZZ: 1
[2018.11.29-10.55.34:852][  0]LogAssetRegistry: FAssetRegistry took 0.0321 seconds to start up
[2018.11.29-10.55.35:391][  0]LogInit: Selected Device Profile: [Windows]
[2018.11.29-10.55.35:620][  0]LogSimplygon: Simplygon DLL not present - disabling.
[2018.11.29-10.55.35:634][  0]LogMeshReduction: Using SimplygonSwarm for distributed automatic mesh merging
[2018.11.29-10.55.35:634][  0]LogMeshReduction: Using ProxyLODMeshReduction for automatic mesh merging
[2018.11.29-10.55.35:634][  0]LogMeshReduction: Using QuadricMeshReduction for automatic static mesh reduction
[2018.11.29-10.55.35:634][  0]LogMeshReduction: No automatic skeletal mesh reduction module available
[2018.11.29-10.55.35:700][  0]LogNetVersion: TGP_Project 1.0.0, NetCL: 4212847, EngineNetVer: 5, GameNetVer: 0 (Checksum: 95638710)
[2018.11.29-10.55.36:441][  0]LogPackageLocalizationCache: Processed 11 localized package path(s) for 2 prioritized culture(s) in 0.106320 seconds
[2018.11.29-10.55.36:450][  0]LogUObjectArray: 38425 objects as part of root set at end of initial load.
[2018.11.29-10.55.36:451][  0]LogUObjectAllocator: 6690864 out of 0 bytes used by permanent object pool.
[2018.11.29-10.55.36:451][  0]LogUObjectArray: CloseDisregardForGC: 0/0 objects in disregard for GC pool
[2018.11.29-10.55.39:118][  0]LogTcpMessaging: Initializing TcpMessaging bridge
[2018.11.29-10.55.39:136][  0]LogUdpMessaging: Initializing bridge on interface 0.0.0.0:0 to multicast group 230.0.0.1:6666.
[2018.11.29-10.55.39:415][  0]SourceControl: Source control is disabled
[2018.11.29-10.55.39:416][  0]SourceControl: Source control is disabled
[2018.11.29-10.55.39:421][  0]SourceControl: Source control is disabled
[2018.11.29-10.55.39:426][  0]SourceControl: Source control is disabled
[2018.11.29-10.55.39:765][  0]LogAndroidPermission: UAndroidPermissionCallbackProxy::GetInstance
[2018.11.29-10.55.39:929][  0]LogOcInput: OculusInput pre-init called
[2018.11.29-10.55.40:036][  0]LogEngine: Initializing Engine...
[2018.11.29-10.55.40:037][  0]LogHMD: Failed to initialize OpenVR with code 110
[2018.11.29-10.55.40:040][  0]LogStats: UGameplayTagsManager::ConstructGameplayTagTree: ImportINI prefixes -  0.000 s
[2018.11.29-10.55.40:040][  0]LogStats: UGameplayTagsManager::ConstructGameplayTagTree: Construct from data asset -  0.000 s
[2018.11.29-10.55.40:041][  0]LogStats: UGameplayTagsManager::ConstructGameplayTagTree: ImportINI -  0.000 s
[2018.11.29-10.55.40:041][  0]LogStats: UGameplayTagsManager::ConstructGameplayTagTree: GameplayTagTreeChangedEvent.Broadcast -  0.000 s
[2018.11.29-10.55.40:336][  0]LogInit: Initializing FReadOnlyCVARCache
[2018.11.29-10.55.40:355][  0]LogAIModule: Creating AISystem for world Untitled
[2018.11.29-10.55.40:390][  0]LogInit: XAudio2 using 'Headphones (4- Turtle Beach Recon 60P)' : 2 channels at 48 kHz using 16 bits per sample (channel mask 0x3)
[2018.11.29-10.55.40:419][  0]LogInit: FAudioDevice initialized.
[2018.11.29-10.55.40:420][  0]LogNetVersion: Set ProjectVersion to 1.0.0.0. Version Checksum will be recalculated on next use.
[2018.11.29-10.55.40:532][  0]LogDerivedDataCache: Saved boot cache 0.11s 71MB C:/Users/blued/AppData/Local/UnrealEngine/4.20/DerivedDataCache/Boot.ddc.
[2018.11.29-10.55.40:549][  0]LogInit: Texture streaming: Enabled
[2018.11.29-10.55.40:581][  0]LogEngineSessionManager: EngineSessionManager initialized
[2018.11.29-10.55.40:595][  0]LogInit: Transaction tracking system initialized
[2018.11.29-10.55.40:642][  0]BlueprintLog: New page: Editor Load
[2018.11.29-10.55.40:797][  0]LocalizationService: Localization service is disabled
[2018.11.29-10.55.41:221][  0]LogCook: Display: Max memory allowance for cook 16384mb min free memory 0mb
[2018.11.29-10.55.41:222][  0]LogCook: Display: Mobile HDR setting 1
[2018.11.29-10.55.41:222][  0]LogGameplayTags: Display: UGameplayTagsManager::DoneAddingNativeTags. DelegateIsBound: 0
[2018.11.29-10.55.41:222][  0]LogStats: UGameplayTagsManager::ConstructGameplayTagTree: ImportINI prefixes -  0.000 s
[2018.11.29-10.55.41:222][  0]LogStats: UGameplayTagsManager::ConstructGameplayTagTree: Construct from data asset -  0.000 s
[2018.11.29-10.55.41:222][  0]LogStats: UGameplayTagsManager::ConstructGameplayTagTree: ImportINI -  0.000 s
[2018.11.29-10.55.41:223][  0]LogStats: UGameplayTagsManager::ConstructGameplayTagTree: GameplayTagTreeChangedEvent.Broadcast -  0.000 s
[2018.11.29-10.55.41:508][  0]LogFileCache: Scanning file cache for directory 'D:/GitHub/TGP_PairProject/TGP_Project/Content/' took 0.02s
[2018.11.29-10.55.41:508][  0]SourceControl: Source control is disabled
[2018.11.29-10.55.41:509][  0]Cmd: MAP LOAD FILE="D:/GitHub/TGP_PairProject/TGP_Project/Content/BaseLevel.umap" TEMPLATE=0 SHOWPROGRESS=1 FEATURELEVEL=3
[2018.11.29-10.55.41:509][  0]LogEditorServer: Warning: Can't find file 'D:/GitHub/TGP_PairProject/TGP_Project/Content/BaseLevel.umap'
[2018.11.29-10.55.41:509][  0]Cmd: MAP CHECKDEP NOCLEARLOG
[2018.11.29-10.55.41:712][  0]MapCheck: Map check complete: 0 Error(s), 0 Warning(s), took 202.548ms to complete.
[2018.11.29-10.55.41:712][  0]LogFileHelpers: Loading map 'BaseLevel' took 0.204
[2018.11.29-10.55.41:994][  0]LogSlate: Updating window title bar state: overlay mode, drag disabled, window buttons hidden, title bar hidden
[2018.11.29-10.55.42:008][  0]LogSlate: Updating window title bar state: overlay mode, drag disabled, window buttons hidden, title bar hidden
[2018.11.29-10.55.42:020][  0]LogSlate: Updating window title bar state: overlay mode, drag disabled, window buttons hidden, title bar hidden
[2018.11.29-10.55.42:032][  0]LogSlate: Updating window title bar state: overlay mode, drag disabled, window buttons hidden, title bar hidden
[2018.11.29-10.55.42:044][  0]LogCollectionManager: Loaded 0 collections in 0.001572 seconds
[2018.11.29-10.55.42:141][  0]LogFileCache: Scanning file cache for directory 'D:/GitHub/TGP_PairProject/TGP_Project/Saved/Collections/' took 0.01s
[2018.11.29-10.55.42:141][  0]LogFileCache: Scanning file cache for directory 'D:/GitHub/TGP_PairProject/TGP_Project/Content/Developers/blued/Collections/' took 0.01s
[2018.11.29-10.55.42:141][  0]LogFileCache: Scanning file cache for directory 'D:/GitHub/TGP_PairProject/TGP_Project/Content/Collections/' took 0.01s
[2018.11.29-10.55.42:141][  0]LogCollectionManager: Rebuilt the GUID cache for 0 collections in 0.000000 seconds
[2018.11.29-10.55.42:161][  0]LogContentBrowser: Native class hierarchy populated in 0.0200 seconds. Added 2580 classes and 606 folders.
[2018.11.29-10.55.42:172][  0]LogContentBrowser: Native class hierarchy updated for 'WidgetCarousel' in 0.0004 seconds. Added 0 classes and 0 folders.
[2018.11.29-10.55.42:301][  0]LogContentBrowser: Native class hierarchy updated for 'AddContentDialog' in 0.0004 seconds. Added 0 classes and 0 folders.
[2018.11.29-10.55.42:312][  0]LogContentBrowser: Native class hierarchy updated for 'SceneOutliner' in 0.0004 seconds. Added 1 classes and 2 folders.
[2018.11.29-10.55.42:393][  0]LogSlate: Took 0.001108 seconds to synchronously load lazily loaded font '../../../Engine/Content/Slate/Fonts/Roboto-Regular.ttf' (155K)
[2018.11.29-10.55.42:397][  0]LogSlate: Took 0.001009 seconds to synchronously load lazily loaded font '../../../Engine/Content/Slate/Fonts/Roboto-Bold.ttf' (160K)
[2018.11.29-10.55.42:408][  0]LogSlate: Took 0.001203 seconds to synchronously load lazily loaded font '../../../Engine/Content/Editor/Slate/Fonts/FontAwesome.ttf' (139K)
[2018.11.29-10.55.42:538][  0]LogRenderer: Reallocating scene render targets to support 1208x552 Format 10 NumSamples 1 (Frame:1).
[2018.11.29-10.55.42:732][  0]LogContentBrowser: Native class hierarchy updated for 'HierarchicalLODOutliner' in 0.0004 seconds. Added 0 classes and 0 folders.
[2018.11.29-10.55.42:732][  0]LogLoad: (Engine Initialization) Total time: 15.37 seconds
[2018.11.29-10.55.42:733][  0]LogLoad: (Engine Initialization) Total Blueprint compile time: 0.00 seconds
[2018.11.29-10.55.42:743][  0]LogWindowsTextInputMethodSystem: Display: IME system now deactivated.
[2018.11.29-10.55.42:766][  0]LogContentStreaming: Texture pool size now 1000 MB
[2018.11.29-10.55.42:855][  2]LogAssetRegistry: Asset discovery search completed in 8.0278 seconds
[2018.11.29-10.55.42:857][  2]LogCollectionManager: Rebuilt the object cache for 0 collections in 0.000000 seconds (found 0 objects)
[2018.11.29-10.55.42:857][  2]LogCollectionManager: Fixed up redirectors for 0 collections in 0.000196 seconds (updated 0 objects)
[2018.11.29-10.55.47:122][ 33]LogSlate: Took 0.000751 seconds to synchronously load lazily loaded font '../../../Engine/Content/Slate/Fonts/Roboto-Light.ttf' (167K)
[2018.11.29-10.55.47:463][ 35]LogSlate: FSceneViewport::OnFocusLost() reason 0
[2018.11.29-10.55.48:909][162]LogSlate: Took 0.000558 seconds to synchronously load lazily loaded font '../../../Engine/Content/Slate/Fonts/Roboto-Light.ttf' (167K)
[2018.11.29-10.55.48:965][162]LogAIModule: Creating AISystem for world BaseLevel
[2018.11.29-10.55.48:978][162]LogAssetEditorManager: Opening Asset editor for World /Game/Levels/BaseLevel.BaseLevel
[2018.11.29-10.55.49:110][162]Cmd: MAP LOAD FILE="D:/GitHub/TGP_PairProject/TGP_Project/Content/Levels/BaseLevel.umap" TEMPLATE=0 SHOWPROGRESS=1 FEATURELEVEL=3
[2018.11.29-10.55.49:111][162]LightingResults: New page: Lighting Build
[2018.11.29-10.55.49:114][162]LogContentBrowser: Native class hierarchy updated for 'StatsViewer' in 0.0005 seconds. Added 5 classes and 0 folders.
[2018.11.29-10.55.49:115][162]LoadErrors: New page: Loading map: BaseLevel.umap
[2018.11.29-10.55.49:116][162]MapCheck: New page: Map Check
[2018.11.29-10.55.49:116][162]LightingResults: New page: Lighting Build
[2018.11.29-10.55.49:323][162]LogEditorServer: Finished looking for orphan Actors (0.000 secs)
[2018.11.29-10.55.49:490][162]Cmd: MAP CHECKDEP NOCLEARLOG
[2018.11.29-10.55.49:638][162]MapCheck: Map check complete: 0 Error(s), 0 Warning(s), took 148.507ms to complete.
[2018.11.29-10.55.49:639][162]LogFileHelpers: Loading map 'BaseLevel' took 0.530
[2018.11.29-10.55.56:216][683]LogSlate: Window 'Delete Assets' being destroyed
[2018.11.29-10.55.59:253][ 38]LogAssetEditorManager: Opening Asset editor for Blueprint /Game/Blueprints/BP_Civilian.BP_Civilian
[2018.11.29-10.56.00:035][ 38]LogContentBrowser: Native class hierarchy updated for 'BlueprintGraph' in 0.0013 seconds. Added 116 classes and 0 folders.
[2018.11.29-10.56.02:839][192]LogAssetEditorManager: Opening Asset editor for Blueprint /Game/Blueprints/BP_Civilian.BP_Civilian
[2018.11.29-10.56.04:420][299]LogAssetEditorManager: Opening Asset editor for Blueprint /Game/Blueprints/BP_Bodyguard.BP_Bodyguard
[2018.11.29-10.56.06:372][446]LogAssetEditorManager: Opening Asset editor for Blueprint /Game/Blueprints/BP_Bodyguard.BP_Bodyguard
[2018.11.29-10.56.06:820][446]LogSlate: Took 0.001005 seconds to synchronously load lazily loaded font '../../../Engine/Content/Slate/Fonts/Roboto-BoldCondensed.ttf' (158K)
[2018.11.29-10.56.18:890][865]BlueprintLog: New page: Compile BP_Civilian
[2018.11.29-10.56.42:757][662]BlueprintLog: New page: Compile BP_Bodyguard
[2018.11.29-10.56.44:978][880]LogSlate: Took 0.000954 seconds to synchronously load lazily loaded font '../../../Engine/Content/Slate/Fonts/Roboto-Italic.ttf' (157K)
[2018.11.29-10.57.15:622][158]Cmd: OBJ SAVEPACKAGE PACKAGE="/Game/Levels/BaseLevel" FILE="D:/GitHub/TGP_PairProject/TGP_Project/Content/Levels/BaseLevel.umap" SILENT=true AUTOSAVING=false KEEPDIRTY=false
[2018.11.29-10.57.15:804][158]LogSavePackage: Moving 'D:/GitHub/TGP_PairProject/TGP_Project/Saved/BaseLevel4C2A0B45404185288EC8729AA24B7E88.tmp' to 'D:/GitHub/TGP_PairProject/TGP_Project/Content/Levels/BaseLevel.umap'
[2018.11.29-10.57.15:853][158]Cmd: OBJ SAVEPACKAGE PACKAGE="/Game/Levels/BaseLevel_BuiltData" FILE="D:/GitHub/TGP_PairProject/TGP_Project/Content/Levels/BaseLevel_BuiltData.uasset" SILENT=true
[2018.11.29-10.57.15:886][158]LogSavePackage: Moving 'D:/GitHub/TGP_PairProject/TGP_Project/Saved/BaseLevel_BuiltData788ECD134CC73DE64CE6C7A5791D16AB.tmp' to 'D:/GitHub/TGP_PairProject/TGP_Project/Content/Levels/BaseLevel_BuiltData.uasset'
[2018.11.29-10.57.18:826][458]MapCheck: New page: Map Check
[2018.11.29-10.57.18:884][458]Cmd: MAP REBUILD ALLVISIBLE
[2018.11.29-10.57.18:886][458]LogEditorServer: Rebuildmap Clear paths rebuilt
[2018.11.29-10.57.19:159][458]LogMaterial: Display: Missing cached shader map for material FDebugViewModeMaterialProxy WorldGridMaterial, compiling. Is special engine material.
[2018.11.29-10.57.19:170][458]LogMaterial: Display: Missing cached shader map for material FDebugViewModeMaterialProxy BasicShapeMaterial, compiling. 
[2018.11.29-10.57.19:995][458]LogShaderCompilers: Display: Shaders left to compile 1
[2018.11.29-10.57.19:995][458]LogShaderCompilers: Display: Shaders left to compile 1
[2018.11.29-10.57.19:995][458]TextureStreamingBuild: Display: Compiling optional shaders took 0.844 seconds.
[2018.11.29-10.57.19:999][458]LogLevel: Display: Export Material TexCoord Scales took 0.003 seconds.
[2018.11.29-10.57.20:013][458]TextureStreamingBuild: Display: Build Texture Streaming took 0.013 seconds.
[2018.11.29-10.57.20:134][458]LightingResults: New page: Lighting Build - 29 Nov 2018 10:57:20
[2018.11.29-10.57.20:255][458]LogSwarmInterface: [OpenConnection] Registering TCP channel ...
[2018.11.29-10.57.20:393][458]LogSwarmInterface: [OpenConnection] Connecting to agent ...
[2018.11.29-10.57.20:469][458]LogSwarmInterface: [TryOpenConnection] Testing the Agent
[2018.11.29-10.57.21:009][458]LogSwarmInterface: [TryOpenConnection] Opening Connection to Agent
[2018.11.29-10.57.21:009][458]LogSwarmInterface: [TryOpenConnection] Local Process ID is 2676
[2018.11.29-10.57.25:826][458]LogStaticLightingSystem: Warning: No importance volume found, so the scene bounding box was used.  You can optimize your scene's quality and lighting build times by adding importance volumes.
[2018.11.29-10.57.25:827][458]LogStaticLightingSystem: Running Lightmass w/ ImmediateImport mode ENABLED
[2018.11.29-10.57.25:827][458]LogStaticLightingSystem: Running Lightmass w/ ImmediateProcess mode ENABLED
[2018.11.29-10.57.25:827][458]LogStaticLightingSystem: Running Lightmass w/ Sorting mode ENABLED
[2018.11.29-10.57.25:827][458]LogStaticLightingSystem: Running Lightmass w/ Mapping paddings ENABLED
[2018.11.29-10.57.25:828][458]LogStaticLightingSystem: Running Lightmass w/ Mapping debug paddings DISABLED
[2018.11.29-10.57.25:999][458]Cmd: MAP CHECK DONTDISPLAYDIALOG
[2018.11.29-10.57.26:000][458]MapCheck: New page: BaseLevel - 29 Nov 2018 10:57:26
[2018.11.29-10.57.26:163][458]MapCheck: Map check complete: 0 Error(s), 0 Warning(s), took 163.744ms to complete.
[2018.11.29-10.57.26:190][458]LogEditorBuildUtils: Build time 0:07
[2018.11.29-10.57.28:132][463]Job is a success!
[2018.11.29-10.57.28:629][464]LogVolumetricLightmapImport: Imported Volumetric Lightmap in 0.033s
[2018.11.29-10.57.28:630][464]LogVolumetricLightmapImport:      Indirection Texture 16x16x16 = 0.0Mb
[2018.11.29-10.57.28:630][464]LogVolumetricLightmapImport:      BrickData 80x5x5 = 0.1Mb
[2018.11.29-10.57.28:630][464]LogVolumetricLightmapImport:      Bricks at Level
[2018.11.29-10.57.28:630][464]LogVolumetricLightmapImport:          0: 6.3% covering 100.0% of volume
[2018.11.29-10.57.28:631][464]LogVolumetricLightmapImport:          1: 6.3% covering 1.6% of volume
[2018.11.29-10.57.28:631][464]LogVolumetricLightmapImport:          2: 87.5% covering 0.3% of volume
[2018.11.29-10.57.28:678][464]LogTexture: Display: Building textures: HQ_Lightmap1_1 (AutoDXT, 128X128)
[2018.11.29-10.57.28:679][464]LogTexture: Display: Building textures: HQ_Lightmap0_2 (AutoDXT, 128X128)
[2018.11.29-10.57.28:679][464]LogTexture: Display: Building textures: LQ_Lightmap_0_2 (DXT1, 128X128)
[2018.11.29-10.57.28:679][464]LogTexture: Display: Building textures: LQ_Lightmap_1_1 (DXT1, 128X128)
[2018.11.29-10.57.28:680][464]LogTexture: Display: Building textures: ShadowMapTexture2D_1 (G8, 128X64)
[2018.11.29-10.57.28:680][464]LogTexture: Display: Building textures: ShadowMapTexture2D_2 (G8, 128X8)
[2018.11.29-10.57.28:716][464]Lightmass on DESKTOP-JAN50R2: 1.51 sec total, 108 ms importing, 4 ms setup, 397 ms photons, 952 ms processing, 0 ms extra exporting [14/14 mappings]. Threads: 6.49 sec total, 111 ms processing.
[2018.11.29-10.57.28:854][464]LogStaticLightingSystem: Illumination: 8.34 sec (18 ms encoding lightmaps, 6 ms encoding shadowmaps)
[2018.11.29-10.57.28:854][464]LogStaticLightingSystem: Lightmap texture memory:  0.1 MB (0.0 MB streaming, 0.0 MB non-streaming), 4 textures
[2018.11.29-10.57.28:854][464]LogStaticLightingSystem: Shadowmap texture memory: 0.0 MB (0.0 MB streaming, 0.0 MB non-streaming), 2 textures
[2018.11.29-10.57.29:850][464]DumpUnbuiltLightIteractions
[2018.11.29-10.57.29:850][464]Lights with unbuilt interactions: 0
[2018.11.29-10.57.29:850][464]
[2018.11.29-10.57.29:850][464]Primitives with unbuilt interactions: 0
[2018.11.29-10.57.29:916][465]Cmd: MAP CHECK NOTIFYRESULTS
[2018.11.29-10.57.29:916][465]MapCheck: New page: BaseLevel - 29 Nov 2018 10:57:29
[2018.11.29-10.57.30:085][465]MapCheck: Map check complete: 0 Error(s), 0 Warning(s), took 169.152ms to complete.
[2018.11.29-10.58.22:865][876]LogTemp: Repeating last play command: Simulate
[2018.11.29-10.58.22:901][876]LogPlayLevel: PlayLevel: No blueprints needed recompiling
[2018.11.29-10.58.22:916][876]PIE: New page: SIE session: BaseLevel (29 Nov 2018 10:58:22)
[2018.11.29-10.58.22:917][876]LogPlayLevel: Creating play world package: /Game/Levels/UEDPIE_0_BaseLevel
[2018.11.29-10.58.22:927][876]LogPlayLevel: PIE: StaticDuplicateObject took: (0.010074s)
[2018.11.29-10.58.22:928][876]LogAIModule: Creating AISystem for world BaseLevel
[2018.11.29-10.58.22:928][876]LogPlayLevel: PIE: World Init took: (0.001221s)
[2018.11.29-10.58.22:929][876]LogPlayLevel: PIE: Created PIE world by copying editor world from /Game/Levels/BaseLevel.BaseLevel to /Game/Levels/UEDPIE_0_BaseLevel.BaseLevel (0.011909s)
[2018.11.29-10.58.23:093][876]LogInit: XAudio2 using 'Headphones (4- Turtle Beach Recon 60P)' : 2 channels at 48 kHz using 16 bits per sample (channel mask 0x3)
[2018.11.29-10.58.23:108][876]LogInit: FAudioDevice initialized.
[2018.11.29-10.58.23:195][876]LogLoad: Game class is 'GameModeTemp_C'
[2018.11.29-10.58.23:198][876]LogWorld: Bringing World /Game/Levels/UEDPIE_0_BaseLevel.BaseLevel up for play (max tick rate 0) at 2018.11.29-10.58.23
[2018.11.29-10.58.23:199][876]LogWorld: Bringing up level for play took: 0.001974
[2018.11.29-10.58.23:218][876]LogContentBrowser: Native class hierarchy updated for 'MovieSceneCapture' in 0.0005 seconds. Added 10 classes and 0 folders.
[2018.11.29-10.58.23:218][876]LogGameMode: Display: Match State Changed from EnteringMap to WaitingToStart
