Log file open, 01/04/19 20:48:05
LogWindows: Failed to load 'aqProf.dll' (GetLastError=126)
LogWindows: File 'aqProf.dll' does not exist
LogWindows: Failed to load 'VSPerf140.dll' (GetLastError=126)
LogWindows: File 'VSPerf140.dll' does not exist
LogWindows: Failed to load 'VtuneApi.dll' (GetLastError=126)
LogWindows: File 'VtuneApi.dll' does not exist
LogWindows: Failed to load 'VtuneApi32e.dll' (GetLastError=126)
LogWindows: File 'VtuneApi32e.dll' does not exist
LogInit: Display: Running engine for game: TGP_Project
LogPlatformFile: Not using cached read wrapper
LogTaskGraph: Started task graph with 5 named threads and 14 total threads with 3 sets of task threads.
LogStats: Stats thread started at 0.342941
LogD3D11RHI: Loaded GFSDK_Aftermath_Lib.x64.dll
LogICUInternationalization: Display: ICU TimeZone Detection - Raw Offset: +0:00, Platform Override: ''
LogPluginManager: Mounting plugin Paper2D
LogPluginManager: Mounting plugin AISupport
LogPluginManager: Mounting plugin LightPropagationVolume
LogPluginManager: Mounting plugin CLionSourceCodeAccess
LogPluginManager: Mounting plugin CodeLiteSourceCodeAccess
LogPluginManager: Mounting plugin GitSourceControl
LogPluginManager: Mounting plugin KDevelopSourceCodeAccess
LogPluginManager: Mounting plugin NullSourceCodeAccess
LogPluginManager: Mounting plugin PerforceSourceControl
LogPluginManager: Mounting plugin SubversionSourceControl
LogPluginManager: Mounting plugin UObjectPlugin
LogPluginManager: Mounting plugin VisualStudioCodeSourceCodeAccess
LogPluginManager: Mounting plugin VisualStudioSourceCodeAccess
LogPluginManager: Mounting plugin XCodeSourceCodeAccess
LogPluginManager: Mounting plugin AssetManagerEditor
LogPluginManager: Mounting plugin CryptoKeys
LogPluginManager: Mounting plugin DataValidation
LogPluginManager: Mounting plugin FacialAnimation
LogPluginManager: Mounting plugin GameplayTagsEditor
LogPluginManager: Mounting plugin MacGraphicsSwitching
LogPluginManager: Mounting plugin MeshEditor
LogPluginManager: Mounting plugin MobileLauncherProfileWizard
LogPluginManager: Mounting plugin PluginBrowser
LogPluginManager: Mounting plugin SpeedTreeImporter
LogPluginManager: Mounting plugin DatasmithContent
LogPluginManager: Mounting plugin AlembicImporter
LogPluginManager: Mounting plugin AppleImageUtils
LogPluginManager: Mounting plugin AppleVision
LogPluginManager: Mounting plugin BackChannel
LogPluginManager: Mounting plugin CharacterAI
LogPluginManager: Mounting plugin GeometryCache
LogPluginManager: Mounting plugin HTML5Networking
LogPluginManager: Mounting plugin ProxyLODPlugin
LogPluginManager: Mounting plugin MagicLeap
LogPluginManager: Mounting plugin MagicLeapEmulator
LogPluginManager: Mounting plugin MagicLeapMedia
LogPluginManager: Mounting plugin AndroidMedia
LogPluginManager: Mounting plugin AvfMedia
LogPluginManager: Mounting plugin ImgMedia
LogPluginManager: Mounting plugin LinearTimecode
LogPluginManager: Mounting plugin MediaCompositing
LogPluginManager: Mounting plugin MediaPlayerEditor
LogPluginManager: Mounting plugin WmfMedia
LogPluginManager: Mounting plugin TcpMessaging
LogPluginManager: Mounting plugin UdpMessaging
LogPluginManager: Mounting plugin ActorSequence
LogPluginManager: Mounting plugin LevelSequenceEditor
LogPluginManager: Mounting plugin MatineeToLevelSequence
LogPluginManager: Mounting plugin NetcodeUnitTest
LogPluginManager: Mounting plugin NUTUnrealEngine4
LogPluginManager: Mounting plugin OnlineSubsystemGooglePlay
LogPluginManager: Mounting plugin OnlineSubsystemIOS
LogPluginManager: Mounting plugin OnlineSubsystem
LogPluginManager: Mounting plugin OnlineSubsystemNull
LogPluginManager: Mounting plugin OnlineSubsystemUtils
LogPluginManager: Mounting plugin LauncherChunkInstaller
LogPluginManager: Mounting plugin AndroidDeviceProfileSelector
LogPluginManager: Mounting plugin AndroidMoviePlayer
LogPluginManager: Mounting plugin AndroidPermission
LogPluginManager: Mounting plugin AppleMoviePlayer
LogPluginManager: Mounting plugin ArchVisCharacter
LogPluginManager: Mounting plugin AudioCapture
LogPluginManager: Mounting plugin CableComponent
LogPluginManager: Mounting plugin CustomMeshComponent
LogPluginManager: Mounting plugin EditableMesh
LogPluginManager: Mounting plugin ExampleDeviceProfileSelector
LogPluginManager: Mounting plugin GoogleCloudMessaging
LogPluginManager: Mounting plugin ImmediatePhysics
LogPluginManager: Mounting plugin IOSDeviceProfileSelector
LogPluginManager: Mounting plugin LinuxDeviceProfileSelector
LogPluginManager: Mounting plugin LocationServicesBPLibrary
LogPluginManager: Mounting plugin MobilePatchingUtils
LogPluginManager: Mounting plugin OculusVR
LogPluginManager: Plugin shader directory ../../../Engine/Plugins/Runtime/Oculus/OculusVR/Shaders found
LogPluginManager: Mapping shader source directory ../../../Engine/Plugins/Runtime/Oculus/OculusVR/Shaders to virtual directory /Plugin/OculusVR
LogPluginManager: Mounting plugin PhysXVehicles
LogPluginManager: Mounting plugin ProceduralMeshComponent
LogPluginManager: Mounting plugin RuntimePhysXCooking
LogPluginManager: Mounting plugin SteamVR
LogPluginManager: Mounting plugin WindowsMoviePlayer
LogStreaming: Display: Took  0.145s to configure plugins.
LogInit: Using libcurl 7.55.1-DEV
LogInit:  - built for x86_64-pc-win32
LogInit:  - supports SSL with OpenSSL/1.0.2h
LogInit:  - supports HTTP deflate (compression) using libz 1.2.8
LogInit:  - other features:
LogInit:      CURL_VERSION_SSL
LogInit:      CURL_VERSION_LIBZ
LogInit:      CURL_VERSION_IPV6
LogInit:      CURL_VERSION_ASYNCHDNS
LogInit:      CURL_VERSION_LARGEFILE
LogInit:      CURL_VERSION_IDN
LogInit:  CurlRequestOptions (configurable via config and command line):
LogInit:  - bVerifyPeer = false  - Libcurl will NOT verify peer certificate
LogInit:  - bUseHttpProxy = false  - Libcurl will NOT use HTTP proxy
LogInit:  - bDontReuseConnections = false  - Libcurl will reuse connections
LogInit:  - CertBundlePath = nullptr  - Libcurl will use whatever was configured at build time.
LogInit:  - MaxHostConnections = 16  - Libcurl will limit the number of connections to a host
LogInit:  - LocalHostAddr = Default
LogInit:  - BufferSize = 65536
LogInit: WinSock: version 1.1 (2.2), MaxSocks=32767, MaxUdp=65467
LogInit: Build: ++UE4+Release-4.20-CL-4369336
LogInit: Engine Version: 4.20.3-4369336+++UE4+Release-4.20
LogInit: Compatible Engine Version: 4.20.0-4212847+++UE4+Release-4.20
LogInit: Net CL: 4212847
LogInit: OS: Windows 10 (), CPU: Intel(R) Core(TM) i5-4590 CPU @ 3.30GHz, GPU: NVIDIA GeForce GTX 1060 6GB
LogInit: Compiled (64-bit): Sep 17 2018 12:26:19
LogInit: Compiled with Visual C++: 19.13.26129.00
LogInit: Build Configuration: Development
LogInit: Branch Name: ++UE4+Release-4.20
LogInit: Command Line:  -skipcompile
LogInit: Base Directory: C:/Program Files/Epic Games/UE_4.20/Engine/Binaries/Win64/
LogInit: Installed Engine Build: 1
LogDevObjectVersion: Number of dev versions registered: 20
LogDevObjectVersion:   Dev-Blueprints (B0D832E4-1F89-4F0D-ACCF-7EB736FD4AA2): 10
LogDevObjectVersion:   Dev-Build (E1C64328-A22C-4D53-A36C-8E866417BD8C): 0
LogDevObjectVersion:   Dev-Core (375EC13C-06E4-48FB-B500-84F0262A717E): 2
LogDevObjectVersion:   Dev-Editor (E4B068ED-F494-42E9-A231-DA0B2E46BB41): 24
LogDevObjectVersion:   Dev-Framework (CFFC743F-43B0-4480-9391-14DF171D2073): 34
LogDevObjectVersion:   Dev-Mobile (B02B49B5-BB20-44E9-A304-32B752E40360): 2
LogDevObjectVersion:   Dev-Networking (A4E4105C-59A1-49B5-A7C5-40C4547EDFEE): 0
LogDevObjectVersion:   Dev-Online (39C831C9-5AE6-47DC-9A44-9C173E1C8E7C): 0
LogDevObjectVersion:   Dev-Physics (78F01B33-EBEA-4F98-B9B4-84EACCB95AA2): 0
LogDevObjectVersion:   Dev-Platform (6631380F-2D4D-43E0-8009-CF276956A95A): 0
LogDevObjectVersion:   Dev-Rendering (12F88B9F-8875-4AFC-A67C-D90C383ABD29): 26
LogDevObjectVersion:   Dev-Sequencer (7B5AE74C-D270-4C10-A958-57980B212A5A): 9
LogDevObjectVersion:   Dev-VR (D7296918-1DD6-4BDD-9DE2-64A83CC13884): 2
LogDevObjectVersion:   Dev-LoadTimes (C2A15278-BFE7-4AFE-6C17-90FF531DF755): 1
LogDevObjectVersion:   Private-Geometry (6EACA3D4-40EC-4CC1-B786-8BED09428FC5): 3
LogDevObjectVersion:   Dev-AnimPhys (29E575DD-E0A3-4627-9D10-D276232CDCEA): 17
LogDevObjectVersion:   Dev-ReflectionCapture (6B266CEC-1EC7-4B8F-A30B-E4D90942FC07): 1
LogDevObjectVersion:   Dev-Automation (0DF73D61-A23F-47EA-B727-89E90C41499A): 1
LogDevObjectVersion:   FortniteMain (601D1886-AC64-4F84-AA16-D3DE0DEAC7D6): 12
LogDevObjectVersion:   Dev-Enterprise (9DFFBCD6-494F-0158-E221-12823C92A888): 1
LogStreaming: Display: Took  0.001s to delete old logs.
LogInit: Presizing for max 8388607 objects, including 0 objects not considered by GC, pre-allocating 0 bytes for permanent pool.
LogInit: Object subsystem initialized
[2019.01.04-20.48.05:989][  0]LogInit: Selected Device Profile: [Windows]
[2019.01.04-20.48.06:004][  0]LogInit: Applying CVar settings loaded from the selected device profile: [Windows]
[2019.01.04-20.48.06:020][  0]LogHAL: Display: Platform has ~ 16 GB [17009229824 / 17179869184 / 16], which maps to Larger [LargestMinGB=32, LargerMinGB=12, DefaultMinGB=8, SmallerMinGB=6, SmallestMinGB=0)
[2019.01.04-20.48.06:020][  0]LogInit: Setting Device Profile CVar: [[r.Vulkan.UseRealUBs:1]]
[2019.01.04-20.48.06:020][  0]LogInit: Going up to parent DeviceProfile []
[2019.01.04-20.48.06:022][  0]LogInit: Computer: GROUNDZERO
[2019.01.04-20.48.06:022][  0]LogInit: User: TDSSK
[2019.01.04-20.48.06:022][  0]LogInit: CPU Page size=4096, Cores=4
[2019.01.04-20.48.06:022][  0]LogInit: High frequency timer resolution =3.222657 MHz
[2019.01.04-20.48.06:022][  0]LogMemory: Memory total: Physical=15.8GB (16GB approx)
[2019.01.04-20.48.06:022][  0]LogMemory: Platform Memory Stats for Windows
[2019.01.04-20.48.06:022][  0]LogMemory: Process Physical Memory: 102.62 MB used, 102.62 MB peak
[2019.01.04-20.48.06:022][  0]LogMemory: Process Virtual Memory: 96.39 MB used, 96.39 MB peak
[2019.01.04-20.48.06:022][  0]LogMemory: Physical Memory: 9016.43 MB used,  7204.84 MB free, 16221.27 MB total
[2019.01.04-20.48.06:022][  0]LogMemory: Virtual Memory: 536.43 MB used,  7204.84 MB free, 134217728.00 MB total
[2019.01.04-20.48.06:130][  0]LogInit: Using OS detected language (en-GB).
[2019.01.04-20.48.06:130][  0]LogInit: Using OS detected locale (en-GB).
[2019.01.04-20.48.06:131][  0]LogTextLocalizationManager: No specific localization for 'en-GB' exists, so the 'en' localization will be used.
[2019.01.04-20.48.06:494][  0]LogStreaming: Display: Took  0.363s to InitEngineTextLocalization.
[2019.01.04-20.48.06:494][  0]LogInit: Setting process to per monitor DPI aware
[2019.01.04-20.48.06:536][  0]LogSlate: New Slate User Created.  User Index 0, Is Virtual User: 0
[2019.01.04-20.48.06:536][  0]LogSlate: Slate User Registered.  User Index 0, Is Virtual User: 0
[2019.01.04-20.48.06:788][  0]LogHMD: Failed to initialize OpenVR with code 110
[2019.01.04-20.48.06:788][  0]LogD3D11RHI: D3D11 adapters:
[2019.01.04-20.48.06:887][  0]LogD3D11RHI:    0. 'NVIDIA GeForce GTX 1060 6GB' (Feature Level 11_0)
[2019.01.04-20.48.06:887][  0]LogD3D11RHI:       6052/0/8110 MB DedicatedVideo/DedicatedSystem/SharedSystem, Outputs:1, VendorId:0x10de
[2019.01.04-20.48.06:901][  0]LogD3D11RHI:    1. 'Intel(R) HD Graphics 4600' (Feature Level 11_0)
[2019.01.04-20.48.06:901][  0]LogD3D11RHI:       112/0/2048 MB DedicatedVideo/DedicatedSystem/SharedSystem, Outputs:0, VendorId:0x8086
[2019.01.04-20.48.06:907][  0]LogD3D11RHI:    2. 'Microsoft Basic Render Driver' (Feature Level 11_0)
[2019.01.04-20.48.06:907][  0]LogD3D11RHI:       0/0/8110 MB DedicatedVideo/DedicatedSystem/SharedSystem, Outputs:0, VendorId:0x1414
[2019.01.04-20.48.06:907][  0]LogD3D11RHI: Chosen D3D11 Adapter: 0
[2019.01.04-20.48.06:919][  0]LogD3D11RHI: Creating new Direct3DDevice
[2019.01.04-20.48.06:919][  0]LogD3D11RHI:     GPU DeviceId: 0x1c03 (for the marketing name, search the web for "GPU Device Id")
[2019.01.04-20.48.06:919][  0]LogWindows: EnumDisplayDevices:
[2019.01.04-20.48.06:919][  0]LogWindows:    0. 'NVIDIA GeForce GTX 1060 6GB' (P:1 D:1)
[2019.01.04-20.48.06:920][  0]LogWindows:    1. 'NVIDIA GeForce GTX 1060 6GB' (P:0 D:0)
[2019.01.04-20.48.06:920][  0]LogWindows:    2. 'NVIDIA GeForce GTX 1060 6GB' (P:0 D:0)
[2019.01.04-20.48.06:921][  0]LogWindows:    3. 'NVIDIA GeForce GTX 1060 6GB' (P:0 D:0)
[2019.01.04-20.48.06:921][  0]LogWindows:    4. 'Intel(R) HD Graphics 4600' (P:0 D:0)
[2019.01.04-20.48.06:922][  0]LogWindows:    5. 'Intel(R) HD Graphics 4600' (P:0 D:0)
[2019.01.04-20.48.06:923][  0]LogWindows:    6. 'Intel(R) HD Graphics 4600' (P:0 D:0)
[2019.01.04-20.48.06:923][  0]LogWindows: DebugString: PrimaryIsNotTheChoosenAdapter PrimaryIsNotTheChoosenAdapter PrimaryIsNotTheChoosenAdapter FoundDriverCount:4 
[2019.01.04-20.48.06:923][  0]LogD3D11RHI:     Adapter Name: NVIDIA GeForce GTX 1060 6GB
[2019.01.04-20.48.06:923][  0]LogD3D11RHI:   Driver Version: 397.64 (internal:24.21.13.9764, unified:397.64)
[2019.01.04-20.48.06:923][  0]LogD3D11RHI:      Driver Date: 5-7-2018
[2019.01.04-20.48.06:923][  0]LogRHI: Texture pool is 4236 MB (70% of 6052 MB)
[2019.01.04-20.48.06:985][  0]LogD3D11RHI: Async texture creation enabled
[2019.01.04-20.48.07:043][  0]LogD3D11RHI: GPU Timing Frequency: 1000.000000 (Debug: 2 2)
[2019.01.04-20.48.07:045][  0]LogShaderCompilers: Guid format shader working directory is -2 characters bigger than the processId version (D:/Documents/GitHub/TGP_PairProject/TGP_Project/Intermediate/Shaders/WorkingDirectory/12296/).
[2019.01.04-20.48.07:046][  0]LogShaderCompilers: Cleaned the shader compiler working directory 'C:/Users/TDSSK/AppData/Local/Temp/UnrealShaderWorkingDir/25643936431D31FE113E6390ED2D6F31/'.
[2019.01.04-20.48.07:325][  0]LogTemp: Display: Loaded TP AllDesktopTargetPlatform
[2019.01.04-20.48.07:342][  0]LogTemp: Display: Loaded TP MacClientTargetPlatform
[2019.01.04-20.48.07:359][  0]LogTemp: Display: Loaded TP MacNoEditorTargetPlatform
[2019.01.04-20.48.07:376][  0]LogTemp: Display: Loaded TP MacServerTargetPlatform
[2019.01.04-20.48.07:393][  0]LogTemp: Display: Loaded TP MacTargetPlatform
[2019.01.04-20.48.07:410][  0]LogTemp: Display: Loaded TP WindowsClientTargetPlatform
[2019.01.04-20.48.07:427][  0]LogTemp: Display: Loaded TP WindowsNoEditorTargetPlatform
[2019.01.04-20.48.07:444][  0]LogTemp: Display: Loaded TP WindowsServerTargetPlatform
[2019.01.04-20.48.07:454][  0]LogTemp: Display: Loaded TP WindowsTargetPlatform
[2019.01.04-20.48.07:534][  0]LogTemp: Display: Loaded TP AndroidTargetPlatform
[2019.01.04-20.48.07:534][  0]LogTemp: Display: Loaded TP AndroidTargetPlatform
[2019.01.04-20.48.07:534][  0]LogTemp: Display: Loaded TP AndroidTargetPlatform
[2019.01.04-20.48.07:534][  0]LogTemp: Display: Loaded TP AndroidTargetPlatform
[2019.01.04-20.48.07:534][  0]LogTemp: Display: Loaded TP AndroidTargetPlatform
[2019.01.04-20.48.07:534][  0]LogTemp: Display: Loaded TP AndroidTargetPlatform
[2019.01.04-20.48.07:534][  0]LogTemp: Display: Loaded TP AndroidTargetPlatform
[2019.01.04-20.48.07:534][  0]LogTemp: Display: Loaded TP AndroidTargetPlatform
[2019.01.04-20.48.07:534][  0]LogTemp: Display: Loaded TP AndroidTargetPlatform
[2019.01.04-20.48.07:534][  0]LogTemp: Display: Loaded TP AndroidTargetPlatform
[2019.01.04-20.48.07:534][  0]LogTemp: Display: Loaded TP AndroidTargetPlatform
[2019.01.04-20.48.07:535][  0]LogTemp: Display: Loaded TP AndroidTargetPlatform
[2019.01.04-20.48.07:535][  0]LogTemp: Display: Loaded TP AndroidTargetPlatform
[2019.01.04-20.48.07:535][  0]LogTemp: Display: Loaded TP AndroidTargetPlatform
[2019.01.04-20.48.07:535][  0]LogTemp: Display: Loaded TP AndroidTargetPlatform
[2019.01.04-20.48.07:535][  0]LogTemp: Display: Loaded TP AndroidTargetPlatform
[2019.01.04-20.48.07:535][  0]LogTemp: Display: Loaded TP AndroidTargetPlatform
[2019.01.04-20.48.07:535][  0]LogTemp: Display: Loaded TP AndroidTargetPlatform
[2019.01.04-20.48.07:538][  0]LogTemp: Display: Loaded TP HTML5TargetPlatform
[2019.01.04-20.48.07:610][  0]LogTemp: Display: Loaded TP IOSTargetPlatform
[2019.01.04-20.48.07:610][  0]LogTemp: Display: Loaded TP IOSTargetPlatform
[2019.01.04-20.48.07:638][  0]LogTemp: Display: Loaded TP TVOSTargetPlatform
[2019.01.04-20.48.07:639][  0]LogTemp: Display: Loaded TP TVOSTargetPlatform
[2019.01.04-20.48.07:653][  0]LogTemp: Display: Loaded TP LinuxClientTargetPlatform
[2019.01.04-20.48.07:668][  0]LogTemp: Display: Loaded TP LinuxNoEditorTargetPlatform
[2019.01.04-20.48.07:683][  0]LogTemp: Display: Loaded TP LinuxServerTargetPlatform
[2019.01.04-20.48.07:699][  0]LogTemp: Display: Loaded TP LinuxTargetPlatform
[2019.01.04-20.48.07:710][  0]LogTemp: Display: Loaded TP LuminTargetPlatform
[2019.01.04-20.48.07:710][  0]LogTargetPlatformManager: Display: Building Assets For Windows
[2019.01.04-20.48.07:838][  0]LogXGEController: Cleaning working directory: C:/Users/TDSSK/AppData/Local/Temp/UnrealXGEWorkingDir/
[2019.01.04-20.48.07:838][  0]LogXGEController: Cannot use XGE Controller as Incredibuild is not installed on this machine.
[2019.01.04-20.48.07:838][  0]LogShaderCompilers: Cannot use XGE Shader Compiler as Incredibuild is not installed on this machine.
[2019.01.04-20.48.07:838][  0]LogShaderCompilers: Display: Using Local Shader Compiler.
[2019.01.04-20.48.08:712][  0]LogDerivedDataCache: Display: Max Cache Size: 512 MB
[2019.01.04-20.48.08:798][  0]LogDerivedDataCache: Loaded boot cache 0.09s 71MB C:/Users/TDSSK/AppData/Local/UnrealEngine/4.20/DerivedDataCache/Boot.ddc.
[2019.01.04-20.48.08:799][  0]LogDerivedDataCache: Display: Loaded Boot cache: C:/Users/TDSSK/AppData/Local/UnrealEngine/4.20/DerivedDataCache/Boot.ddc
[2019.01.04-20.48.08:799][  0]LogDerivedDataCache: FDerivedDataBackendGraph:  Pak pak cache file D:/Documents/GitHub/TGP_PairProject/TGP_Project/DerivedDataCache/DDC.ddp not found, will not use a pak cache.
[2019.01.04-20.48.08:799][  0]LogDerivedDataCache: Unable to find inner node Pak for hierarchical cache Hierarchy.
[2019.01.04-20.48.08:799][  0]LogDerivedDataCache: FDerivedDataBackendGraph:  CompressedPak pak cache file D:/Documents/GitHub/TGP_PairProject/TGP_Project/DerivedDataCache/Compressed.ddp not found, will not use a pak cache.
[2019.01.04-20.48.08:799][  0]LogDerivedDataCache: Unable to find inner node CompressedPak for hierarchical cache Hierarchy.
[2019.01.04-20.48.08:811][  0]LogDerivedDataCache: Display: Pak cache opened for reading ../../../Engine/DerivedDataCache/Compressed.ddp.
[2019.01.04-20.48.08:826][  0]LogDerivedDataCache: Using Local data cache path C:/Users/TDSSK/AppData/Local/UnrealEngine/Common/DerivedDataCache: Writable
[2019.01.04-20.48.08:826][  0]LogDerivedDataCache: Shared data cache path not found in *engine.ini, will not use an Shared cache.
[2019.01.04-20.48.08:826][  0]LogDerivedDataCache: Unable to find inner node Shared for hierarchical cache Hierarchy.
[2019.01.04-20.48.08:846][  0]LogMaterial: Verifying Global Shaders for PCD3D_SM5
[2019.01.04-20.48.08:848][  0]LogSlate: Using FreeType 2.6.0
[2019.01.04-20.48.08:868][  0]LogSlate: SlateFontServices - WITH_FREETYPE: 1, WITH_HARFBUZZ: 1
[2019.01.04-20.48.10:211][  0]LogAssetRegistry: FAssetRegistry took 0.0325 seconds to start up
[2019.01.04-20.48.10:542][  0]LogInit: Selected Device Profile: [Windows]
[2019.01.04-20.48.10:767][  0]LogSimplygon: Simplygon DLL not present - disabling.
[2019.01.04-20.48.10:775][  0]LogMeshReduction: Using SimplygonSwarm for distributed automatic mesh merging
[2019.01.04-20.48.10:775][  0]LogMeshReduction: Using ProxyLODMeshReduction for automatic mesh merging
[2019.01.04-20.48.10:775][  0]LogMeshReduction: Using QuadricMeshReduction for automatic static mesh reduction
[2019.01.04-20.48.10:776][  0]LogMeshReduction: No automatic skeletal mesh reduction module available
[2019.01.04-20.48.10:792][  0]LogNetVersion: TGP_Project 1.0.0, NetCL: 4212847, EngineNetVer: 5, GameNetVer: 0 (Checksum: 95638710)
[2019.01.04-20.48.11:354][  0]LogPackageLocalizationCache: Processed 11 localized package path(s) for 2 prioritized culture(s) in 0.085771 seconds
[2019.01.04-20.48.11:360][  0]LogUObjectArray: 38425 objects as part of root set at end of initial load.
[2019.01.04-20.48.11:360][  0]LogUObjectAllocator: 6690872 out of 0 bytes used by permanent object pool.
[2019.01.04-20.48.11:360][  0]LogUObjectArray: CloseDisregardForGC: 0/0 objects in disregard for GC pool
[2019.01.04-20.48.15:478][  0]LogTcpMessaging: Initializing TcpMessaging bridge
[2019.01.04-20.48.15:493][  0]LogUdpMessaging: Initializing bridge on interface 0.0.0.0:0 to multicast group 230.0.0.1:6666.
[2019.01.04-20.48.15:682][  0]SourceControl: Source control is disabled
[2019.01.04-20.48.15:682][  0]SourceControl: Source control is disabled
[2019.01.04-20.48.15:685][  0]SourceControl: Source control is disabled
[2019.01.04-20.48.15:688][  0]SourceControl: Source control is disabled
[2019.01.04-20.48.15:951][  0]LogAndroidPermission: UAndroidPermissionCallbackProxy::GetInstance
[2019.01.04-20.48.16:181][  0]LogOcInput: OculusInput pre-init called
[2019.01.04-20.48.16:250][  0]LogEngine: Initializing Engine...
[2019.01.04-20.48.16:251][  0]LogHMD: Failed to initialize OpenVR with code 110
[2019.01.04-20.48.16:253][  0]LogStats: UGameplayTagsManager::ConstructGameplayTagTree: ImportINI prefixes -  0.000 s
[2019.01.04-20.48.16:253][  0]LogStats: UGameplayTagsManager::ConstructGameplayTagTree: Construct from data asset -  0.000 s
[2019.01.04-20.48.16:253][  0]LogStats: UGameplayTagsManager::ConstructGameplayTagTree: ImportINI -  0.000 s
[2019.01.04-20.48.16:253][  0]LogStats: UGameplayTagsManager::ConstructGameplayTagTree: GameplayTagTreeChangedEvent.Broadcast -  0.000 s
[2019.01.04-20.48.16:460][  0]LogInit: Initializing FReadOnlyCVARCache
[2019.01.04-20.48.16:481][  0]LogAIModule: Creating AISystem for world Untitled
[2019.01.04-20.48.16:614][  0]LogInit: XAudio2 using 'Speakers (Realtek High Definition Audio)' : 2 channels at 48 kHz using 32 bits per sample (channel mask 0x3)
[2019.01.04-20.48.16:683][  0]LogInit: FAudioDevice initialized.
[2019.01.04-20.48.16:684][  0]LogNetVersion: Set ProjectVersion to 1.0.0.0. Version Checksum will be recalculated on next use.
[2019.01.04-20.48.16:870][  0]LogDerivedDataCache: Saved boot cache 0.19s 71MB C:/Users/TDSSK/AppData/Local/UnrealEngine/4.20/DerivedDataCache/Boot.ddc.
[2019.01.04-20.48.16:883][  0]LogInit: Texture streaming: Enabled
[2019.01.04-20.48.16:924][  0]LogEngineSessionManager: EngineSessionManager initialized
[2019.01.04-20.48.16:941][  0]LogInit: Transaction tracking system initialized
[2019.01.04-20.48.16:994][  0]BlueprintLog: New page: Editor Load
[2019.01.04-20.48.17:149][  0]LocalizationService: Localization service is disabled
[2019.01.04-20.48.17:464][  0]LogCook: Display: Max memory allowance for cook 16384mb min free memory 0mb
[2019.01.04-20.48.17:464][  0]LogCook: Display: Mobile HDR setting 1
[2019.01.04-20.48.17:464][  0]LogGameplayTags: Display: UGameplayTagsManager::DoneAddingNativeTags. DelegateIsBound: 0
[2019.01.04-20.48.17:464][  0]LogStats: UGameplayTagsManager::ConstructGameplayTagTree: ImportINI prefixes -  0.000 s
[2019.01.04-20.48.17:464][  0]LogStats: UGameplayTagsManager::ConstructGameplayTagTree: Construct from data asset -  0.000 s
[2019.01.04-20.48.17:465][  0]LogStats: UGameplayTagsManager::ConstructGameplayTagTree: ImportINI -  0.000 s
[2019.01.04-20.48.17:465][  0]LogStats: UGameplayTagsManager::ConstructGameplayTagTree: GameplayTagTreeChangedEvent.Broadcast -  0.000 s
[2019.01.04-20.48.17:652][  0]LogFileCache: Scanning file cache for directory 'D:/Documents/GitHub/TGP_PairProject/TGP_Project/Content/' took 0.01s
[2019.01.04-20.48.17:652][  0]SourceControl: Source control is disabled
[2019.01.04-20.48.17:652][  0]Cmd: MAP LOAD FILE="D:/Documents/GitHub/TGP_PairProject/TGP_Project/Content/Levels/BaseLevel.umap" TEMPLATE=0 SHOWPROGRESS=1 FEATURELEVEL=3
[2019.01.04-20.48.17:653][  0]LightingResults: New page: Lighting Build
[2019.01.04-20.48.17:657][  0]MapCheck: New page: Map Check
[2019.01.04-20.48.17:657][  0]LightingResults: New page: Lighting Build
[2019.01.04-20.48.17:860][  0]LogAIModule: Creating AISystem for world BaseLevel
[2019.01.04-20.48.17:867][  0]LogEditorServer: Finished looking for orphan Actors (0.000 secs)
[2019.01.04-20.48.17:889][  0]Cmd: MAP CHECKDEP NOCLEARLOG
[2019.01.04-20.48.18:009][  0]MapCheck: Map check complete: 0 Error(s), 0 Warning(s), took 120.465ms to complete.
[2019.01.04-20.48.18:009][  0]LogFileHelpers: Loading map 'BaseLevel' took 0.357
[2019.01.04-20.48.18:112][  0]LogSlate: Updating window title bar state: overlay mode, drag disabled, window buttons hidden, title bar hidden
[2019.01.04-20.48.18:123][  0]LogSlate: Updating window title bar state: overlay mode, drag disabled, window buttons hidden, title bar hidden
[2019.01.04-20.48.18:133][  0]LogSlate: Updating window title bar state: overlay mode, drag disabled, window buttons hidden, title bar hidden
[2019.01.04-20.48.18:141][  0]LogSlate: Updating window title bar state: overlay mode, drag disabled, window buttons hidden, title bar hidden
[2019.01.04-20.48.18:152][  0]LogCollectionManager: Loaded 0 collections in 0.003141 seconds
[2019.01.04-20.48.18:198][  0]LogFileCache: Scanning file cache for directory 'D:/Documents/GitHub/TGP_PairProject/TGP_Project/Saved/Collections/' took 0.01s
[2019.01.04-20.48.18:198][  0]LogFileCache: Scanning file cache for directory 'D:/Documents/GitHub/TGP_PairProject/TGP_Project/Content/Developers/TDSSK/Collections/' took 0.01s
[2019.01.04-20.48.18:198][  0]LogFileCache: Scanning file cache for directory 'D:/Documents/GitHub/TGP_PairProject/TGP_Project/Content/Collections/' took 0.01s
[2019.01.04-20.48.18:199][  0]LogCollectionManager: Rebuilt the GUID cache for 0 collections in 0.000000 seconds
[2019.01.04-20.48.18:208][  0]LogContentBrowser: Native class hierarchy populated in 0.0096 seconds. Added 2586 classes and 606 folders.
[2019.01.04-20.48.18:218][  0]LogContentBrowser: Native class hierarchy updated for 'WidgetCarousel' in 0.0003 seconds. Added 0 classes and 0 folders.
[2019.01.04-20.48.18:290][  0]LogContentBrowser: Native class hierarchy updated for 'AddContentDialog' in 0.0003 seconds. Added 0 classes and 0 folders.
[2019.01.04-20.48.18:298][  0]LogContentBrowser: Native class hierarchy updated for 'SceneOutliner' in 0.0004 seconds. Added 1 classes and 2 folders.
[2019.01.04-20.48.18:313][  0]LogSlate: Took 0.000536 seconds to synchronously load lazily loaded font '../../../Engine/Content/Slate/Fonts/Roboto-Regular.ttf' (155K)
[2019.01.04-20.48.18:316][  0]LogSlate: Took 0.000495 seconds to synchronously load lazily loaded font '../../../Engine/Content/Slate/Fonts/Roboto-Bold.ttf' (160K)
[2019.01.04-20.48.18:320][  0]LogSlate: Took 0.000425 seconds to synchronously load lazily loaded font '../../../Engine/Content/Editor/Slate/Fonts/FontAwesome.ttf' (139K)
[2019.01.04-20.48.18:402][  0]LogRenderer: Reallocating scene render targets to support 1208x600 Format 10 NumSamples 1 (Frame:1).
[2019.01.04-20.48.18:453][  0]LogSlate: Took 0.000549 seconds to synchronously load lazily loaded font '../../../Engine/Content/Slate/Fonts/Roboto-Light.ttf' (167K)
[2019.01.04-20.48.18:584][  0]LogContentBrowser: Native class hierarchy updated for 'HierarchicalLODOutliner' in 0.0004 seconds. Added 0 classes and 0 folders.
[2019.01.04-20.48.18:584][  0]LogLoad: (Engine Initialization) Total time: 15.02 seconds
[2019.01.04-20.48.18:584][  0]LogLoad: (Engine Initialization) Total Blueprint compile time: 0.00 seconds
[2019.01.04-20.48.18:605][  0]LogWindowsTextInputMethodSystem: Display: IME system now deactivated.
[2019.01.04-20.48.18:662][  0]LogContentStreaming: Texture pool size now 1000 MB
[2019.01.04-20.48.18:705][  1]LogFileCache: Retrieving MD5 hashes for directory 'D:/Documents/GitHub/TGP_PairProject/TGP_Project/Content/' took 0.09s
[2019.01.04-20.48.18:723][  1]LogAssetRegistry: Asset discovery search completed in 8.5360 seconds
[2019.01.04-20.48.18:725][  1]LogCollectionManager: Rebuilt the object cache for 0 collections in 0.000000 seconds (found 0 objects)
[2019.01.04-20.48.18:725][  1]LogCollectionManager: Fixed up redirectors for 0 collections in 0.000152 seconds (updated 0 objects)
[2019.01.04-20.52.06:645][343]LogSlate: FSceneViewport::OnFocusLost() reason 0
[2019.01.04-20.53.53:536][730]LogSlate: FSceneViewport::OnFocusLost() reason 0
[2019.01.04-20.53.53:594][737]LogTemp: Repeating last play command: Selected Viewport
[2019.01.04-20.53.53:611][737]LogPlayLevel: PlayLevel: No blueprints needed recompiling
[2019.01.04-20.53.53:625][737]PIE: New page: PIE session: BaseLevel (4 Jan 2019 20:53:53)
[2019.01.04-20.53.53:625][737]LogPlayLevel: Creating play world package: /Game/Levels/UEDPIE_0_BaseLevel
[2019.01.04-20.53.53:629][737]LogPlayLevel: PIE: StaticDuplicateObject took: (0.003557s)
[2019.01.04-20.53.53:630][737]LogAIModule: Creating AISystem for world BaseLevel
[2019.01.04-20.53.53:630][737]LogPlayLevel: PIE: World Init took: (0.000909s)
[2019.01.04-20.53.53:630][737]LogPlayLevel: PIE: Created PIE world by copying editor world from /Game/Levels/BaseLevel.BaseLevel to /Game/Levels/UEDPIE_0_BaseLevel.BaseLevel (0.004836s)
[2019.01.04-20.53.53:681][737]LogInit: XAudio2 using 'Speakers (Realtek High Definition Audio)' : 2 channels at 48 kHz using 32 bits per sample (channel mask 0x3)
[2019.01.04-20.53.53:705][737]LogInit: FAudioDevice initialized.
[2019.01.04-20.53.53:751][737]LogLoad: Game class is 'GM_GAME_C'
[2019.01.04-20.53.53:753][737]LogWorld: Bringing World /Game/Levels/UEDPIE_0_BaseLevel.BaseLevel up for play (max tick rate 0) at 2019.01.04-20.53.53
[2019.01.04-20.53.53:755][737]LogWorld: Bringing up level for play took: 0.002396
[2019.01.04-20.53.53:776][737]LogContentBrowser: Native class hierarchy updated for 'MovieSceneCapture' in 0.0004 seconds. Added 10 classes and 0 folders.
[2019.01.04-20.53.53:777][737]LogBlueprintUserMessages: [EntranceToRestictedArea_2] yeet
[2019.01.04-20.53.53:777][737]LogBlueprintUserMessages: [EntranceToRestictedArea2] yeet
[2019.01.04-20.53.53:780][737]PIE: Play in editor start time for /Game/Levels/UEDPIE_0_BaseLevel 0.432
[2019.01.04-20.53.57:794][216]LogSlate: Updating window title bar state: overlay mode, drag disabled, window buttons hidden, title bar hidden
[2019.01.04-20.53.57:831][216]LogPlayLevel: Display: Shutting down PIE online subsystems
[2019.01.04-20.53.57:852][216]LogSlate: Updating window title bar state: overlay mode, drag disabled, window buttons hidden, title bar hidden
[2019.01.04-20.53.57:897][221]LogPlayLevel: Display: Destroying online subsystem :Context_4
[2019.01.04-20.54.01:347][625]LogSlate: Took 0.000361 seconds to synchronously load lazily loaded font '../../../Engine/Content/Slate/Fonts/Roboto-Light.ttf' (167K)
[2019.01.04-20.54.01:354][625]LogAssetEditorManager: Opening Asset editor for WidgetBlueprint /Game/Widget_Target.Widget_Target
[2019.01.04-20.54.01:830][625]LogContentBrowser: Native class hierarchy updated for 'BlueprintGraph' in 0.0007 seconds. Added 116 classes and 0 folders.
[2019.01.04-20.54.02:595][625]LogSlate: Took 0.000222 seconds to synchronously load lazily loaded font '../../../Engine/Content/Slate/Fonts/Roboto-BoldCondensed.ttf' (158K)
[2019.01.04-20.54.20:873][125]LogUObjectHash: Warning: Ambiguous search, could be SizeBox /Game/Widget_Target.Widget_Target:WidgetTree.SizeBox_28 or SizeBox /Engine/Transient.WidgetTree:SizeBox_28
[2019.01.04-20.54.20:874][125]LogUObjectHash: Warning: Ambiguous search, could be SizeBox /Game/Widget_Target.Widget_Target:WidgetTree.SizeBox_28 or SizeBox /Game/Widget_Target.Widget_Target_C:WidgetTree.SizeBox_28
[2019.01.04-20.54.20:874][125]LogUObjectHash: Warning: Ambiguous search, could be SizeBox /Game/Widget_Target.Widget_Target:WidgetTree.SizeBox_28 or SizeBox /Engine/Transient.World_4:Widget_Target_C_0.WidgetTree_0.SizeBox_28
[2019.01.04-20.54.20:874][125]LogUObjectHash: Warning: Ambiguous search, could be SizeBox /Game/Widget_Target.Widget_Target:WidgetTree.SizeBox_28 or SizeBox /Engine/Transient.World_4:Widget_Target_C_1.WidgetTree_0.SizeBox_28
[2019.01.04-20.54.20:874][125]LogUObjectHash: Warning: Ambiguous search, could be SizeBox /Game/Widget_Target.Widget_Target:WidgetTree.SizeBox_28 or SizeBox /Engine/Transient.REINST_SKEL_Widget_Target_C_6:WidgetTree.SizeBox_28
[2019.01.04-20.54.20:874][125]LogUObjectHash: Warning: Ambiguous search, could be SizeBox /Game/Widget_Target.Widget_Target:WidgetTree.SizeBox_28 or SizeBox /Engine/Transient.World_4:Widget_Target_C_2.WidgetTree_0.SizeBox_28
[2019.01.04-20.54.20:874][125]LogUObjectHash: Warning: Ambiguous search, could be SizeBox /Game/Widget_Target.Widget_Target:WidgetTree.SizeBox_28 or SizeBox /Engine/Transient.World_4:Widget_Target_C_3.WidgetTree_0.SizeBox_28
[2019.01.04-20.54.20:874][125]LogUObjectHash: Warning: Ambiguous search, could be SizeBox /Game/Widget_Target.Widget_Target:WidgetTree.SizeBox_28 or SizeBox /Engine/Transient.World_4:Widget_Target_C_4.WidgetTree_0.SizeBox_28
[2019.01.04-20.54.20:874][125]LogUObjectHash: Warning: Ambiguous search, could be SizeBox /Game/Widget_Target.Widget_Target:WidgetTree.SizeBox_28 or SizeBox /Engine/Transient.World_4:Widget_Target_C_5.WidgetTree_0.SizeBox_28
[2019.01.04-20.54.20:874][125]LogProperty: Warning: Illegal TEXT reference to a private object in external package (SizeBoxSlot /Game/Widget_Target.Widget_Target:WidgetTree.SizeBox_28.SizeBoxSlot_0) from referencer (VerticalBox /Engine/UMG/Editor/Transient.VerticalBox_0).  Import failed...
[2019.01.04-20.54.20:874][125]LogProperty: Warning: ObjectProperty /Script/UMG.Widget:Slot: unresolved reference to 'SizeBoxSlot'"SizeBox_28.SizeBoxSlot_0"''
[2019.01.04-20.54.29:723][741]LogUObjectHash: Warning: Ambiguous search, could be Overlay /Engine/Transient.Overlay_1 or Overlay /Engine/Transient.WidgetTree:Overlay_1
[2019.01.04-20.54.29:723][741]LogUObjectHash: Warning: Ambiguous search, could be Overlay /Engine/Transient.Overlay_1 or Overlay /Game/Widget_Target.Widget_Target_C:WidgetTree.Overlay_1
[2019.01.04-20.54.29:723][741]LogUObjectHash: Warning: Ambiguous search, could be Overlay /Engine/Transient.Overlay_1 or Overlay /Engine/Transient.World_4:Widget_Target_C_0.WidgetTree_0.Overlay_1
[2019.01.04-20.54.29:724][741]LogUObjectHash: Warning: Ambiguous search, could be Overlay /Engine/Transient.Overlay_1 or Overlay /Engine/Transient.World_4:Widget_Target_C_1.WidgetTree_0.Overlay_1
[2019.01.04-20.54.29:724][741]LogUObjectHash: Warning: Ambiguous search, could be Overlay /Engine/Transient.Overlay_1 or Overlay /Engine/Transient.REINST_SKEL_Widget_Target_C_6:WidgetTree.Overlay_1
[2019.01.04-20.54.29:724][741]LogUObjectHash: Warning: Ambiguous search, could be Overlay /Engine/Transient.Overlay_1 or Overlay /Engine/Transient.World_4:Widget_Target_C_2.WidgetTree_0.Overlay_1
[2019.01.04-20.54.29:724][741]LogUObjectHash: Warning: Ambiguous search, could be Overlay /Engine/Transient.Overlay_1 or Overlay /Engine/Transient.World_4:Widget_Target_C_3.WidgetTree_0.Overlay_1
[2019.01.04-20.54.29:724][741]LogUObjectHash: Warning: Ambiguous search, could be Overlay /Engine/Transient.Overlay_1 or Overlay /Engine/Transient.World_4:Widget_Target_C_6.WidgetTree_0.Overlay_1
[2019.01.04-20.54.29:724][741]LogUObjectHash: Warning: Ambiguous search, could be Overlay /Engine/Transient.Overlay_1 or Overlay /Game/Widget_Target.Widget_Target:WidgetTree.Overlay_1
[2019.01.04-20.54.29:724][741]LogUObjectHash: Warning: Ambiguous search, could be OverlaySlot /Game/Widget_Target.Widget_Target:WidgetTree.Overlay_1.OverlaySlot_0 or OverlaySlot /Engine/Transient.World_4:Widget_Target_C_6.WidgetTree_0.Overlay_1.OverlaySlot_0
[2019.01.04-20.54.29:724][741]LogProperty: Warning: Illegal TEXT reference to a private object in external package (OverlaySlot /Game/Widget_Target.Widget_Target:WidgetTree.Overlay_1.OverlaySlot_0) from referencer (Image /Engine/UMG/Editor/Transient.Target_Image).  Import failed...
[2019.01.04-20.54.29:724][741]LogProperty: Warning: ObjectProperty /Script/UMG.Widget:Slot: unresolved reference to 'OverlaySlot'"Overlay_1.OverlaySlot_0"''
[2019.01.04-20.54.39:059][391]LogSlate: Window 'Color Picker' being destroyed
[2019.01.04-20.54.47:821][ 51]BlueprintLog: New page: Compile Widget_Target
[2019.01.04-20.54.48:865][128]LogSlate: Window 'Widget_Target*' being destroyed
[2019.01.04-20.54.49:871][246]LogTemp: Repeating last play command: Selected Viewport
[2019.01.04-20.54.49:891][246]LogPlayLevel: PlayLevel: No blueprints needed recompiling
[2019.01.04-20.54.49:891][246]PIE: New page: PIE session: BaseLevel (4 Jan 2019 20:54:49)
[2019.01.04-20.54.49:891][246]LogPlayLevel: Creating play world package: /Game/Levels/UEDPIE_0_BaseLevel
[2019.01.04-20.54.49:895][246]LogPlayLevel: PIE: StaticDuplicateObject took: (0.003464s)
[2019.01.04-20.54.49:896][246]LogAIModule: Creating AISystem for world BaseLevel
[2019.01.04-20.54.49:896][246]LogPlayLevel: PIE: World Init took: (0.000857s)
[2019.01.04-20.54.49:896][246]LogPlayLevel: PIE: Created PIE world by copying editor world from /Game/Levels/BaseLevel.BaseLevel to /Game/Levels/UEDPIE_0_BaseLevel.BaseLevel (0.004704s)
[2019.01.04-20.54.49:955][246]LogInit: XAudio2 using 'Speakers (Realtek High Definition Audio)' : 2 channels at 48 kHz using 32 bits per sample (channel mask 0x3)
[2019.01.04-20.54.49:977][246]LogInit: FAudioDevice initialized.
[2019.01.04-20.54.50:009][246]LogLoad: Game class is 'GM_GAME_C'
[2019.01.04-20.54.50:010][246]LogWorld: Bringing World /Game/Levels/UEDPIE_0_BaseLevel.BaseLevel up for play (max tick rate 0) at 2019.01.04-20.54.50
[2019.01.04-20.54.50:011][246]LogWorld: Bringing up level for play took: 0.001633
[2019.01.04-20.54.50:025][246]LogBlueprintUserMessages: [EntranceToRestictedArea_2] yeet
[2019.01.04-20.54.50:025][246]LogBlueprintUserMessages: [EntranceToRestictedArea2] yeet
[2019.01.04-20.54.50:027][246]PIE: Play in editor start time for /Game/Levels/UEDPIE_0_BaseLevel 0.679
[2019.01.04-20.54.52:286][516]LogSlate: FSceneViewport::OnFocusLost() reason 0
[2019.01.04-20.54.52:345][523]LogSlate: Updating window title bar state: overlay mode, drag disabled, window buttons hidden, title bar hidden
[2019.01.04-20.54.52:379][523]LogPlayLevel: Display: Shutting down PIE online subsystems
[2019.01.04-20.54.52:409][523]LogSlate: Updating window title bar state: overlay mode, drag disabled, window buttons hidden, title bar hidden
[2019.01.04-20.54.52:450][527]LogPlayLevel: Display: Destroying online subsystem :Context_7
[2019.01.04-20.55.00:274][453]LogSlate: Window 'Color Picker' being destroyed
[2019.01.04-20.55.01:254][569]BlueprintLog: New page: Compile Widget_Target
[2019.01.04-20.55.02:770][737]LogTemp: Repeating last play command: Selected Viewport
[2019.01.04-20.55.02:790][737]LogPlayLevel: PlayLevel: No blueprints needed recompiling
[2019.01.04-20.55.02:790][737]PIE: New page: PIE session: BaseLevel (4 Jan 2019 20:55:02)
[2019.01.04-20.55.02:790][737]LogPlayLevel: Creating play world package: /Game/Levels/UEDPIE_0_BaseLevel
[2019.01.04-20.55.02:794][737]LogPlayLevel: PIE: StaticDuplicateObject took: (0.003146s)
[2019.01.04-20.55.02:794][737]LogAIModule: Creating AISystem for world BaseLevel
[2019.01.04-20.55.02:794][737]LogPlayLevel: PIE: World Init took: (0.000721s)
[2019.01.04-20.55.02:795][737]LogPlayLevel: PIE: Created PIE world by copying editor world from /Game/Levels/BaseLevel.BaseLevel to /Game/Levels/UEDPIE_0_BaseLevel.BaseLevel (0.004296s)
[2019.01.04-20.55.02:855][737]LogInit: XAudio2 using 'Speakers (Realtek High Definition Audio)' : 2 channels at 48 kHz using 32 bits per sample (channel mask 0x3)
[2019.01.04-20.55.02:879][737]LogInit: FAudioDevice initialized.
[2019.01.04-20.55.02:911][737]LogLoad: Game class is 'GM_GAME_C'
[2019.01.04-20.55.02:912][737]LogWorld: Bringing World /Game/Levels/UEDPIE_0_BaseLevel.BaseLevel up for play (max tick rate 0) at 2019.01.04-20.55.02
[2019.01.04-20.55.02:913][737]LogWorld: Bringing up level for play took: 0.001648
[2019.01.04-20.55.02:926][737]LogBlueprintUserMessages: [EntranceToRestictedArea_2] yeet
[2019.01.04-20.55.02:927][737]LogBlueprintUserMessages: [EntranceToRestictedArea2] yeet
[2019.01.04-20.55.02:928][737]PIE: Play in editor start time for /Game/Levels/UEDPIE_0_BaseLevel -0.419
[2019.01.04-20.55.07:467][281]LogBlueprintUserMessages: [EntranceToRestictedArea2] yeet
[2019.01.04-20.55.08:067][353]LogBlueprintUserMessages: [EntranceToRestictedArea_2] yeet
[2019.01.04-20.55.09:056][466]LogBlueprintUserMessages: [EntranceToRestictedArea_2] yeet
[2019.01.04-20.55.09:323][498]LogBlueprintUserMessages: [EntranceToRestictedArea_2] yeet
[2019.01.04-20.55.10:673][660]LogBlueprintUserMessages: [EntranceToRestictedArea_2] yeet
[2019.01.04-20.55.13:912][ 46]LogSlate: FSceneViewport::OnFocusLost() reason 0
[2019.01.04-20.55.13:980][ 54]LogNet: Browse: /Game/Levels/MainMenu
[2019.01.04-20.55.13:980][ 54]LogLoad: LoadMap: /Game/Levels/MainMenu
[2019.01.04-20.55.14:014][ 54]LogLinker: Warning: Can't find file '/Game/Levels/MainMenu_BuiltData'
[2019.01.04-20.55.14:014][ 54]LogLinker: Warning: Can't find file for asset '/Game/Levels/MainMenu_BuiltData' while loading D:/Documents/GitHub/TGP_PairProject/TGP_Project/Content/Levels/MainMenu.umap.
[2019.01.04-20.55.14:015][ 54]LoadErrors: Error: /Game/Levels/MainMenu : Can't find file for asset. /Game/Levels/MainMenu_BuiltData
[2019.01.04-20.55.14:015][ 54]LogLinker: Warning: Can't find file '/Game/Levels/MainMenu_BuiltData'
[2019.01.04-20.55.14:015][ 54]LogLinker: Warning: Can't find file for asset '/Game/Levels/MainMenu_BuiltData' while loading D:/Documents/GitHub/TGP_PairProject/TGP_Project/Content/Levels/MainMenu.umap.
[2019.01.04-20.55.14:022][ 54]LogLinker: Warning: Can't find file '/Game/Levels/MainMenu_BuiltData'
[2019.01.04-20.55.14:023][ 54]LogLinker: Warning: Can't find file for asset '/Game/Levels/MainMenu_BuiltData' while loading NULL.
[2019.01.04-20.55.14:023][ 54]LogLinker: Warning: Can't find file '/Game/Levels/MainMenu_BuiltData'
[2019.01.04-20.55.14:023][ 54]LogLinker: Warning: Can't find file for asset '/Game/Levels/MainMenu_BuiltData' while loading NULL.
[2019.01.04-20.55.14:026][ 54]LogLinker: Warning: Can't find file '/Game/Levels/MainMenu_BuiltData'
[2019.01.04-20.55.14:026][ 54]LoadErrors: Failed to load /Game/Levels/MainMenu_BuiltData.MainMenu_BuiltData Referenced by PersistentLevel
[2019.01.04-20.55.14:026][ 54]LogLinker: Warning: Can't find file for asset '/Game/Levels/MainMenu_BuiltData' while loading NULL.
[2019.01.04-20.55.14:327][ 54]LogAIModule: Creating AISystem for world MainMenu
[2019.01.04-20.55.14:327][ 54]LogLoad: Game class is 'MenuGameMode_C'
[2019.01.04-20.55.14:328][ 54]LogWorld: Bringing World /Game/Levels/UEDPIE_0_MainMenu.MainMenu up for play (max tick rate 0) at 2019.01.04-20.55.14
[2019.01.04-20.55.14:328][ 54]LogWorld: Bringing up level for play took: 0.000527
[2019.01.04-20.55.14:329][ 54]LogGameMode: FindPlayerStart: PATHS NOT DEFINED or NO PLAYERSTART with positive rating
[2019.01.04-20.55.14:330][ 54]LogLoad: Took 0.349698 seconds to LoadMap(/Game/Levels/MainMenu)
[2019.01.04-20.55.15:589][204]LogSlate: Updating window title bar state: overlay mode, drag disabled, window buttons hidden, title bar hidden
[2019.01.04-20.55.15:624][204]LogPlayLevel: Display: Shutting down PIE online subsystems
[2019.01.04-20.55.15:651][204]LogSlate: Updating window title bar state: overlay mode, drag disabled, window buttons hidden, title bar hidden
[2019.01.04-20.55.15:695][208]LogPlayLevel: Display: Destroying online subsystem :Context_8
[2019.01.04-20.55.31:110][ 44]LogAssetEditorManager: Opening Asset editor for Blueprint /Game/BasicWeapon.BasicWeapon
[2019.01.04-20.55.33:686][250]LogAssetEditorManager: Opening Asset editor for Blueprint /Game/BasicWeapon.BasicWeapon
[2019.01.04-20.56.09:945][251]LogAssetEditorManager: Opening Asset editor for Material /Game/ScatterBulletMat.ScatterBulletMat
[2019.01.04-20.56.09:947][251]LogMaterial: Display: Missing cached shader map for material ScatterBulletMat, compiling. 
[2019.01.04-20.56.10:624][251]LogMaterial: Display: Missing cached shader map for material ScatterBulletMat, compiling. 
[2019.01.04-20.56.10:645][251]LogMaterial: Display: Missing cached shader map for material ScatterBulletMat, compiling. 
[2019.01.04-20.56.10:668][251]LogShaderCompilers: Display: Shaders left to compile 21
[2019.01.04-20.56.10:669][251]LogShaderCompilers: Display: Shaders left to compile 20
[2019.01.04-20.56.10:669][251]LogShaderCompilers: Display: Shaders left to compile 19
[2019.01.04-20.56.10:698][251]LogMaterial: Display: Missing cached shader map for material FMatExpressionPreview MaterialExpressionVectorParameter_0, compiling. 
[2019.01.04-20.56.11:155][252]LogSlate: Took 0.000312 seconds to synchronously load lazily loaded font '../../../Engine/Content/Slate/Fonts/Roboto-Italic.ttf' (157K)
[2019.01.04-20.56.19:936][ 65]LogShaderCompilers: Display: Shaders left to compile 18
[2019.01.04-20.56.20:006][ 73]LogShaderCompilers: Display: Shaders left to compile 17
[2019.01.04-20.56.20:386][115]LogShaderCompilers: Display: Shaders left to compile 16
[2019.01.04-20.56.20:754][156]LogShaderCompilers: Display: Shaders left to compile 15
[2019.01.04-20.56.20:868][169]LogShaderCompilers: Display: Shaders left to compile 14
[2019.01.04-20.56.21:457][236]LogShaderCompilers: Display: Shaders left to compile 13
[2019.01.04-20.56.21:550][247]LogShaderCompilers: Display: Shaders left to compile 12
[2019.01.04-20.56.21:822][277]LogShaderCompilers: Display: Shaders left to compile 11
[2019.01.04-20.56.22:134][313]LogShaderCompilers: Display: Shaders left to compile 10
[2019.01.04-20.56.22:919][396]LogMetaData: Removing '/Game/ScatterButtle.SKEL_ScatterButtle_C' ref from Metadata '/Game/BasicWeapon_2.PackageMetaData'
[2019.01.04-20.56.22:919][396]LogMetaData: Removing '/Game/ScatterButtle.ScatterButtle_C' ref from Metadata '/Game/BasicWeapon_2.PackageMetaData'
[2019.01.04-20.56.22:955][396]Cmd: OBJ SAVEPACKAGE PACKAGE="/Game/ScatterButtle" FILE="D:/Documents/GitHub/TGP_PairProject/TGP_Project/Content/ScatterButtle.uasset" SILENT=true
[2019.01.04-20.56.22:966][396]LogSavePackage: Moving 'D:/Documents/GitHub/TGP_PairProject/TGP_Project/Saved/ScatterButtleDAD98A234893EC2D781463AEAE349EE6.tmp' to 'D:/Documents/GitHub/TGP_PairProject/TGP_Project/Content/ScatterButtle.uasset'
[2019.01.04-20.56.24:739][565]LogShaderCompilers: Display: Shaders left to compile 9
[2019.01.04-20.56.24:790][571]LogShaderCompilers: Display: Shaders left to compile 8
[2019.01.04-20.56.24:867][579]LogShaderCompilers: Display: Shaders left to compile 7
[2019.01.04-20.56.26:736][786]LogShaderCompilers: Display: Shaders left to compile 6
[2019.01.04-20.56.27:470][869]LogShaderCompilers: Display: Shaders left to compile 5
[2019.01.04-20.56.27:572][880]LogShaderCompilers: Display: Shaders left to compile 4
[2019.01.04-20.56.29:021][ 43]LogShaderCompilers: Display: Shaders left to compile 3
[2019.01.04-20.56.29:028][ 44]LogShaderCompilers: Display: Shaders left to compile 2
[2019.01.04-20.56.31:122][279]LogShaderCompilers: Display: Shaders left to compile 1
[2019.01.04-20.56.33:646][564]LogMetaData: Removing '/Game/ScatterShot.ScatterShot_C' ref from Metadata '/Game/ScatterButtle.PackageMetaData'
[2019.01.04-20.56.33:646][564]LogMetaData: Removing '/Game/ScatterShot.SKEL_ScatterShot_C' ref from Metadata '/Game/ScatterButtle.PackageMetaData'
[2019.01.04-20.56.33:661][564]Cmd: OBJ SAVEPACKAGE PACKAGE="/Game/ScatterShot" FILE="D:/Documents/GitHub/TGP_PairProject/TGP_Project/Content/ScatterShot.uasset" SILENT=true
[2019.01.04-20.56.33:669][564]LogSavePackage: Moving 'D:/Documents/GitHub/TGP_PairProject/TGP_Project/Saved/ScatterShotFBF22FDF4D2F3F1F2527C1A25C4B25C4.tmp' to 'D:/Documents/GitHub/TGP_PairProject/TGP_Project/Content/ScatterShot.uasset'
[2019.01.04-20.56.38:956][166]LogMetaData: Removing '/Game/CrossShot.CrossShot_C' ref from Metadata '/Game/ScatterShot.PackageMetaData'
[2019.01.04-20.56.38:956][166]LogMetaData: Removing '/Game/CrossShot.SKEL_CrossShot_C' ref from Metadata '/Game/ScatterShot.PackageMetaData'
[2019.01.04-20.56.38:972][166]Cmd: OBJ SAVEPACKAGE PACKAGE="/Game/CrossShot" FILE="D:/Documents/GitHub/TGP_PairProject/TGP_Project/Content/CrossShot.uasset" SILENT=true
[2019.01.04-20.56.38:980][166]LogSavePackage: Moving 'D:/Documents/GitHub/TGP_PairProject/TGP_Project/Saved/CrossShot4C96DC71422F68344E096E92DA194C4F.tmp' to 'D:/Documents/GitHub/TGP_PairProject/TGP_Project/Content/CrossShot.uasset'
[2019.01.04-20.56.47:506][146]LogMetaData: Removing '/Game/CrossShotWeapon.CrossShotWeapon_C' ref from Metadata '/Game/CrossShot.PackageMetaData'
[2019.01.04-20.56.47:506][146]LogMetaData: Removing '/Game/CrossShotWeapon.SKEL_CrossShotWeapon_C' ref from Metadata '/Game/CrossShot.PackageMetaData'
[2019.01.04-20.56.47:521][146]Cmd: OBJ SAVEPACKAGE PACKAGE="/Game/CrossShotWeapon" FILE="D:/Documents/GitHub/TGP_PairProject/TGP_Project/Content/CrossShotWeapon.uasset" SILENT=true
[2019.01.04-20.56.47:528][146]LogSavePackage: Moving 'D:/Documents/GitHub/TGP_PairProject/TGP_Project/Saved/CrossShotWeapon46A14C7A469808913FDDAF82ECB07785.tmp' to 'D:/Documents/GitHub/TGP_PairProject/TGP_Project/Content/CrossShotWeapon.uasset'
[2019.01.04-20.56.55:672][ 85]BlueprintLog: New page: Compile BasicWeapon
[2019.01.04-20.56.56:932][213]Cmd: OBJ SAVEPACKAGE PACKAGE="/Game/BasicWeapon" FILE="D:/Documents/GitHub/TGP_PairProject/TGP_Project/Content/BasicWeapon.uasset" SILENT=true
[2019.01.04-20.56.56:954][213]LogSavePackage: Moving 'D:/Documents/GitHub/TGP_PairProject/TGP_Project/Saved/BasicWeapon1C838DBB49836C8FCFFC0C8A7FA823E6.tmp' to 'D:/Documents/GitHub/TGP_PairProject/TGP_Project/Content/BasicWeapon.uasset'
[2019.01.04-20.56.59:205][472]LogAssetEditorManager: Opening Asset editor for Blueprint /Game/CrossShotWeapon.CrossShotWeapon
[2019.01.04-20.57.06:062][254]LogSlate: Prevented a slow task dialog from being summoned while a context menu was open
[2019.01.04-20.57.07:851][464]Cmd: OBJ SAVEPACKAGE PACKAGE="/Game/CrossShotWeapon" FILE="D:/Documents/GitHub/TGP_PairProject/TGP_Project/Content/CrossShotWeapon.uasset" SILENT=true
[2019.01.04-20.57.07:873][464]LogSavePackage: Moving 'D:/Documents/GitHub/TGP_PairProject/TGP_Project/Saved/CrossShotWeapon3A7A08EE4598A3C0B6D83BA911C8A980.tmp' to 'D:/Documents/GitHub/TGP_PairProject/TGP_Project/Content/CrossShotWeapon.uasset'
[2019.01.04-20.57.09:552][659]BlueprintLog: New page: Compile Widget_Target
[2019.01.04-20.57.10:051][704]Cmd: OBJ SAVEPACKAGE PACKAGE="/Game/Widget_Target" FILE="D:/Documents/GitHub/TGP_PairProject/TGP_Project/Content/Widget_Target.uasset" SILENT=true
[2019.01.04-20.57.10:084][704]LogSavePackage: Moving 'D:/Documents/GitHub/TGP_PairProject/TGP_Project/Saved/Widget_Target7A6C3DA84C1C4DFE82854BB9D989CAB0.tmp' to 'D:/Documents/GitHub/TGP_PairProject/TGP_Project/Content/Widget_Target.uasset'
[2019.01.04-20.57.17:500][584]LogSlate: FSceneViewport::OnFocusLost() reason 0
[2019.01.04-20.57.17:539][587]Cmd: OBJ SAVEPACKAGE PACKAGE="/Game/Levels/BaseLevel" FILE="D:/Documents/GitHub/TGP_PairProject/TGP_Project/Content/Levels/BaseLevel.umap" SILENT=true AUTOSAVING=false KEEPDIRTY=false
[2019.01.04-20.57.17:655][587]LogSavePackage: Moving 'D:/Documents/GitHub/TGP_PairProject/TGP_Project/Saved/BaseLevelD01FB8D44B2EDAA8B8606BB71DF22121.tmp' to 'D:/Documents/GitHub/TGP_PairProject/TGP_Project/Content/Levels/BaseLevel.umap'
[2019.01.04-20.57.21:306][ 19]LogTemp: Repeating last play command: Selected Viewport
[2019.01.04-20.57.21:331][ 19]LogPlayLevel: PlayLevel: No blueprints needed recompiling
[2019.01.04-20.57.21:331][ 19]PIE: New page: PIE session: BaseLevel (4 Jan 2019 20:57:21)
[2019.01.04-20.57.21:331][ 19]LogPlayLevel: Creating play world package: /Game/Levels/UEDPIE_0_BaseLevel
[2019.01.04-20.57.21:335][ 19]LogPlayLevel: PIE: StaticDuplicateObject took: (0.003425s)
[2019.01.04-20.57.21:335][ 19]LogAIModule: Creating AISystem for world BaseLevel
[2019.01.04-20.57.21:336][ 19]LogPlayLevel: PIE: World Init took: (0.000726s)
[2019.01.04-20.57.21:336][ 19]LogPlayLevel: PIE: Created PIE world by copying editor world from /Game/Levels/BaseLevel.BaseLevel to /Game/Levels/UEDPIE_0_BaseLevel.BaseLevel (0.004499s)
[2019.01.04-20.57.21:395][ 19]LogInit: XAudio2 using 'Speakers (Realtek High Definition Audio)' : 2 channels at 48 kHz using 32 bits per sample (channel mask 0x3)
[2019.01.04-20.57.21:417][ 19]LogInit: FAudioDevice initialized.
[2019.01.04-20.57.21:449][ 19]LogLoad: Game class is 'GM_GAME_C'
[2019.01.04-20.57.21:451][ 19]LogWorld: Bringing World /Game/Levels/UEDPIE_0_BaseLevel.BaseLevel up for play (max tick rate 0) at 2019.01.04-20.57.21
[2019.01.04-20.57.21:452][ 19]LogWorld: Bringing up level for play took: 0.001629
[2019.01.04-20.57.21:465][ 19]LogBlueprintUserMessages: [EntranceToRestictedArea_2] yeet
[2019.01.04-20.57.21:465][ 19]LogBlueprintUserMessages: [EntranceToRestictedArea2] yeet
[2019.01.04-20.57.21:467][ 19]PIE: Play in editor start time for /Game/Levels/UEDPIE_0_BaseLevel 0.119
[2019.01.04-20.57.23:876][307]LogSlate: Updating window title bar state: overlay mode, drag disabled, window buttons hidden, title bar hidden
[2019.01.04-20.57.23:910][307]LogPlayLevel: Display: Shutting down PIE online subsystems
[2019.01.04-20.57.23:940][307]LogSlate: Updating window title bar state: overlay mode, drag disabled, window buttons hidden, title bar hidden
[2019.01.04-20.57.23:982][311]LogPlayLevel: Display: Destroying online subsystem :Context_13
[2019.01.04-21.03.40:159][ 74]LogActorComponent: UnregisterComponent: (/Engine/Transient.EditorFloorComp) Not registered. Aborting.
[2019.01.04-21.03.40:228][ 74]LogSlate: Window 'TGP_Project - Unreal Editor' being destroyed
[2019.01.04-21.03.40:230][ 74]LogWindowsTextInputMethodSystem: Display: IME system now deactivated.
[2019.01.04-21.03.40:431][ 75]Cmd: QUIT_EDITOR
[2019.01.04-21.03.40:993][ 75]LogExit: Preparing to exit.
[2019.01.04-21.03.41:304][ 75]LogExit: Editor shut down
[2019.01.04-21.03.41:305][ 75]LogExit: Transaction tracking system shut down
[2019.01.04-21.03.42:042][ 75]LogExit: Object subsystem successfully closed.
[2019.01.04-21.03.42:068][ 75]LogShaderCompilers: Display: Shaders left to compile 0
[2019.01.04-21.03.42:072][ 75]LogD3D11RHI: Shutdown
[2019.01.04-21.03.42:072][ 75]LogD3D11RHI: CleanupD3DDevice
[2019.01.04-21.03.42:074][ 75]LogD3D11RHI: ~FD3D11DynamicRHI
[2019.01.04-21.03.42:103][ 75]LogModuleManager: Shutting down and abandoning module SequencerWidgets (620)
[2019.01.04-21.03.42:104][ 75]LogModuleManager: Shutting down and abandoning module BlueprintGraph (618)
[2019.01.04-21.03.42:104][ 75]LogModuleManager: Shutting down and abandoning module MovieSceneCapture (616)
[2019.01.04-21.03.42:104][ 75]LogModuleManager: Shutting down and abandoning module Voice (614)
[2019.01.04-21.03.42:104][ 75]LogModuleManager: Shutting down and abandoning module HierarchicalLODOutliner (612)
[2019.01.04-21.03.42:104][ 75]LogModuleManager: Shutting down and abandoning module SceneOutliner (610)
[2019.01.04-21.03.42:104][ 75]LogModuleManager: Shutting down and abandoning module AddContentDialog (608)
[2019.01.04-21.03.42:109][ 75]LogModuleManager: Shutting down and abandoning module WidgetCarousel (607)
[2019.01.04-21.03.42:109][ 75]LogModuleManager: Shutting down and abandoning module EditorWidgets (604)
[2019.01.04-21.03.42:109][ 75]LogModuleManager: Shutting down and abandoning module CollectionManager (602)
[2019.01.04-21.03.42:110][ 75]LogModuleManager: Shutting down and abandoning module StatsViewer (600)
[2019.01.04-21.03.42:110][ 75]LogModuleManager: Shutting down and abandoning module FoliageEdit (598)
[2019.01.04-21.03.42:110][ 75]LogModuleManager: Shutting down and abandoning module LandscapeEditor (596)
[2019.01.04-21.03.42:110][ 75]LogModuleManager: Shutting down and abandoning module MeshPaintMode (594)
[2019.01.04-21.03.42:110][ 75]LogModuleManager: Shutting down and abandoning module SceneDepthPickerMode (592)
[2019.01.04-21.03.42:110][ 75]LogModuleManager: Shutting down and abandoning module ActorPickerMode (590)
[2019.01.04-21.03.42:110][ 75]LogModuleManager: Shutting down and abandoning module GeometryMode (588)
[2019.01.04-21.03.42:111][ 75]LogModuleManager: Shutting down and abandoning module TextureAlignMode (586)
[2019.01.04-21.03.42:111][ 75]LogModuleManager: Shutting down and abandoning module BspMode (584)
[2019.01.04-21.03.42:111][ 75]LogModuleManager: Shutting down and abandoning module PIEPreviewDeviceProfileSelector (582)
[2019.01.04-21.03.42:111][ 75]LogModuleManager: Shutting down and abandoning module SequenceRecorderSections (580)
[2019.01.04-21.03.42:111][ 75]LogModuleManager: Shutting down and abandoning module AutomationWorker (578)
[2019.01.04-21.03.42:111][ 75]LogModuleManager: Shutting down and abandoning module AudioCaptureEditor (576)
[2019.01.04-21.03.42:111][ 75]LogModuleManager: Shutting down and abandoning module SequenceRecorder (575)
[2019.01.04-21.03.42:111][ 75]LogModuleManager: Shutting down and abandoning module MatineeToLevelSequence (572)
[2019.01.04-21.03.42:112][ 75]LogModuleManager: Shutting down and abandoning module LevelSequenceEditor (570)
[2019.01.04-21.03.42:112][ 75]LogModuleManager: Shutting down and abandoning module PlacementMode (569)
[2019.01.04-21.03.42:112][ 75]LogModuleManager: Shutting down and abandoning module MaterialEditor (568)
[2019.01.04-21.03.42:112][ 75]LogModuleManager: Shutting down and abandoning module WmfMediaFactory (564)
[2019.01.04-21.03.42:112][ 75]LogModuleManager: Shutting down and abandoning module WmfMediaEditor (562)
[2019.01.04-21.03.42:112][ 75]LogModuleManager: Shutting down and abandoning module MediaPlayerEditor (560)
[2019.01.04-21.03.42:112][ 75]LogModuleManager: Shutting down and abandoning module OpenExrWrapper (558)
[2019.01.04-21.03.42:113][ 75]LogModuleManager: Shutting down and abandoning module ImgMediaFactory (556)
[2019.01.04-21.03.42:113][ 75]LogModuleManager: Shutting down and abandoning module ImgMediaEditor (554)
[2019.01.04-21.03.42:113][ 75]LogModuleManager: Shutting down and abandoning module AvfMediaFactory (552)
[2019.01.04-21.03.42:113][ 75]LogModuleManager: Shutting down and abandoning module AvfMediaEditor (550)
[2019.01.04-21.03.42:113][ 75]LogModuleManager: Shutting down and abandoning module AndroidMediaFactory (548)
[2019.01.04-21.03.42:113][ 75]LogModuleManager: Shutting down and abandoning module AndroidMediaEditor (546)
[2019.01.04-21.03.42:113][ 75]LogModuleManager: Shutting down and abandoning module MagicLeapCameraPreviewFactory (544)
[2019.01.04-21.03.42:113][ 75]LogModuleManager: Shutting down and abandoning module MagicLeapMediaFactory (542)
[2019.01.04-21.03.42:113][ 75]LogModuleManager: Shutting down and abandoning module MagicLeapMediaEditor (540)
[2019.01.04-21.03.42:114][ 75]LogModuleManager: Shutting down and abandoning module CharacterAI (538)
[2019.01.04-21.03.42:114][ 75]LogModuleManager: Shutting down and abandoning module SmartSnapping (536)
[2019.01.04-21.03.42:114][ 75]LogModuleManager: Shutting down and abandoning module SessionServices (534)
[2019.01.04-21.03.42:114][ 75]LogModuleManager: Shutting down and abandoning module ViewportSnapping (532)
[2019.01.04-21.03.42:114][ 75]LogModuleManager: Shutting down and abandoning module ViewportInteraction (530)
[2019.01.04-21.03.42:114][ 75]LogModuleManager: Shutting down and abandoning module ClothPainter (528)
[2019.01.04-21.03.42:114][ 75]LogModuleManager: Shutting down and abandoning module SkeletalMeshEditor (527)
[2019.01.04-21.03.42:114][ 75]LogModuleManager: Shutting down and abandoning module LogVisualizer (524)
[2019.01.04-21.03.42:115][ 75]LogModuleManager: Shutting down and abandoning module IntroTutorials (522)
[2019.01.04-21.03.42:115][ 75]LogModuleManager: Shutting down and abandoning module GameProjectGeneration (521)
[2019.01.04-21.03.42:115][ 75]LogModuleManager: Shutting down and abandoning module LuminPlatformEditor (518)
[2019.01.04-21.03.42:115][ 75]LogModuleManager: Shutting down and abandoning module IOSPlatformEditor (516)
[2019.01.04-21.03.42:115][ 75]LogModuleManager: Shutting down and abandoning module HTML5PlatformEditor (514)
[2019.01.04-21.03.42:115][ 75]LogModuleManager: Shutting down and abandoning module AndroidPlatformEditor (512)
[2019.01.04-21.03.42:115][ 75]LogModuleManager: Shutting down and abandoning module AndroidDeviceDetection (511)
[2019.01.04-21.03.42:813][ 75]LogModuleManager: Shutting down and abandoning module WindowsPlatformEditor (508)
[2019.01.04-21.03.42:813][ 75]LogModuleManager: Shutting down and abandoning module LuminRuntimeSettings (506)
[2019.01.04-21.03.42:813][ 75]LogModuleManager: Shutting down and abandoning module IOSRuntimeSettings (504)
[2019.01.04-21.03.42:813][ 75]LogModuleManager: Shutting down and abandoning module AndroidRuntimeSettings (502)
[2019.01.04-21.03.42:813][ 75]LogModuleManager: Shutting down and abandoning module InputBindingEditor (500)
[2019.01.04-21.03.42:813][ 75]LogModuleManager: Shutting down and abandoning module MergeActors (498)
[2019.01.04-21.03.42:813][ 75]LogModuleManager: Shutting down and abandoning module LocalizationDashboard (496)
[2019.01.04-21.03.42:813][ 75]LogModuleManager: Shutting down and abandoning module LocalizationService (495)
[2019.01.04-21.03.42:813][ 75]LogModuleManager: Shutting down and abandoning module HardwareTargeting (492)
[2019.01.04-21.03.42:813][ 75]LogModuleManager: Shutting down and abandoning module DeviceProfileEditor (490)
[2019.01.04-21.03.42:813][ 75]LogModuleManager: Shutting down and abandoning module UndoHistory (488)
[2019.01.04-21.03.42:814][ 75]LogModuleManager: Shutting down and abandoning module XmlParser (486)
[2019.01.04-21.03.42:814][ 75]LogModuleManager: Shutting down and abandoning module Blutility (484)
[2019.01.04-21.03.42:814][ 75]LogModuleManager: Shutting down and abandoning module ProjectSettingsViewer (482)
[2019.01.04-21.03.42:814][ 75]LogModuleManager: Shutting down and abandoning module ProjectTargetPlatformEditor (481)
[2019.01.04-21.03.42:814][ 75]LogModuleManager: Shutting down and abandoning module EditorSettingsViewer (478)
[2019.01.04-21.03.42:814][ 75]LogModuleManager: Shutting down and abandoning module SettingsEditor (476)
[2019.01.04-21.03.42:814][ 75]LogModuleManager: Shutting down and abandoning module ProjectLauncher (474)
[2019.01.04-21.03.42:814][ 75]LogModuleManager: Shutting down and abandoning module SessionFrontend (472)
[2019.01.04-21.03.42:814][ 75]LogModuleManager: Shutting down and abandoning module ProfilerClient (470)
[2019.01.04-21.03.42:814][ 75]LogModuleManager: Shutting down and abandoning module DeviceManager (468)
[2019.01.04-21.03.42:814][ 75]LogModuleManager: Shutting down and abandoning module TargetDeviceServices (467)
[2019.01.04-21.03.42:881][ 75]LogModuleManager: Shutting down and abandoning module AutomationController (464)
[2019.01.04-21.03.42:881][ 75]LogModuleManager: Shutting down and abandoning module AutomationWindow (462)
[2019.01.04-21.03.42:881][ 75]LogModuleManager: Shutting down and abandoning module Layers (460)
[2019.01.04-21.03.42:882][ 75]LogModuleManager: Shutting down and abandoning module ComponentVisualizers (458)
[2019.01.04-21.03.42:882][ 75]LogModuleManager: Shutting down and abandoning module DetailCustomizations (456)
[2019.01.04-21.03.42:883][ 75]LogModuleManager: Shutting down and abandoning module PackagesDialog (454)
[2019.01.04-21.03.42:883][ 75]LogModuleManager: Shutting down and abandoning module Persona (452)
[2019.01.04-21.03.42:884][ 75]LogModuleManager: Shutting down and abandoning module AdvancedPreviewScene (451)
[2019.01.04-21.03.42:885][ 75]LogModuleManager: Shutting down and abandoning module AnimGraph (449)
[2019.01.04-21.03.42:886][ 75]LogModuleManager: Shutting down and abandoning module Kismet (446)
[2019.01.04-21.03.42:900][ 75]LogModuleManager: Shutting down and abandoning module GraphEditor (444)
[2019.01.04-21.03.42:900][ 75]LogModuleManager: Shutting down and abandoning module ClassViewer (442)
[2019.01.04-21.03.42:906][ 75]LogModuleManager: Shutting down and abandoning module Toolbox (440)
[2019.01.04-21.03.42:906][ 75]LogModuleManager: Shutting down and abandoning module DesktopPlatform (439)
[2019.01.04-21.03.42:906][ 75]LogModuleManager: Shutting down and abandoning module ModuleUI (436)
[2019.01.04-21.03.42:907][ 75]LogModuleManager: Shutting down and abandoning module MovieSceneTools (434)
[2019.01.04-21.03.42:907][ 75]LogModuleManager: Shutting down and abandoning module OutputLog (432)
[2019.01.04-21.03.42:907][ 75]LogModuleManager: Shutting down and abandoning module GammaUI (430)
[2019.01.04-21.03.42:908][ 75]LogModuleManager: Shutting down and abandoning module Documentation (428)
[2019.01.04-21.03.42:908][ 75]LogModuleManager: Shutting down and abandoning module MovieSceneTracks (426)
[2019.01.04-21.03.42:908][ 75]LogModuleManager: Shutting down and abandoning module MovieScene (424)
[2019.01.04-21.03.42:909][ 75]LogModuleManager: Shutting down and abandoning module StreamingPauseRendering (422)
[2019.01.04-21.03.42:909][ 75]LogModuleManager: Shutting down and abandoning module LauncherPlatform (420)
[2019.01.04-21.03.42:909][ 75]LogModuleManager: Shutting down and abandoning module AnalyticsET (418)
[2019.01.04-21.03.42:909][ 75]LogModuleManager: Shutting down and abandoning module PortalServices (416)
[2019.01.04-21.03.42:910][ 75]LogModuleManager: Shutting down and abandoning module PortalRpc (414)
[2019.01.04-21.03.42:910][ 75]LogModuleManager: Shutting down and abandoning module MessagingRpc (412)
[2019.01.04-21.03.42:910][ 75]LogModuleManager: Shutting down and abandoning module AIModule (410)
[2019.01.04-21.03.42:910][ 75]LogModuleManager: Shutting down and abandoning module GameplayDebugger (409)
[2019.01.04-21.03.42:910][ 75]LogModuleManager: Shutting down and abandoning module AITestSuite (407)
[2019.01.04-21.03.42:911][ 75]LogModuleManager: Shutting down and abandoning module NavigationSystem (405)
[2019.01.04-21.03.42:911][ 75]LogModuleManager: Shutting down and abandoning module ProfilerService (402)
[2019.01.04-21.03.43:025][ 75]LogModuleManager: Shutting down and abandoning module TaskGraph (400)
[2019.01.04-21.03.43:026][ 75]LogModuleManager: Shutting down and abandoning module SteamVRController (398)
[2019.01.04-21.03.43:026][ 75]LogModuleManager: Shutting down and abandoning module ProceduralMeshComponentEditor (396)
[2019.01.04-21.03.43:026][ 75]LogModuleManager: Shutting down and abandoning module ProceduralMeshComponent (394)
[2019.01.04-21.03.43:026][ 75]LogModuleManager: Shutting down and abandoning module OculusInput (392)
[2019.01.04-21.03.43:026][ 75]LogModuleManager: Shutting down and abandoning module MobilePatchingUtils (390)
[2019.01.04-21.03.43:026][ 75]LogModuleManager: Shutting down and abandoning module EditableMesh (388)
[2019.01.04-21.03.43:027][ 75]LogModuleManager: Shutting down and abandoning module CustomMeshComponent (386)
[2019.01.04-21.03.43:027][ 75]LogModuleManager: Shutting down and abandoning module CableComponent (384)
[2019.01.04-21.03.43:027][ 75]LogModuleManager: Shutting down and abandoning module AudioCapture (382)
[2019.01.04-21.03.43:027][ 75]LogModuleManager: Shutting down and abandoning module ArchVisCharacter (380)
[2019.01.04-21.03.43:027][ 75]LogModuleManager: Shutting down and abandoning module AndroidPermission (378)
[2019.01.04-21.03.43:027][ 75]LogModuleManager: Shutting down and abandoning module NUTUnrealEngine4 (376)
[2019.01.04-21.03.43:028][ 75]LogModuleManager: Shutting down and abandoning module NetcodeUnitTest (374)
[2019.01.04-21.03.43:028][ 75]LogModuleManager: Shutting down and abandoning module MediaCompositingEditor (372)
[2019.01.04-21.03.43:028][ 75]LogModuleManager: Shutting down and abandoning module MediaCompositing (370)
[2019.01.04-21.03.43:028][ 75]LogModuleManager: Shutting down and abandoning module LinearTimecode (368)
[2019.01.04-21.03.43:028][ 75]LogModuleManager: Shutting down and abandoning module ImgMedia (366)
[2019.01.04-21.03.43:041][ 75]LogModuleManager: Shutting down and abandoning module HTML5Networking (364)
[2019.01.04-21.03.43:041][ 75]LogModuleManager: Shutting down and abandoning module GeometryCacheTracks (362)
[2019.01.04-21.03.43:042][ 75]LogModuleManager: Shutting down and abandoning module GeometryCacheSequencer (360)
[2019.01.04-21.03.43:042][ 75]LogModuleManager: Shutting down and abandoning module BackChannel (358)
[2019.01.04-21.03.43:042][ 75]LogModuleManager: Shutting down and abandoning module AppleVision (356)
[2019.01.04-21.03.43:042][ 75]LogModuleManager: Shutting down and abandoning module AppleImageUtils (354)
[2019.01.04-21.03.43:042][ 75]LogModuleManager: Shutting down and abandoning module AlembicImporter (352)
[2019.01.04-21.03.43:043][ 75]LogModuleManager: Shutting down and abandoning module AlembicLibrary (351)
[2019.01.04-21.03.43:043][ 75]LogModuleManager: Shutting down and abandoning module GeometryCache (350)
[2019.01.04-21.03.43:043][ 75]LogModuleManager: Shutting down and abandoning module GeometryCacheEd (349)
[2019.01.04-21.03.43:043][ 75]LogModuleManager: Shutting down and abandoning module DatasmithContentEditor (344)
[2019.01.04-21.03.43:043][ 75]LogModuleManager: Shutting down and abandoning module DatasmithContent (342)
[2019.01.04-21.03.43:045][ 75]LogModuleManager: Shutting down and abandoning module SpeedTreeImporter (340)
[2019.01.04-21.03.43:045][ 75]LogModuleManager: Shutting down and abandoning module PluginBrowser (338)
[2019.01.04-21.03.43:045][ 75]LogModuleManager: Shutting down and abandoning module MobileLauncherProfileWizard (336)
[2019.01.04-21.03.43:045][ 75]LogModuleManager: Shutting down and abandoning module PolygonModeling (334)
[2019.01.04-21.03.43:046][ 75]LogModuleManager: Shutting down and abandoning module MeshEditor (332)
[2019.01.04-21.03.43:046][ 75]LogModuleManager: Shutting down and abandoning module CryptoKeysOpenSSL (330)
[2019.01.04-21.03.43:046][ 75]LogModuleManager: Shutting down and abandoning module CryptoKeys (328)
[2019.01.04-21.03.43:046][ 75]LogModuleManager: Shutting down and abandoning module VisualStudioSourceCodeAccess (326)
[2019.01.04-21.03.43:046][ 75]LogModuleManager: Shutting down and abandoning module VisualStudioCodeSourceCodeAccess (324)
[2019.01.04-21.03.43:047][ 75]LogModuleManager: Shutting down and abandoning module UObjectPlugin (322)
[2019.01.04-21.03.43:047][ 75]LogModuleManager: Shutting down and abandoning module SubversionSourceControl (320)
[2019.01.04-21.03.43:047][ 75]LogModuleManager: Shutting down and abandoning module PerforceSourceControl (318)
[2019.01.04-21.03.43:047][ 75]LogModuleManager: Shutting down and abandoning module GitSourceControl (316)
[2019.01.04-21.03.43:048][ 75]LogModuleManager: Shutting down and abandoning module SourceControl (315)
[2019.01.04-21.03.43:048][ 75]LogModuleManager: Shutting down and abandoning module CLionSourceCodeAccess (312)
[2019.01.04-21.03.43:048][ 75]LogModuleManager: Shutting down and abandoning module LightPropagationVolumeEditor (310)
[2019.01.04-21.03.43:048][ 75]LogModuleManager: Shutting down and abandoning module PaperTiledImporter (308)
[2019.01.04-21.03.43:048][ 75]LogModuleManager: Shutting down and abandoning module PaperSpriteSheetImporter (306)
[2019.01.04-21.03.43:049][ 75]LogModuleManager: Shutting down and abandoning module Paper2DEditor (304)
[2019.01.04-21.03.43:049][ 75]LogModuleManager: Shutting down and abandoning module MeshPaint (303)
[2019.01.04-21.03.43:049][ 75]LogModuleManager: Shutting down and abandoning module TGP_Project (300)
[2019.01.04-21.03.43:049][ 75]LogModuleManager: Shutting down and abandoning module RuntimePhysXCooking (298)
[2019.01.04-21.03.43:049][ 75]LogModuleManager: Shutting down and abandoning module PhysXVehiclesEditor (296)
[2019.01.04-21.03.43:050][ 75]LogModuleManager: Shutting down and abandoning module PhysXVehicles (294)
[2019.01.04-21.03.43:050][ 75]LogModuleManager: Shutting down and abandoning module OculusEditor (292)
[2019.01.04-21.03.43:050][ 75]LogModuleManager: Shutting down and abandoning module LocationServicesBPLibrary (290)
[2019.01.04-21.03.43:051][ 75]LogModuleManager: Shutting down and abandoning module ImmediatePhysicsEditor (288)
[2019.01.04-21.03.43:051][ 75]LogModuleManager: Shutting down and abandoning module ImmediatePhysics (286)
[2019.01.04-21.03.43:051][ 75]LogModuleManager: Shutting down and abandoning module ActorSequence (284)
[2019.01.04-21.03.43:051][ 75]LogModuleManager: Shutting down and abandoning module UdpMessaging (282)
[2019.01.04-21.03.43:152][ 75]LogModuleManager: Shutting down and abandoning module TcpMessaging (280)
[2019.01.04-21.03.43:253][ 75]LogModuleManager: Shutting down and abandoning module MagicLeapAudio (278)
[2019.01.04-21.03.43:253][ 75]LogModuleManager: Shutting down and abandoning module GameplayTagsEditor (276)
[2019.01.04-21.03.43:253][ 75]LogModuleManager: Shutting down and abandoning module FacialAnimationEditor (274)
[2019.01.04-21.03.43:253][ 75]LogModuleManager: Shutting down and abandoning module FacialAnimation (272)
[2019.01.04-21.03.43:253][ 75]LogModuleManager: Shutting down and abandoning module DataValidation (270)
[2019.01.04-21.03.43:254][ 75]LogModuleManager: Shutting down and abandoning module AssetManagerEditor (268)
[2019.01.04-21.03.43:254][ 75]LogModuleManager: Shutting down and abandoning module LevelEditor (267)
[2019.01.04-21.03.43:255][ 75]LogModuleManager: Shutting down and abandoning module PixelInspectorModule (266)
[2019.01.04-21.03.43:255][ 75]LogModuleManager: Shutting down and abandoning module CommonMenuExtensions (264)
[2019.01.04-21.03.43:255][ 75]LogModuleManager: Shutting down and abandoning module MainFrame (262)
[2019.01.04-21.03.43:255][ 75]LogModuleManager: Shutting down and abandoning module HotReload (261)
[2019.01.04-21.03.43:256][ 75]LogModuleManager: Shutting down and abandoning module ContentBrowser (257)
[2019.01.04-21.03.43:257][ 75]LogModuleManager: Shutting down and abandoning module TreeMap (255)
[2019.01.04-21.03.43:257][ 75]LogModuleManager: Shutting down and abandoning module LightPropagationVolumeRuntime (252)
[2019.01.04-21.03.43:257][ 75]LogModuleManager: Shutting down and abandoning module AISupportModule (250)
[2019.01.04-21.03.43:257][ 75]LogModuleManager: Shutting down and abandoning module Paper2D (248)
[2019.01.04-21.03.43:258][ 75]LogModuleManager: Shutting down and abandoning module WindowsMoviePlayer (246)
[2019.01.04-21.03.43:258][ 75]LogModuleManager: Shutting down and abandoning module WmfMedia (244)
[2019.01.04-21.03.43:261][ 75]LogModuleManager: Shutting down and abandoning module Media (243)
[2019.01.04-21.03.43:268][ 75]LogModuleManager: Shutting down and abandoning module PacketHandler (240)
[2019.01.04-21.03.43:268][ 75]LogModuleManager: Shutting down and abandoning module ClothingSystemEditor (238)
[2019.01.04-21.03.43:268][ 75]LogModuleManager: Shutting down and abandoning module ClothingSystemRuntime (236)
[2019.01.04-21.03.43:268][ 75]LogModuleManager: Shutting down and abandoning module MediaAssets (234)
[2019.01.04-21.03.43:268][ 75]LogModuleManager: Shutting down and abandoning module Overlay (232)
[2019.01.04-21.03.43:268][ 75]LogModuleManager: Shutting down and abandoning module OverlayEditor (231)
[2019.01.04-21.03.43:268][ 75]LogModuleManager: Shutting down and abandoning module VREditor (228)
[2019.01.04-21.03.43:268][ 75]LogModuleManager: Shutting down and abandoning module StringTableEditor (226)
[2019.01.04-21.03.43:268][ 75]LogModuleManager: Shutting down and abandoning module GameplayTasksEditor (224)
[2019.01.04-21.03.43:268][ 75]LogModuleManager: Shutting down and abandoning module BehaviorTreeEditor (222)
[2019.01.04-21.03.43:269][ 75]LogModuleManager: Shutting down and abandoning module FunctionalTesting (220)
[2019.01.04-21.03.43:269][ 75]LogModuleManager: Shutting down and abandoning module CollisionAnalyzer (218)
[2019.01.04-21.03.43:269][ 75]LogModuleManager: Shutting down and abandoning module WorkspaceMenuStructure (217)
[2019.01.04-21.03.43:269][ 75]LogModuleManager: Shutting down and abandoning module UMG (214)
[2019.01.04-21.03.43:269][ 75]LogModuleManager: Shutting down and abandoning module UMGEditor (213)
[2019.01.04-21.03.43:269][ 75]LogModuleManager: Shutting down and abandoning module Sequencer (212)
[2019.01.04-21.03.43:269][ 75]LogModuleManager: Shutting down and abandoning module MessageLog (209)
[2019.01.04-21.03.43:270][ 75]LogModuleManager: Shutting down and abandoning module SlateReflector (204)
[2019.01.04-21.03.43:270][ 75]LogModuleManager: Shutting down and abandoning module Slate (202)
[2019.01.04-21.03.43:270][ 75]LogModuleManager: Shutting down and abandoning module EditorStyle (200)
[2019.01.04-21.03.43:271][ 75]LogModuleManager: Shutting down and abandoning module MRMesh (198)
[2019.01.04-21.03.43:271][ 75]LogModuleManager: Shutting down and abandoning module SourceCodeAccess (196)
[2019.01.04-21.03.43:272][ 75]LogModuleManager: Shutting down and abandoning module HeadMountedDisplay (194)
[2019.01.04-21.03.43:272][ 75]LogModuleManager: Shutting down and abandoning module XAudio2 (192)
[2019.01.04-21.03.43:272][ 75]LogModuleManager: Shutting down and abandoning module Networking (190)
[2019.01.04-21.03.43:272][ 75]LogModuleManager: Shutting down and abandoning module Core (188)
[2019.01.04-21.03.43:272][ 75]LogModuleManager: Shutting down and abandoning module LevelSequence (186)
[2019.01.04-21.03.43:272][ 75]LogModuleManager: Shutting down and abandoning module KismetCompiler (184)
[2019.01.04-21.03.43:272][ 75]LogModuleManager: Shutting down and abandoning module MeshUtilities (182)
[2019.01.04-21.03.43:272][ 75]LogModuleManager: Shutting down and abandoning module MeshMergeUtilities (181)
[2019.01.04-21.03.43:272][ 75]LogModuleManager: Shutting down and abandoning module MeshReductionInterface (180)
[2019.01.04-21.03.43:272][ 75]LogModuleManager: Shutting down and abandoning module SimplygonSwarm (179)
[2019.01.04-21.03.43:273][ 75]LogModuleManager: Shutting down and abandoning module ProxyLODMeshReduction (177)
[2019.01.04-21.03.43:273][ 75]LogModuleManager: Shutting down and abandoning module SimplygonMeshReduction (175)
[2019.01.04-21.03.43:273][ 75]LogModuleManager: Shutting down and abandoning module QuadricMeshReduction (173)
[2019.01.04-21.03.43:273][ 75]LogModuleManager: Shutting down and abandoning module MaterialBaking (169)
[2019.01.04-21.03.43:273][ 75]LogModuleManager: Shutting down and abandoning module DirectoryWatcher (165)
[2019.01.04-21.03.43:273][ 75]LogModuleManager: Shutting down and abandoning module DerivedDataCache (162)
[2019.01.04-21.03.43:350][ 75]LogDerivedDataCache: Shutdown
[2019.01.04-21.03.43:350][ 75]LogModuleManager: Shutting down and abandoning module XGEController (160)
[2019.01.04-21.03.43:351][ 75]LogXGEController: Cleaning working directory: C:/Users/TDSSK/AppData/Local/Temp/UnrealXGEWorkingDir/
[2019.01.04-21.03.43:351][ 75]LogModuleManager: Shutting down and abandoning module TargetPlatform (158)
[2019.01.04-21.03.43:351][ 75]LogModuleManager: Shutting down and abandoning module VulkanShaderFormat (157)
[2019.01.04-21.03.43:351][ 75]LogModuleManager: Shutting down and abandoning module ShaderFormatVectorVM (155)
[2019.01.04-21.03.43:351][ 75]LogModuleManager: Shutting down and abandoning module ShaderFormatOpenGL (153)
[2019.01.04-21.03.43:351][ 75]LogModuleManager: Shutting down and abandoning module ShaderFormatD3D (151)
[2019.01.04-21.03.43:351][ 75]LogModuleManager: Shutting down and abandoning module MetalShaderFormat (149)
[2019.01.04-21.03.43:351][ 75]LogModuleManager: Shutting down and abandoning module TextureFormatUncompressed (147)
[2019.01.04-21.03.43:351][ 75]LogModuleManager: Shutting down and abandoning module TextureFormatPVR (145)
[2019.01.04-21.03.43:353][ 75]LogModuleManager: Shutting down and abandoning module TextureFormatDXT (143)
[2019.01.04-21.03.43:353][ 75]LogModuleManager: Shutting down and abandoning module TextureFormatIntelISPCTexComp (141)
[2019.01.04-21.03.43:355][ 75]LogModuleManager: Shutting down and abandoning module TextureFormatASTC (139)
[2019.01.04-21.03.43:355][ 75]LogModuleManager: Shutting down and abandoning module ImageWrapper (138)
[2019.01.04-21.03.43:355][ 75]LogModuleManager: Shutting down and abandoning module TextureFormatAndroid (135)
[2019.01.04-21.03.43:355][ 75]LogModuleManager: Shutting down and abandoning module AudioFormatOpus (133)
[2019.01.04-21.03.43:355][ 75]LogModuleManager: Shutting down and abandoning module AudioFormatOgg (131)
[2019.01.04-21.03.43:355][ 75]LogModuleManager: Shutting down and abandoning module AudioFormatADPCM (129)
[2019.01.04-21.03.43:355][ 75]LogModuleManager: Shutting down and abandoning module LuminTargetPlatform (127)
[2019.01.04-21.03.43:355][ 75]LogModuleManager: Shutting down and abandoning module LinuxTargetPlatform (125)
[2019.01.04-21.03.43:356][ 75]LogModuleManager: Shutting down and abandoning module LinuxServerTargetPlatform (123)
[2019.01.04-21.03.43:356][ 75]LogModuleManager: Shutting down and abandoning module LinuxNoEditorTargetPlatform (121)
[2019.01.04-21.03.43:356][ 75]LogModuleManager: Shutting down and abandoning module LinuxClientTargetPlatform (119)
[2019.01.04-21.03.43:356][ 75]LogModuleManager: Shutting down and abandoning module TVOSTargetPlatform (117)
[2019.01.04-21.03.43:357][ 75]LogModuleManager: Shutting down and abandoning module Messaging (115)
[2019.01.04-21.03.43:357][ 75]LogModuleManager: Shutting down and abandoning module IOSTargetPlatform (113)
[2019.01.04-21.03.43:358][ 75]LogModuleManager: Shutting down and abandoning module HTML5TargetPlatform (111)
[2019.01.04-21.03.43:358][ 75]LogModuleManager: Shutting down and abandoning module AndroidTargetPlatform (109)
[2019.01.04-21.03.43:367][ 75]LogModuleManager: Shutting down and abandoning module WindowsTargetPlatform (107)
[2019.01.04-21.03.43:378][ 75]LogModuleManager: Shutting down and abandoning module WindowsServerTargetPlatform (105)
[2019.01.04-21.03.43:378][ 75]LogModuleManager: Shutting down and abandoning module WindowsNoEditorTargetPlatform (103)
[2019.01.04-21.03.43:378][ 75]LogModuleManager: Shutting down and abandoning module WindowsClientTargetPlatform (101)
[2019.01.04-21.03.43:380][ 75]LogModuleManager: Shutting down and abandoning module MacTargetPlatform (99)
[2019.01.04-21.03.43:380][ 75]LogModuleManager: Shutting down and abandoning module MacServerTargetPlatform (97)
[2019.01.04-21.03.43:380][ 75]LogModuleManager: Shutting down and abandoning module MacNoEditorTargetPlatform (95)
[2019.01.04-21.03.43:380][ 75]LogModuleManager: Shutting down and abandoning module MacClientTargetPlatform (93)
[2019.01.04-21.03.43:381][ 75]LogModuleManager: Shutting down and abandoning module AllDesktopTargetPlatform (91)
[2019.01.04-21.03.43:381][ 75]LogModuleManager: Shutting down and abandoning module InputCore (88)
[2019.01.04-21.03.43:381][ 75]LogModuleManager: Shutting down and abandoning module Settings (86)
[2019.01.04-21.03.43:381][ 75]LogModuleManager: Shutting down and abandoning module PhysXCooking (84)
[2019.01.04-21.03.43:381][ 75]LogModuleManager: Shutting down and abandoning module SteamVR (82)
[2019.01.04-21.03.43:382][ 75]LogModuleManager: Shutting down and abandoning module OculusHMD (80)
[2019.01.04-21.03.43:382][ 75]LogModuleManager: Shutting down and abandoning module ExampleDeviceProfileSelector (78)
[2019.01.04-21.03.43:382][ 75]LogModuleManager: Shutting down and abandoning module LauncherChunkInstaller (76)
[2019.01.04-21.03.43:382][ 75]LogModuleManager: Shutting down and abandoning module OnlineBlueprintSupport (74)
[2019.01.04-21.03.43:382][ 75]LogModuleManager: Shutting down and abandoning module OnlineSubsystem (70)
[2019.01.04-21.03.43:384][ 75]LogModuleManager: Shutting down and abandoning module XMPP (65)
[2019.01.04-21.03.43:384][ 75]LogModuleManager: Shutting down and abandoning module WebSockets (64)
[2019.01.04-21.03.43:412][ 75]LogModuleManager: Shutting down and abandoning module HTTP (61)
[2019.01.04-21.03.43:413][ 75]LogHttp: Display: Http module shutting down, but needs to wait on 1 outstanding Http requests:
[2019.01.04-21.03.43:413][ 75]LogHttp: Display: 	verb=[POST] url=[https://datarouter.ol.epicgames.com/datarouter/api/v1/public/data?SessionID=%7B0378BEB3-4B7D-A4B1-A6CE-BC885B0556EE%7D&AppID=UEEditor.Rocket.Release&AppVersion=4.20.3-4369336%2B%2B%2BUE4%2BRelease-4.20&UserID=732877064c2d1d64b94795bb113caa3e%7Cb15aaf259a234981ac58d9a2d8097391%7C8c7a9a19-8aa6-48f6-bf7f-342c0723fb9e&AppEnvironment=datacollector-binary&UploadType=eteventstream] status=Processing
[2019.01.04-21.03.43:429][ 75]LogModuleManager: Shutting down and abandoning module SSL (60)
[2019.01.04-21.03.43:432][ 75]LogModuleManager: Shutting down and abandoning module MagicLeapEmulator (56)
[2019.01.04-21.03.43:432][ 75]LogModuleManager: Shutting down and abandoning module MagicLeapPrivileges (54)
[2019.01.04-21.03.43:432][ 75]LogModuleManager: Shutting down and abandoning module MagicLeapIdentity (52)
[2019.01.04-21.03.43:432][ 75]LogModuleManager: Shutting down and abandoning module MagicLeapHelperVulkan (50)
[2019.01.04-21.03.43:432][ 75]LogModuleManager: Shutting down and abandoning module MagicLeapHelperOpenGL (48)
[2019.01.04-21.03.43:432][ 75]LogModuleManager: Shutting down and abandoning module MagicLeapSecureStorage (46)
[2019.01.04-21.03.43:433][ 75]LogModuleManager: Shutting down and abandoning module MagicLeapGestures (44)
[2019.01.04-21.03.43:433][ 75]LogModuleManager: Shutting down and abandoning module MagicLeapEyeTracker (42)
[2019.01.04-21.03.43:433][ 75]LogModuleManager: Shutting down and abandoning module MagicLeapController (40)
[2019.01.04-21.03.43:434][ 75]LogSlate: Slate User Destroyed.  User Index 0, Is Virtual User: 0
[2019.01.04-21.03.43:434][ 75]LogModuleManager: Shutting down and abandoning module MagicLeap (38)
[2019.01.04-21.03.43:434][ 75]LogModuleManager: Shutting down and abandoning module AnimationModifiers (36)
[2019.01.04-21.03.43:435][ 75]LogModuleManager: Shutting down and abandoning module PropertyEditor (35)
[2019.01.04-21.03.43:435][ 75]LogModuleManager: Shutting down and abandoning module AudioEditor (32)
[2019.01.04-21.03.43:435][ 75]LogModuleManager: Shutting down and abandoning module TextureCompressor (30)
[2019.01.04-21.03.43:436][ 75]LogModuleManager: Shutting down and abandoning module ShaderCore (28)
[2019.01.04-21.03.43:436][ 75]LogModuleManager: Shutting down and abandoning module Landscape (26)
[2019.01.04-21.03.43:436][ 75]LogModuleManager: Shutting down and abandoning module SlateRHIRenderer (24)
[2019.01.04-21.03.43:437][ 75]LogModuleManager: Shutting down and abandoning module OpenGLDrv (22)
[2019.01.04-21.03.43:437][ 75]LogModuleManager: Shutting down and abandoning module D3D11RHI (20)
[2019.01.04-21.03.43:437][ 75]LogModuleManager: Shutting down and abandoning module AnimGraphRuntime (18)
[2019.01.04-21.03.43:438][ 75]LogModuleManager: Shutting down and abandoning module Renderer (16)
[2019.01.04-21.03.43:438][ 75]LogModuleManager: Shutting down and abandoning module Engine (14)
[2019.01.04-21.03.43:438][ 75]LogModuleManager: Shutting down and abandoning module CoreUObject (12)
[2019.01.04-21.03.43:438][ 75]LogModuleManager: Shutting down and abandoning module NetworkFile (10)
[2019.01.04-21.03.43:439][ 75]LogModuleManager: Shutting down and abandoning module CookedIterativeFile (8)
[2019.01.04-21.03.43:439][ 75]LogModuleManager: Shutting down and abandoning module StreamingFile (6)
[2019.01.04-21.03.43:439][ 75]LogModuleManager: Shutting down and abandoning module SandboxFile (4)
[2019.01.04-21.03.43:439][ 75]LogModuleManager: Shutting down and abandoning module PakFile (2)
[2019.01.04-21.03.43:446][ 75]LogExit: Exiting.
[2019.01.04-21.03.43:459][ 75]Log file closed, 01/04/19 21:03:43
