Log file open, 11/20/18 19:55:46
LogWindows: Failed to load 'aqProf.dll' (GetLastError=126)
LogWindows: File 'aqProf.dll' does not exist
LogWindows: Failed to load 'VSPerf140.dll' (GetLastError=126)
LogWindows: File 'VSPerf140.dll' does not exist
LogWindows: Failed to load 'VtuneApi.dll' (GetLastError=126)
LogWindows: File 'VtuneApi.dll' does not exist
LogWindows: Failed to load 'VtuneApi32e.dll' (GetLastError=126)
LogWindows: File 'VtuneApi32e.dll' does not exist
LogInit: Display: Running engine for game: TGP_Project
LogPlatformFile: Not using cached read wrapper
LogTaskGraph: Started task graph with 5 named threads and 14 total threads with 3 sets of task threads.
LogStats: Stats thread started at 0.174415
LogD3D11RHI: Loaded GFSDK_Aftermath_Lib.x64.dll
LogICUInternationalization: Display: ICU TimeZone Detection - Raw Offset: +0:00, Platform Override: ''
LogPluginManager: Mounting plugin Paper2D
LogPluginManager: Mounting plugin AISupport
LogPluginManager: Mounting plugin LightPropagationVolume
LogPluginManager: Mounting plugin CLionSourceCodeAccess
LogPluginManager: Mounting plugin CodeLiteSourceCodeAccess
LogPluginManager: Mounting plugin GitSourceControl
LogPluginManager: Mounting plugin KDevelopSourceCodeAccess
LogPluginManager: Mounting plugin NullSourceCodeAccess
LogPluginManager: Mounting plugin PerforceSourceControl
LogPluginManager: Mounting plugin SubversionSourceControl
LogPluginManager: Mounting plugin UObjectPlugin
LogPluginManager: Mounting plugin VisualStudioCodeSourceCodeAccess
LogPluginManager: Mounting plugin VisualStudioSourceCodeAccess
LogPluginManager: Mounting plugin XCodeSourceCodeAccess
LogPluginManager: Mounting plugin AssetManagerEditor
LogPluginManager: Mounting plugin CryptoKeys
LogPluginManager: Mounting plugin DataValidation
LogPluginManager: Mounting plugin FacialAnimation
LogPluginManager: Mounting plugin GameplayTagsEditor
LogPluginManager: Mounting plugin MacGraphicsSwitching
LogPluginManager: Mounting plugin MeshEditor
LogPluginManager: Mounting plugin MobileLauncherProfileWizard
LogPluginManager: Mounting plugin PluginBrowser
LogPluginManager: Mounting plugin SpeedTreeImporter
LogPluginManager: Mounting plugin DatasmithContent
LogPluginManager: Mounting plugin AlembicImporter
LogPluginManager: Mounting plugin AppleImageUtils
LogPluginManager: Mounting plugin AppleVision
LogPluginManager: Mounting plugin BackChannel
LogPluginManager: Mounting plugin CharacterAI
LogPluginManager: Mounting plugin GeometryCache
LogPluginManager: Mounting plugin HTML5Networking
LogPluginManager: Mounting plugin ProxyLODPlugin
LogPluginManager: Mounting plugin MagicLeap
LogPluginManager: Mounting plugin MagicLeapEmulator
LogPluginManager: Mounting plugin MagicLeapMedia
LogPluginManager: Mounting plugin AndroidMedia
LogPluginManager: Mounting plugin AvfMedia
LogPluginManager: Mounting plugin ImgMedia
LogPluginManager: Mounting plugin LinearTimecode
LogPluginManager: Mounting plugin MediaCompositing
LogPluginManager: Mounting plugin MediaPlayerEditor
LogPluginManager: Mounting plugin WmfMedia
LogPluginManager: Mounting plugin TcpMessaging
LogPluginManager: Mounting plugin UdpMessaging
LogPluginManager: Mounting plugin ActorSequence
LogPluginManager: Mounting plugin LevelSequenceEditor
LogPluginManager: Mounting plugin MatineeToLevelSequence
LogPluginManager: Mounting plugin NetcodeUnitTest
LogPluginManager: Mounting plugin NUTUnrealEngine4
LogPluginManager: Mounting plugin OnlineSubsystemGooglePlay
LogPluginManager: Mounting plugin OnlineSubsystemIOS
LogPluginManager: Mounting plugin OnlineSubsystem
LogPluginManager: Mounting plugin OnlineSubsystemNull
LogPluginManager: Mounting plugin OnlineSubsystemUtils
LogPluginManager: Mounting plugin LauncherChunkInstaller
LogPluginManager: Mounting plugin AndroidDeviceProfileSelector
LogPluginManager: Mounting plugin AndroidMoviePlayer
LogPluginManager: Mounting plugin AndroidPermission
LogPluginManager: Mounting plugin AppleMoviePlayer
LogPluginManager: Mounting plugin ArchVisCharacter
LogPluginManager: Mounting plugin AudioCapture
LogPluginManager: Mounting plugin CableComponent
LogPluginManager: Mounting plugin CustomMeshComponent
LogPluginManager: Mounting plugin EditableMesh
LogPluginManager: Mounting plugin ExampleDeviceProfileSelector
LogPluginManager: Mounting plugin GoogleCloudMessaging
LogPluginManager: Mounting plugin ImmediatePhysics
LogPluginManager: Mounting plugin IOSDeviceProfileSelector
LogPluginManager: Mounting plugin LinuxDeviceProfileSelector
LogPluginManager: Mounting plugin LocationServicesBPLibrary
LogPluginManager: Mounting plugin MobilePatchingUtils
LogPluginManager: Mounting plugin OculusVR
LogPluginManager: Plugin shader directory ../../../Engine/Plugins/Runtime/Oculus/OculusVR/Shaders found
LogPluginManager: Mapping shader source directory ../../../Engine/Plugins/Runtime/Oculus/OculusVR/Shaders to virtual directory /Plugin/OculusVR
LogPluginManager: Mounting plugin PhysXVehicles
LogPluginManager: Mounting plugin ProceduralMeshComponent
LogPluginManager: Mounting plugin RuntimePhysXCooking
LogPluginManager: Mounting plugin SteamVR
LogPluginManager: Mounting plugin WindowsMoviePlayer
LogStreaming: Display: Took  0.087s to configure plugins.
LogInit: Using libcurl 7.55.1-DEV
LogInit:  - built for x86_64-pc-win32
LogInit:  - supports SSL with OpenSSL/1.0.2h
LogInit:  - supports HTTP deflate (compression) using libz 1.2.8
LogInit:  - other features:
LogInit:      CURL_VERSION_SSL
LogInit:      CURL_VERSION_LIBZ
LogInit:      CURL_VERSION_IPV6
LogInit:      CURL_VERSION_ASYNCHDNS
LogInit:      CURL_VERSION_LARGEFILE
LogInit:      CURL_VERSION_IDN
LogInit:  CurlRequestOptions (configurable via config and command line):
LogInit:  - bVerifyPeer = false  - Libcurl will NOT verify peer certificate
LogInit:  - bUseHttpProxy = false  - Libcurl will NOT use HTTP proxy
LogInit:  - bDontReuseConnections = false  - Libcurl will reuse connections
LogInit:  - CertBundlePath = nullptr  - Libcurl will use whatever was configured at build time.
LogInit:  - MaxHostConnections = 16  - Libcurl will limit the number of connections to a host
LogInit:  - LocalHostAddr = Default
LogInit:  - BufferSize = 65536
LogInit: WinSock: version 1.1 (2.2), MaxSocks=32767, MaxUdp=65467
LogInit: Build: ++UE4+Release-4.20-CL-4369336
LogInit: Engine Version: 4.20.3-4369336+++UE4+Release-4.20
LogInit: Compatible Engine Version: 4.20.0-4212847+++UE4+Release-4.20
LogInit: Net CL: 4212847
LogInit: OS: Windows 10 (), CPU: Intel(R) Core(TM) i5-4590 CPU @ 3.30GHz, GPU: NVIDIA GeForce GTX 1060 6GB
LogInit: Compiled (64-bit): Sep 17 2018 12:26:19
LogInit: Compiled with Visual C++: 19.13.26129.00
LogInit: Build Configuration: Development
LogInit: Branch Name: ++UE4+Release-4.20
LogInit: Command Line:  
LogInit: Base Directory: C:/Program Files/Epic Games/UE_4.20/Engine/Binaries/Win64/
LogInit: Installed Engine Build: 1
LogDevObjectVersion: Number of dev versions registered: 20
LogDevObjectVersion:   Dev-Blueprints (B0D832E4-1F89-4F0D-ACCF-7EB736FD4AA2): 10
LogDevObjectVersion:   Dev-Build (E1C64328-A22C-4D53-A36C-8E866417BD8C): 0
LogDevObjectVersion:   Dev-Core (375EC13C-06E4-48FB-B500-84F0262A717E): 2
LogDevObjectVersion:   Dev-Editor (E4B068ED-F494-42E9-A231-DA0B2E46BB41): 24
LogDevObjectVersion:   Dev-Framework (CFFC743F-43B0-4480-9391-14DF171D2073): 34
LogDevObjectVersion:   Dev-Mobile (B02B49B5-BB20-44E9-A304-32B752E40360): 2
LogDevObjectVersion:   Dev-Networking (A4E4105C-59A1-49B5-A7C5-40C4547EDFEE): 0
LogDevObjectVersion:   Dev-Online (39C831C9-5AE6-47DC-9A44-9C173E1C8E7C): 0
LogDevObjectVersion:   Dev-Physics (78F01B33-EBEA-4F98-B9B4-84EACCB95AA2): 0
LogDevObjectVersion:   Dev-Platform (6631380F-2D4D-43E0-8009-CF276956A95A): 0
LogDevObjectVersion:   Dev-Rendering (12F88B9F-8875-4AFC-A67C-D90C383ABD29): 26
LogDevObjectVersion:   Dev-Sequencer (7B5AE74C-D270-4C10-A958-57980B212A5A): 9
LogDevObjectVersion:   Dev-VR (D7296918-1DD6-4BDD-9DE2-64A83CC13884): 2
LogDevObjectVersion:   Dev-LoadTimes (C2A15278-BFE7-4AFE-6C17-90FF531DF755): 1
LogDevObjectVersion:   Private-Geometry (6EACA3D4-40EC-4CC1-B786-8BED09428FC5): 3
LogDevObjectVersion:   Dev-AnimPhys (29E575DD-E0A3-4627-9D10-D276232CDCEA): 17
LogDevObjectVersion:   Dev-ReflectionCapture (6B266CEC-1EC7-4B8F-A30B-E4D90942FC07): 1
LogDevObjectVersion:   Dev-Automation (0DF73D61-A23F-47EA-B727-89E90C41499A): 1
LogDevObjectVersion:   FortniteMain (601D1886-AC64-4F84-AA16-D3DE0DEAC7D6): 12
LogDevObjectVersion:   Dev-Enterprise (9DFFBCD6-494F-0158-E221-12823C92A888): 1
LogStreaming: Display: Took  0.001s to delete old logs.
LogInit: Presizing for max 8388607 objects, including 0 objects not considered by GC, pre-allocating 0 bytes for permanent pool.
LogInit: Object subsystem initialized
[2018.11.20-19.55.46:360][  0]LogInit: Selected Device Profile: [Windows]
[2018.11.20-19.55.46:360][  0]LogInit: Applying CVar settings loaded from the selected device profile: [Windows]
[2018.11.20-19.55.46:384][  0]LogHAL: Display: Platform has ~ 16 GB [17009229824 / 17179869184 / 16], which maps to Larger [LargestMinGB=32, LargerMinGB=12, DefaultMinGB=8, SmallerMinGB=6, SmallestMinGB=0)
[2018.11.20-19.55.46:384][  0]LogInit: Setting Device Profile CVar: [[r.Vulkan.UseRealUBs:1]]
[2018.11.20-19.55.46:384][  0]LogInit: Going up to parent DeviceProfile []
[2018.11.20-19.55.46:385][  0]LogInit: Computer: GROUNDZERO
[2018.11.20-19.55.46:385][  0]LogInit: User: TDSSK
[2018.11.20-19.55.46:385][  0]LogInit: CPU Page size=4096, Cores=4
[2018.11.20-19.55.46:385][  0]LogInit: High frequency timer resolution =3.222660 MHz
[2018.11.20-19.55.46:386][  0]LogMemory: Memory total: Physical=15.8GB (16GB approx)
[2018.11.20-19.55.46:386][  0]LogMemory: Platform Memory Stats for Windows
[2018.11.20-19.55.46:386][  0]LogMemory: Process Physical Memory: 101.45 MB used, 101.45 MB peak
[2018.11.20-19.55.46:386][  0]LogMemory: Process Virtual Memory: 92.17 MB used, 92.17 MB peak
[2018.11.20-19.55.46:386][  0]LogMemory: Physical Memory: 8369.18 MB used,  7852.08 MB free, 16221.27 MB total
[2018.11.20-19.55.46:386][  0]LogMemory: Virtual Memory: 532.16 MB used,  7852.08 MB free, 134217728.00 MB total
[2018.11.20-19.55.46:417][  0]LogInit: Using OS detected language (en-GB).
[2018.11.20-19.55.46:417][  0]LogInit: Using OS detected locale (en-GB).
[2018.11.20-19.55.46:418][  0]LogTextLocalizationManager: No specific localization for 'en-GB' exists, so the 'en' localization will be used.
[2018.11.20-19.55.46:775][  0]LogStreaming: Display: Took  0.358s to InitEngineTextLocalization.
[2018.11.20-19.55.46:775][  0]LogInit: Setting process to per monitor DPI aware
[2018.11.20-19.55.46:798][  0]LogSlate: New Slate User Created.  User Index 0, Is Virtual User: 0
[2018.11.20-19.55.46:798][  0]LogSlate: Slate User Registered.  User Index 0, Is Virtual User: 0
[2018.11.20-19.55.46:996][  0]LogHMD: Failed to initialize OpenVR with code 110
[2018.11.20-19.55.46:996][  0]LogD3D11RHI: D3D11 adapters:
[2018.11.20-19.55.47:052][  0]LogD3D11RHI:    0. 'NVIDIA GeForce GTX 1060 6GB' (Feature Level 11_0)
[2018.11.20-19.55.47:052][  0]LogD3D11RHI:       6052/0/8110 MB DedicatedVideo/DedicatedSystem/SharedSystem, Outputs:1, VendorId:0x10de
[2018.11.20-19.55.47:058][  0]LogD3D11RHI:    1. 'Intel(R) HD Graphics 4600' (Feature Level 11_0)
[2018.11.20-19.55.47:058][  0]LogD3D11RHI:       112/0/2048 MB DedicatedVideo/DedicatedSystem/SharedSystem, Outputs:0, VendorId:0x8086
[2018.11.20-19.55.47:059][  0]LogD3D11RHI:    2. 'Microsoft Basic Render Driver' (Feature Level 11_0)
[2018.11.20-19.55.47:059][  0]LogD3D11RHI:       0/0/8110 MB DedicatedVideo/DedicatedSystem/SharedSystem, Outputs:0, VendorId:0x1414
[2018.11.20-19.55.47:059][  0]LogD3D11RHI: Chosen D3D11 Adapter: 0
[2018.11.20-19.55.47:066][  0]LogD3D11RHI: Creating new Direct3DDevice
[2018.11.20-19.55.47:066][  0]LogD3D11RHI:     GPU DeviceId: 0x1c03 (for the marketing name, search the web for "GPU Device Id")
[2018.11.20-19.55.47:066][  0]LogWindows: EnumDisplayDevices:
[2018.11.20-19.55.47:066][  0]LogWindows:    0. 'NVIDIA GeForce GTX 1060 6GB' (P:1 D:1)
[2018.11.20-19.55.47:066][  0]LogWindows:    1. 'NVIDIA GeForce GTX 1060 6GB' (P:0 D:0)
[2018.11.20-19.55.47:066][  0]LogWindows:    2. 'NVIDIA GeForce GTX 1060 6GB' (P:0 D:0)
[2018.11.20-19.55.47:066][  0]LogWindows:    3. 'NVIDIA GeForce GTX 1060 6GB' (P:0 D:0)
[2018.11.20-19.55.47:067][  0]LogWindows:    4. 'Intel(R) HD Graphics 4600' (P:0 D:0)
[2018.11.20-19.55.47:067][  0]LogWindows:    5. 'Intel(R) HD Graphics 4600' (P:0 D:0)
[2018.11.20-19.55.47:067][  0]LogWindows:    6. 'Intel(R) HD Graphics 4600' (P:0 D:0)
[2018.11.20-19.55.47:067][  0]LogWindows: DebugString: PrimaryIsNotTheChoosenAdapter PrimaryIsNotTheChoosenAdapter PrimaryIsNotTheChoosenAdapter FoundDriverCount:4 
[2018.11.20-19.55.47:067][  0]LogD3D11RHI:     Adapter Name: NVIDIA GeForce GTX 1060 6GB
[2018.11.20-19.55.47:067][  0]LogD3D11RHI:   Driver Version: 397.64 (internal:24.21.13.9764, unified:397.64)
[2018.11.20-19.55.47:067][  0]LogD3D11RHI:      Driver Date: 5-7-2018
[2018.11.20-19.55.47:067][  0]LogRHI: Texture pool is 4236 MB (70% of 6052 MB)
[2018.11.20-19.55.47:105][  0]LogD3D11RHI: Async texture creation enabled
[2018.11.20-19.55.47:142][  0]LogD3D11RHI: GPU Timing Frequency: 1000.000000 (Debug: 2 2)
[2018.11.20-19.55.47:144][  0]LogShaderCompilers: Guid format shader working directory is -2 characters bigger than the processId version (D:/Documents/GitHub/TGP_PairProject/TGP_Project/Intermediate/Shaders/WorkingDirectory/15208/).
[2018.11.20-19.55.47:144][  0]LogShaderCompilers: Cleaned the shader compiler working directory 'C:/Users/TDSSK/AppData/Local/Temp/UnrealShaderWorkingDir/260C926A47B4503FE62C5DBB70FBF77C/'.
[2018.11.20-19.55.47:365][  0]LogTemp: Display: Loaded TP AllDesktopTargetPlatform
[2018.11.20-19.55.47:378][  0]LogTemp: Display: Loaded TP MacClientTargetPlatform
[2018.11.20-19.55.47:391][  0]LogTemp: Display: Loaded TP MacNoEditorTargetPlatform
[2018.11.20-19.55.47:403][  0]LogTemp: Display: Loaded TP MacServerTargetPlatform
[2018.11.20-19.55.47:416][  0]LogTemp: Display: Loaded TP MacTargetPlatform
[2018.11.20-19.55.47:428][  0]LogTemp: Display: Loaded TP WindowsClientTargetPlatform
[2018.11.20-19.55.47:441][  0]LogTemp: Display: Loaded TP WindowsNoEditorTargetPlatform
[2018.11.20-19.55.47:454][  0]LogTemp: Display: Loaded TP WindowsServerTargetPlatform
[2018.11.20-19.55.47:460][  0]LogTemp: Display: Loaded TP WindowsTargetPlatform
[2018.11.20-19.55.47:533][  0]LogTemp: Display: Loaded TP AndroidTargetPlatform
[2018.11.20-19.55.47:533][  0]LogTemp: Display: Loaded TP AndroidTargetPlatform
[2018.11.20-19.55.47:533][  0]LogTemp: Display: Loaded TP AndroidTargetPlatform
[2018.11.20-19.55.47:533][  0]LogTemp: Display: Loaded TP AndroidTargetPlatform
[2018.11.20-19.55.47:533][  0]LogTemp: Display: Loaded TP AndroidTargetPlatform
[2018.11.20-19.55.47:533][  0]LogTemp: Display: Loaded TP AndroidTargetPlatform
[2018.11.20-19.55.47:533][  0]LogTemp: Display: Loaded TP AndroidTargetPlatform
[2018.11.20-19.55.47:533][  0]LogTemp: Display: Loaded TP AndroidTargetPlatform
[2018.11.20-19.55.47:533][  0]LogTemp: Display: Loaded TP AndroidTargetPlatform
[2018.11.20-19.55.47:533][  0]LogTemp: Display: Loaded TP AndroidTargetPlatform
[2018.11.20-19.55.47:533][  0]LogTemp: Display: Loaded TP AndroidTargetPlatform
[2018.11.20-19.55.47:533][  0]LogTemp: Display: Loaded TP AndroidTargetPlatform
[2018.11.20-19.55.47:533][  0]LogTemp: Display: Loaded TP AndroidTargetPlatform
[2018.11.20-19.55.47:533][  0]LogTemp: Display: Loaded TP AndroidTargetPlatform
[2018.11.20-19.55.47:533][  0]LogTemp: Display: Loaded TP AndroidTargetPlatform
[2018.11.20-19.55.47:533][  0]LogTemp: Display: Loaded TP AndroidTargetPlatform
[2018.11.20-19.55.47:533][  0]LogTemp: Display: Loaded TP AndroidTargetPlatform
[2018.11.20-19.55.47:533][  0]LogTemp: Display: Loaded TP AndroidTargetPlatform
[2018.11.20-19.55.47:534][  0]LogTemp: Display: Loaded TP HTML5TargetPlatform
[2018.11.20-19.55.47:593][  0]LogTemp: Display: Loaded TP IOSTargetPlatform
[2018.11.20-19.55.47:593][  0]LogTemp: Display: Loaded TP IOSTargetPlatform
[2018.11.20-19.55.47:615][  0]LogTemp: Display: Loaded TP TVOSTargetPlatform
[2018.11.20-19.55.47:615][  0]LogTemp: Display: Loaded TP TVOSTargetPlatform
[2018.11.20-19.55.47:626][  0]LogTemp: Display: Loaded TP LinuxClientTargetPlatform
[2018.11.20-19.55.47:638][  0]LogTemp: Display: Loaded TP LinuxNoEditorTargetPlatform
[2018.11.20-19.55.47:649][  0]LogTemp: Display: Loaded TP LinuxServerTargetPlatform
[2018.11.20-19.55.47:662][  0]LogTemp: Display: Loaded TP LinuxTargetPlatform
[2018.11.20-19.55.47:670][  0]LogTemp: Display: Loaded TP LuminTargetPlatform
[2018.11.20-19.55.47:670][  0]LogTargetPlatformManager: Display: Building Assets For Windows
[2018.11.20-19.55.47:721][  0]LogXGEController: Cleaning working directory: C:/Users/TDSSK/AppData/Local/Temp/UnrealXGEWorkingDir/
[2018.11.20-19.55.47:721][  0]LogXGEController: Cannot use XGE Controller as Incredibuild is not installed on this machine.
[2018.11.20-19.55.47:721][  0]LogShaderCompilers: Cannot use XGE Shader Compiler as Incredibuild is not installed on this machine.
[2018.11.20-19.55.47:721][  0]LogShaderCompilers: Display: Using Local Shader Compiler.
[2018.11.20-19.55.48:462][  0]LogDerivedDataCache: Display: Max Cache Size: 512 MB
[2018.11.20-19.55.48:509][  0]LogDerivedDataCache: Loaded boot cache 0.05s 71MB C:/Users/TDSSK/AppData/Local/UnrealEngine/4.20/DerivedDataCache/Boot.ddc.
[2018.11.20-19.55.48:509][  0]LogDerivedDataCache: Display: Loaded Boot cache: C:/Users/TDSSK/AppData/Local/UnrealEngine/4.20/DerivedDataCache/Boot.ddc
[2018.11.20-19.55.48:509][  0]LogDerivedDataCache: FDerivedDataBackendGraph:  Pak pak cache file D:/Documents/GitHub/TGP_PairProject/TGP_Project/DerivedDataCache/DDC.ddp not found, will not use a pak cache.
[2018.11.20-19.55.48:509][  0]LogDerivedDataCache: Unable to find inner node Pak for hierarchical cache Hierarchy.
[2018.11.20-19.55.48:509][  0]LogDerivedDataCache: FDerivedDataBackendGraph:  CompressedPak pak cache file D:/Documents/GitHub/TGP_PairProject/TGP_Project/DerivedDataCache/Compressed.ddp not found, will not use a pak cache.
[2018.11.20-19.55.48:509][  0]LogDerivedDataCache: Unable to find inner node CompressedPak for hierarchical cache Hierarchy.
[2018.11.20-19.55.48:521][  0]LogDerivedDataCache: Display: Pak cache opened for reading ../../../Engine/DerivedDataCache/Compressed.ddp.
[2018.11.20-19.55.48:533][  0]LogDerivedDataCache: Using Local data cache path C:/Users/TDSSK/AppData/Local/UnrealEngine/Common/DerivedDataCache: Writable
[2018.11.20-19.55.48:533][  0]LogDerivedDataCache: Shared data cache path not found in *engine.ini, will not use an Shared cache.
[2018.11.20-19.55.48:533][  0]LogDerivedDataCache: Unable to find inner node Shared for hierarchical cache Hierarchy.
[2018.11.20-19.55.48:550][  0]LogMaterial: Verifying Global Shaders for PCD3D_SM5
[2018.11.20-19.55.48:551][  0]LogSlate: Using FreeType 2.6.0
[2018.11.20-19.55.48:552][  0]LogSlate: SlateFontServices - WITH_FREETYPE: 1, WITH_HARFBUZZ: 1
[2018.11.20-19.55.48:638][  0]LogAssetRegistry: FAssetRegistry took 0.0261 seconds to start up
[2018.11.20-19.55.48:923][  0]LogInit: Selected Device Profile: [Windows]
[2018.11.20-19.55.49:044][  0]LogSimplygon: Simplygon DLL not present - disabling.
[2018.11.20-19.55.49:047][  0]LogMeshReduction: Using SimplygonSwarm for distributed automatic mesh merging
[2018.11.20-19.55.49:047][  0]LogMeshReduction: Using ProxyLODMeshReduction for automatic mesh merging
[2018.11.20-19.55.49:047][  0]LogMeshReduction: Using QuadricMeshReduction for automatic static mesh reduction
[2018.11.20-19.55.49:047][  0]LogMeshReduction: No automatic skeletal mesh reduction module available
[2018.11.20-19.55.49:061][  0]LogNetVersion: TGP_Project 1.0.0, NetCL: 4212847, EngineNetVer: 5, GameNetVer: 0 (Checksum: 95638710)
[2018.11.20-19.55.49:547][  0]LogPackageLocalizationCache: Processed 11 localized package path(s) for 2 prioritized culture(s) in 0.075229 seconds
[2018.11.20-19.55.49:553][  0]LogUObjectArray: 38425 objects as part of root set at end of initial load.
[2018.11.20-19.55.49:553][  0]LogUObjectAllocator: 6690872 out of 0 bytes used by permanent object pool.
[2018.11.20-19.55.49:553][  0]LogUObjectArray: CloseDisregardForGC: 0/0 objects in disregard for GC pool
[2018.11.20-19.55.50:553][  0]LogTcpMessaging: Initializing TcpMessaging bridge
[2018.11.20-19.55.50:565][  0]LogUdpMessaging: Initializing bridge on interface 0.0.0.0:0 to multicast group 230.0.0.1:6666.
[2018.11.20-19.55.50:708][  0]SourceControl: Source control is disabled
[2018.11.20-19.55.50:708][  0]SourceControl: Source control is disabled
[2018.11.20-19.55.50:709][  0]SourceControl: Source control is disabled
[2018.11.20-19.55.50:709][  0]SourceControl: Source control is disabled
[2018.11.20-19.55.50:883][  0]LogAndroidPermission: UAndroidPermissionCallbackProxy::GetInstance
[2018.11.20-19.55.50:960][  0]LogOcInput: OculusInput pre-init called
[2018.11.20-19.55.51:016][  0]LogEngine: Initializing Engine...
[2018.11.20-19.55.51:017][  0]LogHMD: Failed to initialize OpenVR with code 110
[2018.11.20-19.55.51:019][  0]LogStats: UGameplayTagsManager::ConstructGameplayTagTree: ImportINI prefixes -  0.000 s
[2018.11.20-19.55.51:019][  0]LogStats: UGameplayTagsManager::ConstructGameplayTagTree: Construct from data asset -  0.000 s
[2018.11.20-19.55.51:019][  0]LogStats: UGameplayTagsManager::ConstructGameplayTagTree: ImportINI -  0.000 s
[2018.11.20-19.55.51:019][  0]LogStats: UGameplayTagsManager::ConstructGameplayTagTree: GameplayTagTreeChangedEvent.Broadcast -  0.000 s
[2018.11.20-19.55.51:221][  0]LogInit: Initializing FReadOnlyCVARCache
[2018.11.20-19.55.51:233][  0]LogAIModule: Creating AISystem for world Untitled
[2018.11.20-19.55.51:279][  0]LogInit: XAudio2 using 'Headphones (4- SteelSeries Arctis 7 Game)' : 2 channels at 48 kHz using 16 bits per sample (channel mask 0x3)
[2018.11.20-19.55.51:301][  0]LogInit: FAudioDevice initialized.
[2018.11.20-19.55.51:302][  0]LogNetVersion: Set ProjectVersion to 1.0.0.0. Version Checksum will be recalculated on next use.
[2018.11.20-19.55.51:751][  0]LogDerivedDataCache: Saved boot cache 0.45s 71MB C:/Users/TDSSK/AppData/Local/UnrealEngine/4.20/DerivedDataCache/Boot.ddc.
[2018.11.20-19.55.51:760][  0]LogInit: Texture streaming: Enabled
[2018.11.20-19.55.51:781][  0]LogEngineSessionManager: EngineSessionManager initialized
[2018.11.20-19.55.51:834][  0]LogInit: Transaction tracking system initialized
[2018.11.20-19.55.51:857][  0]BlueprintLog: New page: Editor Load
[2018.11.20-19.55.51:922][  0]LocalizationService: Localization service is disabled
[2018.11.20-19.55.52:170][  0]LogCook: Display: Max memory allowance for cook 16384mb min free memory 0mb
[2018.11.20-19.55.52:170][  0]LogCook: Display: Mobile HDR setting 1
[2018.11.20-19.55.52:170][  0]LogGameplayTags: Display: UGameplayTagsManager::DoneAddingNativeTags. DelegateIsBound: 0
[2018.11.20-19.55.52:170][  0]LogStats: UGameplayTagsManager::ConstructGameplayTagTree: ImportINI prefixes -  0.000 s
[2018.11.20-19.55.52:170][  0]LogStats: UGameplayTagsManager::ConstructGameplayTagTree: Construct from data asset -  0.000 s
[2018.11.20-19.55.52:170][  0]LogFileCache: Scanning file cache for directory 'D:/Documents/GitHub/TGP_PairProject/TGP_Project/Content/' took 0.01s
[2018.11.20-19.55.52:170][  0]LogStats: UGameplayTagsManager::ConstructGameplayTagTree: ImportINI -  0.000 s
[2018.11.20-19.55.52:170][  0]LogStats: UGameplayTagsManager::ConstructGameplayTagTree: GameplayTagTreeChangedEvent.Broadcast -  0.000 s
[2018.11.20-19.55.52:280][  0]SourceControl: Source control is disabled
[2018.11.20-19.55.52:281][  0]Cmd: MAP LOAD FILE="D:/Documents/GitHub/TGP_PairProject/TGP_Project/Content/BaseLevel.umap" TEMPLATE=0 SHOWPROGRESS=1 FEATURELEVEL=3
[2018.11.20-19.55.52:281][  0]LightingResults: New page: Lighting Build
[2018.11.20-19.55.52:284][  0]MapCheck: New page: Map Check
[2018.11.20-19.55.52:284][  0]LightingResults: New page: Lighting Build
[2018.11.20-19.55.52:331][  0]LogAIModule: Creating AISystem for world BaseLevel
[2018.11.20-19.55.52:335][  0]LogEditorServer: Finished looking for orphan Actors (0.000 secs)
[2018.11.20-19.55.52:355][  0]Cmd: MAP CHECKDEP NOCLEARLOG
[2018.11.20-19.55.52:451][  0]MapCheck: Map check complete: 0 Error(s), 0 Warning(s), took 96.109ms to complete.
[2018.11.20-19.55.52:452][  0]LogFileHelpers: Loading map 'BaseLevel' took 0.171
[2018.11.20-19.55.52:541][  0]LogSlate: Updating window title bar state: overlay mode, drag disabled, window buttons hidden, title bar hidden
[2018.11.20-19.55.52:549][  0]LogSlate: Updating window title bar state: overlay mode, drag disabled, window buttons hidden, title bar hidden
[2018.11.20-19.55.52:556][  0]LogSlate: Updating window title bar state: overlay mode, drag disabled, window buttons hidden, title bar hidden
[2018.11.20-19.55.52:564][  0]LogSlate: Updating window title bar state: overlay mode, drag disabled, window buttons hidden, title bar hidden
[2018.11.20-19.55.52:570][  0]LogCollectionManager: Loaded 0 collections in 0.001373 seconds
[2018.11.20-19.55.52:610][  0]LogFileCache: Scanning file cache for directory 'D:/Documents/GitHub/TGP_PairProject/TGP_Project/Saved/Collections/' took 0.01s
[2018.11.20-19.55.52:610][  0]LogFileCache: Scanning file cache for directory 'D:/Documents/GitHub/TGP_PairProject/TGP_Project/Content/Developers/TDSSK/Collections/' took 0.01s
[2018.11.20-19.55.52:610][  0]LogFileCache: Scanning file cache for directory 'D:/Documents/GitHub/TGP_PairProject/TGP_Project/Content/Collections/' took 0.01s
[2018.11.20-19.55.52:610][  0]LogCollectionManager: Rebuilt the GUID cache for 0 collections in 0.000000 seconds
[2018.11.20-19.55.52:619][  0]LogContentBrowser: Native class hierarchy populated in 0.0087 seconds. Added 2576 classes and 606 folders.
[2018.11.20-19.55.52:624][  0]LogContentBrowser: Native class hierarchy updated for 'WidgetCarousel' in 0.0002 seconds. Added 0 classes and 0 folders.
[2018.11.20-19.55.52:673][  0]LogContentBrowser: Native class hierarchy updated for 'AddContentDialog' in 0.0003 seconds. Added 0 classes and 0 folders.
[2018.11.20-19.55.52:677][  0]LogContentBrowser: Native class hierarchy updated for 'SceneOutliner' in 0.0003 seconds. Added 1 classes and 2 folders.
[2018.11.20-19.55.52:736][  0]LogSlate: Took 0.000708 seconds to synchronously load lazily loaded font '../../../Engine/Content/Slate/Fonts/Roboto-Regular.ttf' (155K)
[2018.11.20-19.55.52:739][  0]LogSlate: Took 0.000795 seconds to synchronously load lazily loaded font '../../../Engine/Content/Slate/Fonts/Roboto-Bold.ttf' (160K)
[2018.11.20-19.55.52:744][  0]LogSlate: Took 0.000595 seconds to synchronously load lazily loaded font '../../../Engine/Content/Editor/Slate/Fonts/FontAwesome.ttf' (139K)
[2018.11.20-19.55.52:824][  0]LogRenderer: Reallocating scene render targets to support 1208x600 Format 10 NumSamples 1 (Frame:1).
[2018.11.20-19.55.52:861][  0]LogSlate: Took 0.000809 seconds to synchronously load lazily loaded font '../../../Engine/Content/Slate/Fonts/Roboto-Light.ttf' (167K)
[2018.11.20-19.55.52:962][  0]LogContentBrowser: Native class hierarchy updated for 'HierarchicalLODOutliner' in 0.0003 seconds. Added 0 classes and 0 folders.
[2018.11.20-19.55.52:962][  0]LogLoad: (Engine Initialization) Total time: 7.92 seconds
[2018.11.20-19.55.52:962][  0]LogLoad: (Engine Initialization) Total Blueprint compile time: 0.00 seconds
[2018.11.20-19.55.53:001][  0]LogContentStreaming: Texture pool size now 1000 MB
[2018.11.20-19.55.53:072][  1]LogAssetRegistry: Asset discovery search completed in 4.4567 seconds
[2018.11.20-19.55.53:074][  1]LogCollectionManager: Rebuilt the object cache for 0 collections in 0.000000 seconds (found 0 objects)
[2018.11.20-19.55.53:074][  1]LogCollectionManager: Fixed up redirectors for 0 collections in 0.000046 seconds (updated 0 objects)
[2018.11.20-19.56.26:048][194]LogSlate: FSceneViewport::OnFocusLost() reason 0
[2018.11.20-19.56.26:125][202]Candidate modules for hot reload:
[2018.11.20-19.56.26:125][202]  TGP_Project
[2018.11.20-19.56.26:125][202]Launching UnrealBuildTool... [C:/Program Files/Epic Games/UE_4.20/Engine/Binaries/DotNET/UnrealBuildTool.exe  -ModuleWithSuffix=TGP_Project,9720 Win64 Development -TargetType=Editor -Project="D:/Documents/GitHub/TGP_PairProject/TGP_Project/TGP_Project.uproject" -canskiplink "D:/Documents/GitHub/TGP_PairProject/TGP_Project/TGP_Project.uproject" ]
[2018.11.20-19.56.26:126][202]Warning: Starting HotReload took  0.0s.
[2018.11.20-19.57.00:823][347]CompilerResultsLog: New page: Compilation - 20 Nov 2018 19:57:00
[2018.11.20-19.57.00:823][347]CompilerResultsLog: Using 'git status' to determine working set for adaptive non-unity build.
[2018.11.20-19.57.00:823][347]CompilerResultsLog: Compiling game modules for hot reload
[2018.11.20-19.57.00:823][347]CompilerResultsLog: Parsing headers for TGP_ProjectEditor
[2018.11.20-19.57.00:823][347]CompilerResultsLog:   Running UnrealHeaderTool "D:\Documents\GitHub\TGP_PairProject\TGP_Project\TGP_Project.uproject" "D:\Documents\GitHub\TGP_PairProject\TGP_Project\Intermediate\Build\Win64\TGP_ProjectEditor\Development\TGP_ProjectEditor.uhtmanifest" -LogCmds="loginit warning, logexit warning, logdatabase error" -Unattended -WarningsAsErrors -installed
[2018.11.20-19.57.00:823][347]CompilerResultsLog: Reflection code generated for TGP_ProjectEditor in 18.185363 seconds
[2018.11.20-19.57.00:823][347]CompilerResultsLog: Building 4 actions with 4 processes...
[2018.11.20-19.57.00:823][347]CompilerResultsLog:   [1/4] BasePlayer.gen.cpp
[2018.11.20-19.57.00:823][347]CompilerResultsLog:   [2/4] BasePlayer.cpp
[2018.11.20-19.57.00:823][347]CompilerResultsLog:   [3/4] UE4Editor-TGP_Project-9720.lib
[2018.11.20-19.57.00:823][347]CompilerResultsLog:      Creating library D:\Documents\GitHub\TGP_PairProject\TGP_Project\Intermediate\Build\Win64\UE4Editor\Development\TGP_Project\UE4Editor-TGP_Project-9720.lib and object D:\Documents\GitHub\TGP_PairProject\TGP_Project\Intermediate\Build\Win64\UE4Editor\Development\TGP_Project\UE4Editor-TGP_Project-9720.exp
[2018.11.20-19.57.00:823][347]CompilerResultsLog:   [4/4] UE4Editor-TGP_Project-9720.dll
[2018.11.20-19.57.00:823][347]CompilerResultsLog:      Creating library D:\Documents\GitHub\TGP_PairProject\TGP_Project\Intermediate\Build\Win64\UE4Editor\Development\TGP_Project\UE4Editor-TGP_Project-9720.suppressed.lib and object D:\Documents\GitHub\TGP_PairProject\TGP_Project\Intermediate\Build\Win64\UE4Editor\Development\TGP_Project\UE4Editor-TGP_Project-9720.suppressed.exp
[2018.11.20-19.57.00:823][347]CompilerResultsLog: Total build time: 34.43 seconds (Parallel executor: 14.06 seconds)
[2018.11.20-19.57.00:823][347]LogMainFrame: MainFrame: Module compiling took 34.702 seconds
[2018.11.20-19.57.00:847][347]LogHotReload: Re-instancing BasePlayer after hot-reload.
[2018.11.20-19.57.00:942][347]LogContentBrowser: Native class hierarchy updated for 'TGP_Project' in 0.0003 seconds. Added 4 classes and 3 folders.
[2018.11.20-19.57.00:944][347]Display: HotReload successful (0 functions remapped  0 scriptstructs remapped)
[2018.11.20-19.57.01:030][347]LogContentBrowser: Native class hierarchy populated in 0.0095 seconds. Added 2577 classes and 608 folders.
[2018.11.20-19.57.01:030][347]Display: HotReload took 34.9s.
[2018.11.20-19.57.26:610][416]LogTemp: Repeating last play command: New Editor Window (PIE)
[2018.11.20-19.57.26:622][416]LogPlayLevel: PlayLevel: No blueprints needed recompiling
[2018.11.20-19.57.26:634][416]PIE: New page: PIE session: BaseLevel (20 Nov 2018 19:57:26)
[2018.11.20-19.57.26:634][416]LogPlayLevel: Creating play world package: /Game/UEDPIE_0_BaseLevel
[2018.11.20-19.57.26:636][416]LogPlayLevel: PIE: StaticDuplicateObject took: (0.001947s)
[2018.11.20-19.57.26:637][416]LogAIModule: Creating AISystem for world BaseLevel
[2018.11.20-19.57.26:637][416]LogPlayLevel: PIE: World Init took: (0.000748s)
[2018.11.20-19.57.26:637][416]LogPlayLevel: PIE: Created PIE world by copying editor world from /Game/BaseLevel.BaseLevel to /Game/UEDPIE_0_BaseLevel.BaseLevel (0.002831s)
[2018.11.20-19.57.26:668][416]LogInit: XAudio2 using 'Headphones (4- SteelSeries Arctis 7 Game)' : 2 channels at 48 kHz using 16 bits per sample (channel mask 0x3)
[2018.11.20-19.57.26:688][416]LogInit: FAudioDevice initialized.
[2018.11.20-19.57.26:694][416]LogSlate: Updating window title bar state: overlay mode, drag disabled, window buttons hidden, title bar hidden
[2018.11.20-19.57.26:749][416]LogLoad: Game class is 'GameModeTemp_C'
[2018.11.20-19.57.26:750][416]LogWorld: Bringing World /Game/UEDPIE_0_BaseLevel.BaseLevel up for play (max tick rate 0) at 2018.11.20-19.57.26
[2018.11.20-19.57.26:751][416]LogWorld: Bringing up level for play took: 0.000976
[2018.11.20-19.57.26:784][416]LogContentBrowser: Native class hierarchy updated for 'MovieSceneCapture' in 0.0003 seconds. Added 10 classes and 0 folders.
[2018.11.20-19.57.26:784][416]LogGameMode: Display: Match State Changed from EnteringMap to WaitingToStart
[2018.11.20-19.57.26:785][416]LogGameState: Match State Changed from EnteringMap to WaitingToStart
[2018.11.20-19.57.26:785][416]LogGameMode: Display: Match State Changed from WaitingToStart to InProgress
[2018.11.20-19.57.26:785][416]LogGameState: Match State Changed from WaitingToStart to InProgress
[2018.11.20-19.57.26:789][416]PIE: Play in editor start time for /Game/UEDPIE_0_BaseLevel -0.549
[2018.11.20-19.57.26:793][416]LogRenderer: Reallocating scene render targets to support 1292x756 Format 10 NumSamples 1 (Frame:1).
[2018.11.20-19.57.30:670][873]LogSlate: Updating window title bar state: overlay mode, drag disabled, window buttons hidden, title bar hidden
[2018.11.20-19.57.30:682][873]LogSlate: Window 'TGP_Project Game Preview Standalone (64-bit/PCD3D_SM5)' being destroyed
[2018.11.20-19.57.30:715][873]LogPlayLevel: Display: Shutting down PIE online subsystems
[2018.11.20-19.57.30:777][877]LogPlayLevel: Display: Destroying online subsystem :Context_1
[2018.11.20-19.57.33:439][188]LogSlate: Took 0.000240 seconds to synchronously load lazily loaded font '../../../Engine/Content/Slate/Fonts/Roboto-Light.ttf' (167K)
[2018.11.20-19.57.33:444][188]LogAssetEditorManager: Opening Asset editor for Blueprint /Game/PlayerCharacter.PlayerCharacter
[2018.11.20-19.57.33:899][188]LogContentBrowser: Native class hierarchy updated for 'BlueprintGraph' in 0.0006 seconds. Added 116 classes and 0 folders.
[2018.11.20-19.57.38:348][632]BlueprintLog: New page: Compile PlayerCharacter
[2018.11.20-19.57.39:531][757]LogTemp: Repeating last play command: New Editor Window (PIE)
[2018.11.20-19.57.39:545][757]LogPlayLevel: PlayLevel: No blueprints needed recompiling
[2018.11.20-19.57.39:545][757]PIE: New page: PIE session: BaseLevel (20 Nov 2018 19:57:39)
[2018.11.20-19.57.39:545][757]LogPlayLevel: Creating play world package: /Game/UEDPIE_0_BaseLevel
[2018.11.20-19.57.39:547][757]LogPlayLevel: PIE: StaticDuplicateObject took: (0.001826s)
[2018.11.20-19.57.39:547][757]LogAIModule: Creating AISystem for world BaseLevel
[2018.11.20-19.57.39:548][757]LogPlayLevel: PIE: World Init took: (0.000588s)
[2018.11.20-19.57.39:548][757]LogPlayLevel: PIE: Created PIE world by copying editor world from /Game/BaseLevel.BaseLevel to /Game/UEDPIE_0_BaseLevel.BaseLevel (0.002540s)
[2018.11.20-19.57.39:586][757]LogInit: XAudio2 using 'Headphones (4- SteelSeries Arctis 7 Game)' : 2 channels at 48 kHz using 16 bits per sample (channel mask 0x3)
[2018.11.20-19.57.39:606][757]LogInit: FAudioDevice initialized.
[2018.11.20-19.57.39:613][757]LogSlate: Updating window title bar state: overlay mode, drag disabled, window buttons hidden, title bar hidden
[2018.11.20-19.57.39:642][757]LogLoad: Game class is 'GameModeTemp_C'
[2018.11.20-19.57.39:643][757]LogWorld: Bringing World /Game/UEDPIE_0_BaseLevel.BaseLevel up for play (max tick rate 0) at 2018.11.20-19.57.39
[2018.11.20-19.57.39:643][757]LogWorld: Bringing up level for play took: 0.000717
[2018.11.20-19.57.39:656][757]LogGameMode: Display: Match State Changed from EnteringMap to WaitingToStart
[2018.11.20-19.57.39:656][757]LogGameState: Match State Changed from EnteringMap to WaitingToStart
[2018.11.20-19.57.39:656][757]LogGameMode: Display: Match State Changed from WaitingToStart to InProgress
[2018.11.20-19.57.39:657][757]LogGameState: Match State Changed from WaitingToStart to InProgress
[2018.11.20-19.57.39:663][757]PIE: Play in editor start time for /Game/UEDPIE_0_BaseLevel 0.325
[2018.11.20-19.57.40:636][865]LogSlate: Updating window title bar state: overlay mode, drag disabled, window buttons hidden, title bar hidden
[2018.11.20-19.57.40:648][865]LogSlate: Window 'TGP_Project Game Preview Standalone (64-bit/PCD3D_SM5)' being destroyed
[2018.11.20-19.57.40:681][865]LogPlayLevel: Display: Shutting down PIE online subsystems
[2018.11.20-19.57.40:741][868]LogPlayLevel: Display: Destroying online subsystem :Context_3
[2018.11.20-19.58.05:386][648]Candidate modules for hot reload:
[2018.11.20-19.58.05:386][648]  TGP_Project
[2018.11.20-19.58.05:387][648]Launching UnrealBuildTool... [C:/Program Files/Epic Games/UE_4.20/Engine/Binaries/DotNET/UnrealBuildTool.exe  -ModuleWithSuffix=TGP_Project,3080 Win64 Development -TargetType=Editor -Project="D:/Documents/GitHub/TGP_PairProject/TGP_Project/TGP_Project.uproject" -canskiplink "D:/Documents/GitHub/TGP_PairProject/TGP_Project/TGP_Project.uproject" ]
[2018.11.20-19.58.05:388][648]Warning: Starting HotReload took  0.0s.
[2018.11.20-19.58.08:720][ 47]CompilerResultsLog: New page: Compilation - 20 Nov 2018 19:58:08
[2018.11.20-19.58.08:721][ 47]CompilerResultsLog: Using 'git status' to determine working set for adaptive non-unity build.
[2018.11.20-19.58.08:721][ 47]CompilerResultsLog: Compiling game modules for hot reload
[2018.11.20-19.58.08:721][ 47]CompilerResultsLog: Building 3 actions with 4 processes...
[2018.11.20-19.58.08:721][ 47]CompilerResultsLog:   [1/3] BaseCharacter.cpp
[2018.11.20-19.58.08:721][ 47]CompilerResultsLog:   [2/3] UE4Editor-TGP_Project-3080.lib
[2018.11.20-19.58.08:721][ 47]CompilerResultsLog:      Creating library D:\Documents\GitHub\TGP_PairProject\TGP_Project\Intermediate\Build\Win64\UE4Editor\Development\TGP_Project\UE4Editor-TGP_Project-3080.lib and object D:\Documents\GitHub\TGP_PairProject\TGP_Project\Intermediate\Build\Win64\UE4Editor\Development\TGP_Project\UE4Editor-TGP_Project-3080.exp
[2018.11.20-19.58.08:721][ 47]CompilerResultsLog:   [3/3] UE4Editor-TGP_Project-3080.dll
[2018.11.20-19.58.08:721][ 47]CompilerResultsLog:      Creating library D:\Documents\GitHub\TGP_PairProject\TGP_Project\Intermediate\Build\Win64\UE4Editor\Development\TGP_Project\UE4Editor-TGP_Project-3080.suppressed.lib and object D:\Documents\GitHub\TGP_PairProject\TGP_Project\Intermediate\Build\Win64\UE4Editor\Development\TGP_Project\UE4Editor-TGP_Project-3080.suppressed.exp
[2018.11.20-19.58.08:721][ 47]CompilerResultsLog: Total build time: 3.07 seconds (Parallel executor: 1.41 seconds)
[2018.11.20-19.58.08:721][ 47]LogMainFrame: MainFrame: Module compiling took 3.337 seconds
[2018.11.20-19.58.08:755][ 47]LogContentBrowser: Native class hierarchy updated for 'TGP_Project' in 0.0004 seconds. Added 4 classes and 3 folders.
[2018.11.20-19.58.08:758][ 47]Display: HotReload successful (0 functions remapped  0 scriptstructs remapped)
[2018.11.20-19.58.09:076][ 47]LogContentBrowser: Native class hierarchy populated in 0.0086 seconds. Added 2577 classes and 608 folders.
[2018.11.20-19.58.09:076][ 47]Display: HotReload took  3.7s.
[2018.11.20-19.58.10:659][237]LogTemp: Repeating last play command: New Editor Window (PIE)
[2018.11.20-19.58.10:671][237]LogPlayLevel: PlayLevel: No blueprints needed recompiling
[2018.11.20-19.58.10:671][237]PIE: New page: PIE session: BaseLevel (20 Nov 2018 19:58:10)
[2018.11.20-19.58.10:671][237]LogPlayLevel: Creating play world package: /Game/UEDPIE_0_BaseLevel
[2018.11.20-19.58.10:673][237]LogPlayLevel: PIE: StaticDuplicateObject took: (0.001856s)
[2018.11.20-19.58.10:674][237]LogAIModule: Creating AISystem for world BaseLevel
[2018.11.20-19.58.10:674][237]LogPlayLevel: PIE: World Init took: (0.000569s)
[2018.11.20-19.58.10:674][237]LogPlayLevel: PIE: Created PIE world by copying editor world from /Game/BaseLevel.BaseLevel to /Game/UEDPIE_0_BaseLevel.BaseLevel (0.002514s)
[2018.11.20-19.58.10:728][237]LogInit: XAudio2 using 'Headphones (4- SteelSeries Arctis 7 Game)' : 2 channels at 48 kHz using 16 bits per sample (channel mask 0x3)
[2018.11.20-19.58.10:749][237]LogInit: FAudioDevice initialized.
[2018.11.20-19.58.10:756][237]LogSlate: Updating window title bar state: overlay mode, drag disabled, window buttons hidden, title bar hidden
[2018.11.20-19.58.10:792][237]LogLoad: Game class is 'GameModeTemp_C'
[2018.11.20-19.58.10:794][237]LogWorld: Bringing World /Game/UEDPIE_0_BaseLevel.BaseLevel up for play (max tick rate 0) at 2018.11.20-19.58.10
[2018.11.20-19.58.10:794][237]LogWorld: Bringing up level for play took: 0.000878
[2018.11.20-19.58.10:806][237]LogGameMode: Display: Match State Changed from EnteringMap to WaitingToStart
[2018.11.20-19.58.10:806][237]LogGameState: Match State Changed from EnteringMap to WaitingToStart
[2018.11.20-19.58.10:806][237]LogGameMode: Display: Match State Changed from WaitingToStart to InProgress
[2018.11.20-19.58.10:806][237]LogGameState: Match State Changed from WaitingToStart to InProgress
[2018.11.20-19.58.10:809][237]PIE: Play in editor start time for /Game/UEDPIE_0_BaseLevel -0.528
[2018.11.20-19.58.15:243][756]LogSlate: Updating window title bar state: overlay mode, drag disabled, window buttons hidden, title bar hidden
[2018.11.20-19.58.15:256][756]LogSlate: Window 'TGP_Project Game Preview Standalone (64-bit/PCD3D_SM5)' being destroyed
[2018.11.20-19.58.15:289][756]LogPlayLevel: Display: Shutting down PIE online subsystems
[2018.11.20-19.58.15:349][758]LogPlayLevel: Display: Destroying online subsystem :Context_4
[2018.11.20-19.58.15:872][819]Candidate modules for hot reload:
[2018.11.20-19.58.15:872][819]  TGP_Project
[2018.11.20-19.58.15:872][819]Launching UnrealBuildTool... [C:/Program Files/Epic Games/UE_4.20/Engine/Binaries/DotNET/UnrealBuildTool.exe  -ModuleWithSuffix=TGP_Project,3577 Win64 Development -TargetType=Editor -Project="D:/Documents/GitHub/TGP_PairProject/TGP_Project/TGP_Project.uproject" -canskiplink "D:/Documents/GitHub/TGP_PairProject/TGP_Project/TGP_Project.uproject" ]
[2018.11.20-19.58.15:873][819]Warning: Starting HotReload took  0.0s.
[2018.11.20-19.58.17:774][ 46]CompilerResultsLog: New page: Compilation - 20 Nov 2018 19:58:17
[2018.11.20-19.58.17:774][ 46]CompilerResultsLog: Using 'git status' to determine working set for adaptive non-unity build.
[2018.11.20-19.58.17:774][ 46]CompilerResultsLog: Compiling game modules for hot reload
[2018.11.20-19.58.17:774][ 46]CompilerResultsLog: Target is up to date
[2018.11.20-19.58.17:774][ 46]CompilerResultsLog: Total build time: 1.64 seconds (NoActionsToExecute executor: 0.00 seconds)
[2018.11.20-19.58.17:774][ 46]LogMainFrame: MainFrame: Module compiling took 1.906 seconds
[2018.11.20-19.58.18:050][ 46]LogContentBrowser: Native class hierarchy populated in 0.0090 seconds. Added 2577 classes and 608 folders.
[2018.11.20-19.58.18:050][ 46]Display: HotReload took  2.2s.
[2018.11.20-19.58.37:702][403]LogTemp: Repeating last play command: New Editor Window (PIE)
[2018.11.20-19.58.37:713][403]LogPlayLevel: PlayLevel: No blueprints needed recompiling
[2018.11.20-19.58.37:713][403]PIE: New page: PIE session: BaseLevel (20 Nov 2018 19:58:37)
[2018.11.20-19.58.37:713][403]LogPlayLevel: Creating play world package: /Game/UEDPIE_0_BaseLevel
[2018.11.20-19.58.37:717][403]LogPlayLevel: PIE: StaticDuplicateObject took: (0.004127s)
[2018.11.20-19.58.37:717][403]LogAIModule: Creating AISystem for world BaseLevel
[2018.11.20-19.58.37:718][403]LogPlayLevel: PIE: World Init took: (0.000632s)
[2018.11.20-19.58.37:718][403]LogPlayLevel: PIE: Created PIE world by copying editor world from /Game/BaseLevel.BaseLevel to /Game/UEDPIE_0_BaseLevel.BaseLevel (0.004878s)
[2018.11.20-19.58.37:792][403]LogInit: XAudio2 using 'Headphones (4- SteelSeries Arctis 7 Game)' : 2 channels at 48 kHz using 16 bits per sample (channel mask 0x3)
[2018.11.20-19.58.37:810][403]LogInit: FAudioDevice initialized.
[2018.11.20-19.58.37:816][403]LogSlate: Updating window title bar state: overlay mode, drag disabled, window buttons hidden, title bar hidden
[2018.11.20-19.58.37:859][403]LogLoad: Game class is 'GameModeTemp_C'
[2018.11.20-19.58.37:862][403]LogWorld: Bringing World /Game/UEDPIE_0_BaseLevel.BaseLevel up for play (max tick rate 0) at 2018.11.20-19.58.37
[2018.11.20-19.58.37:863][403]LogWorld: Bringing up level for play took: 0.002215
[2018.11.20-19.58.37:877][403]LogGameMode: Display: Match State Changed from EnteringMap to WaitingToStart
[2018.11.20-19.58.37:878][403]LogGameState: Match State Changed from EnteringMap to WaitingToStart
[2018.11.20-19.58.37:878][403]LogGameMode: Display: Match State Changed from WaitingToStart to InProgress
[2018.11.20-19.58.37:879][403]LogGameState: Match State Changed from WaitingToStart to InProgress
[2018.11.20-19.58.37:887][403]PIE: Play in editor start time for /Game/UEDPIE_0_BaseLevel 0.549
[2018.11.20-19.58.45:715][325]LogSlate: Updating window title bar state: overlay mode, drag disabled, window buttons hidden, title bar hidden
[2018.11.20-19.58.45:728][325]LogSlate: Window 'TGP_Project Game Preview Standalone (64-bit/PCD3D_SM5)' being destroyed
[2018.11.20-19.58.45:762][325]LogPlayLevel: Display: Shutting down PIE online subsystems
[2018.11.20-19.58.45:822][326]LogPlayLevel: Display: Destroying online subsystem :Context_5
[2018.11.20-19.58.52:360][109]LogTemp: Repeating last play command: New Editor Window (PIE)
[2018.11.20-19.58.52:372][109]LogPlayLevel: PlayLevel: No blueprints needed recompiling
[2018.11.20-19.58.52:372][109]PIE: New page: PIE session: BaseLevel (20 Nov 2018 19:58:52)
[2018.11.20-19.58.52:372][109]LogPlayLevel: Creating play world package: /Game/UEDPIE_0_BaseLevel
[2018.11.20-19.58.52:374][109]LogPlayLevel: PIE: StaticDuplicateObject took: (0.001759s)
[2018.11.20-19.58.52:374][109]LogAIModule: Creating AISystem for world BaseLevel
[2018.11.20-19.58.52:374][109]LogPlayLevel: PIE: World Init took: (0.000568s)
[2018.11.20-19.58.52:374][109]LogPlayLevel: PIE: Created PIE world by copying editor world from /Game/BaseLevel.BaseLevel to /Game/UEDPIE_0_BaseLevel.BaseLevel (0.002469s)
[2018.11.20-19.58.52:416][109]LogInit: XAudio2 using 'Headphones (4- SteelSeries Arctis 7 Game)' : 2 channels at 48 kHz using 16 bits per sample (channel mask 0x3)
[2018.11.20-19.58.52:436][109]LogInit: FAudioDevice initialized.
[2018.11.20-19.58.52:442][109]LogSlate: Updating window title bar state: overlay mode, drag disabled, window buttons hidden, title bar hidden
[2018.11.20-19.58.52:474][109]LogLoad: Game class is 'GameModeTemp_C'
[2018.11.20-19.58.52:476][109]LogWorld: Bringing World /Game/UEDPIE_0_BaseLevel.BaseLevel up for play (max tick rate 0) at 2018.11.20-19.58.52
[2018.11.20-19.58.52:476][109]LogWorld: Bringing up level for play took: 0.000772
[2018.11.20-19.58.52:487][109]LogGameMode: Display: Match State Changed from EnteringMap to WaitingToStart
[2018.11.20-19.58.52:487][109]LogGameState: Match State Changed from EnteringMap to WaitingToStart
[2018.11.20-19.58.52:487][109]LogGameMode: Display: Match State Changed from WaitingToStart to InProgress
[2018.11.20-19.58.52:488][109]LogGameState: Match State Changed from WaitingToStart to InProgress
[2018.11.20-19.58.52:491][109]PIE: Play in editor start time for /Game/UEDPIE_0_BaseLevel -0.847
[2018.11.20-19.59.04:758][573]LogSlate: Updating window title bar state: overlay mode, drag disabled, window buttons hidden, title bar hidden
[2018.11.20-19.59.04:771][573]LogSlate: Window 'TGP_Project Game Preview Standalone (64-bit/PCD3D_SM5)' being destroyed
[2018.11.20-19.59.04:801][573]LogPlayLevel: Display: Shutting down PIE online subsystems
[2018.11.20-19.59.04:864][576]LogPlayLevel: Display: Destroying online subsystem :Context_6
[2018.11.20-19.59.12:312][469]LogTemp: Repeating last play command: New Editor Window (PIE)
[2018.11.20-19.59.12:324][469]LogPlayLevel: PlayLevel: No blueprints needed recompiling
[2018.11.20-19.59.12:324][469]PIE: New page: PIE session: BaseLevel (20 Nov 2018 19:59:12)
[2018.11.20-19.59.12:324][469]LogPlayLevel: Creating play world package: /Game/UEDPIE_0_BaseLevel
[2018.11.20-19.59.12:326][469]LogPlayLevel: PIE: StaticDuplicateObject took: (0.001843s)
[2018.11.20-19.59.12:326][469]LogAIModule: Creating AISystem for world BaseLevel
[2018.11.20-19.59.12:326][469]LogPlayLevel: PIE: World Init took: (0.000593s)
[2018.11.20-19.59.12:326][469]LogPlayLevel: PIE: Created PIE world by copying editor world from /Game/BaseLevel.BaseLevel to /Game/UEDPIE_0_BaseLevel.BaseLevel (0.002547s)
[2018.11.20-19.59.12:366][469]LogInit: XAudio2 using 'Headphones (4- SteelSeries Arctis 7 Game)' : 2 channels at 48 kHz using 16 bits per sample (channel mask 0x3)
[2018.11.20-19.59.12:385][469]LogInit: FAudioDevice initialized.
[2018.11.20-19.59.12:391][469]LogSlate: Updating window title bar state: overlay mode, drag disabled, window buttons hidden, title bar hidden
[2018.11.20-19.59.12:426][469]LogLoad: Game class is 'GameModeTemp_C'
[2018.11.20-19.59.12:427][469]LogWorld: Bringing World /Game/UEDPIE_0_BaseLevel.BaseLevel up for play (max tick rate 0) at 2018.11.20-19.59.12
[2018.11.20-19.59.12:427][469]LogWorld: Bringing up level for play took: 0.000765
[2018.11.20-19.59.12:439][469]LogGameMode: Display: Match State Changed from EnteringMap to WaitingToStart
[2018.11.20-19.59.12:439][469]LogGameState: Match State Changed from EnteringMap to WaitingToStart
[2018.11.20-19.59.12:439][469]LogGameMode: Display: Match State Changed from WaitingToStart to InProgress
[2018.11.20-19.59.12:440][469]LogGameState: Match State Changed from WaitingToStart to InProgress
[2018.11.20-19.59.12:446][469]PIE: Play in editor start time for /Game/UEDPIE_0_BaseLevel 1.109
[2018.11.20-19.59.15:068][775]Cmd: PreviousDebugTarget
[2018.11.20-19.59.15:276][800]Cmd: NextDebugTarget
[2018.11.20-19.59.17:043][ 12]Cmd: NextDebugTarget
[2018.11.20-19.59.19:527][310]Cmd: PreviousDebugTarget
[2018.11.20-19.59.20:210][392]Cmd: NextDebugTarget
[2018.11.20-19.59.20:652][445]Cmd: PreviousDebugTarget
[2018.11.20-19.59.21:002][487]Cmd: NextDebugTarget
[2018.11.20-19.59.22:710][692]Cmd: PreviousDebugTarget
[2018.11.20-19.59.23:102][739]Cmd: NextDebugTarget
[2018.11.20-19.59.23:819][825]Cmd: PreviousDebugTarget
[2018.11.20-19.59.56:697][752]LogSlate: Updating window title bar state: overlay mode, drag disabled, window buttons hidden, title bar hidden
[2018.11.20-19.59.56:711][752]LogSlate: Window 'TGP_Project Game Preview Standalone (64-bit/PCD3D_SM5)' being destroyed
[2018.11.20-19.59.56:742][752]LogPlayLevel: Display: Shutting down PIE online subsystems
[2018.11.20-19.59.56:797][754]LogPlayLevel: Display: Destroying online subsystem :Context_7
[2018.11.20-20.00.07:545][ 42]LogTemp: Repeating last play command: New Editor Window (PIE)
[2018.11.20-20.00.07:556][ 42]LogPlayLevel: PlayLevel: No blueprints needed recompiling
[2018.11.20-20.00.07:556][ 42]PIE: New page: PIE session: BaseLevel (20 Nov 2018 20:00:07)
[2018.11.20-20.00.07:556][ 42]LogPlayLevel: Creating play world package: /Game/UEDPIE_0_BaseLevel
[2018.11.20-20.00.07:558][ 42]LogPlayLevel: PIE: StaticDuplicateObject took: (0.001707s)
[2018.11.20-20.00.07:559][ 42]LogAIModule: Creating AISystem for world BaseLevel
[2018.11.20-20.00.07:559][ 42]LogPlayLevel: PIE: World Init took: (0.000572s)
[2018.11.20-20.00.07:559][ 42]LogPlayLevel: PIE: Created PIE world by copying editor world from /Game/BaseLevel.BaseLevel to /Game/UEDPIE_0_BaseLevel.BaseLevel (0.002394s)
[2018.11.20-20.00.07:600][ 42]LogInit: XAudio2 using 'Headphones (4- SteelSeries Arctis 7 Game)' : 2 channels at 48 kHz using 16 bits per sample (channel mask 0x3)
[2018.11.20-20.00.07:619][ 42]LogInit: FAudioDevice initialized.
[2018.11.20-20.00.07:624][ 42]LogSlate: Updating window title bar state: overlay mode, drag disabled, window buttons hidden, title bar hidden
[2018.11.20-20.00.07:657][ 42]LogLoad: Game class is 'GameModeTemp_C'
[2018.11.20-20.00.07:657][ 42]LogWorld: Bringing World /Game/UEDPIE_0_BaseLevel.BaseLevel up for play (max tick rate 0) at 2018.11.20-20.00.07
[2018.11.20-20.00.07:658][ 42]LogWorld: Bringing up level for play took: 0.000829
[2018.11.20-20.00.07:670][ 42]LogGameMode: Display: Match State Changed from EnteringMap to WaitingToStart
[2018.11.20-20.00.07:670][ 42]LogGameState: Match State Changed from EnteringMap to WaitingToStart
[2018.11.20-20.00.07:670][ 42]LogGameMode: Display: Match State Changed from WaitingToStart to InProgress
[2018.11.20-20.00.07:670][ 42]LogGameState: Match State Changed from WaitingToStart to InProgress
[2018.11.20-20.00.07:674][ 42]PIE: Play in editor start time for /Game/UEDPIE_0_BaseLevel 0.336
[2018.11.20-20.00.09:531][256]LogSlate: Updating window title bar state: overlay mode, drag disabled, window buttons hidden, title bar hidden
[2018.11.20-20.00.09:544][256]LogSlate: Window 'TGP_Project Game Preview Standalone (64-bit/PCD3D_SM5)' being destroyed
[2018.11.20-20.00.09:577][256]LogPlayLevel: Display: Shutting down PIE online subsystems
[2018.11.20-20.00.09:632][258]LogPlayLevel: Display: Destroying online subsystem :Context_8
[2018.11.20-20.00.14:587][851]LogTemp: Repeating last play command: New Editor Window (PIE)
[2018.11.20-20.00.14:599][851]LogPlayLevel: PlayLevel: No blueprints needed recompiling
[2018.11.20-20.00.14:599][851]PIE: New page: PIE session: BaseLevel (20 Nov 2018 20:00:14)
[2018.11.20-20.00.14:599][851]LogPlayLevel: Creating play world package: /Game/UEDPIE_0_BaseLevel
[2018.11.20-20.00.14:601][851]LogPlayLevel: PIE: StaticDuplicateObject took: (0.001702s)
[2018.11.20-20.00.14:601][851]LogAIModule: Creating AISystem for world BaseLevel
[2018.11.20-20.00.14:601][851]LogPlayLevel: PIE: World Init took: (0.000545s)
[2018.11.20-20.00.14:601][851]LogPlayLevel: PIE: Created PIE world by copying editor world from /Game/BaseLevel.BaseLevel to /Game/UEDPIE_0_BaseLevel.BaseLevel (0.002352s)
[2018.11.20-20.00.14:642][851]LogInit: XAudio2 using 'Headphones (4- SteelSeries Arctis 7 Game)' : 2 channels at 48 kHz using 16 bits per sample (channel mask 0x3)
[2018.11.20-20.00.14:661][851]LogInit: FAudioDevice initialized.
[2018.11.20-20.00.14:667][851]LogSlate: Updating window title bar state: overlay mode, drag disabled, window buttons hidden, title bar hidden
[2018.11.20-20.00.14:699][851]LogLoad: Game class is 'GameModeTemp_C'
[2018.11.20-20.00.14:700][851]LogWorld: Bringing World /Game/UEDPIE_0_BaseLevel.BaseLevel up for play (max tick rate 0) at 2018.11.20-20.00.14
[2018.11.20-20.00.14:701][851]LogWorld: Bringing up level for play took: 0.000855
[2018.11.20-20.00.14:712][851]LogGameMode: Display: Match State Changed from EnteringMap to WaitingToStart
[2018.11.20-20.00.14:712][851]LogGameState: Match State Changed from EnteringMap to WaitingToStart
[2018.11.20-20.00.14:712][851]LogGameMode: Display: Match State Changed from WaitingToStart to InProgress
[2018.11.20-20.00.14:713][851]LogGameState: Match State Changed from WaitingToStart to InProgress
[2018.11.20-20.00.14:716][851]PIE: Play in editor start time for /Game/UEDPIE_0_BaseLevel -0.621
[2018.11.20-20.00.21:663][678]LogSlate: Updating window title bar state: overlay mode, drag disabled, window buttons hidden, title bar hidden
[2018.11.20-20.00.21:677][678]LogSlate: Window 'TGP_Project Game Preview Standalone (64-bit/PCD3D_SM5)' being destroyed
[2018.11.20-20.00.21:706][678]LogPlayLevel: Display: Shutting down PIE online subsystems
[2018.11.20-20.00.21:770][681]LogPlayLevel: Display: Destroying online subsystem :Context_9
[2018.11.20-20.00.42:133][ 84]Candidate modules for hot reload:
[2018.11.20-20.00.42:133][ 84]  TGP_Project
[2018.11.20-20.00.42:133][ 84]Launching UnrealBuildTool... [C:/Program Files/Epic Games/UE_4.20/Engine/Binaries/DotNET/UnrealBuildTool.exe  -ModuleWithSuffix=TGP_Project,6378 Win64 Development -TargetType=Editor -Project="D:/Documents/GitHub/TGP_PairProject/TGP_Project/TGP_Project.uproject" -canskiplink "D:/Documents/GitHub/TGP_PairProject/TGP_Project/TGP_Project.uproject" ]
[2018.11.20-20.00.42:135][ 84]Warning: Starting HotReload took  0.0s.
[2018.11.20-20.00.44:003][302]LogEditorViewport: Clicking on Actor (LMB): PlayerCharacter_C (PlayerCharacter2)
[2018.11.20-20.00.56:756][813]CompilerResultsLog: New page: Compilation - 20 Nov 2018 20:00:56
[2018.11.20-20.00.56:756][813]CompilerResultsLog: Using 'git status' to determine working set for adaptive non-unity build.
[2018.11.20-20.00.56:756][813]CompilerResultsLog: Compiling game modules for hot reload
[2018.11.20-20.00.56:756][813]CompilerResultsLog: Building 3 actions with 4 processes...
[2018.11.20-20.00.56:756][813]CompilerResultsLog:   [1/3] BasePlayer.cpp
[2018.11.20-20.00.56:756][813]CompilerResultsLog:   [2/3] UE4Editor-TGP_Project-6378.lib
[2018.11.20-20.00.56:756][813]CompilerResultsLog:      Creating library D:\Documents\GitHub\TGP_PairProject\TGP_Project\Intermediate\Build\Win64\UE4Editor\Development\TGP_Project\UE4Editor-TGP_Project-6378.lib and object D:\Documents\GitHub\TGP_PairProject\TGP_Project\Intermediate\Build\Win64\UE4Editor\Development\TGP_Project\UE4Editor-TGP_Project-6378.exp
[2018.11.20-20.00.56:756][813]CompilerResultsLog:   [3/3] UE4Editor-TGP_Project-6378.dll
[2018.11.20-20.00.56:756][813]CompilerResultsLog:      Creating library D:\Documents\GitHub\TGP_PairProject\TGP_Project\Intermediate\Build\Win64\UE4Editor\Development\TGP_Project\UE4Editor-TGP_Project-6378.suppressed.lib and object D:\Documents\GitHub\TGP_PairProject\TGP_Project\Intermediate\Build\Win64\UE4Editor\Development\TGP_Project\UE4Editor-TGP_Project-6378.suppressed.exp
[2018.11.20-20.00.56:756][813]CompilerResultsLog: Total build time: 14.36 seconds (Parallel executor: 12.67 seconds)
[2018.11.20-20.00.56:756][813]LogMainFrame: MainFrame: Module compiling took 14.627 seconds
[2018.11.20-20.00.56:794][813]LogContentBrowser: Native class hierarchy updated for 'TGP_Project' in 0.0003 seconds. Added 4 classes and 3 folders.
[2018.11.20-20.00.56:797][813]Display: HotReload successful (0 functions remapped  0 scriptstructs remapped)
[2018.11.20-20.00.57:126][813]LogContentBrowser: Native class hierarchy populated in 0.0089 seconds. Added 2577 classes and 608 folders.
[2018.11.20-20.00.57:126][813]Display: HotReload took 15.0s.
[2018.11.20-20.01.03:315][514]LogSlate: FSceneViewport::OnFocusLost() reason 0
[2018.11.20-20.01.05:972][797]LogSlate: FSceneViewport::OnFocusLost() reason 0
[2018.11.20-20.01.06:039][805]LogTemp: Repeating last play command: New Editor Window (PIE)
[2018.11.20-20.01.06:051][805]LogPlayLevel: PlayLevel: No blueprints needed recompiling
[2018.11.20-20.01.06:051][805]PIE: New page: PIE session: BaseLevel (20 Nov 2018 20:01:06)
[2018.11.20-20.01.06:051][805]LogPlayLevel: Creating play world package: /Game/UEDPIE_0_BaseLevel
[2018.11.20-20.01.06:053][805]LogPlayLevel: PIE: StaticDuplicateObject took: (0.001773s)
[2018.11.20-20.01.06:054][805]LogAIModule: Creating AISystem for world BaseLevel
[2018.11.20-20.01.06:054][805]LogPlayLevel: PIE: World Init took: (0.000636s)
[2018.11.20-20.01.06:054][805]LogPlayLevel: PIE: Created PIE world by copying editor world from /Game/BaseLevel.BaseLevel to /Game/UEDPIE_0_BaseLevel.BaseLevel (0.002509s)
[2018.11.20-20.01.06:159][805]LogInit: XAudio2 using 'Headphones (4- SteelSeries Arctis 7 Game)' : 2 channels at 48 kHz using 16 bits per sample (channel mask 0x3)
[2018.11.20-20.01.06:178][805]LogInit: FAudioDevice initialized.
[2018.11.20-20.01.06:185][805]LogSlate: Updating window title bar state: overlay mode, drag disabled, window buttons hidden, title bar hidden
[2018.11.20-20.01.06:216][805]LogLoad: Game class is 'GameModeTemp_C'
[2018.11.20-20.01.06:217][805]LogWorld: Bringing World /Game/UEDPIE_0_BaseLevel.BaseLevel up for play (max tick rate 0) at 2018.11.20-20.01.06
[2018.11.20-20.01.06:218][805]LogWorld: Bringing up level for play took: 0.001090
[2018.11.20-20.01.06:229][805]LogGameMode: Display: Match State Changed from EnteringMap to WaitingToStart
[2018.11.20-20.01.06:229][805]LogGameState: Match State Changed from EnteringMap to WaitingToStart
[2018.11.20-20.01.06:229][805]LogGameMode: Display: Match State Changed from WaitingToStart to InProgress
[2018.11.20-20.01.06:230][805]LogGameState: Match State Changed from WaitingToStart to InProgress
[2018.11.20-20.01.06:233][805]PIE: Play in editor start time for /Game/UEDPIE_0_BaseLevel 0.896
[2018.11.20-20.01.07:139][908]LogSlate: Updating window title bar state: overlay mode, drag disabled, window buttons hidden, title bar hidden
[2018.11.20-20.01.07:152][908]LogSlate: Window 'TGP_Project Game Preview Standalone (64-bit/PCD3D_SM5)' being destroyed
[2018.11.20-20.01.07:179][908]LogPlayLevel: Display: Shutting down PIE online subsystems
[2018.11.20-20.01.07:250][910]LogPlayLevel: Display: Destroying online subsystem :Context_10
[2018.11.20-20.01.09:438][  0]LogSlate: Window 'Save Content' being destroyed
[2018.11.20-20.01.09:526][  0]Cmd: OBJ SAVEPACKAGE PACKAGE="/Game/BaseLevel" FILE="D:/Documents/GitHub/TGP_PairProject/TGP_Project/Content/BaseLevel.umap" SILENT=true AUTOSAVING=false KEEPDIRTY=false
[2018.11.20-20.01.09:572][  0]LogSavePackage: Moving 'D:/Documents/GitHub/TGP_PairProject/TGP_Project/Saved/BaseLevel7DD686FA4146BBB27BFDA280E70467B2.tmp' to 'D:/Documents/GitHub/TGP_PairProject/TGP_Project/Content/BaseLevel.umap'
[2018.11.20-20.01.09:593][  0]LogFileHelpers: Saving map 'BaseLevel' took 0.141
[2018.11.20-20.01.09:595][  0]Cmd: OBJ SAVEPACKAGE PACKAGE="/Game/PlayerCharacter" FILE="D:/Documents/GitHub/TGP_PairProject/TGP_Project/Content/PlayerCharacter.uasset" SILENT=true
[2018.11.20-20.01.09:602][  0]LogSavePackage: Moving 'D:/Documents/GitHub/TGP_PairProject/TGP_Project/Saved/PlayerCharacter7AF422754D9AC321C17BBB90029B0E3F.tmp' to 'D:/Documents/GitHub/TGP_PairProject/TGP_Project/Content/PlayerCharacter.uasset'
[2018.11.20-20.01.09:717][  0]LogSlate: Window 'TGP_Project - Unreal Editor' being destroyed
[2018.11.20-20.01.09:718][  0]LogWindowsTextInputMethodSystem: Display: IME system now deactivated.
[2018.11.20-20.01.09:918][  1]Cmd: QUIT_EDITOR
[2018.11.20-20.01.10:458][  1]LogExit: Preparing to exit.
[2018.11.20-20.01.10:742][  1]LogExit: Editor shut down
[2018.11.20-20.01.10:743][  1]LogExit: Transaction tracking system shut down
[2018.11.20-20.01.11:337][  1]LogExit: Object subsystem successfully closed.
[2018.11.20-20.01.11:349][  1]LogShaderCompilers: Display: Shaders left to compile 0
[2018.11.20-20.01.11:351][  1]LogD3D11RHI: Shutdown
[2018.11.20-20.01.11:351][  1]LogD3D11RHI: CleanupD3DDevice
[2018.11.20-20.01.11:353][  1]LogD3D11RHI: ~FD3D11DynamicRHI
[2018.11.20-20.01.11:370][  1]LogModuleManager: Shutting down and abandoning module TGP_Project (621)
[2018.11.20-20.01.11:370][  1]LogModuleManager: Shutting down and abandoning module BlueprintGraph (619)
[2018.11.20-20.01.11:370][  1]LogModuleManager: Shutting down and abandoning module MovieSceneCapture (617)
[2018.11.20-20.01.11:370][  1]LogModuleManager: Shutting down and abandoning module Voice (615)
[2018.11.20-20.01.11:370][  1]LogModuleManager: Shutting down and abandoning module HierarchicalLODOutliner (612)
[2018.11.20-20.01.11:370][  1]LogModuleManager: Shutting down and abandoning module SceneOutliner (610)
[2018.11.20-20.01.11:370][  1]LogModuleManager: Shutting down and abandoning module AddContentDialog (608)
[2018.11.20-20.01.11:370][  1]LogModuleManager: Shutting down and abandoning module WidgetCarousel (607)
[2018.11.20-20.01.11:370][  1]LogModuleManager: Shutting down and abandoning module EditorWidgets (604)
[2018.11.20-20.01.11:370][  1]LogModuleManager: Shutting down and abandoning module CollectionManager (602)
[2018.11.20-20.01.11:371][  1]LogModuleManager: Shutting down and abandoning module StatsViewer (600)
[2018.11.20-20.01.11:371][  1]LogModuleManager: Shutting down and abandoning module FoliageEdit (598)
[2018.11.20-20.01.11:371][  1]LogModuleManager: Shutting down and abandoning module LandscapeEditor (596)
[2018.11.20-20.01.11:371][  1]LogModuleManager: Shutting down and abandoning module MeshPaintMode (594)
[2018.11.20-20.01.11:371][  1]LogModuleManager: Shutting down and abandoning module SceneDepthPickerMode (592)
[2018.11.20-20.01.11:371][  1]LogModuleManager: Shutting down and abandoning module ActorPickerMode (590)
[2018.11.20-20.01.11:371][  1]LogModuleManager: Shutting down and abandoning module GeometryMode (588)
[2018.11.20-20.01.11:371][  1]LogModuleManager: Shutting down and abandoning module TextureAlignMode (586)
[2018.11.20-20.01.11:371][  1]LogModuleManager: Shutting down and abandoning module BspMode (584)
[2018.11.20-20.01.11:371][  1]LogModuleManager: Shutting down and abandoning module PIEPreviewDeviceProfileSelector (582)
[2018.11.20-20.01.11:371][  1]LogModuleManager: Shutting down and abandoning module SequenceRecorderSections (580)
[2018.11.20-20.01.11:371][  1]LogModuleManager: Shutting down and abandoning module AutomationWorker (578)
[2018.11.20-20.01.11:371][  1]LogModuleManager: Shutting down and abandoning module AudioCaptureEditor (576)
[2018.11.20-20.01.11:371][  1]LogModuleManager: Shutting down and abandoning module SequenceRecorder (575)
[2018.11.20-20.01.11:371][  1]LogModuleManager: Shutting down and abandoning module MatineeToLevelSequence (572)
[2018.11.20-20.01.11:371][  1]LogModuleManager: Shutting down and abandoning module LevelSequenceEditor (570)
[2018.11.20-20.01.11:371][  1]LogModuleManager: Shutting down and abandoning module PlacementMode (569)
[2018.11.20-20.01.11:371][  1]LogModuleManager: Shutting down and abandoning module MaterialEditor (568)
[2018.11.20-20.01.11:371][  1]LogModuleManager: Shutting down and abandoning module WmfMediaFactory (564)
[2018.11.20-20.01.11:371][  1]LogModuleManager: Shutting down and abandoning module WmfMediaEditor (562)
[2018.11.20-20.01.11:371][  1]LogModuleManager: Shutting down and abandoning module MediaPlayerEditor (560)
[2018.11.20-20.01.11:371][  1]LogModuleManager: Shutting down and abandoning module OpenExrWrapper (558)
[2018.11.20-20.01.11:371][  1]LogModuleManager: Shutting down and abandoning module ImgMediaFactory (556)
[2018.11.20-20.01.11:371][  1]LogModuleManager: Shutting down and abandoning module ImgMediaEditor (554)
[2018.11.20-20.01.11:371][  1]LogModuleManager: Shutting down and abandoning module AvfMediaFactory (552)
[2018.11.20-20.01.11:371][  1]LogModuleManager: Shutting down and abandoning module AvfMediaEditor (550)
[2018.11.20-20.01.11:371][  1]LogModuleManager: Shutting down and abandoning module AndroidMediaFactory (548)
[2018.11.20-20.01.11:371][  1]LogModuleManager: Shutting down and abandoning module AndroidMediaEditor (546)
[2018.11.20-20.01.11:371][  1]LogModuleManager: Shutting down and abandoning module MagicLeapCameraPreviewFactory (544)
[2018.11.20-20.01.11:371][  1]LogModuleManager: Shutting down and abandoning module MagicLeapMediaFactory (542)
[2018.11.20-20.01.11:371][  1]LogModuleManager: Shutting down and abandoning module MagicLeapMediaEditor (540)
[2018.11.20-20.01.11:371][  1]LogModuleManager: Shutting down and abandoning module CharacterAI (538)
[2018.11.20-20.01.11:371][  1]LogModuleManager: Shutting down and abandoning module SmartSnapping (536)
[2018.11.20-20.01.11:371][  1]LogModuleManager: Shutting down and abandoning module SessionServices (534)
[2018.11.20-20.01.11:371][  1]LogModuleManager: Shutting down and abandoning module ViewportSnapping (532)
[2018.11.20-20.01.11:371][  1]LogModuleManager: Shutting down and abandoning module ViewportInteraction (530)
[2018.11.20-20.01.11:371][  1]LogModuleManager: Shutting down and abandoning module ClothPainter (528)
[2018.11.20-20.01.11:371][  1]LogModuleManager: Shutting down and abandoning module SkeletalMeshEditor (527)
[2018.11.20-20.01.11:371][  1]LogModuleManager: Shutting down and abandoning module LogVisualizer (524)
[2018.11.20-20.01.11:372][  1]LogModuleManager: Shutting down and abandoning module IntroTutorials (522)
[2018.11.20-20.01.11:372][  1]LogModuleManager: Shutting down and abandoning module GameProjectGeneration (521)
[2018.11.20-20.01.11:372][  1]LogModuleManager: Shutting down and abandoning module LuminPlatformEditor (518)
[2018.11.20-20.01.11:372][  1]LogModuleManager: Shutting down and abandoning module IOSPlatformEditor (516)
[2018.11.20-20.01.11:372][  1]LogModuleManager: Shutting down and abandoning module HTML5PlatformEditor (514)
[2018.11.20-20.01.11:372][  1]LogModuleManager: Shutting down and abandoning module AndroidPlatformEditor (512)
[2018.11.20-20.01.11:372][  1]LogModuleManager: Shutting down and abandoning module AndroidDeviceDetection (511)
[2018.11.20-20.01.12:094][  1]LogModuleManager: Shutting down and abandoning module WindowsPlatformEditor (508)
[2018.11.20-20.01.12:094][  1]LogModuleManager: Shutting down and abandoning module LuminRuntimeSettings (506)
[2018.11.20-20.01.12:094][  1]LogModuleManager: Shutting down and abandoning module IOSRuntimeSettings (504)
[2018.11.20-20.01.12:094][  1]LogModuleManager: Shutting down and abandoning module AndroidRuntimeSettings (502)
[2018.11.20-20.01.12:094][  1]LogModuleManager: Shutting down and abandoning module InputBindingEditor (500)
[2018.11.20-20.01.12:094][  1]LogModuleManager: Shutting down and abandoning module MergeActors (498)
[2018.11.20-20.01.12:094][  1]LogModuleManager: Shutting down and abandoning module LocalizationDashboard (496)
[2018.11.20-20.01.12:094][  1]LogModuleManager: Shutting down and abandoning module LocalizationService (495)
[2018.11.20-20.01.12:094][  1]LogModuleManager: Shutting down and abandoning module HardwareTargeting (492)
[2018.11.20-20.01.12:094][  1]LogModuleManager: Shutting down and abandoning module DeviceProfileEditor (490)
[2018.11.20-20.01.12:094][  1]LogModuleManager: Shutting down and abandoning module UndoHistory (488)
[2018.11.20-20.01.12:094][  1]LogModuleManager: Shutting down and abandoning module XmlParser (486)
[2018.11.20-20.01.12:094][  1]LogModuleManager: Shutting down and abandoning module Blutility (484)
[2018.11.20-20.01.12:094][  1]LogModuleManager: Shutting down and abandoning module ProjectSettingsViewer (482)
[2018.11.20-20.01.12:094][  1]LogModuleManager: Shutting down and abandoning module ProjectTargetPlatformEditor (481)
[2018.11.20-20.01.12:094][  1]LogModuleManager: Shutting down and abandoning module EditorSettingsViewer (478)
[2018.11.20-20.01.12:095][  1]LogModuleManager: Shutting down and abandoning module SettingsEditor (476)
[2018.11.20-20.01.12:095][  1]LogModuleManager: Shutting down and abandoning module ProjectLauncher (474)
[2018.11.20-20.01.12:095][  1]LogModuleManager: Shutting down and abandoning module SessionFrontend (472)
[2018.11.20-20.01.12:095][  1]LogModuleManager: Shutting down and abandoning module ProfilerClient (470)
[2018.11.20-20.01.12:095][  1]LogModuleManager: Shutting down and abandoning module DeviceManager (468)
[2018.11.20-20.01.12:095][  1]LogModuleManager: Shutting down and abandoning module TargetDeviceServices (467)
[2018.11.20-20.01.12:160][  1]LogModuleManager: Shutting down and abandoning module AutomationController (464)
[2018.11.20-20.01.12:160][  1]LogModuleManager: Shutting down and abandoning module AutomationWindow (462)
[2018.11.20-20.01.12:160][  1]LogModuleManager: Shutting down and abandoning module Layers (460)
[2018.11.20-20.01.12:160][  1]LogModuleManager: Shutting down and abandoning module ComponentVisualizers (458)
[2018.11.20-20.01.12:160][  1]LogModuleManager: Shutting down and abandoning module DetailCustomizations (456)
[2018.11.20-20.01.12:160][  1]LogModuleManager: Shutting down and abandoning module PackagesDialog (454)
[2018.11.20-20.01.12:160][  1]LogModuleManager: Shutting down and abandoning module Persona (452)
[2018.11.20-20.01.12:160][  1]LogModuleManager: Shutting down and abandoning module AdvancedPreviewScene (451)
[2018.11.20-20.01.12:160][  1]LogModuleManager: Shutting down and abandoning module AnimGraph (449)
[2018.11.20-20.01.12:160][  1]LogModuleManager: Shutting down and abandoning module Kismet (446)
[2018.11.20-20.01.12:167][  1]LogModuleManager: Shutting down and abandoning module GraphEditor (444)
[2018.11.20-20.01.12:167][  1]LogModuleManager: Shutting down and abandoning module ClassViewer (442)
[2018.11.20-20.01.12:167][  1]LogModuleManager: Shutting down and abandoning module Toolbox (440)
[2018.11.20-20.01.12:167][  1]LogModuleManager: Shutting down and abandoning module DesktopPlatform (439)
[2018.11.20-20.01.12:167][  1]LogModuleManager: Shutting down and abandoning module ModuleUI (436)
[2018.11.20-20.01.12:167][  1]LogModuleManager: Shutting down and abandoning module MovieSceneTools (434)
[2018.11.20-20.01.12:167][  1]LogModuleManager: Shutting down and abandoning module OutputLog (432)
[2018.11.20-20.01.12:167][  1]LogModuleManager: Shutting down and abandoning module GammaUI (430)
[2018.11.20-20.01.12:167][  1]LogModuleManager: Shutting down and abandoning module Documentation (428)
[2018.11.20-20.01.12:167][  1]LogModuleManager: Shutting down and abandoning module MovieSceneTracks (426)
[2018.11.20-20.01.12:167][  1]LogModuleManager: Shutting down and abandoning module MovieScene (424)
[2018.11.20-20.01.12:167][  1]LogModuleManager: Shutting down and abandoning module StreamingPauseRendering (422)
[2018.11.20-20.01.12:167][  1]LogModuleManager: Shutting down and abandoning module LauncherPlatform (420)
[2018.11.20-20.01.12:167][  1]LogModuleManager: Shutting down and abandoning module AnalyticsET (418)
[2018.11.20-20.01.12:167][  1]LogModuleManager: Shutting down and abandoning module PortalServices (416)
[2018.11.20-20.01.12:167][  1]LogModuleManager: Shutting down and abandoning module PortalRpc (414)
[2018.11.20-20.01.12:167][  1]LogModuleManager: Shutting down and abandoning module MessagingRpc (412)
[2018.11.20-20.01.12:167][  1]LogModuleManager: Shutting down and abandoning module AIModule (410)
[2018.11.20-20.01.12:167][  1]LogModuleManager: Shutting down and abandoning module GameplayDebugger (409)
[2018.11.20-20.01.12:167][  1]LogModuleManager: Shutting down and abandoning module AITestSuite (407)
[2018.11.20-20.01.12:167][  1]LogModuleManager: Shutting down and abandoning module NavigationSystem (405)
[2018.11.20-20.01.12:167][  1]LogModuleManager: Shutting down and abandoning module ProfilerService (402)
[2018.11.20-20.01.12:171][  1]LogModuleManager: Shutting down and abandoning module TaskGraph (400)
[2018.11.20-20.01.12:172][  1]LogModuleManager: Shutting down and abandoning module SteamVRController (398)
[2018.11.20-20.01.12:172][  1]LogModuleManager: Shutting down and abandoning module ProceduralMeshComponentEditor (396)
[2018.11.20-20.01.12:172][  1]LogModuleManager: Shutting down and abandoning module ProceduralMeshComponent (394)
[2018.11.20-20.01.12:172][  1]LogModuleManager: Shutting down and abandoning module OculusInput (392)
[2018.11.20-20.01.12:172][  1]LogModuleManager: Shutting down and abandoning module MobilePatchingUtils (390)
[2018.11.20-20.01.12:172][  1]LogModuleManager: Shutting down and abandoning module EditableMesh (388)
[2018.11.20-20.01.12:172][  1]LogModuleManager: Shutting down and abandoning module CustomMeshComponent (386)
[2018.11.20-20.01.12:172][  1]LogModuleManager: Shutting down and abandoning module CableComponent (384)
[2018.11.20-20.01.12:172][  1]LogModuleManager: Shutting down and abandoning module AudioCapture (382)
[2018.11.20-20.01.12:172][  1]LogModuleManager: Shutting down and abandoning module ArchVisCharacter (380)
[2018.11.20-20.01.12:172][  1]LogModuleManager: Shutting down and abandoning module AndroidPermission (378)
[2018.11.20-20.01.12:172][  1]LogModuleManager: Shutting down and abandoning module NUTUnrealEngine4 (376)
[2018.11.20-20.01.12:172][  1]LogModuleManager: Shutting down and abandoning module NetcodeUnitTest (374)
[2018.11.20-20.01.12:172][  1]LogModuleManager: Shutting down and abandoning module MediaCompositingEditor (372)
[2018.11.20-20.01.12:172][  1]LogModuleManager: Shutting down and abandoning module MediaCompositing (370)
[2018.11.20-20.01.12:172][  1]LogModuleManager: Shutting down and abandoning module LinearTimecode (368)
[2018.11.20-20.01.12:172][  1]LogModuleManager: Shutting down and abandoning module ImgMedia (366)
[2018.11.20-20.01.12:177][  1]LogModuleManager: Shutting down and abandoning module HTML5Networking (364)
[2018.11.20-20.01.12:177][  1]LogModuleManager: Shutting down and abandoning module GeometryCacheTracks (362)
[2018.11.20-20.01.12:177][  1]LogModuleManager: Shutting down and abandoning module GeometryCacheSequencer (360)
[2018.11.20-20.01.12:177][  1]LogModuleManager: Shutting down and abandoning module BackChannel (358)
[2018.11.20-20.01.12:178][  1]LogModuleManager: Shutting down and abandoning module AppleVision (356)
[2018.11.20-20.01.12:178][  1]LogModuleManager: Shutting down and abandoning module AppleImageUtils (354)
[2018.11.20-20.01.12:178][  1]LogModuleManager: Shutting down and abandoning module AlembicImporter (352)
[2018.11.20-20.01.12:178][  1]LogModuleManager: Shutting down and abandoning module AlembicLibrary (351)
[2018.11.20-20.01.12:178][  1]LogModuleManager: Shutting down and abandoning module GeometryCache (350)
[2018.11.20-20.01.12:178][  1]LogModuleManager: Shutting down and abandoning module GeometryCacheEd (349)
[2018.11.20-20.01.12:178][  1]LogModuleManager: Shutting down and abandoning module DatasmithContentEditor (344)
[2018.11.20-20.01.12:178][  1]LogModuleManager: Shutting down and abandoning module DatasmithContent (342)
[2018.11.20-20.01.12:178][  1]LogModuleManager: Shutting down and abandoning module SpeedTreeImporter (340)
[2018.11.20-20.01.12:178][  1]LogModuleManager: Shutting down and abandoning module PluginBrowser (338)
[2018.11.20-20.01.12:178][  1]LogModuleManager: Shutting down and abandoning module MobileLauncherProfileWizard (336)
[2018.11.20-20.01.12:178][  1]LogModuleManager: Shutting down and abandoning module PolygonModeling (334)
[2018.11.20-20.01.12:178][  1]LogModuleManager: Shutting down and abandoning module MeshEditor (332)
[2018.11.20-20.01.12:179][  1]LogModuleManager: Shutting down and abandoning module CryptoKeysOpenSSL (330)
[2018.11.20-20.01.12:179][  1]LogModuleManager: Shutting down and abandoning module CryptoKeys (328)
[2018.11.20-20.01.12:179][  1]LogModuleManager: Shutting down and abandoning module VisualStudioSourceCodeAccess (326)
[2018.11.20-20.01.12:179][  1]LogModuleManager: Shutting down and abandoning module VisualStudioCodeSourceCodeAccess (324)
[2018.11.20-20.01.12:179][  1]LogModuleManager: Shutting down and abandoning module UObjectPlugin (322)
[2018.11.20-20.01.12:179][  1]LogModuleManager: Shutting down and abandoning module SubversionSourceControl (320)
[2018.11.20-20.01.12:179][  1]LogModuleManager: Shutting down and abandoning module PerforceSourceControl (318)
[2018.11.20-20.01.12:179][  1]LogModuleManager: Shutting down and abandoning module GitSourceControl (316)
[2018.11.20-20.01.12:179][  1]LogModuleManager: Shutting down and abandoning module SourceControl (315)
[2018.11.20-20.01.12:179][  1]LogModuleManager: Shutting down and abandoning module CLionSourceCodeAccess (312)
[2018.11.20-20.01.12:179][  1]LogModuleManager: Shutting down and abandoning module LightPropagationVolumeEditor (310)
[2018.11.20-20.01.12:179][  1]LogModuleManager: Shutting down and abandoning module PaperTiledImporter (308)
[2018.11.20-20.01.12:179][  1]LogModuleManager: Shutting down and abandoning module PaperSpriteSheetImporter (306)
[2018.11.20-20.01.12:179][  1]LogModuleManager: Shutting down and abandoning module Paper2DEditor (304)
[2018.11.20-20.01.12:179][  1]LogModuleManager: Shutting down and abandoning module MeshPaint (303)
[2018.11.20-20.01.12:180][  1]LogModuleManager: Shutting down and abandoning module RuntimePhysXCooking (298)
[2018.11.20-20.01.12:180][  1]LogModuleManager: Shutting down and abandoning module PhysXVehiclesEditor (296)
[2018.11.20-20.01.12:180][  1]LogModuleManager: Shutting down and abandoning module PhysXVehicles (294)
[2018.11.20-20.01.12:180][  1]LogModuleManager: Shutting down and abandoning module OculusEditor (292)
[2018.11.20-20.01.12:180][  1]LogModuleManager: Shutting down and abandoning module LocationServicesBPLibrary (290)
[2018.11.20-20.01.12:180][  1]LogModuleManager: Shutting down and abandoning module ImmediatePhysicsEditor (288)
[2018.11.20-20.01.12:180][  1]LogModuleManager: Shutting down and abandoning module ImmediatePhysics (286)
[2018.11.20-20.01.12:180][  1]LogModuleManager: Shutting down and abandoning module ActorSequence (284)
[2018.11.20-20.01.12:180][  1]LogModuleManager: Shutting down and abandoning module UdpMessaging (282)
[2018.11.20-20.01.12:280][  1]LogModuleManager: Shutting down and abandoning module TcpMessaging (280)
[2018.11.20-20.01.12:381][  1]LogModuleManager: Shutting down and abandoning module MagicLeapAudio (278)
[2018.11.20-20.01.12:381][  1]LogModuleManager: Shutting down and abandoning module GameplayTagsEditor (276)
[2018.11.20-20.01.12:381][  1]LogModuleManager: Shutting down and abandoning module FacialAnimationEditor (274)
[2018.11.20-20.01.12:381][  1]LogModuleManager: Shutting down and abandoning module FacialAnimation (272)
[2018.11.20-20.01.12:381][  1]LogModuleManager: Shutting down and abandoning module DataValidation (270)
[2018.11.20-20.01.12:381][  1]LogModuleManager: Shutting down and abandoning module AssetManagerEditor (268)
[2018.11.20-20.01.12:381][  1]LogModuleManager: Shutting down and abandoning module LevelEditor (267)
[2018.11.20-20.01.12:382][  1]LogModuleManager: Shutting down and abandoning module PixelInspectorModule (266)
[2018.11.20-20.01.12:382][  1]LogModuleManager: Shutting down and abandoning module CommonMenuExtensions (264)
[2018.11.20-20.01.12:382][  1]LogModuleManager: Shutting down and abandoning module MainFrame (262)
[2018.11.20-20.01.12:382][  1]LogModuleManager: Shutting down and abandoning module HotReload (261)
[2018.11.20-20.01.12:383][  1]LogModuleManager: Shutting down and abandoning module ContentBrowser (257)
[2018.11.20-20.01.12:384][  1]LogModuleManager: Shutting down and abandoning module TreeMap (255)
[2018.11.20-20.01.12:384][  1]LogModuleManager: Shutting down and abandoning module LightPropagationVolumeRuntime (252)
[2018.11.20-20.01.12:384][  1]LogModuleManager: Shutting down and abandoning module AISupportModule (250)
[2018.11.20-20.01.12:384][  1]LogModuleManager: Shutting down and abandoning module Paper2D (248)
[2018.11.20-20.01.12:384][  1]LogModuleManager: Shutting down and abandoning module WindowsMoviePlayer (246)
[2018.11.20-20.01.12:384][  1]LogModuleManager: Shutting down and abandoning module WmfMedia (244)
[2018.11.20-20.01.12:385][  1]LogModuleManager: Shutting down and abandoning module Media (243)
[2018.11.20-20.01.12:391][  1]LogModuleManager: Shutting down and abandoning module PacketHandler (240)
[2018.11.20-20.01.12:391][  1]LogModuleManager: Shutting down and abandoning module ClothingSystemEditor (238)
[2018.11.20-20.01.12:391][  1]LogModuleManager: Shutting down and abandoning module ClothingSystemRuntime (236)
[2018.11.20-20.01.12:391][  1]LogModuleManager: Shutting down and abandoning module MediaAssets (234)
[2018.11.20-20.01.12:391][  1]LogModuleManager: Shutting down and abandoning module Overlay (232)
[2018.11.20-20.01.12:391][  1]LogModuleManager: Shutting down and abandoning module OverlayEditor (231)
[2018.11.20-20.01.12:391][  1]LogModuleManager: Shutting down and abandoning module VREditor (228)
[2018.11.20-20.01.12:391][  1]LogModuleManager: Shutting down and abandoning module StringTableEditor (226)
[2018.11.20-20.01.12:391][  1]LogModuleManager: Shutting down and abandoning module GameplayTasksEditor (224)
[2018.11.20-20.01.12:391][  1]LogModuleManager: Shutting down and abandoning module BehaviorTreeEditor (222)
[2018.11.20-20.01.12:391][  1]LogModuleManager: Shutting down and abandoning module FunctionalTesting (220)
[2018.11.20-20.01.12:391][  1]LogModuleManager: Shutting down and abandoning module CollisionAnalyzer (218)
[2018.11.20-20.01.12:391][  1]LogModuleManager: Shutting down and abandoning module WorkspaceMenuStructure (217)
[2018.11.20-20.01.12:391][  1]LogModuleManager: Shutting down and abandoning module UMG (214)
[2018.11.20-20.01.12:391][  1]LogModuleManager: Shutting down and abandoning module UMGEditor (213)
[2018.11.20-20.01.12:391][  1]LogModuleManager: Shutting down and abandoning module Sequencer (212)
[2018.11.20-20.01.12:391][  1]LogModuleManager: Shutting down and abandoning module MessageLog (209)
[2018.11.20-20.01.12:391][  1]LogModuleManager: Shutting down and abandoning module SlateReflector (204)
[2018.11.20-20.01.12:391][  1]LogModuleManager: Shutting down and abandoning module Slate (202)
[2018.11.20-20.01.12:391][  1]LogModuleManager: Shutting down and abandoning module EditorStyle (200)
[2018.11.20-20.01.12:393][  1]LogModuleManager: Shutting down and abandoning module MRMesh (198)
[2018.11.20-20.01.12:393][  1]LogModuleManager: Shutting down and abandoning module SourceCodeAccess (196)
[2018.11.20-20.01.12:393][  1]LogModuleManager: Shutting down and abandoning module HeadMountedDisplay (194)
[2018.11.20-20.01.12:393][  1]LogModuleManager: Shutting down and abandoning module XAudio2 (192)
[2018.11.20-20.01.12:393][  1]LogModuleManager: Shutting down and abandoning module Networking (190)
[2018.11.20-20.01.12:393][  1]LogModuleManager: Shutting down and abandoning module Core (188)
[2018.11.20-20.01.12:393][  1]LogModuleManager: Shutting down and abandoning module LevelSequence (186)
[2018.11.20-20.01.12:393][  1]LogModuleManager: Shutting down and abandoning module KismetCompiler (184)
[2018.11.20-20.01.12:393][  1]LogModuleManager: Shutting down and abandoning module MeshUtilities (182)
[2018.11.20-20.01.12:393][  1]LogModuleManager: Shutting down and abandoning module MeshMergeUtilities (181)
[2018.11.20-20.01.12:393][  1]LogModuleManager: Shutting down and abandoning module MeshReductionInterface (180)
[2018.11.20-20.01.12:393][  1]LogModuleManager: Shutting down and abandoning module SimplygonSwarm (179)
[2018.11.20-20.01.12:393][  1]LogModuleManager: Shutting down and abandoning module ProxyLODMeshReduction (177)
[2018.11.20-20.01.12:393][  1]LogModuleManager: Shutting down and abandoning module SimplygonMeshReduction (175)
[2018.11.20-20.01.12:393][  1]LogModuleManager: Shutting down and abandoning module QuadricMeshReduction (173)
[2018.11.20-20.01.12:393][  1]LogModuleManager: Shutting down and abandoning module MaterialBaking (169)
[2018.11.20-20.01.12:393][  1]LogModuleManager: Shutting down and abandoning module DirectoryWatcher (165)
[2018.11.20-20.01.12:393][  1]LogModuleManager: Shutting down and abandoning module DerivedDataCache (162)
[2018.11.20-20.01.12:485][  1]LogDerivedDataCache: Shutdown
[2018.11.20-20.01.12:485][  1]LogModuleManager: Shutting down and abandoning module XGEController (160)
[2018.11.20-20.01.12:485][  1]LogXGEController: Cleaning working directory: C:/Users/TDSSK/AppData/Local/Temp/UnrealXGEWorkingDir/
[2018.11.20-20.01.12:485][  1]LogModuleManager: Shutting down and abandoning module TargetPlatform (158)
[2018.11.20-20.01.12:485][  1]LogModuleManager: Shutting down and abandoning module VulkanShaderFormat (157)
[2018.11.20-20.01.12:485][  1]LogModuleManager: Shutting down and abandoning module ShaderFormatVectorVM (155)
[2018.11.20-20.01.12:485][  1]LogModuleManager: Shutting down and abandoning module ShaderFormatOpenGL (153)
[2018.11.20-20.01.12:485][  1]LogModuleManager: Shutting down and abandoning module ShaderFormatD3D (151)
[2018.11.20-20.01.12:485][  1]LogModuleManager: Shutting down and abandoning module MetalShaderFormat (149)
[2018.11.20-20.01.12:485][  1]LogModuleManager: Shutting down and abandoning module TextureFormatUncompressed (147)
[2018.11.20-20.01.12:485][  1]LogModuleManager: Shutting down and abandoning module TextureFormatPVR (145)
[2018.11.20-20.01.12:485][  1]LogModuleManager: Shutting down and abandoning module TextureFormatDXT (143)
[2018.11.20-20.01.12:485][  1]LogModuleManager: Shutting down and abandoning module TextureFormatIntelISPCTexComp (141)
[2018.11.20-20.01.12:485][  1]LogModuleManager: Shutting down and abandoning module TextureFormatASTC (139)
[2018.11.20-20.01.12:485][  1]LogModuleManager: Shutting down and abandoning module ImageWrapper (138)
[2018.11.20-20.01.12:485][  1]LogModuleManager: Shutting down and abandoning module TextureFormatAndroid (135)
[2018.11.20-20.01.12:485][  1]LogModuleManager: Shutting down and abandoning module AudioFormatOpus (133)
[2018.11.20-20.01.12:485][  1]LogModuleManager: Shutting down and abandoning module AudioFormatOgg (131)
[2018.11.20-20.01.12:485][  1]LogModuleManager: Shutting down and abandoning module AudioFormatADPCM (129)
[2018.11.20-20.01.12:485][  1]LogModuleManager: Shutting down and abandoning module LuminTargetPlatform (127)
[2018.11.20-20.01.12:485][  1]LogModuleManager: Shutting down and abandoning module LinuxTargetPlatform (125)
[2018.11.20-20.01.12:485][  1]LogModuleManager: Shutting down and abandoning module LinuxServerTargetPlatform (123)
[2018.11.20-20.01.12:485][  1]LogModuleManager: Shutting down and abandoning module LinuxNoEditorTargetPlatform (121)
[2018.11.20-20.01.12:485][  1]LogModuleManager: Shutting down and abandoning module LinuxClientTargetPlatform (119)
[2018.11.20-20.01.12:485][  1]LogModuleManager: Shutting down and abandoning module TVOSTargetPlatform (117)
[2018.11.20-20.01.12:486][  1]LogModuleManager: Shutting down and abandoning module Messaging (115)
[2018.11.20-20.01.12:486][  1]LogModuleManager: Shutting down and abandoning module IOSTargetPlatform (113)
[2018.11.20-20.01.12:487][  1]LogModuleManager: Shutting down and abandoning module HTML5TargetPlatform (111)
[2018.11.20-20.01.12:487][  1]LogModuleManager: Shutting down and abandoning module AndroidTargetPlatform (109)
[2018.11.20-20.01.12:492][  1]LogModuleManager: Shutting down and abandoning module WindowsTargetPlatform (107)
[2018.11.20-20.01.12:492][  1]LogModuleManager: Shutting down and abandoning module WindowsServerTargetPlatform (105)
[2018.11.20-20.01.12:492][  1]LogModuleManager: Shutting down and abandoning module WindowsNoEditorTargetPlatform (103)
[2018.11.20-20.01.12:492][  1]LogModuleManager: Shutting down and abandoning module WindowsClientTargetPlatform (101)
[2018.11.20-20.01.12:492][  1]LogModuleManager: Shutting down and abandoning module MacTargetPlatform (99)
[2018.11.20-20.01.12:492][  1]LogModuleManager: Shutting down and abandoning module MacServerTargetPlatform (97)
[2018.11.20-20.01.12:492][  1]LogModuleManager: Shutting down and abandoning module MacNoEditorTargetPlatform (95)
[2018.11.20-20.01.12:492][  1]LogModuleManager: Shutting down and abandoning module MacClientTargetPlatform (93)
[2018.11.20-20.01.12:492][  1]LogModuleManager: Shutting down and abandoning module AllDesktopTargetPlatform (91)
[2018.11.20-20.01.12:492][  1]LogModuleManager: Shutting down and abandoning module InputCore (88)
[2018.11.20-20.01.12:492][  1]LogModuleManager: Shutting down and abandoning module Settings (86)
[2018.11.20-20.01.12:492][  1]LogModuleManager: Shutting down and abandoning module PhysXCooking (84)
[2018.11.20-20.01.12:492][  1]LogModuleManager: Shutting down and abandoning module SteamVR (82)
[2018.11.20-20.01.12:492][  1]LogModuleManager: Shutting down and abandoning module OculusHMD (80)
[2018.11.20-20.01.12:492][  1]LogModuleManager: Shutting down and abandoning module ExampleDeviceProfileSelector (78)
[2018.11.20-20.01.12:492][  1]LogModuleManager: Shutting down and abandoning module LauncherChunkInstaller (76)
[2018.11.20-20.01.12:492][  1]LogModuleManager: Shutting down and abandoning module OnlineBlueprintSupport (74)
[2018.11.20-20.01.12:492][  1]LogModuleManager: Shutting down and abandoning module OnlineSubsystem (70)
[2018.11.20-20.01.12:493][  1]LogModuleManager: Shutting down and abandoning module XMPP (65)
[2018.11.20-20.01.12:493][  1]LogModuleManager: Shutting down and abandoning module WebSockets (64)
[2018.11.20-20.01.12:515][  1]LogModuleManager: Shutting down and abandoning module HTTP (61)
[2018.11.20-20.01.12:515][  1]LogHttp: Display: Http module shutting down, but needs to wait on 1 outstanding Http requests:
[2018.11.20-20.01.12:515][  1]LogHttp: Display: 	verb=[POST] url=[https://datarouter.ol.epicgames.com/datarouter/api/v1/public/data?SessionID=%7B671EB732-4436-DF7D-DAE1-359A1B005F77%7D&AppID=UEEditor.Rocket.Release&AppVersion=4.20.3-4369336%2B%2B%2BUE4%2BRelease-4.20&UserID=732877064c2d1d64b94795bb113caa3e%7Cb15aaf259a234981ac58d9a2d8097391%7C8c7a9a19-8aa6-48f6-bf7f-342c0723fb9e&AppEnvironment=datacollector-binary&UploadType=eteventstream] status=Processing
[2018.11.20-20.01.12:540][  1]LogModuleManager: Shutting down and abandoning module SSL (60)
[2018.11.20-20.01.12:541][  1]LogModuleManager: Shutting down and abandoning module MagicLeapEmulator (56)
[2018.11.20-20.01.12:541][  1]LogModuleManager: Shutting down and abandoning module MagicLeapPrivileges (54)
[2018.11.20-20.01.12:541][  1]LogModuleManager: Shutting down and abandoning module MagicLeapIdentity (52)
[2018.11.20-20.01.12:541][  1]LogModuleManager: Shutting down and abandoning module MagicLeapHelperVulkan (50)
[2018.11.20-20.01.12:541][  1]LogModuleManager: Shutting down and abandoning module MagicLeapHelperOpenGL (48)
[2018.11.20-20.01.12:541][  1]LogModuleManager: Shutting down and abandoning module MagicLeapSecureStorage (46)
[2018.11.20-20.01.12:541][  1]LogModuleManager: Shutting down and abandoning module MagicLeapGestures (44)
[2018.11.20-20.01.12:541][  1]LogModuleManager: Shutting down and abandoning module MagicLeapEyeTracker (42)
[2018.11.20-20.01.12:541][  1]LogModuleManager: Shutting down and abandoning module MagicLeapController (40)
[2018.11.20-20.01.12:541][  1]LogSlate: Slate User Destroyed.  User Index 0, Is Virtual User: 0
[2018.11.20-20.01.12:541][  1]LogModuleManager: Shutting down and abandoning module MagicLeap (38)
[2018.11.20-20.01.12:541][  1]LogModuleManager: Shutting down and abandoning module AnimationModifiers (36)
[2018.11.20-20.01.12:541][  1]LogModuleManager: Shutting down and abandoning module PropertyEditor (35)
[2018.11.20-20.01.12:541][  1]LogModuleManager: Shutting down and abandoning module AudioEditor (32)
[2018.11.20-20.01.12:541][  1]LogModuleManager: Shutting down and abandoning module TextureCompressor (30)
[2018.11.20-20.01.12:541][  1]LogModuleManager: Shutting down and abandoning module ShaderCore (28)
[2018.11.20-20.01.12:541][  1]LogModuleManager: Shutting down and abandoning module Landscape (26)
[2018.11.20-20.01.12:541][  1]LogModuleManager: Shutting down and abandoning module SlateRHIRenderer (24)
[2018.11.20-20.01.12:542][  1]LogModuleManager: Shutting down and abandoning module OpenGLDrv (22)
[2018.11.20-20.01.12:542][  1]LogModuleManager: Shutting down and abandoning module D3D11RHI (20)
[2018.11.20-20.01.12:542][  1]LogModuleManager: Shutting down and abandoning module AnimGraphRuntime (18)
[2018.11.20-20.01.12:542][  1]LogModuleManager: Shutting down and abandoning module Renderer (16)
[2018.11.20-20.01.12:542][  1]LogModuleManager: Shutting down and abandoning module Engine (14)
[2018.11.20-20.01.12:542][  1]LogModuleManager: Shutting down and abandoning module CoreUObject (12)
[2018.11.20-20.01.12:542][  1]LogModuleManager: Shutting down and abandoning module NetworkFile (10)
[2018.11.20-20.01.12:542][  1]LogModuleManager: Shutting down and abandoning module CookedIterativeFile (8)
[2018.11.20-20.01.12:542][  1]LogModuleManager: Shutting down and abandoning module StreamingFile (6)
[2018.11.20-20.01.12:542][  1]LogModuleManager: Shutting down and abandoning module SandboxFile (4)
[2018.11.20-20.01.12:542][  1]LogModuleManager: Shutting down and abandoning module PakFile (2)
[2018.11.20-20.01.12:545][  1]LogExit: Exiting.
[2018.11.20-20.01.12:555][  1]Log file closed, 11/20/18 20:01:12
