Log file open, 11/27/18 17:44:32
LogWindows: Failed to load 'aqProf.dll' (GetLastError=126)
LogWindows: File 'aqProf.dll' does not exist
LogWindows: Failed to load 'VSPerf140.dll' (GetLastError=126)
LogWindows: File 'VSPerf140.dll' does not exist
LogWindows: Failed to load 'VtuneApi.dll' (GetLastError=126)
LogWindows: File 'VtuneApi.dll' does not exist
LogWindows: Failed to load 'VtuneApi32e.dll' (GetLastError=126)
LogWindows: File 'VtuneApi32e.dll' does not exist
LogInit: Display: Running engine for game: TGP_Project
LogPlatformFile: Not using cached read wrapper
LogTaskGraph: Started task graph with 5 named threads and 23 total threads with 3 sets of task threads.
LogStats: Stats thread started at 0.321251
LogD3D11RHI: Loaded GFSDK_Aftermath_Lib.x64.dll
LogICUInternationalization: Display: ICU TimeZone Detection - Raw Offset: +0:00, Platform Override: ''
LogPluginManager: Mounting plugin Paper2D
LogPluginManager: Mounting plugin AISupport
LogPluginManager: Mounting plugin LightPropagationVolume
LogPluginManager: Mounting plugin CLionSourceCodeAccess
LogPluginManager: Mounting plugin CodeLiteSourceCodeAccess
LogPluginManager: Mounting plugin GitSourceControl
LogPluginManager: Mounting plugin KDevelopSourceCodeAccess
LogPluginManager: Mounting plugin NullSourceCodeAccess
LogPluginManager: Mounting plugin PerforceSourceControl
LogPluginManager: Mounting plugin SubversionSourceControl
LogPluginManager: Mounting plugin UObjectPlugin
LogPluginManager: Mounting plugin VisualStudioCodeSourceCodeAccess
LogPluginManager: Mounting plugin VisualStudioSourceCodeAccess
LogPluginManager: Mounting plugin XCodeSourceCodeAccess
LogPluginManager: Mounting plugin AssetManagerEditor
LogPluginManager: Mounting plugin CryptoKeys
LogPluginManager: Mounting plugin DataValidation
LogPluginManager: Mounting plugin FacialAnimation
LogPluginManager: Mounting plugin GameplayTagsEditor
LogPluginManager: Mounting plugin MacGraphicsSwitching
LogPluginManager: Mounting plugin MeshEditor
LogPluginManager: Mounting plugin MobileLauncherProfileWizard
LogPluginManager: Mounting plugin PluginBrowser
LogPluginManager: Mounting plugin SpeedTreeImporter
LogPluginManager: Mounting plugin DatasmithContent
LogPluginManager: Mounting plugin AlembicImporter
LogPluginManager: Mounting plugin AppleImageUtils
LogPluginManager: Mounting plugin AppleVision
LogPluginManager: Mounting plugin BackChannel
LogPluginManager: Mounting plugin CharacterAI
LogPluginManager: Mounting plugin GeometryCache
LogPluginManager: Mounting plugin HTML5Networking
LogPluginManager: Mounting plugin ProxyLODPlugin
LogPluginManager: Mounting plugin MagicLeap
LogPluginManager: Mounting plugin MagicLeapEmulator
LogPluginManager: Mounting plugin MagicLeapMedia
LogPluginManager: Mounting plugin AndroidMedia
LogPluginManager: Mounting plugin AvfMedia
LogPluginManager: Mounting plugin ImgMedia
LogPluginManager: Mounting plugin LinearTimecode
LogPluginManager: Mounting plugin MediaCompositing
LogPluginManager: Mounting plugin MediaPlayerEditor
LogPluginManager: Mounting plugin WmfMedia
LogPluginManager: Mounting plugin TcpMessaging
LogPluginManager: Mounting plugin UdpMessaging
LogPluginManager: Mounting plugin ActorSequence
LogPluginManager: Mounting plugin LevelSequenceEditor
LogPluginManager: Mounting plugin MatineeToLevelSequence
LogPluginManager: Mounting plugin NetcodeUnitTest
LogPluginManager: Mounting plugin NUTUnrealEngine4
LogPluginManager: Mounting plugin OnlineSubsystemGooglePlay
LogPluginManager: Mounting plugin OnlineSubsystemIOS
LogPluginManager: Mounting plugin OnlineSubsystem
LogPluginManager: Mounting plugin OnlineSubsystemNull
LogPluginManager: Mounting plugin OnlineSubsystemUtils
LogPluginManager: Mounting plugin LauncherChunkInstaller
LogPluginManager: Mounting plugin AndroidDeviceProfileSelector
LogPluginManager: Mounting plugin AndroidMoviePlayer
LogPluginManager: Mounting plugin AndroidPermission
LogPluginManager: Mounting plugin AppleMoviePlayer
LogPluginManager: Mounting plugin ArchVisCharacter
LogPluginManager: Mounting plugin AudioCapture
LogPluginManager: Mounting plugin CableComponent
LogPluginManager: Mounting plugin CustomMeshComponent
LogPluginManager: Mounting plugin EditableMesh
LogPluginManager: Mounting plugin ExampleDeviceProfileSelector
LogPluginManager: Mounting plugin GoogleCloudMessaging
LogPluginManager: Mounting plugin ImmediatePhysics
LogPluginManager: Mounting plugin IOSDeviceProfileSelector
LogPluginManager: Mounting plugin LinuxDeviceProfileSelector
LogPluginManager: Mounting plugin LocationServicesBPLibrary
LogPluginManager: Mounting plugin MobilePatchingUtils
LogPluginManager: Mounting plugin OculusVR
LogPluginManager: Plugin shader directory ../../../Engine/Plugins/Runtime/Oculus/OculusVR/Shaders found
LogPluginManager: Mapping shader source directory ../../../Engine/Plugins/Runtime/Oculus/OculusVR/Shaders to virtual directory /Plugin/OculusVR
LogPluginManager: Mounting plugin PhysXVehicles
LogPluginManager: Mounting plugin ProceduralMeshComponent
LogPluginManager: Mounting plugin RuntimePhysXCooking
LogPluginManager: Mounting plugin SteamVR
LogPluginManager: Mounting plugin WindowsMoviePlayer
LogStreaming: Display: Took  0.114s to configure plugins.
LogInit: Using libcurl 7.55.1-DEV
LogInit:  - built for x86_64-pc-win32
LogInit:  - supports SSL with OpenSSL/1.0.2h
LogInit:  - supports HTTP deflate (compression) using libz 1.2.8
LogInit:  - other features:
LogInit:      CURL_VERSION_SSL
LogInit:      CURL_VERSION_LIBZ
LogInit:      CURL_VERSION_IPV6
LogInit:      CURL_VERSION_ASYNCHDNS
LogInit:      CURL_VERSION_LARGEFILE
LogInit:      CURL_VERSION_IDN
LogInit:  CurlRequestOptions (configurable via config and command line):
LogInit:  - bVerifyPeer = false  - Libcurl will NOT verify peer certificate
LogInit:  - bUseHttpProxy = false  - Libcurl will NOT use HTTP proxy
LogInit:  - bDontReuseConnections = false  - Libcurl will reuse connections
LogInit:  - CertBundlePath = nullptr  - Libcurl will use whatever was configured at build time.
LogInit:  - MaxHostConnections = 16  - Libcurl will limit the number of connections to a host
LogInit:  - LocalHostAddr = Default
LogInit:  - BufferSize = 65536
LogInit: WinSock: version 1.1 (2.2), MaxSocks=32767, MaxUdp=65467
LogInit: Build: ++UE4+Release-4.20-CL-4369336
LogInit: Engine Version: 4.20.3-4369336+++UE4+Release-4.20
LogInit: Compatible Engine Version: 4.20.0-4212847+++UE4+Release-4.20
LogInit: Net CL: 4212847
LogInit: OS: Windows 10 (), CPU: AMD FX(tm)-8320 Eight-Core Processor           , GPU: AMD Radeon (TM) R9 380 Series
LogInit: Compiled (64-bit): Sep 17 2018 12:26:19
LogInit: Compiled with Visual C++: 19.13.26129.00
LogInit: Build Configuration: Development
LogInit: Branch Name: ++UE4+Release-4.20
LogInit: Command Line:  
LogInit: Base Directory: C:/Users/blued/Documents/UE_4.20/Engine/Binaries/Win64/
LogInit: Installed Engine Build: 1
LogDevObjectVersion: Number of dev versions registered: 20
LogDevObjectVersion:   Dev-Blueprints (B0D832E4-1F89-4F0D-ACCF-7EB736FD4AA2): 10
LogDevObjectVersion:   Dev-Build (E1C64328-A22C-4D53-A36C-8E866417BD8C): 0
LogDevObjectVersion:   Dev-Core (375EC13C-06E4-48FB-B500-84F0262A717E): 2
LogDevObjectVersion:   Dev-Editor (E4B068ED-F494-42E9-A231-DA0B2E46BB41): 24
LogDevObjectVersion:   Dev-Framework (CFFC743F-43B0-4480-9391-14DF171D2073): 34
LogDevObjectVersion:   Dev-Mobile (B02B49B5-BB20-44E9-A304-32B752E40360): 2
LogDevObjectVersion:   Dev-Networking (A4E4105C-59A1-49B5-A7C5-40C4547EDFEE): 0
LogDevObjectVersion:   Dev-Online (39C831C9-5AE6-47DC-9A44-9C173E1C8E7C): 0
LogDevObjectVersion:   Dev-Physics (78F01B33-EBEA-4F98-B9B4-84EACCB95AA2): 0
LogDevObjectVersion:   Dev-Platform (6631380F-2D4D-43E0-8009-CF276956A95A): 0
LogDevObjectVersion:   Dev-Rendering (12F88B9F-8875-4AFC-A67C-D90C383ABD29): 26
LogDevObjectVersion:   Dev-Sequencer (7B5AE74C-D270-4C10-A958-57980B212A5A): 9
LogDevObjectVersion:   Dev-VR (D7296918-1DD6-4BDD-9DE2-64A83CC13884): 2
LogDevObjectVersion:   Dev-LoadTimes (C2A15278-BFE7-4AFE-6C17-90FF531DF755): 1
LogDevObjectVersion:   Private-Geometry (6EACA3D4-40EC-4CC1-B786-8BED09428FC5): 3
LogDevObjectVersion:   Dev-AnimPhys (29E575DD-E0A3-4627-9D10-D276232CDCEA): 17
LogDevObjectVersion:   Dev-ReflectionCapture (6B266CEC-1EC7-4B8F-A30B-E4D90942FC07): 1
LogDevObjectVersion:   Dev-Automation (0DF73D61-A23F-47EA-B727-89E90C41499A): 1
LogDevObjectVersion:   FortniteMain (601D1886-AC64-4F84-AA16-D3DE0DEAC7D6): 12
LogDevObjectVersion:   Dev-Enterprise (9DFFBCD6-494F-0158-E221-12823C92A888): 1
LogStreaming: Display: Took  0.002s to delete old logs.
LogInit: Presizing for max 8388607 objects, including 0 objects not considered by GC, pre-allocating 0 bytes for permanent pool.
LogInit: Object subsystem initialized
[2018.11.27-17.44.32:485][  0]LogInit: Selected Device Profile: [Windows]
[2018.11.27-17.44.32:485][  0]LogInit: Applying CVar settings loaded from the selected device profile: [Windows]
[2018.11.27-17.44.32:500][  0]LogHAL: Display: Platform has ~ 16 GB [17071263744 / 17179869184 / 16], which maps to Larger [LargestMinGB=32, LargerMinGB=12, DefaultMinGB=8, SmallerMinGB=6, SmallestMinGB=0)
[2018.11.27-17.44.32:500][  0]LogInit: Setting Device Profile CVar: [[r.Vulkan.UseRealUBs:1]]
[2018.11.27-17.44.32:500][  0]LogInit: Going up to parent DeviceProfile []
[2018.11.27-17.44.32:501][  0]LogInit: Computer: DESKTOP-JAN50R2
[2018.11.27-17.44.32:501][  0]LogInit: User: blued
[2018.11.27-17.44.32:501][  0]LogInit: CPU Page size=4096, Cores=4
[2018.11.27-17.44.32:501][  0]LogInit: High frequency timer resolution =3.429416 MHz
[2018.11.27-17.44.32:501][  0]LogMemory: Memory total: Physical=15.9GB (16GB approx)
[2018.11.27-17.44.32:501][  0]LogMemory: Platform Memory Stats for Windows
[2018.11.27-17.44.32:501][  0]LogMemory: Process Physical Memory: 100.91 MB used, 100.91 MB peak
[2018.11.27-17.44.32:501][  0]LogMemory: Process Virtual Memory: 89.48 MB used, 89.48 MB peak
[2018.11.27-17.44.32:501][  0]LogMemory: Physical Memory: 4620.84 MB used,  11659.59 MB free, 16280.43 MB total
[2018.11.27-17.44.32:501][  0]LogMemory: Virtual Memory: 4643.37 MB used,  11659.59 MB free, 134217728.00 MB total
[2018.11.27-17.44.32:530][  0]LogInit: Using OS detected language (en-US).
[2018.11.27-17.44.32:530][  0]LogInit: Using OS detected locale (en-GB).
[2018.11.27-17.44.32:531][  0]LogTextLocalizationManager: No specific localization for 'en-US' exists, so the 'en' localization will be used.
[2018.11.27-17.44.33:055][  0]LogStreaming: Display: Took  0.525s to InitEngineTextLocalization.
[2018.11.27-17.44.33:055][  0]LogInit: Setting process to per monitor DPI aware
[2018.11.27-17.44.33:161][  0]LogSlate: New Slate User Created.  User Index 0, Is Virtual User: 0
[2018.11.27-17.44.33:161][  0]LogSlate: Slate User Registered.  User Index 0, Is Virtual User: 0
[2018.11.27-17.44.34:097][  0]LogHMD: Failed to initialize OpenVR with code 110
[2018.11.27-17.44.34:097][  0]LogD3D11RHI: D3D11 adapters:
[2018.11.27-17.44.34:139][  0]LogD3D11RHI:    0. 'AMD Radeon (TM) R9 380 Series' (Feature Level 11_0)
[2018.11.27-17.44.34:139][  0]LogD3D11RHI:       4071/0/8140 MB DedicatedVideo/DedicatedSystem/SharedSystem, Outputs:2, VendorId:0x1002
[2018.11.27-17.44.34:142][  0]LogD3D11RHI:    1. 'Microsoft Basic Render Driver' (Feature Level 11_0)
[2018.11.27-17.44.34:142][  0]LogD3D11RHI:       0/0/8140 MB DedicatedVideo/DedicatedSystem/SharedSystem, Outputs:0, VendorId:0x1414
[2018.11.27-17.44.34:142][  0]LogD3D11RHI: Chosen D3D11 Adapter: 0
[2018.11.27-17.44.34:153][  0]LogD3D11RHI: Creating new Direct3DDevice
[2018.11.27-17.44.34:153][  0]LogD3D11RHI:     GPU DeviceId: 0x6938 (for the marketing name, search the web for "GPU Device Id")
[2018.11.27-17.44.34:153][  0]LogWindows: EnumDisplayDevices:
[2018.11.27-17.44.34:154][  0]LogWindows:    0. 'AMD Radeon (TM) R9 380 Series' (P:1 D:1)
[2018.11.27-17.44.34:154][  0]LogWindows:    1. 'AMD Radeon (TM) R9 380 Series' (P:0 D:1)
[2018.11.27-17.44.34:155][  0]LogWindows:    2. 'AMD Radeon (TM) R9 380 Series' (P:0 D:0)
[2018.11.27-17.44.34:155][  0]LogWindows:    3. 'AMD Radeon (TM) R9 380 Series' (P:0 D:0)
[2018.11.27-17.44.34:156][  0]LogWindows:    4. 'AMD Radeon (TM) R9 380 Series' (P:0 D:0)
[2018.11.27-17.44.34:156][  0]LogWindows:    5. 'AMD Radeon (TM) R9 380 Series' (P:0 D:0)
[2018.11.27-17.44.34:157][  0]LogWindows:    6. 'AMD Radeon (TM) R9 380 Series' (P:0 D:0)
[2018.11.27-17.44.34:157][  0]LogWindows:    7. 'AMD Radeon (TM) R9 380 Series' (P:0 D:0)
[2018.11.27-17.44.34:158][  0]LogWindows:    8. 'AMD Radeon (TM) R9 380 Series' (P:0 D:0)
[2018.11.27-17.44.34:158][  0]LogWindows:    9. 'AMD Radeon (TM) R9 380 Series' (P:0 D:0)
[2018.11.27-17.44.34:159][  0]LogWindows:    10. 'AMD Radeon (TM) R9 380 Series' (P:0 D:0)
[2018.11.27-17.44.34:159][  0]LogWindows:    11. 'AMD Radeon (TM) R9 380 Series' (P:0 D:0)
[2018.11.27-17.44.34:160][  0]LogWindows:    12. 'AMD Radeon (TM) R9 380 Series' (P:0 D:0)
[2018.11.27-17.44.34:160][  0]LogWindows:    13. 'AMD Radeon (TM) R9 380 Series' (P:0 D:0)
[2018.11.27-17.44.34:161][  0]LogWindows:    14. 'AMD Radeon (TM) R9 380 Series' (P:0 D:0)
[2018.11.27-17.44.34:161][  0]LogWindows:    15. 'AMD Radeon (TM) R9 380 Series' (P:0 D:0)
[2018.11.27-17.44.34:161][  0]LogWindows: DebugString: FoundDriverCount:16 
[2018.11.27-17.44.34:161][  0]LogD3D11RHI:     Adapter Name: AMD Radeon (TM) R9 380 Series
[2018.11.27-17.44.34:161][  0]LogD3D11RHI:   Driver Version: Adrenalin 18.10.2 (internal:25.20.14007.1000, unified:25.20.14007.1000)
[2018.11.27-17.44.34:162][  0]LogD3D11RHI:      Driver Date: 10-19-2018
[2018.11.27-17.44.34:162][  0]LogRHI: Texture pool is 2850 MB (70% of 4071 MB)
[2018.11.27-17.44.34:361][  0]LogD3D11RHI: Async texture creation enabled
[2018.11.27-17.44.34:374][  0]LogD3D11RHI: GPU Timing Frequency: 27.000000 (Debug: 2 1)
[2018.11.27-17.44.34:376][  0]LogShaderCompilers: Guid format shader working directory is 9 characters bigger than the processId version (D:/GitHub/TGP_PairProject/TGP_Project/Intermediate/Shaders/WorkingDirectory/2020/).
[2018.11.27-17.44.34:376][  0]LogShaderCompilers: Cleaned the shader compiler working directory 'C:/Users/blued/AppData/Local/Temp/UnrealShaderWorkingDir/D43E565F4BDCCF5FCE10158921C5AB6B/'.
[2018.11.27-17.44.34:733][  0]LogTemp: Display: Loaded TP AllDesktopTargetPlatform
[2018.11.27-17.44.34:754][  0]LogTemp: Display: Loaded TP MacClientTargetPlatform
[2018.11.27-17.44.34:774][  0]LogTemp: Display: Loaded TP MacNoEditorTargetPlatform
[2018.11.27-17.44.34:798][  0]LogTemp: Display: Loaded TP MacServerTargetPlatform
[2018.11.27-17.44.34:821][  0]LogTemp: Display: Loaded TP MacTargetPlatform
[2018.11.27-17.44.34:845][  0]LogTemp: Display: Loaded TP WindowsClientTargetPlatform
[2018.11.27-17.44.34:866][  0]LogTemp: Display: Loaded TP WindowsNoEditorTargetPlatform
[2018.11.27-17.44.34:907][  0]LogTemp: Display: Loaded TP WindowsServerTargetPlatform
[2018.11.27-17.44.34:916][  0]LogTemp: Display: Loaded TP WindowsTargetPlatform
[2018.11.27-17.44.35:055][  0]LogTemp: Display: Loaded TP AndroidTargetPlatform
[2018.11.27-17.44.35:055][  0]LogTemp: Display: Loaded TP AndroidTargetPlatform
[2018.11.27-17.44.35:055][  0]LogTemp: Display: Loaded TP AndroidTargetPlatform
[2018.11.27-17.44.35:055][  0]LogTemp: Display: Loaded TP AndroidTargetPlatform
[2018.11.27-17.44.35:055][  0]LogTemp: Display: Loaded TP AndroidTargetPlatform
[2018.11.27-17.44.35:055][  0]LogTemp: Display: Loaded TP AndroidTargetPlatform
[2018.11.27-17.44.35:055][  0]LogTemp: Display: Loaded TP AndroidTargetPlatform
[2018.11.27-17.44.35:055][  0]LogTemp: Display: Loaded TP AndroidTargetPlatform
[2018.11.27-17.44.35:055][  0]LogTemp: Display: Loaded TP AndroidTargetPlatform
[2018.11.27-17.44.35:055][  0]LogTemp: Display: Loaded TP AndroidTargetPlatform
[2018.11.27-17.44.35:055][  0]LogTemp: Display: Loaded TP AndroidTargetPlatform
[2018.11.27-17.44.35:055][  0]LogTemp: Display: Loaded TP AndroidTargetPlatform
[2018.11.27-17.44.35:055][  0]LogTemp: Display: Loaded TP AndroidTargetPlatform
[2018.11.27-17.44.35:055][  0]LogTemp: Display: Loaded TP AndroidTargetPlatform
[2018.11.27-17.44.35:055][  0]LogTemp: Display: Loaded TP AndroidTargetPlatform
[2018.11.27-17.44.35:055][  0]LogTemp: Display: Loaded TP AndroidTargetPlatform
[2018.11.27-17.44.35:055][  0]LogTemp: Display: Loaded TP AndroidTargetPlatform
[2018.11.27-17.44.35:055][  0]LogTemp: Display: Loaded TP AndroidTargetPlatform
[2018.11.27-17.44.35:057][  0]LogTemp: Display: Loaded TP HTML5TargetPlatform
[2018.11.27-17.44.35:138][  0]LogTemp: Display: Loaded TP IOSTargetPlatform
[2018.11.27-17.44.35:138][  0]LogTemp: Display: Loaded TP IOSTargetPlatform
[2018.11.27-17.44.35:179][  0]LogTemp: Display: Loaded TP TVOSTargetPlatform
[2018.11.27-17.44.35:179][  0]LogTemp: Display: Loaded TP TVOSTargetPlatform
[2018.11.27-17.44.35:200][  0]LogTemp: Display: Loaded TP LinuxClientTargetPlatform
[2018.11.27-17.44.35:221][  0]LogTemp: Display: Loaded TP LinuxNoEditorTargetPlatform
[2018.11.27-17.44.35:243][  0]LogTemp: Display: Loaded TP LinuxServerTargetPlatform
[2018.11.27-17.44.35:266][  0]LogTemp: Display: Loaded TP LinuxTargetPlatform
[2018.11.27-17.44.35:281][  0]LogTemp: Display: Loaded TP LuminTargetPlatform
[2018.11.27-17.44.35:281][  0]LogTargetPlatformManager: Display: Building Assets For Windows
[2018.11.27-17.44.35:362][  0]LogXGEController: Cleaning working directory: C:/Users/blued/AppData/Local/Temp/UnrealXGEWorkingDir/
[2018.11.27-17.44.35:362][  0]LogXGEController: Cannot use XGE Controller as Incredibuild is not installed on this machine.
[2018.11.27-17.44.35:363][  0]LogShaderCompilers: Cannot use XGE Shader Compiler as Incredibuild is not installed on this machine.
[2018.11.27-17.44.35:363][  0]LogShaderCompilers: Display: Using Local Shader Compiler.
[2018.11.27-17.44.36:893][  0]LogDerivedDataCache: Display: Max Cache Size: 512 MB
[2018.11.27-17.44.36:990][  0]LogDerivedDataCache: Loaded boot cache 0.10s 71MB C:/Users/blued/AppData/Local/UnrealEngine/4.20/DerivedDataCache/Boot.ddc.
[2018.11.27-17.44.36:991][  0]LogDerivedDataCache: Display: Loaded Boot cache: C:/Users/blued/AppData/Local/UnrealEngine/4.20/DerivedDataCache/Boot.ddc
[2018.11.27-17.44.36:991][  0]LogDerivedDataCache: FDerivedDataBackendGraph:  Pak pak cache file D:/GitHub/TGP_PairProject/TGP_Project/DerivedDataCache/DDC.ddp not found, will not use a pak cache.
[2018.11.27-17.44.36:991][  0]LogDerivedDataCache: Unable to find inner node Pak for hierarchical cache Hierarchy.
[2018.11.27-17.44.36:991][  0]LogDerivedDataCache: FDerivedDataBackendGraph:  CompressedPak pak cache file D:/GitHub/TGP_PairProject/TGP_Project/DerivedDataCache/Compressed.ddp not found, will not use a pak cache.
[2018.11.27-17.44.36:991][  0]LogDerivedDataCache: Unable to find inner node CompressedPak for hierarchical cache Hierarchy.
[2018.11.27-17.44.37:008][  0]LogDerivedDataCache: Display: Pak cache opened for reading ../../../Engine/DerivedDataCache/Compressed.ddp.
[2018.11.27-17.44.37:021][  0]LogDerivedDataCache: Using Local data cache path C:/Users/blued/AppData/Local/UnrealEngine/Common/DerivedDataCache: Writable
[2018.11.27-17.44.37:021][  0]LogDerivedDataCache: Shared data cache path not found in *engine.ini, will not use an Shared cache.
[2018.11.27-17.44.37:021][  0]LogDerivedDataCache: Unable to find inner node Shared for hierarchical cache Hierarchy.
[2018.11.27-17.44.37:051][  0]LogMaterial: Verifying Global Shaders for PCD3D_SM5
[2018.11.27-17.44.37:053][  0]LogSlate: Using FreeType 2.6.0
[2018.11.27-17.44.37:057][  0]LogSlate: SlateFontServices - WITH_FREETYPE: 1, WITH_HARFBUZZ: 1
[2018.11.27-17.44.37:270][  0]LogAssetRegistry: FAssetRegistry took 0.0306 seconds to start up
[2018.11.27-17.44.37:878][  0]LogInit: Selected Device Profile: [Windows]
[2018.11.27-17.44.38:103][  0]LogSimplygon: Simplygon DLL not present - disabling.
[2018.11.27-17.44.38:109][  0]LogMeshReduction: Using SimplygonSwarm for distributed automatic mesh merging
[2018.11.27-17.44.38:109][  0]LogMeshReduction: Using ProxyLODMeshReduction for automatic mesh merging
[2018.11.27-17.44.38:109][  0]LogMeshReduction: Using QuadricMeshReduction for automatic static mesh reduction
[2018.11.27-17.44.38:109][  0]LogMeshReduction: No automatic skeletal mesh reduction module available
[2018.11.27-17.44.38:179][  0]LogNetVersion: TGP_Project 1.0.0, NetCL: 4212847, EngineNetVer: 5, GameNetVer: 0 (Checksum: 95638710)
[2018.11.27-17.44.38:915][  0]LogPackageLocalizationCache: Processed 11 localized package path(s) for 2 prioritized culture(s) in 0.099192 seconds
[2018.11.27-17.44.38:925][  0]LogUObjectArray: 38425 objects as part of root set at end of initial load.
[2018.11.27-17.44.38:925][  0]LogUObjectAllocator: 6690872 out of 0 bytes used by permanent object pool.
[2018.11.27-17.44.38:925][  0]LogUObjectArray: CloseDisregardForGC: 0/0 objects in disregard for GC pool
[2018.11.27-17.44.41:430][  0]LogTcpMessaging: Initializing TcpMessaging bridge
[2018.11.27-17.44.41:445][  0]LogUdpMessaging: Initializing bridge on interface 0.0.0.0:0 to multicast group 230.0.0.1:6666.
[2018.11.27-17.44.41:685][  0]SourceControl: Source control is disabled
[2018.11.27-17.44.41:686][  0]SourceControl: Source control is disabled
[2018.11.27-17.44.41:688][  0]SourceControl: Source control is disabled
[2018.11.27-17.44.41:689][  0]SourceControl: Source control is disabled
[2018.11.27-17.44.41:906][  0]LogAndroidPermission: UAndroidPermissionCallbackProxy::GetInstance
[2018.11.27-17.44.42:018][  0]LogOcInput: OculusInput pre-init called
[2018.11.27-17.44.42:101][  0]LogEngine: Initializing Engine...
[2018.11.27-17.44.42:102][  0]LogHMD: Failed to initialize OpenVR with code 110
[2018.11.27-17.44.42:105][  0]LogStats: UGameplayTagsManager::ConstructGameplayTagTree: ImportINI prefixes -  0.000 s
[2018.11.27-17.44.42:105][  0]LogStats: UGameplayTagsManager::ConstructGameplayTagTree: Construct from data asset -  0.000 s
[2018.11.27-17.44.42:105][  0]LogStats: UGameplayTagsManager::ConstructGameplayTagTree: ImportINI -  0.000 s
[2018.11.27-17.44.42:105][  0]LogStats: UGameplayTagsManager::ConstructGameplayTagTree: GameplayTagTreeChangedEvent.Broadcast -  0.000 s
[2018.11.27-17.44.42:389][  0]LogInit: Initializing FReadOnlyCVARCache
[2018.11.27-17.44.42:407][  0]LogAIModule: Creating AISystem for world Untitled
[2018.11.27-17.44.42:440][  0]LogInit: XAudio2 using 'Headphones (4- Turtle Beach Recon 60P)' : 2 channels at 48 kHz using 16 bits per sample (channel mask 0x3)
[2018.11.27-17.44.42:460][  0]LogInit: FAudioDevice initialized.
[2018.11.27-17.44.42:460][  0]LogNetVersion: Set ProjectVersion to 1.0.0.0. Version Checksum will be recalculated on next use.
[2018.11.27-17.44.42:575][  0]LogDerivedDataCache: Saved boot cache 0.11s 71MB C:/Users/blued/AppData/Local/UnrealEngine/4.20/DerivedDataCache/Boot.ddc.
[2018.11.27-17.44.42:591][  0]LogInit: Texture streaming: Enabled
[2018.11.27-17.44.42:611][  0]LogEngineSessionManager: EngineSessionManager initialized
[2018.11.27-17.44.42:628][  0]LogInit: Transaction tracking system initialized
[2018.11.27-17.44.42:656][  0]BlueprintLog: New page: Editor Load
[2018.11.27-17.44.42:747][  0]LocalizationService: Localization service is disabled
[2018.11.27-17.44.43:115][  0]LogCook: Display: Max memory allowance for cook 16384mb min free memory 0mb
[2018.11.27-17.44.43:115][  0]LogCook: Display: Mobile HDR setting 1
[2018.11.27-17.44.43:115][  0]LogGameplayTags: Display: UGameplayTagsManager::DoneAddingNativeTags. DelegateIsBound: 0
[2018.11.27-17.44.43:115][  0]LogStats: UGameplayTagsManager::ConstructGameplayTagTree: ImportINI prefixes -  0.000 s
[2018.11.27-17.44.43:115][  0]LogStats: UGameplayTagsManager::ConstructGameplayTagTree: Construct from data asset -  0.000 s
[2018.11.27-17.44.43:115][  0]LogStats: UGameplayTagsManager::ConstructGameplayTagTree: ImportINI -  0.000 s
[2018.11.27-17.44.43:115][  0]LogStats: UGameplayTagsManager::ConstructGameplayTagTree: GameplayTagTreeChangedEvent.Broadcast -  0.000 s
[2018.11.27-17.44.43:325][  0]LogFileCache: Scanning file cache for directory 'D:/GitHub/TGP_PairProject/TGP_Project/Content/' took 0.01s
[2018.11.27-17.44.43:325][  0]SourceControl: Source control is disabled
[2018.11.27-17.44.43:325][  0]Cmd: MAP LOAD FILE="D:/GitHub/TGP_PairProject/TGP_Project/Content/BaseLevel.umap" TEMPLATE=0 SHOWPROGRESS=1 FEATURELEVEL=3
[2018.11.27-17.44.43:326][  0]LogEditorServer: Warning: Can't find file 'D:/GitHub/TGP_PairProject/TGP_Project/Content/BaseLevel.umap'
[2018.11.27-17.44.43:326][  0]Cmd: MAP CHECKDEP NOCLEARLOG
[2018.11.27-17.44.43:532][  0]MapCheck: Map check complete: 0 Error(s), 0 Warning(s), took 205.677ms to complete.
[2018.11.27-17.44.43:532][  0]LogFileHelpers: Loading map 'BaseLevel' took 0.206
[2018.11.27-17.44.43:773][  0]LogSlate: Updating window title bar state: overlay mode, drag disabled, window buttons hidden, title bar hidden
[2018.11.27-17.44.43:784][  0]LogSlate: Updating window title bar state: overlay mode, drag disabled, window buttons hidden, title bar hidden
[2018.11.27-17.44.43:795][  0]LogSlate: Updating window title bar state: overlay mode, drag disabled, window buttons hidden, title bar hidden
[2018.11.27-17.44.43:805][  0]LogSlate: Updating window title bar state: overlay mode, drag disabled, window buttons hidden, title bar hidden
[2018.11.27-17.44.43:813][  0]LogCollectionManager: Loaded 0 collections in 0.001370 seconds
[2018.11.27-17.44.43:897][  0]LogFileCache: Scanning file cache for directory 'D:/GitHub/TGP_PairProject/TGP_Project/Saved/Collections/' took 0.01s
[2018.11.27-17.44.43:897][  0]LogFileCache: Scanning file cache for directory 'D:/GitHub/TGP_PairProject/TGP_Project/Content/Developers/blued/Collections/' took 0.01s
[2018.11.27-17.44.43:897][  0]LogFileCache: Scanning file cache for directory 'D:/GitHub/TGP_PairProject/TGP_Project/Content/Collections/' took 0.01s
[2018.11.27-17.44.43:897][  0]LogCollectionManager: Rebuilt the GUID cache for 0 collections in 0.000001 seconds
[2018.11.27-17.44.43:915][  0]LogContentBrowser: Native class hierarchy populated in 0.0179 seconds. Added 2580 classes and 606 folders.
[2018.11.27-17.44.43:924][  0]LogContentBrowser: Native class hierarchy updated for 'WidgetCarousel' in 0.0004 seconds. Added 0 classes and 0 folders.
[2018.11.27-17.44.44:035][  0]LogContentBrowser: Native class hierarchy updated for 'AddContentDialog' in 0.0004 seconds. Added 0 classes and 0 folders.
[2018.11.27-17.44.44:043][  0]LogContentBrowser: Native class hierarchy updated for 'SceneOutliner' in 0.0005 seconds. Added 1 classes and 2 folders.
[2018.11.27-17.44.44:120][  0]LogSlate: Took 0.001146 seconds to synchronously load lazily loaded font '../../../Engine/Content/Slate/Fonts/Roboto-Regular.ttf' (155K)
[2018.11.27-17.44.44:123][  0]LogSlate: Took 0.001121 seconds to synchronously load lazily loaded font '../../../Engine/Content/Slate/Fonts/Roboto-Bold.ttf' (160K)
[2018.11.27-17.44.44:133][  0]LogSlate: Took 0.000980 seconds to synchronously load lazily loaded font '../../../Engine/Content/Editor/Slate/Fonts/FontAwesome.ttf' (139K)
[2018.11.27-17.44.44:257][  0]LogRenderer: Reallocating scene render targets to support 1208x552 Format 10 NumSamples 1 (Frame:1).
[2018.11.27-17.44.44:447][  0]LogContentBrowser: Native class hierarchy updated for 'HierarchicalLODOutliner' in 0.0004 seconds. Added 0 classes and 0 folders.
[2018.11.27-17.44.44:447][  0]LogLoad: (Engine Initialization) Total time: 14.04 seconds
[2018.11.27-17.44.44:447][  0]LogLoad: (Engine Initialization) Total Blueprint compile time: 0.00 seconds
[2018.11.27-17.44.44:458][  0]LogWindowsTextInputMethodSystem: Display: IME system now deactivated.
[2018.11.27-17.44.44:482][  0]LogContentStreaming: Texture pool size now 1000 MB
[2018.11.27-17.44.44:553][  1]LogAssetRegistry: Asset discovery search completed in 7.3059 seconds
[2018.11.27-17.44.44:555][  1]LogCollectionManager: Rebuilt the object cache for 0 collections in 0.000000 seconds (found 0 objects)
[2018.11.27-17.44.44:555][  1]LogCollectionManager: Fixed up redirectors for 0 collections in 0.000067 seconds (updated 0 objects)
[2018.11.27-17.44.48:539][466]LogSlate: Took 0.000853 seconds to synchronously load lazily loaded font '../../../Engine/Content/Slate/Fonts/Roboto-Light.ttf' (167K)
[2018.11.27-17.44.48:980][519]LogSlate: FSceneViewport::OnFocusLost() reason 0
[2018.11.27-17.44.49:778][606]LogSlate: Took 0.000440 seconds to synchronously load lazily loaded font '../../../Engine/Content/Slate/Fonts/Roboto-Light.ttf' (167K)
[2018.11.27-17.44.49:797][606]LogLinker: Warning: Can't find file '/Game/Blueprints/BP_Civilian'
[2018.11.27-17.44.49:798][606]LogLinker: Warning: Can't find file for asset '/Game/Blueprints/BP_Civilian' while loading D:/GitHub/TGP_PairProject/TGP_Project/Content/Levels/BaseLevel.umap.
[2018.11.27-17.44.49:798][606]LoadErrors: Error: /Game/Levels/BaseLevel : Can't find file for asset. /Game/Blueprints/BP_Civilian
[2018.11.27-17.44.49:798][606]LogLinker: Warning: Can't find file '/Game/Blueprints/BP_Civilian'
[2018.11.27-17.44.49:799][606]LogLinker: Warning: Can't find file for asset '/Game/Blueprints/BP_Civilian' while loading D:/GitHub/TGP_PairProject/TGP_Project/Content/Levels/BaseLevel.umap.
[2018.11.27-17.44.49:799][606]LogLinker: Warning: Can't find file '/Game/Blueprints/BP_Civilian'
[2018.11.27-17.44.49:799][606]LogLinker: Warning: Can't find file for asset '/Game/Blueprints/BP_Civilian' while loading D:/GitHub/TGP_PairProject/TGP_Project/Content/Levels/BaseLevel.umap.
[2018.11.27-17.44.49:799][606]LogLinker: Warning: Can't find file '/Game/Blueprints/BP_Civilian'
[2018.11.27-17.44.49:799][606]LogLinker: Warning: Can't find file for asset '/Game/Blueprints/BP_Civilian' while loading D:/GitHub/TGP_PairProject/TGP_Project/Content/Levels/BaseLevel.umap.
[2018.11.27-17.44.49:800][606]LogLinker: Warning: Can't find file '/Game/Blueprints/BP_Civilian'
[2018.11.27-17.44.49:800][606]LogLinker: Warning: Can't find file for asset '/Game/Blueprints/BP_Civilian' while loading D:/GitHub/TGP_PairProject/TGP_Project/Content/Levels/BaseLevel.umap.
[2018.11.27-17.44.49:806][606]LogLinker: Warning: Can't find file '/Game/Blueprints/BP_Civilian'
[2018.11.27-17.44.49:807][606]LogLinker: Warning: Can't find file for asset '/Game/Blueprints/BP_Civilian' while loading D:/GitHub/TGP_PairProject/TGP_Project/Content/Levels/BaseLevel.umap.
[2018.11.27-17.44.49:807][606]LogLinker: Warning: Can't find file '/Game/Blueprints/BP_Civilian'
[2018.11.27-17.44.49:807][606]LogLinker: Warning: Can't find file for asset '/Game/Blueprints/BP_Civilian' while loading D:/GitHub/TGP_PairProject/TGP_Project/Content/Levels/BaseLevel.umap.
[2018.11.27-17.44.49:808][606]LogLinker: Warning: Can't find file '/Game/Blueprints/BP_Civilian'
[2018.11.27-17.44.49:808][606]LogLinker: Warning: Can't find file for asset '/Game/Blueprints/BP_Civilian' while loading D:/GitHub/TGP_PairProject/TGP_Project/Content/Levels/BaseLevel.umap.
[2018.11.27-17.44.49:809][606]LogLinker: Warning: Can't find file '/Game/Blueprints/BP_Civilian'
[2018.11.27-17.44.49:809][606]LogLinker: Warning: Can't find file for asset '/Game/Blueprints/BP_Civilian' while loading NULL.
[2018.11.27-17.44.49:810][606]LogLinker: Warning: Can't find file '/Game/Blueprints/BP_Civilian'
[2018.11.27-17.44.49:810][606]LogLinker: Warning: Can't find file for asset '/Game/Blueprints/BP_Civilian' while loading NULL.
[2018.11.27-17.44.49:829][606]LogAIModule: Creating AISystem for world BaseLevel
[2018.11.27-17.44.49:843][606]LogAssetEditorManager: Opening Asset editor for World /Game/Levels/BaseLevel.BaseLevel
[2018.11.27-17.44.49:975][606]Cmd: MAP LOAD FILE="D:/GitHub/TGP_PairProject/TGP_Project/Content/Levels/BaseLevel.umap" TEMPLATE=0 SHOWPROGRESS=1 FEATURELEVEL=3
[2018.11.27-17.44.49:975][606]LightingResults: New page: Lighting Build
[2018.11.27-17.44.49:978][606]LogContentBrowser: Native class hierarchy updated for 'StatsViewer' in 0.0004 seconds. Added 5 classes and 0 folders.
[2018.11.27-17.44.49:979][606]LoadErrors: New page: Loading map: BaseLevel.umap
[2018.11.27-17.44.49:979][606]MapCheck: New page: Map Check
[2018.11.27-17.44.49:979][606]LightingResults: New page: Lighting Build
[2018.11.27-17.44.50:186][606]LogEditorServer: Finished looking for orphan Actors (0.000 secs)
[2018.11.27-17.44.50:340][606]Cmd: MAP CHECKDEP NOCLEARLOG
[2018.11.27-17.44.50:481][606]MapCheck: Map check complete: 0 Error(s), 0 Warning(s), took 141.24ms to complete.
[2018.11.27-17.44.50:481][606]LogFileHelpers: Loading map 'BaseLevel' took 0.507
[2018.11.27-17.44.50:519][606]LoadErrors: Warning: CreateExport: Failed to load Outer for resource 'Arrow': BP_Civilian_C /Game/Levels/BaseLevel.BaseLevel:PersistentLevel.BP_Civilian_2
[2018.11.27-17.44.50:519][606]LoadErrors: Warning: CreateExport: Failed to load Outer for resource 'CollisionCylinder': BP_Civilian_C /Game/Levels/BaseLevel.BaseLevel:PersistentLevel.BP_Civilian_2
[2018.11.27-17.44.50:519][606]LoadErrors: Warning: CreateExport: Failed to load Outer for resource 'CharMoveComp': BP_Civilian_C /Game/Levels/BaseLevel.BaseLevel:PersistentLevel.BP_Civilian_2
[2018.11.27-17.44.50:519][606]LoadErrors: Warning: CreateExport: Failed to load Outer for resource 'PawnSensor': BP_Civilian_C /Game/Levels/BaseLevel.BaseLevel:PersistentLevel.BP_Civilian_2
[2018.11.27-17.44.50:519][606]LoadErrors: Warning: CreateExport: Failed to load Outer for resource 'CharacterMesh0': BP_Civilian_C /Game/Levels/BaseLevel.BaseLevel:PersistentLevel.BP_Civilian_2
[2018.11.27-17.44.53:838][966]LogTemp: Repeating last play command: Simulate
[2018.11.27-17.44.53:862][966]LogPlayLevel: PlayLevel: No blueprints needed recompiling
[2018.11.27-17.44.53:875][966]PIE: New page: SIE session: BaseLevel (27 Nov 2018 17:44:53)
[2018.11.27-17.44.53:875][966]LogPlayLevel: Creating play world package: /Game/Levels/UEDPIE_0_BaseLevel
[2018.11.27-17.44.53:879][966]LogPlayLevel: PIE: StaticDuplicateObject took: (0.003977s)
[2018.11.27-17.44.53:880][966]LogAIModule: Creating AISystem for world BaseLevel
[2018.11.27-17.44.53:880][966]LogPlayLevel: PIE: World Init took: (0.000890s)
[2018.11.27-17.44.53:880][966]LogPlayLevel: PIE: Created PIE world by copying editor world from /Game/Levels/BaseLevel.BaseLevel to /Game/Levels/UEDPIE_0_BaseLevel.BaseLevel (0.005083s)
[2018.11.27-17.44.54:031][966]LogInit: XAudio2 using 'Headphones (4- Turtle Beach Recon 60P)' : 2 channels at 48 kHz using 16 bits per sample (channel mask 0x3)
[2018.11.27-17.44.54:045][966]LogInit: FAudioDevice initialized.
[2018.11.27-17.44.54:133][966]LogLoad: Game class is 'GameModeTemp_C'
[2018.11.27-17.44.54:135][966]LogWorld: Bringing World /Game/Levels/UEDPIE_0_BaseLevel.BaseLevel up for play (max tick rate 0) at 2018.11.27-17.44.54
[2018.11.27-17.44.54:136][966]LogWorld: Bringing up level for play took: 0.001675
[2018.11.27-17.44.54:154][966]LogContentBrowser: Native class hierarchy updated for 'MovieSceneCapture' in 0.0004 seconds. Added 10 classes and 0 folders.
[2018.11.27-17.44.54:155][966]LogGameMode: Display: Match State Changed from EnteringMap to WaitingToStart
[2018.11.27-17.44.54:155][966]LogGameState: Match State Changed from EnteringMap to WaitingToStart
[2018.11.27-17.44.54:155][966]PIE: Play in editor start time for /Game/Levels/UEDPIE_0_BaseLevel 1.104
[2018.11.27-17.45.02:419][741]LogEditorViewport: Clicking on Actor (LMB): StaticMeshActor (Cube)
[2018.11.27-17.45.04:017][841]LogSlate: FSceneViewport::OnFocusLost() reason 0
[2018.11.27-17.45.04:059][845]LogSlate: Updating window title bar state: overlay mode, drag disabled, window buttons hidden, title bar hidden
[2018.11.27-17.45.04:093][845]LogPlayLevel: Display: Shutting down PIE online subsystems
[2018.11.27-17.45.04:230][845]LogSlate: Updating window title bar state: overlay mode, drag disabled, window buttons hidden, title bar hidden
[2018.11.27-17.45.04:255][846]LogPlayLevel: Display: Destroying online subsystem :Context_1
[2018.11.27-17.45.04:883][919]LogEditorViewport: Clicking on Actor (LMB): StaticMeshActor (Cube)
[2018.11.27-17.45.17:940][296]Cmd: EDIT COPY
[2018.11.27-17.45.19:314][452]Cmd: EDIT PASTE
[2018.11.27-17.45.22:822][822]LogSlate: FSceneViewport::OnFocusLost() reason 0
[2018.11.27-17.45.26:567][212]Cmd: EDIT COPY
[2018.11.27-17.45.26:844][243]Cmd: EDIT PASTE
[2018.11.27-17.45.34:039][ 25]Cmd: DELETE
[2018.11.27-17.45.34:039][ 25]Cmd: ACTOR DELETE
[2018.11.27-17.45.34:042][ 25]LogEditorActor: Deleted Actor: StaticMeshActor
[2018.11.27-17.45.34:177][ 25]LogEditorActor: Deleted 1 Actors (0.138 secs)
[2018.11.27-17.45.34:745][ 92]LogEditorViewport: Clicking on Actor (LMB): StaticMeshActor (Cube2)
[2018.11.27-17.45.35:190][133]Cmd: DELETE
[2018.11.27-17.45.35:190][133]Cmd: ACTOR DELETE
[2018.11.27-17.45.35:192][133]LogEditorActor: Deleted Actor: StaticMeshActor
[2018.11.27-17.45.35:324][133]LogEditorActor: Deleted 1 Actors (0.134 secs)
[2018.11.27-17.45.35:858][196]LogEditorViewport: Clicking on Actor (LMB): StaticMeshActor (Cube)
[2018.11.27-17.45.38:716][491]Cmd: EDIT COPY
[2018.11.27-17.45.39:646][596]Cmd: EDIT PASTE
[2018.11.27-17.45.49:527][644]LogSlate: FSceneViewport::OnFocusLost() reason 0
[2018.11.27-17.45.49:628][656]LogTemp: Repeating last play command: Simulate
[2018.11.27-17.45.49:653][656]LogPlayLevel: PlayLevel: No blueprints needed recompiling
[2018.11.27-17.45.49:653][656]PIE: New page: SIE session: BaseLevel (27 Nov 2018 17:45:49)
[2018.11.27-17.45.49:653][656]LogPlayLevel: Creating play world package: /Game/Levels/UEDPIE_0_BaseLevel
[2018.11.27-17.45.49:663][656]LogPlayLevel: PIE: StaticDuplicateObject took: (0.009635s)
[2018.11.27-17.45.49:664][656]LogAIModule: Creating AISystem for world BaseLevel
[2018.11.27-17.45.49:664][656]LogPlayLevel: PIE: World Init took: (0.001029s)
[2018.11.27-17.45.49:664][656]LogPlayLevel: PIE: Created PIE world by copying editor world from /Game/Levels/BaseLevel.BaseLevel to /Game/Levels/UEDPIE_0_BaseLevel.BaseLevel (0.010884s)
[2018.11.27-17.45.49:817][656]LogInit: XAudio2 using 'Headphones (4- Turtle Beach Recon 60P)' : 2 channels at 48 kHz using 16 bits per sample (channel mask 0x3)
[2018.11.27-17.45.49:834][656]LogInit: FAudioDevice initialized.
[2018.11.27-17.45.49:871][656]LogLoad: Game class is 'GameModeTemp_C'
[2018.11.27-17.45.49:873][656]LogWorld: Bringing World /Game/Levels/UEDPIE_0_BaseLevel.BaseLevel up for play (max tick rate 0) at 2018.11.27-17.45.49
[2018.11.27-17.45.49:874][656]LogWorld: Bringing up level for play took: 0.001426
[2018.11.27-17.45.49:887][656]LogGameMode: Display: Match State Changed from EnteringMap to WaitingToStart
[2018.11.27-17.45.49:887][656]LogGameState: Match State Changed from EnteringMap to WaitingToStart
[2018.11.27-17.45.49:887][656]PIE: Play in editor start time for /Game/Levels/UEDPIE_0_BaseLevel 0.835
[2018.11.27-17.45.53:886][ 19]LogSlate: Updating window title bar state: overlay mode, drag disabled, window buttons hidden, title bar hidden
[2018.11.27-17.45.53:920][ 19]LogPlayLevel: Display: Shutting down PIE online subsystems
[2018.11.27-17.45.54:049][ 19]LogSlate: Updating window title bar state: overlay mode, drag disabled, window buttons hidden, title bar hidden
[2018.11.27-17.45.54:065][ 20]LogPlayLevel: Display: Destroying online subsystem :Context_4
[2018.11.27-17.46.10:156][966]LogSlate: Window 'Pick Parent Class' being destroyed
[2018.11.27-17.46.16:593][723]LogAssetEditorManager: Opening Asset editor for Blueprint /Game/Blueprints/BP_Civilian.BP_Civilian
[2018.11.27-17.46.17:546][723]LogContentBrowser: Native class hierarchy updated for 'BlueprintGraph' in 0.0011 seconds. Added 116 classes and 0 folders.
[2018.11.27-17.46.19:069][724]LogRenderer: Reallocating scene render targets to support 1208x712 Format 10 NumSamples 1 (Frame:1).
[2018.11.27-17.46.44:759][754]BlueprintLog: New page: Compile BP_Civilian
[2018.11.27-17.46.51:281][474]LogAssetEditorManager: Opening Asset editor for Blueprint /Game/Blueprints/BP_Bodyguard.BP_Bodyguard
[2018.11.27-17.46.53:730][675]LogAssetEditorManager: Opening Asset editor for Blueprint /Game/Blueprints/BP_Bodyguard.BP_Bodyguard
[2018.11.27-17.46.54:265][675]LogSlate: Took 0.002595 seconds to synchronously load lazily loaded font '../../../Engine/Content/Slate/Fonts/Roboto-BoldCondensed.ttf' (158K)
[2018.11.27-17.47.05:793][ 27]BlueprintLog: New page: Compile BP_Bodyguard
[2018.11.27-17.47.09:930][469]LogSlate: Took 0.002546 seconds to synchronously load lazily loaded font '../../../Engine/Content/Slate/Fonts/Roboto-Italic.ttf' (157K)
[2018.11.27-17.47.20:938][758]BlueprintLog: New page: Compile BP_Civilian
[2018.11.27-17.47.35:431][411]BlueprintLog: New page: Compile BP_Bodyguard
[2018.11.27-17.47.41:584][ 85]BlueprintLog: New page: Compile BP_Civilian
[2018.11.27-17.47.42:912][204]BlueprintLog: New page: Compile BP_Civilian
[2018.11.27-17.48.26:242][367]LogSlate: FSceneViewport::OnFocusLost() reason 0
[2018.11.27-17.48.26:308][374]LogTemp: Repeating last play command: Simulate
[2018.11.27-17.48.26:339][374]LogPlayLevel: PlayLevel: No blueprints needed recompiling
[2018.11.27-17.48.26:339][374]PIE: New page: SIE session: BaseLevel (27 Nov 2018 17:48:26)
[2018.11.27-17.48.26:339][374]LogPlayLevel: Creating play world package: /Game/Levels/UEDPIE_0_BaseLevel
[2018.11.27-17.48.26:347][374]LogPlayLevel: PIE: StaticDuplicateObject took: (0.007798s)
[2018.11.27-17.48.26:348][374]LogAIModule: Creating AISystem for world BaseLevel
[2018.11.27-17.48.26:348][374]LogPlayLevel: PIE: World Init took: (0.000993s)
[2018.11.27-17.48.26:348][374]LogPlayLevel: PIE: Created PIE world by copying editor world from /Game/Levels/BaseLevel.BaseLevel to /Game/Levels/UEDPIE_0_BaseLevel.BaseLevel (0.008998s)
[2018.11.27-17.48.26:494][374]LogInit: XAudio2 using 'Headphones (4- Turtle Beach Recon 60P)' : 2 channels at 48 kHz using 16 bits per sample (channel mask 0x3)
[2018.11.27-17.48.26:509][374]LogInit: FAudioDevice initialized.
[2018.11.27-17.48.26:546][374]LogLoad: Game class is 'GameModeTemp_C'
[2018.11.27-17.48.26:547][374]LogWorld: Bringing World /Game/Levels/UEDPIE_0_BaseLevel.BaseLevel up for play (max tick rate 0) at 2018.11.27-17.48.26
[2018.11.27-17.48.26:548][374]LogWorld: Bringing up level for play took: 0.001613
[2018.11.27-17.48.26:561][374]LogGameMode: Display: Match State Changed from EnteringMap to WaitingToStart
[2018.11.27-17.48.26:561][374]LogGameState: Match State Changed from EnteringMap to WaitingToStart
[2018.11.27-17.48.26:561][374]PIE: Play in editor start time for /Game/Levels/UEDPIE_0_BaseLevel -0.491
[2018.11.27-17.48.38:121][291]LogSlate: FSceneViewport::OnFocusLost() reason 0
[2018.11.27-17.49.01:141][214]Cmd: OBJ SAVEPACKAGE PACKAGE="/Game/Levels/BaseLevel" FILE="D:/GitHub/TGP_PairProject/TGP_Project/Content/Levels/BaseLevel.umap" SILENT=true AUTOSAVING=false KEEPDIRTY=false
[2018.11.27-17.49.01:323][214]LogSavePackage: Moving 'D:/GitHub/TGP_PairProject/TGP_Project/Saved/BaseLevel075DF1A64F24B5BD6FB251B6828694C1.tmp' to 'D:/GitHub/TGP_PairProject/TGP_Project/Content/Levels/BaseLevel.umap'
[2018.11.27-17.49.01:370][214]Cmd: OBJ SAVEPACKAGE PACKAGE="/Game/Levels/BaseLevel_BuiltData" FILE="D:/GitHub/TGP_PairProject/TGP_Project/Content/Levels/BaseLevel_BuiltData.uasset" SILENT=true
[2018.11.27-17.49.01:398][214]LogSavePackage: Moving 'D:/GitHub/TGP_PairProject/TGP_Project/Saved/BaseLevel_BuiltData07D7196E470D6000B440028517475AF6.tmp' to 'D:/GitHub/TGP_PairProject/TGP_Project/Content/Levels/BaseLevel_BuiltData.uasset'
[2018.11.27-17.49.03:271][373]LogSlate: Updating window title bar state: overlay mode, drag disabled, window buttons hidden, title bar hidden
[2018.11.27-17.49.03:315][373]LogPlayLevel: Display: Shutting down PIE online subsystems
[2018.11.27-17.49.03:440][373]LogSlate: Updating window title bar state: overlay mode, drag disabled, window buttons hidden, title bar hidden
[2018.11.27-17.49.03:462][374]LogPlayLevel: Display: Destroying online subsystem :Context_8
[2018.11.27-17.49.05:469][612]LogEditorViewport: Clicking on Actor (LMB): StaticMeshActor (Floor)
[2018.11.27-17.49.06:788][733]LogSlate: FSceneViewport::OnFocusLost() reason 0
[2018.11.27-17.49.19:797][970]LogTemp: Repeating last play command: Simulate
[2018.11.27-17.49.19:819][970]LogPlayLevel: PlayLevel: No blueprints needed recompiling
[2018.11.27-17.49.19:819][970]PIE: New page: SIE session: BaseLevel (27 Nov 2018 17:49:19)
[2018.11.27-17.49.19:820][970]LogPlayLevel: Creating play world package: /Game/Levels/UEDPIE_0_BaseLevel
[2018.11.27-17.49.19:826][970]LogPlayLevel: PIE: StaticDuplicateObject took: (0.006864s)
[2018.11.27-17.49.19:827][970]LogAIModule: Creating AISystem for world BaseLevel
[2018.11.27-17.49.19:828][970]LogPlayLevel: PIE: World Init took: (0.000949s)
[2018.11.27-17.49.19:828][970]LogPlayLevel: PIE: Created PIE world by copying editor world from /Game/Levels/BaseLevel.BaseLevel to /Game/Levels/UEDPIE_0_BaseLevel.BaseLevel (0.008068s)
[2018.11.27-17.49.19:981][970]LogInit: XAudio2 using 'Headphones (4- Turtle Beach Recon 60P)' : 2 channels at 48 kHz using 16 bits per sample (channel mask 0x3)
[2018.11.27-17.49.19:995][970]LogInit: FAudioDevice initialized.
[2018.11.27-17.49.20:027][970]LogLoad: Game class is 'GameModeTemp_C'
[2018.11.27-17.49.20:029][970]LogWorld: Bringing World /Game/Levels/UEDPIE_0_BaseLevel.BaseLevel up for play (max tick rate 0) at 2018.11.27-17.49.20
[2018.11.27-17.49.20:030][970]LogWorld: Bringing up level for play took: 0.001914
[2018.11.27-17.49.20:042][970]LogGameMode: Display: Match State Changed from EnteringMap to WaitingToStart
[2018.11.27-17.49.20:043][970]LogGameState: Match State Changed from EnteringMap to WaitingToStart
[2018.11.27-17.49.20:043][970]PIE: Play in editor start time for /Game/Levels/UEDPIE_0_BaseLevel 0.991
[2018.11.27-17.49.36:475][421]LogSlate: FSceneViewport::OnFocusLost() reason 0
[2018.11.27-17.49.36:559][430]LogSlate: Updating window title bar state: overlay mode, drag disabled, window buttons hidden, title bar hidden
[2018.11.27-17.49.36:602][430]LogPlayLevel: Display: Shutting down PIE online subsystems
[2018.11.27-17.49.36:732][430]LogSlate: Updating window title bar state: overlay mode, drag disabled, window buttons hidden, title bar hidden
[2018.11.27-17.49.36:755][431]LogPlayLevel: Display: Destroying online subsystem :Context_9
[2018.11.27-17.49.38:196][603]MapCheck: New page: Map Check
[2018.11.27-17.49.38:241][603]Cmd: MAP REBUILD ALLVISIBLE
[2018.11.27-17.49.38:241][603]LogEditorServer: Rebuildmap Clear paths rebuilt
[2018.11.27-17.49.38:497][603]LogMaterial: Display: Missing cached shader map for material FDebugViewModeMaterialProxy WorldGridMaterial, compiling. Is special engine material.
[2018.11.27-17.49.38:510][603]LogShaderCompilers: Display: Shaders left to compile 1
[2018.11.27-17.49.38:510][603]LogMaterial: Display: Missing cached shader map for material FDebugViewModeMaterialProxy BasicShapeMaterial, compiling. 
[2018.11.27-17.49.39:375][603]LogShaderCompilers: Display: Shaders left to compile 1
[2018.11.27-17.49.39:375][603]TextureStreamingBuild: Display: Compiling optional shaders took 0.886 seconds.
[2018.11.27-17.49.39:378][603]LogLevel: Display: Export Material TexCoord Scales took 0.002 seconds.
[2018.11.27-17.49.39:392][603]TextureStreamingBuild: Display: Build Texture Streaming took 0.013 seconds.
[2018.11.27-17.49.39:524][603]LightingResults: New page: Lighting Build - 27 Nov 2018 17:49:39
[2018.11.27-17.49.39:600][603]LogSwarmInterface: [OpenConnection] Registering TCP channel ...
[2018.11.27-17.49.39:712][603]LogSwarmInterface: [OpenConnection] Connecting to agent ...
[2018.11.27-17.49.39:739][603]LogSwarmInterface: [TryOpenConnection] Testing the Agent
[2018.11.27-17.49.40:772][603]LogSwarmInterface: [TryOpenConnection] Opening Connection to Agent
[2018.11.27-17.49.40:772][603]LogSwarmInterface: [TryOpenConnection] Local Process ID is 2020
[2018.11.27-17.49.45:278][603]LogStaticLightingSystem: Warning: No importance volume found, so the scene bounding box was used.  You can optimize your scene's quality and lighting build times by adding importance volumes.
[2018.11.27-17.49.45:278][603]LogStaticLightingSystem: Running Lightmass w/ ImmediateImport mode ENABLED
[2018.11.27-17.49.45:278][603]LogStaticLightingSystem: Running Lightmass w/ ImmediateProcess mode ENABLED
[2018.11.27-17.49.45:278][603]LogStaticLightingSystem: Running Lightmass w/ Sorting mode ENABLED
[2018.11.27-17.49.45:279][603]LogStaticLightingSystem: Running Lightmass w/ Mapping paddings ENABLED
[2018.11.27-17.49.45:279][603]LogStaticLightingSystem: Running Lightmass w/ Mapping debug paddings DISABLED
[2018.11.27-17.49.45:434][603]Cmd: MAP CHECK DONTDISPLAYDIALOG
[2018.11.27-17.49.45:435][603]MapCheck: New page: BaseLevel - 27 Nov 2018 17:49:45
[2018.11.27-17.49.45:435][603]MapCheck: Error: WorldSettings_1 Maps need lighting rebuilt 
[2018.11.27-17.49.45:753][603]MapCheck: Map check complete: 1 Error(s), 0 Warning(s), took 318.793ms to complete.
[2018.11.27-17.49.45:777][603]LogEditorBuildUtils: Build time 0:07
[2018.11.27-17.49.47:777][608]Job is a success!
[2018.11.27-17.49.48:274][609]LogVolumetricLightmapImport: Imported Volumetric Lightmap in 0.037s
[2018.11.27-17.49.48:274][609]LogVolumetricLightmapImport:      Indirection Texture 16x16x16 = 0.0Mb
[2018.11.27-17.49.48:274][609]LogVolumetricLightmapImport:      BrickData 80x5x5 = 0.1Mb
[2018.11.27-17.49.48:274][609]LogVolumetricLightmapImport:      Bricks at Level
[2018.11.27-17.49.48:274][609]LogVolumetricLightmapImport:          0: 6.3% covering 100.0% of volume
[2018.11.27-17.49.48:274][609]LogVolumetricLightmapImport:          1: 6.3% covering 1.6% of volume
[2018.11.27-17.49.48:274][609]LogVolumetricLightmapImport:          2: 87.5% covering 0.3% of volume
[2018.11.27-17.49.48:318][609]LogTexture: Display: Building textures: HQ_Lightmap0_1 (AutoDXT, 128X128)
[2018.11.27-17.49.48:318][609]LogTexture: Display: Building textures: LQ_Lightmap_0_1 (DXT1, 128X128)
[2018.11.27-17.49.48:318][609]LogTexture: Display: Building textures: HQ_Lightmap1_2 (AutoDXT, 128X128)
[2018.11.27-17.49.48:318][609]LogTexture: Display: Building textures: LQ_Lightmap_1_2 (DXT1, 128X128)
[2018.11.27-17.49.48:318][609]LogTexture: Display: Building textures: ShadowMapTexture2D_3 (G8, 128X8)
[2018.11.27-17.49.48:319][609]LogTexture: Display: Building textures: ShadowMapTexture2D_0 (G8, 128X64)
[2018.11.27-17.49.48:357][609]Lightmass on DESKTOP-JAN50R2: 1.48 sec total, 114 ms importing, 4 ms setup, 398 ms photons, 905 ms processing, 0 ms extra exporting [14/14 mappings]. Threads: 6.17 sec total, 117 ms processing.
[2018.11.27-17.49.48:477][609]LogStaticLightingSystem: Illumination: 8.57 sec (17 ms encoding lightmaps, 5 ms encoding shadowmaps)
[2018.11.27-17.49.48:477][609]LogStaticLightingSystem: Lightmap texture memory:  0.1 MB (0.0 MB streaming, 0.0 MB non-streaming), 4 textures
[2018.11.27-17.49.48:477][609]LogStaticLightingSystem: Shadowmap texture memory: 0.0 MB (0.0 MB streaming, 0.0 MB non-streaming), 2 textures
[2018.11.27-17.49.49:286][609]DumpUnbuiltLightIteractions
[2018.11.27-17.49.49:286][609]Lights with unbuilt interactions: 0
[2018.11.27-17.49.49:286][609]
[2018.11.27-17.49.49:286][609]Primitives with unbuilt interactions: 0
[2018.11.27-17.49.49:345][610]Cmd: MAP CHECK NOTIFYRESULTS
[2018.11.27-17.49.49:346][610]MapCheck: New page: BaseLevel - 27 Nov 2018 17:49:49
[2018.11.27-17.49.49:531][610]MapCheck: Map check complete: 0 Error(s), 0 Warning(s), took 185.156ms to complete.
[2018.11.27-17.50.37:130][902]LogSlate: Window 'Message Log' being destroyed
[2018.11.27-17.50.38:101][ 14]LogTemp: Repeating last play command: Simulate
[2018.11.27-17.50.38:123][ 14]LogPlayLevel: PlayLevel: No blueprints needed recompiling
[2018.11.27-17.50.38:123][ 14]PIE: New page: SIE session: BaseLevel (27 Nov 2018 17:50:38)
[2018.11.27-17.50.38:123][ 14]LogPlayLevel: Creating play world package: /Game/Levels/UEDPIE_0_BaseLevel
[2018.11.27-17.50.38:133][ 14]LogPlayLevel: PIE: StaticDuplicateObject took: (0.009527s)
[2018.11.27-17.50.38:134][ 14]LogAIModule: Creating AISystem for world BaseLevel
[2018.11.27-17.50.38:134][ 14]LogPlayLevel: PIE: World Init took: (0.000898s)
[2018.11.27-17.50.38:134][ 14]LogPlayLevel: PIE: Created PIE world by copying editor world from /Game/Levels/BaseLevel.BaseLevel to /Game/Levels/UEDPIE_0_BaseLevel.BaseLevel (0.010695s)
[2018.11.27-17.50.38:285][ 14]LogInit: XAudio2 using 'Headphones (4- Turtle Beach Recon 60P)' : 2 channels at 48 kHz using 16 bits per sample (channel mask 0x3)
[2018.11.27-17.50.38:298][ 14]LogInit: FAudioDevice initialized.
[2018.11.27-17.50.38:334][ 14]LogLoad: Game class is 'GameModeTemp_C'
[2018.11.27-17.50.38:336][ 14]LogWorld: Bringing World /Game/Levels/UEDPIE_0_BaseLevel.BaseLevel up for play (max tick rate 0) at 2018.11.27-17.50.38
[2018.11.27-17.50.38:336][ 14]LogWorld: Bringing up level for play took: 0.001488
[2018.11.27-17.50.38:349][ 14]LogGameMode: Display: Match State Changed from EnteringMap to WaitingToStart
[2018.11.27-17.50.38:350][ 14]LogGameState: Match State Changed from EnteringMap to WaitingToStart
[2018.11.27-17.50.38:350][ 14]PIE: Play in editor start time for /Game/Levels/UEDPIE_0_BaseLevel -0.702
[2018.11.27-17.50.51:572][252]LogSlate: Updating window title bar state: overlay mode, drag disabled, window buttons hidden, title bar hidden
[2018.11.27-17.50.51:617][252]LogPlayLevel: Display: Shutting down PIE online subsystems
[2018.11.27-17.50.51:739][252]LogSlate: Updating window title bar state: overlay mode, drag disabled, window buttons hidden, title bar hidden
[2018.11.27-17.50.51:761][253]LogPlayLevel: Display: Destroying online subsystem :Context_10
[2018.11.27-17.50.58:543][696]Cmd: OBJ SAVEPACKAGE PACKAGE="/Game/Levels/BaseLevel" FILE="D:/GitHub/TGP_PairProject/TGP_Project/Content/Levels/BaseLevel.umap" SILENT=true AUTOSAVING=false KEEPDIRTY=false
[2018.11.27-17.50.58:718][696]LogSavePackage: Moving 'D:/GitHub/TGP_PairProject/TGP_Project/Saved/BaseLevel9BE4ECEA4736A34C7D78498B8BD74EDA.tmp' to 'D:/GitHub/TGP_PairProject/TGP_Project/Content/Levels/BaseLevel.umap'
[2018.11.27-17.50.58:761][696]Cmd: OBJ SAVEPACKAGE PACKAGE="/Game/Levels/BaseLevel_BuiltData" FILE="D:/GitHub/TGP_PairProject/TGP_Project/Content/Levels/BaseLevel_BuiltData.uasset" SILENT=true
[2018.11.27-17.50.58:784][696]LogSavePackage: Moving 'D:/GitHub/TGP_PairProject/TGP_Project/Saved/BaseLevel_BuiltData5021007E4A5D0A7D485F0BB161ACE680.tmp' to 'D:/GitHub/TGP_PairProject/TGP_Project/Content/Levels/BaseLevel_BuiltData.uasset'
[2018.11.27-17.51.00:833][924]Candidate modules for hot reload:
[2018.11.27-17.51.00:833][924]  TGP_Project
[2018.11.27-17.51.00:834][924]Launching UnrealBuildTool... [C:/Users/blued/Documents/UE_4.20/Engine/Binaries/DotNET/UnrealBuildTool.exe  -ModuleWithSuffix=TGP_Project,533 Win64 Development -TargetType=Editor -Project="D:/GitHub/TGP_PairProject/TGP_Project/TGP_Project.uproject" -canskiplink "D:/GitHub/TGP_PairProject/TGP_Project/TGP_Project.uproject" ]
[2018.11.27-17.51.00:836][924]Warning: Starting HotReload took  0.1s.
[2018.11.27-17.51.00:975][938]CompilerResultsLog: New page: Compilation - 27 Nov 2018 17:51:00
[2018.11.27-17.51.00:975][938]CompilerResultsLog: ERROR: UnrealBuildTool Exception: A conflicting instance of UnrealBuildTool is already running at this location: C:\Users\blued\Documents\UE_4.20\Engine\Binaries\DotNET\UnrealBuildTool.exe. A process manager may be used to determine the conflicting process and what tool may have launched it.
[2018.11.27-17.51.00:975][938]LogMainFrame: MainFrame: Module compiling took 0.189 seconds
[2018.11.27-17.51.00:975][938]Warning: HotReload failed, recompile failed
[2018.11.27-18.00.07:996][875]LogSlate: Window 'Save Content' being destroyed
[2018.11.27-18.00.08:073][875]Cmd: OBJ SAVEPACKAGE PACKAGE="/Game/Blueprints/BP_Bodyguard" FILE="D:/GitHub/TGP_PairProject/TGP_Project/Content/Blueprints/BP_Bodyguard.uasset" SILENT=true
[2018.11.27-18.00.08:103][875]LogSavePackage: Moving 'D:/GitHub/TGP_PairProject/TGP_Project/Saved/BP_Bodyguard57A9127645310CFC060459B4295DA414.tmp' to 'D:/GitHub/TGP_PairProject/TGP_Project/Content/Blueprints/BP_Bodyguard.uasset'
[2018.11.27-18.00.08:103][875]LogFileManager: Warning: DeleteFile was unable to delete 'D:/GitHub/TGP_PairProject/TGP_Project/Content/Blueprints/BP_Bodyguard.uasset', retrying in .5s...
[2018.11.27-18.00.08:605][875]LogFileManager: Error: Error deleting file 'D:/GitHub/TGP_PairProject/TGP_Project/Content/Blueprints/BP_Bodyguard.uasset'.
[2018.11.27-18.00.08:605][875]LogSavePackage: Error: Error saving 'D:/GitHub/TGP_PairProject/TGP_Project/Content/Blueprints/BP_Bodyguard.uasset'
[2018.11.27-18.00.16:725][875]LogSlate: Window 'Message' being destroyed
[2018.11.27-18.00.16:736][875]EditorErrors: New page: Save Output
[2018.11.27-18.00.16:736][875]EditorErrors: Warning: Error saving 'D:/GitHub/TGP_PairProject/TGP_Project/Content/Blueprints/BP_Bodyguard.uasset'
[2018.11.27-18.00.20:562][318]LogSlate: Window 'Message Log' being destroyed
[2018.11.27-18.00.30:971][651]Cmd: OBJ SAVEPACKAGE PACKAGE="/Game/Levels/BaseLevel" FILE="D:/GitHub/TGP_PairProject/TGP_Project/Content/Levels/BaseLevel.umap" SILENT=true AUTOSAVING=false KEEPDIRTY=false
[2018.11.27-18.00.31:146][651]LogSavePackage: Moving 'D:/GitHub/TGP_PairProject/TGP_Project/Saved/BaseLevel9FCA9F5F405357FC2655F8B747F2BF70.tmp' to 'D:/GitHub/TGP_PairProject/TGP_Project/Content/Levels/BaseLevel.umap'
[2018.11.27-18.00.31:181][651]Cmd: OBJ SAVEPACKAGE PACKAGE="/Game/Levels/BaseLevel_BuiltData" FILE="D:/GitHub/TGP_PairProject/TGP_Project/Content/Levels/BaseLevel_BuiltData.uasset" SILENT=true
[2018.11.27-18.00.31:205][651]LogSavePackage: Moving 'D:/GitHub/TGP_PairProject/TGP_Project/Saved/BaseLevel_BuiltData3389A91146C7D2B3DB09C196BA9AFAD8.tmp' to 'D:/GitHub/TGP_PairProject/TGP_Project/Content/Levels/BaseLevel_BuiltData.uasset'
[2018.11.27-18.00.37:744][ 93]LogSlate: Window 'Save Content' being destroyed
[2018.11.27-18.00.37:811][ 93]Cmd: OBJ SAVEPACKAGE PACKAGE="/Game/Blueprints/BP_Bodyguard" FILE="D:/GitHub/TGP_PairProject/TGP_Project/Content/Blueprints/BP_Bodyguard.uasset" SILENT=true
[2018.11.27-18.00.37:838][ 93]LogSavePackage: Moving 'D:/GitHub/TGP_PairProject/TGP_Project/Saved/BP_Bodyguard0BB77E8E4A058391790B22AE2E669CC0.tmp' to 'D:/GitHub/TGP_PairProject/TGP_Project/Content/Blueprints/BP_Bodyguard.uasset'
[2018.11.27-18.00.37:846][ 93]Cmd: OBJ SAVEPACKAGE PACKAGE="/Game/Blueprints/BP_Civilian" FILE="D:/GitHub/TGP_PairProject/TGP_Project/Content/Blueprints/BP_Civilian.uasset" SILENT=true
[2018.11.27-18.00.37:863][ 93]LogSavePackage: Moving 'D:/GitHub/TGP_PairProject/TGP_Project/Saved/BP_Civilian7E4AB604441F46C25C10DA93A052695B.tmp' to 'D:/GitHub/TGP_PairProject/TGP_Project/Content/Blueprints/BP_Civilian.uasset'
[2018.11.27-18.00.38:047][ 93]LogActorComponent: UnregisterComponent: (/Engine/Transient.EditorFloorComp) Not registered. Aborting.
[2018.11.27-18.00.38:120][ 93]LogSlate: Window 'TGP_Project - Unreal Editor' being destroyed
[2018.11.27-18.00.38:336][ 94]Cmd: QUIT_EDITOR
[2018.11.27-18.00.38:945][ 94]LogWindowsTextInputMethodSystem: Display: IME system now deactivated.
[2018.11.27-18.00.38:957][ 94]LogExit: Preparing to exit.
[2018.11.27-18.00.39:198][ 94]LogExit: Editor shut down
[2018.11.27-18.00.39:198][ 94]LogExit: Transaction tracking system shut down
[2018.11.27-18.00.39:542][ 94]LogExit: Object subsystem successfully closed.
[2018.11.27-18.00.39:562][ 94]LogShaderCompilers: Display: Shaders left to compile 0
[2018.11.27-18.00.39:566][ 94]LogD3D11RHI: Shutdown
[2018.11.27-18.00.39:566][ 94]LogD3D11RHI: CleanupD3DDevice
[2018.11.27-18.00.39:569][ 94]LogD3D11RHI: ~FD3D11DynamicRHI
[2018.11.27-18.00.39:599][ 94]LogModuleManager: Shutting down and abandoning module HierarchicalLODUtilities (620)
[2018.11.27-18.00.39:599][ 94]LogModuleManager: Shutting down and abandoning module BlueprintGraph (618)
[2018.11.27-18.00.39:599][ 94]LogModuleManager: Shutting down and abandoning module MovieSceneCapture (616)
[2018.11.27-18.00.39:599][ 94]LogModuleManager: Shutting down and abandoning module Voice (614)
[2018.11.27-18.00.39:599][ 94]LogModuleManager: Shutting down and abandoning module StatsViewer (612)
[2018.11.27-18.00.39:599][ 94]LogModuleManager: Shutting down and abandoning module HierarchicalLODOutliner (610)
[2018.11.27-18.00.39:599][ 94]LogModuleManager: Shutting down and abandoning module SceneOutliner (608)
[2018.11.27-18.00.39:599][ 94]LogModuleManager: Shutting down and abandoning module AddContentDialog (606)
[2018.11.27-18.00.39:600][ 94]LogModuleManager: Shutting down and abandoning module WidgetCarousel (605)
[2018.11.27-18.00.39:600][ 94]LogModuleManager: Shutting down and abandoning module EditorWidgets (602)
[2018.11.27-18.00.39:600][ 94]LogModuleManager: Shutting down and abandoning module CollectionManager (600)
[2018.11.27-18.00.39:600][ 94]LogModuleManager: Shutting down and abandoning module FoliageEdit (598)
[2018.11.27-18.00.39:600][ 94]LogModuleManager: Shutting down and abandoning module LandscapeEditor (596)
[2018.11.27-18.00.39:600][ 94]LogModuleManager: Shutting down and abandoning module MeshPaintMode (594)
[2018.11.27-18.00.39:600][ 94]LogModuleManager: Shutting down and abandoning module SceneDepthPickerMode (592)
[2018.11.27-18.00.39:600][ 94]LogModuleManager: Shutting down and abandoning module ActorPickerMode (590)
[2018.11.27-18.00.39:600][ 94]LogModuleManager: Shutting down and abandoning module GeometryMode (588)
[2018.11.27-18.00.39:600][ 94]LogModuleManager: Shutting down and abandoning module TextureAlignMode (586)
[2018.11.27-18.00.39:600][ 94]LogModuleManager: Shutting down and abandoning module BspMode (584)
[2018.11.27-18.00.39:600][ 94]LogModuleManager: Shutting down and abandoning module PIEPreviewDeviceProfileSelector (582)
[2018.11.27-18.00.39:600][ 94]LogModuleManager: Shutting down and abandoning module SequenceRecorderSections (580)
[2018.11.27-18.00.39:600][ 94]LogModuleManager: Shutting down and abandoning module AutomationWorker (578)
[2018.11.27-18.00.39:600][ 94]LogModuleManager: Shutting down and abandoning module AudioCaptureEditor (576)
[2018.11.27-18.00.39:600][ 94]LogModuleManager: Shutting down and abandoning module SequenceRecorder (575)
[2018.11.27-18.00.39:600][ 94]LogModuleManager: Shutting down and abandoning module MatineeToLevelSequence (572)
[2018.11.27-18.00.39:601][ 94]LogModuleManager: Shutting down and abandoning module LevelSequenceEditor (570)
[2018.11.27-18.00.39:601][ 94]LogModuleManager: Shutting down and abandoning module PlacementMode (569)
[2018.11.27-18.00.39:601][ 94]LogModuleManager: Shutting down and abandoning module MaterialEditor (568)
[2018.11.27-18.00.39:601][ 94]LogModuleManager: Shutting down and abandoning module WmfMediaFactory (564)
[2018.11.27-18.00.39:601][ 94]LogModuleManager: Shutting down and abandoning module WmfMediaEditor (562)
[2018.11.27-18.00.39:601][ 94]LogModuleManager: Shutting down and abandoning module MediaPlayerEditor (560)
[2018.11.27-18.00.39:601][ 94]LogModuleManager: Shutting down and abandoning module OpenExrWrapper (558)
[2018.11.27-18.00.39:601][ 94]LogModuleManager: Shutting down and abandoning module ImgMediaFactory (556)
[2018.11.27-18.00.39:601][ 94]LogModuleManager: Shutting down and abandoning module ImgMediaEditor (554)
[2018.11.27-18.00.39:601][ 94]LogModuleManager: Shutting down and abandoning module AvfMediaFactory (552)
[2018.11.27-18.00.39:601][ 94]LogModuleManager: Shutting down and abandoning module AvfMediaEditor (550)
[2018.11.27-18.00.39:601][ 94]LogModuleManager: Shutting down and abandoning module AndroidMediaFactory (548)
[2018.11.27-18.00.39:601][ 94]LogModuleManager: Shutting down and abandoning module AndroidMediaEditor (546)
[2018.11.27-18.00.39:601][ 94]LogModuleManager: Shutting down and abandoning module MagicLeapCameraPreviewFactory (544)
[2018.11.27-18.00.39:601][ 94]LogModuleManager: Shutting down and abandoning module MagicLeapMediaFactory (542)
[2018.11.27-18.00.39:601][ 94]LogModuleManager: Shutting down and abandoning module MagicLeapMediaEditor (540)
[2018.11.27-18.00.39:601][ 94]LogModuleManager: Shutting down and abandoning module CharacterAI (538)
[2018.11.27-18.00.39:601][ 94]LogModuleManager: Shutting down and abandoning module SmartSnapping (536)
[2018.11.27-18.00.39:601][ 94]LogModuleManager: Shutting down and abandoning module SessionServices (534)
[2018.11.27-18.00.39:601][ 94]LogModuleManager: Shutting down and abandoning module ViewportSnapping (532)
[2018.11.27-18.00.39:601][ 94]LogModuleManager: Shutting down and abandoning module ViewportInteraction (530)
[2018.11.27-18.00.39:601][ 94]LogModuleManager: Shutting down and abandoning module ClothPainter (528)
[2018.11.27-18.00.39:601][ 94]LogModuleManager: Shutting down and abandoning module SkeletalMeshEditor (527)
[2018.11.27-18.00.39:601][ 94]LogModuleManager: Shutting down and abandoning module LogVisualizer (524)
[2018.11.27-18.00.39:601][ 94]LogModuleManager: Shutting down and abandoning module IntroTutorials (522)
[2018.11.27-18.00.39:602][ 94]LogModuleManager: Shutting down and abandoning module GameProjectGeneration (521)
[2018.11.27-18.00.39:602][ 94]LogModuleManager: Shutting down and abandoning module LuminPlatformEditor (518)
[2018.11.27-18.00.39:602][ 94]LogModuleManager: Shutting down and abandoning module IOSPlatformEditor (516)
[2018.11.27-18.00.39:602][ 94]LogModuleManager: Shutting down and abandoning module HTML5PlatformEditor (514)
[2018.11.27-18.00.39:602][ 94]LogModuleManager: Shutting down and abandoning module AndroidPlatformEditor (512)
[2018.11.27-18.00.39:602][ 94]LogModuleManager: Shutting down and abandoning module AndroidDeviceDetection (511)
[2018.11.27-18.00.40:520][ 94]LogModuleManager: Shutting down and abandoning module WindowsPlatformEditor (508)
[2018.11.27-18.00.40:520][ 94]LogModuleManager: Shutting down and abandoning module LuminRuntimeSettings (506)
[2018.11.27-18.00.40:520][ 94]LogModuleManager: Shutting down and abandoning module IOSRuntimeSettings (504)
[2018.11.27-18.00.40:520][ 94]LogModuleManager: Shutting down and abandoning module AndroidRuntimeSettings (502)
[2018.11.27-18.00.40:520][ 94]LogModuleManager: Shutting down and abandoning module InputBindingEditor (500)
[2018.11.27-18.00.40:520][ 94]LogModuleManager: Shutting down and abandoning module MergeActors (498)
[2018.11.27-18.00.40:520][ 94]LogModuleManager: Shutting down and abandoning module LocalizationDashboard (496)
[2018.11.27-18.00.40:520][ 94]LogModuleManager: Shutting down and abandoning module LocalizationService (495)
[2018.11.27-18.00.40:520][ 94]LogModuleManager: Shutting down and abandoning module HardwareTargeting (492)
[2018.11.27-18.00.40:521][ 94]LogModuleManager: Shutting down and abandoning module DeviceProfileEditor (490)
[2018.11.27-18.00.40:521][ 94]LogModuleManager: Shutting down and abandoning module UndoHistory (488)
[2018.11.27-18.00.40:521][ 94]LogModuleManager: Shutting down and abandoning module XmlParser (486)
[2018.11.27-18.00.40:521][ 94]LogModuleManager: Shutting down and abandoning module Blutility (484)
[2018.11.27-18.00.40:521][ 94]LogModuleManager: Shutting down and abandoning module ProjectSettingsViewer (482)
[2018.11.27-18.00.40:521][ 94]LogModuleManager: Shutting down and abandoning module ProjectTargetPlatformEditor (481)
[2018.11.27-18.00.40:521][ 94]LogModuleManager: Shutting down and abandoning module EditorSettingsViewer (478)
[2018.11.27-18.00.40:521][ 94]LogModuleManager: Shutting down and abandoning module SettingsEditor (476)
[2018.11.27-18.00.40:521][ 94]LogModuleManager: Shutting down and abandoning module ProjectLauncher (474)
[2018.11.27-18.00.40:521][ 94]LogModuleManager: Shutting down and abandoning module SessionFrontend (472)
[2018.11.27-18.00.40:521][ 94]LogModuleManager: Shutting down and abandoning module ProfilerClient (470)
[2018.11.27-18.00.40:521][ 94]LogModuleManager: Shutting down and abandoning module DeviceManager (468)
[2018.11.27-18.00.40:521][ 94]LogModuleManager: Shutting down and abandoning module TargetDeviceServices (467)
[2018.11.27-18.00.40:575][ 94]LogModuleManager: Shutting down and abandoning module AutomationController (464)
[2018.11.27-18.00.40:575][ 94]LogModuleManager: Shutting down and abandoning module AutomationWindow (462)
[2018.11.27-18.00.40:575][ 94]LogModuleManager: Shutting down and abandoning module Layers (460)
[2018.11.27-18.00.40:575][ 94]LogModuleManager: Shutting down and abandoning module ComponentVisualizers (458)
[2018.11.27-18.00.40:575][ 94]LogModuleManager: Shutting down and abandoning module DetailCustomizations (456)
[2018.11.27-18.00.40:575][ 94]LogModuleManager: Shutting down and abandoning module PackagesDialog (454)
[2018.11.27-18.00.40:575][ 94]LogModuleManager: Shutting down and abandoning module Persona (452)
[2018.11.27-18.00.40:575][ 94]LogModuleManager: Shutting down and abandoning module AdvancedPreviewScene (451)
[2018.11.27-18.00.40:575][ 94]LogModuleManager: Shutting down and abandoning module AnimGraph (449)
[2018.11.27-18.00.40:575][ 94]LogModuleManager: Shutting down and abandoning module Kismet (446)
[2018.11.27-18.00.40:582][ 94]LogModuleManager: Shutting down and abandoning module GraphEditor (444)
[2018.11.27-18.00.40:583][ 94]LogModuleManager: Shutting down and abandoning module ClassViewer (442)
[2018.11.27-18.00.40:584][ 94]LogModuleManager: Shutting down and abandoning module Toolbox (440)
[2018.11.27-18.00.40:584][ 94]LogModuleManager: Shutting down and abandoning module DesktopPlatform (439)
[2018.11.27-18.00.40:584][ 94]LogModuleManager: Shutting down and abandoning module ModuleUI (436)
[2018.11.27-18.00.40:584][ 94]LogModuleManager: Shutting down and abandoning module MovieSceneTools (434)
[2018.11.27-18.00.40:584][ 94]LogModuleManager: Shutting down and abandoning module OutputLog (432)
[2018.11.27-18.00.40:584][ 94]LogModuleManager: Shutting down and abandoning module GammaUI (430)
[2018.11.27-18.00.40:584][ 94]LogModuleManager: Shutting down and abandoning module Documentation (428)
[2018.11.27-18.00.40:584][ 94]LogModuleManager: Shutting down and abandoning module MovieSceneTracks (426)
[2018.11.27-18.00.40:584][ 94]LogModuleManager: Shutting down and abandoning module MovieScene (424)
[2018.11.27-18.00.40:585][ 94]LogModuleManager: Shutting down and abandoning module StreamingPauseRendering (422)
[2018.11.27-18.00.40:585][ 94]LogModuleManager: Shutting down and abandoning module LauncherPlatform (420)
[2018.11.27-18.00.40:585][ 94]LogModuleManager: Shutting down and abandoning module AnalyticsET (418)
[2018.11.27-18.00.40:585][ 94]LogModuleManager: Shutting down and abandoning module PortalServices (416)
[2018.11.27-18.00.40:585][ 94]LogModuleManager: Shutting down and abandoning module PortalRpc (414)
[2018.11.27-18.00.40:585][ 94]LogModuleManager: Shutting down and abandoning module MessagingRpc (412)
[2018.11.27-18.00.40:585][ 94]LogModuleManager: Shutting down and abandoning module AIModule (410)
[2018.11.27-18.00.40:585][ 94]LogModuleManager: Shutting down and abandoning module GameplayDebugger (409)
[2018.11.27-18.00.40:585][ 94]LogModuleManager: Shutting down and abandoning module AITestSuite (407)
[2018.11.27-18.00.40:585][ 94]LogModuleManager: Shutting down and abandoning module NavigationSystem (405)
[2018.11.27-18.00.40:585][ 94]LogModuleManager: Shutting down and abandoning module ProfilerService (402)
[2018.11.27-18.00.40:724][ 94]LogModuleManager: Shutting down and abandoning module TaskGraph (400)
[2018.11.27-18.00.40:724][ 94]LogModuleManager: Shutting down and abandoning module SteamVRController (398)
[2018.11.27-18.00.40:724][ 94]LogModuleManager: Shutting down and abandoning module ProceduralMeshComponentEditor (396)
[2018.11.27-18.00.40:725][ 94]LogModuleManager: Shutting down and abandoning module ProceduralMeshComponent (394)
[2018.11.27-18.00.40:725][ 94]LogModuleManager: Shutting down and abandoning module OculusInput (392)
[2018.11.27-18.00.40:725][ 94]LogModuleManager: Shutting down and abandoning module MobilePatchingUtils (390)
[2018.11.27-18.00.40:725][ 94]LogModuleManager: Shutting down and abandoning module EditableMesh (388)
[2018.11.27-18.00.40:725][ 94]LogModuleManager: Shutting down and abandoning module CustomMeshComponent (386)
[2018.11.27-18.00.40:725][ 94]LogModuleManager: Shutting down and abandoning module CableComponent (384)
[2018.11.27-18.00.40:725][ 94]LogModuleManager: Shutting down and abandoning module AudioCapture (382)
[2018.11.27-18.00.40:725][ 94]LogModuleManager: Shutting down and abandoning module ArchVisCharacter (380)
[2018.11.27-18.00.40:725][ 94]LogModuleManager: Shutting down and abandoning module AndroidPermission (378)
[2018.11.27-18.00.40:725][ 94]LogModuleManager: Shutting down and abandoning module NUTUnrealEngine4 (376)
[2018.11.27-18.00.40:725][ 94]LogModuleManager: Shutting down and abandoning module NetcodeUnitTest (374)
[2018.11.27-18.00.40:725][ 94]LogModuleManager: Shutting down and abandoning module MediaCompositingEditor (372)
[2018.11.27-18.00.40:725][ 94]LogModuleManager: Shutting down and abandoning module MediaCompositing (370)
[2018.11.27-18.00.40:725][ 94]LogModuleManager: Shutting down and abandoning module LinearTimecode (368)
[2018.11.27-18.00.40:725][ 94]LogModuleManager: Shutting down and abandoning module ImgMedia (366)
[2018.11.27-18.00.40:729][ 94]LogModuleManager: Shutting down and abandoning module HTML5Networking (364)
[2018.11.27-18.00.40:729][ 94]LogModuleManager: Shutting down and abandoning module GeometryCacheTracks (362)
[2018.11.27-18.00.40:729][ 94]LogModuleManager: Shutting down and abandoning module GeometryCacheSequencer (360)
[2018.11.27-18.00.40:729][ 94]LogModuleManager: Shutting down and abandoning module BackChannel (358)
[2018.11.27-18.00.40:729][ 94]LogModuleManager: Shutting down and abandoning module AppleVision (356)
[2018.11.27-18.00.40:729][ 94]LogModuleManager: Shutting down and abandoning module AppleImageUtils (354)
[2018.11.27-18.00.40:729][ 94]LogModuleManager: Shutting down and abandoning module AlembicImporter (352)
[2018.11.27-18.00.40:729][ 94]LogModuleManager: Shutting down and abandoning module AlembicLibrary (351)
[2018.11.27-18.00.40:729][ 94]LogModuleManager: Shutting down and abandoning module GeometryCache (350)
[2018.11.27-18.00.40:729][ 94]LogModuleManager: Shutting down and abandoning module GeometryCacheEd (349)
[2018.11.27-18.00.40:730][ 94]LogModuleManager: Shutting down and abandoning module DatasmithContentEditor (344)
[2018.11.27-18.00.40:730][ 94]LogModuleManager: Shutting down and abandoning module DatasmithContent (342)
[2018.11.27-18.00.40:730][ 94]LogModuleManager: Shutting down and abandoning module SpeedTreeImporter (340)
[2018.11.27-18.00.40:730][ 94]LogModuleManager: Shutting down and abandoning module PluginBrowser (338)
[2018.11.27-18.00.40:730][ 94]LogModuleManager: Shutting down and abandoning module MobileLauncherProfileWizard (336)
[2018.11.27-18.00.40:730][ 94]LogModuleManager: Shutting down and abandoning module PolygonModeling (334)
[2018.11.27-18.00.40:730][ 94]LogModuleManager: Shutting down and abandoning module MeshEditor (332)
[2018.11.27-18.00.40:730][ 94]LogModuleManager: Shutting down and abandoning module CryptoKeysOpenSSL (330)
[2018.11.27-18.00.40:730][ 94]LogModuleManager: Shutting down and abandoning module CryptoKeys (328)
[2018.11.27-18.00.40:730][ 94]LogModuleManager: Shutting down and abandoning module VisualStudioSourceCodeAccess (326)
[2018.11.27-18.00.40:731][ 94]LogModuleManager: Shutting down and abandoning module VisualStudioCodeSourceCodeAccess (324)
[2018.11.27-18.00.40:731][ 94]LogModuleManager: Shutting down and abandoning module UObjectPlugin (322)
[2018.11.27-18.00.40:731][ 94]LogModuleManager: Shutting down and abandoning module SubversionSourceControl (320)
[2018.11.27-18.00.40:731][ 94]LogModuleManager: Shutting down and abandoning module PerforceSourceControl (318)
[2018.11.27-18.00.40:731][ 94]LogModuleManager: Shutting down and abandoning module GitSourceControl (316)
[2018.11.27-18.00.40:731][ 94]LogModuleManager: Shutting down and abandoning module SourceControl (315)
[2018.11.27-18.00.40:731][ 94]LogModuleManager: Shutting down and abandoning module CLionSourceCodeAccess (312)
[2018.11.27-18.00.40:731][ 94]LogModuleManager: Shutting down and abandoning module LightPropagationVolumeEditor (310)
[2018.11.27-18.00.40:731][ 94]LogModuleManager: Shutting down and abandoning module PaperTiledImporter (308)
[2018.11.27-18.00.40:731][ 94]LogModuleManager: Shutting down and abandoning module PaperSpriteSheetImporter (306)
[2018.11.27-18.00.40:731][ 94]LogModuleManager: Shutting down and abandoning module Paper2DEditor (304)
[2018.11.27-18.00.40:731][ 94]LogModuleManager: Shutting down and abandoning module MeshPaint (303)
[2018.11.27-18.00.40:731][ 94]LogModuleManager: Shutting down and abandoning module TGP_Project (300)
[2018.11.27-18.00.40:731][ 94]LogModuleManager: Shutting down and abandoning module RuntimePhysXCooking (298)
[2018.11.27-18.00.40:731][ 94]LogModuleManager: Shutting down and abandoning module PhysXVehiclesEditor (296)
[2018.11.27-18.00.40:731][ 94]LogModuleManager: Shutting down and abandoning module PhysXVehicles (294)
[2018.11.27-18.00.40:732][ 94]LogModuleManager: Shutting down and abandoning module OculusEditor (292)
[2018.11.27-18.00.40:732][ 94]LogModuleManager: Shutting down and abandoning module LocationServicesBPLibrary (290)
[2018.11.27-18.00.40:732][ 94]LogModuleManager: Shutting down and abandoning module ImmediatePhysicsEditor (288)
[2018.11.27-18.00.40:732][ 94]LogModuleManager: Shutting down and abandoning module ImmediatePhysics (286)
[2018.11.27-18.00.40:732][ 94]LogModuleManager: Shutting down and abandoning module ActorSequence (284)
[2018.11.27-18.00.40:732][ 94]LogModuleManager: Shutting down and abandoning module UdpMessaging (282)
[2018.11.27-18.00.40:833][ 94]LogModuleManager: Shutting down and abandoning module TcpMessaging (280)
[2018.11.27-18.00.40:934][ 94]LogModuleManager: Shutting down and abandoning module MagicLeapAudio (278)
[2018.11.27-18.00.40:934][ 94]LogModuleManager: Shutting down and abandoning module GameplayTagsEditor (276)
[2018.11.27-18.00.40:934][ 94]LogModuleManager: Shutting down and abandoning module FacialAnimationEditor (274)
[2018.11.27-18.00.40:934][ 94]LogModuleManager: Shutting down and abandoning module FacialAnimation (272)
[2018.11.27-18.00.40:934][ 94]LogModuleManager: Shutting down and abandoning module DataValidation (270)
[2018.11.27-18.00.40:934][ 94]LogModuleManager: Shutting down and abandoning module AssetManagerEditor (268)
[2018.11.27-18.00.40:934][ 94]LogModuleManager: Shutting down and abandoning module LevelEditor (267)
[2018.11.27-18.00.40:935][ 94]LogModuleManager: Shutting down and abandoning module PixelInspectorModule (266)
[2018.11.27-18.00.40:935][ 94]LogModuleManager: Shutting down and abandoning module CommonMenuExtensions (264)
[2018.11.27-18.00.40:935][ 94]LogModuleManager: Shutting down and abandoning module MainFrame (262)
[2018.11.27-18.00.40:935][ 94]LogModuleManager: Shutting down and abandoning module HotReload (261)
[2018.11.27-18.00.40:936][ 94]LogModuleManager: Shutting down and abandoning module ContentBrowser (257)
[2018.11.27-18.00.40:937][ 94]LogModuleManager: Shutting down and abandoning module TreeMap (255)
[2018.11.27-18.00.40:937][ 94]LogModuleManager: Shutting down and abandoning module LightPropagationVolumeRuntime (252)
[2018.11.27-18.00.40:937][ 94]LogModuleManager: Shutting down and abandoning module AISupportModule (250)
[2018.11.27-18.00.40:937][ 94]LogModuleManager: Shutting down and abandoning module Paper2D (248)
[2018.11.27-18.00.40:937][ 94]LogModuleManager: Shutting down and abandoning module WindowsMoviePlayer (246)
[2018.11.27-18.00.40:937][ 94]LogModuleManager: Shutting down and abandoning module WmfMedia (244)
[2018.11.27-18.00.40:939][ 94]LogModuleManager: Shutting down and abandoning module Media (243)
[2018.11.27-18.00.40:945][ 94]LogModuleManager: Shutting down and abandoning module PacketHandler (240)
[2018.11.27-18.00.40:945][ 94]LogModuleManager: Shutting down and abandoning module ClothingSystemEditor (238)
[2018.11.27-18.00.40:945][ 94]LogModuleManager: Shutting down and abandoning module ClothingSystemRuntime (236)
[2018.11.27-18.00.40:945][ 94]LogModuleManager: Shutting down and abandoning module MediaAssets (234)
[2018.11.27-18.00.40:945][ 94]LogModuleManager: Shutting down and abandoning module Overlay (232)
[2018.11.27-18.00.40:945][ 94]LogModuleManager: Shutting down and abandoning module OverlayEditor (231)
[2018.11.27-18.00.40:945][ 94]LogModuleManager: Shutting down and abandoning module VREditor (228)
[2018.11.27-18.00.40:945][ 94]LogModuleManager: Shutting down and abandoning module StringTableEditor (226)
[2018.11.27-18.00.40:945][ 94]LogModuleManager: Shutting down and abandoning module GameplayTasksEditor (224)
[2018.11.27-18.00.40:945][ 94]LogModuleManager: Shutting down and abandoning module BehaviorTreeEditor (222)
[2018.11.27-18.00.40:945][ 94]LogModuleManager: Shutting down and abandoning module FunctionalTesting (220)
[2018.11.27-18.00.40:945][ 94]LogModuleManager: Shutting down and abandoning module CollisionAnalyzer (218)
[2018.11.27-18.00.40:946][ 94]LogModuleManager: Shutting down and abandoning module WorkspaceMenuStructure (217)
[2018.11.27-18.00.40:946][ 94]LogModuleManager: Shutting down and abandoning module UMG (214)
[2018.11.27-18.00.40:946][ 94]LogModuleManager: Shutting down and abandoning module UMGEditor (213)
[2018.11.27-18.00.40:946][ 94]LogModuleManager: Shutting down and abandoning module Sequencer (212)
[2018.11.27-18.00.40:946][ 94]LogModuleManager: Shutting down and abandoning module MessageLog (209)
[2018.11.27-18.00.40:946][ 94]LogModuleManager: Shutting down and abandoning module SlateReflector (204)
[2018.11.27-18.00.40:946][ 94]LogModuleManager: Shutting down and abandoning module Slate (202)
[2018.11.27-18.00.40:946][ 94]LogModuleManager: Shutting down and abandoning module EditorStyle (200)
[2018.11.27-18.00.40:948][ 94]LogModuleManager: Shutting down and abandoning module MRMesh (198)
[2018.11.27-18.00.40:948][ 94]LogModuleManager: Shutting down and abandoning module SourceCodeAccess (196)
[2018.11.27-18.00.40:948][ 94]LogModuleManager: Shutting down and abandoning module HeadMountedDisplay (194)
[2018.11.27-18.00.40:948][ 94]LogModuleManager: Shutting down and abandoning module XAudio2 (192)
[2018.11.27-18.00.40:948][ 94]LogModuleManager: Shutting down and abandoning module Networking (190)
[2018.11.27-18.00.40:948][ 94]LogModuleManager: Shutting down and abandoning module Core (188)
[2018.11.27-18.00.40:948][ 94]LogModuleManager: Shutting down and abandoning module LevelSequence (186)
[2018.11.27-18.00.40:948][ 94]LogModuleManager: Shutting down and abandoning module KismetCompiler (184)
[2018.11.27-18.00.40:948][ 94]LogModuleManager: Shutting down and abandoning module MeshUtilities (182)
[2018.11.27-18.00.40:948][ 94]LogModuleManager: Shutting down and abandoning module MeshMergeUtilities (181)
[2018.11.27-18.00.40:948][ 94]LogModuleManager: Shutting down and abandoning module MeshReductionInterface (180)
[2018.11.27-18.00.40:948][ 94]LogModuleManager: Shutting down and abandoning module SimplygonSwarm (179)
[2018.11.27-18.00.40:948][ 94]LogModuleManager: Shutting down and abandoning module ProxyLODMeshReduction (177)
[2018.11.27-18.00.40:948][ 94]LogModuleManager: Shutting down and abandoning module SimplygonMeshReduction (175)
[2018.11.27-18.00.40:948][ 94]LogModuleManager: Shutting down and abandoning module QuadricMeshReduction (173)
[2018.11.27-18.00.40:948][ 94]LogModuleManager: Shutting down and abandoning module MaterialBaking (169)
[2018.11.27-18.00.40:948][ 94]LogModuleManager: Shutting down and abandoning module DirectoryWatcher (165)
[2018.11.27-18.00.40:948][ 94]LogModuleManager: Shutting down and abandoning module DerivedDataCache (162)
[2018.11.27-18.00.41:010][ 94]LogDerivedDataCache: Shutdown
[2018.11.27-18.00.41:010][ 94]LogModuleManager: Shutting down and abandoning module XGEController (160)
[2018.11.27-18.00.41:010][ 94]LogXGEController: Cleaning working directory: C:/Users/blued/AppData/Local/Temp/UnrealXGEWorkingDir/
[2018.11.27-18.00.41:011][ 94]LogModuleManager: Shutting down and abandoning module TargetPlatform (158)
[2018.11.27-18.00.41:011][ 94]LogModuleManager: Shutting down and abandoning module VulkanShaderFormat (157)
[2018.11.27-18.00.41:011][ 94]LogModuleManager: Shutting down and abandoning module ShaderFormatVectorVM (155)
[2018.11.27-18.00.41:011][ 94]LogModuleManager: Shutting down and abandoning module ShaderFormatOpenGL (153)
[2018.11.27-18.00.41:011][ 94]LogModuleManager: Shutting down and abandoning module ShaderFormatD3D (151)
[2018.11.27-18.00.41:011][ 94]LogModuleManager: Shutting down and abandoning module MetalShaderFormat (149)
[2018.11.27-18.00.41:011][ 94]LogModuleManager: Shutting down and abandoning module TextureFormatUncompressed (147)
[2018.11.27-18.00.41:011][ 94]LogModuleManager: Shutting down and abandoning module TextureFormatPVR (145)
[2018.11.27-18.00.41:011][ 94]LogModuleManager: Shutting down and abandoning module TextureFormatDXT (143)
[2018.11.27-18.00.41:011][ 94]LogModuleManager: Shutting down and abandoning module TextureFormatIntelISPCTexComp (141)
[2018.11.27-18.00.41:011][ 94]LogModuleManager: Shutting down and abandoning module TextureFormatASTC (139)
[2018.11.27-18.00.41:011][ 94]LogModuleManager: Shutting down and abandoning module ImageWrapper (138)
[2018.11.27-18.00.41:011][ 94]LogModuleManager: Shutting down and abandoning module TextureFormatAndroid (135)
[2018.11.27-18.00.41:011][ 94]LogModuleManager: Shutting down and abandoning module AudioFormatOpus (133)
[2018.11.27-18.00.41:011][ 94]LogModuleManager: Shutting down and abandoning module AudioFormatOgg (131)
[2018.11.27-18.00.41:011][ 94]LogModuleManager: Shutting down and abandoning module AudioFormatADPCM (129)
[2018.11.27-18.00.41:011][ 94]LogModuleManager: Shutting down and abandoning module LuminTargetPlatform (127)
[2018.11.27-18.00.41:011][ 94]LogModuleManager: Shutting down and abandoning module LinuxTargetPlatform (125)
[2018.11.27-18.00.41:012][ 94]LogModuleManager: Shutting down and abandoning module LinuxServerTargetPlatform (123)
[2018.11.27-18.00.41:012][ 94]LogModuleManager: Shutting down and abandoning module LinuxNoEditorTargetPlatform (121)
[2018.11.27-18.00.41:012][ 94]LogModuleManager: Shutting down and abandoning module LinuxClientTargetPlatform (119)
[2018.11.27-18.00.41:012][ 94]LogModuleManager: Shutting down and abandoning module TVOSTargetPlatform (117)
[2018.11.27-18.00.41:012][ 94]LogModuleManager: Shutting down and abandoning module Messaging (115)
[2018.11.27-18.00.41:013][ 94]LogModuleManager: Shutting down and abandoning module IOSTargetPlatform (113)
[2018.11.27-18.00.41:013][ 94]LogModuleManager: Shutting down and abandoning module HTML5TargetPlatform (111)
[2018.11.27-18.00.41:013][ 94]LogModuleManager: Shutting down and abandoning module AndroidTargetPlatform (109)
[2018.11.27-18.00.41:022][ 94]LogModuleManager: Shutting down and abandoning module WindowsTargetPlatform (107)
[2018.11.27-18.00.41:022][ 94]LogModuleManager: Shutting down and abandoning module WindowsServerTargetPlatform (105)
[2018.11.27-18.00.41:022][ 94]LogModuleManager: Shutting down and abandoning module WindowsNoEditorTargetPlatform (103)
[2018.11.27-18.00.41:022][ 94]LogModuleManager: Shutting down and abandoning module WindowsClientTargetPlatform (101)
[2018.11.27-18.00.41:022][ 94]LogModuleManager: Shutting down and abandoning module MacTargetPlatform (99)
[2018.11.27-18.00.41:022][ 94]LogModuleManager: Shutting down and abandoning module MacServerTargetPlatform (97)
[2018.11.27-18.00.41:022][ 94]LogModuleManager: Shutting down and abandoning module MacNoEditorTargetPlatform (95)
[2018.11.27-18.00.41:023][ 94]LogModuleManager: Shutting down and abandoning module MacClientTargetPlatform (93)
[2018.11.27-18.00.41:023][ 94]LogModuleManager: Shutting down and abandoning module AllDesktopTargetPlatform (91)
[2018.11.27-18.00.41:023][ 94]LogModuleManager: Shutting down and abandoning module InputCore (88)
[2018.11.27-18.00.41:023][ 94]LogModuleManager: Shutting down and abandoning module Settings (86)
[2018.11.27-18.00.41:023][ 94]LogModuleManager: Shutting down and abandoning module PhysXCooking (84)
[2018.11.27-18.00.41:023][ 94]LogModuleManager: Shutting down and abandoning module SteamVR (82)
[2018.11.27-18.00.41:023][ 94]LogModuleManager: Shutting down and abandoning module OculusHMD (80)
[2018.11.27-18.00.41:023][ 94]LogModuleManager: Shutting down and abandoning module ExampleDeviceProfileSelector (78)
[2018.11.27-18.00.41:023][ 94]LogModuleManager: Shutting down and abandoning module LauncherChunkInstaller (76)
[2018.11.27-18.00.41:023][ 94]LogModuleManager: Shutting down and abandoning module OnlineBlueprintSupport (74)
[2018.11.27-18.00.41:023][ 94]LogModuleManager: Shutting down and abandoning module OnlineSubsystem (70)
[2018.11.27-18.00.41:024][ 94]LogModuleManager: Shutting down and abandoning module XMPP (65)
[2018.11.27-18.00.41:024][ 94]LogModuleManager: Shutting down and abandoning module WebSockets (64)
[2018.11.27-18.00.41:035][ 94]LogModuleManager: Shutting down and abandoning module HTTP (61)
[2018.11.27-18.00.41:035][ 94]LogHttp: Display: Http module shutting down, but needs to wait on 1 outstanding Http requests:
[2018.11.27-18.00.41:035][ 94]LogHttp: Display: 	verb=[POST] url=[https://datarouter.ol.epicgames.com/datarouter/api/v1/public/data?SessionID=%7B4E9FF472-4D02-D023-C623-138739A904F5%7D&AppID=UEEditor.Rocket.Release&AppVersion=4.20.3-4369336%2B%2B%2BUE4%2BRelease-4.20&UserID=79c63e15464a56c33ba73db9017a35ac%7Cf0676a3d592642a6b8961f3178b3d36f%7C71242d0c-6ef4-443b-aa07-cabab294becb&AppEnvironment=datacollector-binary&UploadType=eteventstream] status=Processing
[2018.11.27-18.00.41:049][ 94]LogModuleManager: Shutting down and abandoning module SSL (60)
[2018.11.27-18.00.41:050][ 94]LogModuleManager: Shutting down and abandoning module MagicLeapEmulator (56)
[2018.11.27-18.00.41:051][ 94]LogModuleManager: Shutting down and abandoning module MagicLeapPrivileges (54)
[2018.11.27-18.00.41:051][ 94]LogModuleManager: Shutting down and abandoning module MagicLeapIdentity (52)
[2018.11.27-18.00.41:051][ 94]LogModuleManager: Shutting down and abandoning module MagicLeapHelperVulkan (50)
[2018.11.27-18.00.41:051][ 94]LogModuleManager: Shutting down and abandoning module MagicLeapHelperOpenGL (48)
[2018.11.27-18.00.41:051][ 94]LogModuleManager: Shutting down and abandoning module MagicLeapSecureStorage (46)
[2018.11.27-18.00.41:051][ 94]LogModuleManager: Shutting down and abandoning module MagicLeapGestures (44)
[2018.11.27-18.00.41:051][ 94]LogModuleManager: Shutting down and abandoning module MagicLeapEyeTracker (42)
[2018.11.27-18.00.41:051][ 94]LogModuleManager: Shutting down and abandoning module MagicLeapController (40)
[2018.11.27-18.00.41:051][ 94]LogSlate: Slate User Destroyed.  User Index 0, Is Virtual User: 0
[2018.11.27-18.00.41:051][ 94]LogModuleManager: Shutting down and abandoning module MagicLeap (38)
[2018.11.27-18.00.41:051][ 94]LogModuleManager: Shutting down and abandoning module AnimationModifiers (36)
[2018.11.27-18.00.41:051][ 94]LogModuleManager: Shutting down and abandoning module PropertyEditor (35)
[2018.11.27-18.00.41:051][ 94]LogModuleManager: Shutting down and abandoning module AudioEditor (32)
[2018.11.27-18.00.41:051][ 94]LogModuleManager: Shutting down and abandoning module TextureCompressor (30)
[2018.11.27-18.00.41:051][ 94]LogModuleManager: Shutting down and abandoning module ShaderCore (28)
[2018.11.27-18.00.41:051][ 94]LogModuleManager: Shutting down and abandoning module Landscape (26)
[2018.11.27-18.00.41:051][ 94]LogModuleManager: Shutting down and abandoning module SlateRHIRenderer (24)
[2018.11.27-18.00.41:052][ 94]LogModuleManager: Shutting down and abandoning module OpenGLDrv (22)
[2018.11.27-18.00.41:052][ 94]LogModuleManager: Shutting down and abandoning module D3D11RHI (20)
[2018.11.27-18.00.41:052][ 94]LogModuleManager: Shutting down and abandoning module AnimGraphRuntime (18)
[2018.11.27-18.00.41:052][ 94]LogModuleManager: Shutting down and abandoning module Renderer (16)
[2018.11.27-18.00.41:052][ 94]LogModuleManager: Shutting down and abandoning module Engine (14)
[2018.11.27-18.00.41:052][ 94]LogModuleManager: Shutting down and abandoning module CoreUObject (12)
[2018.11.27-18.00.41:052][ 94]LogModuleManager: Shutting down and abandoning module NetworkFile (10)
[2018.11.27-18.00.41:052][ 94]LogModuleManager: Shutting down and abandoning module CookedIterativeFile (8)
[2018.11.27-18.00.41:052][ 94]LogModuleManager: Shutting down and abandoning module StreamingFile (6)
[2018.11.27-18.00.41:052][ 94]LogModuleManager: Shutting down and abandoning module SandboxFile (4)
[2018.11.27-18.00.41:052][ 94]LogModuleManager: Shutting down and abandoning module PakFile (2)
[2018.11.27-18.00.41:061][ 94]LogExit: Exiting.
[2018.11.27-18.00.41:089][ 94]Log file closed, 11/27/18 18:00:41
