Log file open, 12/19/18 19:21:30
LogWindows: Failed to load 'aqProf.dll' (GetLastError=126)
LogWindows: File 'aqProf.dll' does not exist
LogWindows: Failed to load 'VSPerf140.dll' (GetLastError=126)
LogWindows: File 'VSPerf140.dll' does not exist
LogWindows: Failed to load 'VtuneApi.dll' (GetLastError=126)
LogWindows: File 'VtuneApi.dll' does not exist
LogWindows: Failed to load 'VtuneApi32e.dll' (GetLastError=126)
LogWindows: File 'VtuneApi32e.dll' does not exist
LogInit: Display: Running engine for game: TGP_Project
LogPlatformFile: Not using cached read wrapper
LogTaskGraph: Started task graph with 5 named threads and 14 total threads with 3 sets of task threads.
LogStats: Stats thread started at 0.273963
LogD3D11RHI: Loaded GFSDK_Aftermath_Lib.x64.dll
LogICUInternationalization: Display: ICU TimeZone Detection - Raw Offset: +0:00, Platform Override: ''
LogPluginManager: Mounting plugin Paper2D
LogPluginManager: Mounting plugin AISupport
LogPluginManager: Mounting plugin LightPropagationVolume
LogPluginManager: Mounting plugin CLionSourceCodeAccess
LogPluginManager: Mounting plugin CodeLiteSourceCodeAccess
LogPluginManager: Mounting plugin GitSourceControl
LogPluginManager: Mounting plugin KDevelopSourceCodeAccess
LogPluginManager: Mounting plugin NullSourceCodeAccess
LogPluginManager: Mounting plugin PerforceSourceControl
LogPluginManager: Mounting plugin SubversionSourceControl
LogPluginManager: Mounting plugin UObjectPlugin
LogPluginManager: Mounting plugin VisualStudioCodeSourceCodeAccess
LogPluginManager: Mounting plugin VisualStudioSourceCodeAccess
LogPluginManager: Mounting plugin XCodeSourceCodeAccess
LogPluginManager: Mounting plugin AssetManagerEditor
LogPluginManager: Mounting plugin CryptoKeys
LogPluginManager: Mounting plugin DataValidation
LogPluginManager: Mounting plugin FacialAnimation
LogPluginManager: Mounting plugin GameplayTagsEditor
LogPluginManager: Mounting plugin MacGraphicsSwitching
LogPluginManager: Mounting plugin MeshEditor
LogPluginManager: Mounting plugin MobileLauncherProfileWizard
LogPluginManager: Mounting plugin PluginBrowser
LogPluginManager: Mounting plugin SpeedTreeImporter
LogPluginManager: Mounting plugin DatasmithContent
LogPluginManager: Mounting plugin AlembicImporter
LogPluginManager: Mounting plugin AppleImageUtils
LogPluginManager: Mounting plugin AppleVision
LogPluginManager: Mounting plugin BackChannel
LogPluginManager: Mounting plugin CharacterAI
LogPluginManager: Mounting plugin GeometryCache
LogPluginManager: Mounting plugin HTML5Networking
LogPluginManager: Mounting plugin ProxyLODPlugin
LogPluginManager: Mounting plugin MagicLeap
LogPluginManager: Mounting plugin MagicLeapEmulator
LogPluginManager: Mounting plugin MagicLeapMedia
LogPluginManager: Mounting plugin AndroidMedia
LogPluginManager: Mounting plugin AvfMedia
LogPluginManager: Mounting plugin ImgMedia
LogPluginManager: Mounting plugin LinearTimecode
LogPluginManager: Mounting plugin MediaCompositing
LogPluginManager: Mounting plugin MediaPlayerEditor
LogPluginManager: Mounting plugin WmfMedia
LogPluginManager: Mounting plugin TcpMessaging
LogPluginManager: Mounting plugin UdpMessaging
LogPluginManager: Mounting plugin ActorSequence
LogPluginManager: Mounting plugin LevelSequenceEditor
LogPluginManager: Mounting plugin MatineeToLevelSequence
LogPluginManager: Mounting plugin NetcodeUnitTest
LogPluginManager: Mounting plugin NUTUnrealEngine4
LogPluginManager: Mounting plugin OnlineSubsystemGooglePlay
LogPluginManager: Mounting plugin OnlineSubsystemIOS
LogPluginManager: Mounting plugin OnlineSubsystem
LogPluginManager: Mounting plugin OnlineSubsystemNull
LogPluginManager: Mounting plugin OnlineSubsystemUtils
LogPluginManager: Mounting plugin LauncherChunkInstaller
LogPluginManager: Mounting plugin AndroidDeviceProfileSelector
LogPluginManager: Mounting plugin AndroidMoviePlayer
LogPluginManager: Mounting plugin AndroidPermission
LogPluginManager: Mounting plugin AppleMoviePlayer
LogPluginManager: Mounting plugin ArchVisCharacter
LogPluginManager: Mounting plugin AudioCapture
LogPluginManager: Mounting plugin CableComponent
LogPluginManager: Mounting plugin CustomMeshComponent
LogPluginManager: Mounting plugin EditableMesh
LogPluginManager: Mounting plugin ExampleDeviceProfileSelector
LogPluginManager: Mounting plugin GoogleCloudMessaging
LogPluginManager: Mounting plugin ImmediatePhysics
LogPluginManager: Mounting plugin IOSDeviceProfileSelector
LogPluginManager: Mounting plugin LinuxDeviceProfileSelector
LogPluginManager: Mounting plugin LocationServicesBPLibrary
LogPluginManager: Mounting plugin MobilePatchingUtils
LogPluginManager: Mounting plugin OculusVR
LogPluginManager: Plugin shader directory ../../../Engine/Plugins/Runtime/Oculus/OculusVR/Shaders found
LogPluginManager: Mapping shader source directory ../../../Engine/Plugins/Runtime/Oculus/OculusVR/Shaders to virtual directory /Plugin/OculusVR
LogPluginManager: Mounting plugin PhysXVehicles
LogPluginManager: Mounting plugin ProceduralMeshComponent
LogPluginManager: Mounting plugin RuntimePhysXCooking
LogPluginManager: Mounting plugin SteamVR
LogPluginManager: Mounting plugin WindowsMoviePlayer
LogStreaming: Display: Took  0.142s to configure plugins.
LogInit: Using libcurl 7.55.1-DEV
LogInit:  - built for x86_64-pc-win32
LogInit:  - supports SSL with OpenSSL/1.0.2h
LogInit:  - supports HTTP deflate (compression) using libz 1.2.8
LogInit:  - other features:
LogInit:      CURL_VERSION_SSL
LogInit:      CURL_VERSION_LIBZ
LogInit:      CURL_VERSION_IPV6
LogInit:      CURL_VERSION_ASYNCHDNS
LogInit:      CURL_VERSION_LARGEFILE
LogInit:      CURL_VERSION_IDN
LogInit:  CurlRequestOptions (configurable via config and command line):
LogInit:  - bVerifyPeer = false  - Libcurl will NOT verify peer certificate
LogInit:  - bUseHttpProxy = false  - Libcurl will NOT use HTTP proxy
LogInit:  - bDontReuseConnections = false  - Libcurl will reuse connections
LogInit:  - CertBundlePath = nullptr  - Libcurl will use whatever was configured at build time.
LogInit:  - MaxHostConnections = 16  - Libcurl will limit the number of connections to a host
LogInit:  - LocalHostAddr = Default
LogInit:  - BufferSize = 65536
LogInit: WinSock: version 1.1 (2.2), MaxSocks=32767, MaxUdp=65467
LogInit: Build: ++UE4+Release-4.20-CL-4369336
LogInit: Engine Version: 4.20.3-4369336+++UE4+Release-4.20
LogInit: Compatible Engine Version: 4.20.0-4212847+++UE4+Release-4.20
LogInit: Net CL: 4212847
LogInit: OS: Windows 10 (), CPU: Intel(R) Core(TM) i5-4590 CPU @ 3.30GHz, GPU: NVIDIA GeForce GTX 1060 6GB
LogInit: Compiled (64-bit): Sep 17 2018 12:26:19
LogInit: Compiled with Visual C++: 19.13.26129.00
LogInit: Build Configuration: Development
LogInit: Branch Name: ++UE4+Release-4.20
LogInit: Command Line:  -skipcompile
LogInit: Base Directory: C:/Program Files/Epic Games/UE_4.20/Engine/Binaries/Win64/
LogInit: Installed Engine Build: 1
LogDevObjectVersion: Number of dev versions registered: 20
LogDevObjectVersion:   Dev-Blueprints (B0D832E4-1F89-4F0D-ACCF-7EB736FD4AA2): 10
LogDevObjectVersion:   Dev-Build (E1C64328-A22C-4D53-A36C-8E866417BD8C): 0
LogDevObjectVersion:   Dev-Core (375EC13C-06E4-48FB-B500-84F0262A717E): 2
LogDevObjectVersion:   Dev-Editor (E4B068ED-F494-42E9-A231-DA0B2E46BB41): 24
LogDevObjectVersion:   Dev-Framework (CFFC743F-43B0-4480-9391-14DF171D2073): 34
LogDevObjectVersion:   Dev-Mobile (B02B49B5-BB20-44E9-A304-32B752E40360): 2
LogDevObjectVersion:   Dev-Networking (A4E4105C-59A1-49B5-A7C5-40C4547EDFEE): 0
LogDevObjectVersion:   Dev-Online (39C831C9-5AE6-47DC-9A44-9C173E1C8E7C): 0
LogDevObjectVersion:   Dev-Physics (78F01B33-EBEA-4F98-B9B4-84EACCB95AA2): 0
LogDevObjectVersion:   Dev-Platform (6631380F-2D4D-43E0-8009-CF276956A95A): 0
LogDevObjectVersion:   Dev-Rendering (12F88B9F-8875-4AFC-A67C-D90C383ABD29): 26
LogDevObjectVersion:   Dev-Sequencer (7B5AE74C-D270-4C10-A958-57980B212A5A): 9
LogDevObjectVersion:   Dev-VR (D7296918-1DD6-4BDD-9DE2-64A83CC13884): 2
LogDevObjectVersion:   Dev-LoadTimes (C2A15278-BFE7-4AFE-6C17-90FF531DF755): 1
LogDevObjectVersion:   Private-Geometry (6EACA3D4-40EC-4CC1-B786-8BED09428FC5): 3
LogDevObjectVersion:   Dev-AnimPhys (29E575DD-E0A3-4627-9D10-D276232CDCEA): 17
LogDevObjectVersion:   Dev-ReflectionCapture (6B266CEC-1EC7-4B8F-A30B-E4D90942FC07): 1
LogDevObjectVersion:   Dev-Automation (0DF73D61-A23F-47EA-B727-89E90C41499A): 1
LogDevObjectVersion:   FortniteMain (601D1886-AC64-4F84-AA16-D3DE0DEAC7D6): 12
LogDevObjectVersion:   Dev-Enterprise (9DFFBCD6-494F-0158-E221-12823C92A888): 1
LogStreaming: Display: Took  0.002s to delete old logs.
LogInit: Presizing for max 8388607 objects, including 0 objects not considered by GC, pre-allocating 0 bytes for permanent pool.
LogInit: Object subsystem initialized
[2018.12.19-19.21.30:636][  0]LogInit: Selected Device Profile: [Windows]
[2018.12.19-19.21.30:636][  0]LogInit: Applying CVar settings loaded from the selected device profile: [Windows]
[2018.12.19-19.21.30:646][  0]LogHAL: Display: Platform has ~ 16 GB [17009229824 / 17179869184 / 16], which maps to Larger [LargestMinGB=32, LargerMinGB=12, DefaultMinGB=8, SmallerMinGB=6, SmallestMinGB=0)
[2018.12.19-19.21.30:646][  0]LogInit: Setting Device Profile CVar: [[r.Vulkan.UseRealUBs:1]]
[2018.12.19-19.21.30:646][  0]LogInit: Going up to parent DeviceProfile []
[2018.12.19-19.21.30:647][  0]LogInit: Computer: GROUNDZERO
[2018.12.19-19.21.30:647][  0]LogInit: User: TDSSK
[2018.12.19-19.21.30:647][  0]LogInit: CPU Page size=4096, Cores=4
[2018.12.19-19.21.30:647][  0]LogInit: High frequency timer resolution =3.222657 MHz
[2018.12.19-19.21.30:647][  0]LogMemory: Memory total: Physical=15.8GB (16GB approx)
[2018.12.19-19.21.30:647][  0]LogMemory: Platform Memory Stats for Windows
[2018.12.19-19.21.30:647][  0]LogMemory: Process Physical Memory: 102.76 MB used, 102.76 MB peak
[2018.12.19-19.21.30:647][  0]LogMemory: Process Virtual Memory: 96.32 MB used, 96.32 MB peak
[2018.12.19-19.21.30:647][  0]LogMemory: Physical Memory: 12092.05 MB used,  4129.21 MB free, 16221.27 MB total
[2018.12.19-19.21.30:647][  0]LogMemory: Virtual Memory: 536.47 MB used,  4129.21 MB free, 134217728.00 MB total
[2018.12.19-19.21.30:763][  0]LogInit: Using OS detected language (en-GB).
[2018.12.19-19.21.30:764][  0]LogInit: Using OS detected locale (en-GB).
[2018.12.19-19.21.30:765][  0]LogTextLocalizationManager: No specific localization for 'en-GB' exists, so the 'en' localization will be used.
[2018.12.19-19.21.31:153][  0]LogStreaming: Display: Took  0.389s to InitEngineTextLocalization.
[2018.12.19-19.21.31:153][  0]LogInit: Setting process to per monitor DPI aware
[2018.12.19-19.21.31:210][  0]LogSlate: New Slate User Created.  User Index 0, Is Virtual User: 0
[2018.12.19-19.21.31:211][  0]LogSlate: Slate User Registered.  User Index 0, Is Virtual User: 0
[2018.12.19-19.21.31:480][  0]LogHMD: Failed to initialize OpenVR with code 110
[2018.12.19-19.21.31:480][  0]LogD3D11RHI: D3D11 adapters:
[2018.12.19-19.21.31:579][  0]LogD3D11RHI:    0. 'NVIDIA GeForce GTX 1060 6GB' (Feature Level 11_0)
[2018.12.19-19.21.31:579][  0]LogD3D11RHI:       6052/0/8110 MB DedicatedVideo/DedicatedSystem/SharedSystem, Outputs:1, VendorId:0x10de
[2018.12.19-19.21.31:594][  0]LogD3D11RHI:    1. 'Intel(R) HD Graphics 4600' (Feature Level 11_0)
[2018.12.19-19.21.31:594][  0]LogD3D11RHI:       112/0/2048 MB DedicatedVideo/DedicatedSystem/SharedSystem, Outputs:0, VendorId:0x8086
[2018.12.19-19.21.31:601][  0]LogD3D11RHI:    2. 'Microsoft Basic Render Driver' (Feature Level 11_0)
[2018.12.19-19.21.31:601][  0]LogD3D11RHI:       0/0/8110 MB DedicatedVideo/DedicatedSystem/SharedSystem, Outputs:0, VendorId:0x1414
[2018.12.19-19.21.31:601][  0]LogD3D11RHI: Chosen D3D11 Adapter: 0
[2018.12.19-19.21.31:616][  0]LogD3D11RHI: Creating new Direct3DDevice
[2018.12.19-19.21.31:616][  0]LogD3D11RHI:     GPU DeviceId: 0x1c03 (for the marketing name, search the web for "GPU Device Id")
[2018.12.19-19.21.31:616][  0]LogWindows: EnumDisplayDevices:
[2018.12.19-19.21.31:616][  0]LogWindows:    0. 'NVIDIA GeForce GTX 1060 6GB' (P:1 D:1)
[2018.12.19-19.21.31:616][  0]LogWindows:    1. 'NVIDIA GeForce GTX 1060 6GB' (P:0 D:0)
[2018.12.19-19.21.31:617][  0]LogWindows:    2. 'NVIDIA GeForce GTX 1060 6GB' (P:0 D:0)
[2018.12.19-19.21.31:617][  0]LogWindows:    3. 'NVIDIA GeForce GTX 1060 6GB' (P:0 D:0)
[2018.12.19-19.21.31:618][  0]LogWindows:    4. 'Intel(R) HD Graphics 4600' (P:0 D:0)
[2018.12.19-19.21.31:618][  0]LogWindows:    5. 'Intel(R) HD Graphics 4600' (P:0 D:0)
[2018.12.19-19.21.31:619][  0]LogWindows:    6. 'Intel(R) HD Graphics 4600' (P:0 D:0)
[2018.12.19-19.21.31:619][  0]LogWindows: DebugString: PrimaryIsNotTheChoosenAdapter PrimaryIsNotTheChoosenAdapter PrimaryIsNotTheChoosenAdapter FoundDriverCount:4 
[2018.12.19-19.21.31:619][  0]LogD3D11RHI:     Adapter Name: NVIDIA GeForce GTX 1060 6GB
[2018.12.19-19.21.31:619][  0]LogD3D11RHI:   Driver Version: 397.64 (internal:24.21.13.9764, unified:397.64)
[2018.12.19-19.21.31:619][  0]LogD3D11RHI:      Driver Date: 5-7-2018
[2018.12.19-19.21.31:619][  0]LogRHI: Texture pool is 4236 MB (70% of 6052 MB)
[2018.12.19-19.21.31:680][  0]LogD3D11RHI: Async texture creation enabled
[2018.12.19-19.21.31:738][  0]LogD3D11RHI: GPU Timing Frequency: 1000.000000 (Debug: 2 2)
[2018.12.19-19.21.31:740][  0]LogShaderCompilers: Guid format shader working directory is -2 characters bigger than the processId version (D:/Documents/GitHub/TGP_PairProject/TGP_Project/Intermediate/Shaders/WorkingDirectory/11144/).
[2018.12.19-19.21.31:741][  0]LogShaderCompilers: Cleaned the shader compiler working directory 'C:/Users/TDSSK/AppData/Local/Temp/UnrealShaderWorkingDir/E7A26340495E63767658C7AC33BC7F96/'.
[2018.12.19-19.21.32:072][  0]LogTemp: Display: Loaded TP AllDesktopTargetPlatform
[2018.12.19-19.21.32:093][  0]LogTemp: Display: Loaded TP MacClientTargetPlatform
[2018.12.19-19.21.32:110][  0]LogTemp: Display: Loaded TP MacNoEditorTargetPlatform
[2018.12.19-19.21.32:127][  0]LogTemp: Display: Loaded TP MacServerTargetPlatform
[2018.12.19-19.21.32:145][  0]LogTemp: Display: Loaded TP MacTargetPlatform
[2018.12.19-19.21.32:162][  0]LogTemp: Display: Loaded TP WindowsClientTargetPlatform
[2018.12.19-19.21.32:179][  0]LogTemp: Display: Loaded TP WindowsNoEditorTargetPlatform
[2018.12.19-19.21.32:197][  0]LogTemp: Display: Loaded TP WindowsServerTargetPlatform
[2018.12.19-19.21.32:206][  0]LogTemp: Display: Loaded TP WindowsTargetPlatform
[2018.12.19-19.21.32:291][  0]LogTemp: Display: Loaded TP AndroidTargetPlatform
[2018.12.19-19.21.32:291][  0]LogTemp: Display: Loaded TP AndroidTargetPlatform
[2018.12.19-19.21.32:291][  0]LogTemp: Display: Loaded TP AndroidTargetPlatform
[2018.12.19-19.21.32:291][  0]LogTemp: Display: Loaded TP AndroidTargetPlatform
[2018.12.19-19.21.32:291][  0]LogTemp: Display: Loaded TP AndroidTargetPlatform
[2018.12.19-19.21.32:291][  0]LogTemp: Display: Loaded TP AndroidTargetPlatform
[2018.12.19-19.21.32:291][  0]LogTemp: Display: Loaded TP AndroidTargetPlatform
[2018.12.19-19.21.32:291][  0]LogTemp: Display: Loaded TP AndroidTargetPlatform
[2018.12.19-19.21.32:291][  0]LogTemp: Display: Loaded TP AndroidTargetPlatform
[2018.12.19-19.21.32:291][  0]LogTemp: Display: Loaded TP AndroidTargetPlatform
[2018.12.19-19.21.32:292][  0]LogTemp: Display: Loaded TP AndroidTargetPlatform
[2018.12.19-19.21.32:292][  0]LogTemp: Display: Loaded TP AndroidTargetPlatform
[2018.12.19-19.21.32:292][  0]LogTemp: Display: Loaded TP AndroidTargetPlatform
[2018.12.19-19.21.32:292][  0]LogTemp: Display: Loaded TP AndroidTargetPlatform
[2018.12.19-19.21.32:292][  0]LogTemp: Display: Loaded TP AndroidTargetPlatform
[2018.12.19-19.21.32:292][  0]LogTemp: Display: Loaded TP AndroidTargetPlatform
[2018.12.19-19.21.32:292][  0]LogTemp: Display: Loaded TP AndroidTargetPlatform
[2018.12.19-19.21.32:292][  0]LogTemp: Display: Loaded TP AndroidTargetPlatform
[2018.12.19-19.21.32:296][  0]LogTemp: Display: Loaded TP HTML5TargetPlatform
[2018.12.19-19.21.32:367][  0]LogTemp: Display: Loaded TP IOSTargetPlatform
[2018.12.19-19.21.32:367][  0]LogTemp: Display: Loaded TP IOSTargetPlatform
[2018.12.19-19.21.32:395][  0]LogTemp: Display: Loaded TP TVOSTargetPlatform
[2018.12.19-19.21.32:396][  0]LogTemp: Display: Loaded TP TVOSTargetPlatform
[2018.12.19-19.21.32:410][  0]LogTemp: Display: Loaded TP LinuxClientTargetPlatform
[2018.12.19-19.21.32:426][  0]LogTemp: Display: Loaded TP LinuxNoEditorTargetPlatform
[2018.12.19-19.21.32:441][  0]LogTemp: Display: Loaded TP LinuxServerTargetPlatform
[2018.12.19-19.21.32:458][  0]LogTemp: Display: Loaded TP LinuxTargetPlatform
[2018.12.19-19.21.32:470][  0]LogTemp: Display: Loaded TP LuminTargetPlatform
[2018.12.19-19.21.32:470][  0]LogTargetPlatformManager: Display: Building Assets For Windows
[2018.12.19-19.21.32:607][  0]LogXGEController: Cleaning working directory: C:/Users/TDSSK/AppData/Local/Temp/UnrealXGEWorkingDir/
[2018.12.19-19.21.32:607][  0]LogXGEController: Cannot use XGE Controller as Incredibuild is not installed on this machine.
[2018.12.19-19.21.32:607][  0]LogShaderCompilers: Cannot use XGE Shader Compiler as Incredibuild is not installed on this machine.
[2018.12.19-19.21.32:607][  0]LogShaderCompilers: Display: Using Local Shader Compiler.
[2018.12.19-19.21.33:524][  0]LogDerivedDataCache: Display: Max Cache Size: 512 MB
[2018.12.19-19.21.33:608][  0]LogDerivedDataCache: Loaded boot cache 0.08s 71MB C:/Users/TDSSK/AppData/Local/UnrealEngine/4.20/DerivedDataCache/Boot.ddc.
[2018.12.19-19.21.33:609][  0]LogDerivedDataCache: Display: Loaded Boot cache: C:/Users/TDSSK/AppData/Local/UnrealEngine/4.20/DerivedDataCache/Boot.ddc
[2018.12.19-19.21.33:609][  0]LogDerivedDataCache: FDerivedDataBackendGraph:  Pak pak cache file D:/Documents/GitHub/TGP_PairProject/TGP_Project/DerivedDataCache/DDC.ddp not found, will not use a pak cache.
[2018.12.19-19.21.33:609][  0]LogDerivedDataCache: Unable to find inner node Pak for hierarchical cache Hierarchy.
[2018.12.19-19.21.33:609][  0]LogDerivedDataCache: FDerivedDataBackendGraph:  CompressedPak pak cache file D:/Documents/GitHub/TGP_PairProject/TGP_Project/DerivedDataCache/Compressed.ddp not found, will not use a pak cache.
[2018.12.19-19.21.33:609][  0]LogDerivedDataCache: Unable to find inner node CompressedPak for hierarchical cache Hierarchy.
[2018.12.19-19.21.33:623][  0]LogDerivedDataCache: Display: Pak cache opened for reading ../../../Engine/DerivedDataCache/Compressed.ddp.
[2018.12.19-19.21.33:636][  0]LogDerivedDataCache: Using Local data cache path C:/Users/TDSSK/AppData/Local/UnrealEngine/Common/DerivedDataCache: Writable
[2018.12.19-19.21.33:636][  0]LogDerivedDataCache: Shared data cache path not found in *engine.ini, will not use an Shared cache.
[2018.12.19-19.21.33:637][  0]LogDerivedDataCache: Unable to find inner node Shared for hierarchical cache Hierarchy.
[2018.12.19-19.21.33:655][  0]LogMaterial: Verifying Global Shaders for PCD3D_SM5
[2018.12.19-19.21.33:657][  0]LogSlate: Using FreeType 2.6.0
[2018.12.19-19.21.33:658][  0]LogSlate: SlateFontServices - WITH_FREETYPE: 1, WITH_HARFBUZZ: 1
[2018.12.19-19.21.33:752][  0]LogAssetRegistry: FAssetRegistry took 0.0276 seconds to start up
[2018.12.19-19.21.34:088][  0]LogInit: Selected Device Profile: [Windows]
[2018.12.19-19.21.34:258][  0]LogSimplygon: Simplygon DLL not present - disabling.
[2018.12.19-19.21.34:267][  0]LogMeshReduction: Using SimplygonSwarm for distributed automatic mesh merging
[2018.12.19-19.21.34:267][  0]LogMeshReduction: Using ProxyLODMeshReduction for automatic mesh merging
[2018.12.19-19.21.34:267][  0]LogMeshReduction: Using QuadricMeshReduction for automatic static mesh reduction
[2018.12.19-19.21.34:267][  0]LogMeshReduction: No automatic skeletal mesh reduction module available
[2018.12.19-19.21.34:282][  0]LogNetVersion: TGP_Project 1.0.0, NetCL: 4212847, EngineNetVer: 5, GameNetVer: 0 (Checksum: 95638710)
[2018.12.19-19.21.34:803][  0]LogPackageLocalizationCache: Processed 11 localized package path(s) for 2 prioritized culture(s) in 0.089526 seconds
[2018.12.19-19.21.34:809][  0]LogUObjectArray: 38425 objects as part of root set at end of initial load.
[2018.12.19-19.21.34:809][  0]LogUObjectAllocator: 6690864 out of 0 bytes used by permanent object pool.
[2018.12.19-19.21.34:810][  0]LogUObjectArray: CloseDisregardForGC: 0/0 objects in disregard for GC pool
[2018.12.19-19.21.36:109][  0]LogTcpMessaging: Initializing TcpMessaging bridge
[2018.12.19-19.21.36:125][  0]LogUdpMessaging: Initializing bridge on interface 0.0.0.0:0 to multicast group 230.0.0.1:6666.
[2018.12.19-19.21.36:326][  0]SourceControl: Source control is disabled
[2018.12.19-19.21.36:326][  0]SourceControl: Source control is disabled
[2018.12.19-19.21.36:330][  0]SourceControl: Source control is disabled
[2018.12.19-19.21.36:333][  0]SourceControl: Source control is disabled
[2018.12.19-19.21.36:569][  0]LogAndroidPermission: UAndroidPermissionCallbackProxy::GetInstance
[2018.12.19-19.21.36:806][  0]LogOcInput: OculusInput pre-init called
[2018.12.19-19.21.36:882][  0]LogEngine: Initializing Engine...
[2018.12.19-19.21.36:883][  0]LogHMD: Failed to initialize OpenVR with code 110
[2018.12.19-19.21.36:885][  0]LogStats: UGameplayTagsManager::ConstructGameplayTagTree: ImportINI prefixes -  0.000 s
[2018.12.19-19.21.36:885][  0]LogStats: UGameplayTagsManager::ConstructGameplayTagTree: Construct from data asset -  0.000 s
[2018.12.19-19.21.36:885][  0]LogStats: UGameplayTagsManager::ConstructGameplayTagTree: ImportINI -  0.000 s
[2018.12.19-19.21.36:885][  0]LogStats: UGameplayTagsManager::ConstructGameplayTagTree: GameplayTagTreeChangedEvent.Broadcast -  0.000 s
[2018.12.19-19.21.37:101][  0]LogInit: Initializing FReadOnlyCVARCache
[2018.12.19-19.21.37:122][  0]LogAIModule: Creating AISystem for world Untitled
[2018.12.19-19.21.37:210][  0]LogInit: XAudio2 using 'Speakers (Realtek High Definition Audio)' : 2 channels at 48 kHz using 32 bits per sample (channel mask 0x3)
[2018.12.19-19.21.37:238][  0]LogInit: FAudioDevice initialized.
[2018.12.19-19.21.37:239][  0]LogNetVersion: Set ProjectVersion to 1.0.0.0. Version Checksum will be recalculated on next use.
[2018.12.19-19.21.37:504][  0]LogDerivedDataCache: Saved boot cache 0.27s 71MB C:/Users/TDSSK/AppData/Local/UnrealEngine/4.20/DerivedDataCache/Boot.ddc.
[2018.12.19-19.21.37:511][  0]LogInit: Texture streaming: Enabled
[2018.12.19-19.21.37:544][  0]LogEngineSessionManager: EngineSessionManager initialized
[2018.12.19-19.21.37:560][  0]LogInit: Transaction tracking system initialized
[2018.12.19-19.21.37:608][  0]BlueprintLog: New page: Editor Load
[2018.12.19-19.21.37:757][  0]LocalizationService: Localization service is disabled
[2018.12.19-19.21.38:075][  0]LogCook: Display: Max memory allowance for cook 16384mb min free memory 0mb
[2018.12.19-19.21.38:075][  0]LogCook: Display: Mobile HDR setting 1
[2018.12.19-19.21.38:075][  0]LogGameplayTags: Display: UGameplayTagsManager::DoneAddingNativeTags. DelegateIsBound: 0
[2018.12.19-19.21.38:075][  0]LogStats: UGameplayTagsManager::ConstructGameplayTagTree: ImportINI prefixes -  0.000 s
[2018.12.19-19.21.38:075][  0]LogStats: UGameplayTagsManager::ConstructGameplayTagTree: Construct from data asset -  0.000 s
[2018.12.19-19.21.38:076][  0]LogStats: UGameplayTagsManager::ConstructGameplayTagTree: ImportINI -  0.000 s
[2018.12.19-19.21.38:076][  0]LogStats: UGameplayTagsManager::ConstructGameplayTagTree: GameplayTagTreeChangedEvent.Broadcast -  0.000 s
[2018.12.19-19.21.38:288][  0]LogFileCache: Scanning file cache for directory 'D:/Documents/GitHub/TGP_PairProject/TGP_Project/Content/' took 0.01s
[2018.12.19-19.21.38:288][  0]SourceControl: Source control is disabled
[2018.12.19-19.21.38:288][  0]Cmd: MAP LOAD FILE="D:/Documents/GitHub/TGP_PairProject/TGP_Project/Content/Levels/BaseLevel.umap" TEMPLATE=0 SHOWPROGRESS=1 FEATURELEVEL=3
[2018.12.19-19.21.38:289][  0]LightingResults: New page: Lighting Build
[2018.12.19-19.21.38:293][  0]MapCheck: New page: Map Check
[2018.12.19-19.21.38:293][  0]LightingResults: New page: Lighting Build
[2018.12.19-19.21.38:445][  0]LogAIModule: Creating AISystem for world BaseLevel
[2018.12.19-19.21.38:452][  0]LogEditorServer: Finished looking for orphan Actors (0.000 secs)
[2018.12.19-19.21.38:473][  0]Cmd: MAP CHECKDEP NOCLEARLOG
[2018.12.19-19.21.38:611][  0]MapCheck: Map check complete: 0 Error(s), 0 Warning(s), took 138.717ms to complete.
[2018.12.19-19.21.38:612][  0]LogFileHelpers: Loading map 'BaseLevel' took 0.324
[2018.12.19-19.21.38:729][  0]LogSlate: Updating window title bar state: overlay mode, drag disabled, window buttons hidden, title bar hidden
[2018.12.19-19.21.38:740][  0]LogSlate: Updating window title bar state: overlay mode, drag disabled, window buttons hidden, title bar hidden
[2018.12.19-19.21.38:749][  0]LogSlate: Updating window title bar state: overlay mode, drag disabled, window buttons hidden, title bar hidden
[2018.12.19-19.21.38:757][  0]LogSlate: Updating window title bar state: overlay mode, drag disabled, window buttons hidden, title bar hidden
[2018.12.19-19.21.38:768][  0]LogCollectionManager: Loaded 0 collections in 0.002827 seconds
[2018.12.19-19.21.38:815][  0]LogFileCache: Scanning file cache for directory 'D:/Documents/GitHub/TGP_PairProject/TGP_Project/Saved/Collections/' took 0.01s
[2018.12.19-19.21.38:815][  0]LogFileCache: Scanning file cache for directory 'D:/Documents/GitHub/TGP_PairProject/TGP_Project/Content/Developers/TDSSK/Collections/' took 0.01s
[2018.12.19-19.21.38:815][  0]LogFileCache: Scanning file cache for directory 'D:/Documents/GitHub/TGP_PairProject/TGP_Project/Content/Collections/' took 0.01s
[2018.12.19-19.21.38:815][  0]LogCollectionManager: Rebuilt the GUID cache for 0 collections in 0.000000 seconds
[2018.12.19-19.21.38:825][  0]LogContentBrowser: Native class hierarchy populated in 0.0096 seconds. Added 2585 classes and 606 folders.
[2018.12.19-19.21.38:835][  0]LogContentBrowser: Native class hierarchy updated for 'WidgetCarousel' in 0.0003 seconds. Added 0 classes and 0 folders.
[2018.12.19-19.21.38:908][  0]LogContentBrowser: Native class hierarchy updated for 'AddContentDialog' in 0.0003 seconds. Added 0 classes and 0 folders.
[2018.12.19-19.21.38:916][  0]LogContentBrowser: Native class hierarchy updated for 'SceneOutliner' in 0.0003 seconds. Added 1 classes and 2 folders.
[2018.12.19-19.21.38:980][  0]LogSlate: Took 0.000599 seconds to synchronously load lazily loaded font '../../../Engine/Content/Slate/Fonts/Roboto-Regular.ttf' (155K)
[2018.12.19-19.21.38:982][  0]LogSlate: Took 0.000634 seconds to synchronously load lazily loaded font '../../../Engine/Content/Slate/Fonts/Roboto-Bold.ttf' (160K)
[2018.12.19-19.21.38:988][  0]LogSlate: Took 0.000704 seconds to synchronously load lazily loaded font '../../../Engine/Content/Editor/Slate/Fonts/FontAwesome.ttf' (139K)
[2018.12.19-19.21.39:071][  0]LogRenderer: Reallocating scene render targets to support 1208x600 Format 10 NumSamples 1 (Frame:1).
[2018.12.19-19.21.39:105][  0]LogSlate: Took 0.000610 seconds to synchronously load lazily loaded font '../../../Engine/Content/Slate/Fonts/Roboto-Light.ttf' (167K)
[2018.12.19-19.21.39:186][  0]LogContentBrowser: Native class hierarchy updated for 'HierarchicalLODOutliner' in 0.0003 seconds. Added 0 classes and 0 folders.
[2018.12.19-19.21.39:186][  0]LogLoad: (Engine Initialization) Total time: 10.92 seconds
[2018.12.19-19.21.39:187][  0]LogLoad: (Engine Initialization) Total Blueprint compile time: 0.00 seconds
[2018.12.19-19.21.39:206][  0]LogWindowsTextInputMethodSystem: Display: IME system now deactivated.
[2018.12.19-19.21.39:261][  0]LogContentStreaming: Texture pool size now 1000 MB
[2018.12.19-19.21.39:299][  1]LogFileCache: Retrieving MD5 hashes for directory 'D:/Documents/GitHub/TGP_PairProject/TGP_Project/Content/' took 0.08s
[2018.12.19-19.21.39:313][  1]LogAssetRegistry: Asset discovery search completed in 5.5835 seconds
[2018.12.19-19.21.39:314][  1]LogCollectionManager: Rebuilt the object cache for 0 collections in 0.000000 seconds (found 0 objects)
[2018.12.19-19.21.39:315][  1]LogCollectionManager: Fixed up redirectors for 0 collections in 0.000173 seconds (updated 0 objects)
[2018.12.19-19.22.11:510][857]LogSlate: FSceneViewport::OnFocusLost() reason 0
[2018.12.19-19.22.11:657][874]LogSlate: Took 0.000262 seconds to synchronously load lazily loaded font '../../../Engine/Content/Slate/Fonts/Roboto-Light.ttf' (167K)
[2018.12.19-19.22.11:666][874]LogAssetEditorManager: Opening Asset editor for WidgetBlueprint /Game/Levels/Widget_LevelFinished.Widget_LevelFinished
[2018.12.19-19.22.12:167][874]LogContentBrowser: Native class hierarchy updated for 'BlueprintGraph' in 0.0007 seconds. Added 116 classes and 0 folders.
[2018.12.19-19.22.12:950][874]LogSlate: Took 0.000207 seconds to synchronously load lazily loaded font '../../../Engine/Content/Slate/Fonts/Roboto-BoldCondensed.ttf' (158K)
[2018.12.19-19.22.54:662][854]LogSlate: Took 0.000290 seconds to synchronously load lazily loaded font '../../../Engine/Content/Slate/Fonts/Roboto-Italic.ttf' (157K)
[2018.12.19-19.23.40:282][925]BlueprintLog: New page: Compile Widget_LevelFinished
[2018.12.19-19.23.41:254][ 20]LogSlate: Window 'Widget_LevelFinished*' being destroyed
[2018.12.19-19.23.42:562][173]LogTemp: Repeating last play command: Selected Viewport
[2018.12.19-19.23.42:589][173]LogPlayLevel: PlayLevel: No blueprints needed recompiling
[2018.12.19-19.23.42:603][173]PIE: New page: PIE session: BaseLevel (19 Dec 2018 19:23:42)
[2018.12.19-19.23.42:603][173]LogPlayLevel: Creating play world package: /Game/Levels/UEDPIE_0_BaseLevel
[2018.12.19-19.23.42:606][173]LogPlayLevel: PIE: StaticDuplicateObject took: (0.002579s)
[2018.12.19-19.23.42:607][173]LogAIModule: Creating AISystem for world BaseLevel
[2018.12.19-19.23.42:607][173]LogPlayLevel: PIE: World Init took: (0.000917s)
[2018.12.19-19.23.42:607][173]LogPlayLevel: PIE: Created PIE world by copying editor world from /Game/Levels/BaseLevel.BaseLevel to /Game/Levels/UEDPIE_0_BaseLevel.BaseLevel (0.003857s)
[2018.12.19-19.23.42:663][173]LogInit: XAudio2 using 'Speakers (Realtek High Definition Audio)' : 2 channels at 48 kHz using 32 bits per sample (channel mask 0x3)
[2018.12.19-19.23.42:684][173]LogInit: FAudioDevice initialized.
[2018.12.19-19.23.42:734][173]LogLoad: Game class is 'GM_GAME_C'
[2018.12.19-19.23.42:735][173]LogWorld: Bringing World /Game/Levels/UEDPIE_0_BaseLevel.BaseLevel up for play (max tick rate 0) at 2018.12.19-19.23.42
[2018.12.19-19.23.42:736][173]LogWorld: Bringing up level for play took: 0.001823
[2018.12.19-19.23.42:762][173]LogContentBrowser: Native class hierarchy updated for 'MovieSceneCapture' in 0.0004 seconds. Added 10 classes and 0 folders.
[2018.12.19-19.23.42:764][173]PIE: Play in editor start time for /Game/Levels/UEDPIE_0_BaseLevel -0.821
[2018.12.19-19.23.45:458][488]LogBlueprintUserMessages: [EntranceToRestictedArea_2] yeet
[2018.12.19-19.23.45:626][504]LogBlueprintUserMessages: [EntranceToRestictedArea_2] yeet
[2018.12.19-19.23.45:726][516]LogBlueprintUserMessages: [EntranceToRestictedArea_2] yeet
[2018.12.19-19.23.45:911][538]LogBlueprintUserMessages: [EntranceToRestictedArea_2] yeet
[2018.12.19-19.23.46:094][560]LogBlueprintUserMessages: [EntranceToRestictedArea_2] yeet
[2018.12.19-19.23.49:125][904]LogSlate: FSceneViewport::OnFocusLost() reason 0
[2018.12.19-19.23.49:297][917]LogBlueprintUserMessages: [EntranceToRestictedArea_2] yeet
[2018.12.19-19.23.49:298][917]LogBlueprintUserMessages: [EntranceToRestictedArea_2] yeet
[2018.12.19-19.23.49:877][958]LogBlueprintUserMessages: [EntranceToRestictedArea_2] yeet
[2018.12.19-19.23.49:892][959]LogBlueprintUserMessages: [EntranceToRestictedArea_2] yeet
[2018.12.19-19.23.49:907][960]LogBlueprintUserMessages: [EntranceToRestictedArea_2] yeet
[2018.12.19-19.23.49:922][961]LogBlueprintUserMessages: [EntranceToRestictedArea_2] yeet
[2018.12.19-19.23.49:936][962]LogBlueprintUserMessages: [EntranceToRestictedArea_2] yeet
[2018.12.19-19.23.49:950][963]LogBlueprintUserMessages: [EntranceToRestictedArea_2] yeet
[2018.12.19-19.23.49:965][964]LogBlueprintUserMessages: [EntranceToRestictedArea_2] yeet
[2018.12.19-19.23.49:980][965]LogBlueprintUserMessages: [EntranceToRestictedArea_2] yeet
[2018.12.19-19.23.49:995][966]LogBlueprintUserMessages: [EntranceToRestictedArea_2] yeet
[2018.12.19-19.23.50:009][967]LogBlueprintUserMessages: [EntranceToRestictedArea_2] yeet
[2018.12.19-19.23.50:022][968]LogBlueprintUserMessages: [EntranceToRestictedArea_2] yeet
[2018.12.19-19.23.50:037][969]LogBlueprintUserMessages: [EntranceToRestictedArea_2] yeet
[2018.12.19-19.23.50:051][970]LogBlueprintUserMessages: [EntranceToRestictedArea_2] yeet
[2018.12.19-19.23.50:066][971]LogBlueprintUserMessages: [EntranceToRestictedArea_2] yeet
[2018.12.19-19.23.50:085][972]LogBlueprintUserMessages: [EntranceToRestictedArea_2] yeet
[2018.12.19-19.23.50:102][973]LogBlueprintUserMessages: [EntranceToRestictedArea_2] yeet
[2018.12.19-19.23.50:118][974]LogBlueprintUserMessages: [EntranceToRestictedArea_2] yeet
[2018.12.19-19.23.50:133][975]LogBlueprintUserMessages: [EntranceToRestictedArea_2] yeet
[2018.12.19-19.23.50:147][976]LogBlueprintUserMessages: [EntranceToRestictedArea_2] yeet
[2018.12.19-19.23.50:161][977]LogBlueprintUserMessages: [EntranceToRestictedArea_2] yeet
[2018.12.19-19.23.50:174][978]LogBlueprintUserMessages: [EntranceToRestictedArea_2] yeet
[2018.12.19-19.23.50:188][979]LogBlueprintUserMessages: [EntranceToRestictedArea_2] yeet
[2018.12.19-19.23.50:202][980]LogBlueprintUserMessages: [EntranceToRestictedArea_2] yeet
[2018.12.19-19.23.50:215][981]LogBlueprintUserMessages: [EntranceToRestictedArea_2] yeet
[2018.12.19-19.23.50:229][982]LogBlueprintUserMessages: [EntranceToRestictedArea_2] yeet
[2018.12.19-19.23.50:244][983]LogBlueprintUserMessages: [EntranceToRestictedArea_2] yeet
[2018.12.19-19.23.50:259][984]LogBlueprintUserMessages: [EntranceToRestictedArea_2] yeet
[2018.12.19-19.23.50:325][991]LogBlueprintUserMessages: [EntranceToRestictedArea_2] yeet
[2018.12.19-19.23.50:332][991]LogSlate: Updating window title bar state: overlay mode, drag disabled, window buttons hidden, title bar hidden
[2018.12.19-19.23.50:400][991]LogPlayLevel: Display: Shutting down PIE online subsystems
[2018.12.19-19.23.50:434][991]LogSlate: Updating window title bar state: overlay mode, drag disabled, window buttons hidden, title bar hidden
[2018.12.19-19.23.50:454][992]LogPlayLevel: Display: Destroying online subsystem :Context_5
[2018.12.19-19.25.26:925][330]BlueprintLog: New page: Compile Widget_LevelFinished
[2018.12.19-19.25.57:262][593]Cmd: OBJ SAVEPACKAGE PACKAGE="/Game/Levels/BaseLevel" FILE="D:/Documents/GitHub/TGP_PairProject/TGP_Project/Content/Levels/BaseLevel.umap" SILENT=true AUTOSAVING=false KEEPDIRTY=false
[2018.12.19-19.25.57:348][593]LogSavePackage: Moving 'D:/Documents/GitHub/TGP_PairProject/TGP_Project/Saved/BaseLevel46B0CED94B9A3E3EFED1F4AD0CC0B26A.tmp' to 'D:/Documents/GitHub/TGP_PairProject/TGP_Project/Content/Levels/BaseLevel.umap'
[2018.12.19-19.28.49:061][714]LogSlate: Window 'Save Content' being destroyed
[2018.12.19-19.28.49:088][714]Cmd: OBJ SAVEPACKAGE PACKAGE="/Game/Levels/Widget_LevelFinished" FILE="D:/Documents/GitHub/TGP_PairProject/TGP_Project/Content/Levels/Widget_LevelFinished.uasset" SILENT=true
[2018.12.19-19.28.49:127][714]LogSavePackage: Moving 'D:/Documents/GitHub/TGP_PairProject/TGP_Project/Saved/Widget_LevelFinished071EDE174C5B11CE0DAC7ABBA60451FD.tmp' to 'D:/Documents/GitHub/TGP_PairProject/TGP_Project/Content/Levels/Widget_LevelFinished.uasset'
[2018.12.19-23.23.17:983][770]LogTemp: Repeating last play command: Selected Viewport
[2018.12.19-23.23.18:027][770]LogPlayLevel: PlayLevel: No blueprints needed recompiling
[2018.12.19-23.23.18:027][770]PIE: New page: PIE session: BaseLevel (19 Dec 2018 23:23:18)
[2018.12.19-23.23.18:037][770]LogPlayLevel: Creating play world package: /Game/Levels/UEDPIE_0_BaseLevel
[2018.12.19-23.23.18:164][770]LogPlayLevel: PIE: StaticDuplicateObject took: (0.126559s)
[2018.12.19-23.23.18:214][770]LogAIModule: Creating AISystem for world BaseLevel
[2018.12.19-23.23.18:249][770]LogPlayLevel: PIE: World Init took: (0.084334s)
[2018.12.19-23.23.18:249][770]LogPlayLevel: PIE: Created PIE world by copying editor world from /Game/Levels/BaseLevel.BaseLevel to /Game/Levels/UEDPIE_0_BaseLevel.BaseLevel (0.211667s)
[2018.12.19-23.23.18:338][770]LogInit: XAudio2 using 'Speakers (Realtek High Definition Audio)' : 2 channels at 48 kHz using 32 bits per sample (channel mask 0x3)
[2018.12.19-23.23.18:394][770]LogInit: FAudioDevice initialized.
[2018.12.19-23.23.18:474][770]LogLoad: Game class is 'GM_GAME_C'
[2018.12.19-23.23.18:681][770]LogWorld: Bringing World /Game/Levels/UEDPIE_0_BaseLevel.BaseLevel up for play (max tick rate 0) at 2018.12.19-23.23.18
[2018.12.19-23.23.18:819][770]LogWorld: Bringing up level for play took: 0.344377
[2018.12.19-23.23.18:896][770]PIE: Play in editor start time for /Game/Levels/UEDPIE_0_BaseLevel 1.311
[2018.12.19-23.23.21:350][ 50]LogBlueprintUserMessages: [EntranceToRestictedArea_2] yeet
[2018.12.19-23.23.22:014][125]LogBlueprintUserMessages: [EntranceToRestictedArea_2] yeet
[2018.12.19-23.23.22:933][235]LogBlueprintUserMessages: [EntranceToRestictedArea_2] yeet
[2018.12.19-23.23.22:941][236]LogBlueprintUserMessages: [EntranceToRestictedArea_2] yeet
[2018.12.19-23.23.22:950][237]LogBlueprintUserMessages: [EntranceToRestictedArea_2] yeet
[2018.12.19-23.23.22:958][238]LogBlueprintUserMessages: [EntranceToRestictedArea_2] yeet
[2018.12.19-23.23.22:966][239]LogBlueprintUserMessages: [EntranceToRestictedArea_2] yeet
[2018.12.19-23.23.22:975][240]LogBlueprintUserMessages: [EntranceToRestictedArea_2] yeet
[2018.12.19-23.23.22:983][241]LogBlueprintUserMessages: [EntranceToRestictedArea_2] yeet
[2018.12.19-23.23.22:991][242]LogBlueprintUserMessages: [EntranceToRestictedArea_2] yeet
[2018.12.19-23.23.23:000][243]LogBlueprintUserMessages: [EntranceToRestictedArea_2] yeet
[2018.12.19-23.23.23:008][244]LogBlueprintUserMessages: [EntranceToRestictedArea_2] yeet
[2018.12.19-23.23.23:016][245]LogBlueprintUserMessages: [EntranceToRestictedArea_2] yeet
[2018.12.19-23.23.23:025][246]LogBlueprintUserMessages: [EntranceToRestictedArea_2] yeet
[2018.12.19-23.23.23:033][247]LogBlueprintUserMessages: [EntranceToRestictedArea_2] yeet
[2018.12.19-23.23.23:041][248]LogBlueprintUserMessages: [EntranceToRestictedArea_2] yeet
[2018.12.19-23.23.23:050][249]LogBlueprintUserMessages: [EntranceToRestictedArea_2] yeet
[2018.12.19-23.23.23:058][250]LogBlueprintUserMessages: [EntranceToRestictedArea_2] yeet
[2018.12.19-23.23.23:066][251]LogBlueprintUserMessages: [EntranceToRestictedArea_2] yeet
[2018.12.19-23.23.23:075][252]LogBlueprintUserMessages: [EntranceToRestictedArea_2] yeet
[2018.12.19-23.23.23:083][253]LogBlueprintUserMessages: [EntranceToRestictedArea_2] yeet
[2018.12.19-23.23.23:091][254]LogBlueprintUserMessages: [EntranceToRestictedArea_2] yeet
[2018.12.19-23.23.23:100][255]LogBlueprintUserMessages: [EntranceToRestictedArea_2] yeet
[2018.12.19-23.23.23:108][256]LogBlueprintUserMessages: [EntranceToRestictedArea_2] yeet
[2018.12.19-23.23.23:116][257]LogBlueprintUserMessages: [EntranceToRestictedArea_2] yeet
[2018.12.19-23.23.23:125][258]LogBlueprintUserMessages: [EntranceToRestictedArea_2] yeet
[2018.12.19-23.23.23:133][259]LogBlueprintUserMessages: [EntranceToRestictedArea_2] yeet
[2018.12.19-23.23.23:141][260]LogBlueprintUserMessages: [EntranceToRestictedArea_2] yeet
[2018.12.19-23.23.23:150][261]LogBlueprintUserMessages: [EntranceToRestictedArea_2] yeet
[2018.12.19-23.23.23:158][262]LogBlueprintUserMessages: [EntranceToRestictedArea_2] yeet
[2018.12.19-23.23.23:166][263]LogBlueprintUserMessages: [EntranceToRestictedArea_2] yeet
[2018.12.19-23.23.23:175][264]LogBlueprintUserMessages: [EntranceToRestictedArea_2] yeet
[2018.12.19-23.23.23:183][265]LogBlueprintUserMessages: [EntranceToRestictedArea_2] yeet
[2018.12.19-23.23.23:191][266]LogBlueprintUserMessages: [EntranceToRestictedArea_2] yeet
[2018.12.19-23.23.23:200][267]LogBlueprintUserMessages: [EntranceToRestictedArea_2] yeet
[2018.12.19-23.23.23:208][268]LogBlueprintUserMessages: [EntranceToRestictedArea_2] yeet
[2018.12.19-23.23.23:216][269]LogBlueprintUserMessages: [EntranceToRestictedArea_2] yeet
[2018.12.19-23.23.23:225][270]LogBlueprintUserMessages: [EntranceToRestictedArea_2] yeet
[2018.12.19-23.23.23:233][271]LogBlueprintUserMessages: [EntranceToRestictedArea_2] yeet
[2018.12.19-23.23.23:242][272]LogBlueprintUserMessages: [EntranceToRestictedArea_2] yeet
[2018.12.19-23.23.23:250][273]LogBlueprintUserMessages: [EntranceToRestictedArea_2] yeet
[2018.12.19-23.23.23:259][274]LogBlueprintUserMessages: [EntranceToRestictedArea_2] yeet
[2018.12.19-23.23.23:267][275]LogBlueprintUserMessages: [EntranceToRestictedArea_2] yeet
[2018.12.19-23.23.23:275][276]LogBlueprintUserMessages: [EntranceToRestictedArea_2] yeet
[2018.12.19-23.23.23:283][277]LogBlueprintUserMessages: [EntranceToRestictedArea_2] yeet
[2018.12.19-23.23.23:292][278]LogBlueprintUserMessages: [EntranceToRestictedArea_2] yeet
[2018.12.19-23.23.23:300][279]LogBlueprintUserMessages: [EntranceToRestictedArea_2] yeet
[2018.12.19-23.23.23:308][280]LogBlueprintUserMessages: [EntranceToRestictedArea_2] yeet
[2018.12.19-23.23.23:317][281]LogBlueprintUserMessages: [EntranceToRestictedArea_2] yeet
[2018.12.19-23.23.23:325][282]LogBlueprintUserMessages: [EntranceToRestictedArea_2] yeet
[2018.12.19-23.23.23:333][283]LogBlueprintUserMessages: [EntranceToRestictedArea_2] yeet
[2018.12.19-23.23.23:342][284]LogBlueprintUserMessages: [EntranceToRestictedArea_2] yeet
[2018.12.19-23.23.23:350][285]LogBlueprintUserMessages: [EntranceToRestictedArea_2] yeet
[2018.12.19-23.23.23:358][286]LogBlueprintUserMessages: [EntranceToRestictedArea_2] yeet
[2018.12.19-23.23.23:367][287]LogBlueprintUserMessages: [EntranceToRestictedArea_2] yeet
[2018.12.19-23.23.23:375][288]LogBlueprintUserMessages: [EntranceToRestictedArea_2] yeet
[2018.12.19-23.23.23:384][289]LogBlueprintUserMessages: [EntranceToRestictedArea_2] yeet
[2018.12.19-23.23.23:392][290]LogBlueprintUserMessages: [EntranceToRestictedArea_2] yeet
[2018.12.19-23.23.23:400][291]LogBlueprintUserMessages: [EntranceToRestictedArea_2] yeet
[2018.12.19-23.23.23:408][292]LogBlueprintUserMessages: [EntranceToRestictedArea_2] yeet
[2018.12.19-23.23.23:417][293]LogBlueprintUserMessages: [EntranceToRestictedArea_2] yeet
[2018.12.19-23.23.23:425][294]LogBlueprintUserMessages: [EntranceToRestictedArea_2] yeet
[2018.12.19-23.23.23:434][295]LogBlueprintUserMessages: [EntranceToRestictedArea_2] yeet
[2018.12.19-23.23.23:442][296]LogBlueprintUserMessages: [EntranceToRestictedArea_2] yeet
[2018.12.19-23.23.23:450][297]LogBlueprintUserMessages: [EntranceToRestictedArea_2] yeet
[2018.12.19-23.23.23:459][298]LogBlueprintUserMessages: [EntranceToRestictedArea_2] yeet
[2018.12.19-23.23.23:467][299]LogBlueprintUserMessages: [EntranceToRestictedArea_2] yeet
[2018.12.19-23.23.23:475][300]LogBlueprintUserMessages: [EntranceToRestictedArea_2] yeet
[2018.12.19-23.23.23:484][301]LogBlueprintUserMessages: [EntranceToRestictedArea_2] yeet
[2018.12.19-23.23.23:492][302]LogBlueprintUserMessages: [EntranceToRestictedArea_2] yeet
[2018.12.19-23.23.23:500][303]LogBlueprintUserMessages: [EntranceToRestictedArea_2] yeet
[2018.12.19-23.23.23:509][304]LogBlueprintUserMessages: [EntranceToRestictedArea_2] yeet
[2018.12.19-23.23.23:517][305]LogBlueprintUserMessages: [EntranceToRestictedArea_2] yeet
[2018.12.19-23.23.23:525][306]LogBlueprintUserMessages: [EntranceToRestictedArea_2] yeet
[2018.12.19-23.23.23:534][307]LogBlueprintUserMessages: [EntranceToRestictedArea_2] yeet
[2018.12.19-23.23.23:542][308]LogBlueprintUserMessages: [EntranceToRestictedArea_2] yeet
[2018.12.19-23.23.23:551][309]LogBlueprintUserMessages: [EntranceToRestictedArea_2] yeet
[2018.12.19-23.23.23:560][310]LogBlueprintUserMessages: [EntranceToRestictedArea_2] yeet
[2018.12.19-23.23.23:613][311]LogBlueprintUserMessages: [EntranceToRestictedArea_2] yeet
[2018.12.19-23.23.23:625][312]LogBlueprintUserMessages: [EntranceToRestictedArea_2] yeet
[2018.12.19-23.23.23:634][313]LogBlueprintUserMessages: [EntranceToRestictedArea_2] yeet
[2018.12.19-23.23.23:642][314]LogBlueprintUserMessages: [EntranceToRestictedArea_2] yeet
[2018.12.19-23.23.23:652][315]LogBlueprintUserMessages: [EntranceToRestictedArea_2] yeet
[2018.12.19-23.23.23:662][316]LogBlueprintUserMessages: [EntranceToRestictedArea_2] yeet
[2018.12.19-23.23.23:670][317]LogBlueprintUserMessages: [EntranceToRestictedArea_2] yeet
[2018.12.19-23.23.23:679][318]LogBlueprintUserMessages: [EntranceToRestictedArea_2] yeet
[2018.12.19-23.23.23:686][319]LogBlueprintUserMessages: [EntranceToRestictedArea_2] yeet
[2018.12.19-23.23.23:695][320]LogBlueprintUserMessages: [EntranceToRestictedArea_2] yeet
[2018.12.19-23.23.23:703][321]LogBlueprintUserMessages: [EntranceToRestictedArea_2] yeet
[2018.12.19-23.23.23:711][322]LogBlueprintUserMessages: [EntranceToRestictedArea_2] yeet
[2018.12.19-23.23.23:720][323]LogBlueprintUserMessages: [EntranceToRestictedArea_2] yeet
[2018.12.19-23.23.23:729][324]LogBlueprintUserMessages: [EntranceToRestictedArea_2] yeet
[2018.12.19-23.23.23:737][325]LogBlueprintUserMessages: [EntranceToRestictedArea_2] yeet
[2018.12.19-23.23.23:746][326]LogBlueprintUserMessages: [EntranceToRestictedArea_2] yeet
[2018.12.19-23.23.23:754][327]LogBlueprintUserMessages: [EntranceToRestictedArea_2] yeet
[2018.12.19-23.23.23:764][328]LogBlueprintUserMessages: [EntranceToRestictedArea_2] yeet
[2018.12.19-23.23.23:775][329]LogBlueprintUserMessages: [EntranceToRestictedArea_2] yeet
[2018.12.19-23.23.23:784][330]LogBlueprintUserMessages: [EntranceToRestictedArea_2] yeet
[2018.12.19-23.23.23:794][331]LogBlueprintUserMessages: [EntranceToRestictedArea_2] yeet
[2018.12.19-23.23.23:804][332]LogBlueprintUserMessages: [EntranceToRestictedArea_2] yeet
[2018.12.19-23.23.23:813][333]LogBlueprintUserMessages: [EntranceToRestictedArea_2] yeet
[2018.12.19-23.23.23:822][334]LogBlueprintUserMessages: [EntranceToRestictedArea_2] yeet
[2018.12.19-23.23.23:831][335]LogBlueprintUserMessages: [EntranceToRestictedArea_2] yeet
[2018.12.19-23.23.23:840][336]LogBlueprintUserMessages: [EntranceToRestictedArea_2] yeet
[2018.12.19-23.23.23:850][337]LogBlueprintUserMessages: [EntranceToRestictedArea_2] yeet
[2018.12.19-23.23.23:859][338]LogBlueprintUserMessages: [EntranceToRestictedArea_2] yeet
[2018.12.19-23.23.23:868][339]LogBlueprintUserMessages: [EntranceToRestictedArea_2] yeet
[2018.12.19-23.23.23:878][340]LogBlueprintUserMessages: [EntranceToRestictedArea_2] yeet
[2018.12.19-23.23.23:888][341]LogBlueprintUserMessages: [EntranceToRestictedArea_2] yeet
[2018.12.19-23.23.23:897][342]LogBlueprintUserMessages: [EntranceToRestictedArea_2] yeet
[2018.12.19-23.23.23:906][343]LogBlueprintUserMessages: [EntranceToRestictedArea_2] yeet
[2018.12.19-23.23.23:916][344]LogBlueprintUserMessages: [EntranceToRestictedArea_2] yeet
[2018.12.19-23.23.23:926][345]LogBlueprintUserMessages: [EntranceToRestictedArea_2] yeet
[2018.12.19-23.23.23:935][346]LogBlueprintUserMessages: [EntranceToRestictedArea_2] yeet
[2018.12.19-23.23.23:946][347]LogBlueprintUserMessages: [EntranceToRestictedArea_2] yeet
[2018.12.19-23.23.23:955][348]LogBlueprintUserMessages: [EntranceToRestictedArea_2] yeet
[2018.12.19-23.23.23:964][349]LogBlueprintUserMessages: [EntranceToRestictedArea_2] yeet
[2018.12.19-23.23.23:973][350]LogBlueprintUserMessages: [EntranceToRestictedArea_2] yeet
[2018.12.19-23.23.23:983][351]LogBlueprintUserMessages: [EntranceToRestictedArea_2] yeet
[2018.12.19-23.23.23:993][352]LogBlueprintUserMessages: [EntranceToRestictedArea_2] yeet
[2018.12.19-23.23.24:003][353]LogBlueprintUserMessages: [EntranceToRestictedArea_2] yeet
[2018.12.19-23.23.24:014][354]LogBlueprintUserMessages: [EntranceToRestictedArea_2] yeet
[2018.12.19-23.23.24:024][355]LogBlueprintUserMessages: [EntranceToRestictedArea_2] yeet
[2018.12.19-23.23.24:035][356]LogBlueprintUserMessages: [EntranceToRestictedArea_2] yeet
[2018.12.19-23.23.24:045][357]LogBlueprintUserMessages: [EntranceToRestictedArea_2] yeet
[2018.12.19-23.23.24:057][358]LogBlueprintUserMessages: [EntranceToRestictedArea_2] yeet
[2018.12.19-23.23.24:068][359]LogBlueprintUserMessages: [EntranceToRestictedArea_2] yeet
[2018.12.19-23.23.24:078][360]LogBlueprintUserMessages: [EntranceToRestictedArea_2] yeet
[2018.12.19-23.23.24:090][361]LogBlueprintUserMessages: [EntranceToRestictedArea_2] yeet
[2018.12.19-23.23.24:101][362]LogBlueprintUserMessages: [EntranceToRestictedArea_2] yeet
[2018.12.19-23.23.24:112][363]LogBlueprintUserMessages: [EntranceToRestictedArea_2] yeet
[2018.12.19-23.23.24:123][364]LogBlueprintUserMessages: [EntranceToRestictedArea_2] yeet
[2018.12.19-23.23.24:135][365]LogBlueprintUserMessages: [EntranceToRestictedArea_2] yeet
[2018.12.19-23.23.24:146][366]LogBlueprintUserMessages: [EntranceToRestictedArea_2] yeet
[2018.12.19-23.23.24:158][367]LogBlueprintUserMessages: [EntranceToRestictedArea_2] yeet
[2018.12.19-23.23.24:169][368]LogBlueprintUserMessages: [EntranceToRestictedArea_2] yeet
[2018.12.19-23.23.24:180][369]LogBlueprintUserMessages: [EntranceToRestictedArea_2] yeet
[2018.12.19-23.23.24:192][370]LogBlueprintUserMessages: [EntranceToRestictedArea_2] yeet
[2018.12.19-23.23.24:203][371]LogBlueprintUserMessages: [EntranceToRestictedArea_2] yeet
[2018.12.19-23.23.24:215][372]LogBlueprintUserMessages: [EntranceToRestictedArea_2] yeet
[2018.12.19-23.23.24:227][373]LogBlueprintUserMessages: [EntranceToRestictedArea_2] yeet
[2018.12.19-23.23.24:238][374]LogBlueprintUserMessages: [EntranceToRestictedArea_2] yeet
[2018.12.19-23.23.24:250][375]LogBlueprintUserMessages: [EntranceToRestictedArea_2] yeet
[2018.12.19-23.23.24:263][376]LogBlueprintUserMessages: [EntranceToRestictedArea_2] yeet
[2018.12.19-23.23.24:275][377]LogBlueprintUserMessages: [EntranceToRestictedArea_2] yeet
[2018.12.19-23.23.24:286][378]LogBlueprintUserMessages: [EntranceToRestictedArea_2] yeet
[2018.12.19-23.23.24:297][379]LogBlueprintUserMessages: [EntranceToRestictedArea_2] yeet
[2018.12.19-23.23.24:308][380]LogBlueprintUserMessages: [EntranceToRestictedArea_2] yeet
[2018.12.19-23.23.24:318][381]LogBlueprintUserMessages: [EntranceToRestictedArea_2] yeet
[2018.12.19-23.23.24:329][382]LogBlueprintUserMessages: [EntranceToRestictedArea_2] yeet
[2018.12.19-23.23.24:341][383]LogBlueprintUserMessages: [EntranceToRestictedArea_2] yeet
[2018.12.19-23.23.24:352][384]LogBlueprintUserMessages: [EntranceToRestictedArea_2] yeet
[2018.12.19-23.23.24:363][385]LogBlueprintUserMessages: [EntranceToRestictedArea_2] yeet
[2018.12.19-23.23.24:372][386]LogBlueprintUserMessages: [EntranceToRestictedArea_2] yeet
[2018.12.19-23.23.24:384][387]LogBlueprintUserMessages: [EntranceToRestictedArea_2] yeet
[2018.12.19-23.23.24:400][388]LogBlueprintUserMessages: [EntranceToRestictedArea_2] yeet
[2018.12.19-23.23.24:413][389]LogBlueprintUserMessages: [EntranceToRestictedArea_2] yeet
[2018.12.19-23.23.24:425][390]LogBlueprintUserMessages: [EntranceToRestictedArea_2] yeet
[2018.12.19-23.23.24:439][391]LogBlueprintUserMessages: [EntranceToRestictedArea_2] yeet
[2018.12.19-23.23.24:447][392]LogBlueprintUserMessages: [EntranceToRestictedArea_2] yeet
[2018.12.19-23.23.24:459][393]LogBlueprintUserMessages: [EntranceToRestictedArea_2] yeet
[2018.12.19-23.23.24:473][394]LogBlueprintUserMessages: [EntranceToRestictedArea_2] yeet
[2018.12.19-23.23.24:486][395]LogBlueprintUserMessages: [EntranceToRestictedArea_2] yeet
[2018.12.19-23.23.24:499][396]LogBlueprintUserMessages: [EntranceToRestictedArea_2] yeet
[2018.12.19-23.23.24:513][397]LogBlueprintUserMessages: [EntranceToRestictedArea_2] yeet
[2018.12.19-23.23.24:526][398]LogBlueprintUserMessages: [EntranceToRestictedArea_2] yeet
[2018.12.19-23.23.24:541][399]LogBlueprintUserMessages: [EntranceToRestictedArea_2] yeet
[2018.12.19-23.23.24:554][400]LogBlueprintUserMessages: [EntranceToRestictedArea_2] yeet
[2018.12.19-23.23.24:568][401]LogBlueprintUserMessages: [EntranceToRestictedArea_2] yeet
[2018.12.19-23.23.24:582][402]LogBlueprintUserMessages: [EntranceToRestictedArea_2] yeet
[2018.12.19-23.23.24:595][403]LogBlueprintUserMessages: [EntranceToRestictedArea_2] yeet
[2018.12.19-23.23.24:609][404]LogBlueprintUserMessages: [EntranceToRestictedArea_2] yeet
[2018.12.19-23.23.24:623][405]LogBlueprintUserMessages: [EntranceToRestictedArea_2] yeet
[2018.12.19-23.23.24:637][406]LogBlueprintUserMessages: [EntranceToRestictedArea_2] yeet
[2018.12.19-23.23.24:651][407]LogBlueprintUserMessages: [EntranceToRestictedArea_2] yeet
[2018.12.19-23.23.24:665][408]LogBlueprintUserMessages: [EntranceToRestictedArea_2] yeet
[2018.12.19-23.23.24:678][409]LogBlueprintUserMessages: [EntranceToRestictedArea_2] yeet
[2018.12.19-23.23.24:693][410]LogBlueprintUserMessages: [EntranceToRestictedArea_2] yeet
[2018.12.19-23.23.24:706][411]LogBlueprintUserMessages: [EntranceToRestictedArea_2] yeet
[2018.12.19-23.23.24:719][412]LogBlueprintUserMessages: [EntranceToRestictedArea_2] yeet
[2018.12.19-23.23.24:733][413]LogBlueprintUserMessages: [EntranceToRestictedArea_2] yeet
[2018.12.19-23.23.24:733][413]LogBlueprintUserMessages: [EntranceToRestictedArea_2] yeet
[2018.12.19-23.23.24:734][413]LogBlueprintUserMessages: [EntranceToRestictedArea_2] yeet
[2018.12.19-23.23.24:748][414]LogBlueprintUserMessages: [EntranceToRestictedArea_2] yeet
[2018.12.19-23.23.24:761][415]LogBlueprintUserMessages: [EntranceToRestictedArea_2] yeet
[2018.12.19-23.23.24:776][416]LogBlueprintUserMessages: [EntranceToRestictedArea_2] yeet
[2018.12.19-23.23.24:791][417]LogBlueprintUserMessages: [EntranceToRestictedArea_2] yeet
[2018.12.19-23.23.24:805][418]LogBlueprintUserMessages: [EntranceToRestictedArea_2] yeet
[2018.12.19-23.23.24:820][419]LogBlueprintUserMessages: [EntranceToRestictedArea_2] yeet
[2018.12.19-23.23.24:834][420]LogBlueprintUserMessages: [EntranceToRestictedArea_2] yeet
[2018.12.19-23.23.24:847][421]LogBlueprintUserMessages: [EntranceToRestictedArea_2] yeet
[2018.12.19-23.23.24:860][422]LogBlueprintUserMessages: [EntranceToRestictedArea_2] yeet
[2018.12.19-23.23.25:111][440]LogBlueprintUserMessages: [EntranceToRestictedArea_2] yeet
[2018.12.19-23.23.25:128][441]LogBlueprintUserMessages: [EntranceToRestictedArea_2] yeet
[2018.12.19-23.23.25:131][441]LogBlueprintUserMessages: [EntranceToRestictedArea_2] yeet
[2018.12.19-23.23.25:144][442]LogBlueprintUserMessages: [EntranceToRestictedArea_2] yeet
[2018.12.19-23.23.25:146][442]LogBlueprintUserMessages: [EntranceToRestictedArea_2] yeet
[2018.12.19-23.23.25:147][442]LogBlueprintUserMessages: [EntranceToRestictedArea_2] yeet
[2018.12.19-23.23.25:159][443]LogBlueprintUserMessages: [EntranceToRestictedArea_2] yeet
[2018.12.19-23.23.25:160][443]LogBlueprintUserMessages: [EntranceToRestictedArea_2] yeet
[2018.12.19-23.23.25:162][443]LogBlueprintUserMessages: [EntranceToRestictedArea_2] yeet
[2018.12.19-23.23.25:162][443]LogBlueprintUserMessages: [EntranceToRestictedArea_2] yeet
[2018.12.19-23.23.25:175][444]LogBlueprintUserMessages: [EntranceToRestictedArea_2] yeet
[2018.12.19-23.23.25:177][444]LogBlueprintUserMessages: [EntranceToRestictedArea_2] yeet
[2018.12.19-23.23.25:177][444]LogBlueprintUserMessages: [EntranceToRestictedArea_2] yeet
[2018.12.19-23.23.25:178][444]LogBlueprintUserMessages: [EntranceToRestictedArea_2] yeet
[2018.12.19-23.23.25:193][445]LogBlueprintUserMessages: [EntranceToRestictedArea_2] yeet
[2018.12.19-23.23.25:194][445]LogBlueprintUserMessages: [EntranceToRestictedArea_2] yeet
[2018.12.19-23.23.25:208][446]LogBlueprintUserMessages: [EntranceToRestictedArea_2] yeet
[2018.12.19-23.23.25:223][447]LogBlueprintUserMessages: [EntranceToRestictedArea_2] yeet
[2018.12.19-23.23.25:238][448]LogBlueprintUserMessages: [EntranceToRestictedArea_2] yeet
[2018.12.19-23.23.25:253][449]LogBlueprintUserMessages: [EntranceToRestictedArea_2] yeet
[2018.12.19-23.23.25:268][450]LogBlueprintUserMessages: [EntranceToRestictedArea_2] yeet
[2018.12.19-23.23.25:283][451]LogBlueprintUserMessages: [EntranceToRestictedArea_2] yeet
[2018.12.19-23.23.25:298][452]LogBlueprintUserMessages: [EntranceToRestictedArea_2] yeet
[2018.12.19-23.23.25:313][453]LogBlueprintUserMessages: [EntranceToRestictedArea_2] yeet
[2018.12.19-23.23.25:329][454]LogBlueprintUserMessages: [EntranceToRestictedArea_2] yeet
[2018.12.19-23.23.25:343][455]LogBlueprintUserMessages: [EntranceToRestictedArea_2] yeet
[2018.12.19-23.23.25:358][456]LogBlueprintUserMessages: [EntranceToRestictedArea_2] yeet
[2018.12.19-23.23.25:370][457]LogBlueprintUserMessages: [EntranceToRestictedArea_2] yeet
[2018.12.19-23.23.25:372][457]LogBlueprintUserMessages: [EntranceToRestictedArea_2] yeet
[2018.12.19-23.23.25:387][458]LogBlueprintUserMessages: [EntranceToRestictedArea_2] yeet
[2018.12.19-23.23.25:387][458]LogBlueprintUserMessages: [EntranceToRestictedArea_2] yeet
[2018.12.19-23.23.25:402][459]LogBlueprintUserMessages: [EntranceToRestictedArea_2] yeet
[2018.12.19-23.23.25:417][460]LogBlueprintUserMessages: [EntranceToRestictedArea_2] yeet
[2018.12.19-23.23.25:431][461]LogBlueprintUserMessages: [EntranceToRestictedArea_2] yeet
[2018.12.19-23.23.25:445][462]LogBlueprintUserMessages: [EntranceToRestictedArea_2] yeet
[2018.12.19-23.23.25:458][463]LogBlueprintUserMessages: [EntranceToRestictedArea_2] yeet
[2018.12.19-23.23.25:470][464]LogBlueprintUserMessages: [EntranceToRestictedArea_2] yeet
[2018.12.19-23.23.25:472][464]LogBlueprintUserMessages: [EntranceToRestictedArea_2] yeet
[2018.12.19-23.23.25:486][465]LogBlueprintUserMessages: [EntranceToRestictedArea_2] yeet
[2018.12.19-23.23.25:486][465]LogBlueprintUserMessages: [EntranceToRestictedArea_2] yeet
[2018.12.19-23.23.25:519][466]LogSlate: FSceneViewport::OnFocusLost() reason 0
[2018.12.19-23.23.25:523][466]LogBlueprintUserMessages: [EntranceToRestictedArea_2] yeet
[2018.12.19-23.23.25:537][467]LogBlueprintUserMessages: [EntranceToRestictedArea_2] yeet
[2018.12.19-23.23.25:551][468]LogBlueprintUserMessages: [EntranceToRestictedArea_2] yeet
[2018.12.19-23.23.25:565][469]LogBlueprintUserMessages: [EntranceToRestictedArea_2] yeet
[2018.12.19-23.23.25:577][470]LogBlueprintUserMessages: [EntranceToRestictedArea_2] yeet
[2018.12.19-23.23.25:579][470]LogBlueprintUserMessages: [EntranceToRestictedArea_2] yeet
[2018.12.19-23.23.25:592][471]LogBlueprintUserMessages: [EntranceToRestictedArea_2] yeet
[2018.12.19-23.23.25:592][471]LogBlueprintUserMessages: [EntranceToRestictedArea_2] yeet
[2018.12.19-23.23.25:606][472]LogBlueprintUserMessages: [EntranceToRestictedArea_2] yeet
[2018.12.19-23.23.25:620][473]LogBlueprintUserMessages: [EntranceToRestictedArea_2] yeet
[2018.12.19-23.23.25:634][474]LogBlueprintUserMessages: [EntranceToRestictedArea_2] yeet
[2018.12.19-23.23.25:648][475]LogBlueprintUserMessages: [EntranceToRestictedArea_2] yeet
[2018.12.19-23.23.25:659][476]LogBlueprintUserMessages: [EntranceToRestictedArea_2] yeet
[2018.12.19-23.23.25:662][476]LogBlueprintUserMessages: [EntranceToRestictedArea_2] yeet
[2018.12.19-23.23.25:675][477]LogBlueprintUserMessages: [EntranceToRestictedArea_2] yeet
[2018.12.19-23.23.25:676][477]LogBlueprintUserMessages: [EntranceToRestictedArea_2] yeet
[2018.12.19-23.23.25:689][478]LogBlueprintUserMessages: [EntranceToRestictedArea_2] yeet
[2018.12.19-23.23.25:701][479]LogBlueprintUserMessages: [EntranceToRestictedArea_2] yeet
[2018.12.19-23.23.25:704][479]LogBlueprintUserMessages: [EntranceToRestictedArea_2] yeet
[2018.12.19-23.23.25:718][480]LogBlueprintUserMessages: [EntranceToRestictedArea_2] yeet
[2018.12.19-23.23.25:718][480]LogBlueprintUserMessages: [EntranceToRestictedArea_2] yeet
[2018.12.19-23.23.25:731][481]LogBlueprintUserMessages: [EntranceToRestictedArea_2] yeet
[2018.12.19-23.23.25:733][481]LogBlueprintUserMessages: [EntranceToRestictedArea_2] yeet
[2018.12.19-23.23.25:747][482]LogBlueprintUserMessages: [EntranceToRestictedArea_2] yeet
[2018.12.19-23.23.25:748][482]LogBlueprintUserMessages: [EntranceToRestictedArea_2] yeet
[2018.12.19-23.23.25:759][483]LogBlueprintUserMessages: [EntranceToRestictedArea_2] yeet
[2018.12.19-23.23.25:762][483]LogBlueprintUserMessages: [EntranceToRestictedArea_2] yeet
[2018.12.19-23.23.25:775][484]LogBlueprintUserMessages: [EntranceToRestictedArea_2] yeet
[2018.12.19-23.23.25:776][484]LogBlueprintUserMessages: [EntranceToRestictedArea_2] yeet
[2018.12.19-23.23.25:787][485]LogBlueprintUserMessages: [EntranceToRestictedArea_2] yeet
[2018.12.19-23.23.25:790][485]LogBlueprintUserMessages: [EntranceToRestictedArea_2] yeet
[2018.12.19-23.23.25:804][486]LogBlueprintUserMessages: [EntranceToRestictedArea_2] yeet
[2018.12.19-23.23.25:804][486]LogBlueprintUserMessages: [EntranceToRestictedArea_2] yeet
[2018.12.19-23.23.25:816][487]LogBlueprintUserMessages: [EntranceToRestictedArea_2] yeet
[2018.12.19-23.23.25:818][487]LogBlueprintUserMessages: [EntranceToRestictedArea_2] yeet
[2018.12.19-23.23.25:829][488]LogBlueprintUserMessages: [EntranceToRestictedArea_2] yeet
[2018.12.19-23.23.25:832][488]LogBlueprintUserMessages: [EntranceToRestictedArea_2] yeet
[2018.12.19-23.23.25:832][488]LogBlueprintUserMessages: [EntranceToRestictedArea_2] yeet
[2018.12.19-23.23.25:845][489]LogBlueprintUserMessages: [EntranceToRestictedArea_2] yeet
[2018.12.19-23.23.25:845][489]LogBlueprintUserMessages: [EntranceToRestictedArea_2] yeet
[2018.12.19-23.23.25:857][490]LogBlueprintUserMessages: [EntranceToRestictedArea_2] yeet
[2018.12.19-23.23.25:859][490]LogBlueprintUserMessages: [EntranceToRestictedArea_2] yeet
[2018.12.19-23.23.25:873][491]LogBlueprintUserMessages: [EntranceToRestictedArea_2] yeet
[2018.12.19-23.23.25:874][491]LogBlueprintUserMessages: [EntranceToRestictedArea_2] yeet
[2018.12.19-23.23.25:884][492]LogBlueprintUserMessages: [EntranceToRestictedArea_2] yeet
[2018.12.19-23.23.25:888][492]LogBlueprintUserMessages: [EntranceToRestictedArea_2] yeet
[2018.12.19-23.23.25:902][493]LogBlueprintUserMessages: [EntranceToRestictedArea_2] yeet
[2018.12.19-23.23.26:007][501]LogBlueprintUserMessages: [EntranceToRestictedArea_2] yeet
[2018.12.19-23.23.26:021][502]LogBlueprintUserMessages: [EntranceToRestictedArea_2] yeet
[2018.12.19-23.23.26:034][503]LogBlueprintUserMessages: [EntranceToRestictedArea_2] yeet
[2018.12.19-23.23.26:044][504]LogBlueprintUserMessages: [EntranceToRestictedArea_2] yeet
[2018.12.19-23.23.26:047][504]LogBlueprintUserMessages: [EntranceToRestictedArea_2] yeet
[2018.12.19-23.23.26:061][505]LogBlueprintUserMessages: [EntranceToRestictedArea_2] yeet
[2018.12.19-23.23.26:061][505]LogBlueprintUserMessages: [EntranceToRestictedArea_2] yeet
[2018.12.19-23.23.26:071][506]LogBlueprintUserMessages: [EntranceToRestictedArea_2] yeet
[2018.12.19-23.23.26:075][506]LogBlueprintUserMessages: [EntranceToRestictedArea_2] yeet
[2018.12.19-23.23.26:085][507]LogBlueprintUserMessages: [EntranceToRestictedArea_2] yeet
[2018.12.19-23.23.26:089][507]LogBlueprintUserMessages: [EntranceToRestictedArea_2] yeet
[2018.12.19-23.23.26:089][507]LogBlueprintUserMessages: [EntranceToRestictedArea_2] yeet
[2018.12.19-23.23.26:100][508]LogBlueprintUserMessages: [EntranceToRestictedArea_2] yeet
[2018.12.19-23.23.26:103][508]LogBlueprintUserMessages: [EntranceToRestictedArea_2] yeet
[2018.12.19-23.23.26:104][508]LogBlueprintUserMessages: [EntranceToRestictedArea_2] yeet
[2018.12.19-23.23.26:118][509]LogBlueprintUserMessages: [EntranceToRestictedArea_2] yeet
[2018.12.19-23.23.26:118][509]LogBlueprintUserMessages: [EntranceToRestictedArea_2] yeet
[2018.12.19-23.23.26:128][510]LogBlueprintUserMessages: [EntranceToRestictedArea_2] yeet
[2018.12.19-23.23.26:133][510]LogBlueprintUserMessages: [EntranceToRestictedArea_2] yeet
[2018.12.19-23.23.26:143][511]LogBlueprintUserMessages: [EntranceToRestictedArea_2] yeet
[2018.12.19-23.23.26:147][511]LogBlueprintUserMessages: [EntranceToRestictedArea_2] yeet
[2018.12.19-23.23.26:147][511]LogBlueprintUserMessages: [EntranceToRestictedArea_2] yeet
[2018.12.19-23.23.26:157][512]LogBlueprintUserMessages: [EntranceToRestictedArea_2] yeet
[2018.12.19-23.23.26:161][512]LogBlueprintUserMessages: [EntranceToRestictedArea_2] yeet
[2018.12.19-23.23.26:161][512]LogBlueprintUserMessages: [EntranceToRestictedArea_2] yeet
[2018.12.19-23.23.26:175][513]LogBlueprintUserMessages: [EntranceToRestictedArea_2] yeet
[2018.12.19-23.23.26:175][513]LogBlueprintUserMessages: [EntranceToRestictedArea_2] yeet
[2018.12.19-23.23.26:185][514]LogBlueprintUserMessages: [EntranceToRestictedArea_2] yeet
[2018.12.19-23.23.26:190][514]LogBlueprintUserMessages: [EntranceToRestictedArea_2] yeet
[2018.12.19-23.23.26:200][515]LogBlueprintUserMessages: [EntranceToRestictedArea_2] yeet
[2018.12.19-23.23.26:204][515]LogBlueprintUserMessages: [EntranceToRestictedArea_2] yeet
[2018.12.19-23.23.26:204][515]LogBlueprintUserMessages: [EntranceToRestictedArea_2] yeet
[2018.12.19-23.23.26:214][516]LogBlueprintUserMessages: [EntranceToRestictedArea_2] yeet
[2018.12.19-23.23.26:218][516]LogBlueprintUserMessages: [EntranceToRestictedArea_2] yeet
[2018.12.19-23.23.26:218][516]LogBlueprintUserMessages: [EntranceToRestictedArea_2] yeet
[2018.12.19-23.23.26:228][517]LogBlueprintUserMessages: [EntranceToRestictedArea_2] yeet
[2018.12.19-23.23.26:232][517]LogBlueprintUserMessages: [EntranceToRestictedArea_2] yeet
[2018.12.19-23.23.26:232][517]LogBlueprintUserMessages: [EntranceToRestictedArea_2] yeet
[2018.12.19-23.23.26:245][518]LogBlueprintUserMessages: [EntranceToRestictedArea_2] yeet
[2018.12.19-23.23.26:246][518]LogBlueprintUserMessages: [EntranceToRestictedArea_2] yeet
[2018.12.19-23.23.26:255][519]LogBlueprintUserMessages: [EntranceToRestictedArea_2] yeet
[2018.12.19-23.23.26:259][519]LogBlueprintUserMessages: [EntranceToRestictedArea_2] yeet
[2018.12.19-23.23.26:268][520]LogBlueprintUserMessages: [EntranceToRestictedArea_2] yeet
[2018.12.19-23.23.26:273][520]LogBlueprintUserMessages: [EntranceToRestictedArea_2] yeet
[2018.12.19-23.23.26:282][521]LogBlueprintUserMessages: [EntranceToRestictedArea_2] yeet
[2018.12.19-23.23.26:282][521]LogBlueprintUserMessages: [EntranceToRestictedArea_2] yeet
[2018.12.19-23.23.26:295][522]LogBlueprintUserMessages: [EntranceToRestictedArea_2] yeet
[2018.12.19-23.23.26:295][522]LogBlueprintUserMessages: [EntranceToRestictedArea_2] yeet
[2018.12.19-23.23.26:309][523]LogBlueprintUserMessages: [EntranceToRestictedArea_2] yeet
[2018.12.19-23.23.26:309][523]LogBlueprintUserMessages: [EntranceToRestictedArea_2] yeet
[2018.12.19-23.23.26:323][524]LogBlueprintUserMessages: [EntranceToRestictedArea_2] yeet
[2018.12.19-23.23.26:324][524]LogBlueprintUserMessages: [EntranceToRestictedArea_2] yeet
[2018.12.19-23.23.26:337][525]LogBlueprintUserMessages: [EntranceToRestictedArea_2] yeet
[2018.12.19-23.23.26:351][526]LogBlueprintUserMessages: [EntranceToRestictedArea_2] yeet
[2018.12.19-23.23.26:351][526]LogBlueprintUserMessages: [EntranceToRestictedArea_2] yeet
[2018.12.19-23.23.26:365][527]LogBlueprintUserMessages: [EntranceToRestictedArea_2] yeet
[2018.12.19-23.23.26:365][527]LogBlueprintUserMessages: [EntranceToRestictedArea_2] yeet
[2018.12.19-23.23.26:378][528]LogBlueprintUserMessages: [EntranceToRestictedArea_2] yeet
[2018.12.19-23.23.26:391][529]LogBlueprintUserMessages: [EntranceToRestictedArea_2] yeet
[2018.12.19-23.23.26:404][530]LogBlueprintUserMessages: [EntranceToRestictedArea_2] yeet
[2018.12.19-23.23.26:417][531]LogBlueprintUserMessages: [EntranceToRestictedArea_2] yeet
[2018.12.19-23.23.26:417][531]LogBlueprintUserMessages: [EntranceToRestictedArea_2] yeet
[2018.12.19-23.23.26:430][532]LogBlueprintUserMessages: [EntranceToRestictedArea_2] yeet
[2018.12.19-23.23.26:430][532]LogBlueprintUserMessages: [EntranceToRestictedArea_2] yeet
[2018.12.19-23.23.26:444][533]LogBlueprintUserMessages: [EntranceToRestictedArea_2] yeet
[2018.12.19-23.23.26:456][534]LogBlueprintUserMessages: [EntranceToRestictedArea_2] yeet
[2018.12.19-23.23.26:469][535]LogBlueprintUserMessages: [EntranceToRestictedArea_2] yeet
[2018.12.19-23.23.26:485][536]LogBlueprintUserMessages: [EntranceToRestictedArea_2] yeet
[2018.12.19-23.23.26:486][536]LogBlueprintUserMessages: [EntranceToRestictedArea_2] yeet
[2018.12.19-23.23.26:499][537]LogBlueprintUserMessages: [EntranceToRestictedArea_2] yeet
[2018.12.19-23.23.26:499][537]LogBlueprintUserMessages: [EntranceToRestictedArea_2] yeet
[2018.12.19-23.23.26:510][538]LogBlueprintUserMessages: [EntranceToRestictedArea_2] yeet
[2018.12.19-23.23.26:510][538]LogBlueprintUserMessages: [EntranceToRestictedArea_2] yeet
[2018.12.19-23.23.26:524][539]LogBlueprintUserMessages: [EntranceToRestictedArea_2] yeet
[2018.12.19-23.23.26:524][539]LogBlueprintUserMessages: [EntranceToRestictedArea_2] yeet
[2018.12.19-23.23.26:543][540]LogBlueprintUserMessages: [EntranceToRestictedArea_2] yeet
[2018.12.19-23.23.26:543][540]LogBlueprintUserMessages: [EntranceToRestictedArea_2] yeet
[2018.12.19-23.23.26:560][541]LogBlueprintUserMessages: [EntranceToRestictedArea_2] yeet
[2018.12.19-23.23.26:560][541]LogBlueprintUserMessages: [EntranceToRestictedArea_2] yeet
[2018.12.19-23.23.26:575][542]LogBlueprintUserMessages: [EntranceToRestictedArea_2] yeet
[2018.12.19-23.23.26:589][543]LogBlueprintUserMessages: [EntranceToRestictedArea_2] yeet
[2018.12.19-23.23.26:603][544]LogBlueprintUserMessages: [EntranceToRestictedArea_2] yeet
[2018.12.19-23.23.26:603][544]LogBlueprintUserMessages: [EntranceToRestictedArea_2] yeet
[2018.12.19-23.23.26:616][545]LogBlueprintUserMessages: [EntranceToRestictedArea_2] yeet
[2018.12.19-23.23.26:616][545]LogBlueprintUserMessages: [EntranceToRestictedArea_2] yeet
[2018.12.19-23.23.26:630][546]LogBlueprintUserMessages: [EntranceToRestictedArea_2] yeet
[2018.12.19-23.23.26:644][547]LogBlueprintUserMessages: [EntranceToRestictedArea_2] yeet
[2018.12.19-23.23.26:657][548]LogBlueprintUserMessages: [EntranceToRestictedArea_2] yeet
[2018.12.19-23.23.26:670][549]LogBlueprintUserMessages: [EntranceToRestictedArea_2] yeet
[2018.12.19-23.23.26:744][557]LogBlueprintUserMessages: [EntranceToRestictedArea_2] yeet
[2018.12.19-23.23.26:764][557]LogSlate: Updating window title bar state: overlay mode, drag disabled, window buttons hidden, title bar hidden
[2018.12.19-23.23.26:819][557]LogPlayLevel: Display: Shutting down PIE online subsystems
[2018.12.19-23.23.26:853][557]LogSlate: Updating window title bar state: overlay mode, drag disabled, window buttons hidden, title bar hidden
[2018.12.19-23.23.26:928][558]LogPlayLevel: Display: Destroying online subsystem :Context_6
[2018.12.19-23.24.31:844][318]Cmd: OBJ SAVEPACKAGE PACKAGE="/Game/Levels/Widget_LevelFinished" FILE="D:/Documents/GitHub/TGP_PairProject/TGP_Project/Content/Levels/Widget_LevelFinished.uasset" SILENT=true
[2018.12.19-23.24.31:981][318]LogSavePackage: Moving 'D:/Documents/GitHub/TGP_PairProject/TGP_Project/Saved/Widget_LevelFinishedEF6A93A9451F211D2010D1A9DECCDA94.tmp' to 'D:/Documents/GitHub/TGP_PairProject/TGP_Project/Content/Levels/Widget_LevelFinished.uasset'
