Log file open, 12/13/18 09:49:33
LogWindows: Failed to load 'aqProf.dll' (GetLastError=126)
LogWindows: File 'aqProf.dll' does not exist
LogWindows: Failed to load 'VSPerf140.dll' (GetLastError=126)
LogWindows: File 'VSPerf140.dll' does not exist
LogWindows: Failed to load 'VtuneApi.dll' (GetLastError=126)
LogWindows: File 'VtuneApi.dll' does not exist
LogWindows: Failed to load 'VtuneApi32e.dll' (GetLastError=126)
LogWindows: File 'VtuneApi32e.dll' does not exist
LogInit: Display: Running engine for game: TGP_Project
LogPlatformFile: Not using cached read wrapper
LogTaskGraph: Started task graph with 5 named threads and 23 total threads with 3 sets of task threads.
LogStats: Stats thread started at 0.283091
LogD3D11RHI: Loaded GFSDK_Aftermath_Lib.x64.dll
LogICUInternationalization: Display: ICU TimeZone Detection - Raw Offset: +0:00, Platform Override: ''
LogPluginManager: Mounting plugin Paper2D
LogPluginManager: Mounting plugin AISupport
LogPluginManager: Mounting plugin LightPropagationVolume
LogPluginManager: Mounting plugin CLionSourceCodeAccess
LogPluginManager: Mounting plugin CodeLiteSourceCodeAccess
LogPluginManager: Mounting plugin GitSourceControl
LogPluginManager: Mounting plugin KDevelopSourceCodeAccess
LogPluginManager: Mounting plugin NullSourceCodeAccess
LogPluginManager: Mounting plugin PerforceSourceControl
LogPluginManager: Mounting plugin SubversionSourceControl
LogPluginManager: Mounting plugin UObjectPlugin
LogPluginManager: Mounting plugin VisualStudioCodeSourceCodeAccess
LogPluginManager: Mounting plugin VisualStudioSourceCodeAccess
LogPluginManager: Mounting plugin XCodeSourceCodeAccess
LogPluginManager: Mounting plugin AssetManagerEditor
LogPluginManager: Mounting plugin CryptoKeys
LogPluginManager: Mounting plugin DataValidation
LogPluginManager: Mounting plugin FacialAnimation
LogPluginManager: Mounting plugin GameplayTagsEditor
LogPluginManager: Mounting plugin MacGraphicsSwitching
LogPluginManager: Mounting plugin MeshEditor
LogPluginManager: Mounting plugin MobileLauncherProfileWizard
LogPluginManager: Mounting plugin PluginBrowser
LogPluginManager: Mounting plugin SpeedTreeImporter
LogPluginManager: Mounting plugin DatasmithContent
LogPluginManager: Mounting plugin AlembicImporter
LogPluginManager: Mounting plugin AppleImageUtils
LogPluginManager: Mounting plugin AppleVision
LogPluginManager: Mounting plugin BackChannel
LogPluginManager: Mounting plugin CharacterAI
LogPluginManager: Mounting plugin GeometryCache
LogPluginManager: Mounting plugin HTML5Networking
LogPluginManager: Mounting plugin ProxyLODPlugin
LogPluginManager: Mounting plugin MagicLeap
LogPluginManager: Mounting plugin MagicLeapEmulator
LogPluginManager: Mounting plugin MagicLeapMedia
LogPluginManager: Mounting plugin AndroidMedia
LogPluginManager: Mounting plugin AvfMedia
LogPluginManager: Mounting plugin ImgMedia
LogPluginManager: Mounting plugin LinearTimecode
LogPluginManager: Mounting plugin MediaCompositing
LogPluginManager: Mounting plugin MediaPlayerEditor
LogPluginManager: Mounting plugin WmfMedia
LogPluginManager: Mounting plugin TcpMessaging
LogPluginManager: Mounting plugin UdpMessaging
LogPluginManager: Mounting plugin ActorSequence
LogPluginManager: Mounting plugin LevelSequenceEditor
LogPluginManager: Mounting plugin MatineeToLevelSequence
LogPluginManager: Mounting plugin NetcodeUnitTest
LogPluginManager: Mounting plugin NUTUnrealEngine4
LogPluginManager: Mounting plugin OnlineSubsystemGooglePlay
LogPluginManager: Mounting plugin OnlineSubsystemIOS
LogPluginManager: Mounting plugin OnlineSubsystem
LogPluginManager: Mounting plugin OnlineSubsystemNull
LogPluginManager: Mounting plugin OnlineSubsystemUtils
LogPluginManager: Mounting plugin LauncherChunkInstaller
LogPluginManager: Mounting plugin AndroidDeviceProfileSelector
LogPluginManager: Mounting plugin AndroidMoviePlayer
LogPluginManager: Mounting plugin AndroidPermission
LogPluginManager: Mounting plugin AppleMoviePlayer
LogPluginManager: Mounting plugin ArchVisCharacter
LogPluginManager: Mounting plugin AudioCapture
LogPluginManager: Mounting plugin CableComponent
LogPluginManager: Mounting plugin CustomMeshComponent
LogPluginManager: Mounting plugin EditableMesh
LogPluginManager: Mounting plugin ExampleDeviceProfileSelector
LogPluginManager: Mounting plugin GoogleCloudMessaging
LogPluginManager: Mounting plugin ImmediatePhysics
LogPluginManager: Mounting plugin IOSDeviceProfileSelector
LogPluginManager: Mounting plugin LinuxDeviceProfileSelector
LogPluginManager: Mounting plugin LocationServicesBPLibrary
LogPluginManager: Mounting plugin MobilePatchingUtils
LogPluginManager: Mounting plugin OculusVR
LogPluginManager: Plugin shader directory ../../../Engine/Plugins/Runtime/Oculus/OculusVR/Shaders found
LogPluginManager: Mapping shader source directory ../../../Engine/Plugins/Runtime/Oculus/OculusVR/Shaders to virtual directory /Plugin/OculusVR
LogPluginManager: Mounting plugin PhysXVehicles
LogPluginManager: Mounting plugin ProceduralMeshComponent
LogPluginManager: Mounting plugin RuntimePhysXCooking
LogPluginManager: Mounting plugin SteamVR
LogPluginManager: Mounting plugin WindowsMoviePlayer
LogStreaming: Display: Took  0.167s to configure plugins.
LogInit: Using libcurl 7.55.1-DEV
LogInit:  - built for x86_64-pc-win32
LogInit:  - supports SSL with OpenSSL/1.0.2h
LogInit:  - supports HTTP deflate (compression) using libz 1.2.8
LogInit:  - other features:
LogInit:      CURL_VERSION_SSL
LogInit:      CURL_VERSION_LIBZ
LogInit:      CURL_VERSION_IPV6
LogInit:      CURL_VERSION_ASYNCHDNS
LogInit:      CURL_VERSION_LARGEFILE
LogInit:      CURL_VERSION_IDN
LogInit:  CurlRequestOptions (configurable via config and command line):
LogInit:  - bVerifyPeer = false  - Libcurl will NOT verify peer certificate
LogInit:  - bUseHttpProxy = false  - Libcurl will NOT use HTTP proxy
LogInit:  - bDontReuseConnections = false  - Libcurl will reuse connections
LogInit:  - CertBundlePath = nullptr  - Libcurl will use whatever was configured at build time.
LogInit:  - MaxHostConnections = 16  - Libcurl will limit the number of connections to a host
LogInit:  - LocalHostAddr = Default
LogInit:  - BufferSize = 65536
LogInit: WinSock: version 1.1 (2.2), MaxSocks=32767, MaxUdp=65467
LogInit: Build: ++UE4+Release-4.20-CL-4369336
LogInit: Engine Version: 4.20.3-4369336+++UE4+Release-4.20
LogInit: Compatible Engine Version: 4.20.0-4212847+++UE4+Release-4.20
LogInit: Net CL: 4212847
LogInit: OS: Windows 10 (), CPU: Intel(R) Xeon(R) W-2123 CPU @ 3.60GHz, GPU: NVIDIA GeForce GTX 1070
LogInit: Compiled (64-bit): Sep 17 2018 12:26:19
LogInit: Compiled with Visual C++: 19.13.26129.00
LogInit: Build Configuration: Development
LogInit: Branch Name: ++UE4+Release-4.20
LogInit: Command Line:  
LogInit: Base Directory: C:/Epic/UE4/UE_4.20/Engine/Binaries/Win64/
LogInit: Installed Engine Build: 1
LogDevObjectVersion: Number of dev versions registered: 20
LogDevObjectVersion:   Dev-Blueprints (B0D832E4-1F89-4F0D-ACCF-7EB736FD4AA2): 10
LogDevObjectVersion:   Dev-Build (E1C64328-A22C-4D53-A36C-8E866417BD8C): 0
LogDevObjectVersion:   Dev-Core (375EC13C-06E4-48FB-B500-84F0262A717E): 2
LogDevObjectVersion:   Dev-Editor (E4B068ED-F494-42E9-A231-DA0B2E46BB41): 24
LogDevObjectVersion:   Dev-Framework (CFFC743F-43B0-4480-9391-14DF171D2073): 34
LogDevObjectVersion:   Dev-Mobile (B02B49B5-BB20-44E9-A304-32B752E40360): 2
LogDevObjectVersion:   Dev-Networking (A4E4105C-59A1-49B5-A7C5-40C4547EDFEE): 0
LogDevObjectVersion:   Dev-Online (39C831C9-5AE6-47DC-9A44-9C173E1C8E7C): 0
LogDevObjectVersion:   Dev-Physics (78F01B33-EBEA-4F98-B9B4-84EACCB95AA2): 0
LogDevObjectVersion:   Dev-Platform (6631380F-2D4D-43E0-8009-CF276956A95A): 0
LogDevObjectVersion:   Dev-Rendering (12F88B9F-8875-4AFC-A67C-D90C383ABD29): 26
LogDevObjectVersion:   Dev-Sequencer (7B5AE74C-D270-4C10-A958-57980B212A5A): 9
LogDevObjectVersion:   Dev-VR (D7296918-1DD6-4BDD-9DE2-64A83CC13884): 2
LogDevObjectVersion:   Dev-LoadTimes (C2A15278-BFE7-4AFE-6C17-90FF531DF755): 1
LogDevObjectVersion:   Private-Geometry (6EACA3D4-40EC-4CC1-B786-8BED09428FC5): 3
LogDevObjectVersion:   Dev-AnimPhys (29E575DD-E0A3-4627-9D10-D276232CDCEA): 17
LogDevObjectVersion:   Dev-ReflectionCapture (6B266CEC-1EC7-4B8F-A30B-E4D90942FC07): 1
LogDevObjectVersion:   Dev-Automation (0DF73D61-A23F-47EA-B727-89E90C41499A): 1
LogDevObjectVersion:   FortniteMain (601D1886-AC64-4F84-AA16-D3DE0DEAC7D6): 12
LogDevObjectVersion:   Dev-Enterprise (9DFFBCD6-494F-0158-E221-12823C92A888): 1
LogStreaming: Display: Took  0.005s to delete old logs.
LogInit: Presizing for max 8388607 objects, including 0 objects not considered by GC, pre-allocating 0 bytes for permanent pool.
LogInit: Object subsystem initialized
[2018.12.13-09.49.34:181][  0]LogInit: Selected Device Profile: [Windows]
[2018.12.13-09.49.34:181][  0]LogInit: Applying CVar settings loaded from the selected device profile: [Windows]
[2018.12.13-09.49.34:212][  0]LogHAL: Display: Platform has ~ 32 GB [34065870848 / 34359738368 / 32], which maps to Largest [LargestMinGB=32, LargerMinGB=12, DefaultMinGB=8, SmallerMinGB=6, SmallestMinGB=0)
[2018.12.13-09.49.34:212][  0]LogInit: Setting Device Profile CVar: [[r.Vulkan.UseRealUBs:1]]
[2018.12.13-09.49.34:212][  0]LogInit: Going up to parent DeviceProfile []
[2018.12.13-09.49.34:213][  0]LogInit: Computer: C117B-024
[2018.12.13-09.49.34:213][  0]LogInit: User: m013603g
[2018.12.13-09.49.34:213][  0]LogInit: CPU Page size=4096, Cores=4
[2018.12.13-09.49.34:213][  0]LogInit: High frequency timer resolution =3.515625 MHz
[2018.12.13-09.49.34:214][  0]LogMemory: Memory total: Physical=31.7GB (32GB approx)
[2018.12.13-09.49.34:214][  0]LogMemory: Platform Memory Stats for Windows
[2018.12.13-09.49.34:214][  0]LogMemory: Process Physical Memory: 101.52 MB used, 101.52 MB peak
[2018.12.13-09.49.34:214][  0]LogMemory: Process Virtual Memory: 89.39 MB used, 89.39 MB peak
[2018.12.13-09.49.34:214][  0]LogMemory: Physical Memory: 5125.48 MB used,  27362.27 MB free, 32487.75 MB total
[2018.12.13-09.49.34:214][  0]LogMemory: Virtual Memory: 4638.52 MB used,  27362.27 MB free, 134217728.00 MB total
[2018.12.13-09.49.34:250][  0]LogInit: Using OS detected language (en-US).
[2018.12.13-09.49.34:250][  0]LogInit: Using OS detected locale (en-GB).
[2018.12.13-09.49.34:251][  0]LogTextLocalizationManager: No specific localization for 'en-US' exists, so the 'en' localization will be used.
[2018.12.13-09.49.34:614][  0]LogStreaming: Display: Took  0.364s to InitEngineTextLocalization.
[2018.12.13-09.49.34:614][  0]LogInit: Setting process to per monitor DPI aware
[2018.12.13-09.49.34:663][  0]LogSlate: New Slate User Created.  User Index 0, Is Virtual User: 0
[2018.12.13-09.49.34:663][  0]LogSlate: Slate User Registered.  User Index 0, Is Virtual User: 0
[2018.12.13-09.49.34:895][  0]LogHMD: Failed to initialize OpenVR with code 110
[2018.12.13-09.49.34:895][  0]LogD3D11RHI: D3D11 adapters:
[2018.12.13-09.49.34:950][  0]LogD3D11RHI:    0. 'NVIDIA GeForce GTX 1070' (Feature Level 11_0)
[2018.12.13-09.49.34:950][  0]LogD3D11RHI:       8096/0/16243 MB DedicatedVideo/DedicatedSystem/SharedSystem, Outputs:2, VendorId:0x10de
[2018.12.13-09.49.34:952][  0]LogD3D11RHI:    1. 'Microsoft Basic Render Driver' (Feature Level 11_0)
[2018.12.13-09.49.34:952][  0]LogD3D11RHI:       0/0/16243 MB DedicatedVideo/DedicatedSystem/SharedSystem, Outputs:0, VendorId:0x1414
[2018.12.13-09.49.34:952][  0]LogD3D11RHI: Chosen D3D11 Adapter: 0
[2018.12.13-09.49.34:958][  0]LogD3D11RHI: Creating new Direct3DDevice
[2018.12.13-09.49.34:958][  0]LogD3D11RHI:     GPU DeviceId: 0x1b81 (for the marketing name, search the web for "GPU Device Id")
[2018.12.13-09.49.34:958][  0]LogWindows: EnumDisplayDevices:
[2018.12.13-09.49.34:958][  0]LogWindows:    0. 'NVIDIA GeForce GTX 1070' (P:1 D:1)
[2018.12.13-09.49.34:958][  0]LogWindows:    1. 'NVIDIA GeForce GTX 1070' (P:0 D:1)
[2018.12.13-09.49.34:958][  0]LogWindows:    2. 'NVIDIA GeForce GTX 1070' (P:0 D:0)
[2018.12.13-09.49.34:958][  0]LogWindows:    3. 'NVIDIA GeForce GTX 1070' (P:0 D:0)
[2018.12.13-09.49.34:958][  0]LogWindows: DebugString: FoundDriverCount:4 
[2018.12.13-09.49.34:958][  0]LogD3D11RHI:     Adapter Name: NVIDIA GeForce GTX 1070
[2018.12.13-09.49.34:958][  0]LogD3D11RHI:   Driver Version: 388.13 (internal:23.21.13.8813, unified:388.13)
[2018.12.13-09.49.34:958][  0]LogD3D11RHI:      Driver Date: 10-27-2017
[2018.12.13-09.49.34:959][  0]LogRHI: Texture pool is 5667 MB (70% of 8096 MB)
[2018.12.13-09.49.34:983][  0]LogD3D11RHI: Async texture creation enabled
[2018.12.13-09.49.34:993][  0]LogD3D11RHI: GPU Timing Frequency: 1000.000000 (Debug: 2 1)
[2018.12.13-09.49.34:995][  0]LogShaderCompilers: Guid format shader working directory is -28 characters bigger than the processId version (../../../../../../Users/m013603g/Documents/GitHub/TGP_PairProject/TGP_Project/Intermediate/Shaders/WorkingDirectory/2564/).
[2018.12.13-09.49.34:995][  0]LogShaderCompilers: Cleaned the shader compiler working directory 'C:/Users/m013603g/AppData/Local/Temp/UnrealShaderWorkingDir/11370A53409C81068214A9B148D270A3/'.
[2018.12.13-09.49.35:259][  0]LogTemp: Display: Loaded TP AllDesktopTargetPlatform
[2018.12.13-09.49.35:272][  0]LogTemp: Display: Loaded TP MacClientTargetPlatform
[2018.12.13-09.49.35:284][  0]LogTemp: Display: Loaded TP MacNoEditorTargetPlatform
[2018.12.13-09.49.35:297][  0]LogTemp: Display: Loaded TP MacServerTargetPlatform
[2018.12.13-09.49.35:310][  0]LogTemp: Display: Loaded TP MacTargetPlatform
[2018.12.13-09.49.35:323][  0]LogTemp: Display: Loaded TP WindowsClientTargetPlatform
[2018.12.13-09.49.35:335][  0]LogTemp: Display: Loaded TP WindowsNoEditorTargetPlatform
[2018.12.13-09.49.35:348][  0]LogTemp: Display: Loaded TP WindowsServerTargetPlatform
[2018.12.13-09.49.35:354][  0]LogTemp: Display: Loaded TP WindowsTargetPlatform
[2018.12.13-09.49.35:429][  0]LogTemp: Display: Loaded TP AndroidTargetPlatform
[2018.12.13-09.49.35:429][  0]LogTemp: Display: Loaded TP AndroidTargetPlatform
[2018.12.13-09.49.35:429][  0]LogTemp: Display: Loaded TP AndroidTargetPlatform
[2018.12.13-09.49.35:429][  0]LogTemp: Display: Loaded TP AndroidTargetPlatform
[2018.12.13-09.49.35:429][  0]LogTemp: Display: Loaded TP AndroidTargetPlatform
[2018.12.13-09.49.35:429][  0]LogTemp: Display: Loaded TP AndroidTargetPlatform
[2018.12.13-09.49.35:429][  0]LogTemp: Display: Loaded TP AndroidTargetPlatform
[2018.12.13-09.49.35:429][  0]LogTemp: Display: Loaded TP AndroidTargetPlatform
[2018.12.13-09.49.35:429][  0]LogTemp: Display: Loaded TP AndroidTargetPlatform
[2018.12.13-09.49.35:429][  0]LogTemp: Display: Loaded TP AndroidTargetPlatform
[2018.12.13-09.49.35:429][  0]LogTemp: Display: Loaded TP AndroidTargetPlatform
[2018.12.13-09.49.35:429][  0]LogTemp: Display: Loaded TP AndroidTargetPlatform
[2018.12.13-09.49.35:429][  0]LogTemp: Display: Loaded TP AndroidTargetPlatform
[2018.12.13-09.49.35:429][  0]LogTemp: Display: Loaded TP AndroidTargetPlatform
[2018.12.13-09.49.35:429][  0]LogTemp: Display: Loaded TP AndroidTargetPlatform
[2018.12.13-09.49.35:429][  0]LogTemp: Display: Loaded TP AndroidTargetPlatform
[2018.12.13-09.49.35:429][  0]LogTemp: Display: Loaded TP AndroidTargetPlatform
[2018.12.13-09.49.35:429][  0]LogTemp: Display: Loaded TP AndroidTargetPlatform
[2018.12.13-09.49.35:430][  0]LogTemp: Display: Loaded TP HTML5TargetPlatform
[2018.12.13-09.49.35:510][  0]LogTemp: Display: Loaded TP IOSTargetPlatform
[2018.12.13-09.49.35:510][  0]LogTemp: Display: Loaded TP IOSTargetPlatform
[2018.12.13-09.49.35:549][  0]LogTemp: Display: Loaded TP TVOSTargetPlatform
[2018.12.13-09.49.35:549][  0]LogTemp: Display: Loaded TP TVOSTargetPlatform
[2018.12.13-09.49.35:561][  0]LogTemp: Display: Loaded TP LinuxClientTargetPlatform
[2018.12.13-09.49.35:572][  0]LogTemp: Display: Loaded TP LinuxNoEditorTargetPlatform
[2018.12.13-09.49.35:584][  0]LogTemp: Display: Loaded TP LinuxServerTargetPlatform
[2018.12.13-09.49.35:596][  0]LogTemp: Display: Loaded TP LinuxTargetPlatform
[2018.12.13-09.49.35:604][  0]LogTemp: Display: Loaded TP LuminTargetPlatform
[2018.12.13-09.49.35:604][  0]LogTargetPlatformManager: Display: Building Assets For Windows
[2018.12.13-09.49.35:671][  0]LogXGEController: Cleaning working directory: C:/Users/m013603g/AppData/Local/Temp/UnrealXGEWorkingDir/
[2018.12.13-09.49.35:672][  0]LogXGEController: Cannot use XGE Controller as Incredibuild is not installed on this machine.
[2018.12.13-09.49.35:672][  0]LogShaderCompilers: Cannot use XGE Shader Compiler as Incredibuild is not installed on this machine.
[2018.12.13-09.49.35:672][  0]LogShaderCompilers: Display: Using Local Shader Compiler.
[2018.12.13-09.49.36:436][  0]LogDerivedDataCache: Display: Max Cache Size: 512 MB
[2018.12.13-09.49.36:487][  0]LogDerivedDataCache: Loaded boot cache 0.05s 71MB C:/Users/m013603g/AppData/Local/UnrealEngine/4.20/DerivedDataCache/Boot.ddc.
[2018.12.13-09.49.36:487][  0]LogDerivedDataCache: Display: Loaded Boot cache: C:/Users/m013603g/AppData/Local/UnrealEngine/4.20/DerivedDataCache/Boot.ddc
[2018.12.13-09.49.36:487][  0]LogDerivedDataCache: FDerivedDataBackendGraph:  Pak pak cache file ../../../../../../Users/m013603g/Documents/GitHub/TGP_PairProject/TGP_Project/DerivedDataCache/DDC.ddp not found, will not use a pak cache.
[2018.12.13-09.49.36:487][  0]LogDerivedDataCache: Unable to find inner node Pak for hierarchical cache Hierarchy.
[2018.12.13-09.49.36:487][  0]LogDerivedDataCache: FDerivedDataBackendGraph:  CompressedPak pak cache file ../../../../../../Users/m013603g/Documents/GitHub/TGP_PairProject/TGP_Project/DerivedDataCache/Compressed.ddp not found, will not use a pak cache.
[2018.12.13-09.49.36:487][  0]LogDerivedDataCache: Unable to find inner node CompressedPak for hierarchical cache Hierarchy.
[2018.12.13-09.49.36:499][  0]LogDerivedDataCache: Display: Pak cache opened for reading ../../../Engine/DerivedDataCache/Compressed.ddp.
[2018.12.13-09.49.36:511][  0]LogDerivedDataCache: Using Local data cache path C:/Users/m013603g/AppData/Local/UnrealEngine/Common/DerivedDataCache: Writable
[2018.12.13-09.49.36:511][  0]LogDerivedDataCache: Shared data cache path not found in *engine.ini, will not use an Shared cache.
[2018.12.13-09.49.36:511][  0]LogDerivedDataCache: Unable to find inner node Shared for hierarchical cache Hierarchy.
[2018.12.13-09.49.36:548][  0]LogMaterial: Verifying Global Shaders for PCD3D_SM5
[2018.12.13-09.49.36:552][  0]LogSlate: Using FreeType 2.6.0
[2018.12.13-09.49.36:554][  0]LogSlate: SlateFontServices - WITH_FREETYPE: 1, WITH_HARFBUZZ: 1
[2018.12.13-09.49.36:639][  0]LogAssetRegistry: FAssetRegistry took 0.0315 seconds to start up
[2018.12.13-09.49.36:977][  0]LogInit: Selected Device Profile: [Windows]
[2018.12.13-09.49.37:100][  0]LogSimplygon: Simplygon DLL not present - disabling.
[2018.12.13-09.49.37:104][  0]LogMeshReduction: Using SimplygonSwarm for distributed automatic mesh merging
[2018.12.13-09.49.37:104][  0]LogMeshReduction: Using ProxyLODMeshReduction for automatic mesh merging
[2018.12.13-09.49.37:104][  0]LogMeshReduction: Using QuadricMeshReduction for automatic static mesh reduction
[2018.12.13-09.49.37:104][  0]LogMeshReduction: No automatic skeletal mesh reduction module available
[2018.12.13-09.49.37:122][  0]LogNetVersion: TGP_Project 1.0.0, NetCL: 4212847, EngineNetVer: 5, GameNetVer: 0 (Checksum: 95638710)
[2018.12.13-09.49.37:670][  0]LogPackageLocalizationCache: Processed 11 localized package path(s) for 2 prioritized culture(s) in 0.139139 seconds
[2018.12.13-09.49.37:676][  0]LogUObjectArray: 38425 objects as part of root set at end of initial load.
[2018.12.13-09.49.37:676][  0]LogUObjectAllocator: 6690872 out of 0 bytes used by permanent object pool.
[2018.12.13-09.49.37:676][  0]LogUObjectArray: CloseDisregardForGC: 0/0 objects in disregard for GC pool
[2018.12.13-09.49.38:531][  0]LogTcpMessaging: Initializing TcpMessaging bridge
[2018.12.13-09.49.38:544][  0]LogUdpMessaging: Initializing bridge on interface 0.0.0.0:0 to multicast group 230.0.0.1:6666.
[2018.12.13-09.49.38:697][  0]SourceControl: Source control is disabled
[2018.12.13-09.49.38:697][  0]SourceControl: Source control is disabled
[2018.12.13-09.49.38:699][  0]SourceControl: Source control is disabled
[2018.12.13-09.49.38:700][  0]SourceControl: Source control is disabled
[2018.12.13-09.49.38:888][  0]LogAndroidPermission: UAndroidPermissionCallbackProxy::GetInstance
[2018.12.13-09.49.38:988][  0]LogOcInput: OculusInput pre-init called
[2018.12.13-09.49.39:071][  0]LogEngine: Initializing Engine...
[2018.12.13-09.49.39:072][  0]LogHMD: Failed to initialize OpenVR with code 110
[2018.12.13-09.49.39:073][  0]LogStats: UGameplayTagsManager::ConstructGameplayTagTree: ImportINI prefixes -  0.000 s
[2018.12.13-09.49.39:074][  0]LogStats: UGameplayTagsManager::ConstructGameplayTagTree: Construct from data asset -  0.000 s
[2018.12.13-09.49.39:074][  0]LogStats: UGameplayTagsManager::ConstructGameplayTagTree: ImportINI -  0.000 s
[2018.12.13-09.49.39:074][  0]LogStats: UGameplayTagsManager::ConstructGameplayTagTree: GameplayTagTreeChangedEvent.Broadcast -  0.000 s
[2018.12.13-09.49.39:271][  0]LogInit: Initializing FReadOnlyCVARCache
[2018.12.13-09.49.39:290][  0]LogAIModule: Creating AISystem for world Untitled
[2018.12.13-09.49.39:305][  0]LogInit: XAudio2 using 'Speakers (Realtek High Definition Audio)' : 2 channels at 48 kHz using 32 bits per sample (channel mask 0x3)
[2018.12.13-09.49.39:343][  0]LogInit: FAudioDevice initialized.
[2018.12.13-09.49.39:344][  0]LogNetVersion: Set ProjectVersion to 1.0.0.0. Version Checksum will be recalculated on next use.
[2018.12.13-09.49.39:395][  0]LogDerivedDataCache: Saved boot cache 0.05s 71MB C:/Users/m013603g/AppData/Local/UnrealEngine/4.20/DerivedDataCache/Boot.ddc.
[2018.12.13-09.49.39:412][  0]LogInit: Texture streaming: Enabled
[2018.12.13-09.49.39:429][  0]LogEngineSessionManager: EngineSessionManager initialized
[2018.12.13-09.49.39:429][  0]LogEngineSessionManager: EngineSessionManager sent abnormal shutdown report. Type=Crashed, SessionId={A40D4D0B-438E-6864-64C7-47919DD4ED5A}
[2018.12.13-09.49.39:444][  0]LogInit: Transaction tracking system initialized
[2018.12.13-09.49.39:488][  0]BlueprintLog: New page: Editor Load
[2018.12.13-09.49.39:574][  0]LocalizationService: Localization service is disabled
[2018.12.13-09.49.39:884][  0]LogCook: Display: Max memory allowance for cook 16384mb min free memory 0mb
[2018.12.13-09.49.39:884][  0]LogCook: Display: Mobile HDR setting 1
[2018.12.13-09.49.39:884][  0]LogGameplayTags: Display: UGameplayTagsManager::DoneAddingNativeTags. DelegateIsBound: 0
[2018.12.13-09.49.39:884][  0]LogStats: UGameplayTagsManager::ConstructGameplayTagTree: ImportINI prefixes -  0.000 s
[2018.12.13-09.49.39:884][  0]LogStats: UGameplayTagsManager::ConstructGameplayTagTree: Construct from data asset -  0.000 s
[2018.12.13-09.49.39:884][  0]LogStats: UGameplayTagsManager::ConstructGameplayTagTree: ImportINI -  0.000 s
[2018.12.13-09.49.39:884][  0]LogStats: UGameplayTagsManager::ConstructGameplayTagTree: GameplayTagTreeChangedEvent.Broadcast -  0.000 s
[2018.12.13-09.49.40:016][  0]LogFileCache: Scanning file cache for directory 'C:/Users/m013603g/Documents/GitHub/TGP_PairProject/TGP_Project/Content/' took 0.01s
[2018.12.13-09.49.40:016][  0]SourceControl: Source control is disabled
[2018.12.13-09.49.40:016][  0]Cmd: MAP LOAD FILE="../../../../../../Users/m013603g/Documents/GitHub/TGP_PairProject/TGP_Project/Content/Levels/BaseLevel.umap" TEMPLATE=0 SHOWPROGRESS=1 FEATURELEVEL=3
[2018.12.13-09.49.40:017][  0]LightingResults: New page: Lighting Build
[2018.12.13-09.49.40:023][  0]MapCheck: New page: Map Check
[2018.12.13-09.49.40:023][  0]LightingResults: New page: Lighting Build
[2018.12.13-09.49.40:122][  0]LogLinker: Warning: Can't find file '/Game/Levels/BaseLevel_BuiltData'
[2018.12.13-09.49.40:123][  0]LogLinker: Warning: Can't find file for asset '/Game/Levels/BaseLevel_BuiltData' while loading ../../../../../../Users/m013603g/Documents/GitHub/TGP_PairProject/TGP_Project/Content/Levels/BaseLevel.umap.
[2018.12.13-09.49.40:123][  0]LoadErrors: Error: /Game/Levels/BaseLevel : Can't find file for asset. /Game/Levels/BaseLevel_BuiltData
[2018.12.13-09.49.40:126][  0]LogLinker: Warning: Can't find file '/Game/Levels/BaseLevel_BuiltData'
[2018.12.13-09.49.40:126][  0]LogLinker: Warning: Can't find file for asset '/Game/Levels/BaseLevel_BuiltData' while loading ../../../../../../Users/m013603g/Documents/GitHub/TGP_PairProject/TGP_Project/Content/Levels/BaseLevel.umap.
[2018.12.13-09.49.40:127][  0]LoadErrors: Error: /Game/Levels/BaseLevel : Can't find file for asset. /Game/Levels/BaseLevel_BuiltData
[2018.12.13-09.49.40:138][  0]LogLinker: Warning: Can't find file '/Game/Levels/BaseLevel_BuiltData'
[2018.12.13-09.49.40:138][  0]LoadErrors: Failed to load /Game/Levels/BaseLevel_BuiltData.BaseLevel_BuiltData Referenced by PersistentLevel
[2018.12.13-09.49.40:139][  0]LogLinker: Warning: Can't find file for asset '/Game/Levels/BaseLevel_BuiltData' while loading NULL.
[2018.12.13-09.49.40:139][  0]LoadErrors: Failed to load /Game/Levels/BaseLevel_BuiltData.BaseLevel_BuiltData Referenced by PersistentLevel
[2018.12.13-09.49.40:159][  0]LogAIModule: Creating AISystem for world BaseLevel
[2018.12.13-09.49.40:166][  0]LogEditorServer: Finished looking for orphan Actors (0.000 secs)
[2018.12.13-09.49.40:202][  0]Cmd: MAP CHECKDEP NOCLEARLOG
[2018.12.13-09.49.40:314][  0]MapCheck: Map check complete: 0 Error(s), 0 Warning(s), took 111.591ms to complete.
[2018.12.13-09.49.40:314][  0]LogFileHelpers: Loading map 'BaseLevel' took 0.297
[2018.12.13-09.49.40:437][  0]LogSlate: Updating window title bar state: overlay mode, drag disabled, window buttons hidden, title bar hidden
[2018.12.13-09.49.40:447][  0]LogSlate: Updating window title bar state: overlay mode, drag disabled, window buttons hidden, title bar hidden
[2018.12.13-09.49.40:455][  0]LogSlate: Updating window title bar state: overlay mode, drag disabled, window buttons hidden, title bar hidden
[2018.12.13-09.49.40:461][  0]LogSlate: Updating window title bar state: overlay mode, drag disabled, window buttons hidden, title bar hidden
[2018.12.13-09.49.40:467][  0]LogCollectionManager: Loaded 0 collections in 0.002010 seconds
[2018.12.13-09.49.40:527][  0]LogFileCache: Scanning file cache for directory 'C:/Users/m013603g/Documents/GitHub/TGP_PairProject/TGP_Project/Saved/Collections/' took 0.01s
[2018.12.13-09.49.40:527][  0]LogFileCache: Scanning file cache for directory 'C:/Users/m013603g/Documents/GitHub/TGP_PairProject/TGP_Project/Content/Developers/m013603g/Collections/' took 0.01s
[2018.12.13-09.49.40:527][  0]LogFileCache: Scanning file cache for directory 'C:/Users/m013603g/Documents/GitHub/TGP_PairProject/TGP_Project/Content/Collections/' took 0.01s
[2018.12.13-09.49.40:527][  0]LogCollectionManager: Rebuilt the GUID cache for 0 collections in 0.000001 seconds
[2018.12.13-09.49.40:544][  0]LogContentBrowser: Native class hierarchy populated in 0.0162 seconds. Added 2585 classes and 606 folders.
[2018.12.13-09.49.40:555][  0]LogContentBrowser: Native class hierarchy updated for 'WidgetCarousel' in 0.0004 seconds. Added 0 classes and 0 folders.
[2018.12.13-09.49.40:647][  0]LogContentBrowser: Native class hierarchy updated for 'AddContentDialog' in 0.0004 seconds. Added 0 classes and 0 folders.
[2018.12.13-09.49.40:652][  0]LogContentBrowser: Native class hierarchy updated for 'SceneOutliner' in 0.0005 seconds. Added 1 classes and 2 folders.
[2018.12.13-09.49.40:704][  0]LogSlate: Took 0.000231 seconds to synchronously load lazily loaded font '../../../Engine/Content/Slate/Fonts/Roboto-Regular.ttf' (155K)
[2018.12.13-09.49.40:706][  0]LogSlate: Took 0.000209 seconds to synchronously load lazily loaded font '../../../Engine/Content/Slate/Fonts/Roboto-Bold.ttf' (160K)
[2018.12.13-09.49.40:712][  0]LogSlate: Took 0.000174 seconds to synchronously load lazily loaded font '../../../Engine/Content/Editor/Slate/Fonts/FontAwesome.ttf' (139K)
[2018.12.13-09.49.40:797][  0]LogRenderer: Reallocating scene render targets to support 1208x576 Format 10 NumSamples 1 (Frame:1).
[2018.12.13-09.49.40:846][  0]LogSlate: Took 0.000219 seconds to synchronously load lazily loaded font '../../../Engine/Content/Slate/Fonts/Roboto-Light.ttf' (167K)
[2018.12.13-09.49.40:926][  0]LogSlate: FSceneViewport::OnFocusLost() reason 2
[2018.12.13-09.49.40:940][  0]LogSlate: Window 'Tutorials' being destroyed
[2018.12.13-09.49.40:972][  0]LogContentBrowser: Native class hierarchy updated for 'HierarchicalLODOutliner' in 0.0004 seconds. Added 0 classes and 0 folders.
[2018.12.13-09.49.40:972][  0]LogLoad: (Engine Initialization) Total time: 8.98 seconds
[2018.12.13-09.49.40:972][  0]LogLoad: (Engine Initialization) Total Blueprint compile time: 0.00 seconds
[2018.12.13-09.49.41:035][  0]LogContentStreaming: Texture pool size now 1000 MB
[2018.12.13-09.49.41:041][  0]LogSlate: FSceneViewport::OnFocusLost() reason 2
[2018.12.13-09.49.41:086][  1]LogFileCache: Retrieving MD5 hashes for directory 'C:/Users/m013603g/Documents/GitHub/TGP_PairProject/TGP_Project/Content/' took 0.09s
[2018.12.13-09.49.41:094][  1]LogAssetRegistry: Asset discovery search completed in 4.4783 seconds
[2018.12.13-09.49.41:096][  1]LogCollectionManager: Rebuilt the object cache for 0 collections in 0.000000 seconds (found 0 objects)
[2018.12.13-09.49.41:096][  1]LogCollectionManager: Fixed up redirectors for 0 collections in 0.000062 seconds (updated 0 objects)
[2018.12.13-09.49.42:891][190]LogTemp: Repeating last play command: Selected Viewport
[2018.12.13-09.49.42:911][190]LogPlayLevel: PlayLevel: No blueprints needed recompiling
[2018.12.13-09.49.42:923][190]PIE: New page: PIE session: BaseLevel (13 Dec 2018 09:49:42)
[2018.12.13-09.49.42:923][190]LogPlayLevel: Creating play world package: /Game/Levels/UEDPIE_0_BaseLevel
[2018.12.13-09.49.42:926][190]LogPlayLevel: PIE: StaticDuplicateObject took: (0.002530s)
[2018.12.13-09.49.42:926][190]LogAIModule: Creating AISystem for world BaseLevel
[2018.12.13-09.49.42:926][190]LogPlayLevel: PIE: World Init took: (0.000653s)
[2018.12.13-09.49.42:926][190]LogPlayLevel: PIE: Created PIE world by copying editor world from /Game/Levels/BaseLevel.BaseLevel to /Game/Levels/UEDPIE_0_BaseLevel.BaseLevel (0.003306s)
[2018.12.13-09.49.42:963][190]LogInit: XAudio2 using 'Speakers (Realtek High Definition Audio)' : 2 channels at 48 kHz using 32 bits per sample (channel mask 0x3)
[2018.12.13-09.49.42:977][190]LogInit: FAudioDevice initialized.
[2018.12.13-09.49.43:028][190]LogLoad: Game class is 'GM_GAME_C'
[2018.12.13-09.49.43:032][190]LogWorld: Bringing World /Game/Levels/UEDPIE_0_BaseLevel.BaseLevel up for play (max tick rate 0) at 2018.12.13-09.49.43
[2018.12.13-09.49.43:034][190]LogWorld: Bringing up level for play took: 0.003249
[2018.12.13-09.49.43:062][190]LogContentBrowser: Native class hierarchy updated for 'MovieSceneCapture' in 0.0010 seconds. Added 10 classes and 0 folders.
[2018.12.13-09.49.43:065][190]PIE: Play in editor start time for /Game/Levels/UEDPIE_0_BaseLevel 0.507
[2018.12.13-09.49.47:140][646]LogBlueprintUserMessages: [EntranceToRestictedArea_2] yeet
[2018.12.13-09.49.47:148][647]LogBlueprintUserMessages: [EntranceToRestictedArea_2] yeet
[2018.12.13-09.49.48:917][655]LogWindows: Error: === Critical error: ===
[2018.12.13-09.49.48:917][655]LogWindows: Error: 
[2018.12.13-09.49.48:917][655]LogWindows: Error: Fatal error!
[2018.12.13-09.49.48:917][655]LogWindows: Error: 
[2018.12.13-09.49.48:917][655]LogWindows: Error: Unhandled Exception: EXCEPTION_ACCESS_VIOLATION reading address 0x00000170
[2018.12.13-09.49.48:917][655]LogWindows: Error: 
[2018.12.13-09.49.48:917][655]LogWindows: Error: [Callstack] 0x00007ffba5e6d111 UE4Editor-TGP_Project.dll!AWeaponBase::Use() [c:\users\m013603g\documents\github\tgp_pairproject\tgp_project\source\tgp_project\private\weaponbase.cpp:37]
[2018.12.13-09.49.48:917][655]LogWindows: Error: [Callstack] 0x00007ffba5e6a9ad UE4Editor-TGP_Project.dll!ABodyGuardAI::Tick() [c:\users\m013603g\documents\github\tgp_pairproject\tgp_project\source\tgp_project\private\bodyguardai.cpp:129]
[2018.12.13-09.49.48:918][655]LogWindows: Error: [Callstack] 0x00007ffbb9f8730c UE4Editor-Engine.dll!UnknownFunction []
[2018.12.13-09.49.48:918][655]LogWindows: Error: [Callstack] 0x00007ffbb9f45630 UE4Editor-Engine.dll!UnknownFunction []
[2018.12.13-09.49.48:918][655]LogWindows: Error: [Callstack] 0x00007ffbbb1416bd UE4Editor-Engine.dll!UnknownFunction []
[2018.12.13-09.49.48:918][655]LogWindows: Error: [Callstack] 0x00007ffbc8a41f92 UE4Editor-Core.dll!UnknownFunction []
[2018.12.13-09.49.48:918][655]LogWindows: Error: [Callstack] 0x00007ffbc8a42456 UE4Editor-Core.dll!UnknownFunction []
[2018.12.13-09.49.48:918][655]LogWindows: Error: [Callstack] 0x00007ffbc8a56d25 UE4Editor-Core.dll!UnknownFunction []
[2018.12.13-09.49.48:918][655]LogWindows: Error: [Callstack] 0x00007ffbbb195b04 UE4Editor-Engine.dll!UnknownFunction []
[2018.12.13-09.49.48:918][655]LogWindows: Error: [Callstack] 0x00007ffbbb1a4d92 UE4Editor-Engine.dll!UnknownFunction []
[2018.12.13-09.49.48:918][655]LogWindows: Error: [Callstack] 0x00007ffbba8a87e4 UE4Editor-Engine.dll!UnknownFunction []
[2018.12.13-09.49.48:918][655]LogWindows: Error: [Callstack] 0x00007ffbba8b4003 UE4Editor-Engine.dll!UnknownFunction []
[2018.12.13-09.49.48:919][655]LogWindows: Error: [Callstack] 0x00007ffbb8a87335 UE4Editor-UnrealEd.dll!UnknownFunction []
[2018.12.13-09.49.48:919][655]LogWindows: Error: [Callstack] 0x00007ffbb937f666 UE4Editor-UnrealEd.dll!UnknownFunction []
[2018.12.13-09.49.48:919][655]LogWindows: Error: [Callstack] 0x00007ff6b05d5cbd UE4Editor.exe!UnknownFunction []
[2018.12.13-09.49.48:919][655]LogWindows: Error: [Callstack] 0x00007ff6b05e5b3c UE4Editor.exe!UnknownFunction []
[2018.12.13-09.49.48:919][655]LogWindows: Error: [Callstack] 0x00007ff6b05e5bba UE4Editor.exe!UnknownFunction []
[2018.12.13-09.49.48:919][655]LogWindows: Error: [Callstack] 0x00007ff6b05f3dac UE4Editor.exe!UnknownFunction []
[2018.12.13-09.49.48:919][655]LogWindows: Error: [Callstack] 0x00007ff6b05f5aaa UE4Editor.exe!UnknownFunction []
[2018.12.13-09.49.48:919][655]LogWindows: Error: [Callstack] 0x00007ffc06b33034 KERNEL32.DLL!UnknownFunction []
[2018.12.13-09.49.48:919][655]LogWindows: Error: [Callstack] 0x00007ffc092e1461 ntdll.dll!UnknownFunction []
[2018.12.13-09.49.48:919][655]LogWindows: Error: 
[2018.12.13-09.49.48:934][655]LogExit: Executing StaticShutdownAfterError
[2018.12.13-09.49.48:937][655]LogWindows: FPlatformMisc::RequestExit(1)
[2018.12.13-09.49.48:942][655]Log file closed, 12/13/18 09:49:48
