Log file open, 12/10/18 19:17:47
LogWindows: Failed to load 'aqProf.dll' (GetLastError=126)
LogWindows: File 'aqProf.dll' does not exist
LogWindows: Failed to load 'VSPerf140.dll' (GetLastError=126)
LogWindows: File 'VSPerf140.dll' does not exist
LogWindows: Failed to load 'VtuneApi.dll' (GetLastError=126)
LogWindows: File 'VtuneApi.dll' does not exist
LogWindows: Failed to load 'VtuneApi32e.dll' (GetLastError=126)
LogWindows: File 'VtuneApi32e.dll' does not exist
LogInit: Display: Running engine for game: TGP_Project
LogPlatformFile: Not using cached read wrapper
LogTaskGraph: Started task graph with 5 named threads and 23 total threads with 3 sets of task threads.
LogStats: Stats thread started at 0.448804
LogD3D11RHI: Loaded GFSDK_Aftermath_Lib.x64.dll
LogICUInternationalization: Display: ICU TimeZone Detection - Raw Offset: +0:00, Platform Override: ''
LogPluginManager: Mounting plugin Paper2D
LogPluginManager: Mounting plugin AISupport
LogPluginManager: Mounting plugin LightPropagationVolume
LogPluginManager: Mounting plugin CLionSourceCodeAccess
LogPluginManager: Mounting plugin CodeLiteSourceCodeAccess
LogPluginManager: Mounting plugin GitSourceControl
LogPluginManager: Mounting plugin KDevelopSourceCodeAccess
LogPluginManager: Mounting plugin NullSourceCodeAccess
LogPluginManager: Mounting plugin PerforceSourceControl
LogPluginManager: Mounting plugin SubversionSourceControl
LogPluginManager: Mounting plugin UObjectPlugin
LogPluginManager: Mounting plugin VisualStudioCodeSourceCodeAccess
LogPluginManager: Mounting plugin VisualStudioSourceCodeAccess
LogPluginManager: Mounting plugin XCodeSourceCodeAccess
LogPluginManager: Mounting plugin AssetManagerEditor
LogPluginManager: Mounting plugin CryptoKeys
LogPluginManager: Mounting plugin DataValidation
LogPluginManager: Mounting plugin FacialAnimation
LogPluginManager: Mounting plugin GameplayTagsEditor
LogPluginManager: Mounting plugin MacGraphicsSwitching
LogPluginManager: Mounting plugin MeshEditor
LogPluginManager: Mounting plugin MobileLauncherProfileWizard
LogPluginManager: Mounting plugin PluginBrowser
LogPluginManager: Mounting plugin SpeedTreeImporter
LogPluginManager: Mounting plugin DatasmithContent
LogPluginManager: Mounting plugin AlembicImporter
LogPluginManager: Mounting plugin AppleImageUtils
LogPluginManager: Mounting plugin AppleVision
LogPluginManager: Mounting plugin BackChannel
LogPluginManager: Mounting plugin CharacterAI
LogPluginManager: Mounting plugin GeometryCache
LogPluginManager: Mounting plugin HTML5Networking
LogPluginManager: Mounting plugin ProxyLODPlugin
LogPluginManager: Mounting plugin MagicLeap
LogPluginManager: Mounting plugin MagicLeapEmulator
LogPluginManager: Mounting plugin MagicLeapMedia
LogPluginManager: Mounting plugin AndroidMedia
LogPluginManager: Mounting plugin AvfMedia
LogPluginManager: Mounting plugin ImgMedia
LogPluginManager: Mounting plugin LinearTimecode
LogPluginManager: Mounting plugin MediaCompositing
LogPluginManager: Mounting plugin MediaPlayerEditor
LogPluginManager: Mounting plugin WmfMedia
LogPluginManager: Mounting plugin TcpMessaging
LogPluginManager: Mounting plugin UdpMessaging
LogPluginManager: Mounting plugin ActorSequence
LogPluginManager: Mounting plugin LevelSequenceEditor
LogPluginManager: Mounting plugin MatineeToLevelSequence
LogPluginManager: Mounting plugin NetcodeUnitTest
LogPluginManager: Mounting plugin NUTUnrealEngine4
LogPluginManager: Mounting plugin OnlineSubsystemGooglePlay
LogPluginManager: Mounting plugin OnlineSubsystemIOS
LogPluginManager: Mounting plugin OnlineSubsystem
LogPluginManager: Mounting plugin OnlineSubsystemNull
LogPluginManager: Mounting plugin OnlineSubsystemUtils
LogPluginManager: Mounting plugin LauncherChunkInstaller
LogPluginManager: Mounting plugin AndroidDeviceProfileSelector
LogPluginManager: Mounting plugin AndroidMoviePlayer
LogPluginManager: Mounting plugin AndroidPermission
LogPluginManager: Mounting plugin AppleMoviePlayer
LogPluginManager: Mounting plugin ArchVisCharacter
LogPluginManager: Mounting plugin AudioCapture
LogPluginManager: Mounting plugin CableComponent
LogPluginManager: Mounting plugin CustomMeshComponent
LogPluginManager: Mounting plugin EditableMesh
LogPluginManager: Mounting plugin ExampleDeviceProfileSelector
LogPluginManager: Mounting plugin GoogleCloudMessaging
LogPluginManager: Mounting plugin ImmediatePhysics
LogPluginManager: Mounting plugin IOSDeviceProfileSelector
LogPluginManager: Mounting plugin LinuxDeviceProfileSelector
LogPluginManager: Mounting plugin LocationServicesBPLibrary
LogPluginManager: Mounting plugin MobilePatchingUtils
LogPluginManager: Mounting plugin OculusVR
LogPluginManager: Plugin shader directory ../../../Engine/Plugins/Runtime/Oculus/OculusVR/Shaders found
LogPluginManager: Mapping shader source directory ../../../Engine/Plugins/Runtime/Oculus/OculusVR/Shaders to virtual directory /Plugin/OculusVR
LogPluginManager: Mounting plugin PhysXVehicles
LogPluginManager: Mounting plugin ProceduralMeshComponent
LogPluginManager: Mounting plugin RuntimePhysXCooking
LogPluginManager: Mounting plugin SteamVR
LogPluginManager: Mounting plugin WindowsMoviePlayer
LogStreaming: Display: Took  0.139s to configure plugins.
LogInit: Using libcurl 7.55.1-DEV
LogInit:  - built for x86_64-pc-win32
LogInit:  - supports SSL with OpenSSL/1.0.2h
LogInit:  - supports HTTP deflate (compression) using libz 1.2.8
LogInit:  - other features:
LogInit:      CURL_VERSION_SSL
LogInit:      CURL_VERSION_LIBZ
LogInit:      CURL_VERSION_IPV6
LogInit:      CURL_VERSION_ASYNCHDNS
LogInit:      CURL_VERSION_LARGEFILE
LogInit:      CURL_VERSION_IDN
LogInit:  CurlRequestOptions (configurable via config and command line):
LogInit:  - bVerifyPeer = false  - Libcurl will NOT verify peer certificate
LogInit:  - bUseHttpProxy = false  - Libcurl will NOT use HTTP proxy
LogInit:  - bDontReuseConnections = false  - Libcurl will reuse connections
LogInit:  - CertBundlePath = nullptr  - Libcurl will use whatever was configured at build time.
LogInit:  - MaxHostConnections = 16  - Libcurl will limit the number of connections to a host
LogInit:  - LocalHostAddr = Default
LogInit:  - BufferSize = 65536
LogInit: WinSock: version 1.1 (2.2), MaxSocks=32767, MaxUdp=65467
LogInit: Build: ++UE4+Release-4.20-CL-4369336
LogInit: Engine Version: 4.20.3-4369336+++UE4+Release-4.20
LogInit: Compatible Engine Version: 4.20.0-4212847+++UE4+Release-4.20
LogInit: Net CL: 4212847
LogInit: OS: Windows 10 (), CPU: AMD FX(tm)-8320 Eight-Core Processor           , GPU: AMD Radeon (TM) R9 380 Series
LogInit: Compiled (64-bit): Sep 17 2018 12:26:19
LogInit: Compiled with Visual C++: 19.13.26129.00
LogInit: Build Configuration: Development
LogInit: Branch Name: ++UE4+Release-4.20
LogInit: Command Line:  -skipcompile
LogInit: Base Directory: C:/Users/blued/Documents/UE_4.20/Engine/Binaries/Win64/
LogInit: Installed Engine Build: 1
LogDevObjectVersion: Number of dev versions registered: 20
LogDevObjectVersion:   Dev-Blueprints (B0D832E4-1F89-4F0D-ACCF-7EB736FD4AA2): 10
LogDevObjectVersion:   Dev-Build (E1C64328-A22C-4D53-A36C-8E866417BD8C): 0
LogDevObjectVersion:   Dev-Core (375EC13C-06E4-48FB-B500-84F0262A717E): 2
LogDevObjectVersion:   Dev-Editor (E4B068ED-F494-42E9-A231-DA0B2E46BB41): 24
LogDevObjectVersion:   Dev-Framework (CFFC743F-43B0-4480-9391-14DF171D2073): 34
LogDevObjectVersion:   Dev-Mobile (B02B49B5-BB20-44E9-A304-32B752E40360): 2
LogDevObjectVersion:   Dev-Networking (A4E4105C-59A1-49B5-A7C5-40C4547EDFEE): 0
LogDevObjectVersion:   Dev-Online (39C831C9-5AE6-47DC-9A44-9C173E1C8E7C): 0
LogDevObjectVersion:   Dev-Physics (78F01B33-EBEA-4F98-B9B4-84EACCB95AA2): 0
LogDevObjectVersion:   Dev-Platform (6631380F-2D4D-43E0-8009-CF276956A95A): 0
LogDevObjectVersion:   Dev-Rendering (12F88B9F-8875-4AFC-A67C-D90C383ABD29): 26
LogDevObjectVersion:   Dev-Sequencer (7B5AE74C-D270-4C10-A958-57980B212A5A): 9
LogDevObjectVersion:   Dev-VR (D7296918-1DD6-4BDD-9DE2-64A83CC13884): 2
LogDevObjectVersion:   Dev-LoadTimes (C2A15278-BFE7-4AFE-6C17-90FF531DF755): 1
LogDevObjectVersion:   Private-Geometry (6EACA3D4-40EC-4CC1-B786-8BED09428FC5): 3
LogDevObjectVersion:   Dev-AnimPhys (29E575DD-E0A3-4627-9D10-D276232CDCEA): 17
LogDevObjectVersion:   Dev-ReflectionCapture (6B266CEC-1EC7-4B8F-A30B-E4D90942FC07): 1
LogDevObjectVersion:   Dev-Automation (0DF73D61-A23F-47EA-B727-89E90C41499A): 1
LogDevObjectVersion:   FortniteMain (601D1886-AC64-4F84-AA16-D3DE0DEAC7D6): 12
LogDevObjectVersion:   Dev-Enterprise (9DFFBCD6-494F-0158-E221-12823C92A888): 1
LogStreaming: Display: Took  0.004s to delete old logs.
LogInit: Presizing for max 8388607 objects, including 0 objects not considered by GC, pre-allocating 0 bytes for permanent pool.
LogInit: Object subsystem initialized
[2018.12.10-19.17.47:864][  0]LogInit: Selected Device Profile: [Windows]
[2018.12.10-19.17.47:864][  0]LogInit: Applying CVar settings loaded from the selected device profile: [Windows]
[2018.12.10-19.17.47:878][  0]LogHAL: Display: Platform has ~ 16 GB [17071263744 / 17179869184 / 16], which maps to Larger [LargestMinGB=32, LargerMinGB=12, DefaultMinGB=8, SmallerMinGB=6, SmallestMinGB=0)
[2018.12.10-19.17.47:878][  0]LogInit: Setting Device Profile CVar: [[r.Vulkan.UseRealUBs:1]]
[2018.12.10-19.17.47:878][  0]LogInit: Going up to parent DeviceProfile []
[2018.12.10-19.17.47:879][  0]LogInit: Computer: DESKTOP-JAN50R2
[2018.12.10-19.17.47:879][  0]LogInit: User: blued
[2018.12.10-19.17.47:879][  0]LogInit: CPU Page size=4096, Cores=4
[2018.12.10-19.17.47:880][  0]LogInit: High frequency timer resolution =3.429411 MHz
[2018.12.10-19.17.47:880][  0]LogMemory: Memory total: Physical=15.9GB (16GB approx)
[2018.12.10-19.17.47:880][  0]LogMemory: Platform Memory Stats for Windows
[2018.12.10-19.17.47:880][  0]LogMemory: Process Physical Memory: 102.59 MB used, 102.59 MB peak
[2018.12.10-19.17.47:880][  0]LogMemory: Process Virtual Memory: 89.79 MB used, 89.79 MB peak
[2018.12.10-19.17.47:880][  0]LogMemory: Physical Memory: 6262.40 MB used,  10018.02 MB free, 16280.43 MB total
[2018.12.10-19.17.47:880][  0]LogMemory: Virtual Memory: 4643.36 MB used,  10018.02 MB free, 134217728.00 MB total
[2018.12.10-19.17.48:043][  0]LogInit: Using OS detected language (en-US).
[2018.12.10-19.17.48:043][  0]LogInit: Using OS detected locale (en-GB).
[2018.12.10-19.17.48:044][  0]LogTextLocalizationManager: No specific localization for 'en-US' exists, so the 'en' localization will be used.
[2018.12.10-19.17.48:580][  0]LogStreaming: Display: Took  0.537s to InitEngineTextLocalization.
[2018.12.10-19.17.48:580][  0]LogInit: Setting process to per monitor DPI aware
[2018.12.10-19.17.48:707][  0]LogSlate: New Slate User Created.  User Index 0, Is Virtual User: 0
[2018.12.10-19.17.48:707][  0]LogSlate: Slate User Registered.  User Index 0, Is Virtual User: 0
[2018.12.10-19.17.49:698][  0]LogHMD: Failed to initialize OpenVR with code 110
[2018.12.10-19.17.49:698][  0]LogD3D11RHI: D3D11 adapters:
[2018.12.10-19.17.49:779][  0]LogD3D11RHI:    0. 'AMD Radeon (TM) R9 380 Series' (Feature Level 11_0)
[2018.12.10-19.17.49:779][  0]LogD3D11RHI:       4071/0/8140 MB DedicatedVideo/DedicatedSystem/SharedSystem, Outputs:2, VendorId:0x1002
[2018.12.10-19.17.49:788][  0]LogD3D11RHI:    1. 'Microsoft Basic Render Driver' (Feature Level 11_0)
[2018.12.10-19.17.49:788][  0]LogD3D11RHI:       0/0/8140 MB DedicatedVideo/DedicatedSystem/SharedSystem, Outputs:0, VendorId:0x1414
[2018.12.10-19.17.49:788][  0]LogD3D11RHI: Chosen D3D11 Adapter: 0
[2018.12.10-19.17.49:801][  0]LogD3D11RHI: Creating new Direct3DDevice
[2018.12.10-19.17.49:801][  0]LogD3D11RHI:     GPU DeviceId: 0x6938 (for the marketing name, search the web for "GPU Device Id")
[2018.12.10-19.17.49:801][  0]LogWindows: EnumDisplayDevices:
[2018.12.10-19.17.49:802][  0]LogWindows:    0. 'AMD Radeon (TM) R9 380 Series' (P:1 D:1)
[2018.12.10-19.17.49:802][  0]LogWindows:    1. 'AMD Radeon (TM) R9 380 Series' (P:0 D:1)
[2018.12.10-19.17.49:803][  0]LogWindows:    2. 'AMD Radeon (TM) R9 380 Series' (P:0 D:0)
[2018.12.10-19.17.49:804][  0]LogWindows:    3. 'AMD Radeon (TM) R9 380 Series' (P:0 D:0)
[2018.12.10-19.17.49:804][  0]LogWindows:    4. 'AMD Radeon (TM) R9 380 Series' (P:0 D:0)
[2018.12.10-19.17.49:805][  0]LogWindows:    5. 'AMD Radeon (TM) R9 380 Series' (P:0 D:0)
[2018.12.10-19.17.49:805][  0]LogWindows:    6. 'AMD Radeon (TM) R9 380 Series' (P:0 D:0)
[2018.12.10-19.17.49:806][  0]LogWindows:    7. 'AMD Radeon (TM) R9 380 Series' (P:0 D:0)
[2018.12.10-19.17.49:807][  0]LogWindows:    8. 'AMD Radeon (TM) R9 380 Series' (P:0 D:0)
[2018.12.10-19.17.49:808][  0]LogWindows:    9. 'AMD Radeon (TM) R9 380 Series' (P:0 D:0)
[2018.12.10-19.17.49:811][  0]LogWindows:    10. 'AMD Radeon (TM) R9 380 Series' (P:0 D:0)
[2018.12.10-19.17.49:812][  0]LogWindows:    11. 'AMD Radeon (TM) R9 380 Series' (P:0 D:0)
[2018.12.10-19.17.49:813][  0]LogWindows:    12. 'AMD Radeon (TM) R9 380 Series' (P:0 D:0)
[2018.12.10-19.17.49:813][  0]LogWindows:    13. 'AMD Radeon (TM) R9 380 Series' (P:0 D:0)
[2018.12.10-19.17.49:820][  0]LogWindows:    14. 'AMD Radeon (TM) R9 380 Series' (P:0 D:0)
[2018.12.10-19.17.49:823][  0]LogWindows:    15. 'AMD Radeon (TM) R9 380 Series' (P:0 D:0)
[2018.12.10-19.17.49:824][  0]LogWindows: DebugString: FoundDriverCount:16 
[2018.12.10-19.17.49:824][  0]LogD3D11RHI:     Adapter Name: AMD Radeon (TM) R9 380 Series
[2018.12.10-19.17.49:824][  0]LogD3D11RHI:   Driver Version: Adrenalin 18.10.2 (internal:25.20.14007.1000, unified:25.20.14007.1000)
[2018.12.10-19.17.49:824][  0]LogD3D11RHI:      Driver Date: 10-19-2018
[2018.12.10-19.17.49:824][  0]LogRHI: Texture pool is 2850 MB (70% of 4071 MB)
[2018.12.10-19.17.50:011][  0]LogD3D11RHI: Async texture creation enabled
[2018.12.10-19.17.50:024][  0]LogD3D11RHI: GPU Timing Frequency: 27.000000 (Debug: 2 1)
[2018.12.10-19.17.50:026][  0]LogShaderCompilers: Guid format shader working directory is 9 characters bigger than the processId version (D:/GitHub/TGP_PairProject/TGP_Project/Intermediate/Shaders/WorkingDirectory/9388/).
[2018.12.10-19.17.50:027][  0]LogShaderCompilers: Cleaned the shader compiler working directory 'C:/Users/blued/AppData/Local/Temp/UnrealShaderWorkingDir/A452868C4F1A3FE929B505BB95162DCD/'.
[2018.12.10-19.17.50:399][  0]LogTemp: Display: Loaded TP AllDesktopTargetPlatform
[2018.12.10-19.17.50:425][  0]LogTemp: Display: Loaded TP MacClientTargetPlatform
[2018.12.10-19.17.50:452][  0]LogTemp: Display: Loaded TP MacNoEditorTargetPlatform
[2018.12.10-19.17.50:477][  0]LogTemp: Display: Loaded TP MacServerTargetPlatform
[2018.12.10-19.17.50:502][  0]LogTemp: Display: Loaded TP MacTargetPlatform
[2018.12.10-19.17.50:527][  0]LogTemp: Display: Loaded TP WindowsClientTargetPlatform
[2018.12.10-19.17.50:551][  0]LogTemp: Display: Loaded TP WindowsNoEditorTargetPlatform
[2018.12.10-19.17.50:576][  0]LogTemp: Display: Loaded TP WindowsServerTargetPlatform
[2018.12.10-19.17.50:588][  0]LogTemp: Display: Loaded TP WindowsTargetPlatform
[2018.12.10-19.17.50:722][  0]LogTemp: Display: Loaded TP AndroidTargetPlatform
[2018.12.10-19.17.50:723][  0]LogTemp: Display: Loaded TP AndroidTargetPlatform
[2018.12.10-19.17.50:723][  0]LogTemp: Display: Loaded TP AndroidTargetPlatform
[2018.12.10-19.17.50:723][  0]LogTemp: Display: Loaded TP AndroidTargetPlatform
[2018.12.10-19.17.50:723][  0]LogTemp: Display: Loaded TP AndroidTargetPlatform
[2018.12.10-19.17.50:723][  0]LogTemp: Display: Loaded TP AndroidTargetPlatform
[2018.12.10-19.17.50:723][  0]LogTemp: Display: Loaded TP AndroidTargetPlatform
[2018.12.10-19.17.50:723][  0]LogTemp: Display: Loaded TP AndroidTargetPlatform
[2018.12.10-19.17.50:723][  0]LogTemp: Display: Loaded TP AndroidTargetPlatform
[2018.12.10-19.17.50:723][  0]LogTemp: Display: Loaded TP AndroidTargetPlatform
[2018.12.10-19.17.50:723][  0]LogTemp: Display: Loaded TP AndroidTargetPlatform
[2018.12.10-19.17.50:723][  0]LogTemp: Display: Loaded TP AndroidTargetPlatform
[2018.12.10-19.17.50:724][  0]LogTemp: Display: Loaded TP AndroidTargetPlatform
[2018.12.10-19.17.50:724][  0]LogTemp: Display: Loaded TP AndroidTargetPlatform
[2018.12.10-19.17.50:724][  0]LogTemp: Display: Loaded TP AndroidTargetPlatform
[2018.12.10-19.17.50:724][  0]LogTemp: Display: Loaded TP AndroidTargetPlatform
[2018.12.10-19.17.50:724][  0]LogTemp: Display: Loaded TP AndroidTargetPlatform
[2018.12.10-19.17.50:724][  0]LogTemp: Display: Loaded TP AndroidTargetPlatform
[2018.12.10-19.17.50:729][  0]LogTemp: Display: Loaded TP HTML5TargetPlatform
[2018.12.10-19.17.50:821][  0]LogTemp: Display: Loaded TP IOSTargetPlatform
[2018.12.10-19.17.50:821][  0]LogTemp: Display: Loaded TP IOSTargetPlatform
[2018.12.10-19.17.50:869][  0]LogTemp: Display: Loaded TP TVOSTargetPlatform
[2018.12.10-19.17.50:869][  0]LogTemp: Display: Loaded TP TVOSTargetPlatform
[2018.12.10-19.17.50:895][  0]LogTemp: Display: Loaded TP LinuxClientTargetPlatform
[2018.12.10-19.17.50:919][  0]LogTemp: Display: Loaded TP LinuxNoEditorTargetPlatform
[2018.12.10-19.17.50:942][  0]LogTemp: Display: Loaded TP LinuxServerTargetPlatform
[2018.12.10-19.17.50:969][  0]LogTemp: Display: Loaded TP LinuxTargetPlatform
[2018.12.10-19.17.50:986][  0]LogTemp: Display: Loaded TP LuminTargetPlatform
[2018.12.10-19.17.50:987][  0]LogTargetPlatformManager: Display: Building Assets For Windows
[2018.12.10-19.17.51:142][  0]LogXGEController: Cleaning working directory: C:/Users/blued/AppData/Local/Temp/UnrealXGEWorkingDir/
[2018.12.10-19.17.51:143][  0]LogXGEController: Cannot use XGE Controller as Incredibuild is not installed on this machine.
[2018.12.10-19.17.51:143][  0]LogShaderCompilers: Cannot use XGE Shader Compiler as Incredibuild is not installed on this machine.
[2018.12.10-19.17.51:143][  0]LogShaderCompilers: Display: Using Local Shader Compiler.
[2018.12.10-19.17.52:446][  0]LogDerivedDataCache: Display: Max Cache Size: 512 MB
[2018.12.10-19.17.52:530][  0]LogDerivedDataCache: Loaded boot cache 0.08s 71MB C:/Users/blued/AppData/Local/UnrealEngine/4.20/DerivedDataCache/Boot.ddc.
[2018.12.10-19.17.52:531][  0]LogDerivedDataCache: Display: Loaded Boot cache: C:/Users/blued/AppData/Local/UnrealEngine/4.20/DerivedDataCache/Boot.ddc
[2018.12.10-19.17.52:531][  0]LogDerivedDataCache: FDerivedDataBackendGraph:  Pak pak cache file D:/GitHub/TGP_PairProject/TGP_Project/DerivedDataCache/DDC.ddp not found, will not use a pak cache.
[2018.12.10-19.17.52:531][  0]LogDerivedDataCache: Unable to find inner node Pak for hierarchical cache Hierarchy.
[2018.12.10-19.17.52:531][  0]LogDerivedDataCache: FDerivedDataBackendGraph:  CompressedPak pak cache file D:/GitHub/TGP_PairProject/TGP_Project/DerivedDataCache/Compressed.ddp not found, will not use a pak cache.
[2018.12.10-19.17.52:531][  0]LogDerivedDataCache: Unable to find inner node CompressedPak for hierarchical cache Hierarchy.
[2018.12.10-19.17.52:547][  0]LogDerivedDataCache: Display: Pak cache opened for reading ../../../Engine/DerivedDataCache/Compressed.ddp.
[2018.12.10-19.17.52:561][  0]LogDerivedDataCache: Using Local data cache path C:/Users/blued/AppData/Local/UnrealEngine/Common/DerivedDataCache: Writable
[2018.12.10-19.17.52:561][  0]LogDerivedDataCache: Shared data cache path not found in *engine.ini, will not use an Shared cache.
[2018.12.10-19.17.52:561][  0]LogDerivedDataCache: Unable to find inner node Shared for hierarchical cache Hierarchy.
[2018.12.10-19.17.52:590][  0]LogMaterial: Verifying Global Shaders for PCD3D_SM5
[2018.12.10-19.17.52:591][  0]LogSlate: Using FreeType 2.6.0
[2018.12.10-19.17.52:595][  0]LogSlate: SlateFontServices - WITH_FREETYPE: 1, WITH_HARFBUZZ: 1
[2018.12.10-19.17.52:797][  0]LogAssetRegistry: FAssetRegistry took 0.0310 seconds to start up
[2018.12.10-19.17.53:388][  0]LogInit: Selected Device Profile: [Windows]
[2018.12.10-19.17.53:618][  0]LogSimplygon: Simplygon DLL not present - disabling.
[2018.12.10-19.17.53:630][  0]LogMeshReduction: Using SimplygonSwarm for distributed automatic mesh merging
[2018.12.10-19.17.53:630][  0]LogMeshReduction: Using ProxyLODMeshReduction for automatic mesh merging
[2018.12.10-19.17.53:630][  0]LogMeshReduction: Using QuadricMeshReduction for automatic static mesh reduction
[2018.12.10-19.17.53:631][  0]LogMeshReduction: No automatic skeletal mesh reduction module available
[2018.12.10-19.17.53:700][  0]LogNetVersion: TGP_Project 1.0.0, NetCL: 4212847, EngineNetVer: 5, GameNetVer: 0 (Checksum: 95638710)
[2018.12.10-19.17.54:464][  0]LogPackageLocalizationCache: Processed 11 localized package path(s) for 2 prioritized culture(s) in 0.119873 seconds
[2018.12.10-19.17.54:474][  0]LogUObjectArray: 38425 objects as part of root set at end of initial load.
[2018.12.10-19.17.54:474][  0]LogUObjectAllocator: 6690864 out of 0 bytes used by permanent object pool.
[2018.12.10-19.17.54:474][  0]LogUObjectArray: CloseDisregardForGC: 0/0 objects in disregard for GC pool
[2018.12.10-19.17.57:065][  0]LogTcpMessaging: Initializing TcpMessaging bridge
[2018.12.10-19.17.57:083][  0]LogUdpMessaging: Initializing bridge on interface 0.0.0.0:0 to multicast group 230.0.0.1:6666.
[2018.12.10-19.17.57:353][  0]SourceControl: Source control is disabled
[2018.12.10-19.17.57:353][  0]SourceControl: Source control is disabled
[2018.12.10-19.17.57:358][  0]SourceControl: Source control is disabled
[2018.12.10-19.17.57:362][  0]SourceControl: Source control is disabled
[2018.12.10-19.17.57:681][  0]LogAndroidPermission: UAndroidPermissionCallbackProxy::GetInstance
[2018.12.10-19.17.57:834][  0]LogOcInput: OculusInput pre-init called
[2018.12.10-19.17.57:930][  0]LogEngine: Initializing Engine...
[2018.12.10-19.17.57:931][  0]LogHMD: Failed to initialize OpenVR with code 110
[2018.12.10-19.17.57:934][  0]LogStats: UGameplayTagsManager::ConstructGameplayTagTree: ImportINI prefixes -  0.000 s
[2018.12.10-19.17.57:934][  0]LogStats: UGameplayTagsManager::ConstructGameplayTagTree: Construct from data asset -  0.000 s
[2018.12.10-19.17.57:934][  0]LogStats: UGameplayTagsManager::ConstructGameplayTagTree: ImportINI -  0.000 s
[2018.12.10-19.17.57:934][  0]LogStats: UGameplayTagsManager::ConstructGameplayTagTree: GameplayTagTreeChangedEvent.Broadcast -  0.000 s
[2018.12.10-19.17.58:228][  0]LogInit: Initializing FReadOnlyCVARCache
[2018.12.10-19.17.58:249][  0]LogAIModule: Creating AISystem for world Untitled
[2018.12.10-19.17.58:292][  0]LogInit: XAudio2 using 'Headphones (4- Turtle Beach Recon 60P)' : 2 channels at 48 kHz using 16 bits per sample (channel mask 0x3)
[2018.12.10-19.17.58:317][  0]LogInit: FAudioDevice initialized.
[2018.12.10-19.17.58:318][  0]LogNetVersion: Set ProjectVersion to 1.0.0.0. Version Checksum will be recalculated on next use.
[2018.12.10-19.17.59:048][  0]LogDerivedDataCache: Saved boot cache 0.73s 71MB C:/Users/blued/AppData/Local/UnrealEngine/4.20/DerivedDataCache/Boot.ddc.
[2018.12.10-19.17.59:049][  0]LogInit: Texture streaming: Enabled
[2018.12.10-19.17.59:086][  0]LogEngineSessionManager: EngineSessionManager initialized
[2018.12.10-19.17.59:100][  0]LogInit: Transaction tracking system initialized
[2018.12.10-19.17.59:142][  0]BlueprintLog: New page: Editor Load
[2018.12.10-19.17.59:315][  0]LocalizationService: Localization service is disabled
[2018.12.10-19.17.59:739][  0]LogCook: Display: Max memory allowance for cook 16384mb min free memory 0mb
[2018.12.10-19.17.59:740][  0]LogCook: Display: Mobile HDR setting 1
[2018.12.10-19.17.59:740][  0]LogGameplayTags: Display: UGameplayTagsManager::DoneAddingNativeTags. DelegateIsBound: 0
[2018.12.10-19.17.59:740][  0]LogStats: UGameplayTagsManager::ConstructGameplayTagTree: ImportINI prefixes -  0.000 s
[2018.12.10-19.17.59:740][  0]LogStats: UGameplayTagsManager::ConstructGameplayTagTree: Construct from data asset -  0.000 s
[2018.12.10-19.17.59:741][  0]LogStats: UGameplayTagsManager::ConstructGameplayTagTree: ImportINI -  0.000 s
[2018.12.10-19.17.59:741][  0]LogStats: UGameplayTagsManager::ConstructGameplayTagTree: GameplayTagTreeChangedEvent.Broadcast -  0.000 s
[2018.12.10-19.18.00:020][  0]LogFileCache: Scanning file cache for directory 'D:/GitHub/TGP_PairProject/TGP_Project/Content/' took 0.02s
[2018.12.10-19.18.00:020][  0]SourceControl: Source control is disabled
[2018.12.10-19.18.00:021][  0]Cmd: MAP LOAD FILE="D:/GitHub/TGP_PairProject/TGP_Project/Content/Levels/BaseLevel.umap" TEMPLATE=0 SHOWPROGRESS=1 FEATURELEVEL=3
[2018.12.10-19.18.00:021][  0]LightingResults: New page: Lighting Build
[2018.12.10-19.18.00:024][  0]MapCheck: New page: Map Check
[2018.12.10-19.18.00:024][  0]LightingResults: New page: Lighting Build
[2018.12.10-19.18.00:317][  0]LogAIModule: Creating AISystem for world BaseLevel
[2018.12.10-19.18.00:327][  0]LogEditorServer: Finished looking for orphan Actors (0.000 secs)
[2018.12.10-19.18.00:450][  0]Cmd: MAP CHECKDEP NOCLEARLOG
[2018.12.10-19.18.00:659][  0]MapCheck: Map check complete: 0 Error(s), 0 Warning(s), took 208.312ms to complete.
[2018.12.10-19.18.00:659][  0]LogFileHelpers: Loading map 'BaseLevel' took 0.638
[2018.12.10-19.18.00:944][  0]LogSlate: Updating window title bar state: overlay mode, drag disabled, window buttons hidden, title bar hidden
[2018.12.10-19.18.00:962][  0]LogSlate: Updating window title bar state: overlay mode, drag disabled, window buttons hidden, title bar hidden
[2018.12.10-19.18.00:975][  0]LogSlate: Updating window title bar state: overlay mode, drag disabled, window buttons hidden, title bar hidden
[2018.12.10-19.18.00:987][  0]LogSlate: Updating window title bar state: overlay mode, drag disabled, window buttons hidden, title bar hidden
[2018.12.10-19.18.00:998][  0]LogCollectionManager: Loaded 0 collections in 0.001224 seconds
[2018.12.10-19.18.01:095][  0]LogFileCache: Scanning file cache for directory 'D:/GitHub/TGP_PairProject/TGP_Project/Saved/Collections/' took 0.01s
[2018.12.10-19.18.01:096][  0]LogFileCache: Scanning file cache for directory 'D:/GitHub/TGP_PairProject/TGP_Project/Content/Developers/blued/Collections/' took 0.01s
[2018.12.10-19.18.01:096][  0]LogFileCache: Scanning file cache for directory 'D:/GitHub/TGP_PairProject/TGP_Project/Content/Collections/' took 0.01s
[2018.12.10-19.18.01:096][  0]LogCollectionManager: Rebuilt the GUID cache for 0 collections in 0.000001 seconds
[2018.12.10-19.18.01:114][  0]LogContentBrowser: Native class hierarchy populated in 0.0176 seconds. Added 2585 classes and 606 folders.
[2018.12.10-19.18.01:123][  0]LogContentBrowser: Native class hierarchy updated for 'WidgetCarousel' in 0.0004 seconds. Added 0 classes and 0 folders.
[2018.12.10-19.18.01:239][  0]LogContentBrowser: Native class hierarchy updated for 'AddContentDialog' in 0.0004 seconds. Added 0 classes and 0 folders.
[2018.12.10-19.18.01:251][  0]LogContentBrowser: Native class hierarchy updated for 'SceneOutliner' in 0.0005 seconds. Added 1 classes and 2 folders.
[2018.12.10-19.18.01:336][  0]LogSlate: Took 0.001304 seconds to synchronously load lazily loaded font '../../../Engine/Content/Slate/Fonts/Roboto-Regular.ttf' (155K)
[2018.12.10-19.18.01:341][  0]LogSlate: Took 0.001073 seconds to synchronously load lazily loaded font '../../../Engine/Content/Slate/Fonts/Roboto-Bold.ttf' (160K)
[2018.12.10-19.18.01:351][  0]LogSlate: Took 0.000921 seconds to synchronously load lazily loaded font '../../../Engine/Content/Editor/Slate/Fonts/FontAwesome.ttf' (139K)
[2018.12.10-19.18.01:481][  0]LogRenderer: Reallocating scene render targets to support 1208x552 Format 10 NumSamples 1 (Frame:1).
[2018.12.10-19.18.01:573][  0]LogSlate: Took 0.001244 seconds to synchronously load lazily loaded font '../../../Engine/Content/Slate/Fonts/Roboto-Light.ttf' (167K)
[2018.12.10-19.18.01:684][  0]LogContentBrowser: Native class hierarchy updated for 'HierarchicalLODOutliner' in 0.0004 seconds. Added 0 classes and 0 folders.
[2018.12.10-19.18.01:685][  0]LogLoad: (Engine Initialization) Total time: 16.32 seconds
[2018.12.10-19.18.01:685][  0]LogLoad: (Engine Initialization) Total Blueprint compile time: 0.00 seconds
[2018.12.10-19.18.01:750][  0]LogContentStreaming: Texture pool size now 1000 MB
[2018.12.10-19.18.01:857][  2]LogAssetRegistry: Asset discovery search completed in 9.0840 seconds
[2018.12.10-19.18.01:859][  2]LogCollectionManager: Rebuilt the object cache for 0 collections in 0.000000 seconds (found 0 objects)
[2018.12.10-19.18.01:860][  2]LogCollectionManager: Fixed up redirectors for 0 collections in 0.000238 seconds (updated 0 objects)
[2018.12.10-19.18.04:934][367]LogEditorViewport: Clicking on Actor (LMB): StaticMeshActor (Floor)
[2018.12.10-19.18.05:555][429]LogEditorViewport: Clicking on Actor (LMB): BP_Bodyguard_C (BP_Bodyguard)
[2018.12.10-19.18.11:283][ 30]LogSlate: FSceneViewport::OnFocusLost() reason 0
[2018.12.10-19.18.12:547][158]LogSlate: Took 0.000423 seconds to synchronously load lazily loaded font '../../../Engine/Content/Slate/Fonts/Roboto-Light.ttf' (167K)
[2018.12.10-19.18.12:557][158]LogAssetEditorManager: Opening Asset editor for Blueprint /Game/Blueprints/BP_Bodyguard.BP_Bodyguard
[2018.12.10-19.18.13:413][158]LogContentBrowser: Native class hierarchy updated for 'BlueprintGraph' in 0.0011 seconds. Added 116 classes and 0 folders.
[2018.12.10-19.18.20:120][549]LogSlate: Window 'BP_Bodyguard' being destroyed
[2018.12.10-19.18.20:255][549]LogAssetEditorManager: Opening Asset editor for Blueprint /Game/Blueprints/BP_Bodyguard.BP_Bodyguard
[2018.12.10-19.18.20:776][549]LogSlate: Took 0.001061 seconds to synchronously load lazily loaded font '../../../Engine/Content/Slate/Fonts/Roboto-BoldCondensed.ttf' (158K)
[2018.12.10-19.18.26:518][930]LogSlate: Took 0.001060 seconds to synchronously load lazily loaded font '../../../Engine/Content/Slate/Fonts/Roboto-Italic.ttf' (157K)
[2018.12.10-19.18.35:399][530]LogSlate: Window 'BP_Bodyguard' being destroyed
[2018.12.10-19.18.35:407][530]LogSlate: Window 'BP_Bodyguard' being destroyed
[2018.12.10-19.18.36:605][630]Cmd: OBJ SAVEPACKAGE PACKAGE="/Game/Levels/BaseLevel" FILE="D:/GitHub/TGP_PairProject/TGP_Project/Content/Levels/BaseLevel.umap" SILENT=true AUTOSAVING=false KEEPDIRTY=false
[2018.12.10-19.18.36:799][630]LogSavePackage: Moving 'D:/GitHub/TGP_PairProject/TGP_Project/Saved/BaseLevelBE54522B48A7DDE0FF6DB39E438FF524.tmp' to 'D:/GitHub/TGP_PairProject/TGP_Project/Content/Levels/BaseLevel.umap'
[2018.12.10-19.18.36:841][630]Cmd: OBJ SAVEPACKAGE PACKAGE="/Game/Levels/BaseLevel_BuiltData" FILE="D:/GitHub/TGP_PairProject/TGP_Project/Content/Levels/BaseLevel_BuiltData.uasset" SILENT=true
[2018.12.10-19.18.36:868][630]LogSavePackage: Moving 'D:/GitHub/TGP_PairProject/TGP_Project/Saved/BaseLevel_BuiltData08E27C63487CBAD594906587E611ECC5.tmp' to 'D:/GitHub/TGP_PairProject/TGP_Project/Content/Levels/BaseLevel_BuiltData.uasset'
[2018.12.10-19.18.39:141][861]LogTemp: Repeating last play command: Selected Viewport
[2018.12.10-19.18.39:167][861]LogPlayLevel: PlayLevel: No blueprints needed recompiling
[2018.12.10-19.18.39:183][861]PIE: New page: PIE session: BaseLevel (10 Dec 2018 19:18:39)
[2018.12.10-19.18.39:183][861]LogPlayLevel: Creating play world package: /Game/Levels/UEDPIE_0_BaseLevel
[2018.12.10-19.18.39:188][861]LogPlayLevel: PIE: StaticDuplicateObject took: (0.004402s)
[2018.12.10-19.18.39:188][861]LogAIModule: Creating AISystem for world BaseLevel
[2018.12.10-19.18.39:189][861]LogPlayLevel: PIE: World Init took: (0.001050s)
[2018.12.10-19.18.39:189][861]LogPlayLevel: PIE: Created PIE world by copying editor world from /Game/Levels/BaseLevel.BaseLevel to /Game/Levels/UEDPIE_0_BaseLevel.BaseLevel (0.005968s)
[2018.12.10-19.18.39:340][861]LogInit: XAudio2 using 'Headphones (4- Turtle Beach Recon 60P)' : 2 channels at 48 kHz using 16 bits per sample (channel mask 0x3)
[2018.12.10-19.18.39:355][861]LogInit: FAudioDevice initialized.
[2018.12.10-19.18.39:407][861]LogLoad: Game class is 'GM_GAME_C'
[2018.12.10-19.18.39:410][861]LogWorld: Bringing World /Game/Levels/UEDPIE_0_BaseLevel.BaseLevel up for play (max tick rate 0) at 2018.12.10-19.18.39
[2018.12.10-19.18.39:411][861]LogWorld: Bringing up level for play took: 0.001876
[2018.12.10-19.18.39:430][861]LogContentBrowser: Native class hierarchy updated for 'MovieSceneCapture' in 0.0005 seconds. Added 10 classes and 0 folders.
[2018.12.10-19.18.39:431][861]PIE: Play in editor start time for /Game/Levels/UEDPIE_0_BaseLevel -0.621
[2018.12.10-19.18.44:032][342]LogEditorViewport: Clicking on Actor (LMB): PlayerCharacter_C (PlayerCharacter)
[2018.12.10-19.19.03:039][860]LogEditorViewport: Clicking Background
[2018.12.10-19.19.04:930][ 49]LogEditorViewport: Clicking on Actor (LMB): PlayerCharacter_C (PlayerCharacter)
[2018.12.10-19.19.05:742][ 94]LogBlueprintUserMessages: [EntranceToRestictedArea_2] yeet
[2018.12.10-19.19.05:830][102]LogBlueprintUserMessages: [EntranceToRestictedArea_2] yeet
[2018.12.10-19.19.07:213][211]LogEditorViewport: Clicking Background
[2018.12.10-19.19.10:438][559]LogSlate: FSceneViewport::OnFocusLost() reason 0
[2018.12.10-19.19.26:241][981]LogSlate: FSceneViewport::OnFocusLost() reason 0
[2018.12.10-19.19.29:469][277]LogEditorViewport: Clicking on Actor (LMB): StaticMeshActor (Floor)
[2018.12.10-19.19.32:555][549]LogSlate: FSceneViewport::OnFocusLost() reason 0
[2018.12.10-19.19.36:791][820]LogEditorViewport: Clicking on Actor (LMB): PlayerCharacter_C (PlayerCharacter)
[2018.12.10-19.19.37:962][891]LogEditorViewport: Clicking on Actor (LMB): BP_Bodyguard_C (BP_Bodyguard)
[2018.12.10-19.19.40:163][ 58]LogSlate: FSceneViewport::OnFocusLost() reason 0
[2018.12.10-19.19.42:663][260]LogEditorViewport: Clicking on Actor (LMB): PlayerCharacter_C (PlayerCharacter)
[2018.12.10-19.19.49:713][847]LogSlate: FSceneViewport::OnFocusLost() reason 0
[2018.12.10-19.19.56:393][462]LogSlate: Updating window title bar state: overlay mode, drag disabled, window buttons hidden, title bar hidden
[2018.12.10-19.19.56:436][462]LogPlayLevel: Display: Shutting down PIE online subsystems
[2018.12.10-19.19.56:563][462]LogSlate: Updating window title bar state: overlay mode, drag disabled, window buttons hidden, title bar hidden
[2018.12.10-19.19.56:583][463]LogPlayLevel: Display: Destroying online subsystem :Context_6
[2018.12.10-19.19.57:611][586]LogEditorViewport: Clicking on Actor (LMB): StaticMeshActor (Floor)
[2018.12.10-19.19.58:301][657]LogEditorViewport: Clicking on Actor (LMB): BP_Bodyguard_C (BP_Bodyguard)
[2018.12.10-19.20.00:094][822]LogSlate: FSceneViewport::OnFocusLost() reason 0
[2018.12.10-19.20.05:613][365]LogTemp: Repeating last play command: Selected Viewport
[2018.12.10-19.20.05:635][365]LogPlayLevel: PlayLevel: No blueprints needed recompiling
[2018.12.10-19.20.05:636][365]PIE: New page: PIE session: BaseLevel (10 Dec 2018 19:20:05)
[2018.12.10-19.20.05:636][365]LogPlayLevel: Creating play world package: /Game/Levels/UEDPIE_0_BaseLevel
[2018.12.10-19.20.05:640][365]LogPlayLevel: PIE: StaticDuplicateObject took: (0.004162s)
[2018.12.10-19.20.05:641][365]LogAIModule: Creating AISystem for world BaseLevel
[2018.12.10-19.20.05:641][365]LogPlayLevel: PIE: World Init took: (0.001025s)
[2018.12.10-19.20.05:642][365]LogPlayLevel: PIE: Created PIE world by copying editor world from /Game/Levels/BaseLevel.BaseLevel to /Game/Levels/UEDPIE_0_BaseLevel.BaseLevel (0.005810s)
[2018.12.10-19.20.05:783][365]LogInit: XAudio2 using 'Headphones (4- Turtle Beach Recon 60P)' : 2 channels at 48 kHz using 16 bits per sample (channel mask 0x3)
[2018.12.10-19.20.05:798][365]LogInit: FAudioDevice initialized.
[2018.12.10-19.20.05:838][365]LogLoad: Game class is 'GM_GAME_C'
[2018.12.10-19.20.05:840][365]LogWorld: Bringing World /Game/Levels/UEDPIE_0_BaseLevel.BaseLevel up for play (max tick rate 0) at 2018.12.10-19.20.05
[2018.12.10-19.20.05:840][365]LogWorld: Bringing up level for play took: 0.001481
[2018.12.10-19.20.05:856][365]PIE: Play in editor start time for /Game/Levels/UEDPIE_0_BaseLevel -0.196
[2018.12.10-19.20.06:417][430]LogSlate: Updating window title bar state: overlay mode, drag disabled, window buttons hidden, title bar hidden
[2018.12.10-19.20.06:457][430]LogPlayLevel: Display: Shutting down PIE online subsystems
[2018.12.10-19.20.06:590][430]LogSlate: Updating window title bar state: overlay mode, drag disabled, window buttons hidden, title bar hidden
[2018.12.10-19.20.06:612][431]LogPlayLevel: Display: Destroying online subsystem :Context_7
[2018.12.10-19.20.16:479][581]LogSlate: FSceneViewport::OnFocusLost() reason 0
[2018.12.10-19.20.25:817][644]LogSlate: FSceneViewport::OnFocusLost() reason 0
[2018.12.10-19.20.29:747][ 92]LogEditorViewport: Clicking on Actor (LMB): PlayerStart (Player Start)
[2018.12.10-19.20.34:703][662]LogEditorViewport: Clicking on Actor (LMB): TargetPoint (TargetPoint)
[2018.12.10-19.20.41:034][383]LogSlate: FSceneViewport::OnFocusLost() reason 0
[2018.12.10-19.20.49:604][181]LogTemp: Repeating last play command: Selected Viewport
[2018.12.10-19.20.49:630][181]LogPlayLevel: PlayLevel: No blueprints needed recompiling
[2018.12.10-19.20.49:630][181]PIE: New page: PIE session: BaseLevel (10 Dec 2018 19:20:49)
[2018.12.10-19.20.49:631][181]LogPlayLevel: Creating play world package: /Game/Levels/UEDPIE_0_BaseLevel
[2018.12.10-19.20.49:635][181]LogPlayLevel: PIE: StaticDuplicateObject took: (0.004484s)
[2018.12.10-19.20.49:636][181]LogAIModule: Creating AISystem for world BaseLevel
[2018.12.10-19.20.49:637][181]LogPlayLevel: PIE: World Init took: (0.001035s)
[2018.12.10-19.20.49:637][181]LogPlayLevel: PIE: Created PIE world by copying editor world from /Game/Levels/BaseLevel.BaseLevel to /Game/Levels/UEDPIE_0_BaseLevel.BaseLevel (0.006150s)
[2018.12.10-19.20.49:782][181]LogInit: XAudio2 using 'Headphones (4- Turtle Beach Recon 60P)' : 2 channels at 48 kHz using 16 bits per sample (channel mask 0x3)
[2018.12.10-19.20.49:797][181]LogInit: FAudioDevice initialized.
[2018.12.10-19.20.49:834][181]LogLoad: Game class is 'GM_GAME_C'
[2018.12.10-19.20.49:836][181]LogWorld: Bringing World /Game/Levels/UEDPIE_0_BaseLevel.BaseLevel up for play (max tick rate 0) at 2018.12.10-19.20.49
[2018.12.10-19.20.49:836][181]LogWorld: Bringing up level for play took: 0.001377
[2018.12.10-19.20.49:852][181]PIE: Play in editor start time for /Game/Levels/UEDPIE_0_BaseLevel -0.2
[2018.12.10-19.20.57:782][ 14]LogEditorViewport: Clicking on Actor (LMB): PlayerCharacter_C (PlayerCharacter)
[2018.12.10-19.21.05:593][589]LogEditorViewport: Clicking on Actor (LMB): BP_Bodyguard_C (BP_Bodyguard)
[2018.12.10-19.21.12:713][178]LogSlate: FSceneViewport::OnFocusLost() reason 0
[2018.12.10-19.21.38:477][782]LogSlate: Updating window title bar state: overlay mode, drag disabled, window buttons hidden, title bar hidden
[2018.12.10-19.21.38:517][782]LogPlayLevel: Display: Shutting down PIE online subsystems
[2018.12.10-19.21.38:647][782]LogSlate: Updating window title bar state: overlay mode, drag disabled, window buttons hidden, title bar hidden
[2018.12.10-19.21.38:668][783]LogPlayLevel: Display: Destroying online subsystem :Context_8
[2018.12.10-19.21.40:160][950]Cmd: OBJ SAVEPACKAGE PACKAGE="/Game/Levels/BaseLevel" FILE="D:/GitHub/TGP_PairProject/TGP_Project/Content/Levels/BaseLevel.umap" SILENT=true AUTOSAVING=false KEEPDIRTY=false
[2018.12.10-19.21.40:341][950]LogSavePackage: Moving 'D:/GitHub/TGP_PairProject/TGP_Project/Saved/BaseLevelCFA161FA40149F24642539AB890B81C4.tmp' to 'D:/GitHub/TGP_PairProject/TGP_Project/Content/Levels/BaseLevel.umap'
[2018.12.10-19.21.40:387][950]Cmd: OBJ SAVEPACKAGE PACKAGE="/Game/Levels/BaseLevel_BuiltData" FILE="D:/GitHub/TGP_PairProject/TGP_Project/Content/Levels/BaseLevel_BuiltData.uasset" SILENT=true
[2018.12.10-19.21.40:411][950]LogSavePackage: Moving 'D:/GitHub/TGP_PairProject/TGP_Project/Saved/BaseLevel_BuiltData5687F2B241137C43A0AE3FBCD78E85BB.tmp' to 'D:/GitHub/TGP_PairProject/TGP_Project/Content/Levels/BaseLevel_BuiltData.uasset'
[2018.12.10-19.21.42:404][176]Candidate modules for hot reload:
[2018.12.10-19.21.42:404][176]  TGP_Project
[2018.12.10-19.21.42:405][176]Launching UnrealBuildTool... [C:/Users/blued/Documents/UE_4.20/Engine/Binaries/DotNET/UnrealBuildTool.exe  -ModuleWithSuffix=TGP_Project,1419 Win64 Development -TargetType=Editor -Project="D:/GitHub/TGP_PairProject/TGP_Project/TGP_Project.uproject" -canskiplink "D:/GitHub/TGP_PairProject/TGP_Project/TGP_Project.uproject" ]
[2018.12.10-19.21.42:409][176]Warning: Starting HotReload took  0.1s.
[2018.12.10-19.21.49:457][  4]CompilerResultsLog: New page: Compilation - 10 Dec 2018 19:21:49
[2018.12.10-19.21.49:458][  4]CompilerResultsLog: Using 'git status' to determine working set for adaptive non-unity build.
[2018.12.10-19.21.49:458][  4]CompilerResultsLog: Compiling game modules for hot reload
[2018.12.10-19.21.49:458][  4]CompilerResultsLog: Building 3 actions with 8 processes...
[2018.12.10-19.21.49:458][  4]CompilerResultsLog:   [1/3] BodyGuardAI.cpp
[2018.12.10-19.21.49:458][  4]CompilerResultsLog:   [2/3] UE4Editor-TGP_Project-1419.lib
[2018.12.10-19.21.49:458][  4]CompilerResultsLog:      Creating library D:\GitHub\TGP_PairProject\TGP_Project\Intermediate\Build\Win64\UE4Editor\Development\TGP_Project\UE4Editor-TGP_Project-1419.lib and object D:\GitHub\TGP_PairProject\TGP_Project\Intermediate\Build\Win64\UE4Editor\Development\TGP_Project\UE4Editor-TGP_Project-1419.exp
[2018.12.10-19.21.49:459][  4]CompilerResultsLog:   [3/3] UE4Editor-TGP_Project-1419.dll
[2018.12.10-19.21.49:459][  4]CompilerResultsLog:      Creating library D:\GitHub\TGP_PairProject\TGP_Project\Intermediate\Build\Win64\UE4Editor\Development\TGP_Project\UE4Editor-TGP_Project-1419.suppressed.lib and object D:\GitHub\TGP_PairProject\TGP_Project\Intermediate\Build\Win64\UE4Editor\Development\TGP_Project\UE4Editor-TGP_Project-1419.suppressed.exp
[2018.12.10-19.21.49:459][  4]CompilerResultsLog: Total build time: 6.63 seconds (Parallel executor: 3.88 seconds)
[2018.12.10-19.21.49:459][  4]LogMainFrame: MainFrame: Module compiling took 7.104 seconds
[2018.12.10-19.21.49:624][  4]LogClass: EAREAS HotReload.
[2018.12.10-19.21.49:625][  4]LogClass: AI_STATE HotReload.
[2018.12.10-19.21.49:640][  4]LogContentBrowser: Native class hierarchy updated for 'TGP_Project' in 0.0005 seconds. Added 13 classes and 3 folders.
[2018.12.10-19.21.49:645][  4]Display: HotReload successful (15 functions remapped  0 scriptstructs remapped)
[2018.12.10-19.21.50:400][  4]LogContentBrowser: Native class hierarchy populated in 0.0248 seconds. Added 2586 classes and 608 folders.
[2018.12.10-19.21.50:400][  4]Display: HotReload took  8.1s.
[2018.12.10-19.21.51:937][176]Cmd: OBJ SAVEPACKAGE PACKAGE="/Game/Levels/BaseLevel" FILE="D:/GitHub/TGP_PairProject/TGP_Project/Content/Levels/BaseLevel.umap" SILENT=true AUTOSAVING=false KEEPDIRTY=false
[2018.12.10-19.21.52:175][176]LogSavePackage: Moving 'D:/GitHub/TGP_PairProject/TGP_Project/Saved/BaseLevel38465E7F41949D5F20E4768C9EAC9455.tmp' to 'D:/GitHub/TGP_PairProject/TGP_Project/Content/Levels/BaseLevel.umap'
[2018.12.10-19.21.52:221][176]Cmd: OBJ SAVEPACKAGE PACKAGE="/Game/Levels/BaseLevel_BuiltData" FILE="D:/GitHub/TGP_PairProject/TGP_Project/Content/Levels/BaseLevel_BuiltData.uasset" SILENT=true
[2018.12.10-19.21.52:243][176]LogSavePackage: Moving 'D:/GitHub/TGP_PairProject/TGP_Project/Saved/BaseLevel_BuiltData9C7BD0F0485053693F818FA0D81FD509.tmp' to 'D:/GitHub/TGP_PairProject/TGP_Project/Content/Levels/BaseLevel_BuiltData.uasset'
