Log file open, 11/20/18 17:25:52
LogWindows: Failed to load 'aqProf.dll' (GetLastError=126)
LogWindows: File 'aqProf.dll' does not exist
LogWindows: Failed to load 'VSPerf140.dll' (GetLastError=126)
LogWindows: File 'VSPerf140.dll' does not exist
LogWindows: Failed to load 'VtuneApi.dll' (GetLastError=126)
LogWindows: File 'VtuneApi.dll' does not exist
LogWindows: Failed to load 'VtuneApi32e.dll' (GetLastError=126)
LogWindows: File 'VtuneApi32e.dll' does not exist
LogInit: Display: Running engine for game: TGP_Project
LogPlatformFile: Not using cached read wrapper
LogTaskGraph: Started task graph with 5 named threads and 14 total threads with 3 sets of task threads.
LogStats: Stats thread started at 0.173032
LogD3D11RHI: Loaded GFSDK_Aftermath_Lib.x64.dll
LogICUInternationalization: Display: ICU TimeZone Detection - Raw Offset: +0:00, Platform Override: ''
LogPluginManager: Mounting plugin Paper2D
LogPluginManager: Mounting plugin AISupport
LogPluginManager: Mounting plugin LightPropagationVolume
LogPluginManager: Mounting plugin CLionSourceCodeAccess
LogPluginManager: Mounting plugin CodeLiteSourceCodeAccess
LogPluginManager: Mounting plugin GitSourceControl
LogPluginManager: Mounting plugin KDevelopSourceCodeAccess
LogPluginManager: Mounting plugin NullSourceCodeAccess
LogPluginManager: Mounting plugin PerforceSourceControl
LogPluginManager: Mounting plugin SubversionSourceControl
LogPluginManager: Mounting plugin UObjectPlugin
LogPluginManager: Mounting plugin VisualStudioCodeSourceCodeAccess
LogPluginManager: Mounting plugin VisualStudioSourceCodeAccess
LogPluginManager: Mounting plugin XCodeSourceCodeAccess
LogPluginManager: Mounting plugin AssetManagerEditor
LogPluginManager: Mounting plugin CryptoKeys
LogPluginManager: Mounting plugin DataValidation
LogPluginManager: Mounting plugin FacialAnimation
LogPluginManager: Mounting plugin GameplayTagsEditor
LogPluginManager: Mounting plugin MacGraphicsSwitching
LogPluginManager: Mounting plugin MeshEditor
LogPluginManager: Mounting plugin MobileLauncherProfileWizard
LogPluginManager: Mounting plugin PluginBrowser
LogPluginManager: Mounting plugin SpeedTreeImporter
LogPluginManager: Mounting plugin DatasmithContent
LogPluginManager: Mounting plugin AlembicImporter
LogPluginManager: Mounting plugin AppleImageUtils
LogPluginManager: Mounting plugin AppleVision
LogPluginManager: Mounting plugin BackChannel
LogPluginManager: Mounting plugin CharacterAI
LogPluginManager: Mounting plugin GeometryCache
LogPluginManager: Mounting plugin HTML5Networking
LogPluginManager: Mounting plugin ProxyLODPlugin
LogPluginManager: Mounting plugin MagicLeap
LogPluginManager: Mounting plugin MagicLeapEmulator
LogPluginManager: Mounting plugin MagicLeapMedia
LogPluginManager: Mounting plugin AndroidMedia
LogPluginManager: Mounting plugin AvfMedia
LogPluginManager: Mounting plugin ImgMedia
LogPluginManager: Mounting plugin LinearTimecode
LogPluginManager: Mounting plugin MediaCompositing
LogPluginManager: Mounting plugin MediaPlayerEditor
LogPluginManager: Mounting plugin WmfMedia
LogPluginManager: Mounting plugin TcpMessaging
LogPluginManager: Mounting plugin UdpMessaging
LogPluginManager: Mounting plugin ActorSequence
LogPluginManager: Mounting plugin LevelSequenceEditor
LogPluginManager: Mounting plugin MatineeToLevelSequence
LogPluginManager: Mounting plugin NetcodeUnitTest
LogPluginManager: Mounting plugin NUTUnrealEngine4
LogPluginManager: Mounting plugin OnlineSubsystemGooglePlay
LogPluginManager: Mounting plugin OnlineSubsystemIOS
LogPluginManager: Mounting plugin OnlineSubsystem
LogPluginManager: Mounting plugin OnlineSubsystemNull
LogPluginManager: Mounting plugin OnlineSubsystemUtils
LogPluginManager: Mounting plugin LauncherChunkInstaller
LogPluginManager: Mounting plugin AndroidDeviceProfileSelector
LogPluginManager: Mounting plugin AndroidMoviePlayer
LogPluginManager: Mounting plugin AndroidPermission
LogPluginManager: Mounting plugin AppleMoviePlayer
LogPluginManager: Mounting plugin ArchVisCharacter
LogPluginManager: Mounting plugin AudioCapture
LogPluginManager: Mounting plugin CableComponent
LogPluginManager: Mounting plugin CustomMeshComponent
LogPluginManager: Mounting plugin EditableMesh
LogPluginManager: Mounting plugin ExampleDeviceProfileSelector
LogPluginManager: Mounting plugin GoogleCloudMessaging
LogPluginManager: Mounting plugin ImmediatePhysics
LogPluginManager: Mounting plugin IOSDeviceProfileSelector
LogPluginManager: Mounting plugin LinuxDeviceProfileSelector
LogPluginManager: Mounting plugin LocationServicesBPLibrary
LogPluginManager: Mounting plugin MobilePatchingUtils
LogPluginManager: Mounting plugin OculusVR
LogPluginManager: Plugin shader directory ../../../Engine/Plugins/Runtime/Oculus/OculusVR/Shaders found
LogPluginManager: Mapping shader source directory ../../../Engine/Plugins/Runtime/Oculus/OculusVR/Shaders to virtual directory /Plugin/OculusVR
LogPluginManager: Mounting plugin PhysXVehicles
LogPluginManager: Mounting plugin ProceduralMeshComponent
LogPluginManager: Mounting plugin RuntimePhysXCooking
LogPluginManager: Mounting plugin SteamVR
LogPluginManager: Mounting plugin WindowsMoviePlayer
LogStreaming: Display: Took  0.082s to configure plugins.
LogInit: Using libcurl 7.55.1-DEV
LogInit:  - built for x86_64-pc-win32
LogInit:  - supports SSL with OpenSSL/1.0.2h
LogInit:  - supports HTTP deflate (compression) using libz 1.2.8
LogInit:  - other features:
LogInit:      CURL_VERSION_SSL
LogInit:      CURL_VERSION_LIBZ
LogInit:      CURL_VERSION_IPV6
LogInit:      CURL_VERSION_ASYNCHDNS
LogInit:      CURL_VERSION_LARGEFILE
LogInit:      CURL_VERSION_IDN
LogInit:  CurlRequestOptions (configurable via config and command line):
LogInit:  - bVerifyPeer = false  - Libcurl will NOT verify peer certificate
LogInit:  - bUseHttpProxy = false  - Libcurl will NOT use HTTP proxy
LogInit:  - bDontReuseConnections = false  - Libcurl will reuse connections
LogInit:  - CertBundlePath = nullptr  - Libcurl will use whatever was configured at build time.
LogInit:  - MaxHostConnections = 16  - Libcurl will limit the number of connections to a host
LogInit:  - LocalHostAddr = Default
LogInit:  - BufferSize = 65536
LogInit: WinSock: version 1.1 (2.2), MaxSocks=32767, MaxUdp=65467
LogInit: Build: ++UE4+Release-4.20-CL-4369336
LogInit: Engine Version: 4.20.3-4369336+++UE4+Release-4.20
LogInit: Compatible Engine Version: 4.20.0-4212847+++UE4+Release-4.20
LogInit: Net CL: 4212847
LogInit: OS: Windows 10 (), CPU: Intel(R) Core(TM) i5-4590 CPU @ 3.30GHz, GPU: NVIDIA GeForce GTX 1060 6GB
LogInit: Compiled (64-bit): Sep 17 2018 12:26:19
LogInit: Compiled with Visual C++: 19.13.26129.00
LogInit: Build Configuration: Development
LogInit: Branch Name: ++UE4+Release-4.20
LogInit: Command Line:  
LogInit: Base Directory: C:/Program Files/Epic Games/UE_4.20/Engine/Binaries/Win64/
LogInit: Installed Engine Build: 1
LogDevObjectVersion: Number of dev versions registered: 20
LogDevObjectVersion:   Dev-Blueprints (B0D832E4-1F89-4F0D-ACCF-7EB736FD4AA2): 10
LogDevObjectVersion:   Dev-Build (E1C64328-A22C-4D53-A36C-8E866417BD8C): 0
LogDevObjectVersion:   Dev-Core (375EC13C-06E4-48FB-B500-84F0262A717E): 2
LogDevObjectVersion:   Dev-Editor (E4B068ED-F494-42E9-A231-DA0B2E46BB41): 24
LogDevObjectVersion:   Dev-Framework (CFFC743F-43B0-4480-9391-14DF171D2073): 34
LogDevObjectVersion:   Dev-Mobile (B02B49B5-BB20-44E9-A304-32B752E40360): 2
LogDevObjectVersion:   Dev-Networking (A4E4105C-59A1-49B5-A7C5-40C4547EDFEE): 0
LogDevObjectVersion:   Dev-Online (39C831C9-5AE6-47DC-9A44-9C173E1C8E7C): 0
LogDevObjectVersion:   Dev-Physics (78F01B33-EBEA-4F98-B9B4-84EACCB95AA2): 0
LogDevObjectVersion:   Dev-Platform (6631380F-2D4D-43E0-8009-CF276956A95A): 0
LogDevObjectVersion:   Dev-Rendering (12F88B9F-8875-4AFC-A67C-D90C383ABD29): 26
LogDevObjectVersion:   Dev-Sequencer (7B5AE74C-D270-4C10-A958-57980B212A5A): 9
LogDevObjectVersion:   Dev-VR (D7296918-1DD6-4BDD-9DE2-64A83CC13884): 2
LogDevObjectVersion:   Dev-LoadTimes (C2A15278-BFE7-4AFE-6C17-90FF531DF755): 1
LogDevObjectVersion:   Private-Geometry (6EACA3D4-40EC-4CC1-B786-8BED09428FC5): 3
LogDevObjectVersion:   Dev-AnimPhys (29E575DD-E0A3-4627-9D10-D276232CDCEA): 17
LogDevObjectVersion:   Dev-ReflectionCapture (6B266CEC-1EC7-4B8F-A30B-E4D90942FC07): 1
LogDevObjectVersion:   Dev-Automation (0DF73D61-A23F-47EA-B727-89E90C41499A): 1
LogDevObjectVersion:   FortniteMain (601D1886-AC64-4F84-AA16-D3DE0DEAC7D6): 12
LogDevObjectVersion:   Dev-Enterprise (9DFFBCD6-494F-0158-E221-12823C92A888): 1
LogStreaming: Display: Took  0.001s to delete old logs.
LogInit: Presizing for max 8388607 objects, including 0 objects not considered by GC, pre-allocating 0 bytes for permanent pool.
LogInit: Object subsystem initialized
[2018.11.20-17.25.52:455][  0]LogInit: Selected Device Profile: [Windows]
[2018.11.20-17.25.52:455][  0]LogInit: Applying CVar settings loaded from the selected device profile: [Windows]
[2018.11.20-17.25.52:471][  0]LogHAL: Display: Platform has ~ 16 GB [17009229824 / 17179869184 / 16], which maps to Larger [LargestMinGB=32, LargerMinGB=12, DefaultMinGB=8, SmallerMinGB=6, SmallestMinGB=0)
[2018.11.20-17.25.52:471][  0]LogInit: Setting Device Profile CVar: [[r.Vulkan.UseRealUBs:1]]
[2018.11.20-17.25.52:472][  0]LogInit: Going up to parent DeviceProfile []
[2018.11.20-17.25.52:472][  0]LogInit: Computer: GROUNDZERO
[2018.11.20-17.25.52:472][  0]LogInit: User: TDSSK
[2018.11.20-17.25.52:472][  0]LogInit: CPU Page size=4096, Cores=4
[2018.11.20-17.25.52:472][  0]LogInit: High frequency timer resolution =3.222660 MHz
[2018.11.20-17.25.52:473][  0]LogMemory: Memory total: Physical=15.8GB (16GB approx)
[2018.11.20-17.25.52:473][  0]LogMemory: Platform Memory Stats for Windows
[2018.11.20-17.25.52:473][  0]LogMemory: Process Physical Memory: 100.91 MB used, 100.91 MB peak
[2018.11.20-17.25.52:473][  0]LogMemory: Process Virtual Memory: 84.27 MB used, 84.27 MB peak
[2018.11.20-17.25.52:473][  0]LogMemory: Physical Memory: 6354.02 MB used,  9867.25 MB free, 16221.27 MB total
[2018.11.20-17.25.52:473][  0]LogMemory: Virtual Memory: 524.16 MB used,  9867.25 MB free, 134217728.00 MB total
[2018.11.20-17.25.52:502][  0]LogInit: Using OS detected language (en-GB).
[2018.11.20-17.25.52:502][  0]LogInit: Using OS detected locale (en-GB).
[2018.11.20-17.25.52:503][  0]LogTextLocalizationManager: No specific localization for 'en-GB' exists, so the 'en' localization will be used.
[2018.11.20-17.25.52:846][  0]LogStreaming: Display: Took  0.344s to InitEngineTextLocalization.
[2018.11.20-17.25.52:846][  0]LogInit: Setting process to per monitor DPI aware
[2018.11.20-17.25.52:871][  0]LogSlate: New Slate User Created.  User Index 0, Is Virtual User: 0
[2018.11.20-17.25.52:871][  0]LogSlate: Slate User Registered.  User Index 0, Is Virtual User: 0
[2018.11.20-17.25.53:065][  0]LogHMD: Failed to initialize OpenVR with code 110
[2018.11.20-17.25.53:065][  0]LogD3D11RHI: D3D11 adapters:
[2018.11.20-17.25.53:117][  0]LogD3D11RHI:    0. 'NVIDIA GeForce GTX 1060 6GB' (Feature Level 11_0)
[2018.11.20-17.25.53:117][  0]LogD3D11RHI:       6052/0/8110 MB DedicatedVideo/DedicatedSystem/SharedSystem, Outputs:1, VendorId:0x10de
[2018.11.20-17.25.53:122][  0]LogD3D11RHI:    1. 'Intel(R) HD Graphics 4600' (Feature Level 11_0)
[2018.11.20-17.25.53:122][  0]LogD3D11RHI:       112/0/2048 MB DedicatedVideo/DedicatedSystem/SharedSystem, Outputs:0, VendorId:0x8086
[2018.11.20-17.25.53:124][  0]LogD3D11RHI:    2. 'Microsoft Basic Render Driver' (Feature Level 11_0)
[2018.11.20-17.25.53:124][  0]LogD3D11RHI:       0/0/8110 MB DedicatedVideo/DedicatedSystem/SharedSystem, Outputs:0, VendorId:0x1414
[2018.11.20-17.25.53:124][  0]LogD3D11RHI: Chosen D3D11 Adapter: 0
[2018.11.20-17.25.53:131][  0]LogD3D11RHI: Creating new Direct3DDevice
[2018.11.20-17.25.53:131][  0]LogD3D11RHI:     GPU DeviceId: 0x1c03 (for the marketing name, search the web for "GPU Device Id")
[2018.11.20-17.25.53:131][  0]LogWindows: EnumDisplayDevices:
[2018.11.20-17.25.53:131][  0]LogWindows:    0. 'NVIDIA GeForce GTX 1060 6GB' (P:1 D:1)
[2018.11.20-17.25.53:131][  0]LogWindows:    1. 'NVIDIA GeForce GTX 1060 6GB' (P:0 D:0)
[2018.11.20-17.25.53:131][  0]LogWindows:    2. 'NVIDIA GeForce GTX 1060 6GB' (P:0 D:0)
[2018.11.20-17.25.53:131][  0]LogWindows:    3. 'NVIDIA GeForce GTX 1060 6GB' (P:0 D:0)
[2018.11.20-17.25.53:132][  0]LogWindows:    4. 'Intel(R) HD Graphics 4600' (P:0 D:0)
[2018.11.20-17.25.53:132][  0]LogWindows:    5. 'Intel(R) HD Graphics 4600' (P:0 D:0)
[2018.11.20-17.25.53:132][  0]LogWindows:    6. 'Intel(R) HD Graphics 4600' (P:0 D:0)
[2018.11.20-17.25.53:132][  0]LogWindows: DebugString: PrimaryIsNotTheChoosenAdapter PrimaryIsNotTheChoosenAdapter PrimaryIsNotTheChoosenAdapter FoundDriverCount:4 
[2018.11.20-17.25.53:132][  0]LogD3D11RHI:     Adapter Name: NVIDIA GeForce GTX 1060 6GB
[2018.11.20-17.25.53:132][  0]LogD3D11RHI:   Driver Version: 397.64 (internal:24.21.13.9764, unified:397.64)
[2018.11.20-17.25.53:132][  0]LogD3D11RHI:      Driver Date: 5-7-2018
[2018.11.20-17.25.53:132][  0]LogRHI: Texture pool is 4236 MB (70% of 6052 MB)
[2018.11.20-17.25.53:170][  0]LogD3D11RHI: Async texture creation enabled
[2018.11.20-17.25.53:208][  0]LogD3D11RHI: GPU Timing Frequency: 1000.000000 (Debug: 2 2)
[2018.11.20-17.25.53:209][  0]LogShaderCompilers: Guid format shader working directory is -1 characters bigger than the processId version (D:/Documents/GitHub/TGP_PairProject/TGP_Project/Intermediate/Shaders/WorkingDirectory/3784/).
[2018.11.20-17.25.53:209][  0]LogShaderCompilers: Cleaned the shader compiler working directory 'C:/Users/TDSSK/AppData/Local/Temp/UnrealShaderWorkingDir/C0BC14B54C45B899AAEEDC8D25635EDC/'.
[2018.11.20-17.25.53:574][  0]LogTemp: Display: Loaded TP AllDesktopTargetPlatform
[2018.11.20-17.25.53:587][  0]LogTemp: Display: Loaded TP MacClientTargetPlatform
[2018.11.20-17.25.53:601][  0]LogTemp: Display: Loaded TP MacNoEditorTargetPlatform
[2018.11.20-17.25.53:616][  0]LogTemp: Display: Loaded TP MacServerTargetPlatform
[2018.11.20-17.25.53:630][  0]LogTemp: Display: Loaded TP MacTargetPlatform
[2018.11.20-17.25.53:644][  0]LogTemp: Display: Loaded TP WindowsClientTargetPlatform
[2018.11.20-17.25.53:658][  0]LogTemp: Display: Loaded TP WindowsNoEditorTargetPlatform
[2018.11.20-17.25.53:673][  0]LogTemp: Display: Loaded TP WindowsServerTargetPlatform
[2018.11.20-17.25.53:679][  0]LogTemp: Display: Loaded TP WindowsTargetPlatform
[2018.11.20-17.25.53:766][  0]LogTemp: Display: Loaded TP AndroidTargetPlatform
[2018.11.20-17.25.53:766][  0]LogTemp: Display: Loaded TP AndroidTargetPlatform
[2018.11.20-17.25.53:766][  0]LogTemp: Display: Loaded TP AndroidTargetPlatform
[2018.11.20-17.25.53:766][  0]LogTemp: Display: Loaded TP AndroidTargetPlatform
[2018.11.20-17.25.53:766][  0]LogTemp: Display: Loaded TP AndroidTargetPlatform
[2018.11.20-17.25.53:766][  0]LogTemp: Display: Loaded TP AndroidTargetPlatform
[2018.11.20-17.25.53:766][  0]LogTemp: Display: Loaded TP AndroidTargetPlatform
[2018.11.20-17.25.53:766][  0]LogTemp: Display: Loaded TP AndroidTargetPlatform
[2018.11.20-17.25.53:766][  0]LogTemp: Display: Loaded TP AndroidTargetPlatform
[2018.11.20-17.25.53:766][  0]LogTemp: Display: Loaded TP AndroidTargetPlatform
[2018.11.20-17.25.53:766][  0]LogTemp: Display: Loaded TP AndroidTargetPlatform
[2018.11.20-17.25.53:766][  0]LogTemp: Display: Loaded TP AndroidTargetPlatform
[2018.11.20-17.25.53:766][  0]LogTemp: Display: Loaded TP AndroidTargetPlatform
[2018.11.20-17.25.53:766][  0]LogTemp: Display: Loaded TP AndroidTargetPlatform
[2018.11.20-17.25.53:766][  0]LogTemp: Display: Loaded TP AndroidTargetPlatform
[2018.11.20-17.25.53:766][  0]LogTemp: Display: Loaded TP AndroidTargetPlatform
[2018.11.20-17.25.53:766][  0]LogTemp: Display: Loaded TP AndroidTargetPlatform
[2018.11.20-17.25.53:766][  0]LogTemp: Display: Loaded TP AndroidTargetPlatform
[2018.11.20-17.25.53:768][  0]LogTemp: Display: Loaded TP HTML5TargetPlatform
[2018.11.20-17.25.53:829][  0]LogTemp: Display: Loaded TP IOSTargetPlatform
[2018.11.20-17.25.53:829][  0]LogTemp: Display: Loaded TP IOSTargetPlatform
[2018.11.20-17.25.53:854][  0]LogTemp: Display: Loaded TP TVOSTargetPlatform
[2018.11.20-17.25.53:854][  0]LogTemp: Display: Loaded TP TVOSTargetPlatform
[2018.11.20-17.25.53:868][  0]LogTemp: Display: Loaded TP LinuxClientTargetPlatform
[2018.11.20-17.25.53:882][  0]LogTemp: Display: Loaded TP LinuxNoEditorTargetPlatform
[2018.11.20-17.25.53:895][  0]LogTemp: Display: Loaded TP LinuxServerTargetPlatform
[2018.11.20-17.25.53:909][  0]LogTemp: Display: Loaded TP LinuxTargetPlatform
[2018.11.20-17.25.53:919][  0]LogTemp: Display: Loaded TP LuminTargetPlatform
[2018.11.20-17.25.53:919][  0]LogTargetPlatformManager: Display: Building Assets For Windows
[2018.11.20-17.25.53:968][  0]LogXGEController: Cleaning working directory: C:/Users/TDSSK/AppData/Local/Temp/UnrealXGEWorkingDir/
[2018.11.20-17.25.53:968][  0]LogXGEController: Cannot use XGE Controller as Incredibuild is not installed on this machine.
[2018.11.20-17.25.53:968][  0]LogShaderCompilers: Cannot use XGE Shader Compiler as Incredibuild is not installed on this machine.
[2018.11.20-17.25.53:968][  0]LogShaderCompilers: Display: Using Local Shader Compiler.
[2018.11.20-17.25.54:734][  0]LogDerivedDataCache: Display: Max Cache Size: 512 MB
[2018.11.20-17.25.54:778][  0]LogDerivedDataCache: Loaded boot cache 0.04s 71MB C:/Users/TDSSK/AppData/Local/UnrealEngine/4.20/DerivedDataCache/Boot.ddc.
[2018.11.20-17.25.54:778][  0]LogDerivedDataCache: Display: Loaded Boot cache: C:/Users/TDSSK/AppData/Local/UnrealEngine/4.20/DerivedDataCache/Boot.ddc
[2018.11.20-17.25.54:778][  0]LogDerivedDataCache: FDerivedDataBackendGraph:  Pak pak cache file D:/Documents/GitHub/TGP_PairProject/TGP_Project/DerivedDataCache/DDC.ddp not found, will not use a pak cache.
[2018.11.20-17.25.54:778][  0]LogDerivedDataCache: Unable to find inner node Pak for hierarchical cache Hierarchy.
[2018.11.20-17.25.54:778][  0]LogDerivedDataCache: FDerivedDataBackendGraph:  CompressedPak pak cache file D:/Documents/GitHub/TGP_PairProject/TGP_Project/DerivedDataCache/Compressed.ddp not found, will not use a pak cache.
[2018.11.20-17.25.54:778][  0]LogDerivedDataCache: Unable to find inner node CompressedPak for hierarchical cache Hierarchy.
[2018.11.20-17.25.54:790][  0]LogDerivedDataCache: Display: Pak cache opened for reading ../../../Engine/DerivedDataCache/Compressed.ddp.
[2018.11.20-17.25.54:803][  0]LogDerivedDataCache: Using Local data cache path C:/Users/TDSSK/AppData/Local/UnrealEngine/Common/DerivedDataCache: Writable
[2018.11.20-17.25.54:803][  0]LogDerivedDataCache: Shared data cache path not found in *engine.ini, will not use an Shared cache.
[2018.11.20-17.25.54:803][  0]LogDerivedDataCache: Unable to find inner node Shared for hierarchical cache Hierarchy.
[2018.11.20-17.25.54:819][  0]LogMaterial: Verifying Global Shaders for PCD3D_SM5
[2018.11.20-17.25.54:821][  0]LogSlate: Using FreeType 2.6.0
[2018.11.20-17.25.54:821][  0]LogSlate: SlateFontServices - WITH_FREETYPE: 1, WITH_HARFBUZZ: 1
[2018.11.20-17.25.54:905][  0]LogAssetRegistry: FAssetRegistry took 0.0269 seconds to start up
[2018.11.20-17.25.55:210][  0]LogInit: Selected Device Profile: [Windows]
[2018.11.20-17.25.55:338][  0]LogSimplygon: Simplygon DLL not present - disabling.
[2018.11.20-17.25.55:341][  0]LogMeshReduction: Using SimplygonSwarm for distributed automatic mesh merging
[2018.11.20-17.25.55:341][  0]LogMeshReduction: Using ProxyLODMeshReduction for automatic mesh merging
[2018.11.20-17.25.55:341][  0]LogMeshReduction: Using QuadricMeshReduction for automatic static mesh reduction
[2018.11.20-17.25.55:341][  0]LogMeshReduction: No automatic skeletal mesh reduction module available
[2018.11.20-17.25.55:354][  0]LogNetVersion: TGP_Project 1.0.0, NetCL: 4212847, EngineNetVer: 5, GameNetVer: 0 (Checksum: 95638710)
[2018.11.20-17.25.55:799][  0]LogPackageLocalizationCache: Processed 11 localized package path(s) for 2 prioritized culture(s) in 0.071771 seconds
[2018.11.20-17.25.55:804][  0]LogUObjectArray: 38425 objects as part of root set at end of initial load.
[2018.11.20-17.25.55:804][  0]LogUObjectAllocator: 6690872 out of 0 bytes used by permanent object pool.
[2018.11.20-17.25.55:804][  0]LogUObjectArray: CloseDisregardForGC: 0/0 objects in disregard for GC pool
[2018.11.20-17.25.56:790][  0]LogTcpMessaging: Initializing TcpMessaging bridge
[2018.11.20-17.25.56:803][  0]LogUdpMessaging: Initializing bridge on interface 0.0.0.0:0 to multicast group 230.0.0.1:6666.
[2018.11.20-17.25.56:998][  0]SourceControl: Source control is disabled
[2018.11.20-17.25.56:998][  0]SourceControl: Source control is disabled
[2018.11.20-17.25.56:999][  0]SourceControl: Source control is disabled
[2018.11.20-17.25.57:000][  0]SourceControl: Source control is disabled
[2018.11.20-17.25.57:181][  0]LogAndroidPermission: UAndroidPermissionCallbackProxy::GetInstance
[2018.11.20-17.25.57:264][  0]LogOcInput: OculusInput pre-init called
[2018.11.20-17.25.57:320][  0]LogEngine: Initializing Engine...
[2018.11.20-17.25.57:321][  0]LogHMD: Failed to initialize OpenVR with code 110
[2018.11.20-17.25.57:323][  0]LogStats: UGameplayTagsManager::ConstructGameplayTagTree: ImportINI prefixes -  0.000 s
[2018.11.20-17.25.57:323][  0]LogStats: UGameplayTagsManager::ConstructGameplayTagTree: Construct from data asset -  0.000 s
[2018.11.20-17.25.57:323][  0]LogStats: UGameplayTagsManager::ConstructGameplayTagTree: ImportINI -  0.000 s
[2018.11.20-17.25.57:323][  0]LogStats: UGameplayTagsManager::ConstructGameplayTagTree: GameplayTagTreeChangedEvent.Broadcast -  0.000 s
[2018.11.20-17.25.57:520][  0]LogInit: Initializing FReadOnlyCVARCache
[2018.11.20-17.25.57:532][  0]LogAIModule: Creating AISystem for world Untitled
[2018.11.20-17.25.57:549][  0]LogInit: XAudio2 using 'Headphones (4- SteelSeries Arctis 7 Game)' : 2 channels at 48 kHz using 16 bits per sample (channel mask 0x3)
[2018.11.20-17.25.57:571][  0]LogInit: FAudioDevice initialized.
[2018.11.20-17.25.57:572][  0]LogNetVersion: Set ProjectVersion to 1.0.0.0. Version Checksum will be recalculated on next use.
[2018.11.20-17.25.58:235][  0]LogDerivedDataCache: Saved boot cache 0.66s 71MB C:/Users/TDSSK/AppData/Local/UnrealEngine/4.20/DerivedDataCache/Boot.ddc.
[2018.11.20-17.25.58:244][  0]LogInit: Texture streaming: Enabled
[2018.11.20-17.25.58:282][  0]LogEngineSessionManager: EngineSessionManager initialized
[2018.11.20-17.25.58:303][  0]LogInit: Transaction tracking system initialized
[2018.11.20-17.25.58:328][  0]BlueprintLog: New page: Editor Load
[2018.11.20-17.25.58:395][  0]LocalizationService: Localization service is disabled
[2018.11.20-17.25.58:635][  0]LogCook: Display: Max memory allowance for cook 16384mb min free memory 0mb
[2018.11.20-17.25.58:635][  0]LogCook: Display: Mobile HDR setting 1
[2018.11.20-17.25.58:635][  0]LogGameplayTags: Display: UGameplayTagsManager::DoneAddingNativeTags. DelegateIsBound: 0
[2018.11.20-17.25.58:635][  0]LogStats: UGameplayTagsManager::ConstructGameplayTagTree: ImportINI prefixes -  0.000 s
[2018.11.20-17.25.58:635][  0]LogStats: UGameplayTagsManager::ConstructGameplayTagTree: Construct from data asset -  0.000 s
[2018.11.20-17.25.58:635][  0]LogFileCache: Scanning file cache for directory 'D:/Documents/GitHub/TGP_PairProject/TGP_Project/Content/' took 0.01s
[2018.11.20-17.25.58:635][  0]LogStats: UGameplayTagsManager::ConstructGameplayTagTree: ImportINI -  0.000 s
[2018.11.20-17.25.58:635][  0]LogStats: UGameplayTagsManager::ConstructGameplayTagTree: GameplayTagTreeChangedEvent.Broadcast -  0.000 s
[2018.11.20-17.25.58:745][  0]SourceControl: Source control is disabled
[2018.11.20-17.25.58:745][  0]Cmd: MAP LOAD FILE="D:/Documents/GitHub/TGP_PairProject/TGP_Project/Content/BaseLevel.umap" TEMPLATE=0 SHOWPROGRESS=1 FEATURELEVEL=3
[2018.11.20-17.25.58:746][  0]LightingResults: New page: Lighting Build
[2018.11.20-17.25.58:748][  0]MapCheck: New page: Map Check
[2018.11.20-17.25.58:748][  0]LightingResults: New page: Lighting Build
[2018.11.20-17.25.58:940][  0]LogAIModule: Creating AISystem for world BaseLevel
[2018.11.20-17.25.58:945][  0]LogEditorServer: Finished looking for orphan Actors (0.000 secs)
[2018.11.20-17.25.58:967][  0]Cmd: MAP CHECKDEP NOCLEARLOG
[2018.11.20-17.25.59:053][  0]MapCheck: Map check complete: 0 Error(s), 0 Warning(s), took 86.046ms to complete.
[2018.11.20-17.25.59:053][  0]LogFileHelpers: Loading map 'BaseLevel' took 0.307
[2018.11.20-17.25.59:170][  0]LogSlate: Updating window title bar state: overlay mode, drag disabled, window buttons hidden, title bar hidden
[2018.11.20-17.25.59:177][  0]LogSlate: Updating window title bar state: overlay mode, drag disabled, window buttons hidden, title bar hidden
[2018.11.20-17.25.59:184][  0]LogSlate: Updating window title bar state: overlay mode, drag disabled, window buttons hidden, title bar hidden
[2018.11.20-17.25.59:191][  0]LogSlate: Updating window title bar state: overlay mode, drag disabled, window buttons hidden, title bar hidden
[2018.11.20-17.25.59:197][  0]LogCollectionManager: Loaded 0 collections in 0.001425 seconds
[2018.11.20-17.25.59:235][  0]LogFileCache: Scanning file cache for directory 'D:/Documents/GitHub/TGP_PairProject/TGP_Project/Saved/Collections/' took 0.01s
[2018.11.20-17.25.59:235][  0]LogFileCache: Scanning file cache for directory 'D:/Documents/GitHub/TGP_PairProject/TGP_Project/Content/Developers/TDSSK/Collections/' took 0.01s
[2018.11.20-17.25.59:235][  0]LogFileCache: Scanning file cache for directory 'D:/Documents/GitHub/TGP_PairProject/TGP_Project/Content/Collections/' took 0.01s
[2018.11.20-17.25.59:235][  0]LogCollectionManager: Rebuilt the GUID cache for 0 collections in 0.000000 seconds
[2018.11.20-17.25.59:243][  0]LogContentBrowser: Native class hierarchy populated in 0.0083 seconds. Added 2575 classes and 606 folders.
[2018.11.20-17.25.59:249][  0]LogContentBrowser: Native class hierarchy updated for 'WidgetCarousel' in 0.0003 seconds. Added 0 classes and 0 folders.
[2018.11.20-17.25.59:296][  0]LogContentBrowser: Native class hierarchy updated for 'AddContentDialog' in 0.0003 seconds. Added 0 classes and 0 folders.
[2018.11.20-17.25.59:300][  0]LogContentBrowser: Native class hierarchy updated for 'SceneOutliner' in 0.0003 seconds. Added 1 classes and 2 folders.
[2018.11.20-17.25.59:314][  0]LogSlate: Took 0.000554 seconds to synchronously load lazily loaded font '../../../Engine/Content/Slate/Fonts/Roboto-Regular.ttf' (155K)
[2018.11.20-17.25.59:316][  0]LogSlate: Took 0.000577 seconds to synchronously load lazily loaded font '../../../Engine/Content/Slate/Fonts/Roboto-Bold.ttf' (160K)
[2018.11.20-17.25.59:322][  0]LogSlate: Took 0.000563 seconds to synchronously load lazily loaded font '../../../Engine/Content/Editor/Slate/Fonts/FontAwesome.ttf' (139K)
[2018.11.20-17.25.59:403][  0]LogRenderer: Reallocating scene render targets to support 1208x600 Format 10 NumSamples 1 (Frame:1).
[2018.11.20-17.25.59:436][  0]LogSlate: Took 0.000546 seconds to synchronously load lazily loaded font '../../../Engine/Content/Slate/Fonts/Roboto-Light.ttf' (167K)
[2018.11.20-17.25.59:532][  0]LogContentBrowser: Native class hierarchy updated for 'HierarchicalLODOutliner' in 0.0003 seconds. Added 0 classes and 0 folders.
[2018.11.20-17.25.59:532][  0]LogLoad: (Engine Initialization) Total time: 8.42 seconds
[2018.11.20-17.25.59:532][  0]LogLoad: (Engine Initialization) Total Blueprint compile time: 0.00 seconds
[2018.11.20-17.25.59:543][  0]LogWindowsTextInputMethodSystem: Display: IME system now deactivated.
[2018.11.20-17.25.59:572][  0]LogContentStreaming: Texture pool size now 1000 MB
[2018.11.20-17.25.59:763][  2]LogAssetRegistry: Asset discovery search completed in 4.8795 seconds
[2018.11.20-17.25.59:764][  2]LogCollectionManager: Rebuilt the object cache for 0 collections in 0.000000 seconds (found 0 objects)
[2018.11.20-17.25.59:764][  2]LogCollectionManager: Fixed up redirectors for 0 collections in 0.000043 seconds (updated 0 objects)
[2018.11.20-17.26.00:553][ 95]LogSlate: Took 0.000509 seconds to synchronously load lazily loaded font '../../../Engine/Content/Slate/Fonts/Roboto-Light.ttf' (167K)
[2018.11.20-18.32.03:315][867]LogSlate: FSceneViewport::OnFocusLost() reason 0
[2018.11.20-18.35.07:118][ 92]Candidate modules for hot reload:
[2018.11.20-18.35.07:118][ 92]  TGP_Project
[2018.11.20-18.35.07:118][ 92]Launching UnrealBuildTool... [C:/Program Files/Epic Games/UE_4.20/Engine/Binaries/DotNET/UnrealBuildTool.exe  -ModuleWithSuffix=TGP_Project,1221 Win64 Development -TargetType=Editor -Project="D:/Documents/GitHub/TGP_PairProject/TGP_Project/TGP_Project.uproject" -canskiplink "D:/Documents/GitHub/TGP_PairProject/TGP_Project/TGP_Project.uproject" ]
[2018.11.20-18.35.07:119][ 92]Warning: Starting HotReload took  7.4s.
[2018.11.20-18.36.07:046][802]LogTemp: Repeating last play command: New Editor Window (PIE)
[2018.11.20-18.36.07:058][802]LogPlayLevel: PlayLevel: No blueprints needed recompiling
[2018.11.20-18.36.07:070][802]PIE: New page: PIE session: BaseLevel (20 Nov 2018 18:36:07)
[2018.11.20-18.36.07:070][802]LogPlayLevel: Creating play world package: /Game/UEDPIE_0_BaseLevel
[2018.11.20-18.36.07:073][802]LogPlayLevel: PIE: StaticDuplicateObject took: (0.002412s)
[2018.11.20-18.36.07:073][802]LogAIModule: Creating AISystem for world BaseLevel
[2018.11.20-18.36.07:073][802]LogPlayLevel: PIE: World Init took: (0.000775s)
[2018.11.20-18.36.07:073][802]LogPlayLevel: PIE: Created PIE world by copying editor world from /Game/BaseLevel.BaseLevel to /Game/UEDPIE_0_BaseLevel.BaseLevel (0.003395s)
[2018.11.20-18.36.07:105][802]LogInit: XAudio2 using 'Headphones (4- SteelSeries Arctis 7 Game)' : 2 channels at 48 kHz using 16 bits per sample (channel mask 0x3)
[2018.11.20-18.36.07:125][802]LogInit: FAudioDevice initialized.
[2018.11.20-18.36.07:133][802]LogSlate: Updating window title bar state: overlay mode, drag disabled, window buttons hidden, title bar hidden
[2018.11.20-18.36.07:184][802]LogLoad: Game class is 'GameModeTemp_C'
[2018.11.20-18.36.07:185][802]LogWorld: Bringing World /Game/UEDPIE_0_BaseLevel.BaseLevel up for play (max tick rate 0) at 2018.11.20-18.36.07
[2018.11.20-18.36.07:186][802]LogWorld: Bringing up level for play took: 0.000936
[2018.11.20-18.36.07:233][802]LogContentBrowser: Native class hierarchy updated for 'MovieSceneCapture' in 0.0004 seconds. Added 10 classes and 0 folders.
[2018.11.20-18.36.07:233][802]LogGameMode: Display: Match State Changed from EnteringMap to WaitingToStart
[2018.11.20-18.36.07:234][802]LogGameState: Match State Changed from EnteringMap to WaitingToStart
[2018.11.20-18.36.07:234][802]LogGameMode: Display: Match State Changed from WaitingToStart to InProgress
[2018.11.20-18.36.07:234][802]LogGameState: Match State Changed from WaitingToStart to InProgress
[2018.11.20-18.36.07:238][802]PIE: Play in editor start time for /Game/UEDPIE_0_BaseLevel -0.1
[2018.11.20-18.36.07:242][802]LogRenderer: Reallocating scene render targets to support 1292x756 Format 10 NumSamples 1 (Frame:1).
[2018.11.20-18.36.08:795][981]LogSlate: Updating window title bar state: overlay mode, drag disabled, window buttons hidden, title bar hidden
[2018.11.20-18.36.08:806][981]LogSlate: Window 'TGP_Project Game Preview Standalone (64-bit/PCD3D_SM5)' being destroyed
[2018.11.20-18.36.08:838][981]LogPlayLevel: Display: Shutting down PIE online subsystems
[2018.11.20-18.36.08:902][985]LogPlayLevel: Display: Destroying online subsystem :Context_1
[2018.11.20-18.37.05:230][723]CompilerResultsLog: New page: Compilation - 20 Nov 2018 18:37:05
[2018.11.20-18.37.05:231][723]CompilerResultsLog: Using 'git status' to determine working set for adaptive non-unity build.
[2018.11.20-18.37.05:231][723]CompilerResultsLog: Creating makefile for hot reloading TGP_ProjectEditor (.uproject file is newer)
[2018.11.20-18.37.05:231][723]CompilerResultsLog: Compiling game modules for hot reload
[2018.11.20-18.37.05:231][723]CompilerResultsLog: Performing full C++ include scan (no include cache file)
[2018.11.20-18.37.05:231][723]CompilerResultsLog: Using Visual Studio 2017 14.14.26428 toolchain (C:\Program Files (x86)\Microsoft Visual Studio\2017\Community\VC\Tools\MSVC\14.14.26428) and Windows 10.0.17134.0 SDK (C:\Program Files (x86)\Windows Kits\10).
[2018.11.20-18.37.05:231][723]CompilerResultsLog: Parsing headers for TGP_ProjectEditor
[2018.11.20-18.37.05:231][723]CompilerResultsLog:   Running UnrealHeaderTool "D:\Documents\GitHub\TGP_PairProject\TGP_Project\TGP_Project.uproject" "D:\Documents\GitHub\TGP_PairProject\TGP_Project\Intermediate\Build\Win64\TGP_ProjectEditor\Development\TGP_ProjectEditor.uhtmanifest" -LogCmds="loginit warning, logexit warning, logdatabase error" -Unattended -WarningsAsErrors -installed
[2018.11.20-18.37.05:231][723]CompilerResultsLog: Reflection code generated for TGP_ProjectEditor in 18.4747938 seconds
[2018.11.20-18.37.05:231][723]CompilerResultsLog: Building 13 actions with 4 processes...
[2018.11.20-18.37.05:231][723]CompilerResultsLog:   [1/13] SharedPCH.Engine.cpp
[2018.11.20-18.37.05:231][723]CompilerResultsLog:   [2/13] TGP_Project.cpp
[2018.11.20-18.37.05:231][723]CompilerResultsLog:   [3/13] BaseCharacter.cpp
[2018.11.20-18.37.05:231][723]CompilerResultsLog:   [4/13] TGP_ProjectGameModeBase.cpp
[2018.11.20-18.37.05:231][723]CompilerResultsLog:   [5/13] BasePlayer.gen.cpp
[2018.11.20-18.37.05:231][723]CompilerResultsLog:   [6/13] BaseCharacter.gen.cpp
[2018.11.20-18.37.05:231][723]CompilerResultsLog:   [7/13] CharacterBase.gen.cpp
[2018.11.20-18.37.05:231][723]CompilerResultsLog:   [8/13] TGP_Project.init.gen.cpp
[2018.11.20-18.37.05:231][723]CompilerResultsLog:   [9/13] TGP_ProjectGameModeBase.gen.cpp
[2018.11.20-18.37.05:231][723]CompilerResultsLog:   [10/13] CharacterBase.cpp
[2018.11.20-18.37.05:231][723]CompilerResultsLog:   [11/13] BasePlayer.cpp
[2018.11.20-18.37.05:231][723]CompilerResultsLog:   [12/13] UE4Editor-TGP_Project-1221.lib
[2018.11.20-18.37.05:231][723]CompilerResultsLog:      Creating library D:\Documents\GitHub\TGP_PairProject\TGP_Project\Intermediate\Build\Win64\UE4Editor\Development\TGP_Project\UE4Editor-TGP_Project-1221.lib and object D:\Documents\GitHub\TGP_PairProject\TGP_Project\Intermediate\Build\Win64\UE4Editor\Development\TGP_Project\UE4Editor-TGP_Project-1221.exp
[2018.11.20-18.37.05:231][723]CompilerResultsLog:   [13/13] UE4Editor-TGP_Project-1221.dll
[2018.11.20-18.37.05:231][723]CompilerResultsLog:      Creating library D:\Documents\GitHub\TGP_PairProject\TGP_Project\Intermediate\Build\Win64\UE4Editor\Development\TGP_Project\UE4Editor-TGP_Project-1221.suppressed.lib and object D:\Documents\GitHub\TGP_PairProject\TGP_Project\Intermediate\Build\Win64\UE4Editor\Development\TGP_Project\UE4Editor-TGP_Project-1221.suppressed.exp
[2018.11.20-18.37.05:231][723]CompilerResultsLog: Total build time: 117.86 seconds (Parallel executor: 48.10 seconds)
[2018.11.20-18.37.05:232][723]LogMainFrame: MainFrame: Module compiling took 118.180 seconds
[2018.11.20-18.37.05:267][723]LogClass: Could not find existing class BaseCharacter in package /Script/TGP_Project for HotReload, assuming new class
[2018.11.20-18.37.05:267][723]LogClass: Could not find existing class BasePlayer in package /Script/TGP_Project for HotReload, assuming new class
[2018.11.20-18.37.05:267][723]LogClass: Could not find existing class CharacterBase in package /Script/TGP_Project for HotReload, assuming new class
[2018.11.20-18.37.05:271][723]LogHotReload: Re-instancing BaseCharacter after hot-reload.
[2018.11.20-18.37.05:582][723]LogHotReload: Re-instancing BasePlayer after hot-reload.
[2018.11.20-18.37.05:874][723]LogContentBrowser: Native class hierarchy updated for 'TGP_Project' in 0.0007 seconds. Added 4 classes and 3 folders.
[2018.11.20-18.37.05:877][723]Display: HotReload successful (0 functions remapped  0 scriptstructs remapped)
[2018.11.20-18.37.05:987][723]LogContentBrowser: Native class hierarchy populated in 0.0089 seconds. Added 2577 classes and 608 folders.
[2018.11.20-18.37.06:017][723]Display: HotReload took 126.3s.
[2018.11.20-18.37.19:583][936]LogTemp: Repeating last play command: New Editor Window (PIE)
[2018.11.20-18.37.19:595][936]LogPlayLevel: PlayLevel: No blueprints needed recompiling
[2018.11.20-18.37.19:595][936]PIE: New page: PIE session: BaseLevel (20 Nov 2018 18:37:19)
[2018.11.20-18.37.19:595][936]LogPlayLevel: Creating play world package: /Game/UEDPIE_0_BaseLevel
[2018.11.20-18.37.19:598][936]LogPlayLevel: PIE: StaticDuplicateObject took: (0.002033s)
[2018.11.20-18.37.19:598][936]LogAIModule: Creating AISystem for world BaseLevel
[2018.11.20-18.37.19:598][936]LogPlayLevel: PIE: World Init took: (0.000653s)
[2018.11.20-18.37.19:598][936]LogPlayLevel: PIE: Created PIE world by copying editor world from /Game/BaseLevel.BaseLevel to /Game/UEDPIE_0_BaseLevel.BaseLevel (0.002797s)
[2018.11.20-18.37.19:631][936]LogInit: XAudio2 using 'Headphones (4- SteelSeries Arctis 7 Game)' : 2 channels at 48 kHz using 16 bits per sample (channel mask 0x3)
[2018.11.20-18.37.19:653][936]LogInit: FAudioDevice initialized.
[2018.11.20-18.37.19:658][936]LogSlate: Updating window title bar state: overlay mode, drag disabled, window buttons hidden, title bar hidden
[2018.11.20-18.37.19:692][936]LogLoad: Game class is 'GameModeTemp_C'
[2018.11.20-18.37.19:693][936]LogWorld: Bringing World /Game/UEDPIE_0_BaseLevel.BaseLevel up for play (max tick rate 0) at 2018.11.20-18.37.19
[2018.11.20-18.37.19:694][936]LogWorld: Bringing up level for play took: 0.000802
[2018.11.20-18.37.19:705][936]LogGameMode: Display: Match State Changed from EnteringMap to WaitingToStart
[2018.11.20-18.37.19:705][936]LogGameState: Match State Changed from EnteringMap to WaitingToStart
[2018.11.20-18.37.19:705][936]LogGameMode: Display: Match State Changed from WaitingToStart to InProgress
[2018.11.20-18.37.19:706][936]LogGameState: Match State Changed from WaitingToStart to InProgress
[2018.11.20-18.37.19:708][936]PIE: Play in editor start time for /Game/UEDPIE_0_BaseLevel 0.371
[2018.11.20-18.37.36:558][950]LogSlate: Window 'TGP_Project Game Preview Standalone (64-bit/PCD3D_SM5)' being destroyed
[2018.11.20-18.37.36:590][950]LogPlayLevel: Display: Shutting down PIE online subsystems
[2018.11.20-18.37.36:655][955]LogPlayLevel: Display: Destroying online subsystem :Context_2
[2018.11.20-18.37.49:443][550]Candidate modules for hot reload:
[2018.11.20-18.37.49:443][550]  TGP_Project
[2018.11.20-18.37.49:444][550]Launching UnrealBuildTool... [C:/Program Files/Epic Games/UE_4.20/Engine/Binaries/DotNET/UnrealBuildTool.exe  -ModuleWithSuffix=TGP_Project,3084 Win64 Development -TargetType=Editor -Project="D:/Documents/GitHub/TGP_PairProject/TGP_Project/TGP_Project.uproject" -canskiplink "D:/Documents/GitHub/TGP_PairProject/TGP_Project/TGP_Project.uproject" ]
[2018.11.20-18.37.49:445][550]Warning: Starting HotReload took  0.0s.
[2018.11.20-18.37.51:700][810]CompilerResultsLog: New page: Compilation - 20 Nov 2018 18:37:51
[2018.11.20-18.37.51:700][810]CompilerResultsLog: Using 'git status' to determine working set for adaptive non-unity build.
[2018.11.20-18.37.51:701][810]CompilerResultsLog: Compiling game modules for hot reload
[2018.11.20-18.37.51:701][810]CompilerResultsLog: Target is up to date
[2018.11.20-18.37.51:701][810]CompilerResultsLog: Total build time: 1.85 seconds (NoActionsToExecute executor: 0.00 seconds)
[2018.11.20-18.37.51:701][810]LogMainFrame: MainFrame: Module compiling took 2.260 seconds
[2018.11.20-18.37.51:732][810]LogContentBrowser: Native class hierarchy populated in 0.0093 seconds. Added 2577 classes and 608 folders.
[2018.11.20-18.37.51:732][810]Display: HotReload took  2.3s.
[2018.11.20-18.38.10:502][ 62]LogEditorViewport: Clicking on Actor (LMB): StaticMeshActor (Floor)
[2018.11.20-18.38.14:506][459]LogEditorViewport: Clicking on Actor (LMB): PlayerCharacter_C (PlayerCharacter)
[2018.11.20-18.38.16:563][459]LogStats: FPlatformStackWalk::StackWalkAndDump -  1.965 s
[2018.11.20-18.38.16:563][459]LogOutputDevice: Error: === Handled ensure: ===
[2018.11.20-18.38.16:563][459]LogOutputDevice: Error: 
[2018.11.20-18.38.16:563][459]LogOutputDevice: Error: Ensure condition failed: Lhs.CurrentNum == Lhs.InitialNum [File:D:\Build\++UE4\Sync\Engine\Source\Runtime\Core\Public\Containers/Array.h] [Line: 206]
[2018.11.20-18.38.16:563][459]LogOutputDevice: Error: Array has changed during ranged-for iteration!
[2018.11.20-18.38.16:563][459]LogOutputDevice: Error: Stack: 
[2018.11.20-18.38.16:563][459]LogOutputDevice: Error: [Callstack] 0x00007ffe7efb71f6 UE4Editor-Core.dll!UnknownFunction []
[2018.11.20-18.38.16:563][459]LogOutputDevice: Error: [Callstack] 0x00007ffe7ecf0c92 UE4Editor-Core.dll!UnknownFunction []
[2018.11.20-18.38.16:563][459]LogOutputDevice: Error: [Callstack] 0x00007ffe7ed0b356 UE4Editor-Core.dll!UnknownFunction []
[2018.11.20-18.38.16:563][459]LogOutputDevice: Error: [Callstack] 0x00007ffe773c5573 UE4Editor-Kismet.dll!UnknownFunction []
[2018.11.20-18.38.16:564][459]LogOutputDevice: Error: [Callstack] 0x00007ffe773c568d UE4Editor-Kismet.dll!UnknownFunction []
[2018.11.20-18.38.16:564][459]LogOutputDevice: Error: [Callstack] 0x00007ffe774765a9 UE4Editor-Kismet.dll!UnknownFunction []
[2018.11.20-18.38.16:564][459]LogOutputDevice: Error: [Callstack] 0x00007ffe73e7ed74 UE4Editor-LevelEditor.dll!UnknownFunction []
[2018.11.20-18.38.16:564][459]LogOutputDevice: Error: [Callstack] 0x00007ffe73e5289c UE4Editor-LevelEditor.dll!UnknownFunction []
[2018.11.20-18.38.16:564][459]LogOutputDevice: Error: [Callstack] 0x00007ffe73e0f329 UE4Editor-LevelEditor.dll!UnknownFunction []
[2018.11.20-18.38.16:564][459]LogOutputDevice: Error: [Callstack] 0x00007ffe73d13d47 UE4Editor-LevelEditor.dll!UnknownFunction []
[2018.11.20-18.38.16:564][459]LogOutputDevice: Error: [Callstack] 0x00007ffe79d0cde2 UE4Editor-UnrealEd.dll!UnknownFunction []
[2018.11.20-18.38.16:564][459]LogOutputDevice: Error: [Callstack] 0x00007ffe79d0cd51 UE4Editor-UnrealEd.dll!UnknownFunction []
[2018.11.20-18.38.16:564][459]LogOutputDevice: Error: [Callstack] 0x00007ffe79cf5498 UE4Editor-UnrealEd.dll!UnknownFunction []
[2018.11.20-18.38.16:564][459]LogOutputDevice: Error: [Callstack] 0x00007ffe79d06a42 UE4Editor-UnrealEd.dll!UnknownFunction []
[2018.11.20-18.38.16:564][459]LogOutputDevice: Error: [Callstack] 0x00007ffe7a14413b UE4Editor-UnrealEd.dll!UnknownFunction []
[2018.11.20-18.38.16:564][459]LogOutputDevice: Error: [Callstack] 0x00007ffe7a167dfa UE4Editor-UnrealEd.dll!UnknownFunction []
[2018.11.20-18.38.16:564][459]LogOutputDevice: Error: [Callstack] 0x00007ffe79d632a5 UE4Editor-UnrealEd.dll!UnknownFunction []
[2018.11.20-18.38.16:564][459]LogOutputDevice: Error: [Callstack] 0x00007ffe79d5a5b1 UE4Editor-UnrealEd.dll!UnknownFunction []
[2018.11.20-18.38.16:564][459]LogOutputDevice: Error: [Callstack] 0x00007ffe7a1621f3 UE4Editor-UnrealEd.dll!UnknownFunction []
[2018.11.20-18.38.16:564][459]LogOutputDevice: Error: [Callstack] 0x00007ffe7ca058a1 UE4Editor-Engine.dll!UnknownFunction []
[2018.11.20-18.38.16:564][459]LogOutputDevice: Error: [Callstack] 0x00007ffe7b58c793 UE4Editor-Slate.dll!UnknownFunction []
[2018.11.20-18.38.16:564][459]LogOutputDevice: Error: [Callstack] 0x00007ffe7b2e94c5 UE4Editor-Slate.dll!UnknownFunction []
[2018.11.20-18.38.16:564][459]LogOutputDevice: Error: [Callstack] 0x00007ffe7b381db2 UE4Editor-Slate.dll!UnknownFunction []
[2018.11.20-18.38.16:565][459]LogOutputDevice: Error: [Callstack] 0x00007ffe7b367c7a UE4Editor-Slate.dll!UnknownFunction []
[2018.11.20-18.38.16:565][459]LogOutputDevice: Error: [Callstack] 0x00007ffe7b35b25c UE4Editor-Slate.dll!UnknownFunction []
[2018.11.20-18.38.16:565][459]LogOutputDevice: Error: [Callstack] 0x00007ffea81bd1c7 UE4Editor-ApplicationCore.dll!UnknownFunction []
[2018.11.20-18.38.16:565][459]LogOutputDevice: Error: [Callstack] 0x00007ffea81b0270 UE4Editor-ApplicationCore.dll!UnknownFunction []
[2018.11.20-18.38.16:565][459]LogOutputDevice: Error: [Callstack] 0x00007ffea81bf4c5 UE4Editor-ApplicationCore.dll!UnknownFunction []
[2018.11.20-18.38.16:565][459]LogOutputDevice: Error: [Callstack] 0x00007ffea81ac209 UE4Editor-ApplicationCore.dll!UnknownFunction []
[2018.11.20-18.38.16:565][459]LogOutputDevice: Error: [Callstack] 0x00007ffece9cb85d USER32.dll!UnknownFunction []
[2018.11.20-18.38.16:565][459]LogOutputDevice: Error: [Callstack] 0x00007ffece9cb1ef USER32.dll!UnknownFunction []
[2018.11.20-18.38.16:565][459]LogOutputDevice: Error: [Callstack] 0x00007ffea81c0646 UE4Editor-ApplicationCore.dll!UnknownFunction []
[2018.11.20-18.38.16:565][459]LogOutputDevice: Error: [Callstack] 0x00007ff7067d54e5 UE4Editor.exe!UnknownFunction []
[2018.11.20-18.38.16:565][459]LogOutputDevice: Error: [Callstack] 0x00007ff7067e5b3c UE4Editor.exe!UnknownFunction []
[2018.11.20-18.38.16:565][459]LogOutputDevice: Error: [Callstack] 0x00007ff7067e5bba UE4Editor.exe!UnknownFunction []
[2018.11.20-18.38.16:565][459]LogOutputDevice: Error: [Callstack] 0x00007ff7067f3dac UE4Editor.exe!UnknownFunction []
[2018.11.20-18.38.16:565][459]LogOutputDevice: Error: [Callstack] 0x00007ff7067f5aaa UE4Editor.exe!UnknownFunction []
[2018.11.20-18.38.16:565][459]LogOutputDevice: Error: [Callstack] 0x00007ffed0c01fe4 KERNEL32.DLL!UnknownFunction []
[2018.11.20-18.38.16:565][459]LogOutputDevice: Error: [Callstack] 0x00007ffed0dbcb81 ntdll.dll!UnknownFunction []
[2018.11.20-18.38.16:565][459]LogOutputDevice: Error: 
[2018.11.20-18.38.16:573][459]LogStats:                SubmitErrorReport -  0.000 s
[2018.11.20-18.38.23:536][459]LogStats:                    SendNewReport -  6.963 s
[2018.11.20-18.38.23:536][459]LogStats:             FDebug::EnsureFailed -  8.938 s
[2018.11.20-18.38.38:950][505]Cmd: OBJ SAVEPACKAGE PACKAGE="/Game/BaseLevel" FILE="D:/Documents/GitHub/TGP_PairProject/TGP_Project/Saved/Autosaves/Game/BaseLevel_Auto1.umap" SILENT=true AUTOSAVING=true KEEPDIRTY=false
[2018.11.20-18.38.39:127][505]LogSavePackage: Moving 'D:/Documents/GitHub/TGP_PairProject/TGP_Project/Saved/BaseLevel_Auto1662A28CD4D42A8972635F8AB657D81A0.tmp' to 'D:/Documents/GitHub/TGP_PairProject/TGP_Project/Saved/Autosaves/Game/BaseLevel_Auto1.umap'
[2018.11.20-18.38.39:134][505]LogFileHelpers: Editor autosave (incl. sublevels) for '/Game/BaseLevel' took 0.209
[2018.11.20-18.38.39:134][505]LogFileHelpers: Editor autosave (incl. sublevels) for all levels took 0.209
[2018.11.20-19.30.07:803][610]LogSlate: FSceneViewport::OnFocusLost() reason 0
[2018.11.20-19.31.11:135][854]Candidate modules for hot reload:
[2018.11.20-19.31.11:135][854]  TGP_Project
[2018.11.20-19.31.11:135][854]Launching UnrealBuildTool... [C:/Program Files/Epic Games/UE_4.20/Engine/Binaries/DotNET/UnrealBuildTool.exe  -ModuleWithSuffix=TGP_Project,2371 Win64 Development -TargetType=Editor -Project="D:/Documents/GitHub/TGP_PairProject/TGP_Project/TGP_Project.uproject" -canskiplink "D:/Documents/GitHub/TGP_PairProject/TGP_Project/TGP_Project.uproject" ]
[2018.11.20-19.31.11:137][854]Warning: Starting HotReload took  0.0s.
[2018.11.20-19.31.13:345][103]CompilerResultsLog: New page: Compilation - 20 Nov 2018 19:31:13
[2018.11.20-19.31.13:345][103]CompilerResultsLog: Using 'git status' to determine working set for adaptive non-unity build.
[2018.11.20-19.31.13:345][103]CompilerResultsLog: Compiling game modules for hot reload
[2018.11.20-19.31.13:345][103]CompilerResultsLog: Target is up to date
[2018.11.20-19.31.13:345][103]CompilerResultsLog: Total build time: 1.92 seconds (NoActionsToExecute executor: 0.00 seconds)
[2018.11.20-19.31.13:345][103]LogMainFrame: MainFrame: Module compiling took 2.213 seconds
[2018.11.20-19.31.13:377][103]LogContentBrowser: Native class hierarchy populated in 0.0093 seconds. Added 2577 classes and 608 folders.
[2018.11.20-19.31.13:377][103]Display: HotReload took  2.3s.
[2018.11.20-19.31.21:496][ 64]LogEditorViewport: Clicking on Actor (LMB): StaticMeshActor (Floor)
[2018.11.20-19.31.26:308][608]LogSlate: FSceneViewport::OnFocusLost() reason 0
[2018.11.20-19.31.26:391][618]LogTemp: Repeating last play command: New Editor Window (PIE)
[2018.11.20-19.31.26:402][618]LogPlayLevel: PlayLevel: No blueprints needed recompiling
[2018.11.20-19.31.26:403][618]PIE: New page: PIE session: BaseLevel (20 Nov 2018 19:31:26)
[2018.11.20-19.31.26:403][618]LogPlayLevel: Creating play world package: /Game/UEDPIE_0_BaseLevel
[2018.11.20-19.31.26:405][618]LogPlayLevel: PIE: StaticDuplicateObject took: (0.002064s)
[2018.11.20-19.31.26:405][618]LogAIModule: Creating AISystem for world BaseLevel
[2018.11.20-19.31.26:405][618]LogPlayLevel: PIE: World Init took: (0.000674s)
[2018.11.20-19.31.26:405][618]LogPlayLevel: PIE: Created PIE world by copying editor world from /Game/BaseLevel.BaseLevel to /Game/UEDPIE_0_BaseLevel.BaseLevel (0.002858s)
[2018.11.20-19.31.26:437][618]LogInit: XAudio2 using 'Headphones (4- SteelSeries Arctis 7 Game)' : 2 channels at 48 kHz using 16 bits per sample (channel mask 0x3)
[2018.11.20-19.31.26:456][618]LogInit: FAudioDevice initialized.
[2018.11.20-19.31.26:462][618]LogSlate: Updating window title bar state: overlay mode, drag disabled, window buttons hidden, title bar hidden
[2018.11.20-19.31.26:497][618]LogLoad: Game class is 'GameModeTemp_C'
[2018.11.20-19.31.26:498][618]LogWorld: Bringing World /Game/UEDPIE_0_BaseLevel.BaseLevel up for play (max tick rate 0) at 2018.11.20-19.31.26
[2018.11.20-19.31.26:498][618]LogWorld: Bringing up level for play took: 0.000796
[2018.11.20-19.31.26:511][618]LogGameMode: Display: Match State Changed from EnteringMap to WaitingToStart
[2018.11.20-19.31.26:511][618]LogGameState: Match State Changed from EnteringMap to WaitingToStart
[2018.11.20-19.31.26:511][618]LogGameMode: Display: Match State Changed from WaitingToStart to InProgress
[2018.11.20-19.31.26:511][618]LogGameState: Match State Changed from WaitingToStart to InProgress
[2018.11.20-19.31.26:515][618]PIE: Play in editor start time for /Game/UEDPIE_0_BaseLevel -0.823
[2018.11.20-19.31.29:027][913]LogSlate: Updating window title bar state: overlay mode, drag disabled, window buttons hidden, title bar hidden
[2018.11.20-19.31.29:039][913]LogSlate: Window 'TGP_Project Game Preview Standalone (64-bit/PCD3D_SM5)' being destroyed
[2018.11.20-19.31.29:067][913]LogPlayLevel: Display: Shutting down PIE online subsystems
[2018.11.20-19.31.29:127][916]LogPlayLevel: Display: Destroying online subsystem :Context_5
[2018.11.20-19.31.30:290][ 55]LogEditorViewport: Clicking on Actor (LMB): PostProcessVolume (PostProcessVolume)
[2018.11.20-19.31.35:024][607]LogSlate: FSceneViewport::OnFocusLost() reason 0
[2018.11.20-19.31.35:099][616]LogTemp: Repeating last play command: New Editor Window (PIE)
[2018.11.20-19.31.35:110][616]LogPlayLevel: PlayLevel: No blueprints needed recompiling
[2018.11.20-19.31.35:110][616]PIE: New page: PIE session: BaseLevel (20 Nov 2018 19:31:35)
[2018.11.20-19.31.35:110][616]LogPlayLevel: Creating play world package: /Game/UEDPIE_0_BaseLevel
[2018.11.20-19.31.35:112][616]LogPlayLevel: PIE: StaticDuplicateObject took: (0.001921s)
[2018.11.20-19.31.35:112][616]LogAIModule: Creating AISystem for world BaseLevel
[2018.11.20-19.31.35:113][616]LogPlayLevel: PIE: World Init took: (0.000610s)
[2018.11.20-19.31.35:113][616]LogPlayLevel: PIE: Created PIE world by copying editor world from /Game/BaseLevel.BaseLevel to /Game/UEDPIE_0_BaseLevel.BaseLevel (0.002690s)
[2018.11.20-19.31.35:146][616]LogInit: XAudio2 using 'Headphones (4- SteelSeries Arctis 7 Game)' : 2 channels at 48 kHz using 16 bits per sample (channel mask 0x3)
[2018.11.20-19.31.35:165][616]LogInit: FAudioDevice initialized.
[2018.11.20-19.31.35:170][616]LogSlate: Updating window title bar state: overlay mode, drag disabled, window buttons hidden, title bar hidden
[2018.11.20-19.31.35:203][616]LogLoad: Game class is 'GameModeTemp_C'
[2018.11.20-19.31.35:204][616]LogWorld: Bringing World /Game/UEDPIE_0_BaseLevel.BaseLevel up for play (max tick rate 0) at 2018.11.20-19.31.35
[2018.11.20-19.31.35:204][616]LogWorld: Bringing up level for play took: 0.000718
[2018.11.20-19.31.35:217][616]LogGameMode: Display: Match State Changed from EnteringMap to WaitingToStart
[2018.11.20-19.31.35:217][616]LogGameState: Match State Changed from EnteringMap to WaitingToStart
[2018.11.20-19.31.35:217][616]LogGameMode: Display: Match State Changed from WaitingToStart to InProgress
[2018.11.20-19.31.35:218][616]LogGameState: Match State Changed from WaitingToStart to InProgress
[2018.11.20-19.31.35:223][616]PIE: Play in editor start time for /Game/UEDPIE_0_BaseLevel -0.114
[2018.11.20-19.31.38:547][  6]LogSlate: Updating window title bar state: overlay mode, drag disabled, window buttons hidden, title bar hidden
[2018.11.20-19.31.38:559][  6]LogSlate: Window 'TGP_Project Game Preview Standalone (64-bit/PCD3D_SM5)' being destroyed
[2018.11.20-19.31.38:588][  6]LogPlayLevel: Display: Shutting down PIE online subsystems
[2018.11.20-19.31.38:649][  9]LogPlayLevel: Display: Destroying online subsystem :Context_6
[2018.11.20-19.31.39:932][163]Cmd: TRANSACTION UNDO
[2018.11.20-19.31.39:932][163]LogEditorTransaction: Undo Move Actors
[2018.11.20-19.31.45:594][783]LogEditorViewport: Clicking on Actor (LMB): PostProcessVolume (PostProcessVolume)
[2018.11.20-19.31.46:988][941]LogSlate: FSceneViewport::OnFocusLost() reason 0
[2018.11.20-19.32.14:680][226]LogSlate: FSceneViewport::OnFocusLost() reason 0
[2018.11.20-19.32.36:585][837]LogSlate: FSceneViewport::OnFocusLost() reason 2
[2018.11.20-19.32.51:055][543]LogSlate: FSceneViewport::OnFocusLost() reason 0
[2018.11.20-19.32.51:121][551]LogTemp: Repeating last play command: New Editor Window (PIE)
[2018.11.20-19.32.51:133][551]LogPlayLevel: PlayLevel: No blueprints needed recompiling
[2018.11.20-19.32.51:133][551]PIE: New page: PIE session: BaseLevel (20 Nov 2018 19:32:51)
[2018.11.20-19.32.51:133][551]LogPlayLevel: Creating play world package: /Game/UEDPIE_0_BaseLevel
[2018.11.20-19.32.51:135][551]LogPlayLevel: PIE: StaticDuplicateObject took: (0.002047s)
[2018.11.20-19.32.51:136][551]LogAIModule: Creating AISystem for world BaseLevel
[2018.11.20-19.32.51:136][551]LogPlayLevel: PIE: World Init took: (0.000662s)
[2018.11.20-19.32.51:136][551]LogPlayLevel: PIE: Created PIE world by copying editor world from /Game/BaseLevel.BaseLevel to /Game/UEDPIE_0_BaseLevel.BaseLevel (0.002975s)
[2018.11.20-19.32.51:167][551]LogInit: XAudio2 using 'Headphones (4- SteelSeries Arctis 7 Game)' : 2 channels at 48 kHz using 16 bits per sample (channel mask 0x3)
[2018.11.20-19.32.51:187][551]LogInit: FAudioDevice initialized.
[2018.11.20-19.32.51:192][551]LogSlate: Updating window title bar state: overlay mode, drag disabled, window buttons hidden, title bar hidden
[2018.11.20-19.32.51:226][551]LogLoad: Game class is 'GameModeTemp_C'
[2018.11.20-19.32.51:227][551]LogWorld: Bringing World /Game/UEDPIE_0_BaseLevel.BaseLevel up for play (max tick rate 0) at 2018.11.20-19.32.51
[2018.11.20-19.32.51:227][551]LogWorld: Bringing up level for play took: 0.000735
[2018.11.20-19.32.51:240][551]LogGameMode: Display: Match State Changed from EnteringMap to WaitingToStart
[2018.11.20-19.32.51:240][551]LogGameState: Match State Changed from EnteringMap to WaitingToStart
[2018.11.20-19.32.51:240][551]LogGameMode: Display: Match State Changed from WaitingToStart to InProgress
[2018.11.20-19.32.51:241][551]LogGameState: Match State Changed from WaitingToStart to InProgress
[2018.11.20-19.32.51:248][551]PIE: Play in editor start time for /Game/UEDPIE_0_BaseLevel -0.09
[2018.11.20-19.32.58:176][372]Cmd: NextDebugTarget
[2018.11.20-19.32.58:683][426]Cmd: PreviousDebugTarget
[2018.11.20-19.33.04:968][180]LogSlate: Updating window title bar state: overlay mode, drag disabled, window buttons hidden, title bar hidden
[2018.11.20-19.33.04:979][180]LogSlate: Window 'TGP_Project Game Preview Standalone (64-bit/PCD3D_SM5)' being destroyed
[2018.11.20-19.33.05:009][180]LogPlayLevel: Display: Shutting down PIE online subsystems
[2018.11.20-19.33.05:072][184]LogPlayLevel: Display: Destroying online subsystem :Context_7
[2018.11.20-19.33.08:431][587]LogEditorViewport: Clicking on Actor (LMB): PostProcessVolume (PostProcessVolume)
[2018.11.20-19.33.32:167][411]LogSlate: FSceneViewport::OnFocusLost() reason 0
[2018.11.20-19.33.32:175][412]LogTemp: Repeating last play command: New Editor Window (PIE)
[2018.11.20-19.33.32:187][412]LogPlayLevel: PlayLevel: No blueprints needed recompiling
[2018.11.20-19.33.32:187][412]PIE: New page: PIE session: BaseLevel (20 Nov 2018 19:33:32)
[2018.11.20-19.33.32:187][412]LogPlayLevel: Creating play world package: /Game/UEDPIE_0_BaseLevel
[2018.11.20-19.33.32:189][412]LogPlayLevel: PIE: StaticDuplicateObject took: (0.002144s)
[2018.11.20-19.33.32:190][412]LogAIModule: Creating AISystem for world BaseLevel
[2018.11.20-19.33.32:190][412]LogPlayLevel: PIE: World Init took: (0.000563s)
[2018.11.20-19.33.32:190][412]LogPlayLevel: PIE: Created PIE world by copying editor world from /Game/BaseLevel.BaseLevel to /Game/UEDPIE_0_BaseLevel.BaseLevel (0.002820s)
[2018.11.20-19.33.32:223][412]LogInit: XAudio2 using 'Headphones (4- SteelSeries Arctis 7 Game)' : 2 channels at 48 kHz using 16 bits per sample (channel mask 0x3)
[2018.11.20-19.33.32:242][412]LogInit: FAudioDevice initialized.
[2018.11.20-19.33.32:249][412]LogSlate: Updating window title bar state: overlay mode, drag disabled, window buttons hidden, title bar hidden
[2018.11.20-19.33.32:284][412]LogLoad: Game class is 'GameModeTemp_C'
[2018.11.20-19.33.32:285][412]LogWorld: Bringing World /Game/UEDPIE_0_BaseLevel.BaseLevel up for play (max tick rate 0) at 2018.11.20-19.33.32
[2018.11.20-19.33.32:285][412]LogWorld: Bringing up level for play took: 0.000865
[2018.11.20-19.33.32:297][412]LogGameMode: Display: Match State Changed from EnteringMap to WaitingToStart
[2018.11.20-19.33.32:297][412]LogGameState: Match State Changed from EnteringMap to WaitingToStart
[2018.11.20-19.33.32:297][412]LogGameMode: Display: Match State Changed from WaitingToStart to InProgress
[2018.11.20-19.33.32:297][412]LogGameState: Match State Changed from WaitingToStart to InProgress
[2018.11.20-19.33.32:301][412]PIE: Play in editor start time for /Game/UEDPIE_0_BaseLevel 0.964
[2018.11.20-19.33.33:902][599]LogSlate: Updating window title bar state: overlay mode, drag disabled, window buttons hidden, title bar hidden
[2018.11.20-19.33.33:913][599]LogSlate: Window 'TGP_Project Game Preview Standalone (64-bit/PCD3D_SM5)' being destroyed
[2018.11.20-19.33.33:945][599]LogPlayLevel: Display: Shutting down PIE online subsystems
[2018.11.20-19.33.34:009][603]LogPlayLevel: Display: Destroying online subsystem :Context_8
[2018.11.20-19.33.35:084][732]LogEditorViewport: Clicking on Actor (LMB): PostProcessVolume (PostProcessVolume)
[2018.11.20-19.33.42:876][614]LogSlate: FSceneViewport::OnFocusLost() reason 0
[2018.11.20-19.33.42:959][623]LogAssetEditorManager: Opening Asset editor for Blueprint /Game/PlayerCharacter.PlayerCharacter
[2018.11.20-19.33.43:409][623]LogContentBrowser: Native class hierarchy updated for 'BlueprintGraph' in 0.0006 seconds. Added 116 classes and 0 folders.
[2018.11.20-19.34.32:267][383]BlueprintLog: New page: Compile PlayerCharacter
[2018.11.20-19.34.33:858][532]LogTemp: Repeating last play command: New Editor Window (PIE)
[2018.11.20-19.34.33:874][532]LogPlayLevel: PlayLevel: No blueprints needed recompiling
[2018.11.20-19.34.33:874][532]PIE: New page: PIE session: BaseLevel (20 Nov 2018 19:34:33)
[2018.11.20-19.34.33:874][532]LogPlayLevel: Creating play world package: /Game/UEDPIE_0_BaseLevel
[2018.11.20-19.34.33:876][532]LogPlayLevel: PIE: StaticDuplicateObject took: (0.001900s)
[2018.11.20-19.34.33:877][532]LogAIModule: Creating AISystem for world BaseLevel
[2018.11.20-19.34.33:877][532]LogPlayLevel: PIE: World Init took: (0.000631s)
[2018.11.20-19.34.33:877][532]LogPlayLevel: PIE: Created PIE world by copying editor world from /Game/BaseLevel.BaseLevel to /Game/UEDPIE_0_BaseLevel.BaseLevel (0.002634s)
[2018.11.20-19.34.33:914][532]LogInit: XAudio2 using 'Headphones (4- SteelSeries Arctis 7 Game)' : 2 channels at 48 kHz using 16 bits per sample (channel mask 0x3)
[2018.11.20-19.34.33:936][532]LogInit: FAudioDevice initialized.
[2018.11.20-19.34.33:941][532]LogSlate: Updating window title bar state: overlay mode, drag disabled, window buttons hidden, title bar hidden
[2018.11.20-19.34.33:973][532]LogLoad: Game class is 'GameModeTemp_C'
[2018.11.20-19.34.33:974][532]LogWorld: Bringing World /Game/UEDPIE_0_BaseLevel.BaseLevel up for play (max tick rate 0) at 2018.11.20-19.34.33
[2018.11.20-19.34.33:975][532]LogWorld: Bringing up level for play took: 0.000813
[2018.11.20-19.34.33:987][532]LogGameMode: Display: Match State Changed from EnteringMap to WaitingToStart
[2018.11.20-19.34.33:987][532]LogGameState: Match State Changed from EnteringMap to WaitingToStart
[2018.11.20-19.34.33:987][532]LogGameMode: Display: Match State Changed from WaitingToStart to InProgress
[2018.11.20-19.34.33:987][532]LogGameState: Match State Changed from WaitingToStart to InProgress
[2018.11.20-19.34.33:991][532]PIE: Play in editor start time for /Game/UEDPIE_0_BaseLevel 0.653
[2018.11.20-19.34.37:054][893]LogSlate: Updating window title bar state: overlay mode, drag disabled, window buttons hidden, title bar hidden
[2018.11.20-19.34.37:067][893]LogSlate: Window 'TGP_Project Game Preview Standalone (64-bit/PCD3D_SM5)' being destroyed
[2018.11.20-19.34.37:095][893]LogPlayLevel: Display: Shutting down PIE online subsystems
[2018.11.20-19.34.37:158][896]LogPlayLevel: Display: Destroying online subsystem :Context_10
[2018.11.20-19.34.49:829][133]LogSlate: Window 'Save Content' being destroyed
[2018.11.20-19.34.49:921][133]Cmd: OBJ SAVEPACKAGE PACKAGE="/Game/BaseLevel" FILE="D:/Documents/GitHub/TGP_PairProject/TGP_Project/Content/BaseLevel.umap" SILENT=true AUTOSAVING=false KEEPDIRTY=false
[2018.11.20-19.34.49:991][133]LogSavePackage: Moving 'D:/Documents/GitHub/TGP_PairProject/TGP_Project/Saved/BaseLevel18EF31944ECB513538B9DD93313BA6E0.tmp' to 'D:/Documents/GitHub/TGP_PairProject/TGP_Project/Content/BaseLevel.umap'
[2018.11.20-19.34.50:013][133]LogFileHelpers: Saving map 'BaseLevel' took 0.168
[2018.11.20-19.34.50:015][133]Cmd: OBJ SAVEPACKAGE PACKAGE="/Game/PlayerCharacter" FILE="D:/Documents/GitHub/TGP_PairProject/TGP_Project/Content/PlayerCharacter.uasset" SILENT=true
[2018.11.20-19.34.50:041][133]LogSavePackage: Moving 'D:/Documents/GitHub/TGP_PairProject/TGP_Project/Saved/PlayerCharacter416829B04B3695619327A397C34BDB62.tmp' to 'D:/Documents/GitHub/TGP_PairProject/TGP_Project/Content/PlayerCharacter.uasset'
[2018.11.20-19.34.50:159][133]LogSlate: Window 'TGP_Project - Unreal Editor' being destroyed
[2018.11.20-19.34.50:160][133]LogWindowsTextInputMethodSystem: Display: IME system now deactivated.
[2018.11.20-19.34.50:392][134]Cmd: QUIT_EDITOR
[2018.11.20-19.34.51:193][134]LogExit: Preparing to exit.
[2018.11.20-19.34.51:657][134]LogExit: Editor shut down
[2018.11.20-19.34.51:658][134]LogExit: Transaction tracking system shut down
[2018.11.20-19.34.52:091][134]LogExit: Object subsystem successfully closed.
[2018.11.20-19.34.52:107][134]LogShaderCompilers: Display: Shaders left to compile 0
[2018.11.20-19.34.52:114][134]LogD3D11RHI: Shutdown
[2018.11.20-19.34.52:114][134]LogD3D11RHI: CleanupD3DDevice
[2018.11.20-19.34.52:118][134]LogD3D11RHI: ~FD3D11DynamicRHI
[2018.11.20-19.34.52:149][134]LogModuleManager: Shutting down and abandoning module BlueprintGraph (619)
[2018.11.20-19.34.52:149][134]LogModuleManager: Shutting down and abandoning module TGP_Project (617)
[2018.11.20-19.34.52:149][134]LogModuleManager: Shutting down and abandoning module MovieSceneCapture (616)
[2018.11.20-19.34.52:149][134]LogModuleManager: Shutting down and abandoning module Voice (614)
[2018.11.20-19.34.52:149][134]LogModuleManager: Shutting down and abandoning module HierarchicalLODOutliner (612)
[2018.11.20-19.34.52:150][134]LogModuleManager: Shutting down and abandoning module SceneOutliner (610)
[2018.11.20-19.34.52:150][134]LogModuleManager: Shutting down and abandoning module AddContentDialog (608)
[2018.11.20-19.34.52:155][134]LogModuleManager: Shutting down and abandoning module WidgetCarousel (607)
[2018.11.20-19.34.52:155][134]LogModuleManager: Shutting down and abandoning module EditorWidgets (604)
[2018.11.20-19.34.52:155][134]LogModuleManager: Shutting down and abandoning module CollectionManager (602)
[2018.11.20-19.34.52:155][134]LogModuleManager: Shutting down and abandoning module StatsViewer (600)
[2018.11.20-19.34.52:156][134]LogModuleManager: Shutting down and abandoning module FoliageEdit (598)
[2018.11.20-19.34.52:156][134]LogModuleManager: Shutting down and abandoning module LandscapeEditor (596)
[2018.11.20-19.34.52:156][134]LogModuleManager: Shutting down and abandoning module MeshPaintMode (594)
[2018.11.20-19.34.52:156][134]LogModuleManager: Shutting down and abandoning module SceneDepthPickerMode (592)
[2018.11.20-19.34.52:156][134]LogModuleManager: Shutting down and abandoning module ActorPickerMode (590)
[2018.11.20-19.34.52:156][134]LogModuleManager: Shutting down and abandoning module GeometryMode (588)
[2018.11.20-19.34.52:156][134]LogModuleManager: Shutting down and abandoning module TextureAlignMode (586)
[2018.11.20-19.34.52:156][134]LogModuleManager: Shutting down and abandoning module BspMode (584)
[2018.11.20-19.34.52:156][134]LogModuleManager: Shutting down and abandoning module PIEPreviewDeviceProfileSelector (582)
[2018.11.20-19.34.52:156][134]LogModuleManager: Shutting down and abandoning module SequenceRecorderSections (580)
[2018.11.20-19.34.52:156][134]LogModuleManager: Shutting down and abandoning module AutomationWorker (578)
[2018.11.20-19.34.52:156][134]LogModuleManager: Shutting down and abandoning module AudioCaptureEditor (576)
[2018.11.20-19.34.52:156][134]LogModuleManager: Shutting down and abandoning module SequenceRecorder (575)
[2018.11.20-19.34.52:156][134]LogModuleManager: Shutting down and abandoning module MatineeToLevelSequence (572)
[2018.11.20-19.34.52:156][134]LogModuleManager: Shutting down and abandoning module LevelSequenceEditor (570)
[2018.11.20-19.34.52:156][134]LogModuleManager: Shutting down and abandoning module PlacementMode (569)
[2018.11.20-19.34.52:156][134]LogModuleManager: Shutting down and abandoning module MaterialEditor (568)
[2018.11.20-19.34.52:156][134]LogModuleManager: Shutting down and abandoning module WmfMediaFactory (564)
[2018.11.20-19.34.52:156][134]LogModuleManager: Shutting down and abandoning module WmfMediaEditor (562)
[2018.11.20-19.34.52:156][134]LogModuleManager: Shutting down and abandoning module MediaPlayerEditor (560)
[2018.11.20-19.34.52:156][134]LogModuleManager: Shutting down and abandoning module OpenExrWrapper (558)
[2018.11.20-19.34.52:156][134]LogModuleManager: Shutting down and abandoning module ImgMediaFactory (556)
[2018.11.20-19.34.52:156][134]LogModuleManager: Shutting down and abandoning module ImgMediaEditor (554)
[2018.11.20-19.34.52:156][134]LogModuleManager: Shutting down and abandoning module AvfMediaFactory (552)
[2018.11.20-19.34.52:156][134]LogModuleManager: Shutting down and abandoning module AvfMediaEditor (550)
[2018.11.20-19.34.52:156][134]LogModuleManager: Shutting down and abandoning module AndroidMediaFactory (548)
[2018.11.20-19.34.52:156][134]LogModuleManager: Shutting down and abandoning module AndroidMediaEditor (546)
[2018.11.20-19.34.52:156][134]LogModuleManager: Shutting down and abandoning module MagicLeapCameraPreviewFactory (544)
[2018.11.20-19.34.52:156][134]LogModuleManager: Shutting down and abandoning module MagicLeapMediaFactory (542)
[2018.11.20-19.34.52:156][134]LogModuleManager: Shutting down and abandoning module MagicLeapMediaEditor (540)
[2018.11.20-19.34.52:156][134]LogModuleManager: Shutting down and abandoning module CharacterAI (538)
[2018.11.20-19.34.52:156][134]LogModuleManager: Shutting down and abandoning module SmartSnapping (536)
[2018.11.20-19.34.52:156][134]LogModuleManager: Shutting down and abandoning module SessionServices (534)
[2018.11.20-19.34.52:156][134]LogModuleManager: Shutting down and abandoning module ViewportSnapping (532)
[2018.11.20-19.34.52:157][134]LogModuleManager: Shutting down and abandoning module ViewportInteraction (530)
[2018.11.20-19.34.52:157][134]LogModuleManager: Shutting down and abandoning module ClothPainter (528)
[2018.11.20-19.34.52:157][134]LogModuleManager: Shutting down and abandoning module SkeletalMeshEditor (527)
[2018.11.20-19.34.52:157][134]LogModuleManager: Shutting down and abandoning module LogVisualizer (524)
[2018.11.20-19.34.52:157][134]LogModuleManager: Shutting down and abandoning module IntroTutorials (522)
[2018.11.20-19.34.52:157][134]LogModuleManager: Shutting down and abandoning module GameProjectGeneration (521)
[2018.11.20-19.34.52:157][134]LogModuleManager: Shutting down and abandoning module LuminPlatformEditor (518)
[2018.11.20-19.34.52:157][134]LogModuleManager: Shutting down and abandoning module IOSPlatformEditor (516)
[2018.11.20-19.34.52:157][134]LogModuleManager: Shutting down and abandoning module HTML5PlatformEditor (514)
[2018.11.20-19.34.52:157][134]LogModuleManager: Shutting down and abandoning module AndroidPlatformEditor (512)
[2018.11.20-19.34.52:157][134]LogModuleManager: Shutting down and abandoning module AndroidDeviceDetection (511)
[2018.11.20-19.34.53:708][134]LogModuleManager: Shutting down and abandoning module WindowsPlatformEditor (508)
[2018.11.20-19.34.53:708][134]LogModuleManager: Shutting down and abandoning module LuminRuntimeSettings (506)
[2018.11.20-19.34.53:708][134]LogModuleManager: Shutting down and abandoning module IOSRuntimeSettings (504)
[2018.11.20-19.34.53:708][134]LogModuleManager: Shutting down and abandoning module AndroidRuntimeSettings (502)
[2018.11.20-19.34.53:708][134]LogModuleManager: Shutting down and abandoning module InputBindingEditor (500)
[2018.11.20-19.34.53:708][134]LogModuleManager: Shutting down and abandoning module MergeActors (498)
[2018.11.20-19.34.53:708][134]LogModuleManager: Shutting down and abandoning module LocalizationDashboard (496)
[2018.11.20-19.34.53:709][134]LogModuleManager: Shutting down and abandoning module LocalizationService (495)
[2018.11.20-19.34.53:709][134]LogModuleManager: Shutting down and abandoning module HardwareTargeting (492)
[2018.11.20-19.34.53:709][134]LogModuleManager: Shutting down and abandoning module DeviceProfileEditor (490)
[2018.11.20-19.34.53:709][134]LogModuleManager: Shutting down and abandoning module UndoHistory (488)
[2018.11.20-19.34.53:709][134]LogModuleManager: Shutting down and abandoning module XmlParser (486)
[2018.11.20-19.34.53:709][134]LogModuleManager: Shutting down and abandoning module Blutility (484)
[2018.11.20-19.34.53:709][134]LogModuleManager: Shutting down and abandoning module ProjectSettingsViewer (482)
[2018.11.20-19.34.53:709][134]LogModuleManager: Shutting down and abandoning module ProjectTargetPlatformEditor (481)
[2018.11.20-19.34.53:710][134]LogModuleManager: Shutting down and abandoning module EditorSettingsViewer (478)
[2018.11.20-19.34.53:710][134]LogModuleManager: Shutting down and abandoning module SettingsEditor (476)
[2018.11.20-19.34.53:710][134]LogModuleManager: Shutting down and abandoning module ProjectLauncher (474)
[2018.11.20-19.34.53:711][134]LogModuleManager: Shutting down and abandoning module SessionFrontend (472)
[2018.11.20-19.34.53:711][134]LogModuleManager: Shutting down and abandoning module ProfilerClient (470)
[2018.11.20-19.34.53:711][134]LogModuleManager: Shutting down and abandoning module DeviceManager (468)
[2018.11.20-19.34.53:712][134]LogModuleManager: Shutting down and abandoning module TargetDeviceServices (467)
[2018.11.20-19.34.53:780][134]LogModuleManager: Shutting down and abandoning module AutomationController (464)
[2018.11.20-19.34.53:780][134]LogModuleManager: Shutting down and abandoning module AutomationWindow (462)
[2018.11.20-19.34.53:780][134]LogModuleManager: Shutting down and abandoning module Layers (460)
[2018.11.20-19.34.53:780][134]LogModuleManager: Shutting down and abandoning module ComponentVisualizers (458)
[2018.11.20-19.34.53:780][134]LogModuleManager: Shutting down and abandoning module DetailCustomizations (456)
[2018.11.20-19.34.53:780][134]LogModuleManager: Shutting down and abandoning module PackagesDialog (454)
[2018.11.20-19.34.53:780][134]LogModuleManager: Shutting down and abandoning module Persona (452)
[2018.11.20-19.34.53:781][134]LogModuleManager: Shutting down and abandoning module AdvancedPreviewScene (451)
[2018.11.20-19.34.53:781][134]LogModuleManager: Shutting down and abandoning module AnimGraph (449)
[2018.11.20-19.34.53:781][134]LogModuleManager: Shutting down and abandoning module Kismet (446)
[2018.11.20-19.34.53:787][134]LogModuleManager: Shutting down and abandoning module GraphEditor (444)
[2018.11.20-19.34.53:787][134]LogModuleManager: Shutting down and abandoning module ClassViewer (442)
[2018.11.20-19.34.53:787][134]LogModuleManager: Shutting down and abandoning module Toolbox (440)
[2018.11.20-19.34.53:787][134]LogModuleManager: Shutting down and abandoning module DesktopPlatform (439)
[2018.11.20-19.34.53:787][134]LogModuleManager: Shutting down and abandoning module ModuleUI (436)
[2018.11.20-19.34.53:787][134]LogModuleManager: Shutting down and abandoning module MovieSceneTools (434)
[2018.11.20-19.34.53:787][134]LogModuleManager: Shutting down and abandoning module OutputLog (432)
[2018.11.20-19.34.53:787][134]LogModuleManager: Shutting down and abandoning module GammaUI (430)
[2018.11.20-19.34.53:787][134]LogModuleManager: Shutting down and abandoning module Documentation (428)
[2018.11.20-19.34.53:787][134]LogModuleManager: Shutting down and abandoning module MovieSceneTracks (426)
[2018.11.20-19.34.53:787][134]LogModuleManager: Shutting down and abandoning module MovieScene (424)
[2018.11.20-19.34.53:787][134]LogModuleManager: Shutting down and abandoning module StreamingPauseRendering (422)
[2018.11.20-19.34.53:787][134]LogModuleManager: Shutting down and abandoning module LauncherPlatform (420)
[2018.11.20-19.34.53:788][134]LogModuleManager: Shutting down and abandoning module AnalyticsET (418)
[2018.11.20-19.34.53:788][134]LogModuleManager: Shutting down and abandoning module PortalServices (416)
[2018.11.20-19.34.53:788][134]LogModuleManager: Shutting down and abandoning module PortalRpc (414)
[2018.11.20-19.34.53:788][134]LogModuleManager: Shutting down and abandoning module MessagingRpc (412)
[2018.11.20-19.34.53:788][134]LogModuleManager: Shutting down and abandoning module AIModule (410)
[2018.11.20-19.34.53:788][134]LogModuleManager: Shutting down and abandoning module GameplayDebugger (409)
[2018.11.20-19.34.53:788][134]LogModuleManager: Shutting down and abandoning module AITestSuite (407)
[2018.11.20-19.34.53:788][134]LogModuleManager: Shutting down and abandoning module NavigationSystem (405)
[2018.11.20-19.34.53:788][134]LogModuleManager: Shutting down and abandoning module ProfilerService (402)
[2018.11.20-19.34.53:825][134]LogModuleManager: Shutting down and abandoning module TaskGraph (400)
[2018.11.20-19.34.53:825][134]LogModuleManager: Shutting down and abandoning module SteamVRController (398)
[2018.11.20-19.34.53:826][134]LogModuleManager: Shutting down and abandoning module ProceduralMeshComponentEditor (396)
[2018.11.20-19.34.53:826][134]LogModuleManager: Shutting down and abandoning module ProceduralMeshComponent (394)
[2018.11.20-19.34.53:826][134]LogModuleManager: Shutting down and abandoning module OculusInput (392)
[2018.11.20-19.34.53:826][134]LogModuleManager: Shutting down and abandoning module MobilePatchingUtils (390)
[2018.11.20-19.34.53:826][134]LogModuleManager: Shutting down and abandoning module EditableMesh (388)
[2018.11.20-19.34.53:826][134]LogModuleManager: Shutting down and abandoning module CustomMeshComponent (386)
[2018.11.20-19.34.53:826][134]LogModuleManager: Shutting down and abandoning module CableComponent (384)
[2018.11.20-19.34.53:826][134]LogModuleManager: Shutting down and abandoning module AudioCapture (382)
[2018.11.20-19.34.53:826][134]LogModuleManager: Shutting down and abandoning module ArchVisCharacter (380)
[2018.11.20-19.34.53:826][134]LogModuleManager: Shutting down and abandoning module AndroidPermission (378)
[2018.11.20-19.34.53:826][134]LogModuleManager: Shutting down and abandoning module NUTUnrealEngine4 (376)
[2018.11.20-19.34.53:826][134]LogModuleManager: Shutting down and abandoning module NetcodeUnitTest (374)
[2018.11.20-19.34.53:826][134]LogModuleManager: Shutting down and abandoning module MediaCompositingEditor (372)
[2018.11.20-19.34.53:826][134]LogModuleManager: Shutting down and abandoning module MediaCompositing (370)
[2018.11.20-19.34.53:826][134]LogModuleManager: Shutting down and abandoning module LinearTimecode (368)
[2018.11.20-19.34.53:826][134]LogModuleManager: Shutting down and abandoning module ImgMedia (366)
[2018.11.20-19.34.53:831][134]LogModuleManager: Shutting down and abandoning module HTML5Networking (364)
[2018.11.20-19.34.53:831][134]LogModuleManager: Shutting down and abandoning module GeometryCacheTracks (362)
[2018.11.20-19.34.53:831][134]LogModuleManager: Shutting down and abandoning module GeometryCacheSequencer (360)
[2018.11.20-19.34.53:831][134]LogModuleManager: Shutting down and abandoning module BackChannel (358)
[2018.11.20-19.34.53:831][134]LogModuleManager: Shutting down and abandoning module AppleVision (356)
[2018.11.20-19.34.53:831][134]LogModuleManager: Shutting down and abandoning module AppleImageUtils (354)
[2018.11.20-19.34.53:831][134]LogModuleManager: Shutting down and abandoning module AlembicImporter (352)
[2018.11.20-19.34.53:831][134]LogModuleManager: Shutting down and abandoning module AlembicLibrary (351)
[2018.11.20-19.34.53:831][134]LogModuleManager: Shutting down and abandoning module GeometryCache (350)
[2018.11.20-19.34.53:831][134]LogModuleManager: Shutting down and abandoning module GeometryCacheEd (349)
[2018.11.20-19.34.53:831][134]LogModuleManager: Shutting down and abandoning module DatasmithContentEditor (344)
[2018.11.20-19.34.53:832][134]LogModuleManager: Shutting down and abandoning module DatasmithContent (342)
[2018.11.20-19.34.53:833][134]LogModuleManager: Shutting down and abandoning module SpeedTreeImporter (340)
[2018.11.20-19.34.53:833][134]LogModuleManager: Shutting down and abandoning module PluginBrowser (338)
[2018.11.20-19.34.53:833][134]LogModuleManager: Shutting down and abandoning module MobileLauncherProfileWizard (336)
[2018.11.20-19.34.53:833][134]LogModuleManager: Shutting down and abandoning module PolygonModeling (334)
[2018.11.20-19.34.53:833][134]LogModuleManager: Shutting down and abandoning module MeshEditor (332)
[2018.11.20-19.34.53:833][134]LogModuleManager: Shutting down and abandoning module CryptoKeysOpenSSL (330)
[2018.11.20-19.34.53:833][134]LogModuleManager: Shutting down and abandoning module CryptoKeys (328)
[2018.11.20-19.34.53:833][134]LogModuleManager: Shutting down and abandoning module VisualStudioSourceCodeAccess (326)
[2018.11.20-19.34.53:833][134]LogModuleManager: Shutting down and abandoning module VisualStudioCodeSourceCodeAccess (324)
[2018.11.20-19.34.53:834][134]LogModuleManager: Shutting down and abandoning module UObjectPlugin (322)
[2018.11.20-19.34.53:834][134]LogModuleManager: Shutting down and abandoning module SubversionSourceControl (320)
[2018.11.20-19.34.53:834][134]LogModuleManager: Shutting down and abandoning module PerforceSourceControl (318)
[2018.11.20-19.34.53:834][134]LogModuleManager: Shutting down and abandoning module GitSourceControl (316)
[2018.11.20-19.34.53:834][134]LogModuleManager: Shutting down and abandoning module SourceControl (315)
[2018.11.20-19.34.53:834][134]LogModuleManager: Shutting down and abandoning module CLionSourceCodeAccess (312)
[2018.11.20-19.34.53:834][134]LogModuleManager: Shutting down and abandoning module LightPropagationVolumeEditor (310)
[2018.11.20-19.34.53:834][134]LogModuleManager: Shutting down and abandoning module PaperTiledImporter (308)
[2018.11.20-19.34.53:834][134]LogModuleManager: Shutting down and abandoning module PaperSpriteSheetImporter (306)
[2018.11.20-19.34.53:834][134]LogModuleManager: Shutting down and abandoning module Paper2DEditor (304)
[2018.11.20-19.34.53:834][134]LogModuleManager: Shutting down and abandoning module MeshPaint (303)
[2018.11.20-19.34.53:834][134]LogModuleManager: Shutting down and abandoning module RuntimePhysXCooking (298)
[2018.11.20-19.34.53:834][134]LogModuleManager: Shutting down and abandoning module PhysXVehiclesEditor (296)
[2018.11.20-19.34.53:834][134]LogModuleManager: Shutting down and abandoning module PhysXVehicles (294)
[2018.11.20-19.34.53:834][134]LogModuleManager: Shutting down and abandoning module OculusEditor (292)
[2018.11.20-19.34.53:834][134]LogModuleManager: Shutting down and abandoning module LocationServicesBPLibrary (290)
[2018.11.20-19.34.53:834][134]LogModuleManager: Shutting down and abandoning module ImmediatePhysicsEditor (288)
[2018.11.20-19.34.53:835][134]LogModuleManager: Shutting down and abandoning module ImmediatePhysics (286)
[2018.11.20-19.34.53:835][134]LogModuleManager: Shutting down and abandoning module ActorSequence (284)
[2018.11.20-19.34.53:835][134]LogModuleManager: Shutting down and abandoning module UdpMessaging (282)
[2018.11.20-19.34.53:936][134]LogModuleManager: Shutting down and abandoning module TcpMessaging (280)
[2018.11.20-19.34.54:036][134]LogModuleManager: Shutting down and abandoning module MagicLeapAudio (278)
[2018.11.20-19.34.54:036][134]LogModuleManager: Shutting down and abandoning module GameplayTagsEditor (276)
[2018.11.20-19.34.54:036][134]LogModuleManager: Shutting down and abandoning module FacialAnimationEditor (274)
[2018.11.20-19.34.54:036][134]LogModuleManager: Shutting down and abandoning module FacialAnimation (272)
[2018.11.20-19.34.54:036][134]LogModuleManager: Shutting down and abandoning module DataValidation (270)
[2018.11.20-19.34.54:036][134]LogModuleManager: Shutting down and abandoning module AssetManagerEditor (268)
[2018.11.20-19.34.54:036][134]LogModuleManager: Shutting down and abandoning module LevelEditor (267)
[2018.11.20-19.34.54:039][134]LogModuleManager: Shutting down and abandoning module PixelInspectorModule (266)
[2018.11.20-19.34.54:039][134]LogModuleManager: Shutting down and abandoning module CommonMenuExtensions (264)
[2018.11.20-19.34.54:040][134]LogModuleManager: Shutting down and abandoning module MainFrame (262)
[2018.11.20-19.34.54:040][134]LogModuleManager: Shutting down and abandoning module HotReload (261)
[2018.11.20-19.34.54:042][134]LogModuleManager: Shutting down and abandoning module ContentBrowser (257)
[2018.11.20-19.34.54:045][134]LogModuleManager: Shutting down and abandoning module TreeMap (255)
[2018.11.20-19.34.54:045][134]LogModuleManager: Shutting down and abandoning module LightPropagationVolumeRuntime (252)
[2018.11.20-19.34.54:045][134]LogModuleManager: Shutting down and abandoning module AISupportModule (250)
[2018.11.20-19.34.54:045][134]LogModuleManager: Shutting down and abandoning module Paper2D (248)
[2018.11.20-19.34.54:045][134]LogModuleManager: Shutting down and abandoning module WindowsMoviePlayer (246)
[2018.11.20-19.34.54:046][134]LogModuleManager: Shutting down and abandoning module WmfMedia (244)
[2018.11.20-19.34.54:049][134]LogModuleManager: Shutting down and abandoning module Media (243)
[2018.11.20-19.34.54:055][134]LogModuleManager: Shutting down and abandoning module PacketHandler (240)
[2018.11.20-19.34.54:055][134]LogModuleManager: Shutting down and abandoning module ClothingSystemEditor (238)
[2018.11.20-19.34.54:055][134]LogModuleManager: Shutting down and abandoning module ClothingSystemRuntime (236)
[2018.11.20-19.34.54:055][134]LogModuleManager: Shutting down and abandoning module MediaAssets (234)
[2018.11.20-19.34.54:055][134]LogModuleManager: Shutting down and abandoning module Overlay (232)
[2018.11.20-19.34.54:056][134]LogModuleManager: Shutting down and abandoning module OverlayEditor (231)
[2018.11.20-19.34.54:056][134]LogModuleManager: Shutting down and abandoning module VREditor (228)
[2018.11.20-19.34.54:056][134]LogModuleManager: Shutting down and abandoning module StringTableEditor (226)
[2018.11.20-19.34.54:056][134]LogModuleManager: Shutting down and abandoning module GameplayTasksEditor (224)
[2018.11.20-19.34.54:056][134]LogModuleManager: Shutting down and abandoning module BehaviorTreeEditor (222)
[2018.11.20-19.34.54:056][134]LogModuleManager: Shutting down and abandoning module FunctionalTesting (220)
[2018.11.20-19.34.54:056][134]LogModuleManager: Shutting down and abandoning module CollisionAnalyzer (218)
[2018.11.20-19.34.54:056][134]LogModuleManager: Shutting down and abandoning module WorkspaceMenuStructure (217)
[2018.11.20-19.34.54:056][134]LogModuleManager: Shutting down and abandoning module UMG (214)
[2018.11.20-19.34.54:056][134]LogModuleManager: Shutting down and abandoning module UMGEditor (213)
[2018.11.20-19.34.54:056][134]LogModuleManager: Shutting down and abandoning module Sequencer (212)
[2018.11.20-19.34.54:056][134]LogModuleManager: Shutting down and abandoning module MessageLog (209)
[2018.11.20-19.34.54:056][134]LogModuleManager: Shutting down and abandoning module SlateReflector (204)
[2018.11.20-19.34.54:056][134]LogModuleManager: Shutting down and abandoning module Slate (202)
[2018.11.20-19.34.54:057][134]LogModuleManager: Shutting down and abandoning module EditorStyle (200)
[2018.11.20-19.34.54:062][134]LogModuleManager: Shutting down and abandoning module MRMesh (198)
[2018.11.20-19.34.54:062][134]LogModuleManager: Shutting down and abandoning module SourceCodeAccess (196)
[2018.11.20-19.34.54:062][134]LogModuleManager: Shutting down and abandoning module HeadMountedDisplay (194)
[2018.11.20-19.34.54:062][134]LogModuleManager: Shutting down and abandoning module XAudio2 (192)
[2018.11.20-19.34.54:062][134]LogModuleManager: Shutting down and abandoning module Networking (190)
[2018.11.20-19.34.54:062][134]LogModuleManager: Shutting down and abandoning module Core (188)
[2018.11.20-19.34.54:063][134]LogModuleManager: Shutting down and abandoning module LevelSequence (186)
[2018.11.20-19.34.54:063][134]LogModuleManager: Shutting down and abandoning module KismetCompiler (184)
[2018.11.20-19.34.54:063][134]LogModuleManager: Shutting down and abandoning module MeshUtilities (182)
[2018.11.20-19.34.54:063][134]LogModuleManager: Shutting down and abandoning module MeshMergeUtilities (181)
[2018.11.20-19.34.54:063][134]LogModuleManager: Shutting down and abandoning module MeshReductionInterface (180)
[2018.11.20-19.34.54:063][134]LogModuleManager: Shutting down and abandoning module SimplygonSwarm (179)
[2018.11.20-19.34.54:063][134]LogModuleManager: Shutting down and abandoning module ProxyLODMeshReduction (177)
[2018.11.20-19.34.54:063][134]LogModuleManager: Shutting down and abandoning module SimplygonMeshReduction (175)
[2018.11.20-19.34.54:063][134]LogModuleManager: Shutting down and abandoning module QuadricMeshReduction (173)
[2018.11.20-19.34.54:063][134]LogModuleManager: Shutting down and abandoning module MaterialBaking (169)
[2018.11.20-19.34.54:063][134]LogModuleManager: Shutting down and abandoning module DirectoryWatcher (165)
[2018.11.20-19.34.54:064][134]LogModuleManager: Shutting down and abandoning module DerivedDataCache (162)
[2018.11.20-19.34.54:163][134]LogDerivedDataCache: Shutdown
[2018.11.20-19.34.54:163][134]LogModuleManager: Shutting down and abandoning module XGEController (160)
[2018.11.20-19.34.54:163][134]LogXGEController: Cleaning working directory: C:/Users/TDSSK/AppData/Local/Temp/UnrealXGEWorkingDir/
[2018.11.20-19.34.54:163][134]LogModuleManager: Shutting down and abandoning module TargetPlatform (158)
[2018.11.20-19.34.54:164][134]LogModuleManager: Shutting down and abandoning module VulkanShaderFormat (157)
[2018.11.20-19.34.54:164][134]LogModuleManager: Shutting down and abandoning module ShaderFormatVectorVM (155)
[2018.11.20-19.34.54:164][134]LogModuleManager: Shutting down and abandoning module ShaderFormatOpenGL (153)
[2018.11.20-19.34.54:164][134]LogModuleManager: Shutting down and abandoning module ShaderFormatD3D (151)
[2018.11.20-19.34.54:164][134]LogModuleManager: Shutting down and abandoning module MetalShaderFormat (149)
[2018.11.20-19.34.54:164][134]LogModuleManager: Shutting down and abandoning module TextureFormatUncompressed (147)
[2018.11.20-19.34.54:164][134]LogModuleManager: Shutting down and abandoning module TextureFormatPVR (145)
[2018.11.20-19.34.54:164][134]LogModuleManager: Shutting down and abandoning module TextureFormatDXT (143)
[2018.11.20-19.34.54:164][134]LogModuleManager: Shutting down and abandoning module TextureFormatIntelISPCTexComp (141)
[2018.11.20-19.34.54:164][134]LogModuleManager: Shutting down and abandoning module TextureFormatASTC (139)
[2018.11.20-19.34.54:164][134]LogModuleManager: Shutting down and abandoning module ImageWrapper (138)
[2018.11.20-19.34.54:164][134]LogModuleManager: Shutting down and abandoning module TextureFormatAndroid (135)
[2018.11.20-19.34.54:164][134]LogModuleManager: Shutting down and abandoning module AudioFormatOpus (133)
[2018.11.20-19.34.54:164][134]LogModuleManager: Shutting down and abandoning module AudioFormatOgg (131)
[2018.11.20-19.34.54:165][134]LogModuleManager: Shutting down and abandoning module AudioFormatADPCM (129)
[2018.11.20-19.34.54:165][134]LogModuleManager: Shutting down and abandoning module LuminTargetPlatform (127)
[2018.11.20-19.34.54:165][134]LogModuleManager: Shutting down and abandoning module LinuxTargetPlatform (125)
[2018.11.20-19.34.54:165][134]LogModuleManager: Shutting down and abandoning module LinuxServerTargetPlatform (123)
[2018.11.20-19.34.54:165][134]LogModuleManager: Shutting down and abandoning module LinuxNoEditorTargetPlatform (121)
[2018.11.20-19.34.54:165][134]LogModuleManager: Shutting down and abandoning module LinuxClientTargetPlatform (119)
[2018.11.20-19.34.54:165][134]LogModuleManager: Shutting down and abandoning module TVOSTargetPlatform (117)
[2018.11.20-19.34.54:179][134]LogModuleManager: Shutting down and abandoning module Messaging (115)
[2018.11.20-19.34.54:179][134]LogModuleManager: Shutting down and abandoning module IOSTargetPlatform (113)
[2018.11.20-19.34.54:188][134]LogModuleManager: Shutting down and abandoning module HTML5TargetPlatform (111)
[2018.11.20-19.34.54:188][134]LogModuleManager: Shutting down and abandoning module AndroidTargetPlatform (109)
[2018.11.20-19.34.54:224][134]LogModuleManager: Shutting down and abandoning module WindowsTargetPlatform (107)
[2018.11.20-19.34.54:224][134]LogModuleManager: Shutting down and abandoning module WindowsServerTargetPlatform (105)
[2018.11.20-19.34.54:225][134]LogModuleManager: Shutting down and abandoning module WindowsNoEditorTargetPlatform (103)
[2018.11.20-19.34.54:225][134]LogModuleManager: Shutting down and abandoning module WindowsClientTargetPlatform (101)
[2018.11.20-19.34.54:225][134]LogModuleManager: Shutting down and abandoning module MacTargetPlatform (99)
[2018.11.20-19.34.54:225][134]LogModuleManager: Shutting down and abandoning module MacServerTargetPlatform (97)
[2018.11.20-19.34.54:225][134]LogModuleManager: Shutting down and abandoning module MacNoEditorTargetPlatform (95)
[2018.11.20-19.34.54:225][134]LogModuleManager: Shutting down and abandoning module MacClientTargetPlatform (93)
[2018.11.20-19.34.54:225][134]LogModuleManager: Shutting down and abandoning module AllDesktopTargetPlatform (91)
[2018.11.20-19.34.54:225][134]LogModuleManager: Shutting down and abandoning module InputCore (88)
[2018.11.20-19.34.54:225][134]LogModuleManager: Shutting down and abandoning module Settings (86)
[2018.11.20-19.34.54:225][134]LogModuleManager: Shutting down and abandoning module PhysXCooking (84)
[2018.11.20-19.34.54:225][134]LogModuleManager: Shutting down and abandoning module SteamVR (82)
[2018.11.20-19.34.54:225][134]LogModuleManager: Shutting down and abandoning module OculusHMD (80)
[2018.11.20-19.34.54:225][134]LogModuleManager: Shutting down and abandoning module ExampleDeviceProfileSelector (78)
[2018.11.20-19.34.54:225][134]LogModuleManager: Shutting down and abandoning module LauncherChunkInstaller (76)
[2018.11.20-19.34.54:225][134]LogModuleManager: Shutting down and abandoning module OnlineBlueprintSupport (74)
[2018.11.20-19.34.54:225][134]LogModuleManager: Shutting down and abandoning module OnlineSubsystem (70)
[2018.11.20-19.34.54:226][134]LogModuleManager: Shutting down and abandoning module XMPP (65)
[2018.11.20-19.34.54:226][134]LogModuleManager: Shutting down and abandoning module WebSockets (64)
[2018.11.20-19.34.54:240][134]LogModuleManager: Shutting down and abandoning module HTTP (61)
[2018.11.20-19.34.54:240][134]LogHttp: Display: Http module shutting down, but needs to wait on 1 outstanding Http requests:
[2018.11.20-19.34.54:240][134]LogHttp: Display: 	verb=[POST] url=[https://datarouter.ol.epicgames.com/datarouter/api/v1/public/data?SessionID=%7BC828ED8A-49CB-929A-4CDC-0491B77F0A51%7D&AppID=UEEditor.Rocket.Release&AppVersion=4.20.3-4369336%2B%2B%2BUE4%2BRelease-4.20&UserID=732877064c2d1d64b94795bb113caa3e%7Cb15aaf259a234981ac58d9a2d8097391%7C8c7a9a19-8aa6-48f6-bf7f-342c0723fb9e&AppEnvironment=datacollector-binary&UploadType=eteventstream] status=Processing
[2018.11.20-19.34.54:242][134]LogModuleManager: Shutting down and abandoning module SSL (60)
[2018.11.20-19.34.54:243][134]LogModuleManager: Shutting down and abandoning module MagicLeapEmulator (56)
[2018.11.20-19.34.54:243][134]LogModuleManager: Shutting down and abandoning module MagicLeapPrivileges (54)
[2018.11.20-19.34.54:243][134]LogModuleManager: Shutting down and abandoning module MagicLeapIdentity (52)
[2018.11.20-19.34.54:243][134]LogModuleManager: Shutting down and abandoning module MagicLeapHelperVulkan (50)
[2018.11.20-19.34.54:243][134]LogModuleManager: Shutting down and abandoning module MagicLeapHelperOpenGL (48)
[2018.11.20-19.34.54:243][134]LogModuleManager: Shutting down and abandoning module MagicLeapSecureStorage (46)
[2018.11.20-19.34.54:243][134]LogModuleManager: Shutting down and abandoning module MagicLeapGestures (44)
[2018.11.20-19.34.54:243][134]LogModuleManager: Shutting down and abandoning module MagicLeapEyeTracker (42)
[2018.11.20-19.34.54:243][134]LogModuleManager: Shutting down and abandoning module MagicLeapController (40)
[2018.11.20-19.34.54:244][134]LogSlate: Slate User Destroyed.  User Index 0, Is Virtual User: 0
[2018.11.20-19.34.54:244][134]LogModuleManager: Shutting down and abandoning module MagicLeap (38)
[2018.11.20-19.34.54:244][134]LogModuleManager: Shutting down and abandoning module AnimationModifiers (36)
[2018.11.20-19.34.54:244][134]LogModuleManager: Shutting down and abandoning module PropertyEditor (35)
[2018.11.20-19.34.54:244][134]LogModuleManager: Shutting down and abandoning module AudioEditor (32)
[2018.11.20-19.34.54:244][134]LogModuleManager: Shutting down and abandoning module TextureCompressor (30)
[2018.11.20-19.34.54:244][134]LogModuleManager: Shutting down and abandoning module ShaderCore (28)
[2018.11.20-19.34.54:244][134]LogModuleManager: Shutting down and abandoning module Landscape (26)
[2018.11.20-19.34.54:244][134]LogModuleManager: Shutting down and abandoning module SlateRHIRenderer (24)
[2018.11.20-19.34.54:245][134]LogModuleManager: Shutting down and abandoning module OpenGLDrv (22)
[2018.11.20-19.34.54:245][134]LogModuleManager: Shutting down and abandoning module D3D11RHI (20)
[2018.11.20-19.34.54:245][134]LogModuleManager: Shutting down and abandoning module AnimGraphRuntime (18)
[2018.11.20-19.34.54:245][134]LogModuleManager: Shutting down and abandoning module Renderer (16)
[2018.11.20-19.34.54:245][134]LogModuleManager: Shutting down and abandoning module Engine (14)
[2018.11.20-19.34.54:245][134]LogModuleManager: Shutting down and abandoning module CoreUObject (12)
[2018.11.20-19.34.54:245][134]LogModuleManager: Shutting down and abandoning module NetworkFile (10)
[2018.11.20-19.34.54:245][134]LogModuleManager: Shutting down and abandoning module CookedIterativeFile (8)
[2018.11.20-19.34.54:245][134]LogModuleManager: Shutting down and abandoning module StreamingFile (6)
[2018.11.20-19.34.54:245][134]LogModuleManager: Shutting down and abandoning module SandboxFile (4)
[2018.11.20-19.34.54:245][134]LogModuleManager: Shutting down and abandoning module PakFile (2)
[2018.11.20-19.34.54:248][134]LogExit: Exiting.
[2018.11.20-19.34.54:268][134]Log file closed, 11/20/18 19:34:54
