Log file open, 12/10/18 18:09:43
LogWindows: Failed to load 'aqProf.dll' (GetLastError=126)
LogWindows: File 'aqProf.dll' does not exist
LogWindows: Failed to load 'VSPerf140.dll' (GetLastError=126)
LogWindows: File 'VSPerf140.dll' does not exist
LogWindows: Failed to load 'VtuneApi.dll' (GetLastError=126)
LogWindows: File 'VtuneApi.dll' does not exist
LogWindows: Failed to load 'VtuneApi32e.dll' (GetLastError=126)
LogWindows: File 'VtuneApi32e.dll' does not exist
LogInit: Display: Running engine for game: TGP_Project
LogPlatformFile: Not using cached read wrapper
LogTaskGraph: Started task graph with 5 named threads and 23 total threads with 3 sets of task threads.
LogStats: Stats thread started at 0.427105
LogD3D11RHI: Loaded GFSDK_Aftermath_Lib.x64.dll
LogICUInternationalization: Display: ICU TimeZone Detection - Raw Offset: +0:00, Platform Override: ''
LogPluginManager: Mounting plugin Paper2D
LogPluginManager: Mounting plugin AISupport
LogPluginManager: Mounting plugin LightPropagationVolume
LogPluginManager: Mounting plugin CLionSourceCodeAccess
LogPluginManager: Mounting plugin CodeLiteSourceCodeAccess
LogPluginManager: Mounting plugin GitSourceControl
LogPluginManager: Mounting plugin KDevelopSourceCodeAccess
LogPluginManager: Mounting plugin NullSourceCodeAccess
LogPluginManager: Mounting plugin PerforceSourceControl
LogPluginManager: Mounting plugin SubversionSourceControl
LogPluginManager: Mounting plugin UObjectPlugin
LogPluginManager: Mounting plugin VisualStudioCodeSourceCodeAccess
LogPluginManager: Mounting plugin VisualStudioSourceCodeAccess
LogPluginManager: Mounting plugin XCodeSourceCodeAccess
LogPluginManager: Mounting plugin AssetManagerEditor
LogPluginManager: Mounting plugin CryptoKeys
LogPluginManager: Mounting plugin DataValidation
LogPluginManager: Mounting plugin FacialAnimation
LogPluginManager: Mounting plugin GameplayTagsEditor
LogPluginManager: Mounting plugin MacGraphicsSwitching
LogPluginManager: Mounting plugin MeshEditor
LogPluginManager: Mounting plugin MobileLauncherProfileWizard
LogPluginManager: Mounting plugin PluginBrowser
LogPluginManager: Mounting plugin SpeedTreeImporter
LogPluginManager: Mounting plugin DatasmithContent
LogPluginManager: Mounting plugin AlembicImporter
LogPluginManager: Mounting plugin AppleImageUtils
LogPluginManager: Mounting plugin AppleVision
LogPluginManager: Mounting plugin BackChannel
LogPluginManager: Mounting plugin CharacterAI
LogPluginManager: Mounting plugin GeometryCache
LogPluginManager: Mounting plugin HTML5Networking
LogPluginManager: Mounting plugin ProxyLODPlugin
LogPluginManager: Mounting plugin MagicLeap
LogPluginManager: Mounting plugin MagicLeapEmulator
LogPluginManager: Mounting plugin MagicLeapMedia
LogPluginManager: Mounting plugin AndroidMedia
LogPluginManager: Mounting plugin AvfMedia
LogPluginManager: Mounting plugin ImgMedia
LogPluginManager: Mounting plugin LinearTimecode
LogPluginManager: Mounting plugin MediaCompositing
LogPluginManager: Mounting plugin MediaPlayerEditor
LogPluginManager: Mounting plugin WmfMedia
LogPluginManager: Mounting plugin TcpMessaging
LogPluginManager: Mounting plugin UdpMessaging
LogPluginManager: Mounting plugin ActorSequence
LogPluginManager: Mounting plugin LevelSequenceEditor
LogPluginManager: Mounting plugin MatineeToLevelSequence
LogPluginManager: Mounting plugin NetcodeUnitTest
LogPluginManager: Mounting plugin NUTUnrealEngine4
LogPluginManager: Mounting plugin OnlineSubsystemGooglePlay
LogPluginManager: Mounting plugin OnlineSubsystemIOS
LogPluginManager: Mounting plugin OnlineSubsystem
LogPluginManager: Mounting plugin OnlineSubsystemNull
LogPluginManager: Mounting plugin OnlineSubsystemUtils
LogPluginManager: Mounting plugin LauncherChunkInstaller
LogPluginManager: Mounting plugin AndroidDeviceProfileSelector
LogPluginManager: Mounting plugin AndroidMoviePlayer
LogPluginManager: Mounting plugin AndroidPermission
LogPluginManager: Mounting plugin AppleMoviePlayer
LogPluginManager: Mounting plugin ArchVisCharacter
LogPluginManager: Mounting plugin AudioCapture
LogPluginManager: Mounting plugin CableComponent
LogPluginManager: Mounting plugin CustomMeshComponent
LogPluginManager: Mounting plugin EditableMesh
LogPluginManager: Mounting plugin ExampleDeviceProfileSelector
LogPluginManager: Mounting plugin GoogleCloudMessaging
LogPluginManager: Mounting plugin ImmediatePhysics
LogPluginManager: Mounting plugin IOSDeviceProfileSelector
LogPluginManager: Mounting plugin LinuxDeviceProfileSelector
LogPluginManager: Mounting plugin LocationServicesBPLibrary
LogPluginManager: Mounting plugin MobilePatchingUtils
LogPluginManager: Mounting plugin OculusVR
LogPluginManager: Plugin shader directory ../../../Engine/Plugins/Runtime/Oculus/OculusVR/Shaders found
LogPluginManager: Mapping shader source directory ../../../Engine/Plugins/Runtime/Oculus/OculusVR/Shaders to virtual directory /Plugin/OculusVR
LogPluginManager: Mounting plugin PhysXVehicles
LogPluginManager: Mounting plugin ProceduralMeshComponent
LogPluginManager: Mounting plugin RuntimePhysXCooking
LogPluginManager: Mounting plugin SteamVR
LogPluginManager: Mounting plugin WindowsMoviePlayer
LogStreaming: Display: Took  0.146s to configure plugins.
LogInit: Using libcurl 7.55.1-DEV
LogInit:  - built for x86_64-pc-win32
LogInit:  - supports SSL with OpenSSL/1.0.2h
LogInit:  - supports HTTP deflate (compression) using libz 1.2.8
LogInit:  - other features:
LogInit:      CURL_VERSION_SSL
LogInit:      CURL_VERSION_LIBZ
LogInit:      CURL_VERSION_IPV6
LogInit:      CURL_VERSION_ASYNCHDNS
LogInit:      CURL_VERSION_LARGEFILE
LogInit:      CURL_VERSION_IDN
LogInit:  CurlRequestOptions (configurable via config and command line):
LogInit:  - bVerifyPeer = false  - Libcurl will NOT verify peer certificate
LogInit:  - bUseHttpProxy = false  - Libcurl will NOT use HTTP proxy
LogInit:  - bDontReuseConnections = false  - Libcurl will reuse connections
LogInit:  - CertBundlePath = nullptr  - Libcurl will use whatever was configured at build time.
LogInit:  - MaxHostConnections = 16  - Libcurl will limit the number of connections to a host
LogInit:  - LocalHostAddr = Default
LogInit:  - BufferSize = 65536
LogInit: WinSock: version 1.1 (2.2), MaxSocks=32767, MaxUdp=65467
LogInit: Build: ++UE4+Release-4.20-CL-4369336
LogInit: Engine Version: 4.20.3-4369336+++UE4+Release-4.20
LogInit: Compatible Engine Version: 4.20.0-4212847+++UE4+Release-4.20
LogInit: Net CL: 4212847
LogInit: OS: Windows 10 (), CPU: AMD FX(tm)-8320 Eight-Core Processor           , GPU: AMD Radeon (TM) R9 380 Series
LogInit: Compiled (64-bit): Sep 17 2018 12:26:19
LogInit: Compiled with Visual C++: 19.13.26129.00
LogInit: Build Configuration: Development
LogInit: Branch Name: ++UE4+Release-4.20
LogInit: Command Line:  -skipcompile
LogInit: Base Directory: C:/Users/blued/Documents/UE_4.20/Engine/Binaries/Win64/
LogInit: Installed Engine Build: 1
LogDevObjectVersion: Number of dev versions registered: 20
LogDevObjectVersion:   Dev-Blueprints (B0D832E4-1F89-4F0D-ACCF-7EB736FD4AA2): 10
LogDevObjectVersion:   Dev-Build (E1C64328-A22C-4D53-A36C-8E866417BD8C): 0
LogDevObjectVersion:   Dev-Core (375EC13C-06E4-48FB-B500-84F0262A717E): 2
LogDevObjectVersion:   Dev-Editor (E4B068ED-F494-42E9-A231-DA0B2E46BB41): 24
LogDevObjectVersion:   Dev-Framework (CFFC743F-43B0-4480-9391-14DF171D2073): 34
LogDevObjectVersion:   Dev-Mobile (B02B49B5-BB20-44E9-A304-32B752E40360): 2
LogDevObjectVersion:   Dev-Networking (A4E4105C-59A1-49B5-A7C5-40C4547EDFEE): 0
LogDevObjectVersion:   Dev-Online (39C831C9-5AE6-47DC-9A44-9C173E1C8E7C): 0
LogDevObjectVersion:   Dev-Physics (78F01B33-EBEA-4F98-B9B4-84EACCB95AA2): 0
LogDevObjectVersion:   Dev-Platform (6631380F-2D4D-43E0-8009-CF276956A95A): 0
LogDevObjectVersion:   Dev-Rendering (12F88B9F-8875-4AFC-A67C-D90C383ABD29): 26
LogDevObjectVersion:   Dev-Sequencer (7B5AE74C-D270-4C10-A958-57980B212A5A): 9
LogDevObjectVersion:   Dev-VR (D7296918-1DD6-4BDD-9DE2-64A83CC13884): 2
LogDevObjectVersion:   Dev-LoadTimes (C2A15278-BFE7-4AFE-6C17-90FF531DF755): 1
LogDevObjectVersion:   Private-Geometry (6EACA3D4-40EC-4CC1-B786-8BED09428FC5): 3
LogDevObjectVersion:   Dev-AnimPhys (29E575DD-E0A3-4627-9D10-D276232CDCEA): 17
LogDevObjectVersion:   Dev-ReflectionCapture (6B266CEC-1EC7-4B8F-A30B-E4D90942FC07): 1
LogDevObjectVersion:   Dev-Automation (0DF73D61-A23F-47EA-B727-89E90C41499A): 1
LogDevObjectVersion:   FortniteMain (601D1886-AC64-4F84-AA16-D3DE0DEAC7D6): 12
LogDevObjectVersion:   Dev-Enterprise (9DFFBCD6-494F-0158-E221-12823C92A888): 1
LogStreaming: Display: Took  0.002s to delete old logs.
LogInit: Presizing for max 8388607 objects, including 0 objects not considered by GC, pre-allocating 0 bytes for permanent pool.
LogInit: Object subsystem initialized
[2018.12.10-18.09.44:383][  0]LogInit: Selected Device Profile: [Windows]
[2018.12.10-18.09.44:383][  0]LogInit: Applying CVar settings loaded from the selected device profile: [Windows]
[2018.12.10-18.09.44:397][  0]LogHAL: Display: Platform has ~ 16 GB [17071263744 / 17179869184 / 16], which maps to Larger [LargestMinGB=32, LargerMinGB=12, DefaultMinGB=8, SmallerMinGB=6, SmallestMinGB=0)
[2018.12.10-18.09.44:397][  0]LogInit: Setting Device Profile CVar: [[r.Vulkan.UseRealUBs:1]]
[2018.12.10-18.09.44:397][  0]LogInit: Going up to parent DeviceProfile []
[2018.12.10-18.09.44:398][  0]LogInit: Computer: DESKTOP-JAN50R2
[2018.12.10-18.09.44:398][  0]LogInit: User: blued
[2018.12.10-18.09.44:398][  0]LogInit: CPU Page size=4096, Cores=4
[2018.12.10-18.09.44:398][  0]LogInit: High frequency timer resolution =3.429411 MHz
[2018.12.10-18.09.44:399][  0]LogMemory: Memory total: Physical=15.9GB (16GB approx)
[2018.12.10-18.09.44:399][  0]LogMemory: Platform Memory Stats for Windows
[2018.12.10-18.09.44:399][  0]LogMemory: Process Physical Memory: 102.18 MB used, 102.18 MB peak
[2018.12.10-18.09.44:399][  0]LogMemory: Process Virtual Memory: 89.29 MB used, 89.29 MB peak
[2018.12.10-18.09.44:399][  0]LogMemory: Physical Memory: 5332.42 MB used,  10948.00 MB free, 16280.43 MB total
[2018.12.10-18.09.44:399][  0]LogMemory: Virtual Memory: 4643.36 MB used,  10948.00 MB free, 134217728.00 MB total
[2018.12.10-18.09.44:576][  0]LogInit: Using OS detected language (en-US).
[2018.12.10-18.09.44:576][  0]LogInit: Using OS detected locale (en-GB).
[2018.12.10-18.09.44:577][  0]LogTextLocalizationManager: No specific localization for 'en-US' exists, so the 'en' localization will be used.
[2018.12.10-18.09.45:104][  0]LogStreaming: Display: Took  0.528s to InitEngineTextLocalization.
[2018.12.10-18.09.45:104][  0]LogInit: Setting process to per monitor DPI aware
[2018.12.10-18.09.45:229][  0]LogSlate: New Slate User Created.  User Index 0, Is Virtual User: 0
[2018.12.10-18.09.45:229][  0]LogSlate: Slate User Registered.  User Index 0, Is Virtual User: 0
[2018.12.10-18.09.46:252][  0]LogHMD: Failed to initialize OpenVR with code 110
[2018.12.10-18.09.46:252][  0]LogD3D11RHI: D3D11 adapters:
[2018.12.10-18.09.46:338][  0]LogD3D11RHI:    0. 'AMD Radeon (TM) R9 380 Series' (Feature Level 11_0)
[2018.12.10-18.09.46:338][  0]LogD3D11RHI:       4071/0/8140 MB DedicatedVideo/DedicatedSystem/SharedSystem, Outputs:2, VendorId:0x1002
[2018.12.10-18.09.46:347][  0]LogD3D11RHI:    1. 'Microsoft Basic Render Driver' (Feature Level 11_0)
[2018.12.10-18.09.46:347][  0]LogD3D11RHI:       0/0/8140 MB DedicatedVideo/DedicatedSystem/SharedSystem, Outputs:0, VendorId:0x1414
[2018.12.10-18.09.46:347][  0]LogD3D11RHI: Chosen D3D11 Adapter: 0
[2018.12.10-18.09.46:359][  0]LogD3D11RHI: Creating new Direct3DDevice
[2018.12.10-18.09.46:359][  0]LogD3D11RHI:     GPU DeviceId: 0x6938 (for the marketing name, search the web for "GPU Device Id")
[2018.12.10-18.09.46:359][  0]LogWindows: EnumDisplayDevices:
[2018.12.10-18.09.46:360][  0]LogWindows:    0. 'AMD Radeon (TM) R9 380 Series' (P:1 D:1)
[2018.12.10-18.09.46:360][  0]LogWindows:    1. 'AMD Radeon (TM) R9 380 Series' (P:0 D:1)
[2018.12.10-18.09.46:361][  0]LogWindows:    2. 'AMD Radeon (TM) R9 380 Series' (P:0 D:0)
[2018.12.10-18.09.46:361][  0]LogWindows:    3. 'AMD Radeon (TM) R9 380 Series' (P:0 D:0)
[2018.12.10-18.09.46:362][  0]LogWindows:    4. 'AMD Radeon (TM) R9 380 Series' (P:0 D:0)
[2018.12.10-18.09.46:363][  0]LogWindows:    5. 'AMD Radeon (TM) R9 380 Series' (P:0 D:0)
[2018.12.10-18.09.46:363][  0]LogWindows:    6. 'AMD Radeon (TM) R9 380 Series' (P:0 D:0)
[2018.12.10-18.09.46:364][  0]LogWindows:    7. 'AMD Radeon (TM) R9 380 Series' (P:0 D:0)
[2018.12.10-18.09.46:364][  0]LogWindows:    8. 'AMD Radeon (TM) R9 380 Series' (P:0 D:0)
[2018.12.10-18.09.46:365][  0]LogWindows:    9. 'AMD Radeon (TM) R9 380 Series' (P:0 D:0)
[2018.12.10-18.09.46:365][  0]LogWindows:    10. 'AMD Radeon (TM) R9 380 Series' (P:0 D:0)
[2018.12.10-18.09.46:366][  0]LogWindows:    11. 'AMD Radeon (TM) R9 380 Series' (P:0 D:0)
[2018.12.10-18.09.46:366][  0]LogWindows:    12. 'AMD Radeon (TM) R9 380 Series' (P:0 D:0)
[2018.12.10-18.09.46:367][  0]LogWindows:    13. 'AMD Radeon (TM) R9 380 Series' (P:0 D:0)
[2018.12.10-18.09.46:367][  0]LogWindows:    14. 'AMD Radeon (TM) R9 380 Series' (P:0 D:0)
[2018.12.10-18.09.46:368][  0]LogWindows:    15. 'AMD Radeon (TM) R9 380 Series' (P:0 D:0)
[2018.12.10-18.09.46:368][  0]LogWindows: DebugString: FoundDriverCount:16 
[2018.12.10-18.09.46:369][  0]LogD3D11RHI:     Adapter Name: AMD Radeon (TM) R9 380 Series
[2018.12.10-18.09.46:369][  0]LogD3D11RHI:   Driver Version: Adrenalin 18.10.2 (internal:25.20.14007.1000, unified:25.20.14007.1000)
[2018.12.10-18.09.46:369][  0]LogD3D11RHI:      Driver Date: 10-19-2018
[2018.12.10-18.09.46:369][  0]LogRHI: Texture pool is 2850 MB (70% of 4071 MB)
[2018.12.10-18.09.46:553][  0]LogD3D11RHI: Async texture creation enabled
[2018.12.10-18.09.46:565][  0]LogD3D11RHI: GPU Timing Frequency: 27.000000 (Debug: 2 1)
[2018.12.10-18.09.46:567][  0]LogShaderCompilers: Guid format shader working directory is 9 characters bigger than the processId version (D:/GitHub/TGP_PairProject/TGP_Project/Intermediate/Shaders/WorkingDirectory/6620/).
[2018.12.10-18.09.46:567][  0]LogShaderCompilers: Cleaned the shader compiler working directory 'C:/Users/blued/AppData/Local/Temp/UnrealShaderWorkingDir/5A89616A4BD0A8484B6CD9B03B58601F/'.
[2018.12.10-18.09.46:936][  0]LogTemp: Display: Loaded TP AllDesktopTargetPlatform
[2018.12.10-18.09.46:963][  0]LogTemp: Display: Loaded TP MacClientTargetPlatform
[2018.12.10-18.09.46:990][  0]LogTemp: Display: Loaded TP MacNoEditorTargetPlatform
[2018.12.10-18.09.47:017][  0]LogTemp: Display: Loaded TP MacServerTargetPlatform
[2018.12.10-18.09.47:050][  0]LogTemp: Display: Loaded TP MacTargetPlatform
[2018.12.10-18.09.47:075][  0]LogTemp: Display: Loaded TP WindowsClientTargetPlatform
[2018.12.10-18.09.47:102][  0]LogTemp: Display: Loaded TP WindowsNoEditorTargetPlatform
[2018.12.10-18.09.47:130][  0]LogTemp: Display: Loaded TP WindowsServerTargetPlatform
[2018.12.10-18.09.47:144][  0]LogTemp: Display: Loaded TP WindowsTargetPlatform
[2018.12.10-18.09.47:288][  0]LogTemp: Display: Loaded TP AndroidTargetPlatform
[2018.12.10-18.09.47:288][  0]LogTemp: Display: Loaded TP AndroidTargetPlatform
[2018.12.10-18.09.47:288][  0]LogTemp: Display: Loaded TP AndroidTargetPlatform
[2018.12.10-18.09.47:288][  0]LogTemp: Display: Loaded TP AndroidTargetPlatform
[2018.12.10-18.09.47:288][  0]LogTemp: Display: Loaded TP AndroidTargetPlatform
[2018.12.10-18.09.47:288][  0]LogTemp: Display: Loaded TP AndroidTargetPlatform
[2018.12.10-18.09.47:288][  0]LogTemp: Display: Loaded TP AndroidTargetPlatform
[2018.12.10-18.09.47:289][  0]LogTemp: Display: Loaded TP AndroidTargetPlatform
[2018.12.10-18.09.47:289][  0]LogTemp: Display: Loaded TP AndroidTargetPlatform
[2018.12.10-18.09.47:289][  0]LogTemp: Display: Loaded TP AndroidTargetPlatform
[2018.12.10-18.09.47:289][  0]LogTemp: Display: Loaded TP AndroidTargetPlatform
[2018.12.10-18.09.47:289][  0]LogTemp: Display: Loaded TP AndroidTargetPlatform
[2018.12.10-18.09.47:289][  0]LogTemp: Display: Loaded TP AndroidTargetPlatform
[2018.12.10-18.09.47:289][  0]LogTemp: Display: Loaded TP AndroidTargetPlatform
[2018.12.10-18.09.47:289][  0]LogTemp: Display: Loaded TP AndroidTargetPlatform
[2018.12.10-18.09.47:289][  0]LogTemp: Display: Loaded TP AndroidTargetPlatform
[2018.12.10-18.09.47:289][  0]LogTemp: Display: Loaded TP AndroidTargetPlatform
[2018.12.10-18.09.47:289][  0]LogTemp: Display: Loaded TP AndroidTargetPlatform
[2018.12.10-18.09.47:295][  0]LogTemp: Display: Loaded TP HTML5TargetPlatform
[2018.12.10-18.09.47:398][  0]LogTemp: Display: Loaded TP IOSTargetPlatform
[2018.12.10-18.09.47:398][  0]LogTemp: Display: Loaded TP IOSTargetPlatform
[2018.12.10-18.09.47:445][  0]LogTemp: Display: Loaded TP TVOSTargetPlatform
[2018.12.10-18.09.47:446][  0]LogTemp: Display: Loaded TP TVOSTargetPlatform
[2018.12.10-18.09.47:470][  0]LogTemp: Display: Loaded TP LinuxClientTargetPlatform
[2018.12.10-18.09.47:494][  0]LogTemp: Display: Loaded TP LinuxNoEditorTargetPlatform
[2018.12.10-18.09.47:518][  0]LogTemp: Display: Loaded TP LinuxServerTargetPlatform
[2018.12.10-18.09.47:546][  0]LogTemp: Display: Loaded TP LinuxTargetPlatform
[2018.12.10-18.09.47:566][  0]LogTemp: Display: Loaded TP LuminTargetPlatform
[2018.12.10-18.09.47:566][  0]LogTargetPlatformManager: Display: Building Assets For Windows
[2018.12.10-18.09.47:735][  0]LogXGEController: Cleaning working directory: C:/Users/blued/AppData/Local/Temp/UnrealXGEWorkingDir/
[2018.12.10-18.09.47:736][  0]LogXGEController: Cannot use XGE Controller as Incredibuild is not installed on this machine.
[2018.12.10-18.09.47:736][  0]LogShaderCompilers: Cannot use XGE Shader Compiler as Incredibuild is not installed on this machine.
[2018.12.10-18.09.47:736][  0]LogShaderCompilers: Display: Using Local Shader Compiler.
[2018.12.10-18.09.49:123][  0]LogDerivedDataCache: Display: Max Cache Size: 512 MB
[2018.12.10-18.09.49:210][  0]LogDerivedDataCache: Loaded boot cache 0.09s 71MB C:/Users/blued/AppData/Local/UnrealEngine/4.20/DerivedDataCache/Boot.ddc.
[2018.12.10-18.09.49:211][  0]LogDerivedDataCache: Display: Loaded Boot cache: C:/Users/blued/AppData/Local/UnrealEngine/4.20/DerivedDataCache/Boot.ddc
[2018.12.10-18.09.49:211][  0]LogDerivedDataCache: FDerivedDataBackendGraph:  Pak pak cache file D:/GitHub/TGP_PairProject/TGP_Project/DerivedDataCache/DDC.ddp not found, will not use a pak cache.
[2018.12.10-18.09.49:211][  0]LogDerivedDataCache: Unable to find inner node Pak for hierarchical cache Hierarchy.
[2018.12.10-18.09.49:211][  0]LogDerivedDataCache: FDerivedDataBackendGraph:  CompressedPak pak cache file D:/GitHub/TGP_PairProject/TGP_Project/DerivedDataCache/Compressed.ddp not found, will not use a pak cache.
[2018.12.10-18.09.49:211][  0]LogDerivedDataCache: Unable to find inner node CompressedPak for hierarchical cache Hierarchy.
[2018.12.10-18.09.49:228][  0]LogDerivedDataCache: Display: Pak cache opened for reading ../../../Engine/DerivedDataCache/Compressed.ddp.
[2018.12.10-18.09.49:242][  0]LogDerivedDataCache: Using Local data cache path C:/Users/blued/AppData/Local/UnrealEngine/Common/DerivedDataCache: Writable
[2018.12.10-18.09.49:242][  0]LogDerivedDataCache: Shared data cache path not found in *engine.ini, will not use an Shared cache.
[2018.12.10-18.09.49:242][  0]LogDerivedDataCache: Unable to find inner node Shared for hierarchical cache Hierarchy.
[2018.12.10-18.09.49:274][  0]LogMaterial: Verifying Global Shaders for PCD3D_SM5
[2018.12.10-18.09.49:276][  0]LogSlate: Using FreeType 2.6.0
[2018.12.10-18.09.49:280][  0]LogSlate: SlateFontServices - WITH_FREETYPE: 1, WITH_HARFBUZZ: 1
[2018.12.10-18.09.49:478][  0]LogAssetRegistry: FAssetRegistry took 0.0332 seconds to start up
[2018.12.10-18.09.50:060][  0]LogInit: Selected Device Profile: [Windows]
[2018.12.10-18.09.50:286][  0]LogSimplygon: Simplygon DLL not present - disabling.
[2018.12.10-18.09.50:299][  0]LogMeshReduction: Using SimplygonSwarm for distributed automatic mesh merging
[2018.12.10-18.09.50:299][  0]LogMeshReduction: Using ProxyLODMeshReduction for automatic mesh merging
[2018.12.10-18.09.50:299][  0]LogMeshReduction: Using QuadricMeshReduction for automatic static mesh reduction
[2018.12.10-18.09.50:299][  0]LogMeshReduction: No automatic skeletal mesh reduction module available
[2018.12.10-18.09.50:368][  0]LogNetVersion: TGP_Project 1.0.0, NetCL: 4212847, EngineNetVer: 5, GameNetVer: 0 (Checksum: 95638710)
[2018.12.10-18.09.51:136][  0]LogPackageLocalizationCache: Processed 11 localized package path(s) for 2 prioritized culture(s) in 0.125685 seconds
[2018.12.10-18.09.51:146][  0]LogUObjectArray: 38425 objects as part of root set at end of initial load.
[2018.12.10-18.09.51:146][  0]LogUObjectAllocator: 6690864 out of 0 bytes used by permanent object pool.
[2018.12.10-18.09.51:146][  0]LogUObjectArray: CloseDisregardForGC: 0/0 objects in disregard for GC pool
[2018.12.10-18.09.53:856][  0]LogTcpMessaging: Initializing TcpMessaging bridge
[2018.12.10-18.09.53:875][  0]LogUdpMessaging: Initializing bridge on interface 0.0.0.0:0 to multicast group 230.0.0.1:6666.
[2018.12.10-18.09.54:176][  0]SourceControl: Source control is disabled
[2018.12.10-18.09.54:176][  0]SourceControl: Source control is disabled
[2018.12.10-18.09.54:181][  0]SourceControl: Source control is disabled
[2018.12.10-18.09.54:185][  0]SourceControl: Source control is disabled
[2018.12.10-18.09.54:504][  0]LogAndroidPermission: UAndroidPermissionCallbackProxy::GetInstance
[2018.12.10-18.09.54:667][  0]LogOcInput: OculusInput pre-init called
[2018.12.10-18.09.54:767][  0]LogEngine: Initializing Engine...
[2018.12.10-18.09.54:768][  0]LogHMD: Failed to initialize OpenVR with code 110
[2018.12.10-18.09.54:771][  0]LogStats: UGameplayTagsManager::ConstructGameplayTagTree: ImportINI prefixes -  0.000 s
[2018.12.10-18.09.54:771][  0]LogStats: UGameplayTagsManager::ConstructGameplayTagTree: Construct from data asset -  0.000 s
[2018.12.10-18.09.54:771][  0]LogStats: UGameplayTagsManager::ConstructGameplayTagTree: ImportINI -  0.000 s
[2018.12.10-18.09.54:772][  0]LogStats: UGameplayTagsManager::ConstructGameplayTagTree: GameplayTagTreeChangedEvent.Broadcast -  0.000 s
[2018.12.10-18.09.55:090][  0]LogInit: Initializing FReadOnlyCVARCache
[2018.12.10-18.09.55:109][  0]LogAIModule: Creating AISystem for world Untitled
[2018.12.10-18.09.55:144][  0]LogInit: XAudio2 using 'Headphones (4- Turtle Beach Recon 60P)' : 2 channels at 48 kHz using 16 bits per sample (channel mask 0x3)
[2018.12.10-18.09.55:177][  0]LogInit: FAudioDevice initialized.
[2018.12.10-18.09.55:178][  0]LogNetVersion: Set ProjectVersion to 1.0.0.0. Version Checksum will be recalculated on next use.
[2018.12.10-18.09.55:288][  0]LogDerivedDataCache: Saved boot cache 0.11s 71MB C:/Users/blued/AppData/Local/UnrealEngine/4.20/DerivedDataCache/Boot.ddc.
[2018.12.10-18.09.55:289][  0]LogInit: Texture streaming: Enabled
[2018.12.10-18.09.55:344][  0]LogEngineSessionManager: EngineSessionManager initialized
[2018.12.10-18.09.55:345][  0]LogEngineSessionManager: EngineSessionManager sent abnormal shutdown report. Type=Debugger, SessionId={1BA85A16-491C-19C5-2350-C79BF227E58A}
[2018.12.10-18.09.55:345][  0]LogEngineSessionManager: EngineSessionManager sent abnormal shutdown report. Type=Debugger, SessionId={B7BA9C4C-4BC0-8100-728D-64B88F45F2DA}
[2018.12.10-18.09.55:360][  0]LogInit: Transaction tracking system initialized
[2018.12.10-18.09.55:411][  0]BlueprintLog: New page: Editor Load
[2018.12.10-18.09.55:579][  0]LocalizationService: Localization service is disabled
[2018.12.10-18.09.56:007][  0]LogCook: Display: Max memory allowance for cook 16384mb min free memory 0mb
[2018.12.10-18.09.56:008][  0]LogCook: Display: Mobile HDR setting 1
[2018.12.10-18.09.56:008][  0]LogGameplayTags: Display: UGameplayTagsManager::DoneAddingNativeTags. DelegateIsBound: 0
[2018.12.10-18.09.56:008][  0]LogStats: UGameplayTagsManager::ConstructGameplayTagTree: ImportINI prefixes -  0.000 s
[2018.12.10-18.09.56:008][  0]LogStats: UGameplayTagsManager::ConstructGameplayTagTree: Construct from data asset -  0.000 s
[2018.12.10-18.09.56:008][  0]LogStats: UGameplayTagsManager::ConstructGameplayTagTree: ImportINI -  0.000 s
[2018.12.10-18.09.56:009][  0]LogStats: UGameplayTagsManager::ConstructGameplayTagTree: GameplayTagTreeChangedEvent.Broadcast -  0.000 s
[2018.12.10-18.09.56:353][  0]LogFileCache: Scanning file cache for directory 'D:/GitHub/TGP_PairProject/TGP_Project/Content/' took 0.02s
[2018.12.10-18.09.56:353][  0]SourceControl: Source control is disabled
[2018.12.10-18.09.56:353][  0]Cmd: MAP LOAD FILE="D:/GitHub/TGP_PairProject/TGP_Project/Content/Levels/BaseLevel.umap" TEMPLATE=0 SHOWPROGRESS=1 FEATURELEVEL=3
[2018.12.10-18.09.56:355][  0]LightingResults: New page: Lighting Build
[2018.12.10-18.09.56:358][  0]MapCheck: New page: Map Check
[2018.12.10-18.09.56:358][  0]LightingResults: New page: Lighting Build
[2018.12.10-18.09.56:648][  0]LogAIModule: Creating AISystem for world BaseLevel
[2018.12.10-18.09.56:656][  0]LogEditorServer: Finished looking for orphan Actors (0.000 secs)
[2018.12.10-18.09.56:777][  0]Cmd: MAP CHECKDEP NOCLEARLOG
[2018.12.10-18.09.56:988][  0]MapCheck: Map check complete: 0 Error(s), 0 Warning(s), took 210.841ms to complete.
[2018.12.10-18.09.56:989][  0]LogFileHelpers: Loading map 'BaseLevel' took 0.635
[2018.12.10-18.09.57:245][  0]LogSlate: Updating window title bar state: overlay mode, drag disabled, window buttons hidden, title bar hidden
[2018.12.10-18.09.57:262][  0]LogSlate: Updating window title bar state: overlay mode, drag disabled, window buttons hidden, title bar hidden
[2018.12.10-18.09.57:277][  0]LogSlate: Updating window title bar state: overlay mode, drag disabled, window buttons hidden, title bar hidden
[2018.12.10-18.09.57:289][  0]LogSlate: Updating window title bar state: overlay mode, drag disabled, window buttons hidden, title bar hidden
[2018.12.10-18.09.57:300][  0]LogCollectionManager: Loaded 0 collections in 0.001475 seconds
[2018.12.10-18.09.57:398][  0]LogFileCache: Scanning file cache for directory 'D:/GitHub/TGP_PairProject/TGP_Project/Saved/Collections/' took 0.01s
[2018.12.10-18.09.57:398][  0]LogFileCache: Scanning file cache for directory 'D:/GitHub/TGP_PairProject/TGP_Project/Content/Developers/blued/Collections/' took 0.01s
[2018.12.10-18.09.57:398][  0]LogFileCache: Scanning file cache for directory 'D:/GitHub/TGP_PairProject/TGP_Project/Content/Collections/' took 0.01s
[2018.12.10-18.09.57:398][  0]LogCollectionManager: Rebuilt the GUID cache for 0 collections in 0.000001 seconds
[2018.12.10-18.09.57:417][  0]LogContentBrowser: Native class hierarchy populated in 0.0183 seconds. Added 2585 classes and 606 folders.
[2018.12.10-18.09.57:428][  0]LogContentBrowser: Native class hierarchy updated for 'WidgetCarousel' in 0.0005 seconds. Added 0 classes and 0 folders.
[2018.12.10-18.09.57:551][  0]LogContentBrowser: Native class hierarchy updated for 'AddContentDialog' in 0.0004 seconds. Added 0 classes and 0 folders.
[2018.12.10-18.09.57:567][  0]LogContentBrowser: Native class hierarchy updated for 'SceneOutliner' in 0.0005 seconds. Added 1 classes and 2 folders.
[2018.12.10-18.09.57:654][  0]LogSlate: Took 0.001098 seconds to synchronously load lazily loaded font '../../../Engine/Content/Slate/Fonts/Roboto-Regular.ttf' (155K)
[2018.12.10-18.09.57:658][  0]LogSlate: Took 0.000913 seconds to synchronously load lazily loaded font '../../../Engine/Content/Slate/Fonts/Roboto-Bold.ttf' (160K)
[2018.12.10-18.09.57:667][  0]LogSlate: Took 0.000927 seconds to synchronously load lazily loaded font '../../../Engine/Content/Editor/Slate/Fonts/FontAwesome.ttf' (139K)
[2018.12.10-18.09.57:801][  0]LogRenderer: Reallocating scene render targets to support 1208x552 Format 10 NumSamples 1 (Frame:1).
[2018.12.10-18.09.57:898][  0]LogSlate: Took 0.000971 seconds to synchronously load lazily loaded font '../../../Engine/Content/Slate/Fonts/Roboto-Light.ttf' (167K)
[2018.12.10-18.09.58:028][  0]LogContentBrowser: Native class hierarchy updated for 'HierarchicalLODOutliner' in 0.0005 seconds. Added 0 classes and 0 folders.
[2018.12.10-18.09.58:028][  0]LogLoad: (Engine Initialization) Total time: 16.14 seconds
[2018.12.10-18.09.58:028][  0]LogLoad: (Engine Initialization) Total Blueprint compile time: 0.00 seconds
[2018.12.10-18.09.58:039][  0]LogWindowsTextInputMethodSystem: Display: IME system now deactivated.
[2018.12.10-18.09.58:109][  0]LogContentStreaming: Texture pool size now 1000 MB
[2018.12.10-18.09.58:163][  1]LogFileCache: Retrieving MD5 hashes for directory 'D:/GitHub/TGP_PairProject/TGP_Project/Content/' took 0.11s
[2018.12.10-18.09.58:215][  2]LogAssetRegistry: Asset discovery search completed in 8.7617 seconds
[2018.12.10-18.09.58:219][  2]LogCollectionManager: Rebuilt the object cache for 0 collections in 0.000001 seconds (found 0 objects)
[2018.12.10-18.09.58:219][  2]LogCollectionManager: Fixed up redirectors for 0 collections in 0.000333 seconds (updated 0 objects)
[2018.12.10-18.10.01:243][273]LogSlate: Took 0.000405 seconds to synchronously load lazily loaded font '../../../Engine/Content/Slate/Fonts/Roboto-Light.ttf' (167K)
[2018.12.10-18.12.19:069][ 12]LogSlate: FSceneViewport::OnFocusLost() reason 0
[2018.12.10-18.12.19:119][ 18]MapCheck: New page: Map Check
[2018.12.10-18.12.19:182][ 18]Cmd: MAP REBUILD ALLVISIBLE
[2018.12.10-18.12.19:182][ 18]LogEditorServer: Rebuildmap Clear paths rebuilt
[2018.12.10-18.12.19:473][ 18]LogMaterial: Display: Missing cached shader map for material FDebugViewModeMaterialProxy DefaultMaterial, compiling. 
[2018.12.10-18.12.20:186][ 18]LogShaderCompilers: Display: Shaders left to compile 1
[2018.12.10-18.12.20:186][ 18]TextureStreamingBuild: Display: Compiling optional shaders took 0.720 seconds.
[2018.12.10-18.12.20:191][ 18]LogLevel: Display: Export Material TexCoord Scales took 0.005 seconds.
[2018.12.10-18.12.20:202][ 18]TextureStreamingBuild: Display: Build Texture Streaming took 0.010 seconds.
[2018.12.10-18.12.20:334][ 18]LightingResults: New page: Lighting Build - 10 Dec 2018 18:12:20
[2018.12.10-18.12.20:418][ 18]LogSwarmInterface: [OpenConnection] Registering TCP channel ...
[2018.12.10-18.12.20:561][ 18]LogSwarmInterface: [OpenConnection] Connecting to agent ...
[2018.12.10-18.12.20:588][ 18]LogSwarmInterface: [TryOpenConnection] Testing the Agent
[2018.12.10-18.12.21:609][ 18]LogSwarmInterface: [TryOpenConnection] Opening Connection to Agent
[2018.12.10-18.12.21:610][ 18]LogSwarmInterface: [TryOpenConnection] Local Process ID is 6620
[2018.12.10-18.12.23:841][ 18]LogStaticLightingSystem: Warning: No importance volume found, so the scene bounding box was used.  You can optimize your scene's quality and lighting build times by adding importance volumes.
[2018.12.10-18.12.23:842][ 18]LogStaticLightingSystem: Running Lightmass w/ ImmediateImport mode ENABLED
[2018.12.10-18.12.23:842][ 18]LogStaticLightingSystem: Running Lightmass w/ ImmediateProcess mode ENABLED
[2018.12.10-18.12.23:842][ 18]LogStaticLightingSystem: Running Lightmass w/ Sorting mode ENABLED
[2018.12.10-18.12.23:842][ 18]LogStaticLightingSystem: Running Lightmass w/ Mapping paddings ENABLED
[2018.12.10-18.12.23:843][ 18]LogStaticLightingSystem: Running Lightmass w/ Mapping debug paddings DISABLED
[2018.12.10-18.12.24:016][ 18]Cmd: MAP CHECK DONTDISPLAYDIALOG
[2018.12.10-18.12.24:016][ 18]MapCheck: New page: BaseLevel - 10 Dec 2018 18:12:24
[2018.12.10-18.12.24:017][ 18]MapCheck: Error: WorldSettings_1 Maps need lighting rebuilt 
[2018.12.10-18.12.24:168][ 18]MapCheck: Map check complete: 1 Error(s), 0 Warning(s), took 152.112ms to complete.
[2018.12.10-18.12.24:194][ 18]LogEditorBuildUtils: Build time 0:05
[2018.12.10-18.12.26:236][113]Job is a success!
[2018.12.10-18.12.26:409][114]LogVolumetricLightmapImport: Imported Volumetric Lightmap in 0.033s
[2018.12.10-18.12.26:409][114]LogVolumetricLightmapImport:      Indirection Texture 16x16x16 = 0.0Mb
[2018.12.10-18.12.26:409][114]LogVolumetricLightmapImport:      BrickData 365x5x5 = 0.3Mb (trimmed 0.0Mb due to 0.010000 MinBrickError)
[2018.12.10-18.12.26:409][114]LogVolumetricLightmapImport:      Bricks at Level
[2018.12.10-18.12.26:409][114]LogVolumetricLightmapImport:          0: 1.4% covering 100.0% of volume
[2018.12.10-18.12.26:410][114]LogVolumetricLightmapImport:          1: 12.3% covering 14.1% of volume
[2018.12.10-18.12.26:410][114]LogVolumetricLightmapImport:          2: 86.3% covering 1.5% of volume
[2018.12.10-18.12.26:456][114]LogTexture: Display: Building textures: HQ_Lightmap0_1 (AutoDXT, 256X256)
[2018.12.10-18.12.26:456][114]LogTexture: Display: Building textures: LQ_Lightmap_0_1 (DXT1, 256X256)
[2018.12.10-18.12.26:457][114]LogTexture: Display: Building textures: ShadowMapTexture2D_0 (G8, 128X128)
[2018.12.10-18.12.26:515][114]Lightmass on DESKTOP-JAN50R2: 1.21 sec total, 116 ms importing, 4 ms setup, 414 ms photons, 624 ms processing, 0 ms extra exporting [1/1 mappings]. Threads: 4.15 sec total, 244 ms processing.
[2018.12.10-18.12.26:662][114]LogStaticLightingSystem: Illumination: 6.26 sec (11 ms encoding lightmaps, 12 ms encoding shadowmaps)
[2018.12.10-18.12.26:663][114]LogStaticLightingSystem: Lightmap texture memory:  0.1 MB (0.1 MB streaming, 0.0 MB non-streaming), 2 textures
[2018.12.10-18.12.26:663][114]LogStaticLightingSystem: Shadowmap texture memory: 0.0 MB (0.0 MB streaming, 0.0 MB non-streaming), 1 textures
[2018.12.10-18.12.26:857][114]DumpUnbuiltLightIteractions
[2018.12.10-18.12.26:857][114]Lights with unbuilt interactions: 0
[2018.12.10-18.12.26:857][114]
[2018.12.10-18.12.26:857][114]Primitives with unbuilt interactions: 0
[2018.12.10-18.12.26:929][115]Cmd: MAP CHECK NOTIFYRESULTS
[2018.12.10-18.12.26:929][115]MapCheck: New page: BaseLevel - 10 Dec 2018 18:12:26
[2018.12.10-18.12.27:105][115]MapCheck: Map check complete: 0 Error(s), 0 Warning(s), took 175.847ms to complete.
[2018.12.10-18.12.27:433][152]LogSlate: Window 'Message Log' being destroyed
[2018.12.10-18.12.28:982][326]AssetReimport: New page: Outstanding source content changes 18:12:28
[2018.12.10-18.12.29:002][327]LogFactory: FactoryCreateFile: SoundWave with ReimportSoundFactory (0 0 D:/GitHub/TGP_PairProject/TGP_Project/Content/SoundEffects/GunShot_SE.wav)
[2018.12.10-18.12.29:097][327]Cmd: OBJ SAVEPACKAGE PACKAGE="/Game/SoundEffects/GunShot_SE" FILE="D:/GitHub/TGP_PairProject/TGP_Project/Content/SoundEffects/GunShot_SE.uasset" SILENT=true
[2018.12.10-18.12.29:107][327]LogSavePackage: Moving 'D:/GitHub/TGP_PairProject/TGP_Project/Saved/GunShot_SE6002726E44834CB570EE96A174C5091F.tmp' to 'D:/GitHub/TGP_PairProject/TGP_Project/Content/SoundEffects/GunShot_SE.uasset'
[2018.12.10-18.12.32:126][668]AssetReimport: Importing new asset /Game/SoundEffects/GunShot_SE.
[2018.12.10-18.12.43:652][648]LogAudioDerivedData: Display: Building compressed audio format OGG hash OGG wave GunShot_SE...
[2018.12.10-18.12.43:652][648]LogTemp: Couldn't find amount to resample to.
[2018.12.10-18.12.43:738][648]LogAudioDerivedData: Display: Updated SoundWave->RawPCMDataSize from 0 to 413440 while cooking SoundWave /Game/SoundEffects/GunShot_SE.GunShot_SE.
[2018.12.10-18.13.21:956][367]LogAssetEditorManager: Opening Asset editor for Blueprint /Game/Blueprints/PlayerCharacter.PlayerCharacter
[2018.12.10-18.13.22:823][367]LogContentBrowser: Native class hierarchy updated for 'BlueprintGraph' in 0.0011 seconds. Added 116 classes and 0 folders.
[2018.12.10-18.13.24:076][367]LogSlate: Took 0.002611 seconds to synchronously load lazily loaded font '../../../Engine/Content/Slate/Fonts/Roboto-BoldCondensed.ttf' (158K)
[2018.12.10-18.13.37:213][901]LogSlate: Took 0.001090 seconds to synchronously load lazily loaded font '../../../Engine/Content/Slate/Fonts/Roboto-Italic.ttf' (157K)
[2018.12.10-18.19.59:403][366]Cmd: OBJ SAVEPACKAGE PACKAGE="/Game/Levels/BaseLevel" FILE="D:/GitHub/TGP_PairProject/TGP_Project/Saved/Autosaves/Game/Levels/BaseLevel_Auto1.umap" SILENT=true AUTOSAVING=true KEEPDIRTY=false
[2018.12.10-18.19.59:475][366]LogSavePackage: Moving 'D:/GitHub/TGP_PairProject/TGP_Project/Saved/BaseLevel_Auto1DA4FE6454F0D863FBC6F719C25A3A7E4.tmp' to 'D:/GitHub/TGP_PairProject/TGP_Project/Saved/Autosaves/Game/Levels/BaseLevel_Auto1.umap'
[2018.12.10-18.19.59:479][366]LogFileHelpers: Editor autosave (incl. sublevels) for '/Game/Levels/BaseLevel' took 0.161
[2018.12.10-18.19.59:479][366]LogFileHelpers: Editor autosave (incl. sublevels) for all levels took 0.161
[2018.12.10-18.19.59:507][366]OBJ SavePackage: Generating thumbnails for [0] asset(s) in package [/Game/Levels/BaseLevel_BuiltData] ([1] browsable assets)...
[2018.12.10-18.19.59:507][366]OBJ SavePackage: Finished generating thumbnails for package [/Game/Levels/BaseLevel_BuiltData]
[2018.12.10-18.19.59:508][366]Cmd: OBJ SAVEPACKAGE PACKAGE="/Game/Levels/BaseLevel_BuiltData" FILE="D:/GitHub/TGP_PairProject/TGP_Project/Saved/Autosaves/Game/Levels/BaseLevel_BuiltData_Auto1.uasset" SILENT=false AUTOSAVING=true
[2018.12.10-18.19.59:535][366]LogSavePackage: Moving 'D:/GitHub/TGP_PairProject/TGP_Project/Saved/BaseLevel_BuiltData_Auto12D4A046A4F754AE411F244A56F0E3275.tmp' to 'D:/GitHub/TGP_PairProject/TGP_Project/Saved/Autosaves/Game/Levels/BaseLevel_BuiltData_Auto1.uasset'
[2018.12.10-18.19.59:537][366]LogFileHelpers: Auto-saving content packages took 0.056
